/videos/7c059816-df78-2ae9-2cd2-753e6de3f38e/hls1/main/0.ts

{"Protocol":0,"Id":"7c059816df782ae92cd2753e6de3f38e","Path":"/data/shows/Caminandes Llamigos/S01E01.mkv","EncoderPath":null,"EncoderProtocol":null,"Type":0,"Container":"mkv,webm","Size":575902,"Name":"S01E01","IsRemote":false,"ETag":"3ffe48981d525a602ae850fa45240a77","RunTimeTicks":1500420000,"ReadAtNativeFramerate":false,"IgnoreDts":false,"IgnoreIndex":false,"GenPtsInput":false,"SupportsTranscoding":true,"SupportsDirectStream":true,"SupportsDirectPlay":true,"IsInfiniteStream":false,"RequiresOpening":false,"OpenToken":null,"RequiresClosing":false,"LiveStreamId":null,"BufferMs":null,"RequiresLooping":false,"SupportsProbing":true,"VideoType":0,"IsoType":null,"Video3DFormat":null,"MediaStreams":[{"Codec":"hevc","CodecTag":null,"Language":null,"ColorRange":null,"ColorSpace":null,"ColorTransfer":null,"ColorPrimaries":null,"DvVersionMajor":null,"DvVersionMinor":null,"DvProfile":null,"DvLevel":null,"RpuPresentFlag":null,"ElPresentFlag":null,"BlPresentFlag":null,"DvBlSignalCompatibilityId":null,"Comment":null,"TimeBase":"1/1000","CodecTimeBase":null,"Title":null,"VideoRange":"SDR","VideoRangeType":"SDR","VideoDoViTitle":null,"LocalizedUndefined":null,"LocalizedDefault":null,"LocalizedForced":null,"LocalizedExternal":null,"DisplayTitle":"144p HEVC SDR","NalLengthSize":null,"IsInterlaced":false,"IsAVC":null,"ChannelLayout":null,"BitRate":30706,"BitDepth":8,"RefFrames":1,"PacketLength":null,"Channels":null,"SampleRate":null,"IsDefault":true,"IsForced":false,"Height":144,"Width":256,"AverageFrameRate":24,"RealFrameRate":24,"Profile":"Main","Type":1,"AspectRatio":"16:9","Index":0,"Score":null,"IsExternal":false,"DeliveryMethod":null,"DeliveryUrl":null,"IsExternalUrl":null,"IsTextSubtitleStream":false,"SupportsExternalStream":false,"Path":null,"PixelFormat":"yuv420p","Level":60,"IsAnamorphic":null}],"MediaAttachments":[],"Formats":[],"Bitrate":30706,"Timestamp":null,"RequiredHttpHeaders":{},"TranscodingUrl":null,"TranscodingSubProtocol":null,"TranscodingContainer":null,"AnalyzeDurationMs":null,"DefaultAudioStreamIndex":null,"DefaultSubtitleStreamIndex":null}

/usr/lib/jellyfin-ffmpeg/ffmpeg -analyzeduration 200M -f matroska,webm -autorotate 0 -i file:"/data/shows/Caminandes Llamigos/S01E01.mkv" -map_metadata -1 -map_chapters -1 -threads 0 -map 0:0 -map -0:a -map -0:s -codec:v:0 libx264 -preset veryfast -crf 23 -maxrate 307060 -bufsize 614120 -x264opts:0 subme=0:me_range=4:rc_lookahead=10:me=dia:no_chroma_me:8x8dct=0:partitions=none -force_key_frames:0 "expr:gte(t,0+n_forced*3)" -sc_threshold:v:0 0 -vf "setparams=color_primaries=bt709:color_trc=bt709:colorspace=bt709,scale=trunc(min(max(iw\,ih*a)\,min(256\,144*a))/2)*2:trunc(min(max(iw/a\,ih)\,min(256/a\,144))/2)*2,format=yuv420p"  -copyts -avoid_negative_ts disabled -max_muxing_queue_size 2048 -f hls -max_delay 5000000 -hls_time 3 -hls_segment_type mpegts -start_number 0 -hls_segment_filename "/config/data/transcodes/9bf1bb8426c49ce733240ebfbd94f50a%d.ts" -hls_playlist_type vod -hls_list_size 0 -y "/config/data/transcodes/9bf1bb8426c49ce733240ebfbd94f50a.m3u8"


ffmpeg version 5.1.3-Jellyfin Copyright (c) 2000-2022 the FFmpeg developers
  built with gcc 11 (Ubuntu 11.4.0-1ubuntu1~22.04)
  configuration: --prefix=/usr/lib/jellyfin-ffmpeg --target-os=linux --extra-libs=-lfftw3f --extra-version=Jellyfin --disable-doc --disable-ffplay --disable-ptx-compression --disable-static --disable-libxcb --disable-sdl2 --disable-xlib --enable-lto --enable-gpl --enable-version3 --enable-shared --enable-gmp --enable-gnutls --enable-chromaprint --enable-libdrm --enable-libass --enable-libfreetype --enable-libfribidi --enable-libfontconfig --enable-libbluray --enable-libmp3lame --enable-libopus --enable-libtheora --enable-libvorbis --enable-libopenmpt --enable-libdav1d --enable-libwebp --enable-libvpx --enable-libx264 --enable-libx265 --enable-libzvbi --enable-libzimg --enable-libfdk-aac --arch=amd64 --enable-libsvtav1 --enable-libshaderc --enable-libplacebo --enable-vulkan --enable-opencl --enable-vaapi --enable-amf --enable-libmfx --enable-ffnvcodec --enable-cuda --enable-cuda-llvm --enable-cuvid --enable-nvdec --enable-nvenc
  libavutil      57. 28.100 / 57. 28.100
  libavcodec     59. 37.100 / 59. 37.100
  libavformat    59. 27.100 / 59. 27.100
  libavdevice    59.  7.100 / 59.  7.100
  libavfilter     8. 44.100 /  8. 44.100
  libswscale      6.  7.100 /  6.  7.100
  libswresample   4.  7.100 /  4.  7.100
  libpostproc    56.  6.100 / 56.  6.100
Input #0, matroska,webm, from 'file:/data/shows/Caminandes Llamigos/S01E01.mkv':
  Metadata:
    COMPATIBLE_BRANDS: isomiso2avc1mp41
    MAJOR_BRAND     : isom
    MINOR_VERSION   : 512
    ENCODER         : Lavf59.27.100
  Duration: 00:02:30.04, start: 0.000000, bitrate: 30 kb/s
  Stream #0:0: Video: hevc (Main), yuv420p(tv, progressive), 256x144 [SAR 1:1 DAR 16:9], 24 fps, 24 tbr, 1k tbn (default)
    Metadata:
      HANDLER_NAME    : VideoHandler
      VENDOR_ID       : [0][0][0][0]
      ENCODER         : Lavc59.37.100 libx265
      DURATION        : 00:02:30.042000000
Stream mapping:
  Stream #0:0 -> #0:0 (hevc (native) -> h264 (libx264))
Press [q] to stop, [?] for help
[libx264 @ 0x5583f6ba1b80] using SAR=1/1
[libx264 @ 0x5583f6ba1b80] using cpu capabilities: MMX2 SSE2Fast SSSE3 SSE4.2 AVX FMA3 BMI2 AVX2
[libx264 @ 0x5583f6ba1b80] profile Main, level 1.2, 4:2:0, 8-bit
[libx264 @ 0x5583f6ba1b80] 264 - core 163 r3060 5db6aa6 - H.264/MPEG-4 AVC codec - Copyleft 2003-2021 - http://www.videolan.org/x264.html - options: cabac=1 ref=1 deblock=1:0:0 analyse=0x1:0 me=dia subme=0 psy=1 psy_rd=1.00:0.00 mixed_ref=0 me_range=4 chroma_me=0 trellis=0 8x8dct=0 cqm=0 deadzone=21,11 fast_pskip=1 chroma_qp_offset=0 threads=4 lookahead_threads=1 sliced_threads=0 nr=0 decimate=1 interlaced=0 bluray_compat=0 constrained_intra=0 bframes=3 b_pyramid=2 b_adapt=1 b_bias=0 direct=1 weightb=1 open_gop=0 weightp=1 keyint=250 keyint_min=24 scenecut=0 intra_refresh=0 rc_lookahead=10 rc=crf mbtree=1 crf=23.0 qcomp=0.60 qpmin=0 qpmax=69 qpstep=4 vbv_maxrate=307 vbv_bufsize=614 crf_max=0.0 nal_hrd=none filler=0 ip_ratio=1.40 aq=1:1.00
Output #0, hls, to '/config/data/transcodes/9bf1bb8426c49ce733240ebfbd94f50a.m3u8':
  Metadata:
    encoder         : Lavf59.27.100
  Stream #0:0: Video: h264, yuv420p(tv, bt709, progressive), 256x144 [SAR 1:1 DAR 16:9], q=2-31, 24 fps, 90k tbn (default)
    Metadata:
      encoder         : Lavc59.37.100 libx264
    Side data:
      cpb: bitrate max/min/avg: 307000/0/0 buffer size: 614000 vbv_delay: N/A
frame=    1 fps=0.0 q=0.0 size=N/A time=00:00:00.00 bitrate=N/A speed=   0x    
[hls @ 0x5583f6ba0380] Opening '/config/data/transcodes/9bf1bb8426c49ce733240ebfbd94f50a0.ts' for writing
[hls @ 0x5583f6ba0380] Opening '/config/data/transcodes/9bf1bb8426c49ce733240ebfbd94f50a1.ts' for writing
[hls @ 0x5583f6ba0380] Opening '/config/data/transcodes/9bf1bb8426c49ce733240ebfbd94f50a2.ts' for writing
[hls @ 0x5583f6ba0380] Opening '/config/data/transcodes/9bf1bb8426c49ce733240ebfbd94f50a3.ts' for writing
[hls @ 0x5583f6ba0380] Opening '/config/data/transcodes/9bf1bb8426c49ce733240ebfbd94f50a4.ts' for writing
[hls @ 0x5583f6ba0380] Opening '/config/data/transcodes/9bf1bb8426c49ce733240ebfbd94f50a5.ts' for writing
[hls @ 0x5583f6ba0380] Opening '/config/data/transcodes/9bf1bb8426c49ce733240ebfbd94f50a6.ts' for writing
[hls @ 0x5583f6ba0380] Opening '/config/data/transcodes/9bf1bb8426c49ce733240ebfbd94f50a7.ts' for writing
[hls @ 0x5583f6ba0380] Opening '/config/data/transcodes/9bf1bb8426c49ce733240ebfbd94f50a8.ts' for writing
[hls @ 0x5583f6ba0380] Opening '/config/data/transcodes/9bf1bb8426c49ce733240ebfbd94f50a9.ts' for writing
[hls @ 0x5583f6ba0380] Opening '/config/data/transcodes/9bf1bb8426c49ce733240ebfbd94f50a10.ts' for writing
[hls @ 0x5583f6ba0380] Opening '/config/data/transcodes/9bf1bb8426c49ce733240ebfbd94f50a11.ts' for writing
[hls @ 0x5583f6ba0380] Opening '/config/data/transcodes/9bf1bb8426c49ce733240ebfbd94f50a12.ts' for writing
[hls @ 0x5583f6ba0380] Opening '/config/data/transcodes/9bf1bb8426c49ce733240ebfbd94f50a13.ts' for writing
[hls @ 0x5583f6ba0380] Opening '/config/data/transcodes/9bf1bb8426c49ce733240ebfbd94f50a14.ts' for writing
[hls @ 0x5583f6ba0380] Opening '/config/data/transcodes/9bf1bb8426c49ce733240ebfbd94f50a15.ts' for writing
[hls @ 0x5583f6ba0380] Opening '/config/data/transcodes/9bf1bb8426c49ce733240ebfbd94f50a16.ts' for writing
[hls @ 0x5583f6ba0380] Opening '/config/data/transcodes/9bf1bb8426c49ce733240ebfbd94f50a17.ts' for writing
[hls @ 0x5583f6ba0380] Opening '/config/data/transcodes/9bf1bb8426c49ce733240ebfbd94f50a18.ts' for writing
[hls @ 0x5583f6ba0380] Opening '/config/data/transcodes/9bf1bb8426c49ce733240ebfbd94f50a19.ts' for writing
[hls @ 0x5583f6ba0380] Opening '/config/data/transcodes/9bf1bb8426c49ce733240ebfbd94f50a20.ts' for writing
[hls @ 0x5583f6ba0380] Opening '/config/data/transcodes/9bf1bb8426c49ce733240ebfbd94f50a21.ts' for writing
[hls @ 0x5583f6ba0380] Opening '/config/data/transcodes/9bf1bb8426c49ce733240ebfbd94f50a22.ts' for writing
[hls @ 0x5583f6ba0380] Opening '/config/data/transcodes/9bf1bb8426c49ce733240ebfbd94f50a23.ts' for writing
[hls @ 0x5583f6ba0380] Opening '/config/data/transcodes/9bf1bb8426c49ce733240ebfbd94f50a24.ts' for writing
[hls @ 0x5583f6ba0380] Opening '/config/data/transcodes/9bf1bb8426c49ce733240ebfbd94f50a25.ts' for writing
[hls @ 0x5583f6ba0380] Opening '/config/data/transcodes/9bf1bb8426c49ce733240ebfbd94f50a26.ts' for writing
[hls @ 0x5583f6ba0380] Opening '/config/data/transcodes/9bf1bb8426c49ce733240ebfbd94f50a27.ts' for writing
[hls @ 0x5583f6ba0380] Opening '/config/data/transcodes/9bf1bb8426c49ce733240ebfbd94f50a28.ts' for writing
[hls @ 0x5583f6ba0380] Opening '/config/data/transcodes/9bf1bb8426c49ce733240ebfbd94f50a29.ts' for writing
[hls @ 0x5583f6ba0380] Opening '/config/data/transcodes/9bf1bb8426c49ce733240ebfbd94f50a30.ts' for writing
[hls @ 0x5583f6ba0380] Opening '/config/data/transcodes/9bf1bb8426c49ce733240ebfbd94f50a31.ts' for writing
[hls @ 0x5583f6ba0380] Opening '/config/data/transcodes/9bf1bb8426c49ce733240ebfbd94f50a32.ts' for writing
[hls @ 0x5583f6ba0380] Opening '/config/data/transcodes/9bf1bb8426c49ce733240ebfbd94f50a33.ts' for writing
[hls @ 0x5583f6ba0380] Opening '/config/data/transcodes/9bf1bb8426c49ce733240ebfbd94f50a34.ts' for writing
[hls @ 0x5583f6ba0380] Opening '/config/data/transcodes/9bf1bb8426c49ce733240ebfbd94f50a35.ts' for writing
[hls @ 0x5583f6ba0380] Opening '/config/data/transcodes/9bf1bb8426c49ce733240ebfbd94f50a36.ts' for writing
[hls @ 0x5583f6ba0380] Opening '/config/data/transcodes/9bf1bb8426c49ce733240ebfbd94f50a37.ts' for writing
[hls @ 0x5583f6ba0380] Opening '/config/data/transcodes/9bf1bb8426c49ce733240ebfbd94f50a38.ts' for writing
[hls @ 0x5583f6ba0380] Opening '/config/data/transcodes/9bf1bb8426c49ce733240ebfbd94f50a39.ts' for writing
[hls @ 0x5583f6ba0380] Opening '/config/data/transcodes/9bf1bb8426c49ce733240ebfbd94f50a40.ts' for writing
[hls @ 0x5583f6ba0380] Opening '/config/data/transcodes/9bf1bb8426c49ce733240ebfbd94f50a41.ts' for writing
[hls @ 0x5583f6ba0380] Opening '/config/data/transcodes/9bf1bb8426c49ce733240ebfbd94f50a42.ts' for writing
[hls @ 0x5583f6ba0380] Opening '/config/data/transcodes/9bf1bb8426c49ce733240ebfbd94f50a43.ts' for writing
[hls @ 0x5583f6ba0380] Opening '/config/data/transcodes/9bf1bb8426c49ce733240ebfbd94f50a44.ts' for writing
[hls @ 0x5583f6ba0380] Opening '/config/data/transcodes/9bf1bb8426c49ce733240ebfbd94f50a45.ts' for writing
[hls @ 0x5583f6ba0380] Opening '/config/data/transcodes/9bf1bb8426c49ce733240ebfbd94f50a46.ts' for writing
[hls @ 0x5583f6ba0380] Opening '/config/data/transcodes/9bf1bb8426c49ce733240ebfbd94f50a47.ts' for writing
[hls @ 0x5583f6ba0380] Opening '/config/data/transcodes/9bf1bb8426c49ce733240ebfbd94f50a48.ts' for writing
[hls @ 0x5583f6ba0380] Opening '/config/data/transcodes/9bf1bb8426c49ce733240ebfbd94f50a49.ts' for writing
[hls @ 0x5583f6ba0380] Opening '/config/data/transcodes/9bf1bb8426c49ce733240ebfbd94f50a50.ts' for writing
frame= 3601 fps=0.0 q=-1.0 Lsize=N/A time=00:00:00.00 bitrate=N/A speed=   0x    
video:2293kB audio:0kB subtitle:0kB other streams:0kB global headers:0kB muxing overhead: unknown
[libx264 @ 0x5583f6ba1b80] frame I:51    Avg QP:20.01  size:  4539
[libx264 @ 0x5583f6ba1b80] frame P:1256  Avg QP:23.95  size:  1151
[libx264 @ 0x5583f6ba1b80] frame B:2294  Avg QP:27.04  size:   292
[libx264 @ 0x5583f6ba1b80] consecutive B-frames:  8.3% 16.9%  9.9% 64.9%
[libx264 @ 0x5583f6ba1b80] mb I  I16..4: 12.8%  0.0% 87.2%
[libx264 @ 0x5583f6ba1b80] mb P  I16..4: 13.5%  0.0%  0.0%  P16..4: 42.4%  0.0%  0.0%  0.0%  0.0%    skip:44.1%
[libx264 @ 0x5583f6ba1b80] mb B  I16..4:  1.8%  0.0%  0.0%  B16..8: 19.1%  0.0%  0.0%  direct: 5.3%  skip:73.8%  L0:35.0% L1:40.0% BI:25.0%
[libx264 @ 0x5583f6ba1b80] coded y,uvDC,uvAC intra: 61.7% 70.0% 34.8% inter: 14.6% 11.1% 1.3%
[libx264 @ 0x5583f6ba1b80] i16 v,h,dc,p: 21% 40% 19% 19%
[libx264 @ 0x5583f6ba1b80] i4 v,h,dc,ddl,ddr,vr,hd,vl,hu: 14% 31% 12%  7%  7%  5%  9%  5% 11%
[libx264 @ 0x5583f6ba1b80] i8c dc,h,v,p: 38% 30% 18% 14%
[libx264 @ 0x5583f6ba1b80] Weighted P-Frames: Y:9.3% UV:5.6%
[libx264 @ 0x5583f6ba1b80] kb/s:125.15