[2023-12-06 19:21:22.492 +00:00] [INF] [1] Main: Jellyfin version: "10.8.12"
[2023-12-06 19:21:22.504 +00:00] [INF] [1] Main: Environment Variables: ["[JELLYFIN_WEB_DIR, /usr/share/jellyfin/web]", "[JELLYFIN_LOG_DIR, /config/log]", "[JELLYFIN_CACHE_DIR, /config/cache]", "[JELLYFIN_DATA_DIR, /config/data]", "[JELLYFIN_CONFIG_DIR, /config]"]
[2023-12-06 19:21:22.506 +00:00] [INF] [1] Main: Arguments: ["/usr/lib/jellyfin/bin/jellyfin.dll", "--ffmpeg=/usr/lib/jellyfin-ffmpeg/ffmpeg"]
[2023-12-06 19:21:22.506 +00:00] [INF] [1] Main: Operating system: "Linux"
[2023-12-06 19:21:22.506 +00:00] [INF] [1] Main: Architecture: X64
[2023-12-06 19:21:22.507 +00:00] [INF] [1] Main: 64-Bit Process: True
[2023-12-06 19:21:22.507 +00:00] [INF] [1] Main: User Interactive: True
[2023-12-06 19:21:22.507 +00:00] [INF] [1] Main: Processor count: 32
[2023-12-06 19:21:22.507 +00:00] [INF] [1] Main: Program data path: "/config/data"
[2023-12-06 19:21:22.507 +00:00] [INF] [1] Main: Web resources path: "/usr/share/jellyfin/web"
[2023-12-06 19:21:22.507 +00:00] [INF] [1] Main: Application directory: "/usr/lib/jellyfin/bin/"
[2023-12-06 19:21:22.604 +00:00] [INF] [1] Emby.Server.Implementations.AppBase.BaseConfigurationManager: Setting cache path: "/config/cache"
[2023-12-06 19:21:22.620 +00:00] [INF] [1] Emby.Server.Implementations.ApplicationHost: Loading assemblies
[2023-12-06 19:21:22.688 +00:00] [INF] [1] Jellyfin.Networking.Manager.NetworkManager: Defined LAN addresses : "[10.0.0.0/8,172.16.0.0/12,192.168.0.0/16]"
[2023-12-06 19:21:22.688 +00:00] [INF] [1] Jellyfin.Networking.Manager.NetworkManager: Defined LAN exclusions : "[]"
[2023-12-06 19:21:22.689 +00:00] [INF] [1] Jellyfin.Networking.Manager.NetworkManager: Using LAN addresses: "[10.0.0.0/8,172.16.0.0/12,192.168.0.0/16]"
[2023-12-06 19:21:22.692 +00:00] [INF] [1] Jellyfin.Networking.Manager.NetworkManager: Using bind addresses: "[]"
[2023-12-06 19:21:22.692 +00:00] [INF] [1] Jellyfin.Networking.Manager.NetworkManager: Using bind exclusions: "[]"
[2023-12-06 19:21:23.729 +00:00] [INF] [1] Emby.Server.Implementations.Plugins.PluginManager: Loaded plugin: "TMDb" "10.8.12.0"
[2023-12-06 19:21:23.729 +00:00] [INF] [1] Emby.Server.Implementations.Plugins.PluginManager: Loaded plugin: "Studio Images" "10.8.12.0"
[2023-12-06 19:21:23.729 +00:00] [INF] [1] Emby.Server.Implementations.Plugins.PluginManager: Loaded plugin: "OMDb" "10.8.12.0"
[2023-12-06 19:21:23.729 +00:00] [INF] [1] Emby.Server.Implementations.Plugins.PluginManager: Loaded plugin: "MusicBrainz" "10.8.12.0"
[2023-12-06 19:21:23.729 +00:00] [INF] [1] Emby.Server.Implementations.Plugins.PluginManager: Loaded plugin: "AudioDB" "10.8.12.0"
[2023-12-06 19:21:23.764 +00:00] [INF] [1] Main: Kestrel listening on "Any IP4 Address"
[2023-12-06 19:21:23.806 +00:00] [WRN] [1] Microsoft.AspNetCore.DataProtection.Repositories.EphemeralXmlRepository: Using an in-memory repository. Keys will not be persisted to storage.
[2023-12-06 19:21:23.806 +00:00] [WRN] [1] Microsoft.AspNetCore.DataProtection.KeyManagement.XmlKeyManager: Neither user profile nor HKLM registry available. Using an ephemeral key repository. Protected data will be unavailable when application exits.
[2023-12-06 19:21:23.940 +00:00] [WRN] [1] Microsoft.AspNetCore.DataProtection.KeyManagement.XmlKeyManager: No XML encryptor configured. Key {841ed9a0-a5a0-4165-ad65-528088ae4ed3} may be persisted to storage in unencrypted form.
[2023-12-06 19:21:23.953 +00:00] [INF] [1] Emby.Server.Implementations.ApplicationHost: Running startup tasks
[2023-12-06 19:21:23.979 +00:00] [INF] [1] Emby.Server.Implementations.ScheduledTasks.TaskManager: Daily trigger for "Extract Chapter Images" set to fire at 2023-12-07 02:00:00.000 +00:00, which is 06:38:36.0205075 from now.
[2023-12-06 19:21:24.060 +00:00] [INF] [1] MediaBrowser.MediaEncoding.Encoder.MediaEncoder: Found ffmpeg version "5.1.3"
[2023-12-06 19:21:24.085 +00:00] [INF] [1] MediaBrowser.MediaEncoding.Encoder.MediaEncoder: Available "decoders": ["libdav1d", "av1", "av1_cuvid", "av1_qsv", "h264", "h264_qsv", "h264_cuvid", "hevc", "hevc_qsv", "hevc_cuvid", "mpeg2video", "mpeg2_qsv", "mpeg2_cuvid", "mpeg4", "mpeg4_cuvid", "msmpeg4", "vc1_qsv", "vc1_cuvid", "vp8", "libvpx", "vp8_cuvid", "vp8_qsv", "vp9", "libvpx-vp9", "vp9_cuvid", "vp9_qsv", "aac", "ac3", "dca", "flac", "mp3", "truehd"]
[2023-12-06 19:21:24.097 +00:00] [INF] [1] MediaBrowser.MediaEncoding.Encoder.MediaEncoder: Available "encoders": ["libx264", "h264_amf", "h264_nvenc", "h264_qsv", "h264_v4l2m2m", "h264_vaapi", "libx265", "hevc_amf", "hevc_nvenc", "hevc_qsv", "hevc_vaapi", "mpeg4", "msmpeg4", "libvpx", "libvpx-vp9", "aac", "libfdk_aac", "ac3", "dca", "flac", "libmp3lame", "libopus", "truehd", "libvorbis", "srt"]
[2023-12-06 19:21:24.109 +00:00] [INF] [1] MediaBrowser.MediaEncoding.Encoder.MediaEncoder: Available filters: ["deinterlace_qsv", "deinterlace_vaapi", "hwupload_cuda", "hwupload_vaapi", "overlay_opencl", "overlay_qsv", "overlay_vaapi", "overlay_cuda", "procamp_vaapi", "scale_cuda", "scale_opencl", "scale_qsv", "scale_vaapi", "tonemap_cuda", "tonemap_opencl", "tonemap_vaapi", "vpp_qsv", "yadif_cuda", "zscale", "alphasrc"]
[2023-12-06 19:21:24.175 +00:00] [INF] [1] MediaBrowser.MediaEncoding.Encoder.MediaEncoder: Available hwaccel types: ["cuda", "vaapi", "qsv", "drm", "opencl", "vulkan"]
[2023-12-06 19:21:24.254 +00:00] [INF] [1] MediaBrowser.MediaEncoding.Encoder.MediaEncoder: FFmpeg: "/usr/lib/jellyfin-ffmpeg/ffmpeg"
[2023-12-06 19:21:24.255 +00:00] [INF] [1] Emby.Server.Implementations.ApplicationHost: ServerId: "fa187d5995374f68bb1682aa5a681a70"
[2023-12-06 19:21:24.309 +00:00] [INF] [1] Emby.Server.Implementations.ApplicationHost: Executed all pre-startup entry points in 0:00:00.0482456
[2023-12-06 19:21:24.309 +00:00] [INF] [1] Emby.Server.Implementations.ApplicationHost: Core startup complete
[2023-12-06 19:21:24.405 +00:00] [INF] [15] Emby.Server.Implementations.IO.LibraryMonitor: Watching directory "/data/movies"
[2023-12-06 19:21:24.405 +00:00] [INF] [13] Emby.Server.Implementations.IO.LibraryMonitor: Watching directory "/data/shows"
[2023-12-06 19:21:24.407 +00:00] [INF] [1] Emby.Server.Implementations.ApplicationHost: Executed all post-startup entry points in 0:00:00.0986422
[2023-12-06 19:21:24.407 +00:00] [INF] [1] Main: Startup complete 0:00:02.013664
[2023-12-06 19:21:24.462 +00:00] [WRN] [15] Microsoft.EntityFrameworkCore.Model.Validation: The entity type '"AccessSchedule"' is configured to use schema '"jellyfin"', but SQLite does not support schemas. This configuration will be ignored by the SQLite provider.
[2023-12-06 19:21:24.463 +00:00] [WRN] [15] Microsoft.EntityFrameworkCore.Model.Validation: The entity type '"ActivityLog"' is configured to use schema '"jellyfin"', but SQLite does not support schemas. This configuration will be ignored by the SQLite provider.
[2023-12-06 19:21:24.463 +00:00] [WRN] [15] Microsoft.EntityFrameworkCore.Model.Validation: The entity type '"CustomItemDisplayPreferences"' is configured to use schema '"jellyfin"', but SQLite does not support schemas. This configuration will be ignored by the SQLite provider.
[2023-12-06 19:21:24.463 +00:00] [WRN] [15] Microsoft.EntityFrameworkCore.Model.Validation: The entity type '"DisplayPreferences"' is configured to use schema '"jellyfin"', but SQLite does not support schemas. This configuration will be ignored by the SQLite provider.
[2023-12-06 19:21:24.463 +00:00] [WRN] [15] Microsoft.EntityFrameworkCore.Model.Validation: The entity type '"HomeSection"' is configured to use schema '"jellyfin"', but SQLite does not support schemas. This configuration will be ignored by the SQLite provider.
[2023-12-06 19:21:24.463 +00:00] [WRN] [15] Microsoft.EntityFrameworkCore.Model.Validation: The entity type '"ImageInfo"' is configured to use schema '"jellyfin"', but SQLite does not support schemas. This configuration will be ignored by the SQLite provider.
[2023-12-06 19:21:24.463 +00:00] [WRN] [15] Microsoft.EntityFrameworkCore.Model.Validation: The entity type '"ItemDisplayPreferences"' is configured to use schema '"jellyfin"', but SQLite does not support schemas. This configuration will be ignored by the SQLite provider.
[2023-12-06 19:21:24.463 +00:00] [WRN] [15] Microsoft.EntityFrameworkCore.Model.Validation: The entity type '"Permission"' is configured to use schema '"jellyfin"', but SQLite does not support schemas. This configuration will be ignored by the SQLite provider.
[2023-12-06 19:21:24.463 +00:00] [WRN] [15] Microsoft.EntityFrameworkCore.Model.Validation: The entity type '"Preference"' is configured to use schema '"jellyfin"', but SQLite does not support schemas. This configuration will be ignored by the SQLite provider.
[2023-12-06 19:21:24.463 +00:00] [WRN] [15] Microsoft.EntityFrameworkCore.Model.Validation: The entity type '"ApiKey"' is configured to use schema '"jellyfin"', but SQLite does not support schemas. This configuration will be ignored by the SQLite provider.
[2023-12-06 19:21:24.463 +00:00] [WRN] [15] Microsoft.EntityFrameworkCore.Model.Validation: The entity type '"Device"' is configured to use schema '"jellyfin"', but SQLite does not support schemas. This configuration will be ignored by the SQLite provider.
[2023-12-06 19:21:24.463 +00:00] [WRN] [15] Microsoft.EntityFrameworkCore.Model.Validation: The entity type '"DeviceOptions"' is configured to use schema '"jellyfin"', but SQLite does not support schemas. This configuration will be ignored by the SQLite provider.
[2023-12-06 19:21:24.463 +00:00] [WRN] [15] Microsoft.EntityFrameworkCore.Model.Validation: The entity type '"User"' is configured to use schema '"jellyfin"', but SQLite does not support schemas. This configuration will be ignored by the SQLite provider.
[2023-12-06 19:21:26.983 +00:00] [INF] [15] Emby.Server.Implementations.ScheduledTasks.TaskManager: "StartupTrigger" fired for task: "Update Plugins"
[2023-12-06 19:21:26.983 +00:00] [INF] [15] Emby.Server.Implementations.ScheduledTasks.TaskManager: Queuing task "PluginUpdateTask"
[2023-12-06 19:21:26.985 +00:00] [INF] [10] Emby.Server.Implementations.ScheduledTasks.TaskManager: Executing "Update Plugins"
[2023-12-06 19:21:27.707 +00:00] [INF] [13] Emby.Server.Implementations.ScheduledTasks.TaskManager: "Update Plugins" Completed after 0 minute(s) and 0 seconds
[2023-12-06 19:21:27.712 +00:00] [INF] [13] Emby.Server.Implementations.ScheduledTasks.TaskManager: ExecuteQueuedTasks
[2023-12-06 19:21:36.824 +00:00] [INF] [15] Emby.Server.Implementations.HttpServer.WebSocketManager: WS "172.17.0.1" request
[2023-12-06 19:22:23.978 +00:00] [INF] [25] Emby.Server.Implementations.ScheduledTasks.TaskManager: "IntervalTrigger" fired for task: "Download missing subtitles"
[2023-12-06 19:22:23.979 +00:00] [INF] [25] Emby.Server.Implementations.ScheduledTasks.TaskManager: Queuing task "SubtitleScheduledTask"
[2023-12-06 19:22:23.979 +00:00] [INF] [22] Emby.Server.Implementations.ScheduledTasks.TaskManager: Executing "Download missing subtitles"
[2023-12-06 19:22:23.979 +00:00] [INF] [25] Emby.Server.Implementations.ScheduledTasks.TaskManager: "IntervalTrigger" fired for task: "Clean Log Directory"
[2023-12-06 19:22:23.979 +00:00] [INF] [15] Emby.Server.Implementations.ScheduledTasks.TaskManager: "IntervalTrigger" fired for task: "Clean Cache Directory"
[2023-12-06 19:22:23.979 +00:00] [INF] [25] Emby.Server.Implementations.ScheduledTasks.TaskManager: Queuing task "DeleteLogFileTask"
[2023-12-06 19:22:23.979 +00:00] [INF] [15] Emby.Server.Implementations.ScheduledTasks.TaskManager: Queuing task "DeleteCacheFileTask"
[2023-12-06 19:22:23.979 +00:00] [INF] [25] Emby.Server.Implementations.ScheduledTasks.TaskManager: Executing "Clean Log Directory"
[2023-12-06 19:22:23.979 +00:00] [INF] [14] Emby.Server.Implementations.ScheduledTasks.TaskManager: Executing "Clean Cache Directory"
[2023-12-06 19:22:23.979 +00:00] [INF] [24] Emby.Server.Implementations.ScheduledTasks.TaskManager: "IntervalTrigger" fired for task: "Clean Transcode Directory"
[2023-12-06 19:22:23.979 +00:00] [INF] [24] Emby.Server.Implementations.ScheduledTasks.TaskManager: Queuing task "DeleteTranscodeFileTask"
[2023-12-06 19:22:23.979 +00:00] [INF] [10] Emby.Server.Implementations.ScheduledTasks.TaskManager: "IntervalTrigger" fired for task: "Optimize database"
[2023-12-06 19:22:23.979 +00:00] [INF] [24] Emby.Server.Implementations.ScheduledTasks.TaskManager: Executing "Clean Transcode Directory"
[2023-12-06 19:22:23.979 +00:00] [INF] [10] Emby.Server.Implementations.ScheduledTasks.TaskManager: Queuing task "OptimizeDatabaseTask"
[2023-12-06 19:22:23.979 +00:00] [INF] [27] Emby.Server.Implementations.ScheduledTasks.TaskManager: Executing "Optimize database"
[2023-12-06 19:22:23.979 +00:00] [INF] [15] Emby.Server.Implementations.ScheduledTasks.TaskManager: "IntervalTrigger" fired for task: "Refresh People"
[2023-12-06 19:22:23.979 +00:00] [INF] [15] Emby.Server.Implementations.ScheduledTasks.TaskManager: Queuing task "PeopleValidationTask"
[2023-12-06 19:22:23.979 +00:00] [INF] [15] Emby.Server.Implementations.ScheduledTasks.TaskManager: Executing "Refresh People"
[2023-12-06 19:22:23.980 +00:00] [INF] [27] Emby.Server.Implementations.ScheduledTasks.Tasks.OptimizeDatabaseTask: Optimizing and vacuuming jellyfin.db...
[2023-12-06 19:22:23.980 +00:00] [INF] [28] Emby.Server.Implementations.ScheduledTasks.TaskManager: "IntervalTrigger" fired for task: "Scan Media Library"
[2023-12-06 19:22:23.980 +00:00] [INF] [28] Emby.Server.Implementations.ScheduledTasks.TaskManager: Queuing task "RefreshMediaLibraryTask"
[2023-12-06 19:22:23.981 +00:00] [INF] [10] Emby.Server.Implementations.ScheduledTasks.TaskManager: "IntervalTrigger" fired for task: "Refresh Guide"
[2023-12-06 19:22:23.981 +00:00] [INF] [10] Emby.Server.Implementations.ScheduledTasks.TaskManager: Queuing task "RefreshGuideScheduledTask"
[2023-12-06 19:22:23.981 +00:00] [INF] [26] Emby.Server.Implementations.ScheduledTasks.TaskManager: "IntervalTrigger" fired for task: "TasksRefreshChannels"
[2023-12-06 19:22:23.981 +00:00] [INF] [26] Emby.Server.Implementations.ScheduledTasks.TaskManager: Queuing task "RefreshChannelsScheduledTask"
[2023-12-06 19:22:23.981 +00:00] [INF] [10] Emby.Server.Implementations.ScheduledTasks.TaskManager: Executing "Refresh Guide"
[2023-12-06 19:22:23.981 +00:00] [INF] [34] Emby.Server.Implementations.ScheduledTasks.TaskManager: Executing "TasksRefreshChannels"
[2023-12-06 19:22:23.981 +00:00] [INF] [28] Emby.Server.Implementations.ScheduledTasks.TaskManager: "IntervalTrigger" fired for task: "Update Plugins"
[2023-12-06 19:22:23.981 +00:00] [INF] [28] Emby.Server.Implementations.ScheduledTasks.TaskManager: Queuing task "PluginUpdateTask"
[2023-12-06 19:22:23.981 +00:00] [INF] [30] Emby.Server.Implementations.ScheduledTasks.TaskManager: Executing "Scan Media Library"
[2023-12-06 19:22:23.981 +00:00] [INF] [26] Emby.Server.Implementations.ScheduledTasks.TaskManager: Executing "Update Plugins"
[2023-12-06 19:22:23.981 +00:00] [INF] [25] Emby.Server.Implementations.ScheduledTasks.TaskManager: "Clean Log Directory" Completed after 0 minute(s) and 0 seconds
[2023-12-06 19:22:23.981 +00:00] [INF] [24] Emby.Server.Implementations.ScheduledTasks.TaskManager: "Clean Transcode Directory" Completed after 0 minute(s) and 0 seconds
[2023-12-06 19:22:23.982 +00:00] [INF] [25] Emby.Server.Implementations.ScheduledTasks.TaskManager: ExecuteQueuedTasks
[2023-12-06 19:22:23.982 +00:00] [INF] [24] Emby.Server.Implementations.ScheduledTasks.TaskManager: ExecuteQueuedTasks
[2023-12-06 19:22:24.040 +00:00] [INF] [22] Emby.Server.Implementations.ScheduledTasks.TaskManager: "Download missing subtitles" Completed after 0 minute(s) and 0 seconds
[2023-12-06 19:22:24.040 +00:00] [INF] [22] Emby.Server.Implementations.ScheduledTasks.TaskManager: ExecuteQueuedTasks
[2023-12-06 19:22:24.061 +00:00] [INF] [30] Emby.Server.Implementations.IO.LibraryMonitor: Stopping directory watching for path "/data/shows"
[2023-12-06 19:22:24.061 +00:00] [INF] [30] Emby.Server.Implementations.IO.LibraryMonitor: Stopping directory watching for path "/data/movies"
[2023-12-06 19:22:24.061 +00:00] [INF] [14] Emby.Server.Implementations.ScheduledTasks.TaskManager: "Clean Cache Directory" Completed after 0 minute(s) and 0 seconds
[2023-12-06 19:22:24.062 +00:00] [INF] [14] Emby.Server.Implementations.ScheduledTasks.TaskManager: ExecuteQueuedTasks
[2023-12-06 19:22:24.079 +00:00] [INF] [34] Emby.Server.Implementations.ScheduledTasks.TaskManager: "TasksRefreshChannels" Completed after 0 minute(s) and 0 seconds
[2023-12-06 19:22:24.080 +00:00] [INF] [34] Emby.Server.Implementations.ScheduledTasks.TaskManager: ExecuteQueuedTasks
[2023-12-06 19:22:24.090 +00:00] [INF] [27] Emby.Server.Implementations.ScheduledTasks.Tasks.OptimizeDatabaseTask: jellyfin.db optimized successfully!
[2023-12-06 19:22:24.091 +00:00] [INF] [30] Emby.Server.Implementations.Library.LibraryManager: Validating media library
[2023-12-06 19:22:24.091 +00:00] [INF] [27] Emby.Server.Implementations.ScheduledTasks.TaskManager: "Optimize database" Completed after 0 minute(s) and 0 seconds
[2023-12-06 19:22:24.091 +00:00] [INF] [27] Emby.Server.Implementations.ScheduledTasks.TaskManager: ExecuteQueuedTasks
[2023-12-06 19:22:24.120 +00:00] [INF] [15] Emby.Server.Implementations.Library.LibraryManager: People validation complete
[2023-12-06 19:22:24.120 +00:00] [INF] [15] Emby.Server.Implementations.ScheduledTasks.TaskManager: "Refresh People" Completed after 0 minute(s) and 0 seconds
[2023-12-06 19:22:24.120 +00:00] [INF] [15] Emby.Server.Implementations.ScheduledTasks.TaskManager: ExecuteQueuedTasks
[2023-12-06 19:22:24.374 +00:00] [INF] [15] Emby.Drawing.ImageProcessor: Creating image collage and saving to "/config/cache/temp/af26fbc0c0814e4c9aec12cac8a85d1e.png"
[2023-12-06 19:22:24.460 +00:00] [INF] [27] Emby.Server.Implementations.ScheduledTasks.TaskManager: "Update Plugins" Completed after 0 minute(s) and 0 seconds
[2023-12-06 19:22:24.461 +00:00] [INF] [27] Emby.Server.Implementations.ScheduledTasks.TaskManager: ExecuteQueuedTasks
[2023-12-06 19:22:24.569 +00:00] [INF] [15] Emby.Drawing.ImageProcessor: Completed creation of image collage and saved to "/config/cache/temp/af26fbc0c0814e4c9aec12cac8a85d1e.png"
[2023-12-06 19:22:26.561 +00:00] [INF] [30] Emby.Drawing.ImageProcessor: Creating image collage and saving to "/config/cache/temp/6c18872dd8c54862b993994a046ccd56.png"
[2023-12-06 19:22:26.735 +00:00] [INF] [30] Emby.Drawing.ImageProcessor: Completed creation of image collage and saved to "/config/cache/temp/6c18872dd8c54862b993994a046ccd56.png"
[2023-12-06 19:22:26.756 +00:00] [INF] [24] Emby.Drawing.ImageProcessor: Creating image collage and saving to "/config/cache/temp/e28083f1379747c6b44d76bd7ba0c614.png"
[2023-12-06 19:22:26.859 +00:00] [INF] [24] Emby.Drawing.ImageProcessor: Completed creation of image collage and saved to "/config/cache/temp/e28083f1379747c6b44d76bd7ba0c614.png"
[2023-12-06 19:22:26.881 +00:00] [INF] [30] Emby.Drawing.ImageProcessor: Creating image collage and saving to "/config/cache/temp/6078bbe9f0ec4b6d9e241fa58a529ce2.png"
[2023-12-06 19:22:26.982 +00:00] [INF] [30] Emby.Drawing.ImageProcessor: Completed creation of image collage and saved to "/config/cache/temp/6078bbe9f0ec4b6d9e241fa58a529ce2.png"
[2023-12-06 19:22:27.002 +00:00] [INF] [24] Emby.Drawing.ImageProcessor: Creating image collage and saving to "/config/cache/temp/e581abfdf142459fac49b24c63faf4a6.png"
[2023-12-06 19:22:27.127 +00:00] [INF] [15] Emby.Server.Implementations.LiveTv.LiveTvManager: Refreshing guide with 7 days of guide data
[2023-12-06 19:22:27.132 +00:00] [INF] [15] Emby.Server.Implementations.ScheduledTasks.TaskManager: "Refresh Guide" Completed after 0 minute(s) and 3 seconds
[2023-12-06 19:22:27.133 +00:00] [INF] [15] Emby.Server.Implementations.ScheduledTasks.TaskManager: ExecuteQueuedTasks
[2023-12-06 19:22:27.148 +00:00] [INF] [24] Emby.Drawing.ImageProcessor: Completed creation of image collage and saved to "/config/cache/temp/e581abfdf142459fac49b24c63faf4a6.png"
[2023-12-06 19:22:27.175 +00:00] [INF] [15] Emby.Server.Implementations.ScheduledTasks.TaskManager: "Scan Media Library" Completed after 0 minute(s) and 3 seconds
[2023-12-06 19:22:27.176 +00:00] [INF] [15] Emby.Server.Implementations.ScheduledTasks.TaskManager: ExecuteQueuedTasks
[2023-12-06 19:22:27.189 +00:00] [INF] [30] Emby.Server.Implementations.IO.LibraryMonitor: Watching directory "/data/shows"
[2023-12-06 19:22:27.189 +00:00] [INF] [24] Emby.Server.Implementations.IO.LibraryMonitor: Watching directory "/data/movies"
[2023-12-06 19:25:19.028 +00:00] [INF] [2] Main: Received a SIGTERM signal, shutting down
[2023-12-06 19:25:19.029 +00:00] [INF] [2] Main: Running query planner optimizations in the database... This might take a while
[2023-12-06 19:25:19.031 +00:00] [INF] [2] Emby.Server.Implementations.ApplicationHost: Disposing "CoreAppHost"
[2023-12-06 19:25:19.032 +00:00] [INF] [2] Emby.Server.Implementations.ApplicationHost: Disposing "DeviceAccessEntryPoint"
[2023-12-06 19:25:19.032 +00:00] [INF] [2] Emby.Server.Implementations.ApplicationHost: Disposing "LibraryMonitorStartup"
[2023-12-06 19:25:19.032 +00:00] [INF] [2] Emby.Server.Implementations.ApplicationHost: Disposing "DlnaEntryPoint"
[2023-12-06 19:25:19.032 +00:00] [INF] [2] Emby.Dlna.Main.DlnaEntryPoint: Disposing PlayToManager
[2023-12-06 19:25:19.033 +00:00] [INF] [2] Emby.Dlna.Main.DlnaEntryPoint: Disposing DeviceDiscovery
[2023-12-06 19:25:19.033 +00:00] [INF] [2] Emby.Dlna.Main.DlnaEntryPoint: Disposing SsdpCommunicationsServer
[2023-12-06 19:25:19.033 +00:00] [INF] [2] Emby.Dlna.Main.DlnaEntryPoint: "SsdpCommunicationsServer" disposing _BroadcastListenSocket
[2023-12-06 19:25:19.034 +00:00] [INF] [2] Emby.Dlna.Main.DlnaEntryPoint: "SsdpCommunicationsServer" Disposing 3 sendSockets
[2023-12-06 19:25:19.034 +00:00] [INF] [2] Emby.Dlna.Main.DlnaEntryPoint: "SsdpCommunicationsServer" disposing sendSocket from "0.0.0.0"
[2023-12-06 19:25:19.034 +00:00] [INF] [2] Emby.Dlna.Main.DlnaEntryPoint: "SsdpCommunicationsServer" disposing sendSocket from "172.17.0.2"
[2023-12-06 19:25:19.034 +00:00] [INF] [2] Emby.Dlna.Main.DlnaEntryPoint: "SsdpCommunicationsServer" disposing sendSocket from "127.0.0.1"
[2023-12-06 19:25:19.034 +00:00] [INF] [2] Emby.Server.Implementations.ApplicationHost: Disposing "LibraryChangedNotifier"
[2023-12-06 19:25:19.034 +00:00] [INF] [2] Emby.Server.Implementations.ApplicationHost: Disposing "RecordingNotifier"
[2023-12-06 19:25:19.035 +00:00] [INF] [2] Emby.Server.Implementations.ApplicationHost: Disposing "UdpServerEntryPoint"
[2023-12-06 19:25:19.035 +00:00] [INF] [2] Emby.Server.Implementations.ApplicationHost: Disposing "EntryPoint"
[2023-12-06 19:25:19.035 +00:00] [INF] [2] Emby.Server.Implementations.ApplicationHost: Disposing "MusicBrainzAlbumProvider"
[2023-12-06 19:25:19.035 +00:00] [INF] [2] Emby.Server.Implementations.ApplicationHost: Disposing "EntryPoint"
[2023-12-06 19:25:19.035 +00:00] [INF] [2] Emby.Server.Implementations.ApplicationHost: Disposing "ExternalPortForwarding"
[2023-12-06 19:25:19.036 +00:00] [INF] [2] Emby.Server.Implementations.EntryPoints.ExternalPortForwarding: Stopping NAT discovery
[2023-12-06 19:25:19.037 +00:00] [INF] [2] Emby.Server.Implementations.ApplicationHost: Disposing "SchedulesDirect"
[2023-12-06 19:25:19.038 +00:00] [INF] [2] Emby.Server.Implementations.ApplicationHost: Disposing "UserDataChangeNotifier"
[2023-12-06 19:25:19.038 +00:00] [INF] [2] Emby.Server.Implementations.ApplicationHost: Disposing "EmbyTV"
[2023-12-06 19:25:19.038 +00:00] [INF] [2] Emby.Server.Implementations.ApplicationHost: Disposing "NotificationEntryPoint"
[2023-12-06 19:25:19.044 +00:00] [INF] [70] Emby.Server.Implementations.HttpServer.WebSocketManager: WS "172.17.0.1" closed
[2023-12-06 19:26:01.830 +00:00] [INF] [1] Main: Jellyfin version: "10.8.12"
[2023-12-06 19:26:01.841 +00:00] [INF] [1] Main: Environment Variables: ["[JELLYFIN_DATA_DIR, /config/data]", "[JELLYFIN_LOG_DIR, /config/log]", "[JELLYFIN_WEB_DIR, /usr/share/jellyfin/web]", "[JELLYFIN_CONFIG_DIR, /config]", "[JELLYFIN_CACHE_DIR, /config/cache]"]
[2023-12-06 19:26:01.842 +00:00] [INF] [1] Main: Arguments: ["/usr/lib/jellyfin/bin/jellyfin.dll", "--ffmpeg=/usr/lib/jellyfin-ffmpeg/ffmpeg"]
[2023-12-06 19:26:01.843 +00:00] [INF] [1] Main: Operating system: "Linux"
[2023-12-06 19:26:01.843 +00:00] [INF] [1] Main: Architecture: X64
[2023-12-06 19:26:01.843 +00:00] [INF] [1] Main: 64-Bit Process: True
[2023-12-06 19:26:01.843 +00:00] [INF] [1] Main: User Interactive: True
[2023-12-06 19:26:01.843 +00:00] [INF] [1] Main: Processor count: 32
[2023-12-06 19:26:01.843 +00:00] [INF] [1] Main: Program data path: "/config/data"
[2023-12-06 19:26:01.843 +00:00] [INF] [1] Main: Web resources path: "/usr/share/jellyfin/web"
[2023-12-06 19:26:01.843 +00:00] [INF] [1] Main: Application directory: "/usr/lib/jellyfin/bin/"
[2023-12-06 19:26:01.918 +00:00] [INF] [1] Emby.Server.Implementations.AppBase.BaseConfigurationManager: Setting cache path: "/config/cache"
[2023-12-06 19:26:01.928 +00:00] [INF] [1] Emby.Server.Implementations.ApplicationHost: Loading assemblies
[2023-12-06 19:26:01.981 +00:00] [INF] [1] Jellyfin.Networking.Manager.NetworkManager: Defined LAN addresses : "[10.0.0.0/8,172.16.0.0/12,192.168.0.0/16]"
[2023-12-06 19:26:01.981 +00:00] [INF] [1] Jellyfin.Networking.Manager.NetworkManager: Defined LAN exclusions : "[]"
[2023-12-06 19:26:01.981 +00:00] [INF] [1] Jellyfin.Networking.Manager.NetworkManager: Using LAN addresses: "[10.0.0.0/8,172.16.0.0/12,192.168.0.0/16]"
[2023-12-06 19:26:01.985 +00:00] [INF] [1] Jellyfin.Networking.Manager.NetworkManager: Using bind addresses: "[]"
[2023-12-06 19:26:01.985 +00:00] [INF] [1] Jellyfin.Networking.Manager.NetworkManager: Using bind exclusions: "[]"
[2023-12-06 19:26:02.992 +00:00] [INF] [1] Emby.Server.Implementations.Plugins.PluginManager: Loaded plugin: "TMDb" "10.8.12.0"
[2023-12-06 19:26:02.992 +00:00] [INF] [1] Emby.Server.Implementations.Plugins.PluginManager: Loaded plugin: "Studio Images" "10.8.12.0"
[2023-12-06 19:26:02.992 +00:00] [INF] [1] Emby.Server.Implementations.Plugins.PluginManager: Loaded plugin: "OMDb" "10.8.12.0"
[2023-12-06 19:26:02.992 +00:00] [INF] [1] Emby.Server.Implementations.Plugins.PluginManager: Loaded plugin: "MusicBrainz" "10.8.12.0"
[2023-12-06 19:26:02.993 +00:00] [INF] [1] Emby.Server.Implementations.Plugins.PluginManager: Loaded plugin: "AudioDB" "10.8.12.0"
[2023-12-06 19:26:03.023 +00:00] [INF] [1] Main: Kestrel listening on "Any IP4 Address"
[2023-12-06 19:26:03.053 +00:00] [WRN] [1] Microsoft.AspNetCore.DataProtection.Repositories.EphemeralXmlRepository: Using an in-memory repository. Keys will not be persisted to storage.
[2023-12-06 19:26:03.053 +00:00] [WRN] [1] Microsoft.AspNetCore.DataProtection.KeyManagement.XmlKeyManager: Neither user profile nor HKLM registry available. Using an ephemeral key repository. Protected data will be unavailable when application exits.
[2023-12-06 19:26:03.182 +00:00] [WRN] [1] Microsoft.AspNetCore.DataProtection.KeyManagement.XmlKeyManager: No XML encryptor configured. Key {15bf9d57-09fd-4e1f-8b24-a4affac3a5ea} may be persisted to storage in unencrypted form.
[2023-12-06 19:26:03.194 +00:00] [INF] [1] Emby.Server.Implementations.ApplicationHost: Running startup tasks
[2023-12-06 19:26:03.221 +00:00] [INF] [1] Emby.Server.Implementations.ScheduledTasks.TaskManager: Daily trigger for "Extract Chapter Images" set to fire at 2023-12-07 02:00:00.000 +00:00, which is 06:33:56.7782605 from now.
[2023-12-06 19:26:03.252 +00:00] [INF] [1] MediaBrowser.MediaEncoding.Encoder.MediaEncoder: Found ffmpeg version "5.1.3"
[2023-12-06 19:26:03.276 +00:00] [INF] [1] MediaBrowser.MediaEncoding.Encoder.MediaEncoder: Available "decoders": ["libdav1d", "av1", "av1_cuvid", "av1_qsv", "h264", "h264_qsv", "h264_cuvid", "hevc", "hevc_qsv", "hevc_cuvid", "mpeg2video", "mpeg2_qsv", "mpeg2_cuvid", "mpeg4", "mpeg4_cuvid", "msmpeg4", "vc1_qsv", "vc1_cuvid", "vp8", "libvpx", "vp8_cuvid", "vp8_qsv", "vp9", "libvpx-vp9", "vp9_cuvid", "vp9_qsv", "aac", "ac3", "dca", "flac", "mp3", "truehd"]
[2023-12-06 19:26:03.290 +00:00] [INF] [1] MediaBrowser.MediaEncoding.Encoder.MediaEncoder: Available "encoders": ["libx264", "h264_amf", "h264_nvenc", "h264_qsv", "h264_v4l2m2m", "h264_vaapi", "libx265", "hevc_amf", "hevc_nvenc", "hevc_qsv", "hevc_vaapi", "mpeg4", "msmpeg4", "libvpx", "libvpx-vp9", "aac", "libfdk_aac", "ac3", "dca", "flac", "libmp3lame", "libopus", "truehd", "libvorbis", "srt"]
[2023-12-06 19:26:03.302 +00:00] [INF] [1] MediaBrowser.MediaEncoding.Encoder.MediaEncoder: Available filters: ["deinterlace_qsv", "deinterlace_vaapi", "hwupload_cuda", "hwupload_vaapi", "overlay_opencl", "overlay_qsv", "overlay_vaapi", "overlay_cuda", "procamp_vaapi", "scale_cuda", "scale_opencl", "scale_qsv", "scale_vaapi", "tonemap_cuda", "tonemap_opencl", "tonemap_vaapi", "vpp_qsv", "yadif_cuda", "zscale", "alphasrc"]
[2023-12-06 19:26:03.375 +00:00] [INF] [1] MediaBrowser.MediaEncoding.Encoder.MediaEncoder: Available hwaccel types: ["cuda", "vaapi", "qsv", "drm", "opencl", "vulkan"]
[2023-12-06 19:26:03.446 +00:00] [INF] [1] MediaBrowser.MediaEncoding.Encoder.MediaEncoder: FFmpeg: "/usr/lib/jellyfin-ffmpeg/ffmpeg"
[2023-12-06 19:26:03.447 +00:00] [INF] [1] Emby.Server.Implementations.ApplicationHost: ServerId: "fa187d5995374f68bb1682aa5a681a70"
[2023-12-06 19:26:03.501 +00:00] [INF] [1] Emby.Server.Implementations.ApplicationHost: Executed all pre-startup entry points in 0:00:00.0484511
[2023-12-06 19:26:03.502 +00:00] [INF] [1] Emby.Server.Implementations.ApplicationHost: Core startup complete
[2023-12-06 19:26:03.593 +00:00] [INF] [11] Emby.Server.Implementations.IO.LibraryMonitor: Watching directory "/data/movies"
[2023-12-06 19:26:03.593 +00:00] [INF] [8] Emby.Server.Implementations.IO.LibraryMonitor: Watching directory "/data/shows"
[2023-12-06 19:26:03.595 +00:00] [INF] [1] Emby.Server.Implementations.ApplicationHost: Executed all post-startup entry points in 0:00:00.0938776
[2023-12-06 19:26:03.596 +00:00] [INF] [1] Main: Startup complete 0:00:01.8480114
[2023-12-06 19:26:03.712 +00:00] [WRN] [20] Microsoft.EntityFrameworkCore.Model.Validation: The entity type '"AccessSchedule"' is configured to use schema '"jellyfin"', but SQLite does not support schemas. This configuration will be ignored by the SQLite provider.
[2023-12-06 19:26:03.712 +00:00] [WRN] [20] Microsoft.EntityFrameworkCore.Model.Validation: The entity type '"ActivityLog"' is configured to use schema '"jellyfin"', but SQLite does not support schemas. This configuration will be ignored by the SQLite provider.
[2023-12-06 19:26:03.713 +00:00] [WRN] [20] Microsoft.EntityFrameworkCore.Model.Validation: The entity type '"CustomItemDisplayPreferences"' is configured to use schema '"jellyfin"', but SQLite does not support schemas. This configuration will be ignored by the SQLite provider.
[2023-12-06 19:26:03.713 +00:00] [WRN] [20] Microsoft.EntityFrameworkCore.Model.Validation: The entity type '"DisplayPreferences"' is configured to use schema '"jellyfin"', but SQLite does not support schemas. This configuration will be ignored by the SQLite provider.
[2023-12-06 19:26:03.713 +00:00] [WRN] [20] Microsoft.EntityFrameworkCore.Model.Validation: The entity type '"HomeSection"' is configured to use schema '"jellyfin"', but SQLite does not support schemas. This configuration will be ignored by the SQLite provider.
[2023-12-06 19:26:03.713 +00:00] [WRN] [20] Microsoft.EntityFrameworkCore.Model.Validation: The entity type '"ImageInfo"' is configured to use schema '"jellyfin"', but SQLite does not support schemas. This configuration will be ignored by the SQLite provider.
[2023-12-06 19:26:03.713 +00:00] [WRN] [20] Microsoft.EntityFrameworkCore.Model.Validation: The entity type '"ItemDisplayPreferences"' is configured to use schema '"jellyfin"', but SQLite does not support schemas. This configuration will be ignored by the SQLite provider.
[2023-12-06 19:26:03.713 +00:00] [WRN] [20] Microsoft.EntityFrameworkCore.Model.Validation: The entity type '"Permission"' is configured to use schema '"jellyfin"', but SQLite does not support schemas. This configuration will be ignored by the SQLite provider.
[2023-12-06 19:26:03.713 +00:00] [WRN] [20] Microsoft.EntityFrameworkCore.Model.Validation: The entity type '"Preference"' is configured to use schema '"jellyfin"', but SQLite does not support schemas. This configuration will be ignored by the SQLite provider.
[2023-12-06 19:26:03.713 +00:00] [WRN] [20] Microsoft.EntityFrameworkCore.Model.Validation: The entity type '"ApiKey"' is configured to use schema '"jellyfin"', but SQLite does not support schemas. This configuration will be ignored by the SQLite provider.
[2023-12-06 19:26:03.713 +00:00] [WRN] [20] Microsoft.EntityFrameworkCore.Model.Validation: The entity type '"Device"' is configured to use schema '"jellyfin"', but SQLite does not support schemas. This configuration will be ignored by the SQLite provider.
[2023-12-06 19:26:03.713 +00:00] [WRN] [20] Microsoft.EntityFrameworkCore.Model.Validation: The entity type '"DeviceOptions"' is configured to use schema '"jellyfin"', but SQLite does not support schemas. This configuration will be ignored by the SQLite provider.
[2023-12-06 19:26:03.713 +00:00] [WRN] [20] Microsoft.EntityFrameworkCore.Model.Validation: The entity type '"User"' is configured to use schema '"jellyfin"', but SQLite does not support schemas. This configuration will be ignored by the SQLite provider.
[2023-12-06 19:26:05.619 +00:00] [INF] [8] Emby.Server.Implementations.HttpServer.WebSocketManager: WS "172.17.0.1" request
[2023-12-06 19:26:06.225 +00:00] [INF] [8] Emby.Server.Implementations.ScheduledTasks.TaskManager: "StartupTrigger" fired for task: "Update Plugins"
[2023-12-06 19:26:06.225 +00:00] [INF] [8] Emby.Server.Implementations.ScheduledTasks.TaskManager: Queuing task "PluginUpdateTask"
[2023-12-06 19:26:06.227 +00:00] [INF] [11] Emby.Server.Implementations.ScheduledTasks.TaskManager: Executing "Update Plugins"
[2023-12-06 19:26:06.872 +00:00] [INF] [21] Emby.Server.Implementations.ScheduledTasks.TaskManager: "Update Plugins" Completed after 0 minute(s) and 0 seconds
[2023-12-06 19:26:06.874 +00:00] [INF] [21] Emby.Server.Implementations.ScheduledTasks.TaskManager: ExecuteQueuedTasks
[2023-12-06 19:26:53.792 +00:00] [INF] [10] Emby.Server.Implementations.Session.SessionWebSocketListener: Sending ForceKeepAlive message to 1 inactive WebSockets.
[2023-12-06 19:27:05.793 +00:00] [INF] [8] Emby.Server.Implementations.Session.SessionWebSocketListener: Lost 1 WebSockets.
[2023-12-06 19:28:02.307 +00:00] [INF] [2] Main: Received a SIGTERM signal, shutting down
[2023-12-06 19:28:02.307 +00:00] [INF] [2] Main: Running query planner optimizations in the database... This might take a while
[2023-12-06 19:28:02.312 +00:00] [INF] [2] Emby.Server.Implementations.ApplicationHost: Disposing "CoreAppHost"
[2023-12-06 19:28:02.312 +00:00] [INF] [2] Emby.Server.Implementations.ApplicationHost: Disposing "DeviceAccessEntryPoint"
[2023-12-06 19:28:02.312 +00:00] [INF] [2] Emby.Server.Implementations.ApplicationHost: Disposing "LibraryMonitorStartup"
[2023-12-06 19:28:02.312 +00:00] [INF] [2] Emby.Server.Implementations.ApplicationHost: Disposing "DlnaEntryPoint"
[2023-12-06 19:28:02.313 +00:00] [INF] [2] Emby.Dlna.Main.DlnaEntryPoint: Disposing PlayToManager
[2023-12-06 19:28:02.313 +00:00] [INF] [2] Emby.Dlna.Main.DlnaEntryPoint: Disposing DeviceDiscovery
[2023-12-06 19:28:02.313 +00:00] [INF] [2] Emby.Dlna.Main.DlnaEntryPoint: Disposing SsdpCommunicationsServer
[2023-12-06 19:28:02.314 +00:00] [INF] [2] Emby.Dlna.Main.DlnaEntryPoint: "SsdpCommunicationsServer" disposing _BroadcastListenSocket
[2023-12-06 19:28:02.314 +00:00] [INF] [2] Emby.Dlna.Main.DlnaEntryPoint: "SsdpCommunicationsServer" Disposing 3 sendSockets
[2023-12-06 19:28:02.314 +00:00] [INF] [2] Emby.Dlna.Main.DlnaEntryPoint: "SsdpCommunicationsServer" disposing sendSocket from "0.0.0.0"
[2023-12-06 19:28:02.314 +00:00] [INF] [2] Emby.Dlna.Main.DlnaEntryPoint: "SsdpCommunicationsServer" disposing sendSocket from "172.17.0.2"
[2023-12-06 19:28:02.314 +00:00] [INF] [2] Emby.Dlna.Main.DlnaEntryPoint: "SsdpCommunicationsServer" disposing sendSocket from "127.0.0.1"
[2023-12-06 19:28:02.314 +00:00] [INF] [2] Emby.Server.Implementations.ApplicationHost: Disposing "LibraryChangedNotifier"
[2023-12-06 19:28:02.315 +00:00] [INF] [2] Emby.Server.Implementations.ApplicationHost: Disposing "RecordingNotifier"
[2023-12-06 19:28:02.316 +00:00] [INF] [2] Emby.Server.Implementations.ApplicationHost: Disposing "UdpServerEntryPoint"
[2023-12-06 19:28:02.316 +00:00] [INF] [2] Emby.Server.Implementations.ApplicationHost: Disposing "EntryPoint"
[2023-12-06 19:28:02.316 +00:00] [INF] [2] Emby.Server.Implementations.ApplicationHost: Disposing "MusicBrainzAlbumProvider"
[2023-12-06 19:28:02.316 +00:00] [INF] [2] Emby.Server.Implementations.ApplicationHost: Disposing "EntryPoint"
[2023-12-06 19:28:02.316 +00:00] [INF] [2] Emby.Server.Implementations.ApplicationHost: Disposing "ExternalPortForwarding"
[2023-12-06 19:28:02.317 +00:00] [INF] [2] Emby.Server.Implementations.EntryPoints.ExternalPortForwarding: Stopping NAT discovery
[2023-12-06 19:28:02.318 +00:00] [INF] [2] Emby.Server.Implementations.ApplicationHost: Disposing "SchedulesDirect"
[2023-12-06 19:28:02.318 +00:00] [INF] [2] Emby.Server.Implementations.ApplicationHost: Disposing "UserDataChangeNotifier"
[2023-12-06 19:28:02.318 +00:00] [INF] [2] Emby.Server.Implementations.ApplicationHost: Disposing "EmbyTV"
[2023-12-06 19:28:02.319 +00:00] [INF] [2] Emby.Server.Implementations.ApplicationHost: Disposing "NotificationEntryPoint"
[2023-12-06 19:28:02.326 +00:00] [INF] [52] Emby.Server.Implementations.HttpServer.WebSocketManager: WS "172.17.0.1" closed
[2023-12-06 19:36:27.701 +00:00] [INF] [1] Main: Jellyfin version: "10.8.12"
[2023-12-06 19:36:27.712 +00:00] [INF] [1] Main: Environment Variables: ["[JELLYFIN_WEB_DIR, /usr/share/jellyfin/web]", "[JELLYFIN_CACHE_DIR, /config/cache]", "[JELLYFIN_DATA_DIR, /config/data]", "[JELLYFIN_LOG_DIR, /config/log]", "[JELLYFIN_CONFIG_DIR, /config]"]
[2023-12-06 19:36:27.714 +00:00] [INF] [1] Main: Arguments: ["/usr/lib/jellyfin/bin/jellyfin.dll", "--ffmpeg=/usr/lib/jellyfin-ffmpeg/ffmpeg"]
[2023-12-06 19:36:27.714 +00:00] [INF] [1] Main: Operating system: "Linux"
[2023-12-06 19:36:27.714 +00:00] [INF] [1] Main: Architecture: X64
[2023-12-06 19:36:27.715 +00:00] [INF] [1] Main: 64-Bit Process: True
[2023-12-06 19:36:27.715 +00:00] [INF] [1] Main: User Interactive: True
[2023-12-06 19:36:27.715 +00:00] [INF] [1] Main: Processor count: 32
[2023-12-06 19:36:27.715 +00:00] [INF] [1] Main: Program data path: "/config/data"
[2023-12-06 19:36:27.715 +00:00] [INF] [1] Main: Web resources path: "/usr/share/jellyfin/web"
[2023-12-06 19:36:27.715 +00:00] [INF] [1] Main: Application directory: "/usr/lib/jellyfin/bin/"
[2023-12-06 19:36:27.791 +00:00] [INF] [1] Emby.Server.Implementations.AppBase.BaseConfigurationManager: Setting cache path: "/config/cache"
[2023-12-06 19:36:27.801 +00:00] [INF] [1] Emby.Server.Implementations.ApplicationHost: Loading assemblies
[2023-12-06 19:36:27.853 +00:00] [INF] [1] Jellyfin.Networking.Manager.NetworkManager: Defined LAN addresses : "[10.0.0.0/8,172.16.0.0/12,192.168.0.0/16]"
[2023-12-06 19:36:27.853 +00:00] [INF] [1] Jellyfin.Networking.Manager.NetworkManager: Defined LAN exclusions : "[]"
[2023-12-06 19:36:27.854 +00:00] [INF] [1] Jellyfin.Networking.Manager.NetworkManager: Using LAN addresses: "[10.0.0.0/8,172.16.0.0/12,192.168.0.0/16]"
[2023-12-06 19:36:27.857 +00:00] [INF] [1] Jellyfin.Networking.Manager.NetworkManager: Using bind addresses: "[]"
[2023-12-06 19:36:27.857 +00:00] [INF] [1] Jellyfin.Networking.Manager.NetworkManager: Using bind exclusions: "[]"
[2023-12-06 19:36:28.863 +00:00] [INF] [1] Emby.Server.Implementations.Plugins.PluginManager: Loaded plugin: "TMDb" "10.8.12.0"
[2023-12-06 19:36:28.864 +00:00] [INF] [1] Emby.Server.Implementations.Plugins.PluginManager: Loaded plugin: "Studio Images" "10.8.12.0"
[2023-12-06 19:36:28.864 +00:00] [INF] [1] Emby.Server.Implementations.Plugins.PluginManager: Loaded plugin: "OMDb" "10.8.12.0"
[2023-12-06 19:36:28.864 +00:00] [INF] [1] Emby.Server.Implementations.Plugins.PluginManager: Loaded plugin: "MusicBrainz" "10.8.12.0"
[2023-12-06 19:36:28.864 +00:00] [INF] [1] Emby.Server.Implementations.Plugins.PluginManager: Loaded plugin: "AudioDB" "10.8.12.0"
[2023-12-06 19:36:28.895 +00:00] [INF] [1] Main: Kestrel listening on "Any IP4 Address"
[2023-12-06 19:36:28.925 +00:00] [WRN] [1] Microsoft.AspNetCore.DataProtection.Repositories.EphemeralXmlRepository: Using an in-memory repository. Keys will not be persisted to storage.
[2023-12-06 19:36:28.925 +00:00] [WRN] [1] Microsoft.AspNetCore.DataProtection.KeyManagement.XmlKeyManager: Neither user profile nor HKLM registry available. Using an ephemeral key repository. Protected data will be unavailable when application exits.
[2023-12-06 19:36:29.059 +00:00] [WRN] [1] Microsoft.AspNetCore.DataProtection.KeyManagement.XmlKeyManager: No XML encryptor configured. Key {e17c273f-e90d-4e42-bbd1-477d7e8ae322} may be persisted to storage in unencrypted form.
[2023-12-06 19:36:29.071 +00:00] [INF] [1] Emby.Server.Implementations.ApplicationHost: Running startup tasks
[2023-12-06 19:36:29.097 +00:00] [INF] [1] Emby.Server.Implementations.ScheduledTasks.TaskManager: Daily trigger for "Extract Chapter Images" set to fire at 2023-12-07 02:00:00.000 +00:00, which is 06:23:30.9030061 from now.
[2023-12-06 19:36:29.126 +00:00] [INF] [1] MediaBrowser.MediaEncoding.Encoder.MediaEncoder: Found ffmpeg version "5.1.3"
[2023-12-06 19:36:29.147 +00:00] [INF] [1] MediaBrowser.MediaEncoding.Encoder.MediaEncoder: Available "decoders": ["libdav1d", "av1", "av1_cuvid", "av1_qsv", "h264", "h264_qsv", "h264_cuvid", "hevc", "hevc_qsv", "hevc_cuvid", "mpeg2video", "mpeg2_qsv", "mpeg2_cuvid", "mpeg4", "mpeg4_cuvid", "msmpeg4", "vc1_qsv", "vc1_cuvid", "vp8", "libvpx", "vp8_cuvid", "vp8_qsv", "vp9", "libvpx-vp9", "vp9_cuvid", "vp9_qsv", "aac", "ac3", "dca", "flac", "mp3", "truehd"]
[2023-12-06 19:36:29.160 +00:00] [INF] [1] MediaBrowser.MediaEncoding.Encoder.MediaEncoder: Available "encoders": ["libx264", "h264_amf", "h264_nvenc", "h264_qsv", "h264_v4l2m2m", "h264_vaapi", "libx265", "hevc_amf", "hevc_nvenc", "hevc_qsv", "hevc_vaapi", "mpeg4", "msmpeg4", "libvpx", "libvpx-vp9", "aac", "libfdk_aac", "ac3", "dca", "flac", "libmp3lame", "libopus", "truehd", "libvorbis", "srt"]
[2023-12-06 19:36:29.172 +00:00] [INF] [1] MediaBrowser.MediaEncoding.Encoder.MediaEncoder: Available filters: ["deinterlace_qsv", "deinterlace_vaapi", "hwupload_cuda", "hwupload_vaapi", "overlay_opencl", "overlay_qsv", "overlay_vaapi", "overlay_cuda", "procamp_vaapi", "scale_cuda", "scale_opencl", "scale_qsv", "scale_vaapi", "tonemap_cuda", "tonemap_opencl", "tonemap_vaapi", "vpp_qsv", "yadif_cuda", "zscale", "alphasrc"]
[2023-12-06 19:36:29.236 +00:00] [INF] [1] MediaBrowser.MediaEncoding.Encoder.MediaEncoder: Available hwaccel types: ["cuda", "vaapi", "qsv", "drm", "opencl", "vulkan"]
[2023-12-06 19:36:29.305 +00:00] [INF] [1] MediaBrowser.MediaEncoding.Encoder.MediaEncoder: FFmpeg: "/usr/lib/jellyfin-ffmpeg/ffmpeg"
[2023-12-06 19:36:29.305 +00:00] [INF] [1] Emby.Server.Implementations.ApplicationHost: ServerId: "fa187d5995374f68bb1682aa5a681a70"
[2023-12-06 19:36:29.357 +00:00] [INF] [1] Emby.Server.Implementations.ApplicationHost: Executed all pre-startup entry points in 0:00:00.045875
[2023-12-06 19:36:29.357 +00:00] [INF] [1] Emby.Server.Implementations.ApplicationHost: Core startup complete
[2023-12-06 19:36:29.446 +00:00] [INF] [13] Emby.Server.Implementations.IO.LibraryMonitor: Watching directory "/data/movies"
[2023-12-06 19:36:29.446 +00:00] [INF] [15] Emby.Server.Implementations.IO.LibraryMonitor: Watching directory "/data/shows"
[2023-12-06 19:36:29.449 +00:00] [INF] [1] Emby.Server.Implementations.ApplicationHost: Executed all post-startup entry points in 0:00:00.0919045
[2023-12-06 19:36:29.449 +00:00] [INF] [1] Main: Startup complete 0:00:01.831634
[2023-12-06 19:36:29.687 +00:00] [WRN] [11] Microsoft.EntityFrameworkCore.Model.Validation: The entity type '"AccessSchedule"' is configured to use schema '"jellyfin"', but SQLite does not support schemas. This configuration will be ignored by the SQLite provider.
[2023-12-06 19:36:29.688 +00:00] [WRN] [11] Microsoft.EntityFrameworkCore.Model.Validation: The entity type '"ActivityLog"' is configured to use schema '"jellyfin"', but SQLite does not support schemas. This configuration will be ignored by the SQLite provider.
[2023-12-06 19:36:29.688 +00:00] [WRN] [11] Microsoft.EntityFrameworkCore.Model.Validation: The entity type '"CustomItemDisplayPreferences"' is configured to use schema '"jellyfin"', but SQLite does not support schemas. This configuration will be ignored by the SQLite provider.
[2023-12-06 19:36:29.688 +00:00] [WRN] [11] Microsoft.EntityFrameworkCore.Model.Validation: The entity type '"DisplayPreferences"' is configured to use schema '"jellyfin"', but SQLite does not support schemas. This configuration will be ignored by the SQLite provider.
[2023-12-06 19:36:29.688 +00:00] [WRN] [11] Microsoft.EntityFrameworkCore.Model.Validation: The entity type '"HomeSection"' is configured to use schema '"jellyfin"', but SQLite does not support schemas. This configuration will be ignored by the SQLite provider.
[2023-12-06 19:36:29.688 +00:00] [WRN] [11] Microsoft.EntityFrameworkCore.Model.Validation: The entity type '"ImageInfo"' is configured to use schema '"jellyfin"', but SQLite does not support schemas. This configuration will be ignored by the SQLite provider.
[2023-12-06 19:36:29.688 +00:00] [WRN] [11] Microsoft.EntityFrameworkCore.Model.Validation: The entity type '"ItemDisplayPreferences"' is configured to use schema '"jellyfin"', but SQLite does not support schemas. This configuration will be ignored by the SQLite provider.
[2023-12-06 19:36:29.688 +00:00] [WRN] [11] Microsoft.EntityFrameworkCore.Model.Validation: The entity type '"Permission"' is configured to use schema '"jellyfin"', but SQLite does not support schemas. This configuration will be ignored by the SQLite provider.
[2023-12-06 19:36:29.688 +00:00] [WRN] [11] Microsoft.EntityFrameworkCore.Model.Validation: The entity type '"Preference"' is configured to use schema '"jellyfin"', but SQLite does not support schemas. This configuration will be ignored by the SQLite provider.
[2023-12-06 19:36:29.688 +00:00] [WRN] [11] Microsoft.EntityFrameworkCore.Model.Validation: The entity type '"ApiKey"' is configured to use schema '"jellyfin"', but SQLite does not support schemas. This configuration will be ignored by the SQLite provider.
[2023-12-06 19:36:29.688 +00:00] [WRN] [11] Microsoft.EntityFrameworkCore.Model.Validation: The entity type '"Device"' is configured to use schema '"jellyfin"', but SQLite does not support schemas. This configuration will be ignored by the SQLite provider.
[2023-12-06 19:36:29.688 +00:00] [WRN] [11] Microsoft.EntityFrameworkCore.Model.Validation: The entity type '"DeviceOptions"' is configured to use schema '"jellyfin"', but SQLite does not support schemas. This configuration will be ignored by the SQLite provider.
[2023-12-06 19:36:29.688 +00:00] [WRN] [11] Microsoft.EntityFrameworkCore.Model.Validation: The entity type '"User"' is configured to use schema '"jellyfin"', but SQLite does not support schemas. This configuration will be ignored by the SQLite provider.
[2023-12-06 19:36:32.100 +00:00] [INF] [15] Emby.Server.Implementations.ScheduledTasks.TaskManager: "StartupTrigger" fired for task: "Update Plugins"
[2023-12-06 19:36:32.101 +00:00] [INF] [15] Emby.Server.Implementations.ScheduledTasks.TaskManager: Queuing task "PluginUpdateTask"
[2023-12-06 19:36:32.102 +00:00] [INF] [11] Emby.Server.Implementations.ScheduledTasks.TaskManager: Executing "Update Plugins"
[2023-12-06 19:36:32.760 +00:00] [INF] [8] Emby.Server.Implementations.ScheduledTasks.TaskManager: "Update Plugins" Completed after 0 minute(s) and 0 seconds
[2023-12-06 19:36:32.766 +00:00] [INF] [8] Emby.Server.Implementations.ScheduledTasks.TaskManager: ExecuteQueuedTasks
[2023-12-06 19:36:33.298 +00:00] [INF] [11] Emby.Server.Implementations.HttpServer.WebSocketManager: WS "172.17.0.1" request
[2023-12-06 19:52:00.634 +00:00] [INF] [2] Main: Received a SIGTERM signal, shutting down
[2023-12-06 19:52:00.634 +00:00] [INF] [2] Main: Running query planner optimizations in the database... This might take a while
[2023-12-06 19:52:00.639 +00:00] [INF] [2] Emby.Server.Implementations.ApplicationHost: Disposing "CoreAppHost"
[2023-12-06 19:52:00.639 +00:00] [INF] [2] Emby.Server.Implementations.ApplicationHost: Disposing "DeviceAccessEntryPoint"
[2023-12-06 19:52:00.639 +00:00] [INF] [2] Emby.Server.Implementations.ApplicationHost: Disposing "LibraryMonitorStartup"
[2023-12-06 19:52:00.639 +00:00] [INF] [2] Emby.Server.Implementations.ApplicationHost: Disposing "DlnaEntryPoint"
[2023-12-06 19:52:00.639 +00:00] [INF] [2] Emby.Dlna.Main.DlnaEntryPoint: Disposing PlayToManager
[2023-12-06 19:52:00.640 +00:00] [INF] [2] Emby.Dlna.Main.DlnaEntryPoint: Disposing DeviceDiscovery
[2023-12-06 19:52:00.640 +00:00] [INF] [2] Emby.Dlna.Main.DlnaEntryPoint: Disposing SsdpCommunicationsServer
[2023-12-06 19:52:00.640 +00:00] [INF] [2] Emby.Dlna.Main.DlnaEntryPoint: "SsdpCommunicationsServer" disposing _BroadcastListenSocket
[2023-12-06 19:52:00.641 +00:00] [INF] [2] Emby.Dlna.Main.DlnaEntryPoint: "SsdpCommunicationsServer" Disposing 3 sendSockets
[2023-12-06 19:52:00.641 +00:00] [INF] [2] Emby.Dlna.Main.DlnaEntryPoint: "SsdpCommunicationsServer" disposing sendSocket from "0.0.0.0"
[2023-12-06 19:52:00.641 +00:00] [INF] [2] Emby.Dlna.Main.DlnaEntryPoint: "SsdpCommunicationsServer" disposing sendSocket from "172.17.0.2"
[2023-12-06 19:52:00.641 +00:00] [INF] [2] Emby.Dlna.Main.DlnaEntryPoint: "SsdpCommunicationsServer" disposing sendSocket from "127.0.0.1"
[2023-12-06 19:52:00.641 +00:00] [INF] [2] Emby.Server.Implementations.ApplicationHost: Disposing "LibraryChangedNotifier"
[2023-12-06 19:52:00.642 +00:00] [INF] [2] Emby.Server.Implementations.ApplicationHost: Disposing "RecordingNotifier"
[2023-12-06 19:52:00.643 +00:00] [INF] [2] Emby.Server.Implementations.ApplicationHost: Disposing "UdpServerEntryPoint"
[2023-12-06 19:52:00.643 +00:00] [INF] [2] Emby.Server.Implementations.ApplicationHost: Disposing "EntryPoint"
[2023-12-06 19:52:00.643 +00:00] [INF] [2] Emby.Server.Implementations.ApplicationHost: Disposing "MusicBrainzAlbumProvider"
[2023-12-06 19:52:00.643 +00:00] [INF] [2] Emby.Server.Implementations.ApplicationHost: Disposing "EntryPoint"
[2023-12-06 19:52:00.643 +00:00] [INF] [2] Emby.Server.Implementations.ApplicationHost: Disposing "ExternalPortForwarding"
[2023-12-06 19:52:00.644 +00:00] [INF] [2] Emby.Server.Implementations.EntryPoints.ExternalPortForwarding: Stopping NAT discovery
[2023-12-06 19:52:00.645 +00:00] [INF] [2] Emby.Server.Implementations.ApplicationHost: Disposing "SchedulesDirect"
[2023-12-06 19:52:00.645 +00:00] [INF] [2] Emby.Server.Implementations.ApplicationHost: Disposing "UserDataChangeNotifier"
[2023-12-06 19:52:00.645 +00:00] [INF] [2] Emby.Server.Implementations.ApplicationHost: Disposing "EmbyTV"
[2023-12-06 19:52:00.646 +00:00] [INF] [2] Emby.Server.Implementations.ApplicationHost: Disposing "NotificationEntryPoint"
[2023-12-06 20:26:04.027 +00:00] [INF] [1] Main: Jellyfin version: "10.8.12"
[2023-12-06 20:26:04.038 +00:00] [INF] [1] Main: Environment Variables: ["[JELLYFIN_DATA_DIR, /config/data]", "[JELLYFIN_CACHE_DIR, /config/cache]", "[JELLYFIN_LOG_DIR, /config/log]", "[JELLYFIN_CONFIG_DIR, /config]", "[JELLYFIN_WEB_DIR, /usr/share/jellyfin/web]"]
[2023-12-06 20:26:04.039 +00:00] [INF] [1] Main: Arguments: ["/usr/lib/jellyfin/bin/jellyfin.dll", "--ffmpeg=/usr/lib/jellyfin-ffmpeg/ffmpeg"]
[2023-12-06 20:26:04.040 +00:00] [INF] [1] Main: Operating system: "Linux"
[2023-12-06 20:26:04.040 +00:00] [INF] [1] Main: Architecture: X64
[2023-12-06 20:26:04.040 +00:00] [INF] [1] Main: 64-Bit Process: True
[2023-12-06 20:26:04.040 +00:00] [INF] [1] Main: User Interactive: True
[2023-12-06 20:26:04.040 +00:00] [INF] [1] Main: Processor count: 32
[2023-12-06 20:26:04.040 +00:00] [INF] [1] Main: Program data path: "/config/data"
[2023-12-06 20:26:04.040 +00:00] [INF] [1] Main: Web resources path: "/usr/share/jellyfin/web"
[2023-12-06 20:26:04.040 +00:00] [INF] [1] Main: Application directory: "/usr/lib/jellyfin/bin/"
[2023-12-06 20:26:04.114 +00:00] [INF] [1] Emby.Server.Implementations.AppBase.BaseConfigurationManager: Setting cache path: "/config/cache"
[2023-12-06 20:26:04.124 +00:00] [INF] [1] Emby.Server.Implementations.ApplicationHost: Loading assemblies
[2023-12-06 20:26:04.177 +00:00] [INF] [1] Jellyfin.Networking.Manager.NetworkManager: Defined LAN addresses : "[10.0.0.0/8,172.16.0.0/12,192.168.0.0/16]"
[2023-12-06 20:26:04.177 +00:00] [INF] [1] Jellyfin.Networking.Manager.NetworkManager: Defined LAN exclusions : "[]"
[2023-12-06 20:26:04.177 +00:00] [INF] [1] Jellyfin.Networking.Manager.NetworkManager: Using LAN addresses: "[10.0.0.0/8,172.16.0.0/12,192.168.0.0/16]"
[2023-12-06 20:26:04.181 +00:00] [INF] [1] Jellyfin.Networking.Manager.NetworkManager: Using bind addresses: "[]"
[2023-12-06 20:26:04.181 +00:00] [INF] [1] Jellyfin.Networking.Manager.NetworkManager: Using bind exclusions: "[]"
[2023-12-06 20:26:05.163 +00:00] [INF] [1] Emby.Server.Implementations.Plugins.PluginManager: Loaded plugin: "TMDb" "10.8.12.0"
[2023-12-06 20:26:05.163 +00:00] [INF] [1] Emby.Server.Implementations.Plugins.PluginManager: Loaded plugin: "Studio Images" "10.8.12.0"
[2023-12-06 20:26:05.164 +00:00] [INF] [1] Emby.Server.Implementations.Plugins.PluginManager: Loaded plugin: "OMDb" "10.8.12.0"
[2023-12-06 20:26:05.164 +00:00] [INF] [1] Emby.Server.Implementations.Plugins.PluginManager: Loaded plugin: "MusicBrainz" "10.8.12.0"
[2023-12-06 20:26:05.164 +00:00] [INF] [1] Emby.Server.Implementations.Plugins.PluginManager: Loaded plugin: "AudioDB" "10.8.12.0"
[2023-12-06 20:26:05.194 +00:00] [INF] [1] Main: Kestrel listening on "Any IP4 Address"
[2023-12-06 20:26:05.224 +00:00] [WRN] [1] Microsoft.AspNetCore.DataProtection.Repositories.EphemeralXmlRepository: Using an in-memory repository. Keys will not be persisted to storage.
[2023-12-06 20:26:05.224 +00:00] [WRN] [1] Microsoft.AspNetCore.DataProtection.KeyManagement.XmlKeyManager: Neither user profile nor HKLM registry available. Using an ephemeral key repository. Protected data will be unavailable when application exits.
[2023-12-06 20:26:05.352 +00:00] [WRN] [1] Microsoft.AspNetCore.DataProtection.KeyManagement.XmlKeyManager: No XML encryptor configured. Key {6fbb8408-daba-4bad-8874-43e4abf58307} may be persisted to storage in unencrypted form.
[2023-12-06 20:26:05.364 +00:00] [INF] [1] Emby.Server.Implementations.ApplicationHost: Running startup tasks
[2023-12-06 20:26:05.390 +00:00] [INF] [1] Emby.Server.Implementations.ScheduledTasks.TaskManager: Daily trigger for "Extract Chapter Images" set to fire at 2023-12-07 02:00:00.000 +00:00, which is 05:33:54.6100395 from now.
[2023-12-06 20:26:05.419 +00:00] [INF] [1] MediaBrowser.MediaEncoding.Encoder.MediaEncoder: Found ffmpeg version "5.1.3"
[2023-12-06 20:26:05.440 +00:00] [INF] [1] MediaBrowser.MediaEncoding.Encoder.MediaEncoder: Available "decoders": ["libdav1d", "av1", "av1_cuvid", "av1_qsv", "h264", "h264_qsv", "h264_cuvid", "hevc", "hevc_qsv", "hevc_cuvid", "mpeg2video", "mpeg2_qsv", "mpeg2_cuvid", "mpeg4", "mpeg4_cuvid", "msmpeg4", "vc1_qsv", "vc1_cuvid", "vp8", "libvpx", "vp8_cuvid", "vp8_qsv", "vp9", "libvpx-vp9", "vp9_cuvid", "vp9_qsv", "aac", "ac3", "dca", "flac", "mp3", "truehd"]
[2023-12-06 20:26:05.454 +00:00] [INF] [1] MediaBrowser.MediaEncoding.Encoder.MediaEncoder: Available "encoders": ["libx264", "h264_amf", "h264_nvenc", "h264_qsv", "h264_v4l2m2m", "h264_vaapi", "libx265", "hevc_amf", "hevc_nvenc", "hevc_qsv", "hevc_vaapi", "mpeg4", "msmpeg4", "libvpx", "libvpx-vp9", "aac", "libfdk_aac", "ac3", "dca", "flac", "libmp3lame", "libopus", "truehd", "libvorbis", "srt"]
[2023-12-06 20:26:05.466 +00:00] [INF] [1] MediaBrowser.MediaEncoding.Encoder.MediaEncoder: Available filters: ["deinterlace_qsv", "deinterlace_vaapi", "hwupload_cuda", "hwupload_vaapi", "overlay_opencl", "overlay_qsv", "overlay_vaapi", "overlay_cuda", "procamp_vaapi", "scale_cuda", "scale_opencl", "scale_qsv", "scale_vaapi", "tonemap_cuda", "tonemap_opencl", "tonemap_vaapi", "vpp_qsv", "yadif_cuda", "zscale", "alphasrc"]
[2023-12-06 20:26:05.530 +00:00] [INF] [1] MediaBrowser.MediaEncoding.Encoder.MediaEncoder: Available hwaccel types: ["cuda", "vaapi", "qsv", "drm", "opencl", "vulkan"]
[2023-12-06 20:26:05.599 +00:00] [INF] [1] MediaBrowser.MediaEncoding.Encoder.MediaEncoder: FFmpeg: "/usr/lib/jellyfin-ffmpeg/ffmpeg"
[2023-12-06 20:26:05.600 +00:00] [INF] [1] Emby.Server.Implementations.ApplicationHost: ServerId: "fa187d5995374f68bb1682aa5a681a70"
[2023-12-06 20:26:05.651 +00:00] [INF] [1] Emby.Server.Implementations.ApplicationHost: Executed all pre-startup entry points in 0:00:00.0461548
[2023-12-06 20:26:05.651 +00:00] [INF] [1] Emby.Server.Implementations.ApplicationHost: Core startup complete
[2023-12-06 20:26:05.741 +00:00] [INF] [13] Emby.Server.Implementations.IO.LibraryMonitor: Watching directory "/data/movies"
[2023-12-06 20:26:05.741 +00:00] [INF] [15] Emby.Server.Implementations.IO.LibraryMonitor: Watching directory "/data/shows"
[2023-12-06 20:26:05.744 +00:00] [INF] [1] Emby.Server.Implementations.ApplicationHost: Executed all post-startup entry points in 0:00:00.0923874
[2023-12-06 20:26:05.744 +00:00] [INF] [1] Main: Startup complete 0:00:01.7986242
[2023-12-06 20:26:06.044 +00:00] [WRN] [10] Microsoft.EntityFrameworkCore.Model.Validation: The entity type '"AccessSchedule"' is configured to use schema '"jellyfin"', but SQLite does not support schemas. This configuration will be ignored by the SQLite provider.
[2023-12-06 20:26:06.045 +00:00] [WRN] [10] Microsoft.EntityFrameworkCore.Model.Validation: The entity type '"ActivityLog"' is configured to use schema '"jellyfin"', but SQLite does not support schemas. This configuration will be ignored by the SQLite provider.
[2023-12-06 20:26:06.045 +00:00] [WRN] [10] Microsoft.EntityFrameworkCore.Model.Validation: The entity type '"CustomItemDisplayPreferences"' is configured to use schema '"jellyfin"', but SQLite does not support schemas. This configuration will be ignored by the SQLite provider.
[2023-12-06 20:26:06.045 +00:00] [WRN] [10] Microsoft.EntityFrameworkCore.Model.Validation: The entity type '"DisplayPreferences"' is configured to use schema '"jellyfin"', but SQLite does not support schemas. This configuration will be ignored by the SQLite provider.
[2023-12-06 20:26:06.045 +00:00] [WRN] [10] Microsoft.EntityFrameworkCore.Model.Validation: The entity type '"HomeSection"' is configured to use schema '"jellyfin"', but SQLite does not support schemas. This configuration will be ignored by the SQLite provider.
[2023-12-06 20:26:06.045 +00:00] [WRN] [10] Microsoft.EntityFrameworkCore.Model.Validation: The entity type '"ImageInfo"' is configured to use schema '"jellyfin"', but SQLite does not support schemas. This configuration will be ignored by the SQLite provider.
[2023-12-06 20:26:06.045 +00:00] [WRN] [10] Microsoft.EntityFrameworkCore.Model.Validation: The entity type '"ItemDisplayPreferences"' is configured to use schema '"jellyfin"', but SQLite does not support schemas. This configuration will be ignored by the SQLite provider.
[2023-12-06 20:26:06.045 +00:00] [WRN] [10] Microsoft.EntityFrameworkCore.Model.Validation: The entity type '"Permission"' is configured to use schema '"jellyfin"', but SQLite does not support schemas. This configuration will be ignored by the SQLite provider.
[2023-12-06 20:26:06.045 +00:00] [WRN] [10] Microsoft.EntityFrameworkCore.Model.Validation: The entity type '"Preference"' is configured to use schema '"jellyfin"', but SQLite does not support schemas. This configuration will be ignored by the SQLite provider.
[2023-12-06 20:26:06.045 +00:00] [WRN] [10] Microsoft.EntityFrameworkCore.Model.Validation: The entity type '"ApiKey"' is configured to use schema '"jellyfin"', but SQLite does not support schemas. This configuration will be ignored by the SQLite provider.
[2023-12-06 20:26:06.045 +00:00] [WRN] [10] Microsoft.EntityFrameworkCore.Model.Validation: The entity type '"Device"' is configured to use schema '"jellyfin"', but SQLite does not support schemas. This configuration will be ignored by the SQLite provider.
[2023-12-06 20:26:06.045 +00:00] [WRN] [10] Microsoft.EntityFrameworkCore.Model.Validation: The entity type '"DeviceOptions"' is configured to use schema '"jellyfin"', but SQLite does not support schemas. This configuration will be ignored by the SQLite provider.
[2023-12-06 20:26:06.045 +00:00] [WRN] [10] Microsoft.EntityFrameworkCore.Model.Validation: The entity type '"User"' is configured to use schema '"jellyfin"', but SQLite does not support schemas. This configuration will be ignored by the SQLite provider.
[2023-12-06 20:26:08.393 +00:00] [INF] [15] Emby.Server.Implementations.ScheduledTasks.TaskManager: "StartupTrigger" fired for task: "Update Plugins"
[2023-12-06 20:26:08.394 +00:00] [INF] [15] Emby.Server.Implementations.ScheduledTasks.TaskManager: Queuing task "PluginUpdateTask"
[2023-12-06 20:26:08.396 +00:00] [INF] [10] Emby.Server.Implementations.ScheduledTasks.TaskManager: Executing "Update Plugins"
[2023-12-06 20:26:08.759 +00:00] [INF] [21] Emby.Server.Implementations.HttpServer.WebSocketManager: WS "172.17.0.1" request
[2023-12-06 20:26:09.112 +00:00] [INF] [21] Emby.Server.Implementations.ScheduledTasks.TaskManager: "Update Plugins" Completed after 0 minute(s) and 0 seconds
[2023-12-06 20:26:09.116 +00:00] [INF] [21] Emby.Server.Implementations.ScheduledTasks.TaskManager: ExecuteQueuedTasks
[2023-12-06 20:26:31.556 +00:00] [INF] [2] Main: Received a SIGTERM signal, shutting down
[2023-12-06 20:26:31.557 +00:00] [INF] [2] Main: Running query planner optimizations in the database... This might take a while
[2023-12-06 20:26:31.562 +00:00] [INF] [2] Emby.Server.Implementations.ApplicationHost: Disposing "CoreAppHost"
[2023-12-06 20:26:31.562 +00:00] [INF] [2] Emby.Server.Implementations.ApplicationHost: Disposing "DeviceAccessEntryPoint"
[2023-12-06 20:26:31.562 +00:00] [INF] [2] Emby.Server.Implementations.ApplicationHost: Disposing "LibraryMonitorStartup"
[2023-12-06 20:26:31.562 +00:00] [INF] [2] Emby.Server.Implementations.ApplicationHost: Disposing "DlnaEntryPoint"
[2023-12-06 20:26:31.562 +00:00] [INF] [2] Emby.Dlna.Main.DlnaEntryPoint: Disposing PlayToManager
[2023-12-06 20:26:31.563 +00:00] [INF] [2] Emby.Dlna.Main.DlnaEntryPoint: Disposing DeviceDiscovery
[2023-12-06 20:26:31.563 +00:00] [INF] [2] Emby.Dlna.Main.DlnaEntryPoint: Disposing SsdpCommunicationsServer
[2023-12-06 20:26:31.563 +00:00] [INF] [2] Emby.Dlna.Main.DlnaEntryPoint: "SsdpCommunicationsServer" disposing _BroadcastListenSocket
[2023-12-06 20:26:31.564 +00:00] [INF] [2] Emby.Dlna.Main.DlnaEntryPoint: "SsdpCommunicationsServer" Disposing 3 sendSockets
[2023-12-06 20:26:31.564 +00:00] [INF] [2] Emby.Dlna.Main.DlnaEntryPoint: "SsdpCommunicationsServer" disposing sendSocket from "0.0.0.0"
[2023-12-06 20:26:31.564 +00:00] [INF] [2] Emby.Dlna.Main.DlnaEntryPoint: "SsdpCommunicationsServer" disposing sendSocket from "172.17.0.2"
[2023-12-06 20:26:31.564 +00:00] [INF] [2] Emby.Dlna.Main.DlnaEntryPoint: "SsdpCommunicationsServer" disposing sendSocket from "127.0.0.1"
[2023-12-06 20:26:31.564 +00:00] [INF] [2] Emby.Server.Implementations.ApplicationHost: Disposing "LibraryChangedNotifier"
[2023-12-06 20:26:31.565 +00:00] [INF] [2] Emby.Server.Implementations.ApplicationHost: Disposing "RecordingNotifier"
[2023-12-06 20:26:31.566 +00:00] [INF] [2] Emby.Server.Implementations.ApplicationHost: Disposing "UdpServerEntryPoint"
[2023-12-06 20:26:31.566 +00:00] [INF] [2] Emby.Server.Implementations.ApplicationHost: Disposing "EntryPoint"
[2023-12-06 20:26:31.566 +00:00] [INF] [2] Emby.Server.Implementations.ApplicationHost: Disposing "MusicBrainzAlbumProvider"
[2023-12-06 20:26:31.566 +00:00] [INF] [2] Emby.Server.Implementations.ApplicationHost: Disposing "EntryPoint"
[2023-12-06 20:26:31.566 +00:00] [INF] [2] Emby.Server.Implementations.ApplicationHost: Disposing "ExternalPortForwarding"
[2023-12-06 20:26:31.567 +00:00] [INF] [2] Emby.Server.Implementations.EntryPoints.ExternalPortForwarding: Stopping NAT discovery
[2023-12-06 20:26:31.568 +00:00] [INF] [2] Emby.Server.Implementations.ApplicationHost: Disposing "SchedulesDirect"
[2023-12-06 20:26:31.568 +00:00] [INF] [2] Emby.Server.Implementations.ApplicationHost: Disposing "UserDataChangeNotifier"
[2023-12-06 20:26:31.568 +00:00] [INF] [2] Emby.Server.Implementations.ApplicationHost: Disposing "EmbyTV"
[2023-12-06 20:26:31.569 +00:00] [INF] [2] Emby.Server.Implementations.ApplicationHost: Disposing "NotificationEntryPoint"
[2023-12-06 20:26:59.163 +00:00] [INF] [1] Main: Jellyfin version: "10.8.12"
[2023-12-06 20:26:59.173 +00:00] [INF] [1] Main: Environment Variables: ["[JELLYFIN_WEB_DIR, /usr/share/jellyfin/web]", "[JELLYFIN_LOG_DIR, /config/log]", "[JELLYFIN_CACHE_DIR, /config/cache]", "[JELLYFIN_CONFIG_DIR, /config]", "[JELLYFIN_DATA_DIR, /config/data]"]
[2023-12-06 20:26:59.174 +00:00] [INF] [1] Main: Arguments: ["/usr/lib/jellyfin/bin/jellyfin.dll", "--ffmpeg=/usr/lib/jellyfin-ffmpeg/ffmpeg"]
[2023-12-06 20:26:59.175 +00:00] [INF] [1] Main: Operating system: "Linux"
[2023-12-06 20:26:59.175 +00:00] [INF] [1] Main: Architecture: X64
[2023-12-06 20:26:59.175 +00:00] [INF] [1] Main: 64-Bit Process: True
[2023-12-06 20:26:59.175 +00:00] [INF] [1] Main: User Interactive: True
[2023-12-06 20:26:59.175 +00:00] [INF] [1] Main: Processor count: 32
[2023-12-06 20:26:59.175 +00:00] [INF] [1] Main: Program data path: "/config/data"
[2023-12-06 20:26:59.175 +00:00] [INF] [1] Main: Web resources path: "/usr/share/jellyfin/web"
[2023-12-06 20:26:59.175 +00:00] [INF] [1] Main: Application directory: "/usr/lib/jellyfin/bin/"
[2023-12-06 20:26:59.247 +00:00] [INF] [1] Emby.Server.Implementations.AppBase.BaseConfigurationManager: Setting cache path: "/config/cache"
[2023-12-06 20:26:59.256 +00:00] [INF] [1] Emby.Server.Implementations.ApplicationHost: Loading assemblies
[2023-12-06 20:26:59.307 +00:00] [INF] [1] Jellyfin.Networking.Manager.NetworkManager: Defined LAN addresses : "[10.0.0.0/8,172.16.0.0/12,192.168.0.0/16]"
[2023-12-06 20:26:59.307 +00:00] [INF] [1] Jellyfin.Networking.Manager.NetworkManager: Defined LAN exclusions : "[]"
[2023-12-06 20:26:59.308 +00:00] [INF] [1] Jellyfin.Networking.Manager.NetworkManager: Using LAN addresses: "[10.0.0.0/8,172.16.0.0/12,192.168.0.0/16]"
[2023-12-06 20:26:59.311 +00:00] [INF] [1] Jellyfin.Networking.Manager.NetworkManager: Using bind addresses: "[]"
[2023-12-06 20:26:59.312 +00:00] [INF] [1] Jellyfin.Networking.Manager.NetworkManager: Using bind exclusions: "[]"
[2023-12-06 20:27:00.272 +00:00] [INF] [1] Emby.Server.Implementations.Plugins.PluginManager: Loaded plugin: "TMDb" "10.8.12.0"
[2023-12-06 20:27:00.272 +00:00] [INF] [1] Emby.Server.Implementations.Plugins.PluginManager: Loaded plugin: "Studio Images" "10.8.12.0"
[2023-12-06 20:27:00.273 +00:00] [INF] [1] Emby.Server.Implementations.Plugins.PluginManager: Loaded plugin: "OMDb" "10.8.12.0"
[2023-12-06 20:27:00.273 +00:00] [INF] [1] Emby.Server.Implementations.Plugins.PluginManager: Loaded plugin: "MusicBrainz" "10.8.12.0"
[2023-12-06 20:27:00.273 +00:00] [INF] [1] Emby.Server.Implementations.Plugins.PluginManager: Loaded plugin: "AudioDB" "10.8.12.0"
[2023-12-06 20:27:00.302 +00:00] [INF] [1] Main: Kestrel listening on "Any IP4 Address"
[2023-12-06 20:27:00.331 +00:00] [WRN] [1] Microsoft.AspNetCore.DataProtection.Repositories.EphemeralXmlRepository: Using an in-memory repository. Keys will not be persisted to storage.
[2023-12-06 20:27:00.331 +00:00] [WRN] [1] Microsoft.AspNetCore.DataProtection.KeyManagement.XmlKeyManager: Neither user profile nor HKLM registry available. Using an ephemeral key repository. Protected data will be unavailable when application exits.
[2023-12-06 20:27:00.457 +00:00] [WRN] [1] Microsoft.AspNetCore.DataProtection.KeyManagement.XmlKeyManager: No XML encryptor configured. Key {1dbee621-0b08-45d1-a371-b6e45b2da840} may be persisted to storage in unencrypted form.
[2023-12-06 20:27:00.469 +00:00] [INF] [1] Emby.Server.Implementations.ApplicationHost: Running startup tasks
[2023-12-06 20:27:00.495 +00:00] [INF] [1] Emby.Server.Implementations.ScheduledTasks.TaskManager: Daily trigger for "Extract Chapter Images" set to fire at 2023-12-07 02:00:00.000 +00:00, which is 05:32:59.5049443 from now.
[2023-12-06 20:27:00.524 +00:00] [INF] [1] MediaBrowser.MediaEncoding.Encoder.MediaEncoder: Found ffmpeg version "5.1.3"
[2023-12-06 20:27:00.547 +00:00] [INF] [1] MediaBrowser.MediaEncoding.Encoder.MediaEncoder: Available "decoders": ["libdav1d", "av1", "av1_cuvid", "av1_qsv", "h264", "h264_qsv", "h264_cuvid", "hevc", "hevc_qsv", "hevc_cuvid", "mpeg2video", "mpeg2_qsv", "mpeg2_cuvid", "mpeg4", "mpeg4_cuvid", "msmpeg4", "vc1_qsv", "vc1_cuvid", "vp8", "libvpx", "vp8_cuvid", "vp8_qsv", "vp9", "libvpx-vp9", "vp9_cuvid", "vp9_qsv", "aac", "ac3", "dca", "flac", "mp3", "truehd"]
[2023-12-06 20:27:00.561 +00:00] [INF] [1] MediaBrowser.MediaEncoding.Encoder.MediaEncoder: Available "encoders": ["libx264", "h264_amf", "h264_nvenc", "h264_qsv", "h264_v4l2m2m", "h264_vaapi", "libx265", "hevc_amf", "hevc_nvenc", "hevc_qsv", "hevc_vaapi", "mpeg4", "msmpeg4", "libvpx", "libvpx-vp9", "aac", "libfdk_aac", "ac3", "dca", "flac", "libmp3lame", "libopus", "truehd", "libvorbis", "srt"]
[2023-12-06 20:27:00.573 +00:00] [INF] [1] MediaBrowser.MediaEncoding.Encoder.MediaEncoder: Available filters: ["deinterlace_qsv", "deinterlace_vaapi", "hwupload_cuda", "hwupload_vaapi", "overlay_opencl", "overlay_qsv", "overlay_vaapi", "overlay_cuda", "procamp_vaapi", "scale_cuda", "scale_opencl", "scale_qsv", "scale_vaapi", "tonemap_cuda", "tonemap_opencl", "tonemap_vaapi", "vpp_qsv", "yadif_cuda", "zscale", "alphasrc"]
[2023-12-06 20:27:00.642 +00:00] [INF] [1] MediaBrowser.MediaEncoding.Encoder.MediaEncoder: Available hwaccel types: ["cuda", "vaapi", "qsv", "drm", "opencl", "vulkan"]
[2023-12-06 20:27:00.713 +00:00] [INF] [1] MediaBrowser.MediaEncoding.Encoder.MediaEncoder: FFmpeg: "/usr/lib/jellyfin-ffmpeg/ffmpeg"
[2023-12-06 20:27:00.713 +00:00] [INF] [1] Emby.Server.Implementations.ApplicationHost: ServerId: "fa187d5995374f68bb1682aa5a681a70"
[2023-12-06 20:27:00.774 +00:00] [INF] [1] Emby.Server.Implementations.ApplicationHost: Executed all pre-startup entry points in 0:00:00.0558176
[2023-12-06 20:27:00.774 +00:00] [INF] [1] Emby.Server.Implementations.ApplicationHost: Core startup complete
[2023-12-06 20:27:00.862 +00:00] [INF] [11] Emby.Server.Implementations.IO.LibraryMonitor: Watching directory "/data/movies"
[2023-12-06 20:27:00.862 +00:00] [INF] [21] Emby.Server.Implementations.IO.LibraryMonitor: Watching directory "/data/shows"
[2023-12-06 20:27:00.864 +00:00] [INF] [1] Emby.Server.Implementations.ApplicationHost: Executed all post-startup entry points in 0:00:00.0894324
[2023-12-06 20:27:00.864 +00:00] [INF] [1] Main: Startup complete 0:00:01.7812374
[2023-12-06 20:27:01.066 +00:00] [WRN] [21] Microsoft.EntityFrameworkCore.Model.Validation: The entity type '"AccessSchedule"' is configured to use schema '"jellyfin"', but SQLite does not support schemas. This configuration will be ignored by the SQLite provider.
[2023-12-06 20:27:01.066 +00:00] [WRN] [21] Microsoft.EntityFrameworkCore.Model.Validation: The entity type '"ActivityLog"' is configured to use schema '"jellyfin"', but SQLite does not support schemas. This configuration will be ignored by the SQLite provider.
[2023-12-06 20:27:01.067 +00:00] [WRN] [21] Microsoft.EntityFrameworkCore.Model.Validation: The entity type '"CustomItemDisplayPreferences"' is configured to use schema '"jellyfin"', but SQLite does not support schemas. This configuration will be ignored by the SQLite provider.
[2023-12-06 20:27:01.067 +00:00] [WRN] [21] Microsoft.EntityFrameworkCore.Model.Validation: The entity type '"DisplayPreferences"' is configured to use schema '"jellyfin"', but SQLite does not support schemas. This configuration will be ignored by the SQLite provider.
[2023-12-06 20:27:01.067 +00:00] [WRN] [21] Microsoft.EntityFrameworkCore.Model.Validation: The entity type '"HomeSection"' is configured to use schema '"jellyfin"', but SQLite does not support schemas. This configuration will be ignored by the SQLite provider.
[2023-12-06 20:27:01.067 +00:00] [WRN] [21] Microsoft.EntityFrameworkCore.Model.Validation: The entity type '"ImageInfo"' is configured to use schema '"jellyfin"', but SQLite does not support schemas. This configuration will be ignored by the SQLite provider.
[2023-12-06 20:27:01.067 +00:00] [WRN] [21] Microsoft.EntityFrameworkCore.Model.Validation: The entity type '"ItemDisplayPreferences"' is configured to use schema '"jellyfin"', but SQLite does not support schemas. This configuration will be ignored by the SQLite provider.
[2023-12-06 20:27:01.067 +00:00] [WRN] [21] Microsoft.EntityFrameworkCore.Model.Validation: The entity type '"Permission"' is configured to use schema '"jellyfin"', but SQLite does not support schemas. This configuration will be ignored by the SQLite provider.
[2023-12-06 20:27:01.067 +00:00] [WRN] [21] Microsoft.EntityFrameworkCore.Model.Validation: The entity type '"Preference"' is configured to use schema '"jellyfin"', but SQLite does not support schemas. This configuration will be ignored by the SQLite provider.
[2023-12-06 20:27:01.067 +00:00] [WRN] [21] Microsoft.EntityFrameworkCore.Model.Validation: The entity type '"ApiKey"' is configured to use schema '"jellyfin"', but SQLite does not support schemas. This configuration will be ignored by the SQLite provider.
[2023-12-06 20:27:01.067 +00:00] [WRN] [21] Microsoft.EntityFrameworkCore.Model.Validation: The entity type '"Device"' is configured to use schema '"jellyfin"', but SQLite does not support schemas. This configuration will be ignored by the SQLite provider.
[2023-12-06 20:27:01.067 +00:00] [WRN] [21] Microsoft.EntityFrameworkCore.Model.Validation: The entity type '"DeviceOptions"' is configured to use schema '"jellyfin"', but SQLite does not support schemas. This configuration will be ignored by the SQLite provider.
[2023-12-06 20:27:01.067 +00:00] [WRN] [21] Microsoft.EntityFrameworkCore.Model.Validation: The entity type '"User"' is configured to use schema '"jellyfin"', but SQLite does not support schemas. This configuration will be ignored by the SQLite provider.
[2023-12-06 20:27:03.498 +00:00] [INF] [20] Emby.Server.Implementations.ScheduledTasks.TaskManager: "StartupTrigger" fired for task: "Update Plugins"
[2023-12-06 20:27:03.499 +00:00] [INF] [20] Emby.Server.Implementations.ScheduledTasks.TaskManager: Queuing task "PluginUpdateTask"
[2023-12-06 20:27:03.500 +00:00] [INF] [11] Emby.Server.Implementations.ScheduledTasks.TaskManager: Executing "Update Plugins"
[2023-12-06 20:27:04.070 +00:00] [INF] [21] Emby.Server.Implementations.ScheduledTasks.TaskManager: "Update Plugins" Completed after 0 minute(s) and 0 seconds
[2023-12-06 20:27:04.073 +00:00] [INF] [21] Emby.Server.Implementations.ScheduledTasks.TaskManager: ExecuteQueuedTasks
[2023-12-06 20:27:05.345 +00:00] [INF] [27] Emby.Server.Implementations.HttpServer.WebSocketManager: WS "172.17.0.1" request
[2023-12-06 20:27:34.591 +00:00] [INF] [2] Main: Received a SIGTERM signal, shutting down
[2023-12-06 20:27:34.591 +00:00] [INF] [2] Main: Running query planner optimizations in the database... This might take a while
[2023-12-06 20:27:34.596 +00:00] [INF] [2] Emby.Server.Implementations.ApplicationHost: Disposing "CoreAppHost"
[2023-12-06 20:27:34.596 +00:00] [INF] [2] Emby.Server.Implementations.ApplicationHost: Disposing "DeviceAccessEntryPoint"
[2023-12-06 20:27:34.596 +00:00] [INF] [2] Emby.Server.Implementations.ApplicationHost: Disposing "LibraryMonitorStartup"
[2023-12-06 20:27:34.596 +00:00] [INF] [2] Emby.Server.Implementations.ApplicationHost: Disposing "DlnaEntryPoint"
[2023-12-06 20:27:34.597 +00:00] [INF] [2] Emby.Dlna.Main.DlnaEntryPoint: Disposing PlayToManager
[2023-12-06 20:27:34.597 +00:00] [INF] [2] Emby.Dlna.Main.DlnaEntryPoint: Disposing DeviceDiscovery
[2023-12-06 20:27:34.597 +00:00] [INF] [2] Emby.Dlna.Main.DlnaEntryPoint: Disposing SsdpCommunicationsServer
[2023-12-06 20:27:34.598 +00:00] [INF] [2] Emby.Dlna.Main.DlnaEntryPoint: "SsdpCommunicationsServer" disposing _BroadcastListenSocket
[2023-12-06 20:27:34.598 +00:00] [INF] [2] Emby.Dlna.Main.DlnaEntryPoint: "SsdpCommunicationsServer" Disposing 3 sendSockets
[2023-12-06 20:27:34.598 +00:00] [INF] [2] Emby.Dlna.Main.DlnaEntryPoint: "SsdpCommunicationsServer" disposing sendSocket from "0.0.0.0"
[2023-12-06 20:27:34.598 +00:00] [INF] [2] Emby.Dlna.Main.DlnaEntryPoint: "SsdpCommunicationsServer" disposing sendSocket from "172.17.0.2"
[2023-12-06 20:27:34.599 +00:00] [INF] [2] Emby.Dlna.Main.DlnaEntryPoint: "SsdpCommunicationsServer" disposing sendSocket from "127.0.0.1"
[2023-12-06 20:27:34.599 +00:00] [INF] [2] Emby.Server.Implementations.ApplicationHost: Disposing "LibraryChangedNotifier"
[2023-12-06 20:27:34.599 +00:00] [INF] [2] Emby.Server.Implementations.ApplicationHost: Disposing "RecordingNotifier"
[2023-12-06 20:27:34.600 +00:00] [INF] [2] Emby.Server.Implementations.ApplicationHost: Disposing "UdpServerEntryPoint"
[2023-12-06 20:27:34.600 +00:00] [INF] [2] Emby.Server.Implementations.ApplicationHost: Disposing "EntryPoint"
[2023-12-06 20:27:34.600 +00:00] [INF] [2] Emby.Server.Implementations.ApplicationHost: Disposing "MusicBrainzAlbumProvider"
[2023-12-06 20:27:34.600 +00:00] [INF] [2] Emby.Server.Implementations.ApplicationHost: Disposing "EntryPoint"
[2023-12-06 20:27:34.600 +00:00] [INF] [2] Emby.Server.Implementations.ApplicationHost: Disposing "ExternalPortForwarding"
[2023-12-06 20:27:34.601 +00:00] [INF] [2] Emby.Server.Implementations.EntryPoints.ExternalPortForwarding: Stopping NAT discovery
[2023-12-06 20:27:34.602 +00:00] [INF] [2] Emby.Server.Implementations.ApplicationHost: Disposing "SchedulesDirect"
[2023-12-06 20:27:34.602 +00:00] [INF] [2] Emby.Server.Implementations.ApplicationHost: Disposing "UserDataChangeNotifier"
[2023-12-06 20:27:34.603 +00:00] [INF] [2] Emby.Server.Implementations.ApplicationHost: Disposing "EmbyTV"
[2023-12-06 20:27:34.603 +00:00] [INF] [2] Emby.Server.Implementations.ApplicationHost: Disposing "NotificationEntryPoint"
[2023-12-06 20:27:34.609 +00:00] [INF] [26] Emby.Server.Implementations.HttpServer.WebSocketManager: WS "172.17.0.1" closed
[2023-12-06 20:36:44.348 +00:00] [INF] [1] Main: Jellyfin version: "10.8.12"
[2023-12-06 20:36:44.359 +00:00] [INF] [1] Main: Environment Variables: ["[JELLYFIN_CACHE_DIR, /config/cache]", "[JELLYFIN_WEB_DIR, /usr/share/jellyfin/web]", "[JELLYFIN_CONFIG_DIR, /config]", "[JELLYFIN_DATA_DIR, /config/data]", "[JELLYFIN_LOG_DIR, /config/log]"]
[2023-12-06 20:36:44.361 +00:00] [INF] [1] Main: Arguments: ["/usr/lib/jellyfin/bin/jellyfin.dll", "--ffmpeg=/usr/lib/jellyfin-ffmpeg/ffmpeg"]
[2023-12-06 20:36:44.362 +00:00] [INF] [1] Main: Operating system: "Linux"
[2023-12-06 20:36:44.362 +00:00] [INF] [1] Main: Architecture: X64
[2023-12-06 20:36:44.362 +00:00] [INF] [1] Main: 64-Bit Process: True
[2023-12-06 20:36:44.362 +00:00] [INF] [1] Main: User Interactive: True
[2023-12-06 20:36:44.362 +00:00] [INF] [1] Main: Processor count: 32
[2023-12-06 20:36:44.362 +00:00] [INF] [1] Main: Program data path: "/config/data"
[2023-12-06 20:36:44.362 +00:00] [INF] [1] Main: Web resources path: "/usr/share/jellyfin/web"
[2023-12-06 20:36:44.362 +00:00] [INF] [1] Main: Application directory: "/usr/lib/jellyfin/bin/"
[2023-12-06 20:36:44.440 +00:00] [INF] [1] Emby.Server.Implementations.AppBase.BaseConfigurationManager: Setting cache path: "/config/cache"
[2023-12-06 20:36:44.449 +00:00] [INF] [1] Emby.Server.Implementations.ApplicationHost: Loading assemblies
[2023-12-06 20:36:44.505 +00:00] [INF] [1] Jellyfin.Networking.Manager.NetworkManager: Defined LAN addresses : "[10.0.0.0/8,172.16.0.0/12,192.168.0.0/16]"
[2023-12-06 20:36:44.505 +00:00] [INF] [1] Jellyfin.Networking.Manager.NetworkManager: Defined LAN exclusions : "[]"
[2023-12-06 20:36:44.505 +00:00] [INF] [1] Jellyfin.Networking.Manager.NetworkManager: Using LAN addresses: "[10.0.0.0/8,172.16.0.0/12,192.168.0.0/16]"
[2023-12-06 20:36:44.509 +00:00] [INF] [1] Jellyfin.Networking.Manager.NetworkManager: Using bind addresses: "[]"
[2023-12-06 20:36:44.509 +00:00] [INF] [1] Jellyfin.Networking.Manager.NetworkManager: Using bind exclusions: "[]"
[2023-12-06 20:36:45.539 +00:00] [INF] [1] Emby.Server.Implementations.Plugins.PluginManager: Loaded plugin: "TMDb" "10.8.12.0"
[2023-12-06 20:36:45.539 +00:00] [INF] [1] Emby.Server.Implementations.Plugins.PluginManager: Loaded plugin: "Studio Images" "10.8.12.0"
[2023-12-06 20:36:45.539 +00:00] [INF] [1] Emby.Server.Implementations.Plugins.PluginManager: Loaded plugin: "OMDb" "10.8.12.0"
[2023-12-06 20:36:45.539 +00:00] [INF] [1] Emby.Server.Implementations.Plugins.PluginManager: Loaded plugin: "MusicBrainz" "10.8.12.0"
[2023-12-06 20:36:45.540 +00:00] [INF] [1] Emby.Server.Implementations.Plugins.PluginManager: Loaded plugin: "AudioDB" "10.8.12.0"
[2023-12-06 20:36:45.571 +00:00] [INF] [1] Main: Kestrel listening on "Any IP4 Address"
[2023-12-06 20:36:45.603 +00:00] [WRN] [1] Microsoft.AspNetCore.DataProtection.Repositories.EphemeralXmlRepository: Using an in-memory repository. Keys will not be persisted to storage.
[2023-12-06 20:36:45.603 +00:00] [WRN] [1] Microsoft.AspNetCore.DataProtection.KeyManagement.XmlKeyManager: Neither user profile nor HKLM registry available. Using an ephemeral key repository. Protected data will be unavailable when application exits.
[2023-12-06 20:36:45.739 +00:00] [WRN] [1] Microsoft.AspNetCore.DataProtection.KeyManagement.XmlKeyManager: No XML encryptor configured. Key {a9ee072f-73a2-476d-9e25-a7ed5eb65704} may be persisted to storage in unencrypted form.
[2023-12-06 20:36:45.751 +00:00] [INF] [1] Emby.Server.Implementations.ApplicationHost: Running startup tasks
[2023-12-06 20:36:45.779 +00:00] [INF] [1] Emby.Server.Implementations.ScheduledTasks.TaskManager: Daily trigger for "Extract Chapter Images" set to fire at 2023-12-07 02:00:00.000 +00:00, which is 05:23:14.2210470 from now.
[2023-12-06 20:36:45.809 +00:00] [INF] [1] MediaBrowser.MediaEncoding.Encoder.MediaEncoder: Found ffmpeg version "5.1.3"
[2023-12-06 20:36:45.831 +00:00] [INF] [1] MediaBrowser.MediaEncoding.Encoder.MediaEncoder: Available "decoders": ["libdav1d", "av1", "av1_cuvid", "av1_qsv", "h264", "h264_qsv", "h264_cuvid", "hevc", "hevc_qsv", "hevc_cuvid", "mpeg2video", "mpeg2_qsv", "mpeg2_cuvid", "mpeg4", "mpeg4_cuvid", "msmpeg4", "vc1_qsv", "vc1_cuvid", "vp8", "libvpx", "vp8_cuvid", "vp8_qsv", "vp9", "libvpx-vp9", "vp9_cuvid", "vp9_qsv", "aac", "ac3", "dca", "flac", "mp3", "truehd"]
[2023-12-06 20:36:45.844 +00:00] [INF] [1] MediaBrowser.MediaEncoding.Encoder.MediaEncoder: Available "encoders": ["libx264", "h264_amf", "h264_nvenc", "h264_qsv", "h264_v4l2m2m", "h264_vaapi", "libx265", "hevc_amf", "hevc_nvenc", "hevc_qsv", "hevc_vaapi", "mpeg4", "msmpeg4", "libvpx", "libvpx-vp9", "aac", "libfdk_aac", "ac3", "dca", "flac", "libmp3lame", "libopus", "truehd", "libvorbis", "srt"]
[2023-12-06 20:36:45.855 +00:00] [INF] [1] MediaBrowser.MediaEncoding.Encoder.MediaEncoder: Available filters: ["deinterlace_qsv", "deinterlace_vaapi", "hwupload_cuda", "hwupload_vaapi", "overlay_opencl", "overlay_qsv", "overlay_vaapi", "overlay_cuda", "procamp_vaapi", "scale_cuda", "scale_opencl", "scale_qsv", "scale_vaapi", "tonemap_cuda", "tonemap_opencl", "tonemap_vaapi", "vpp_qsv", "yadif_cuda", "zscale", "alphasrc"]
[2023-12-06 20:36:45.919 +00:00] [INF] [1] MediaBrowser.MediaEncoding.Encoder.MediaEncoder: Available hwaccel types: ["cuda", "vaapi", "qsv", "drm", "opencl", "vulkan"]
[2023-12-06 20:36:45.992 +00:00] [INF] [1] MediaBrowser.MediaEncoding.Encoder.MediaEncoder: FFmpeg: "/usr/lib/jellyfin-ffmpeg/ffmpeg"
[2023-12-06 20:36:45.992 +00:00] [INF] [1] Emby.Server.Implementations.ApplicationHost: ServerId: "fa187d5995374f68bb1682aa5a681a70"
[2023-12-06 20:36:46.048 +00:00] [INF] [1] Emby.Server.Implementations.ApplicationHost: Executed all pre-startup entry points in 0:00:00.0503192
[2023-12-06 20:36:46.049 +00:00] [INF] [1] Emby.Server.Implementations.ApplicationHost: Core startup complete
[2023-12-06 20:36:46.146 +00:00] [INF] [15] Emby.Server.Implementations.IO.LibraryMonitor: Watching directory "/data/movies"
[2023-12-06 20:36:46.146 +00:00] [INF] [28] Emby.Server.Implementations.IO.LibraryMonitor: Watching directory "/data/shows"
[2023-12-06 20:36:46.148 +00:00] [INF] [1] Emby.Server.Implementations.ApplicationHost: Executed all post-startup entry points in 0:00:00.0998917
[2023-12-06 20:36:46.148 +00:00] [INF] [1] Main: Startup complete 0:00:01.8895882
[2023-12-06 20:36:46.228 +00:00] [WRN] [19] Microsoft.EntityFrameworkCore.Model.Validation: The entity type '"AccessSchedule"' is configured to use schema '"jellyfin"', but SQLite does not support schemas. This configuration will be ignored by the SQLite provider.
[2023-12-06 20:36:46.228 +00:00] [WRN] [19] Microsoft.EntityFrameworkCore.Model.Validation: The entity type '"ActivityLog"' is configured to use schema '"jellyfin"', but SQLite does not support schemas. This configuration will be ignored by the SQLite provider.
[2023-12-06 20:36:46.228 +00:00] [WRN] [19] Microsoft.EntityFrameworkCore.Model.Validation: The entity type '"CustomItemDisplayPreferences"' is configured to use schema '"jellyfin"', but SQLite does not support schemas. This configuration will be ignored by the SQLite provider.
[2023-12-06 20:36:46.228 +00:00] [WRN] [19] Microsoft.EntityFrameworkCore.Model.Validation: The entity type '"DisplayPreferences"' is configured to use schema '"jellyfin"', but SQLite does not support schemas. This configuration will be ignored by the SQLite provider.
[2023-12-06 20:36:46.228 +00:00] [WRN] [19] Microsoft.EntityFrameworkCore.Model.Validation: The entity type '"HomeSection"' is configured to use schema '"jellyfin"', but SQLite does not support schemas. This configuration will be ignored by the SQLite provider.
[2023-12-06 20:36:46.228 +00:00] [WRN] [19] Microsoft.EntityFrameworkCore.Model.Validation: The entity type '"ImageInfo"' is configured to use schema '"jellyfin"', but SQLite does not support schemas. This configuration will be ignored by the SQLite provider.
[2023-12-06 20:36:46.229 +00:00] [WRN] [19] Microsoft.EntityFrameworkCore.Model.Validation: The entity type '"ItemDisplayPreferences"' is configured to use schema '"jellyfin"', but SQLite does not support schemas. This configuration will be ignored by the SQLite provider.
[2023-12-06 20:36:46.229 +00:00] [WRN] [19] Microsoft.EntityFrameworkCore.Model.Validation: The entity type '"Permission"' is configured to use schema '"jellyfin"', but SQLite does not support schemas. This configuration will be ignored by the SQLite provider.
[2023-12-06 20:36:46.229 +00:00] [WRN] [19] Microsoft.EntityFrameworkCore.Model.Validation: The entity type '"Preference"' is configured to use schema '"jellyfin"', but SQLite does not support schemas. This configuration will be ignored by the SQLite provider.
[2023-12-06 20:36:46.229 +00:00] [WRN] [19] Microsoft.EntityFrameworkCore.Model.Validation: The entity type '"ApiKey"' is configured to use schema '"jellyfin"', but SQLite does not support schemas. This configuration will be ignored by the SQLite provider.
[2023-12-06 20:36:46.229 +00:00] [WRN] [19] Microsoft.EntityFrameworkCore.Model.Validation: The entity type '"Device"' is configured to use schema '"jellyfin"', but SQLite does not support schemas. This configuration will be ignored by the SQLite provider.
[2023-12-06 20:36:46.229 +00:00] [WRN] [19] Microsoft.EntityFrameworkCore.Model.Validation: The entity type '"DeviceOptions"' is configured to use schema '"jellyfin"', but SQLite does not support schemas. This configuration will be ignored by the SQLite provider.
[2023-12-06 20:36:46.229 +00:00] [WRN] [19] Microsoft.EntityFrameworkCore.Model.Validation: The entity type '"User"' is configured to use schema '"jellyfin"', but SQLite does not support schemas. This configuration will be ignored by the SQLite provider.
[2023-12-06 20:36:48.782 +00:00] [INF] [28] Emby.Server.Implementations.ScheduledTasks.TaskManager: "StartupTrigger" fired for task: "Update Plugins"
[2023-12-06 20:36:48.782 +00:00] [INF] [28] Emby.Server.Implementations.ScheduledTasks.TaskManager: Queuing task "PluginUpdateTask"
[2023-12-06 20:36:48.784 +00:00] [INF] [21] Emby.Server.Implementations.ScheduledTasks.TaskManager: Executing "Update Plugins"
[2023-12-06 20:36:49.521 +00:00] [INF] [29] Emby.Server.Implementations.ScheduledTasks.TaskManager: "Update Plugins" Completed after 0 minute(s) and 0 seconds
[2023-12-06 20:36:49.524 +00:00] [INF] [29] Emby.Server.Implementations.ScheduledTasks.TaskManager: ExecuteQueuedTasks
[2023-12-06 20:41:18.675 +00:00] [INF] [49] Emby.Server.Implementations.HttpServer.WebSocketManager: WS "172.17.0.1" request
[2023-12-06 20:42:06.779 +00:00] [INF] [63] Emby.Server.Implementations.Session.SessionWebSocketListener: Sending ForceKeepAlive message to 1 inactive WebSockets.
[2023-12-06 20:42:18.779 +00:00] [INF] [63] Emby.Server.Implementations.Session.SessionWebSocketListener: Lost 1 WebSockets.
[2023-12-06 20:48:07.577 +00:00] [INF] [2] Main: Received a SIGTERM signal, shutting down
[2023-12-06 20:48:07.577 +00:00] [INF] [2] Main: Running query planner optimizations in the database... This might take a while
[2023-12-06 20:48:07.582 +00:00] [INF] [2] Emby.Server.Implementations.ApplicationHost: Disposing "CoreAppHost"
[2023-12-06 20:48:07.583 +00:00] [INF] [2] Emby.Server.Implementations.ApplicationHost: Disposing "DeviceAccessEntryPoint"
[2023-12-06 20:48:07.583 +00:00] [INF] [2] Emby.Server.Implementations.ApplicationHost: Disposing "LibraryMonitorStartup"
[2023-12-06 20:48:07.583 +00:00] [INF] [2] Emby.Server.Implementations.ApplicationHost: Disposing "DlnaEntryPoint"
[2023-12-06 20:48:07.583 +00:00] [INF] [2] Emby.Dlna.Main.DlnaEntryPoint: Disposing PlayToManager
[2023-12-06 20:48:07.584 +00:00] [INF] [2] Emby.Dlna.Main.DlnaEntryPoint: Disposing DeviceDiscovery
[2023-12-06 20:48:07.584 +00:00] [INF] [2] Emby.Dlna.Main.DlnaEntryPoint: Disposing SsdpCommunicationsServer
[2023-12-06 20:48:07.584 +00:00] [INF] [2] Emby.Dlna.Main.DlnaEntryPoint: "SsdpCommunicationsServer" disposing _BroadcastListenSocket
[2023-12-06 20:48:07.585 +00:00] [INF] [2] Emby.Dlna.Main.DlnaEntryPoint: "SsdpCommunicationsServer" Disposing 3 sendSockets
[2023-12-06 20:48:07.585 +00:00] [INF] [2] Emby.Dlna.Main.DlnaEntryPoint: "SsdpCommunicationsServer" disposing sendSocket from "0.0.0.0"
[2023-12-06 20:48:07.585 +00:00] [INF] [2] Emby.Dlna.Main.DlnaEntryPoint: "SsdpCommunicationsServer" disposing sendSocket from "172.17.0.2"
[2023-12-06 20:48:07.585 +00:00] [INF] [2] Emby.Dlna.Main.DlnaEntryPoint: "SsdpCommunicationsServer" disposing sendSocket from "127.0.0.1"
[2023-12-06 20:48:07.585 +00:00] [INF] [2] Emby.Server.Implementations.ApplicationHost: Disposing "LibraryChangedNotifier"
[2023-12-06 20:48:07.586 +00:00] [INF] [2] Emby.Server.Implementations.ApplicationHost: Disposing "RecordingNotifier"
[2023-12-06 20:48:07.586 +00:00] [INF] [2] Emby.Server.Implementations.ApplicationHost: Disposing "UdpServerEntryPoint"
[2023-12-06 20:48:07.586 +00:00] [INF] [2] Emby.Server.Implementations.ApplicationHost: Disposing "EntryPoint"
[2023-12-06 20:48:07.586 +00:00] [INF] [2] Emby.Server.Implementations.ApplicationHost: Disposing "MusicBrainzAlbumProvider"
[2023-12-06 20:48:07.587 +00:00] [INF] [2] Emby.Server.Implementations.ApplicationHost: Disposing "EntryPoint"
[2023-12-06 20:48:07.587 +00:00] [INF] [2] Emby.Server.Implementations.ApplicationHost: Disposing "ExternalPortForwarding"
[2023-12-06 20:48:07.587 +00:00] [INF] [2] Emby.Server.Implementations.EntryPoints.ExternalPortForwarding: Stopping NAT discovery
[2023-12-06 20:48:07.589 +00:00] [INF] [2] Emby.Server.Implementations.ApplicationHost: Disposing "SchedulesDirect"
[2023-12-06 20:48:07.589 +00:00] [INF] [2] Emby.Server.Implementations.ApplicationHost: Disposing "UserDataChangeNotifier"
[2023-12-06 20:48:07.589 +00:00] [INF] [2] Emby.Server.Implementations.ApplicationHost: Disposing "EmbyTV"
[2023-12-06 20:48:07.589 +00:00] [INF] [2] Emby.Server.Implementations.ApplicationHost: Disposing "NotificationEntryPoint"
