[2025-11-16 00:29:56.777 +00:00] [INF] [1] Emby.Server.Implementations.AppBase.BaseConfigurationManager: Setting cache path: "/config/cache"
[2025-11-16 00:29:56.993 +00:00] [INF] [9] Jellyfin.Server.ServerSetupApp.SetupServer: Kestrel is listening on "0.0.0.0"
[2025-11-16 00:29:57.022 +00:00] [INF] [9] Main: Jellyfin version: "10.11.2"
[2025-11-16 00:29:57.026 +00:00] [INF] [9] Main: Environment Variables: ["[JELLYFIN_CACHE_DIR, /config/cache]", "[JELLYFIN_CONFIG_DIR, /config]", "[JELLYFIN_LOG_DIR, /config/log]", "[JELLYFIN_DATA_DIR, /config/data]", "[JELLYFIN_WEB_DIR, /usr/share/jellyfin/web]"]
[2025-11-16 00:29:57.028 +00:00] [INF] [9] Main: Arguments: ["/usr/lib/jellyfin/bin/jellyfin.dll", "--ffmpeg=/usr/lib/jellyfin-ffmpeg/ffmpeg"]
[2025-11-16 00:29:57.029 +00:00] [INF] [9] Main: Operating system: "Ubuntu 24.04.3 LTS"
[2025-11-16 00:29:57.029 +00:00] [INF] [9] Main: Architecture: X64
[2025-11-16 00:29:57.029 +00:00] [INF] [9] Main: 64-Bit Process: True
[2025-11-16 00:29:57.029 +00:00] [INF] [9] Main: User Interactive: True
[2025-11-16 00:29:57.030 +00:00] [INF] [9] Main: Processor count: 4
[2025-11-16 00:29:57.030 +00:00] [INF] [9] Main: Program data path: "/config/data"
[2025-11-16 00:29:57.030 +00:00] [INF] [9] Main: Log directory path: "/config/log"
[2025-11-16 00:29:57.030 +00:00] [INF] [9] Main: Config directory path: "/config"
[2025-11-16 00:29:57.030 +00:00] [INF] [9] Main: Cache path: "/config/cache"
[2025-11-16 00:29:57.030 +00:00] [INF] [9] Main: Temp directory path: "/tmp/jellyfin"
[2025-11-16 00:29:57.030 +00:00] [INF] [9] Main: Web resources path: "/usr/share/jellyfin/web"
[2025-11-16 00:29:57.030 +00:00] [INF] [9] Main: Application directory: "/usr/lib/jellyfin/bin/"
[2025-11-16 00:29:57.045 +00:00] [INF] [9] Jellyfin.Server.Startup: Storage path `"/config/data/data"` (Fixed) successfully checked with "16.7GiB" free which is over the minimum of "2GiB".
[2025-11-16 00:29:57.046 +00:00] [INF] [9] Jellyfin.Server.Startup: Storage path `"/config/log"` (Fixed) successfully checked with "16.7GiB" free which is over the minimum of "512MiB".
[2025-11-16 00:29:57.046 +00:00] [INF] [9] Jellyfin.Server.Startup: Storage path `"/config/cache"` (Fixed) successfully checked with "16.7GiB" free which is over the minimum of "2GiB".
[2025-11-16 00:29:57.046 +00:00] [INF] [9] Jellyfin.Server.Startup: Storage path `"/config/data"` (Fixed) successfully checked with "16.7GiB" free which is over the minimum of "2GiB".
[2025-11-16 00:29:57.047 +00:00] [INF] [9] Jellyfin.Server.Startup: Storage path `"/tmp/jellyfin"` (Fixed) successfully checked with "16.7GiB" free which is over the minimum of "512MiB".
[2025-11-16 00:29:57.050 +00:00] [INF] [9] Emby.Server.Implementations.AppBase.BaseConfigurationManager: Setting cache path: "/config/cache"
[2025-11-16 00:29:57.119 +00:00] [INF] [9] Jellyfin.Database.Providers.Sqlite.SqliteDatabaseProvider: SQLite connection string: "Data Source=/config/data/data/jellyfin.db;Cache=Default;Pooling=True"
[2025-11-16 00:29:57.126 +00:00] [INF] [9] Jellyfin.Database.Providers.Sqlite.SqliteDatabaseProvider: SQLITE connection pragma command set to: 
"PRAGMA locking_mode=NORMAL;
PRAGMA journal_size_limit=134217728;
PRAGMA synchronous=1;
PRAGMA temp_store=2;
"
[2025-11-16 00:29:57.128 +00:00] [INF] [9] Jellyfin.Database.Implementations.Locking.NoLockBehavior: The database locking mode has been set to: NoLock.
[2025-11-16 00:29:57.165 +00:00] [INF] [9] Jellyfin.Server.Migrations.JellyfinMigrationService: Initialise Migration service.
[2025-11-16 00:29:57.509 +00:00] [WRN] [12] Microsoft.Extensions.Diagnostics.HealthChecks.DefaultHealthCheckService: Health check "StartupCheck" with status Degraded completed after 1.0557ms with message '"Server is still starting up."'
[2025-11-16 00:29:58.090 +00:00] [INF] [9] Jellyfin.Server.Migrations.JellyfinMigrationService: There are 0 migrations for stage PreInitialisation.
[2025-11-16 00:29:58.100 +00:00] [INF] [9] Emby.Server.Implementations.AppBase.BaseConfigurationManager: Setting cache path: "/config/cache"
[2025-11-16 00:29:58.116 +00:00] [INF] [9] Emby.Server.Implementations.ApplicationHost: Loading assemblies
[2025-11-16 00:29:58.148 +00:00] [INF] [9] Jellyfin.Networking.Manager.NetworkManager: Defined LAN subnets: ["127.0.0.1/8", "10.0.0.0/8", "172.16.0.0/12", "192.168.0.0/16"]
[2025-11-16 00:29:58.148 +00:00] [INF] [9] Jellyfin.Networking.Manager.NetworkManager: Defined LAN exclusions: []
[2025-11-16 00:29:58.149 +00:00] [INF] [9] Jellyfin.Networking.Manager.NetworkManager: Used LAN subnets: ["127.0.0.1/8", "10.0.0.0/8", "172.16.0.0/12", "192.168.0.0/16"]
[2025-11-16 00:29:58.150 +00:00] [INF] [9] Jellyfin.Networking.Manager.NetworkManager: Filtered interface addresses: ["127.0.0.1", "172.17.0.3"]
[2025-11-16 00:29:58.151 +00:00] [INF] [9] Jellyfin.Networking.Manager.NetworkManager: Bind Addresses ["0.0.0.0"]
[2025-11-16 00:29:58.151 +00:00] [INF] [9] Jellyfin.Networking.Manager.NetworkManager: Remote IP filter is "Allowlist"
[2025-11-16 00:29:58.151 +00:00] [INF] [9] Jellyfin.Networking.Manager.NetworkManager: Filtered subnets: []
[2025-11-16 00:29:58.243 +00:00] [INF] [9] Jellyfin.Database.Providers.Sqlite.SqliteDatabaseProvider: SQLite connection string: "Data Source=/config/data/data/jellyfin.db;Cache=Default;Pooling=True"
[2025-11-16 00:29:58.244 +00:00] [INF] [9] Jellyfin.Database.Providers.Sqlite.SqliteDatabaseProvider: SQLITE connection pragma command set to: 
"PRAGMA locking_mode=NORMAL;
PRAGMA journal_size_limit=134217728;
PRAGMA synchronous=1;
PRAGMA temp_store=2;
"
[2025-11-16 00:29:58.244 +00:00] [INF] [9] Jellyfin.Database.Implementations.Locking.NoLockBehavior: The database locking mode has been set to: NoLock.
[2025-11-16 00:29:58.248 +00:00] [INF] [9] Main: Prepare system for possible migrations
[2025-11-16 00:29:58.285 +00:00] [INF] [9] Jellyfin.Server.Migrations.JellyfinMigrationService: There are 0 migrations for stage CoreInitialisation.
[2025-11-16 00:29:58.547 +00:00] [WRN] [12] Microsoft.Extensions.Diagnostics.HealthChecks.DefaultHealthCheckService: Health check "StartupCheck" with status Degraded completed after 0.0847ms with message '"Server is still starting up."'
[2025-11-16 00:29:58.978 +00:00] [INF] [9] Emby.Server.Implementations.Plugins.PluginManager: Loaded plugin: "TMDb" "10.11.2.0"
[2025-11-16 00:29:58.979 +00:00] [INF] [9] Emby.Server.Implementations.Plugins.PluginManager: Loaded plugin: "Studio Images" "10.11.2.0"
[2025-11-16 00:29:58.979 +00:00] [INF] [9] Emby.Server.Implementations.Plugins.PluginManager: Loaded plugin: "OMDb" "10.11.2.0"
[2025-11-16 00:29:58.989 +00:00] [INF] [9] Emby.Server.Implementations.Plugins.PluginManager: Loaded plugin: "MusicBrainz" "10.11.2.0"
[2025-11-16 00:29:58.990 +00:00] [INF] [9] Emby.Server.Implementations.Plugins.PluginManager: Loaded plugin: "AudioDB" "10.11.2.0"
[2025-11-16 00:29:59.041 +00:00] [INF] [9] Jellyfin.Server.Migrations.JellyfinMigrationService: There are 0 migrations for stage AppInitialisation.
[2025-11-16 00:29:59.084 +00:00] [INF] [16] Main: Kestrel is listening on "0.0.0.0"
[2025-11-16 00:29:59.714 +00:00] [WRN] [16] Microsoft.AspNetCore.StaticFiles.StaticFileMiddleware: The WebRootPath was not found: "/run/s6-rc:s6-rc-init:eEAJDl/servicedirs/svc-jellyfin/wwwroot". Static files may be unavailable.
[2025-11-16 00:29:59.738 +00:00] [INF] [16] Emby.Server.Implementations.ApplicationHost: Running startup tasks
[2025-11-16 00:29:59.739 +00:00] [INF] [7] Emby.Server.Implementations.IO.LibraryMonitor: Watching directory "/data/custom_movies"
[2025-11-16 00:29:59.740 +00:00] [INF] [14] Emby.Server.Implementations.IO.LibraryMonitor: Watching directory "/data/shows"
[2025-11-16 00:29:59.741 +00:00] [INF] [9] Emby.Server.Implementations.IO.LibraryMonitor: Watching directory "/data/custom_tvshows"
[2025-11-16 00:29:59.742 +00:00] [INF] [12] Emby.Server.Implementations.IO.LibraryMonitor: Watching directory "/data/movies"
[2025-11-16 00:29:59.749 +00:00] [INF] [16] Emby.Server.Implementations.ScheduledTasks.TaskManager: Daily trigger for "Generate Trickplay Images" set to fire at 2025-11-16 03:00:00.000 +00:00, which is 02:30:00.2506979 from now.
[2025-11-16 00:29:59.758 +00:00] [INF] [16] Emby.Server.Implementations.ScheduledTasks.TaskManager: Daily trigger for "Extract Chapter Images" set to fire at 2025-11-16 02:00:00.000 +00:00, which is 01:30:00.2418449 from now.
[2025-11-16 00:29:59.784 +00:00] [INF] [16] MediaBrowser.MediaEncoding.Encoder.MediaEncoder: Found ffmpeg version "7.1.2"
[2025-11-16 00:29:59.813 +00:00] [INF] [16] MediaBrowser.MediaEncoding.Encoder.MediaEncoder: Available "decoders": ["libdav1d", "av1", "av1_cuvid", "av1_qsv", "h264", "h264_qsv", "h264_cuvid", "hevc", "hevc_qsv", "hevc_cuvid", "mpeg2video", "mpeg2_qsv", "mpeg2_cuvid", "mpeg4", "mpeg4_cuvid", "msmpeg4", "vc1_qsv", "vc1_cuvid", "vp8", "libvpx", "vp8_cuvid", "vp8_qsv", "vp9", "libvpx-vp9", "vp9_cuvid", "vp9_qsv", "aac", "ac3", "ac4", "dca", "flac", "mp3", "truehd"]
[2025-11-16 00:29:59.831 +00:00] [INF] [16] MediaBrowser.MediaEncoding.Encoder.MediaEncoder: Available "encoders": ["libsvtav1", "av1_nvenc", "av1_qsv", "av1_amf", "av1_vaapi", "libx264", "h264_amf", "h264_nvenc", "h264_qsv", "h264_v4l2m2m", "h264_vaapi", "libx265", "hevc_amf", "hevc_nvenc", "hevc_qsv", "hevc_vaapi", "mjpeg_qsv", "mjpeg_vaapi", "aac", "libfdk_aac", "ac3", "alac", "dca", "flac", "libmp3lame", "libopus", "truehd", "libvorbis", "srt"]
[2025-11-16 00:29:59.848 +00:00] [INF] [16] MediaBrowser.MediaEncoding.Encoder.MediaEncoder: Available filters: ["bwdif_cuda", "bwdif_opencl", "deinterlace_qsv", "deinterlace_vaapi", "flip_vulkan", "hwupload_cuda", "hwupload_vaapi", "libplacebo", "overlay_opencl", "overlay_qsv", "overlay_vaapi", "overlay_vulkan", "overlay_cuda", "procamp_vaapi", "scale_cuda", "scale_opencl", "scale_qsv", "scale_vaapi", "scale_vulkan", "tonemapx", "tonemap_cuda", "tonemap_opencl", "tonemap_vaapi", "transpose_cuda", "transpose_opencl", "transpose_vaapi", "transpose_vulkan", "vpp_qsv", "yadif_cuda", "yadif_opencl", "zscale", "alphasrc"]
[2025-11-16 00:30:00.140 +00:00] [INF] [16] MediaBrowser.MediaEncoding.Encoder.MediaEncoder: Available hwaccel types: ["cuda", "vaapi", "qsv", "drm", "opencl", "vulkan"]
[2025-11-16 00:30:02.770 +00:00] [INF] [9] Emby.Server.Implementations.ScheduledTasks.TaskManager: "Clean Transcode Directory" Completed after 0 minute(s) and 0 seconds
[2025-11-16 00:30:02.772 +00:00] [INF] [7] Emby.Server.Implementations.ScheduledTasks.TaskManager: "Clean up collections and playlists" Completed after 0 minute(s) and 0 seconds
[2025-11-16 00:30:03.790 +00:00] [INF] [9] Emby.Server.Implementations.ScheduledTasks.TaskManager: "Update Plugins" Completed after 0 minute(s) and 1 seconds
[2025-11-16 00:30:05.786 +00:00] [INF] [16] MediaBrowser.MediaEncoding.Encoder.MediaEncoder: FFmpeg: "/usr/lib/jellyfin-ffmpeg/ffmpeg"
[2025-11-16 00:30:05.786 +00:00] [INF] [16] Emby.Server.Implementations.ApplicationHost: ServerId: "fa187d5995374f68bb1682aa5a681a70"
[2025-11-16 00:30:05.787 +00:00] [INF] [16] Emby.Server.Implementations.ApplicationHost: Core startup complete
[2025-11-16 00:30:05.787 +00:00] [INF] [16] Main: Startup complete 0:00:09.2423098
[2025-11-16 00:30:29.868 +00:00] [INF] [23] Emby.Server.Implementations.Session.SessionManager: Sending shutdown notifications
[2025-11-16 00:30:29.875 +00:00] [INF] [9] Main: Running query planner optimizations in the database... This might take a while
[2025-11-16 00:30:29.894 +00:00] [INF] [16] Emby.Server.Implementations.IO.LibraryMonitor: Stopping directory watching for path "/data/shows"
[2025-11-16 00:30:29.894 +00:00] [INF] [16] Emby.Server.Implementations.IO.LibraryMonitor: Stopping directory watching for path "/data/custom_tvshows"
[2025-11-16 00:30:29.895 +00:00] [INF] [16] Emby.Server.Implementations.IO.LibraryMonitor: Stopping directory watching for path "/data/custom_movies"
[2025-11-16 00:30:29.895 +00:00] [INF] [16] Emby.Server.Implementations.IO.LibraryMonitor: Stopping directory watching for path "/data/movies"
[2025-11-16 00:30:29.898 +00:00] [INF] [9] Emby.Server.Implementations.ApplicationHost: Disposing "CoreAppHost"
[2025-11-16 00:30:29.898 +00:00] [INF] [9] Emby.Server.Implementations.ApplicationHost: Disposing "MusicBrainzArtistProvider"
[2025-11-16 00:30:29.898 +00:00] [INF] [9] Emby.Server.Implementations.ApplicationHost: Disposing "MusicBrainzAlbumProvider"
[2025-11-16 00:30:29.899 +00:00] [INF] [9] Emby.Server.Implementations.ApplicationHost: Disposing "PluginManager"
