[2024-06-03 04:40:12.020 +00:00] [INF] [1] Main: Jellyfin version: "10.9.4"
[2024-06-03 04:40:12.043 +00:00] [INF] [1] Main: Environment Variables: ["[JELLYFIN_CONFIG_DIR, /config]", "[JELLYFIN_LOG_DIR, /config/log]", "[JELLYFIN_DATA_DIR, /config/data]", "[JELLYFIN_WEB_DIR, /usr/share/jellyfin/web]", "[JELLYFIN_CACHE_DIR, /config/cache]"]
[2024-06-03 04:40:12.046 +00:00] [INF] [1] Main: Arguments: ["/usr/lib/jellyfin/bin/jellyfin.dll", "--ffmpeg=/usr/lib/jellyfin-ffmpeg/ffmpeg"]
[2024-06-03 04:40:12.046 +00:00] [INF] [1] Main: Operating system: "Ubuntu 22.04.4 LTS"
[2024-06-03 04:40:12.046 +00:00] [INF] [1] Main: Architecture: X64
[2024-06-03 04:40:12.047 +00:00] [INF] [1] Main: 64-Bit Process: True
[2024-06-03 04:40:12.047 +00:00] [INF] [1] Main: User Interactive: True
[2024-06-03 04:40:12.047 +00:00] [INF] [1] Main: Processor count: 12
[2024-06-03 04:40:12.047 +00:00] [INF] [1] Main: Program data path: "/config/data"
[2024-06-03 04:40:12.048 +00:00] [INF] [1] Main: Log directory path: "/config/log"
[2024-06-03 04:40:12.048 +00:00] [INF] [1] Main: Config directory path: "/config"
[2024-06-03 04:40:12.048 +00:00] [INF] [1] Main: Cache path: "/config/cache"
[2024-06-03 04:40:12.048 +00:00] [INF] [1] Main: Web resources path: "/usr/share/jellyfin/web"
[2024-06-03 04:40:12.048 +00:00] [INF] [1] Main: Application directory: "/usr/lib/jellyfin/bin/"
[2024-06-03 04:40:12.167 +00:00] [INF] [1] Jellyfin.Server.Migrations.MigrationRunner: Applying migration '"MigrateMusicBrainzTimeout"'
[2024-06-03 04:40:12.194 +00:00] [INF] [1] Jellyfin.Server.Migrations.MigrationRunner: Migration '"MigrateMusicBrainzTimeout"' applied successfully
[2024-06-03 04:40:12.196 +00:00] [INF] [1] Jellyfin.Server.Migrations.MigrationRunner: Applying migration '"MigrateNetworkConfiguration"'
[2024-06-03 04:40:12.229 +00:00] [INF] [1] Jellyfin.Server.Migrations.MigrationRunner: Migration '"MigrateNetworkConfiguration"' applied successfully
[2024-06-03 04:40:12.250 +00:00] [INF] [1] Emby.Server.Implementations.AppBase.BaseConfigurationManager: Setting cache path: "/config/cache"
[2024-06-03 04:40:12.298 +00:00] [INF] [1] Emby.Server.Implementations.ApplicationHost: Loading assemblies
[2024-06-03 04:40:12.371 +00:00] [INF] [1] Jellyfin.Networking.Manager.NetworkManager: Defined LAN subnets: ["127.0.0.1/8", "10.0.0.0/8", "172.16.0.0/12", "192.168.0.0/16"]
[2024-06-03 04:40:12.371 +00:00] [INF] [1] Jellyfin.Networking.Manager.NetworkManager: Defined LAN exclusions: []
[2024-06-03 04:40:12.371 +00:00] [INF] [1] Jellyfin.Networking.Manager.NetworkManager: Used LAN subnets: ["127.0.0.1/8", "10.0.0.0/8", "172.16.0.0/12", "192.168.0.0/16"]
[2024-06-03 04:40:12.373 +00:00] [INF] [1] Jellyfin.Networking.Manager.NetworkManager: Filtered interface addresses: ["127.0.0.1", "172.17.0.3"]
[2024-06-03 04:40:12.373 +00:00] [INF] [1] Jellyfin.Networking.Manager.NetworkManager: Bind Addresses ["0.0.0.0"]
[2024-06-03 04:40:12.373 +00:00] [INF] [1] Jellyfin.Networking.Manager.NetworkManager: Remote IP filter is "Allowlist"
[2024-06-03 04:40:12.373 +00:00] [INF] [1] Jellyfin.Networking.Manager.NetworkManager: Filtered subnets: []
[2024-06-03 04:40:13.463 +00:00] [INF] [1] Emby.Server.Implementations.ApplicationHost: There are pending EFCore migrations in the database. Applying... (This may take a while, do not stop Jellyfin)
[2024-06-03 04:40:13.654 +00:00] [INF] [1] Emby.Server.Implementations.ApplicationHost: EFCore migrations applied successfully
[2024-06-03 04:40:14.413 +00:00] [INF] [1] Emby.Server.Implementations.Plugins.PluginManager: Loaded plugin: "TMDb" "10.9.4.0"
[2024-06-03 04:40:14.414 +00:00] [INF] [1] Emby.Server.Implementations.Plugins.PluginManager: Loaded plugin: "Studio Images" "10.9.4.0"
[2024-06-03 04:40:14.415 +00:00] [INF] [1] Emby.Server.Implementations.Plugins.PluginManager: Loaded plugin: "OMDb" "10.9.4.0"
[2024-06-03 04:40:14.447 +00:00] [INF] [1] Emby.Server.Implementations.Plugins.PluginManager: Loaded plugin: "MusicBrainz" "10.9.4.0"
[2024-06-03 04:40:14.448 +00:00] [INF] [1] Emby.Server.Implementations.Plugins.PluginManager: Loaded plugin: "AudioDB" "10.9.4.0"
[2024-06-03 04:40:14.525 +00:00] [INF] [1] Jellyfin.Server.Migrations.MigrationRunner: Applying migration '"FixPlaylistOwner"'
[2024-06-03 04:40:14.598 +00:00] [INF] [1] Jellyfin.Server.Migrations.MigrationRunner: Migration '"FixPlaylistOwner"' applied successfully
[2024-06-03 04:40:14.598 +00:00] [INF] [1] Jellyfin.Server.Migrations.MigrationRunner: Applying migration '"MigrateRatingLevels"'
[2024-06-03 04:40:14.601 +00:00] [INF] [1] Jellyfin.Server.Migrations.Routines.MigrateRatingLevels: Library database backed up to "/config/data/data/library.db.bak1"
[2024-06-03 04:40:14.601 +00:00] [INF] [1] Jellyfin.Server.Migrations.Routines.MigrateRatingLevels: Recalculating parental rating levels based on rating string.
[2024-06-03 04:40:14.607 +00:00] [INF] [1] Jellyfin.Server.Migrations.MigrationRunner: Migration '"MigrateRatingLevels"' applied successfully
[2024-06-03 04:40:14.608 +00:00] [INF] [1] Jellyfin.Server.Migrations.MigrationRunner: Applying migration '"AddDefaultCastReceivers"'
[2024-06-03 04:40:14.609 +00:00] [INF] [1] Emby.Server.Implementations.AppBase.BaseConfigurationManager: Saving system configuration
[2024-06-03 04:40:14.610 +00:00] [INF] [1] Emby.Server.Implementations.AppBase.BaseConfigurationManager: Setting cache path: "/config/cache"
[2024-06-03 04:40:14.610 +00:00] [INF] [1] Jellyfin.Server.Migrations.MigrationRunner: Migration '"AddDefaultCastReceivers"' applied successfully
[2024-06-03 04:40:14.611 +00:00] [INF] [1] Jellyfin.Server.Migrations.MigrationRunner: Applying migration '"UpdateDefaultPluginRepository10.9"'
[2024-06-03 04:40:14.612 +00:00] [INF] [1] Emby.Server.Implementations.AppBase.BaseConfigurationManager: Saving system configuration
[2024-06-03 04:40:14.612 +00:00] [INF] [1] Emby.Server.Implementations.AppBase.BaseConfigurationManager: Setting cache path: "/config/cache"
[2024-06-03 04:40:14.612 +00:00] [INF] [1] Jellyfin.Server.Migrations.MigrationRunner: Migration '"UpdateDefaultPluginRepository10.9"' applied successfully
[2024-06-03 04:40:14.613 +00:00] [INF] [1] Jellyfin.Server.Migrations.MigrationRunner: Applying migration '"FixAudioData"'
[2024-06-03 04:40:14.616 +00:00] [INF] [1] Jellyfin.Server.Migrations.Routines.FixAudioData: Library database backed up to "/config/data/data/library.db.bak2"
[2024-06-03 04:40:14.616 +00:00] [INF] [1] Jellyfin.Server.Migrations.Routines.FixAudioData: Backfilling audio lyrics data to database.
[2024-06-03 04:40:14.618 +00:00] [INF] [1] Jellyfin.Server.Migrations.MigrationRunner: Migration '"FixAudioData"' applied successfully
[2024-06-03 04:40:14.629 +00:00] [WRN] [1] Microsoft.AspNetCore.DataProtection.Repositories.EphemeralXmlRepository: Using an in-memory repository. Keys will not be persisted to storage.
[2024-06-03 04:40:14.630 +00:00] [WRN] [1] Microsoft.AspNetCore.DataProtection.KeyManagement.XmlKeyManager: Neither user profile nor HKLM registry available. Using an ephemeral key repository. Protected data will be unavailable when application exits.
[2024-06-03 04:40:14.641 +00:00] [INF] [1] Main: Kestrel is listening on "0.0.0.0"
[2024-06-03 04:40:14.658 +00:00] [WRN] [1] Microsoft.AspNetCore.DataProtection.KeyManagement.XmlKeyManager: No XML encryptor configured. Key {213f3b7c-39eb-488b-8175-d049de1cf39e} may be persisted to storage in unencrypted form.
[2024-06-03 04:40:15.239 +00:00] [WRN] [1] Microsoft.AspNetCore.StaticFiles.StaticFileMiddleware: The WebRootPath was not found: "/run/s6-rc:s6-rc-init:mHNgDk/servicedirs/svc-jellyfin/wwwroot". Static files may be unavailable.
[2024-06-03 04:40:15.282 +00:00] [INF] [1] Emby.Server.Implementations.ApplicationHost: Running startup tasks
[2024-06-03 04:40:15.285 +00:00] [INF] [10] Emby.Server.Implementations.IO.LibraryMonitor: Watching directory "/data/movies"
[2024-06-03 04:40:15.285 +00:00] [INF] [11] Emby.Server.Implementations.IO.LibraryMonitor: Watching directory "/data/shows"
[2024-06-03 04:40:15.300 +00:00] [INF] [1] Emby.Server.Implementations.ScheduledTasks.TaskManager: Daily trigger for "Generate Trickplay Images" set to fire at 2024-06-04 03:00:00.000 +00:00, which is 22:19:44.6996164 from now.
[2024-06-03 04:40:15.314 +00:00] [INF] [1] Emby.Server.Implementations.ScheduledTasks.TaskManager: Daily trigger for "Extract Chapter Images" set to fire at 2024-06-04 02:00:00.000 +00:00, which is 21:19:44.6858366 from now.
[2024-06-03 04:40:15.350 +00:00] [INF] [1] MediaBrowser.MediaEncoding.Encoder.MediaEncoder: Found ffmpeg version "6.0.1"
[2024-06-03 04:40:15.402 +00:00] [INF] [1] MediaBrowser.MediaEncoding.Encoder.MediaEncoder: Available "decoders": ["libdav1d", "av1", "av1_cuvid", "av1_qsv", "h264", "h264_qsv", "h264_cuvid", "hevc", "hevc_qsv", "hevc_cuvid", "mpeg2video", "mpeg2_qsv", "mpeg2_cuvid", "mpeg4", "mpeg4_cuvid", "msmpeg4", "vc1_qsv", "vc1_cuvid", "vp8", "libvpx", "vp8_cuvid", "vp8_qsv", "vp9", "libvpx-vp9", "vp9_cuvid", "vp9_qsv", "aac", "ac3", "dca", "flac", "mp3", "truehd"]
[2024-06-03 04:40:15.425 +00:00] [INF] [1] MediaBrowser.MediaEncoding.Encoder.MediaEncoder: Available "encoders": ["libsvtav1", "av1_nvenc", "av1_qsv", "av1_amf", "av1_vaapi", "libx264", "h264_amf", "h264_nvenc", "h264_qsv", "h264_v4l2m2m", "h264_vaapi", "libx265", "hevc_amf", "hevc_nvenc", "hevc_qsv", "hevc_vaapi", "mjpeg_qsv", "mjpeg_vaapi", "mpeg4", "msmpeg4", "libvpx", "libvpx-vp9", "aac", "libfdk_aac", "ac3", "alac", "dca", "flac", "libmp3lame", "libopus", "truehd", "libvorbis", "srt"]
[2024-06-03 04:40:15.446 +00:00] [INF] [1] MediaBrowser.MediaEncoding.Encoder.MediaEncoder: Available filters: ["deinterlace_qsv", "deinterlace_vaapi", "hwupload_cuda", "hwupload_vaapi", "libplacebo", "overlay_opencl", "overlay_qsv", "overlay_vaapi", "overlay_vulkan", "overlay_cuda", "procamp_vaapi", "scale_cuda", "scale_opencl", "scale_qsv", "scale_vaapi", "scale_vulkan", "tonemap_cuda", "tonemap_opencl", "tonemap_vaapi", "vpp_qsv", "yadif_cuda", "zscale", "alphasrc"]
[2024-06-03 04:40:15.582 +00:00] [INF] [1] MediaBrowser.MediaEncoding.Encoder.MediaEncoder: Available hwaccel types: ["cuda", "vaapi", "qsv", "drm", "opencl", "vulkan"]
[2024-06-03 04:40:16.284 +00:00] [INF] [1] MediaBrowser.MediaEncoding.Encoder.MediaEncoder: FFmpeg: "/usr/lib/jellyfin-ffmpeg/ffmpeg"
[2024-06-03 04:40:16.284 +00:00] [INF] [1] Emby.Server.Implementations.ApplicationHost: ServerId: "fa187d5995374f68bb1682aa5a681a70"
[2024-06-03 04:40:16.284 +00:00] [INF] [1] Emby.Server.Implementations.ApplicationHost: Core startup complete
[2024-06-03 04:40:16.284 +00:00] [INF] [1] Main: Startup complete 0:00:04.4409752
[2024-06-03 04:40:18.329 +00:00] [INF] [20] Emby.Server.Implementations.ScheduledTasks.TaskManager: "Clean up collections and playlists" Completed after 0 minute(s) and 0 seconds
[2024-06-03 04:40:19.135 +00:00] [INF] [8] Emby.Server.Implementations.ScheduledTasks.TaskManager: "Update Plugins" Completed after 0 minute(s) and 0 seconds
[2024-06-03 04:41:15.314 +00:00] [INF] [20] Emby.Server.Implementations.ScheduledTasks.TaskManager: "Download missing subtitles" Completed after 0 minute(s) and 0 seconds
[2024-06-03 04:41:15.337 +00:00] [INF] [21] Emby.Server.Implementations.ScheduledTasks.Tasks.OptimizeDatabaseTask: Optimizing and vacuuming jellyfin.db...
[2024-06-03 04:41:15.338 +00:00] [INF] [10] Emby.Server.Implementations.ScheduledTasks.TaskManager: "Clean Transcode Directory" Completed after 0 minute(s) and 0 seconds
[2024-06-03 04:41:15.367 +00:00] [INF] [17] Emby.Server.Implementations.ScheduledTasks.TaskManager: "Clean Log Directory" Completed after 0 minute(s) and 0 seconds
[2024-06-03 04:41:15.391 +00:00] [INF] [20] Emby.Server.Implementations.ScheduledTasks.TaskManager: "Clean Cache Directory" Completed after 0 minute(s) and 0 seconds
[2024-06-03 04:41:15.391 +00:00] [INF] [24] Emby.Server.Implementations.IO.LibraryMonitor: Stopping directory watching for path "/data/shows"
[2024-06-03 04:41:15.411 +00:00] [INF] [24] Emby.Server.Implementations.IO.LibraryMonitor: Stopping directory watching for path "/data/movies"
[2024-06-03 04:41:15.413 +00:00] [INF] [24] Emby.Server.Implementations.Library.LibraryManager: Validating media library
[2024-06-03 04:41:15.423 +00:00] [INF] [21] Emby.Server.Implementations.ScheduledTasks.Tasks.OptimizeDatabaseTask: jellyfin.db optimized successfully!
[2024-06-03 04:41:15.424 +00:00] [INF] [21] Emby.Server.Implementations.ScheduledTasks.TaskManager: "Optimize database" Completed after 0 minute(s) and 0 seconds
[2024-06-03 04:41:15.762 +00:00] [INF] [20] Emby.Server.Implementations.ScheduledTasks.TaskManager: "Update Plugins" Completed after 0 minute(s) and 0 seconds
[2024-06-03 04:41:15.784 +00:00] [WRN] [21] MediaBrowser.Controller.Entities.BaseItem: Library folder "/config/data/data/playlists" is inaccessible or empty, skipping
[2024-06-03 04:41:15.883 +00:00] [WRN] [17] MediaBrowser.Controller.Entities.BaseItem: Library folder "/config/data/data/playlists" is inaccessible or empty, skipping
[2024-06-03 04:41:16.996 +00:00] [INF] [17] MediaBrowser.MediaEncoding.Encoder.MediaEncoder: Starting "/usr/lib/jellyfin-ffmpeg/ffprobe" with args "-analyzeduration 200M -probesize 1G -i file:\"/data/movies/Elephant Dream {tvdb-16180} {imdb-tt0807840}/Elephant Dream.mkv\" -threads 0 -v warning -print_format json -show_streams -show_chapters -show_format"
[2024-06-03 04:41:16.996 +00:00] [INF] [21] MediaBrowser.MediaEncoding.Encoder.MediaEncoder: Starting "/usr/lib/jellyfin-ffmpeg/ffprobe" with args "-analyzeduration 200M -probesize 1G -i file:\"/data/movies/Big Buck Bunny {tvdb-12352} {imdb-tt1254207}/Big Buck Bunny.mkv\" -threads 0 -v warning -print_format json -show_streams -show_chapters -show_format"
[2024-06-03 04:41:16.996 +00:00] [INF] [10] MediaBrowser.MediaEncoding.Encoder.MediaEncoder: Starting "/usr/lib/jellyfin-ffmpeg/ffprobe" with args "-analyzeduration 200M -probesize 1G -i file:\"/data/movies/The Family Plan (2023) {tmdb-1029575} {imdb-tt16431870}/The Family Plan (2023).mkv\" -threads 0 -v warning -print_format json -show_streams -show_chapters -show_format"
[2024-06-03 04:41:16.996 +00:00] [INF] [15] MediaBrowser.MediaEncoding.Encoder.MediaEncoder: Starting "/usr/lib/jellyfin-ffmpeg/ffprobe" with args "-analyzeduration 200M -probesize 1G -i file:\"/data/movies/The Hunger Games The Ballad of Songbirds & Snakes (2023) {tmdb-695721} {imdb-tt10545296}/The Hunger Games The Ballad of Songbirds & Snakes (2023).mkv\" -threads 0 -v warning -print_format json -show_streams -show_chapters -show_format"
[2024-06-03 04:41:16.996 +00:00] [INF] [25] MediaBrowser.MediaEncoding.Encoder.MediaEncoder: Starting "/usr/lib/jellyfin-ffmpeg/ffprobe" with args "-analyzeduration 200M -probesize 1G -i file:\"/data/movies/Five Nights at Freddy's (2023) {tmdb-507089} {imdb-tt4589218}/Five Nights at Freddy's (2023).mkv\" -threads 0 -v warning -print_format json -show_streams -show_chapters -show_format"
[2024-06-03 04:41:16.996 +00:00] [INF] [26] MediaBrowser.MediaEncoding.Encoder.MediaEncoder: Starting "/usr/lib/jellyfin-ffmpeg/ffprobe" with args "-analyzeduration 200M -probesize 1G -i file:\"/data/movies/Killers of the Flower Moon (2023) {tmdb-466420} {imdb-tt5537002}/Killers of the Flower Moon (2023).mkv\" -threads 0 -v warning -print_format json -show_streams -show_chapters -show_format"
[2024-06-03 04:41:16.996 +00:00] [INF] [14] MediaBrowser.MediaEncoding.Encoder.MediaEncoder: Starting "/usr/lib/jellyfin-ffmpeg/ffprobe" with args "-analyzeduration 200M -probesize 1G -i file:\"/data/movies/Tears Of Steel {tvdb-37711} {imdb-tt2285752}/Tears Of Steel.mkv\" -threads 0 -v warning -print_format json -show_streams -show_chapters -show_format"
[2024-06-03 04:41:17.131 +00:00] [INF] [20] MediaBrowser.MediaEncoding.Encoder.MediaEncoder: Starting "/usr/lib/jellyfin-ffmpeg/ffprobe" with args "-analyzeduration 200M -probesize 1G -i file:\"/data/shows/My Adventures with Superman {tvdb-403172} {imdb-tt14681924}/Season 1/S01E02.mkv\" -threads 0 -v warning -print_format json -show_streams -show_chapters -show_format"
[2024-06-03 04:41:17.179 +00:00] [INF] [23] MediaBrowser.MediaEncoding.Encoder.MediaEncoder: Starting "/usr/lib/jellyfin-ffmpeg/ffprobe" with args "-analyzeduration 200M -probesize 1G -i file:\"/data/shows/ONE PIECE (2023) {tvdb-392276} {imdb-tt11737520}/Season 1/S01E02.mkv\" -threads 0 -v warning -print_format json -show_streams -show_chapters -show_format"
[2024-06-03 04:41:17.227 +00:00] [INF] [17] MediaBrowser.MediaEncoding.Encoder.MediaEncoder: Starting "/usr/lib/jellyfin-ffmpeg/ffprobe" with args "-analyzeduration 200M -probesize 1G -i file:\"/data/shows/ONE PIECE (2023) {tvdb-392276} {imdb-tt11737520}/Season 1/S01E03.mkv\" -threads 0 -v warning -print_format json -show_streams -show_chapters -show_format"
[2024-06-03 04:41:17.269 +00:00] [INF] [17] MediaBrowser.MediaEncoding.Encoder.MediaEncoder: Starting "/usr/lib/jellyfin-ffmpeg/ffprobe" with args "-analyzeduration 200M -probesize 1G -i file:\"/data/shows/ONE PIECE (2023) {tvdb-392276} {imdb-tt11737520}/Season 1/S01E01.mkv\" -threads 0 -v warning -print_format json -show_streams -show_chapters -show_format"
[2024-06-03 04:41:17.330 +00:00] [INF] [27] MediaBrowser.MediaEncoding.Encoder.MediaEncoder: Starting "/usr/lib/jellyfin-ffmpeg/ffprobe" with args "-analyzeduration 200M -probesize 1G -i file:\"/data/shows/Monarch - Legacy of Monsters {tvdb-422598} {imdb-tt17220216}/Season 1/S01E02.mkv\" -threads 0 -v warning -print_format json -show_streams -show_chapters -show_format"
[2024-06-03 04:41:17.414 +00:00] [INF] [8] MediaBrowser.MediaEncoding.Encoder.MediaEncoder: Starting "/usr/lib/jellyfin-ffmpeg/ffprobe" with args "-analyzeduration 200M -probesize 1G -i file:\"/data/shows/Monarch - Legacy of Monsters {tvdb-422598} {imdb-tt17220216}/Season 1/S01E03.mkv\" -threads 0 -v warning -print_format json -show_streams -show_chapters -show_format"
[2024-06-03 04:41:17.456 +00:00] [INF] [27] MediaBrowser.MediaEncoding.Encoder.MediaEncoder: Starting "/usr/lib/jellyfin-ffmpeg/ffprobe" with args "-analyzeduration 200M -probesize 1G -i file:\"/data/shows/Monarch - Legacy of Monsters {tvdb-422598} {imdb-tt17220216}/Season 1/S01E04.mkv\" -threads 0 -v warning -print_format json -show_streams -show_chapters -show_format"
[2024-06-03 04:41:17.504 +00:00] [INF] [17] MediaBrowser.MediaEncoding.Encoder.MediaEncoder: Starting "/usr/lib/jellyfin-ffmpeg/ffprobe" with args "-analyzeduration 200M -probesize 1G -i file:\"/data/shows/Monarch - Legacy of Monsters {tvdb-422598} {imdb-tt17220216}/Season 1/S01E01.mkv\" -threads 0 -v warning -print_format json -show_streams -show_chapters -show_format"
[2024-06-03 04:41:17.551 +00:00] [INF] [17] MediaBrowser.MediaEncoding.Encoder.MediaEncoder: Starting "/usr/lib/jellyfin-ffmpeg/ffprobe" with args "-analyzeduration 200M -probesize 1G -i file:\"/data/shows/Monarch - Legacy of Monsters {tvdb-422598} {imdb-tt17220216}/Season 1/S01E05.mkv\" -threads 0 -v warning -print_format json -show_streams -show_chapters -show_format"
[2024-06-03 04:41:17.640 +00:00] [INF] [24] MediaBrowser.MediaEncoding.Encoder.MediaEncoder: Starting "/usr/lib/jellyfin-ffmpeg/ffprobe" with args "-analyzeduration 200M -probesize 1G -i file:\"/data/shows/Doctor Who (2005) {tvdb-78804} {imdb-tt0436992}/Season 1/S01E02.mkv\" -threads 0 -v warning -print_format json -show_streams -show_chapters -show_format"
[2024-06-03 04:41:17.680 +00:00] [INF] [17] MediaBrowser.MediaEncoding.Encoder.MediaEncoder: Starting "/usr/lib/jellyfin-ffmpeg/ffprobe" with args "-analyzeduration 200M -probesize 1G -i file:\"/data/shows/Doctor Who (2005) {tvdb-78804} {imdb-tt0436992}/Season 1/S01E03.mkv\" -threads 0 -v warning -print_format json -show_streams -show_chapters -show_format"
[2024-06-03 04:41:17.772 +00:00] [INF] [19] MediaBrowser.MediaEncoding.Encoder.MediaEncoder: Starting "/usr/lib/jellyfin-ffmpeg/ffprobe" with args "-analyzeduration 200M -probesize 1G -i file:\"/data/shows/My Adventures with Superman {tvdb-403172} {imdb-tt14681924}/Season 1/S01E03.mkv\" -threads 0 -v warning -print_format json -show_streams -show_chapters -show_format"
[2024-06-03 04:41:17.813 +00:00] [INF] [14] MediaBrowser.MediaEncoding.Encoder.MediaEncoder: Starting "/usr/lib/jellyfin-ffmpeg/ffprobe" with args "-analyzeduration 200M -probesize 1G -i file:\"/data/shows/My Adventures with Superman {tvdb-403172} {imdb-tt14681924}/Season 1/S01E01.mkv\" -threads 0 -v warning -print_format json -show_streams -show_chapters -show_format"
[2024-06-03 04:41:17.876 +00:00] [INF] [17] MediaBrowser.MediaEncoding.Encoder.MediaEncoder: Starting "/usr/lib/jellyfin-ffmpeg/ffprobe" with args "-analyzeduration 200M -probesize 1G -i file:\"/data/shows/Doctor Who (2005) {tvdb-78804} {imdb-tt0436992}/Season 1/S01E04.mkv\" -threads 0 -v warning -print_format json -show_streams -show_chapters -show_format"
[2024-06-03 04:41:17.923 +00:00] [INF] [14] MediaBrowser.MediaEncoding.Encoder.MediaEncoder: Starting "/usr/lib/jellyfin-ffmpeg/ffprobe" with args "-analyzeduration 200M -probesize 1G -i file:\"/data/shows/Doctor Who (2005) {tvdb-78804} {imdb-tt0436992}/Season 1/S01E01.mkv\" -threads 0 -v warning -print_format json -show_streams -show_chapters -show_format"
[2024-06-03 04:41:17.966 +00:00] [INF] [19] MediaBrowser.MediaEncoding.Encoder.MediaEncoder: Starting "/usr/lib/jellyfin-ffmpeg/ffprobe" with args "-analyzeduration 200M -probesize 1G -i file:\"/data/shows/Doctor Who (2005) {tvdb-78804} {imdb-tt0436992}/Season 1/S01E05.mkv\" -threads 0 -v warning -print_format json -show_streams -show_chapters -show_format"
[2024-06-03 04:41:18.322 +00:00] [INF] [22] Emby.Server.Implementations.Library.LibraryManager: People validation complete
[2024-06-03 04:41:18.322 +00:00] [INF] [22] Emby.Server.Implementations.ScheduledTasks.TaskManager: "Refresh People" Completed after 0 minute(s) and 2 seconds
[2024-06-03 04:41:20.457 +00:00] [INF] [17] Jellyfin.Drawing.ImageProcessor: Creating image collage and saving to "/config/cache/temp/86ffd4b19b1b4f828325a3677299705f.png"
[2024-06-03 04:41:20.934 +00:00] [INF] [17] Jellyfin.Drawing.ImageProcessor: Completed creation of image collage and saved to "/config/cache/temp/86ffd4b19b1b4f828325a3677299705f.png"
[2024-06-03 04:41:20.949 +00:00] [INF] [14] Jellyfin.Drawing.ImageProcessor: Creating image collage and saving to "/config/cache/temp/29d40381dd10419cbcd6d2a6cce4fb99.png"
[2024-06-03 04:41:21.331 +00:00] [INF] [14] Jellyfin.Drawing.ImageProcessor: Completed creation of image collage and saved to "/config/cache/temp/29d40381dd10419cbcd6d2a6cce4fb99.png"
[2024-06-03 04:41:21.344 +00:00] [INF] [14] Jellyfin.Drawing.ImageProcessor: Creating image collage and saving to "/config/cache/temp/65da624c88a84e549123eac4000d2d78.png"
[2024-06-03 04:41:21.573 +00:00] [INF] [14] Jellyfin.Drawing.ImageProcessor: Completed creation of image collage and saved to "/config/cache/temp/65da624c88a84e549123eac4000d2d78.png"
[2024-06-03 04:41:21.587 +00:00] [INF] [14] Jellyfin.Drawing.ImageProcessor: Creating image collage and saving to "/config/cache/temp/cb5514eab0cd4975a5bc11557991c28d.png"
[2024-06-03 04:41:21.880 +00:00] [INF] [14] Jellyfin.Drawing.ImageProcessor: Completed creation of image collage and saved to "/config/cache/temp/cb5514eab0cd4975a5bc11557991c28d.png"
[2024-06-03 04:41:21.890 +00:00] [INF] [14] Jellyfin.Drawing.ImageProcessor: Creating image collage and saving to "/config/cache/temp/fb8622691e3843a6bf4017e83a865d3c.png"
[2024-06-03 04:41:22.336 +00:00] [INF] [14] Jellyfin.Drawing.ImageProcessor: Completed creation of image collage and saved to "/config/cache/temp/fb8622691e3843a6bf4017e83a865d3c.png"
[2024-06-03 04:41:22.345 +00:00] [INF] [19] Jellyfin.Drawing.ImageProcessor: Creating image collage and saving to "/config/cache/temp/acc7c373a75645af9133aa9f1d2fd707.png"
[2024-06-03 04:41:22.764 +00:00] [INF] [19] Jellyfin.Drawing.ImageProcessor: Completed creation of image collage and saved to "/config/cache/temp/acc7c373a75645af9133aa9f1d2fd707.png"
[2024-06-03 04:41:22.776 +00:00] [INF] [19] Jellyfin.Drawing.ImageProcessor: Creating image collage and saving to "/config/cache/temp/3013ee4df1594dab830e6929e43deb30.png"
[2024-06-03 04:41:22.906 +00:00] [INF] [19] Jellyfin.Drawing.ImageProcessor: Completed creation of image collage and saved to "/config/cache/temp/3013ee4df1594dab830e6929e43deb30.png"
[2024-06-03 04:41:22.915 +00:00] [INF] [17] Jellyfin.Drawing.ImageProcessor: Creating image collage and saving to "/config/cache/temp/387f01a1cd9845a5bc36c08b785a9ffc.png"
[2024-06-03 04:41:23.257 +00:00] [INF] [17] Jellyfin.Drawing.ImageProcessor: Completed creation of image collage and saved to "/config/cache/temp/387f01a1cd9845a5bc36c08b785a9ffc.png"
[2024-06-03 04:41:23.265 +00:00] [INF] [19] Jellyfin.Drawing.ImageProcessor: Creating image collage and saving to "/config/cache/temp/0a3dbd5b1aac4f938aba7b1ba62578e6.png"
[2024-06-03 04:41:23.727 +00:00] [INF] [19] Jellyfin.Drawing.ImageProcessor: Completed creation of image collage and saved to "/config/cache/temp/0a3dbd5b1aac4f938aba7b1ba62578e6.png"
[2024-06-03 04:41:23.734 +00:00] [INF] [14] Jellyfin.Drawing.ImageProcessor: Creating image collage and saving to "/config/cache/temp/5dd3c7af4f11417794a985865c3f46e5.png"
[2024-06-03 04:41:24.270 +00:00] [INF] [14] Jellyfin.Drawing.ImageProcessor: Completed creation of image collage and saved to "/config/cache/temp/5dd3c7af4f11417794a985865c3f46e5.png"
[2024-06-03 04:41:24.280 +00:00] [INF] [19] Jellyfin.Drawing.ImageProcessor: Creating image collage and saving to "/config/cache/temp/55339b8350c94fb9b4f655bffd5fa7be.png"
[2024-06-03 04:41:24.661 +00:00] [INF] [19] Jellyfin.Drawing.ImageProcessor: Completed creation of image collage and saved to "/config/cache/temp/55339b8350c94fb9b4f655bffd5fa7be.png"
[2024-06-03 04:41:24.674 +00:00] [INF] [14] Jellyfin.Drawing.ImageProcessor: Creating image collage and saving to "/config/cache/temp/1799a55b92b44eb7afe44f4e6f85a3f0.png"
[2024-06-03 04:41:25.004 +00:00] [INF] [14] Jellyfin.Drawing.ImageProcessor: Completed creation of image collage and saved to "/config/cache/temp/1799a55b92b44eb7afe44f4e6f85a3f0.png"
[2024-06-03 04:41:25.371 +00:00] [INF] [19] Emby.Server.Implementations.ScheduledTasks.TaskManager: "Scan Media Library" Completed after 0 minute(s) and 10 seconds
[2024-06-03 04:41:25.389 +00:00] [INF] [17] Emby.Server.Implementations.IO.LibraryMonitor: Watching directory "/data/movies"
[2024-06-03 04:41:25.389 +00:00] [INF] [14] Emby.Server.Implementations.IO.LibraryMonitor: Watching directory "/data/shows"
[2024-06-03 04:41:56.690 +00:00] [INF] [3] Emby.Server.Implementations.Session.SessionManager: Sending shutdown notifications
[2024-06-03 04:41:56.699 +00:00] [INF] [31] Jellyfin.Networking.PortForwardingHost: Stopping NAT discovery
[2024-06-03 04:41:56.705 +00:00] [INF] [19] Main: Running query planner optimizations in the database... This might take a while
[2024-06-03 04:41:56.721 +00:00] [INF] [31] Emby.Server.Implementations.IO.LibraryMonitor: Stopping directory watching for path "/data/shows"
[2024-06-03 04:41:56.721 +00:00] [INF] [31] Emby.Server.Implementations.IO.LibraryMonitor: Stopping directory watching for path "/data/movies"
[2024-06-03 04:41:56.725 +00:00] [INF] [19] Emby.Server.Implementations.ApplicationHost: Disposing "CoreAppHost"
[2024-06-03 04:41:56.725 +00:00] [INF] [19] Emby.Server.Implementations.ApplicationHost: Disposing "MusicBrainzArtistProvider"
[2024-06-03 04:41:56.725 +00:00] [INF] [19] Emby.Server.Implementations.ApplicationHost: Disposing "MusicBrainzAlbumProvider"
[2024-06-03 04:41:56.725 +00:00] [INF] [19] Emby.Server.Implementations.ApplicationHost: Disposing "PluginManager"
[2024-06-03 04:47:56.850 +00:00] [INF] [1] Main: Jellyfin version: "10.9.4"
[2024-06-03 04:47:56.872 +00:00] [INF] [1] Main: Environment Variables: ["[JELLYFIN_CONFIG_DIR, /config]", "[JELLYFIN_LOG_DIR, /config/log]", "[JELLYFIN_DATA_DIR, /config/data]", "[JELLYFIN_WEB_DIR, /usr/share/jellyfin/web]", "[JELLYFIN_CACHE_DIR, /config/cache]"]
[2024-06-03 04:47:56.875 +00:00] [INF] [1] Main: Arguments: ["/usr/lib/jellyfin/bin/jellyfin.dll", "--ffmpeg=/usr/lib/jellyfin-ffmpeg/ffmpeg"]
[2024-06-03 04:47:56.876 +00:00] [INF] [1] Main: Operating system: "Ubuntu 22.04.4 LTS"
[2024-06-03 04:47:56.876 +00:00] [INF] [1] Main: Architecture: X64
[2024-06-03 04:47:56.877 +00:00] [INF] [1] Main: 64-Bit Process: True
[2024-06-03 04:47:56.877 +00:00] [INF] [1] Main: User Interactive: True
[2024-06-03 04:47:56.877 +00:00] [INF] [1] Main: Processor count: 4
[2024-06-03 04:47:56.877 +00:00] [INF] [1] Main: Program data path: "/config/data"
[2024-06-03 04:47:56.877 +00:00] [INF] [1] Main: Log directory path: "/config/log"
[2024-06-03 04:47:56.877 +00:00] [INF] [1] Main: Config directory path: "/config"
[2024-06-03 04:47:56.878 +00:00] [INF] [1] Main: Cache path: "/config/cache"
[2024-06-03 04:47:56.878 +00:00] [INF] [1] Main: Web resources path: "/usr/share/jellyfin/web"
[2024-06-03 04:47:56.878 +00:00] [INF] [1] Main: Application directory: "/usr/lib/jellyfin/bin/"
[2024-06-03 04:47:57.031 +00:00] [INF] [1] Emby.Server.Implementations.AppBase.BaseConfigurationManager: Setting cache path: "/config/cache"
[2024-06-03 04:47:57.082 +00:00] [INF] [1] Emby.Server.Implementations.ApplicationHost: Loading assemblies
[2024-06-03 04:47:57.173 +00:00] [INF] [1] Jellyfin.Networking.Manager.NetworkManager: Defined LAN subnets: ["127.0.0.1/8", "10.0.0.0/8", "172.16.0.0/12", "192.168.0.0/16"]
[2024-06-03 04:47:57.174 +00:00] [INF] [1] Jellyfin.Networking.Manager.NetworkManager: Defined LAN exclusions: []
[2024-06-03 04:47:57.174 +00:00] [INF] [1] Jellyfin.Networking.Manager.NetworkManager: Used LAN subnets: ["127.0.0.1/8", "10.0.0.0/8", "172.16.0.0/12", "192.168.0.0/16"]
[2024-06-03 04:47:57.175 +00:00] [INF] [1] Jellyfin.Networking.Manager.NetworkManager: Filtered interface addresses: ["127.0.0.1", "172.17.0.3"]
[2024-06-03 04:47:57.176 +00:00] [INF] [1] Jellyfin.Networking.Manager.NetworkManager: Bind Addresses ["0.0.0.0"]
[2024-06-03 04:47:57.176 +00:00] [INF] [1] Jellyfin.Networking.Manager.NetworkManager: Remote IP filter is "Allowlist"
[2024-06-03 04:47:57.176 +00:00] [INF] [1] Jellyfin.Networking.Manager.NetworkManager: Filtered subnets: []
[2024-06-03 04:47:59.152 +00:00] [INF] [1] Emby.Server.Implementations.Plugins.PluginManager: Loaded plugin: "TMDb" "10.9.4.0"
[2024-06-03 04:47:59.153 +00:00] [INF] [1] Emby.Server.Implementations.Plugins.PluginManager: Loaded plugin: "Studio Images" "10.9.4.0"
[2024-06-03 04:47:59.154 +00:00] [INF] [1] Emby.Server.Implementations.Plugins.PluginManager: Loaded plugin: "OMDb" "10.9.4.0"
[2024-06-03 04:47:59.180 +00:00] [INF] [1] Emby.Server.Implementations.Plugins.PluginManager: Loaded plugin: "MusicBrainz" "10.9.4.0"
[2024-06-03 04:47:59.180 +00:00] [INF] [1] Emby.Server.Implementations.Plugins.PluginManager: Loaded plugin: "AudioDB" "10.9.4.0"
[2024-06-03 04:47:59.245 +00:00] [WRN] [1] Microsoft.AspNetCore.DataProtection.Repositories.EphemeralXmlRepository: Using an in-memory repository. Keys will not be persisted to storage.
[2024-06-03 04:47:59.245 +00:00] [WRN] [1] Microsoft.AspNetCore.DataProtection.KeyManagement.XmlKeyManager: Neither user profile nor HKLM registry available. Using an ephemeral key repository. Protected data will be unavailable when application exits.
[2024-06-03 04:47:59.255 +00:00] [INF] [1] Main: Kestrel is listening on "0.0.0.0"
[2024-06-03 04:47:59.277 +00:00] [WRN] [1] Microsoft.AspNetCore.DataProtection.KeyManagement.XmlKeyManager: No XML encryptor configured. Key {eff49a50-7b17-4488-a810-5e726de23558} may be persisted to storage in unencrypted form.
[2024-06-03 04:47:59.897 +00:00] [WRN] [1] Microsoft.AspNetCore.StaticFiles.StaticFileMiddleware: The WebRootPath was not found: "/run/s6-rc:s6-rc-init:aBdFnn/servicedirs/svc-jellyfin/wwwroot". Static files may be unavailable.
[2024-06-03 04:47:59.931 +00:00] [INF] [1] Emby.Server.Implementations.ApplicationHost: Running startup tasks
[2024-06-03 04:47:59.938 +00:00] [INF] [10] Emby.Server.Implementations.IO.LibraryMonitor: Watching directory "/data/movies"
[2024-06-03 04:47:59.938 +00:00] [INF] [11] Emby.Server.Implementations.IO.LibraryMonitor: Watching directory "/data/shows"
[2024-06-03 04:47:59.945 +00:00] [INF] [1] Emby.Server.Implementations.ScheduledTasks.TaskManager: Daily trigger for "Generate Trickplay Images" set to fire at 2024-06-04 03:00:00.000 +00:00, which is 22:12:00.0551001 from now.
[2024-06-03 04:47:59.954 +00:00] [INF] [1] Emby.Server.Implementations.ScheduledTasks.TaskManager: Daily trigger for "Extract Chapter Images" set to fire at 2024-06-04 02:00:00.000 +00:00, which is 21:12:00.0459681 from now.
[2024-06-03 04:47:59.982 +00:00] [INF] [1] MediaBrowser.MediaEncoding.Encoder.MediaEncoder: Found ffmpeg version "6.0.1"
[2024-06-03 04:48:00.029 +00:00] [INF] [1] MediaBrowser.MediaEncoding.Encoder.MediaEncoder: Available "decoders": ["libdav1d", "av1", "av1_cuvid", "av1_qsv", "h264", "h264_qsv", "h264_cuvid", "hevc", "hevc_qsv", "hevc_cuvid", "mpeg2video", "mpeg2_qsv", "mpeg2_cuvid", "mpeg4", "mpeg4_cuvid", "msmpeg4", "vc1_qsv", "vc1_cuvid", "vp8", "libvpx", "vp8_cuvid", "vp8_qsv", "vp9", "libvpx-vp9", "vp9_cuvid", "vp9_qsv", "aac", "ac3", "dca", "flac", "mp3", "truehd"]
[2024-06-03 04:48:00.048 +00:00] [INF] [1] MediaBrowser.MediaEncoding.Encoder.MediaEncoder: Available "encoders": ["libsvtav1", "av1_nvenc", "av1_qsv", "av1_amf", "av1_vaapi", "libx264", "h264_amf", "h264_nvenc", "h264_qsv", "h264_v4l2m2m", "h264_vaapi", "libx265", "hevc_amf", "hevc_nvenc", "hevc_qsv", "hevc_vaapi", "mjpeg_qsv", "mjpeg_vaapi", "mpeg4", "msmpeg4", "libvpx", "libvpx-vp9", "aac", "libfdk_aac", "ac3", "alac", "dca", "flac", "libmp3lame", "libopus", "truehd", "libvorbis", "srt"]
[2024-06-03 04:48:00.069 +00:00] [INF] [1] MediaBrowser.MediaEncoding.Encoder.MediaEncoder: Available filters: ["deinterlace_qsv", "deinterlace_vaapi", "hwupload_cuda", "hwupload_vaapi", "libplacebo", "overlay_opencl", "overlay_qsv", "overlay_vaapi", "overlay_vulkan", "overlay_cuda", "procamp_vaapi", "scale_cuda", "scale_opencl", "scale_qsv", "scale_vaapi", "scale_vulkan", "tonemap_cuda", "tonemap_opencl", "tonemap_vaapi", "vpp_qsv", "yadif_cuda", "zscale", "alphasrc"]
[2024-06-03 04:48:00.182 +00:00] [INF] [1] MediaBrowser.MediaEncoding.Encoder.MediaEncoder: Available hwaccel types: ["cuda", "vaapi", "qsv", "drm", "opencl", "vulkan"]
[2024-06-03 04:48:00.380 +00:00] [INF] [1] MediaBrowser.MediaEncoding.Encoder.MediaEncoder: FFmpeg: "/usr/lib/jellyfin-ffmpeg/ffmpeg"
[2024-06-03 04:48:00.381 +00:00] [INF] [1] Emby.Server.Implementations.ApplicationHost: ServerId: "fa187d5995374f68bb1682aa5a681a70"
[2024-06-03 04:48:00.381 +00:00] [INF] [1] Emby.Server.Implementations.ApplicationHost: Core startup complete
[2024-06-03 04:48:00.381 +00:00] [INF] [1] Main: Startup complete 0:00:03.676873
[2024-06-03 04:48:02.967 +00:00] [INF] [8] Emby.Server.Implementations.ScheduledTasks.TaskManager: "Clean up collections and playlists" Completed after 0 minute(s) and 0 seconds
[2024-06-03 04:48:03.875 +00:00] [INF] [18] Emby.Server.Implementations.ScheduledTasks.TaskManager: "Update Plugins" Completed after 0 minute(s) and 0 seconds
[2024-06-03 04:48:16.565 +00:00] [INF] [19] Emby.Server.Implementations.Session.SessionManager: Sending shutdown notifications
[2024-06-03 04:48:16.575 +00:00] [INF] [8] Jellyfin.Networking.PortForwardingHost: Stopping NAT discovery
[2024-06-03 04:48:16.580 +00:00] [INF] [18] Main: Running query planner optimizations in the database... This might take a while
[2024-06-03 04:48:16.601 +00:00] [INF] [8] Emby.Server.Implementations.IO.LibraryMonitor: Stopping directory watching for path "/data/shows"
[2024-06-03 04:48:16.601 +00:00] [INF] [8] Emby.Server.Implementations.IO.LibraryMonitor: Stopping directory watching for path "/data/movies"
[2024-06-03 04:48:16.604 +00:00] [INF] [18] Emby.Server.Implementations.ApplicationHost: Disposing "CoreAppHost"
[2024-06-03 04:48:16.605 +00:00] [INF] [18] Emby.Server.Implementations.ApplicationHost: Disposing "MusicBrainzArtistProvider"
[2024-06-03 04:48:16.605 +00:00] [INF] [18] Emby.Server.Implementations.ApplicationHost: Disposing "MusicBrainzAlbumProvider"
[2024-06-03 04:48:16.605 +00:00] [INF] [18] Emby.Server.Implementations.ApplicationHost: Disposing "PluginManager"
