[2026-05-28 17:16:46.377 +00:00] [INF] [1] Emby.Server.Implementations.AppBase.BaseConfigurationManager: Setting cache path: "/config/cache"
[2026-05-28 17:16:46.585 +00:00] [INF] [10] Jellyfin.Server.ServerSetupApp.SetupServer: Kestrel is listening on "0.0.0.0"
[2026-05-28 17:16:46.611 +00:00] [INF] [10] Main: Jellyfin version: "10.11.10"
[2026-05-28 17:16:46.614 +00:00] [INF] [10] Main: Environment Variables: ["[JELLYFIN_CONFIG_DIR, /config]", "[JELLYFIN_CACHE_DIR, /config/cache]", "[JELLYFIN_WEB_DIR, /usr/share/jellyfin/web]", "[JELLYFIN_DATA_DIR, /config/data]", "[JELLYFIN_LOG_DIR, /config/log]"]
[2026-05-28 17:16:46.616 +00:00] [INF] [10] Main: Arguments: ["/usr/lib/jellyfin/bin/jellyfin.dll", "--ffmpeg=/usr/lib/jellyfin-ffmpeg/ffmpeg"]
[2026-05-28 17:16:46.616 +00:00] [INF] [10] Main: Operating system: "Ubuntu 24.04.4 LTS"
[2026-05-28 17:16:46.616 +00:00] [INF] [10] Main: Architecture: X64
[2026-05-28 17:16:46.617 +00:00] [INF] [10] Main: 64-Bit Process: True
[2026-05-28 17:16:46.617 +00:00] [INF] [10] Main: User Interactive: True
[2026-05-28 17:16:46.617 +00:00] [INF] [10] Main: Processor count: 8
[2026-05-28 17:16:46.617 +00:00] [INF] [10] Main: Program data path: "/config/data"
[2026-05-28 17:16:46.617 +00:00] [INF] [10] Main: Log directory path: "/config/log"
[2026-05-28 17:16:46.617 +00:00] [INF] [10] Main: Config directory path: "/config"
[2026-05-28 17:16:46.617 +00:00] [INF] [10] Main: Cache path: "/config/cache"
[2026-05-28 17:16:46.617 +00:00] [INF] [10] Main: Temp directory path: "/tmp/jellyfin"
[2026-05-28 17:16:46.617 +00:00] [INF] [10] Main: Web resources path: "/usr/share/jellyfin/web"
[2026-05-28 17:16:46.617 +00:00] [INF] [10] Main: Application directory: "/usr/lib/jellyfin/bin/"
[2026-05-28 17:16:46.639 +00:00] [INF] [10] Jellyfin.Server.Startup: Storage path `"/config/data/data"` (Fixed) successfully checked with "42GiB" free which is over the minimum of "2GiB".
[2026-05-28 17:16:46.640 +00:00] [INF] [10] Jellyfin.Server.Startup: Storage path `"/config/cache"` (Fixed) successfully checked with "42GiB" free which is over the minimum of "2GiB".
[2026-05-28 17:16:46.640 +00:00] [INF] [10] Jellyfin.Server.Startup: Storage path `"/config/data"` (Fixed) successfully checked with "42GiB" free which is over the minimum of "2GiB".
[2026-05-28 17:16:46.645 +00:00] [INF] [10] Emby.Server.Implementations.AppBase.BaseConfigurationManager: Setting cache path: "/config/cache"
[2026-05-28 17:16:46.724 +00:00] [INF] [10] Jellyfin.Database.Providers.Sqlite.SqliteDatabaseProvider: SQLite connection string: "Data Source=/config/data/data/jellyfin.db;Cache=Default;Default Timeout=30;Pooling=True"
[2026-05-28 17:16:46.732 +00:00] [INF] [10] Jellyfin.Database.Providers.Sqlite.SqliteDatabaseProvider: SQLITE connection pragma command set to: 
"PRAGMA locking_mode=NORMAL;
PRAGMA journal_size_limit=134217728;
PRAGMA synchronous=1;
PRAGMA temp_store=2;
"
[2026-05-28 17:16:46.734 +00:00] [INF] [10] Jellyfin.Database.Implementations.Locking.NoLockBehavior: The database locking mode has been set to: NoLock.
[2026-05-28 17:16:46.776 +00:00] [INF] [10] Jellyfin.Server.Migrations.JellyfinMigrationService: Initialise Migration service.
[2026-05-28 17:16:47.061 +00:00] [WRN] [9] Microsoft.Extensions.Diagnostics.HealthChecks.DefaultHealthCheckService: Health check "StartupCheck" with status Degraded completed after 2.325ms with message '"Server is still starting up."'
[2026-05-28 17:16:47.964 +00:00] [INF] [10] Jellyfin.Server.Migrations.JellyfinMigrationService: There are 0 migrations for stage PreInitialisation.
[2026-05-28 17:16:47.975 +00:00] [INF] [10] Emby.Server.Implementations.AppBase.BaseConfigurationManager: Setting cache path: "/config/cache"
[2026-05-28 17:16:47.994 +00:00] [INF] [10] Emby.Server.Implementations.ApplicationHost: Loading assemblies
[2026-05-28 17:16:48.028 +00:00] [INF] [10] Jellyfin.Networking.Manager.NetworkManager: Defined LAN subnets: ["127.0.0.1/8", "10.0.0.0/8", "172.16.0.0/12", "192.168.0.0/16"]
[2026-05-28 17:16:48.028 +00:00] [INF] [10] Jellyfin.Networking.Manager.NetworkManager: Defined LAN exclusions: []
[2026-05-28 17:16:48.028 +00:00] [INF] [10] Jellyfin.Networking.Manager.NetworkManager: Used LAN subnets: ["127.0.0.1/8", "10.0.0.0/8", "172.16.0.0/12", "192.168.0.0/16"]
[2026-05-28 17:16:48.030 +00:00] [INF] [10] Jellyfin.Networking.Manager.NetworkManager: Filtered interface addresses: ["127.0.0.1", "172.17.0.3"]
[2026-05-28 17:16:48.030 +00:00] [INF] [10] Jellyfin.Networking.Manager.NetworkManager: Bind Addresses ["0.0.0.0"]
[2026-05-28 17:16:48.030 +00:00] [INF] [10] Jellyfin.Networking.Manager.NetworkManager: Remote IP filter is "Allowlist"
[2026-05-28 17:16:48.030 +00:00] [INF] [10] Jellyfin.Networking.Manager.NetworkManager: Filtered subnets: []
[2026-05-28 17:16:48.087 +00:00] [WRN] [7] Microsoft.Extensions.Diagnostics.HealthChecks.DefaultHealthCheckService: Health check "StartupCheck" with status Degraded completed after 0.039ms with message '"Server is still starting up."'
[2026-05-28 17:16:48.136 +00:00] [INF] [10] Jellyfin.Database.Providers.Sqlite.SqliteDatabaseProvider: SQLite connection string: "Data Source=/config/data/data/jellyfin.db;Cache=Default;Default Timeout=30;Pooling=True"
[2026-05-28 17:16:48.136 +00:00] [INF] [10] Jellyfin.Database.Providers.Sqlite.SqliteDatabaseProvider: SQLITE connection pragma command set to: 
"PRAGMA locking_mode=NORMAL;
PRAGMA journal_size_limit=134217728;
PRAGMA synchronous=1;
PRAGMA temp_store=2;
"
[2026-05-28 17:16:48.137 +00:00] [INF] [10] Jellyfin.Database.Implementations.Locking.NoLockBehavior: The database locking mode has been set to: NoLock.
[2026-05-28 17:16:48.142 +00:00] [INF] [10] Main: Prepare system for possible migrations
[2026-05-28 17:16:48.170 +00:00] [INF] [10] Main: A migration will attempt to modify the jellyfin.db, will attempt to backup the file now.
[2026-05-28 17:16:48.173 +00:00] [INF] [10] Main: Jellyfin database has been backed up as "20260528051648"
[2026-05-28 17:16:48.179 +00:00] [INF] [10] Jellyfin.Server.Migrations.JellyfinMigrationService: There are 1 migrations for stage CoreInitialisation.
[2026-05-28 17:16:48.181 +00:00] [INF] [10] InternalDatabaseMigration: Perform migration "20260522092303_AddNormalizedUsername"
[2026-05-28 17:16:48.369 +00:00] [INF] [10] InternalDatabaseMigration: Migration "20260522092303_AddNormalizedUsername" was successfully applied
[2026-05-28 17:16:48.369 +00:00] [INF] [10] InternalCodeMigration: Perform migration "20260522092304_UpdateNormalizedUsername"
[2026-05-28 17:16:48.833 +00:00] [INF] [10] InternalCodeMigration: Migration "20260522092304_UpdateNormalizedUsername" was successfully applied
[2026-05-28 17:16:48.833 +00:00] [INF] [10] InternalDatabaseMigration: Perform migration "20260524120336_AddUniqueNormalizedUsernameIndex"
[2026-05-28 17:16:48.869 +00:00] [INF] [10] InternalDatabaseMigration: Migration "20260524120336_AddUniqueNormalizedUsernameIndex" was successfully applied
[2026-05-28 17:16:49.008 +00:00] [INF] [10] Emby.Server.Implementations.Plugins.PluginManager: Loaded plugin: "TMDb" "10.11.10.0"
[2026-05-28 17:16:49.009 +00:00] [INF] [10] Emby.Server.Implementations.Plugins.PluginManager: Loaded plugin: "Studio Images" "10.11.10.0"
[2026-05-28 17:16:49.009 +00:00] [INF] [10] Emby.Server.Implementations.Plugins.PluginManager: Loaded plugin: "OMDb" "10.11.10.0"
[2026-05-28 17:16:49.020 +00:00] [INF] [10] Emby.Server.Implementations.Plugins.PluginManager: Loaded plugin: "MusicBrainz" "10.11.10.0"
[2026-05-28 17:16:49.020 +00:00] [INF] [10] Emby.Server.Implementations.Plugins.PluginManager: Loaded plugin: "AudioDB" "10.11.10.0"
[2026-05-28 17:16:49.078 +00:00] [INF] [10] Jellyfin.Server.Migrations.JellyfinMigrationService: There are 0 migrations for stage AppInitialisation.
[2026-05-28 17:16:49.079 +00:00] [INF] [10] Main: Attempt to cleanup JellyfinDb backup.
[2026-05-28 17:16:49.169 +00:00] [INF] [10] Main: Kestrel is listening on "0.0.0.0"
[2026-05-28 17:16:50.079 +00:00] [WRN] [10] Microsoft.AspNetCore.StaticFiles.StaticFileMiddleware: The WebRootPath was not found: "/run/s6-rc:s6-rc-init:NamBoN/servicedirs/svc-jellyfin/wwwroot". Static files may be unavailable.
[2026-05-28 17:16:50.116 +00:00] [INF] [10] Emby.Server.Implementations.ApplicationHost: Running startup tasks
[2026-05-28 17:16:50.117 +00:00] [INF] [9] Emby.Server.Implementations.IO.LibraryMonitor: Watching directory "/data/custom_movies"
[2026-05-28 17:16:50.117 +00:00] [INF] [15] Emby.Server.Implementations.IO.LibraryMonitor: Watching directory "/data/shows"
[2026-05-28 17:16:50.117 +00:00] [INF] [18] Emby.Server.Implementations.IO.LibraryMonitor: Watching directory "/data/movies"
[2026-05-28 17:16:50.117 +00:00] [INF] [13] Emby.Server.Implementations.IO.LibraryMonitor: Watching directory "/data/custom_tvshows"
[2026-05-28 17:16:50.129 +00:00] [INF] [10] Emby.Server.Implementations.ScheduledTasks.TaskManager: Daily trigger for "Generate Trickplay Images" set to fire at 2026-05-29 03:00:00.000 +00:00, which is 09:43:09.8702379 from now.
[2026-05-28 17:16:50.142 +00:00] [INF] [10] Emby.Server.Implementations.ScheduledTasks.TaskManager: Daily trigger for "Extract Chapter Images" set to fire at 2026-05-29 02:00:00.000 +00:00, which is 08:43:09.8578893 from now.
[2026-05-28 17:16:50.179 +00:00] [INF] [10] MediaBrowser.MediaEncoding.Encoder.MediaEncoder: Found ffmpeg version "7.1.3"
[2026-05-28 17:16:50.223 +00:00] [INF] [10] MediaBrowser.MediaEncoding.Encoder.MediaEncoder: Available "decoders": ["libdav1d", "av1", "av1_cuvid", "av1_qsv", "h264", "h264_qsv", "h264_cuvid", "hevc", "hevc_qsv", "hevc_cuvid", "mpeg2video", "mpeg2_qsv", "mpeg2_cuvid", "mpeg4", "mpeg4_cuvid", "msmpeg4", "vc1_qsv", "vc1_cuvid", "vp8", "libvpx", "vp8_cuvid", "vp8_qsv", "vp9", "libvpx-vp9", "vp9_cuvid", "vp9_qsv", "aac", "ac3", "ac4", "dca", "flac", "mp3", "truehd"]
[2026-05-28 17:16:50.246 +00:00] [INF] [10] MediaBrowser.MediaEncoding.Encoder.MediaEncoder: Available "encoders": ["libsvtav1", "av1_nvenc", "av1_qsv", "av1_amf", "av1_vaapi", "libx264", "h264_amf", "h264_nvenc", "h264_qsv", "h264_v4l2m2m", "h264_vaapi", "libx265", "hevc_amf", "hevc_nvenc", "hevc_qsv", "hevc_vaapi", "mjpeg_qsv", "mjpeg_vaapi", "aac", "libfdk_aac", "ac3", "alac", "dca", "flac", "libmp3lame", "libopus", "truehd", "libvorbis", "srt"]
[2026-05-28 17:16:50.267 +00:00] [INF] [10] MediaBrowser.MediaEncoding.Encoder.MediaEncoder: Available filters: ["bwdif_cuda", "bwdif_opencl", "deinterlace_qsv", "deinterlace_vaapi", "flip_vulkan", "hwupload_cuda", "hwupload_vaapi", "libplacebo", "overlay_opencl", "overlay_qsv", "overlay_vaapi", "overlay_vulkan", "overlay_cuda", "procamp_vaapi", "scale_cuda", "scale_opencl", "scale_qsv", "scale_vaapi", "scale_vulkan", "tonemapx", "tonemap_cuda", "tonemap_opencl", "tonemap_vaapi", "transpose_cuda", "transpose_opencl", "transpose_vaapi", "transpose_vulkan", "vpp_qsv", "yadif_cuda", "yadif_opencl", "zscale", "alphasrc"]
[2026-05-28 17:16:50.566 +00:00] [INF] [10] MediaBrowser.MediaEncoding.Encoder.MediaEncoder: Available hwaccel types: ["cuda", "vaapi", "qsv", "drm", "opencl", "vulkan"]
[2026-05-28 17:16:53.158 +00:00] [INF] [13] Emby.Server.Implementations.ScheduledTasks.TaskManager: "Clean up collections and playlists" Completed after 0 minute(s) and 0 seconds
[2026-05-28 17:16:53.159 +00:00] [INF] [15] Emby.Server.Implementations.ScheduledTasks.TaskManager: "Clean Transcode Directory" Completed after 0 minute(s) and 0 seconds
[2026-05-28 17:16:53.904 +00:00] [INF] [10] MediaBrowser.MediaEncoding.Encoder.MediaEncoder: FFmpeg: "/usr/lib/jellyfin-ffmpeg/ffmpeg"
[2026-05-28 17:16:53.905 +00:00] [INF] [10] Emby.Server.Implementations.ApplicationHost: ServerId: "fa187d5995374f68bb1682aa5a681a70"
[2026-05-28 17:16:53.905 +00:00] [INF] [10] Emby.Server.Implementations.ApplicationHost: Core startup complete
[2026-05-28 17:16:53.905 +00:00] [INF] [10] Main: Startup complete 0:00:07.7673402
[2026-05-28 17:16:54.135 +00:00] [INF] [10] Emby.Server.Implementations.ScheduledTasks.TaskManager: "Update Plugins" Completed after 0 minute(s) and 0 seconds
[2026-05-28 17:16:56.338 +00:00] [INF] [9] Jellyfin.Api.Auth.CustomAuthenticationHandler: "CustomAuthentication" was not authenticated. Failure message: "Invalid token."
[2026-05-28 17:16:56.388 +00:00] [INF] [16] Jellyfin.Api.Auth.CustomAuthenticationHandler: "CustomAuthentication" was not authenticated. Failure message: "Invalid token."
[2026-05-28 17:16:56.391 +00:00] [INF] [16] Jellyfin.Api.Auth.CustomAuthenticationHandler: "CustomAuthentication" was not authenticated. Failure message: "Invalid token."
[2026-05-28 17:16:56.398 +00:00] [INF] [16] Jellyfin.Api.Auth.CustomAuthenticationHandler: AuthenticationScheme: "CustomAuthentication" was challenged.
[2026-05-28 17:17:01.969 +00:00] [INF] [15] Jellyfin.Server.Implementations.Users.UserManager: Authentication request for "JellyUser" has succeeded.
[2026-05-28 17:17:01.971 +00:00] [INF] [15] Emby.Server.Implementations.Session.SessionManager: Current/Max sessions for user "JellyUser": 0/0
[2026-05-28 17:17:01.973 +00:00] [INF] [15] Emby.Server.Implementations.Session.SessionManager: Creating new access token for user 32f97b31-f402-48fb-af21-7370a6f48bc9
[2026-05-28 17:17:02.274 +00:00] [INF] [7] Emby.Server.Implementations.HttpServer.WebSocketManager: WS "172.17.0.1" request
[2026-05-28 17:17:26.046 +00:00] [INF] [16] MediaBrowser.Providers.TV.EpisodeMetadataService: File changed, pruning extracted data: "/data/shows/My Adventures with Superman {tvdb-403172} {imdb-tt14681924}/Season 1/S01E01.mkv"
[2026-05-28 17:17:26.172 +00:00] [INF] [7] MediaBrowser.Providers.TV.EpisodeMetadataService: File changed, pruning extracted data: "/data/shows/ONE PIECE (2023) {tvdb-392276} {imdb-tt11737520}/Season 1/S01E01.mkv"
[2026-05-28 17:17:26.482 +00:00] [INF] [10] MediaBrowser.Providers.TV.EpisodeMetadataService: File changed, pruning extracted data: "/data/shows/Monarch - Legacy of Monsters {tvdb-422598} {imdb-tt17220216}/Season 1/S01E01.mkv"
[2026-05-28 17:17:26.619 +00:00] [INF] [9] MediaBrowser.Providers.TV.EpisodeMetadataService: File changed, pruning extracted data: "/data/shows/Doctor Who (2005) {tvdb-78804} {imdb-tt0436992}/Season 1/S01E01.mkv"
[2026-05-28 17:17:28.218 +00:00] [INF] [10] MediaBrowser.Providers.TV.EpisodeMetadataService: File changed, pruning extracted data: "/data/shows/My Adventures with Superman {tvdb-403172} {imdb-tt14681924}/Season 1/S01E02.mkv"
[2026-05-28 17:17:28.912 +00:00] [INF] [16] MediaBrowser.Providers.TV.EpisodeMetadataService: File changed, pruning extracted data: "/data/shows/ONE PIECE (2023) {tvdb-392276} {imdb-tt11737520}/Season 1/S01E02.mkv"
[2026-05-28 17:17:29.077 +00:00] [INF] [16] MediaBrowser.Providers.TV.EpisodeMetadataService: File changed, pruning extracted data: "/data/shows/My Adventures with Superman {tvdb-403172} {imdb-tt14681924}/Season 1/S01E03.mkv"
[2026-05-28 17:17:29.366 +00:00] [INF] [16] MediaBrowser.Providers.TV.EpisodeMetadataService: File changed, pruning extracted data: "/data/shows/Doctor Who (2005) {tvdb-78804} {imdb-tt0436992}/Season 1/S01E02.mkv"
[2026-05-28 17:17:29.627 +00:00] [INF] [28] MediaBrowser.Providers.TV.EpisodeMetadataService: File changed, pruning extracted data: "/data/shows/Monarch - Legacy of Monsters {tvdb-422598} {imdb-tt17220216}/Season 1/S01E02.mkv"
[2026-05-28 17:17:29.649 +00:00] [INF] [27] MediaBrowser.Providers.TV.SeriesMetadataService: Creating Season "Season Unknown" entry for "Breaking Bad"
[2026-05-28 17:17:30.505 +00:00] [INF] [30] MediaBrowser.Providers.TV.EpisodeMetadataService: File changed, pruning extracted data: "/data/shows/ONE PIECE (2023) {tvdb-392276} {imdb-tt11737520}/Season 1/S01E03.mkv"
[2026-05-28 17:17:30.836 +00:00] [INF] [26] MediaBrowser.Providers.TV.EpisodeMetadataService: File changed, pruning extracted data: "/data/shows/Monarch - Legacy of Monsters {tvdb-422598} {imdb-tt17220216}/Season 1/S01E03.mkv"
[2026-05-28 17:17:30.922 +00:00] [INF] [30] MediaBrowser.Providers.TV.SeriesMetadataService: Creating Season "Season Unknown" entry for "Black Mirror"
[2026-05-28 17:17:31.085 +00:00] [INF] [10] MediaBrowser.Providers.TV.EpisodeMetadataService: File changed, pruning extracted data: "/data/shows/Doctor Who (2005) {tvdb-78804} {imdb-tt0436992}/Season 1/S01E03.mkv"
[2026-05-28 17:17:32.228 +00:00] [INF] [15] MediaBrowser.Providers.TV.EpisodeMetadataService: File changed, pruning extracted data: "/data/shows/Doctor Who (2005) {tvdb-78804} {imdb-tt0436992}/Season 1/S01E04.mkv"
[2026-05-28 17:17:32.745 +00:00] [INF] [15] MediaBrowser.Providers.TV.EpisodeMetadataService: File changed, pruning extracted data: "/data/shows/Monarch - Legacy of Monsters {tvdb-422598} {imdb-tt17220216}/Season 1/S01E04.mkv"
[2026-05-28 17:17:33.829 +00:00] [INF] [10] MediaBrowser.Providers.TV.EpisodeMetadataService: File changed, pruning extracted data: "/data/shows/Doctor Who (2005) {tvdb-78804} {imdb-tt0436992}/Season 1/S01E05.mkv"
[2026-05-28 17:17:33.941 +00:00] [INF] [7] MediaBrowser.Providers.TV.SeriesMetadataService: Removing virtual season null in series "Breaking Bad"
[2026-05-28 17:17:33.944 +00:00] [INF] [7] Emby.Server.Implementations.Library.LibraryManager: Removing item, Type: "Season", Name: "Season Unknown", Path: "", Id: bc07ef6e-1937-15af-a5c7-0f1cb2bda256
[2026-05-28 17:17:33.949 +00:00] [INF] [15] MediaBrowser.Providers.TV.EpisodeMetadataService: File changed, pruning extracted data: "/data/shows/Monarch - Legacy of Monsters {tvdb-422598} {imdb-tt17220216}/Season 1/S01E05.mkv"
[2026-05-28 17:17:39.663 +00:00] [INF] [15] MediaBrowser.Providers.TV.SeriesMetadataService: Removing virtual season null in series "Black Mirror"
[2026-05-28 17:17:39.663 +00:00] [INF] [15] Emby.Server.Implementations.Library.LibraryManager: Removing item, Type: "Season", Name: "Season Unknown", Path: "", Id: 8c791a78-f8bf-271b-afb7-52384931c290
[2026-05-28 17:17:47.578 +00:00] [WRN] [15] Microsoft.EntityFrameworkCore.Query: Compiling a query which loads related collections for more than one collection navigation, either via 'Include' or through projection, but no 'QuerySplittingBehavior' has been configured. By default, Entity Framework will use 'QuerySplittingBehavior.SingleQuery', which can potentially result in slow query performance. See https://go.microsoft.com/fwlink/?linkid=2134277 for more information. To identify the query that's triggering this warning call 'ConfigureWarnings(w => w.Throw(RelationalEventId.MultipleCollectionIncludeWarning))'.
[2026-05-28 17:17:49.972 +00:00] [INF] [10] Jellyfin.Api.Helpers.MediaInfoHelper: User policy for "JellyUser". EnablePlaybackRemuxing: True EnableVideoPlaybackTranscoding: True EnableAudioPlaybackTranscoding: True
[2026-05-28 17:17:50.586 +00:00] [INF] [30] Jellyfin.Api.Controllers.DynamicHlsController: Current HLS implementation doesn't support non-keyframe breaks but one is requested, ignoring that request
[2026-05-28 17:17:50.599 +00:00] [INF] [30] MediaBrowser.MediaEncoding.Transcoding.TranscodeManager: "/usr/lib/jellyfin-ffmpeg/ffmpeg" "-analyzeduration 200M -probesize 1G -fflags +genpts  -i file:\"/data/shows/Black Mirror {tvdb-253463} {imdb-tt2085059}/Season 1/S01E01.mkv\" -map_metadata -1 -map_chapters -1 -threads 0 -map 0:0 -map -0:a -map -0:s -codec:v:0 copy -bsf:v h264_mp4toannexb -start_at_zero  -copyts -avoid_negative_ts disabled -max_muxing_queue_size 2048 -f hls -max_delay 5000000 -hls_time 6 -hls_segment_type fmp4 -hls_fmp4_init_filename \"5627773700466b88404ff25213f2c10c-1.mp4\" -start_number 0 -hls_segment_filename \"/config/cache/transcodes/5627773700466b88404ff25213f2c10c%d.mp4\" -hls_playlist_type vod -hls_list_size 0 -hls_segment_options movflags=+frag_discont -y \"/config/cache/transcodes/5627773700466b88404ff25213f2c10c.m3u8\""
[2026-05-28 17:17:50.633 +00:00] [INF] [30] MediaBrowser.MediaEncoding.Transcoding.TranscodeManager: FFmpeg exited with code 0
[2026-05-28 17:18:02.258 +00:00] [INF] [13] MediaBrowser.MediaEncoding.Transcoding.TranscodeManager: Deleting partial stream file(s) "/config/cache/transcodes/5627773700466b88404ff25213f2c10c.m3u8"
[2026-05-28 17:18:03.786 +00:00] [INF] [13] Emby.Server.Implementations.Session.SessionManager: Playback stopped reported by app "Jellyfin Web" "10.11.10" playing "The National Anthem". Stopped at "300842" ms
[2026-05-28 17:18:05.033 +00:00] [INF] [13] Emby.Server.Implementations.HttpServer.WebSocketManager: WS "172.17.0.1" closed
[2026-05-28 17:18:05.624 +00:00] [INF] [10] Emby.Server.Implementations.HttpServer.WebSocketManager: WS "172.17.0.1" request
[2026-05-28 17:20:15.779 +00:00] [INF] [33] Jellyfin.Api.Helpers.MediaInfoHelper: User policy for "JellyUser". EnablePlaybackRemuxing: True EnableVideoPlaybackTranscoding: True EnableAudioPlaybackTranscoding: True
[2026-05-28 17:20:16.185 +00:00] [INF] [33] Jellyfin.Api.Controllers.DynamicHlsController: Current HLS implementation doesn't support non-keyframe breaks but one is requested, ignoring that request
[2026-05-28 17:20:16.186 +00:00] [INF] [33] MediaBrowser.MediaEncoding.Transcoding.TranscodeManager: "/usr/lib/jellyfin-ffmpeg/ffmpeg" "-analyzeduration 200M -probesize 1G -fflags +genpts  -i file:\"/data/shows/Breaking Bad {tvdb-81189} {imdb-tt0903747}/Season1/S01E02.mkv\" -map_metadata -1 -map_chapters -1 -threads 0 -map 0:0 -map -0:a -map -0:s -codec:v:0 copy -bsf:v h264_mp4toannexb -start_at_zero  -copyts -avoid_negative_ts disabled -max_muxing_queue_size 2048 -f hls -max_delay 5000000 -hls_time 6 -hls_segment_type fmp4 -hls_fmp4_init_filename \"fde0cd066305eb826029ef559f788fc9-1.mp4\" -start_number 0 -hls_segment_filename \"/config/cache/transcodes/fde0cd066305eb826029ef559f788fc9%d.mp4\" -hls_playlist_type vod -hls_list_size 0 -hls_segment_options movflags=+frag_discont -y \"/config/cache/transcodes/fde0cd066305eb826029ef559f788fc9.m3u8\""
[2026-05-28 17:20:16.213 +00:00] [INF] [33] MediaBrowser.MediaEncoding.Transcoding.TranscodeManager: FFmpeg exited with code 0
[2026-05-28 17:20:22.418 +00:00] [INF] [32] MediaBrowser.MediaEncoding.Transcoding.TranscodeManager: Deleting partial stream file(s) "/config/cache/transcodes/fde0cd066305eb826029ef559f788fc9.m3u8"
[2026-05-28 17:20:23.924 +00:00] [INF] [32] Emby.Server.Implementations.Session.SessionManager: Playback stopped reported by app "Jellyfin Web" "10.11.10" playing "Cat's in the Bag...". Stopped at "420583" ms
[2026-05-28 17:20:24.197 +00:00] [INF] [32] Emby.Server.Implementations.HttpServer.WebSocketManager: WS "172.17.0.1" closed
[2026-05-28 17:20:24.838 +00:00] [INF] [3] Emby.Server.Implementations.HttpServer.WebSocketManager: WS "172.17.0.1" request
[2026-05-28 17:20:32.548 +00:00] [INF] [33] Emby.Server.Implementations.HttpServer.WebSocketManager: WS "172.17.0.1" closed
[2026-05-28 17:20:33.257 +00:00] [INF] [26] Emby.Server.Implementations.HttpServer.WebSocketManager: WS "172.17.0.1" request
[2026-05-28 17:20:47.395 +00:00] [INF] [38] Emby.Server.Implementations.Session.SessionManager: Sending shutdown notifications
[2026-05-28 17:20:47.400 +00:00] [INF] [37] Emby.Server.Implementations.HttpServer.WebSocketManager: WS "172.17.0.1" closed
[2026-05-28 17:20:47.408 +00:00] [INF] [30] Main: Running query planner optimizations in the database... This might take a while
[2026-05-28 17:20:47.432 +00:00] [INF] [32] Emby.Server.Implementations.IO.LibraryMonitor: Stopping directory watching for path "/data/shows"
[2026-05-28 17:20:47.433 +00:00] [INF] [32] Emby.Server.Implementations.IO.LibraryMonitor: Stopping directory watching for path "/data/custom_tvshows"
[2026-05-28 17:20:47.433 +00:00] [INF] [32] Emby.Server.Implementations.IO.LibraryMonitor: Stopping directory watching for path "/data/custom_movies"
[2026-05-28 17:20:47.433 +00:00] [INF] [32] Emby.Server.Implementations.IO.LibraryMonitor: Stopping directory watching for path "/data/movies"
[2026-05-28 17:20:47.441 +00:00] [INF] [30] Emby.Server.Implementations.ApplicationHost: Disposing "CoreAppHost"
[2026-05-28 17:20:47.441 +00:00] [INF] [30] Emby.Server.Implementations.ApplicationHost: Disposing "MusicBrainzArtistProvider"
[2026-05-28 17:20:47.442 +00:00] [INF] [30] Emby.Server.Implementations.ApplicationHost: Disposing "MusicBrainzAlbumProvider"
[2026-05-28 17:20:47.442 +00:00] [INF] [30] Emby.Server.Implementations.ApplicationHost: Disposing "PluginManager"
[2026-05-28 17:23:40.051 +00:00] [INF] [1] Emby.Server.Implementations.AppBase.BaseConfigurationManager: Setting cache path: "/config/cache"
[2026-05-28 17:23:40.257 +00:00] [INF] [9] Jellyfin.Server.ServerSetupApp.SetupServer: Kestrel is listening on "0.0.0.0"
[2026-05-28 17:23:40.288 +00:00] [INF] [9] Main: Jellyfin version: "10.11.10"
[2026-05-28 17:23:40.291 +00:00] [INF] [9] Main: Environment Variables: ["[JELLYFIN_WEB_DIR, /usr/share/jellyfin/web]", "[JELLYFIN_LOG_DIR, /config/log]", "[JELLYFIN_CONFIG_DIR, /config]", "[JELLYFIN_CACHE_DIR, /config/cache]", "[JELLYFIN_DATA_DIR, /config/data]"]
[2026-05-28 17:23:40.298 +00:00] [INF] [9] Main: Arguments: ["/usr/lib/jellyfin/bin/jellyfin.dll", "--ffmpeg=/usr/lib/jellyfin-ffmpeg/ffmpeg"]
[2026-05-28 17:23:40.298 +00:00] [INF] [9] Main: Operating system: "Ubuntu 24.04.4 LTS"
[2026-05-28 17:23:40.298 +00:00] [INF] [9] Main: Architecture: X64
[2026-05-28 17:23:40.299 +00:00] [INF] [9] Main: 64-Bit Process: True
[2026-05-28 17:23:40.299 +00:00] [INF] [9] Main: User Interactive: True
[2026-05-28 17:23:40.299 +00:00] [INF] [9] Main: Processor count: 4
[2026-05-28 17:23:40.299 +00:00] [INF] [9] Main: Program data path: "/config/data"
[2026-05-28 17:23:40.299 +00:00] [INF] [9] Main: Log directory path: "/config/log"
[2026-05-28 17:23:40.299 +00:00] [INF] [9] Main: Config directory path: "/config"
[2026-05-28 17:23:40.299 +00:00] [INF] [9] Main: Cache path: "/config/cache"
[2026-05-28 17:23:40.299 +00:00] [INF] [9] Main: Temp directory path: "/tmp/jellyfin"
[2026-05-28 17:23:40.299 +00:00] [INF] [9] Main: Web resources path: "/usr/share/jellyfin/web"
[2026-05-28 17:23:40.299 +00:00] [INF] [9] Main: Application directory: "/usr/lib/jellyfin/bin/"
[2026-05-28 17:23:40.320 +00:00] [INF] [9] Jellyfin.Server.Startup: Storage path `"/config/data/data"` (Fixed) successfully checked with "86.8GiB" free which is over the minimum of "2GiB".
[2026-05-28 17:23:40.321 +00:00] [INF] [9] Jellyfin.Server.Startup: Storage path `"/config/cache"` (Fixed) successfully checked with "86.8GiB" free which is over the minimum of "2GiB".
[2026-05-28 17:23:40.321 +00:00] [INF] [9] Jellyfin.Server.Startup: Storage path `"/config/data"` (Fixed) successfully checked with "86.8GiB" free which is over the minimum of "2GiB".
[2026-05-28 17:23:40.325 +00:00] [INF] [9] Emby.Server.Implementations.AppBase.BaseConfigurationManager: Setting cache path: "/config/cache"
[2026-05-28 17:23:40.396 +00:00] [INF] [9] Jellyfin.Database.Providers.Sqlite.SqliteDatabaseProvider: SQLite connection string: "Data Source=/config/data/data/jellyfin.db;Cache=Default;Default Timeout=30;Pooling=True"
[2026-05-28 17:23:40.404 +00:00] [INF] [9] Jellyfin.Database.Providers.Sqlite.SqliteDatabaseProvider: SQLITE connection pragma command set to: 
"PRAGMA locking_mode=NORMAL;
PRAGMA journal_size_limit=134217728;
PRAGMA synchronous=1;
PRAGMA temp_store=2;
"
[2026-05-28 17:23:40.405 +00:00] [INF] [9] Jellyfin.Database.Implementations.Locking.NoLockBehavior: The database locking mode has been set to: NoLock.
[2026-05-28 17:23:40.444 +00:00] [INF] [9] Jellyfin.Server.Migrations.JellyfinMigrationService: Initialise Migration service.
[2026-05-28 17:23:40.830 +00:00] [WRN] [11] Microsoft.Extensions.Diagnostics.HealthChecks.DefaultHealthCheckService: Health check "StartupCheck" with status Degraded completed after 0.9808ms with message '"Server is still starting up."'
[2026-05-28 17:23:41.647 +00:00] [INF] [9] Jellyfin.Server.Migrations.JellyfinMigrationService: There are 0 migrations for stage PreInitialisation.
[2026-05-28 17:23:41.661 +00:00] [INF] [9] Emby.Server.Implementations.AppBase.BaseConfigurationManager: Setting cache path: "/config/cache"
[2026-05-28 17:23:41.682 +00:00] [INF] [9] Emby.Server.Implementations.ApplicationHost: Loading assemblies
[2026-05-28 17:23:41.723 +00:00] [INF] [9] Jellyfin.Networking.Manager.NetworkManager: Defined LAN subnets: ["127.0.0.1/8", "10.0.0.0/8", "172.16.0.0/12", "192.168.0.0/16"]
[2026-05-28 17:23:41.723 +00:00] [INF] [9] Jellyfin.Networking.Manager.NetworkManager: Defined LAN exclusions: []
[2026-05-28 17:23:41.724 +00:00] [INF] [9] Jellyfin.Networking.Manager.NetworkManager: Used LAN subnets: ["127.0.0.1/8", "10.0.0.0/8", "172.16.0.0/12", "192.168.0.0/16"]
[2026-05-28 17:23:41.725 +00:00] [INF] [9] Jellyfin.Networking.Manager.NetworkManager: Filtered interface addresses: ["127.0.0.1", "172.17.0.3"]
[2026-05-28 17:23:41.726 +00:00] [INF] [9] Jellyfin.Networking.Manager.NetworkManager: Bind Addresses ["0.0.0.0"]
[2026-05-28 17:23:41.726 +00:00] [INF] [9] Jellyfin.Networking.Manager.NetworkManager: Remote IP filter is "Allowlist"
[2026-05-28 17:23:41.726 +00:00] [INF] [9] Jellyfin.Networking.Manager.NetworkManager: Filtered subnets: []
[2026-05-28 17:23:41.829 +00:00] [INF] [9] Jellyfin.Database.Providers.Sqlite.SqliteDatabaseProvider: SQLite connection string: "Data Source=/config/data/data/jellyfin.db;Cache=Default;Default Timeout=30;Pooling=True"
[2026-05-28 17:23:41.829 +00:00] [INF] [9] Jellyfin.Database.Providers.Sqlite.SqliteDatabaseProvider: SQLITE connection pragma command set to: 
"PRAGMA locking_mode=NORMAL;
PRAGMA journal_size_limit=134217728;
PRAGMA synchronous=1;
PRAGMA temp_store=2;
"
[2026-05-28 17:23:41.830 +00:00] [INF] [9] Jellyfin.Database.Implementations.Locking.NoLockBehavior: The database locking mode has been set to: NoLock.
[2026-05-28 17:23:41.834 +00:00] [INF] [9] Main: Prepare system for possible migrations
[2026-05-28 17:23:41.855 +00:00] [WRN] [7] Microsoft.Extensions.Diagnostics.HealthChecks.DefaultHealthCheckService: Health check "StartupCheck" with status Degraded completed after 0.0339ms with message '"Server is still starting up."'
[2026-05-28 17:23:41.867 +00:00] [INF] [9] Jellyfin.Server.Migrations.JellyfinMigrationService: There are 0 migrations for stage CoreInitialisation.
[2026-05-28 17:23:41.996 +00:00] [INF] [9] Emby.Server.Implementations.Plugins.PluginManager: Loaded plugin: "TMDb" "10.11.10.0"
[2026-05-28 17:23:41.997 +00:00] [INF] [9] Emby.Server.Implementations.Plugins.PluginManager: Loaded plugin: "Studio Images" "10.11.10.0"
[2026-05-28 17:23:41.997 +00:00] [INF] [9] Emby.Server.Implementations.Plugins.PluginManager: Loaded plugin: "OMDb" "10.11.10.0"
[2026-05-28 17:23:42.005 +00:00] [INF] [9] Emby.Server.Implementations.Plugins.PluginManager: Loaded plugin: "MusicBrainz" "10.11.10.0"
[2026-05-28 17:23:42.005 +00:00] [INF] [9] Emby.Server.Implementations.Plugins.PluginManager: Loaded plugin: "AudioDB" "10.11.10.0"
[2026-05-28 17:23:42.044 +00:00] [INF] [9] Jellyfin.Server.Migrations.JellyfinMigrationService: There are 0 migrations for stage AppInitialisation.
[2026-05-28 17:23:42.334 +00:00] [INF] [9] Main: Kestrel is listening on "0.0.0.0"
[2026-05-28 17:23:42.887 +00:00] [WRN] [9] Microsoft.AspNetCore.StaticFiles.StaticFileMiddleware: The WebRootPath was not found: "/run/s6-rc:s6-rc-init:CGjHaG/servicedirs/svc-jellyfin/wwwroot". Static files may be unavailable.
[2026-05-28 17:23:42.910 +00:00] [INF] [9] Emby.Server.Implementations.ApplicationHost: Running startup tasks
[2026-05-28 17:23:42.911 +00:00] [INF] [13] Emby.Server.Implementations.IO.LibraryMonitor: Watching directory "/data/custom_tvshows"
[2026-05-28 17:23:42.911 +00:00] [INF] [11] Emby.Server.Implementations.IO.LibraryMonitor: Watching directory "/data/custom_movies"
[2026-05-28 17:23:42.911 +00:00] [INF] [7] Emby.Server.Implementations.IO.LibraryMonitor: Watching directory "/data/movies"
[2026-05-28 17:23:42.911 +00:00] [INF] [15] Emby.Server.Implementations.IO.LibraryMonitor: Watching directory "/data/shows"
[2026-05-28 17:23:42.918 +00:00] [INF] [9] Emby.Server.Implementations.ScheduledTasks.TaskManager: Daily trigger for "Generate Trickplay Images" set to fire at 2026-05-29 03:00:00.000 +00:00, which is 09:36:17.0811320 from now.
[2026-05-28 17:23:42.926 +00:00] [INF] [9] Emby.Server.Implementations.ScheduledTasks.TaskManager: Daily trigger for "Extract Chapter Images" set to fire at 2026-05-29 02:00:00.000 +00:00, which is 08:36:17.0733605 from now.
[2026-05-28 17:23:42.946 +00:00] [INF] [9] MediaBrowser.MediaEncoding.Encoder.MediaEncoder: Found ffmpeg version "7.1.3"
[2026-05-28 17:23:42.969 +00:00] [INF] [9] MediaBrowser.MediaEncoding.Encoder.MediaEncoder: Available "decoders": ["libdav1d", "av1", "av1_cuvid", "av1_qsv", "h264", "h264_qsv", "h264_cuvid", "hevc", "hevc_qsv", "hevc_cuvid", "mpeg2video", "mpeg2_qsv", "mpeg2_cuvid", "mpeg4", "mpeg4_cuvid", "msmpeg4", "vc1_qsv", "vc1_cuvid", "vp8", "libvpx", "vp8_cuvid", "vp8_qsv", "vp9", "libvpx-vp9", "vp9_cuvid", "vp9_qsv", "aac", "ac3", "ac4", "dca", "flac", "mp3", "truehd"]
[2026-05-28 17:23:42.982 +00:00] [INF] [9] MediaBrowser.MediaEncoding.Encoder.MediaEncoder: Available "encoders": ["libsvtav1", "av1_nvenc", "av1_qsv", "av1_amf", "av1_vaapi", "libx264", "h264_amf", "h264_nvenc", "h264_qsv", "h264_v4l2m2m", "h264_vaapi", "libx265", "hevc_amf", "hevc_nvenc", "hevc_qsv", "hevc_vaapi", "mjpeg_qsv", "mjpeg_vaapi", "aac", "libfdk_aac", "ac3", "alac", "dca", "flac", "libmp3lame", "libopus", "truehd", "libvorbis", "srt"]
[2026-05-28 17:23:42.994 +00:00] [INF] [9] MediaBrowser.MediaEncoding.Encoder.MediaEncoder: Available filters: ["bwdif_cuda", "bwdif_opencl", "deinterlace_qsv", "deinterlace_vaapi", "flip_vulkan", "hwupload_cuda", "hwupload_vaapi", "libplacebo", "overlay_opencl", "overlay_qsv", "overlay_vaapi", "overlay_vulkan", "overlay_cuda", "procamp_vaapi", "scale_cuda", "scale_opencl", "scale_qsv", "scale_vaapi", "scale_vulkan", "tonemapx", "tonemap_cuda", "tonemap_opencl", "tonemap_vaapi", "transpose_cuda", "transpose_opencl", "transpose_vaapi", "transpose_vulkan", "vpp_qsv", "yadif_cuda", "yadif_opencl", "zscale", "alphasrc"]
[2026-05-28 17:23:43.144 +00:00] [INF] [9] MediaBrowser.MediaEncoding.Encoder.MediaEncoder: Available hwaccel types: ["cuda", "vaapi", "qsv", "drm", "opencl", "vulkan"]
[2026-05-28 17:23:45.941 +00:00] [INF] [11] Emby.Server.Implementations.ScheduledTasks.TaskManager: "Clean Transcode Directory" Completed after 0 minute(s) and 0 seconds
[2026-05-28 17:23:45.944 +00:00] [INF] [15] Emby.Server.Implementations.ScheduledTasks.TaskManager: "Clean up collections and playlists" Completed after 0 minute(s) and 0 seconds
[2026-05-28 17:23:46.685 +00:00] [INF] [13] Emby.Server.Implementations.ScheduledTasks.TaskManager: "Update Plugins" Completed after 0 minute(s) and 0 seconds
[2026-05-28 17:23:47.522 +00:00] [INF] [9] MediaBrowser.MediaEncoding.Encoder.MediaEncoder: FFmpeg: "/usr/lib/jellyfin-ffmpeg/ffmpeg"
[2026-05-28 17:23:47.522 +00:00] [INF] [9] Emby.Server.Implementations.ApplicationHost: ServerId: "fa187d5995374f68bb1682aa5a681a70"
[2026-05-28 17:23:47.522 +00:00] [INF] [9] Emby.Server.Implementations.ApplicationHost: Core startup complete
[2026-05-28 17:23:47.523 +00:00] [INF] [9] Main: Startup complete 0:00:07.6649088
[2026-05-28 17:24:13.124 +00:00] [INF] [23] Emby.Server.Implementations.Session.SessionManager: Sending shutdown notifications
[2026-05-28 17:24:13.130 +00:00] [INF] [9] Main: Running query planner optimizations in the database... This might take a while
[2026-05-28 17:24:13.149 +00:00] [INF] [15] Emby.Server.Implementations.IO.LibraryMonitor: Stopping directory watching for path "/data/shows"
[2026-05-28 17:24:13.149 +00:00] [INF] [15] Emby.Server.Implementations.IO.LibraryMonitor: Stopping directory watching for path "/data/custom_tvshows"
[2026-05-28 17:24:13.149 +00:00] [INF] [15] Emby.Server.Implementations.IO.LibraryMonitor: Stopping directory watching for path "/data/custom_movies"
[2026-05-28 17:24:13.149 +00:00] [INF] [15] Emby.Server.Implementations.IO.LibraryMonitor: Stopping directory watching for path "/data/movies"
[2026-05-28 17:24:13.154 +00:00] [INF] [9] Emby.Server.Implementations.ApplicationHost: Disposing "CoreAppHost"
[2026-05-28 17:24:13.154 +00:00] [INF] [9] Emby.Server.Implementations.ApplicationHost: Disposing "MusicBrainzArtistProvider"
[2026-05-28 17:24:13.154 +00:00] [INF] [9] Emby.Server.Implementations.ApplicationHost: Disposing "MusicBrainzAlbumProvider"
[2026-05-28 17:24:13.154 +00:00] [INF] [9] Emby.Server.Implementations.ApplicationHost: Disposing "PluginManager"
