[2025-11-09 00:29:34.988 +00:00] [INF] [1] Emby.Server.Implementations.AppBase.BaseConfigurationManager: Setting cache path: "/config/cache"
[2025-11-09 00:29:35.182 +00:00] [INF] [9] Jellyfin.Server.ServerSetupApp.SetupServer: Kestrel is listening on "0.0.0.0"
[2025-11-09 00:29:35.204 +00:00] [INF] [9] Main: Jellyfin version: "10.11.2"
[2025-11-09 00:29:35.207 +00:00] [INF] [9] Main: Environment Variables: ["[JELLYFIN_LOG_DIR, /config/log]", "[JELLYFIN_WEB_DIR, /usr/share/jellyfin/web]", "[JELLYFIN_CONFIG_DIR, /config]", "[JELLYFIN_CACHE_DIR, /config/cache]", "[JELLYFIN_DATA_DIR, /config/data]"]
[2025-11-09 00:29:35.209 +00:00] [INF] [9] Main: Arguments: ["/usr/lib/jellyfin/bin/jellyfin.dll", "--ffmpeg=/usr/lib/jellyfin-ffmpeg/ffmpeg"]
[2025-11-09 00:29:35.209 +00:00] [INF] [9] Main: Operating system: "Ubuntu 24.04.3 LTS"
[2025-11-09 00:29:35.209 +00:00] [INF] [9] Main: Architecture: X64
[2025-11-09 00:29:35.210 +00:00] [INF] [9] Main: 64-Bit Process: True
[2025-11-09 00:29:35.210 +00:00] [INF] [9] Main: User Interactive: True
[2025-11-09 00:29:35.210 +00:00] [INF] [9] Main: Processor count: 4
[2025-11-09 00:29:35.211 +00:00] [INF] [9] Main: Program data path: "/config/data"
[2025-11-09 00:29:35.211 +00:00] [INF] [9] Main: Log directory path: "/config/log"
[2025-11-09 00:29:35.211 +00:00] [INF] [9] Main: Config directory path: "/config"
[2025-11-09 00:29:35.211 +00:00] [INF] [9] Main: Cache path: "/config/cache"
[2025-11-09 00:29:35.211 +00:00] [INF] [9] Main: Temp directory path: "/tmp/jellyfin"
[2025-11-09 00:29:35.211 +00:00] [INF] [9] Main: Web resources path: "/usr/share/jellyfin/web"
[2025-11-09 00:29:35.211 +00:00] [INF] [9] Main: Application directory: "/usr/lib/jellyfin/bin/"
[2025-11-09 00:29:35.222 +00:00] [INF] [9] Jellyfin.Server.Startup: Storage path `"/config/data/data"` (Fixed) successfully checked with "19.6GiB" free which is over the minimum of "2GiB".
[2025-11-09 00:29:35.223 +00:00] [INF] [9] Jellyfin.Server.Startup: Storage path `"/config/log"` (Fixed) successfully checked with "19.6GiB" free which is over the minimum of "512MiB".
[2025-11-09 00:29:35.223 +00:00] [INF] [9] Jellyfin.Server.Startup: Storage path `"/config/cache"` (Fixed) successfully checked with "19.6GiB" free which is over the minimum of "2GiB".
[2025-11-09 00:29:35.223 +00:00] [INF] [9] Jellyfin.Server.Startup: Storage path `"/config/data"` (Fixed) successfully checked with "19.6GiB" free which is over the minimum of "2GiB".
[2025-11-09 00:29:35.223 +00:00] [INF] [9] Jellyfin.Server.Startup: Storage path `"/tmp/jellyfin"` (Fixed) successfully checked with "19.6GiB" free which is over the minimum of "512MiB".
[2025-11-09 00:29:35.226 +00:00] [INF] [9] Emby.Server.Implementations.AppBase.BaseConfigurationManager: Setting cache path: "/config/cache"
[2025-11-09 00:29:35.274 +00:00] [INF] [9] Jellyfin.Database.Providers.Sqlite.SqliteDatabaseProvider: SQLite connection string: "Data Source=/config/data/data/jellyfin.db;Cache=Default;Pooling=True"
[2025-11-09 00:29:35.280 +00:00] [INF] [9] Jellyfin.Database.Providers.Sqlite.SqliteDatabaseProvider: SQLITE connection pragma command set to: 
"PRAGMA locking_mode=NORMAL;
PRAGMA journal_size_limit=134217728;
PRAGMA synchronous=1;
PRAGMA temp_store=2;
"
[2025-11-09 00:29:35.282 +00:00] [INF] [9] Jellyfin.Database.Implementations.Locking.NoLockBehavior: The database locking mode has been set to: NoLock.
[2025-11-09 00:29:35.311 +00:00] [INF] [9] Jellyfin.Server.Migrations.JellyfinMigrationService: Initialise Migration service.
[2025-11-09 00:29:35.654 +00:00] [WRN] [12] Microsoft.Extensions.Diagnostics.HealthChecks.DefaultHealthCheckService: Health check "StartupCheck" with status Degraded completed after 2.9312ms with message '"Server is still starting up."'
[2025-11-09 00:29:36.208 +00:00] [INF] [9] Jellyfin.Server.Migrations.JellyfinMigrationService: There are 0 migrations for stage PreInitialisation.
[2025-11-09 00:29:36.218 +00:00] [INF] [9] Emby.Server.Implementations.AppBase.BaseConfigurationManager: Setting cache path: "/config/cache"
[2025-11-09 00:29:36.233 +00:00] [INF] [9] Emby.Server.Implementations.ApplicationHost: Loading assemblies
[2025-11-09 00:29:36.264 +00:00] [INF] [9] Jellyfin.Networking.Manager.NetworkManager: Defined LAN subnets: ["127.0.0.1/8", "10.0.0.0/8", "172.16.0.0/12", "192.168.0.0/16"]
[2025-11-09 00:29:36.264 +00:00] [INF] [9] Jellyfin.Networking.Manager.NetworkManager: Defined LAN exclusions: []
[2025-11-09 00:29:36.264 +00:00] [INF] [9] Jellyfin.Networking.Manager.NetworkManager: Used LAN subnets: ["127.0.0.1/8", "10.0.0.0/8", "172.16.0.0/12", "192.168.0.0/16"]
[2025-11-09 00:29:36.266 +00:00] [INF] [9] Jellyfin.Networking.Manager.NetworkManager: Filtered interface addresses: ["127.0.0.1", "172.17.0.3"]
[2025-11-09 00:29:36.266 +00:00] [INF] [9] Jellyfin.Networking.Manager.NetworkManager: Bind Addresses ["0.0.0.0"]
[2025-11-09 00:29:36.266 +00:00] [INF] [9] Jellyfin.Networking.Manager.NetworkManager: Remote IP filter is "Allowlist"
[2025-11-09 00:29:36.266 +00:00] [INF] [9] Jellyfin.Networking.Manager.NetworkManager: Filtered subnets: []
[2025-11-09 00:29:36.370 +00:00] [INF] [9] Jellyfin.Database.Providers.Sqlite.SqliteDatabaseProvider: SQLite connection string: "Data Source=/config/data/data/jellyfin.db;Cache=Default;Pooling=True"
[2025-11-09 00:29:36.370 +00:00] [INF] [9] Jellyfin.Database.Providers.Sqlite.SqliteDatabaseProvider: SQLITE connection pragma command set to: 
"PRAGMA locking_mode=NORMAL;
PRAGMA journal_size_limit=134217728;
PRAGMA synchronous=1;
PRAGMA temp_store=2;
"
[2025-11-09 00:29:36.370 +00:00] [INF] [9] Jellyfin.Database.Implementations.Locking.NoLockBehavior: The database locking mode has been set to: NoLock.
[2025-11-09 00:29:36.375 +00:00] [INF] [9] Main: Prepare system for possible migrations
[2025-11-09 00:29:36.430 +00:00] [INF] [9] Jellyfin.Server.Migrations.JellyfinMigrationService: There are 0 migrations for stage CoreInitialisation.
[2025-11-09 00:29:36.694 +00:00] [WRN] [12] Microsoft.Extensions.Diagnostics.HealthChecks.DefaultHealthCheckService: Health check "StartupCheck" with status Degraded completed after 0.0412ms with message '"Server is still starting up."'
[2025-11-09 00:29:37.156 +00:00] [INF] [9] Emby.Server.Implementations.Plugins.PluginManager: Loaded plugin: "TMDb" "10.11.2.0"
[2025-11-09 00:29:37.157 +00:00] [INF] [9] Emby.Server.Implementations.Plugins.PluginManager: Loaded plugin: "Studio Images" "10.11.2.0"
[2025-11-09 00:29:37.158 +00:00] [INF] [9] Emby.Server.Implementations.Plugins.PluginManager: Loaded plugin: "OMDb" "10.11.2.0"
[2025-11-09 00:29:37.176 +00:00] [INF] [9] Emby.Server.Implementations.Plugins.PluginManager: Loaded plugin: "MusicBrainz" "10.11.2.0"
[2025-11-09 00:29:37.177 +00:00] [INF] [9] Emby.Server.Implementations.Plugins.PluginManager: Loaded plugin: "AudioDB" "10.11.2.0"
[2025-11-09 00:29:37.234 +00:00] [INF] [9] Jellyfin.Server.Migrations.JellyfinMigrationService: There are 0 migrations for stage AppInitialisation.
[2025-11-09 00:29:37.302 +00:00] [INF] [12] Main: Kestrel is listening on "0.0.0.0"
[2025-11-09 00:29:37.927 +00:00] [WRN] [12] Microsoft.AspNetCore.StaticFiles.StaticFileMiddleware: The WebRootPath was not found: "/run/s6-rc:s6-rc-init:cCDoOp/servicedirs/svc-jellyfin/wwwroot". Static files may be unavailable.
[2025-11-09 00:29:37.950 +00:00] [INF] [12] Emby.Server.Implementations.ApplicationHost: Running startup tasks
[2025-11-09 00:29:37.953 +00:00] [INF] [14] Emby.Server.Implementations.IO.LibraryMonitor: Watching directory "/data/custom_tvshows"
[2025-11-09 00:29:37.954 +00:00] [INF] [7] Emby.Server.Implementations.IO.LibraryMonitor: Watching directory "/data/movies"
[2025-11-09 00:29:37.955 +00:00] [INF] [17] Emby.Server.Implementations.IO.LibraryMonitor: Watching directory "/data/shows"
[2025-11-09 00:29:37.956 +00:00] [INF] [9] Emby.Server.Implementations.IO.LibraryMonitor: Watching directory "/data/custom_movies"
[2025-11-09 00:29:37.962 +00:00] [INF] [12] Emby.Server.Implementations.ScheduledTasks.TaskManager: Daily trigger for "Generate Trickplay Images" set to fire at 2025-11-09 03:00:00.000 +00:00, which is 02:30:22.0373806 from now.
[2025-11-09 00:29:37.971 +00:00] [INF] [12] Emby.Server.Implementations.ScheduledTasks.TaskManager: Daily trigger for "Extract Chapter Images" set to fire at 2025-11-09 02:00:00.000 +00:00, which is 01:30:22.0281473 from now.
[2025-11-09 00:29:37.998 +00:00] [INF] [12] MediaBrowser.MediaEncoding.Encoder.MediaEncoder: Found ffmpeg version "7.1.2"
[2025-11-09 00:29:38.029 +00:00] [INF] [12] MediaBrowser.MediaEncoding.Encoder.MediaEncoder: Available "decoders": ["libdav1d", "av1", "av1_cuvid", "av1_qsv", "h264", "h264_qsv", "h264_cuvid", "hevc", "hevc_qsv", "hevc_cuvid", "mpeg2video", "mpeg2_qsv", "mpeg2_cuvid", "mpeg4", "mpeg4_cuvid", "msmpeg4", "vc1_qsv", "vc1_cuvid", "vp8", "libvpx", "vp8_cuvid", "vp8_qsv", "vp9", "libvpx-vp9", "vp9_cuvid", "vp9_qsv", "aac", "ac3", "ac4", "dca", "flac", "mp3", "truehd"]
[2025-11-09 00:29:38.046 +00:00] [INF] [12] MediaBrowser.MediaEncoding.Encoder.MediaEncoder: Available "encoders": ["libsvtav1", "av1_nvenc", "av1_qsv", "av1_amf", "av1_vaapi", "libx264", "h264_amf", "h264_nvenc", "h264_qsv", "h264_v4l2m2m", "h264_vaapi", "libx265", "hevc_amf", "hevc_nvenc", "hevc_qsv", "hevc_vaapi", "mjpeg_qsv", "mjpeg_vaapi", "aac", "libfdk_aac", "ac3", "alac", "dca", "flac", "libmp3lame", "libopus", "truehd", "libvorbis", "srt"]
[2025-11-09 00:29:38.064 +00:00] [INF] [12] MediaBrowser.MediaEncoding.Encoder.MediaEncoder: Available filters: ["bwdif_cuda", "bwdif_opencl", "deinterlace_qsv", "deinterlace_vaapi", "flip_vulkan", "hwupload_cuda", "hwupload_vaapi", "libplacebo", "overlay_opencl", "overlay_qsv", "overlay_vaapi", "overlay_vulkan", "overlay_cuda", "procamp_vaapi", "scale_cuda", "scale_opencl", "scale_qsv", "scale_vaapi", "scale_vulkan", "tonemapx", "tonemap_cuda", "tonemap_opencl", "tonemap_vaapi", "transpose_cuda", "transpose_opencl", "transpose_vaapi", "transpose_vulkan", "vpp_qsv", "yadif_cuda", "yadif_opencl", "zscale", "alphasrc"]
[2025-11-09 00:29:38.284 +00:00] [INF] [12] MediaBrowser.MediaEncoding.Encoder.MediaEncoder: Available hwaccel types: ["cuda", "vaapi", "qsv", "drm", "opencl", "vulkan"]
[2025-11-09 00:29:40.987 +00:00] [INF] [7] Emby.Server.Implementations.ScheduledTasks.TaskManager: "Clean Transcode Directory" Completed after 0 minute(s) and 0 seconds
[2025-11-09 00:29:40.993 +00:00] [INF] [9] Emby.Server.Implementations.ScheduledTasks.TaskManager: "Clean up collections and playlists" Completed after 0 minute(s) and 0 seconds
[2025-11-09 00:29:41.646 +00:00] [INF] [9] Emby.Server.Implementations.ScheduledTasks.TaskManager: "Update Plugins" Completed after 0 minute(s) and 0 seconds
[2025-11-09 00:29:44.116 +00:00] [INF] [12] MediaBrowser.MediaEncoding.Encoder.MediaEncoder: FFmpeg: "/usr/lib/jellyfin-ffmpeg/ffmpeg"
[2025-11-09 00:29:44.117 +00:00] [INF] [12] Emby.Server.Implementations.ApplicationHost: ServerId: "fa187d5995374f68bb1682aa5a681a70"
[2025-11-09 00:29:44.117 +00:00] [INF] [12] Emby.Server.Implementations.ApplicationHost: Core startup complete
[2025-11-09 00:29:44.117 +00:00] [INF] [12] Main: Startup complete 0:00:09.4304405
[2025-11-09 00:30:08.056 +00:00] [INF] [23] Emby.Server.Implementations.Session.SessionManager: Sending shutdown notifications
[2025-11-09 00:30:08.063 +00:00] [INF] [17] Main: Running query planner optimizations in the database... This might take a while
[2025-11-09 00:30:08.082 +00:00] [INF] [12] Emby.Server.Implementations.IO.LibraryMonitor: Stopping directory watching for path "/data/shows"
[2025-11-09 00:30:08.083 +00:00] [INF] [12] Emby.Server.Implementations.IO.LibraryMonitor: Stopping directory watching for path "/data/custom_tvshows"
[2025-11-09 00:30:08.083 +00:00] [INF] [12] Emby.Server.Implementations.IO.LibraryMonitor: Stopping directory watching for path "/data/custom_movies"
[2025-11-09 00:30:08.083 +00:00] [INF] [12] Emby.Server.Implementations.IO.LibraryMonitor: Stopping directory watching for path "/data/movies"
[2025-11-09 00:30:08.086 +00:00] [INF] [17] Emby.Server.Implementations.ApplicationHost: Disposing "CoreAppHost"
[2025-11-09 00:30:08.087 +00:00] [INF] [17] Emby.Server.Implementations.ApplicationHost: Disposing "MusicBrainzArtistProvider"
[2025-11-09 00:30:08.087 +00:00] [INF] [17] Emby.Server.Implementations.ApplicationHost: Disposing "MusicBrainzAlbumProvider"
[2025-11-09 00:30:08.087 +00:00] [INF] [17] Emby.Server.Implementations.ApplicationHost: Disposing "PluginManager"
