[2025-10-26 00:28:31.897 +00:00] [INF] [1] Emby.Server.Implementations.AppBase.BaseConfigurationManager: Setting cache path: "/config/cache"
[2025-10-26 00:28:32.136 +00:00] [INF] [9] Jellyfin.Server.ServerSetupApp.SetupServer: Kestrel is listening on "0.0.0.0"
[2025-10-26 00:28:32.167 +00:00] [INF] [9] Main: Jellyfin version: "10.11.0"
[2025-10-26 00:28:32.170 +00:00] [INF] [9] Main: Environment Variables: ["[JELLYFIN_DATA_DIR, /config/data]", "[JELLYFIN_CONFIG_DIR, /config]", "[JELLYFIN_LOG_DIR, /config/log]", "[JELLYFIN_WEB_DIR, /usr/share/jellyfin/web]", "[JELLYFIN_CACHE_DIR, /config/cache]"]
[2025-10-26 00:28:32.172 +00:00] [INF] [9] Main: Arguments: ["/usr/lib/jellyfin/bin/jellyfin.dll", "--ffmpeg=/usr/lib/jellyfin-ffmpeg/ffmpeg"]
[2025-10-26 00:28:32.173 +00:00] [INF] [9] Main: Operating system: "Ubuntu 24.04.3 LTS"
[2025-10-26 00:28:32.173 +00:00] [INF] [9] Main: Architecture: X64
[2025-10-26 00:28:32.174 +00:00] [INF] [9] Main: 64-Bit Process: True
[2025-10-26 00:28:32.174 +00:00] [INF] [9] Main: User Interactive: True
[2025-10-26 00:28:32.174 +00:00] [INF] [9] Main: Processor count: 4
[2025-10-26 00:28:32.174 +00:00] [INF] [9] Main: Program data path: "/config/data"
[2025-10-26 00:28:32.174 +00:00] [INF] [9] Main: Log directory path: "/config/log"
[2025-10-26 00:28:32.174 +00:00] [INF] [9] Main: Config directory path: "/config"
[2025-10-26 00:28:32.175 +00:00] [INF] [9] Main: Cache path: "/config/cache"
[2025-10-26 00:28:32.175 +00:00] [INF] [9] Main: Temp directory path: "/tmp/jellyfin"
[2025-10-26 00:28:32.175 +00:00] [INF] [9] Main: Web resources path: "/usr/share/jellyfin/web"
[2025-10-26 00:28:32.175 +00:00] [INF] [9] Main: Application directory: "/usr/lib/jellyfin/bin/"
[2025-10-26 00:28:32.194 +00:00] [INF] [9] Jellyfin.Server.Startup: Storage path `"/config/data/data"` (Fixed) successfully checked with "20GB" free which is over the minimum of "2GB".
[2025-10-26 00:28:32.195 +00:00] [INF] [9] Jellyfin.Server.Startup: Storage path `"/config/log"` (Fixed) successfully checked with "20GB" free which is over the minimum of "512MB".
[2025-10-26 00:28:32.195 +00:00] [INF] [9] Jellyfin.Server.Startup: Storage path `"/config/cache"` (Fixed) successfully checked with "20GB" free which is over the minimum of "2GB".
[2025-10-26 00:28:32.195 +00:00] [INF] [9] Jellyfin.Server.Startup: Storage path `"/config/data"` (Fixed) successfully checked with "20GB" free which is over the minimum of "2GB".
[2025-10-26 00:28:32.195 +00:00] [INF] [9] Jellyfin.Server.Startup: Storage path `"/tmp/jellyfin"` (Fixed) successfully checked with "20GB" free which is over the minimum of "2GB".
[2025-10-26 00:28:32.199 +00:00] [INF] [9] Emby.Server.Implementations.AppBase.BaseConfigurationManager: Setting cache path: "/config/cache"
[2025-10-26 00:28:32.267 +00:00] [INF] [9] Jellyfin.Database.Providers.Sqlite.SqliteDatabaseProvider: SQLite connection string: "Data Source=/config/data/data/jellyfin.db;Cache=Default;Pooling=True"
[2025-10-26 00:28:32.274 +00:00] [INF] [9] Jellyfin.Database.Providers.Sqlite.SqliteDatabaseProvider: SQLITE connection pragma command set to: 
"PRAGMA locking_mode=NORMAL;
PRAGMA journal_size_limit=134217728;
PRAGMA synchronous=1;
PRAGMA temp_store=2;
"
[2025-10-26 00:28:32.276 +00:00] [INF] [9] Jellyfin.Database.Implementations.Locking.NoLockBehavior: The database locking mode has been set to: NoLock.
[2025-10-26 00:28:32.314 +00:00] [INF] [9] Jellyfin.Server.Migrations.JellyfinMigrationService: Initialise Migration service.
[2025-10-26 00:28:32.326 +00:00] [INF] [9] Jellyfin.Server.Migrations.JellyfinMigrationService: Old migration style migration.xml detected. Migrate now.
[2025-10-26 00:28:32.620 +00:00] [WRN] [12] Microsoft.Extensions.Diagnostics.HealthChecks.DefaultHealthCheckService: Health check "StartupCheck" with status Degraded completed after 1.1852ms with message '"Server is still starting up."'
[2025-10-26 00:28:33.547 +00:00] [INF] [9] Jellyfin.Server.Migrations.JellyfinMigrationService: Migrate migration 9b354818-94d5-4b68-ac49-e35cb85f9d84-"CreateNetworkConfiguration".
[2025-10-26 00:28:33.555 +00:00] [INF] [9] Jellyfin.Server.Migrations.JellyfinMigrationService: Migrate migration 4fb5c950-1991-11ee-9b4b-0800200c9a66-"MigrateNetworkConfiguration".
[2025-10-26 00:28:33.557 +00:00] [INF] [9] Jellyfin.Server.Migrations.JellyfinMigrationService: Migrate migration a6dcacf4-c057-4ef9-80d3-61cef9ddb4f0-"MigrateMusicBrainzTimeout".
[2025-10-26 00:28:33.558 +00:00] [INF] [9] Jellyfin.Server.Migrations.JellyfinMigrationService: Migrate migration a8e61960-7726-4450-8f3d-82c12daabbcb-"MigrateEncodingOptions".
[2025-10-26 00:28:33.559 +00:00] [INF] [9] Jellyfin.Server.Migrations.JellyfinMigrationService: Migrate migration e73b777d-cd5c-4e71-957a-b86b3660b7cf-"RenameEnableGroupingIntoCollections".
[2025-10-26 00:28:33.560 +00:00] [INF] [9] Jellyfin.Server.Migrations.JellyfinMigrationService: Migrate migration 4124c2cd-e939-4ffb-9be9-9b311c413638-"DisableTranscodingThrottling".
[2025-10-26 00:28:33.560 +00:00] [INF] [9] Jellyfin.Server.Migrations.JellyfinMigrationService: Migrate migration ef103419-8451-40d8-9f34-d1a8e93a1679-"CreateUserLoggingConfigFile".
[2025-10-26 00:28:33.561 +00:00] [INF] [9] Jellyfin.Server.Migrations.JellyfinMigrationService: Migrate migration 3793eb59-bc8c-456c-8b9f-bd5a62a42978-"MigrateActivityLogDb".
[2025-10-26 00:28:33.561 +00:00] [INF] [9] Jellyfin.Server.Migrations.JellyfinMigrationService: Migrate migration acbe17b7-8435-4a83-8b64-6fcf162cb9bd-"RemoveDuplicateExtras".
[2025-10-26 00:28:33.561 +00:00] [INF] [9] Jellyfin.Server.Migrations.JellyfinMigrationService: Migrate migration eb58ebee-9514-4b9b-8225-12e1a40020df-"AddDefaultPluginRepository".
[2025-10-26 00:28:33.562 +00:00] [INF] [9] Jellyfin.Server.Migrations.JellyfinMigrationService: Migrate migration 5c4b82a2-f053-4009-bd05-b6fcad82f14c-"MigrateUserDb".
[2025-10-26 00:28:33.562 +00:00] [INF] [9] Jellyfin.Server.Migrations.JellyfinMigrationService: Migrate migration 5f86e7f6-d966-4c77-849d-7a7b40b68c4e-"ReaddDefaultPluginRepository".
[2025-10-26 00:28:33.562 +00:00] [INF] [9] Jellyfin.Server.Migrations.JellyfinMigrationService: Migrate migration 06387815-c3cc-421f-a888-fb5f9992bea8-"MigrateDisplayPreferencesDb".
[2025-10-26 00:28:33.562 +00:00] [INF] [9] Jellyfin.Server.Migrations.JellyfinMigrationService: Migrate migration a81f75e0-8f43-416f-a5e8-516ccab4d8cc-"RemoveDownloadImagesInAdvance".
[2025-10-26 00:28:33.563 +00:00] [INF] [9] Jellyfin.Server.Migrations.JellyfinMigrationService: Migrate migration 5bd72f41-e6f3-4f60-90aa-09869abe0e22-"MigrateAuthenticationDb".
[2025-10-26 00:28:33.563 +00:00] [INF] [9] Jellyfin.Server.Migrations.JellyfinMigrationService: Migrate migration 615dfa9e-2497-4dbb-a472-61938b752c5b-"FixPlaylistOwner".
[2025-10-26 00:28:33.563 +00:00] [INF] [9] Jellyfin.Server.Migrations.JellyfinMigrationService: Migrate migration 34a1a1c4-5572-418e-a2f8-32cdfe2668e8-"AddDefaultCastReceivers".
[2025-10-26 00:28:33.563 +00:00] [INF] [9] Jellyfin.Server.Migrations.JellyfinMigrationService: Migrate migration 852816e0-2712-49a9-9240-c6fc5fcad1a8-"UpdateDefaultPluginRepository".
[2025-10-26 00:28:33.564 +00:00] [INF] [9] Jellyfin.Server.Migrations.JellyfinMigrationService: Migrate migration cf6fabc2-9fbe-4933-84a5-ffe52ef22a58-"FixAudioData".
[2025-10-26 00:28:33.564 +00:00] [INF] [9] Jellyfin.Server.Migrations.JellyfinMigrationService: Migrate migration 96c156a2-7a13-4b3b-a8b8-fb80c94d20c0-"RemoveDuplicatePlaylistChildren".
[2025-10-26 00:28:33.564 +00:00] [INF] [9] Jellyfin.Server.Migrations.JellyfinMigrationService: Rename old migration.xml to migration.xml.backup
[2025-10-26 00:28:33.580 +00:00] [INF] [9] Jellyfin.Server.Migrations.JellyfinMigrationService: There are 0 migrations for stage PreInitialisation.
[2025-10-26 00:28:33.588 +00:00] [INF] [9] Emby.Server.Implementations.AppBase.BaseConfigurationManager: Setting cache path: "/config/cache"
[2025-10-26 00:28:33.612 +00:00] [INF] [9] Emby.Server.Implementations.ApplicationHost: Loading assemblies
[2025-10-26 00:28:33.662 +00:00] [INF] [9] Jellyfin.Networking.Manager.NetworkManager: Defined LAN subnets: ["127.0.0.1/8", "10.0.0.0/8", "172.16.0.0/12", "192.168.0.0/16"]
[2025-10-26 00:28:33.663 +00:00] [INF] [9] Jellyfin.Networking.Manager.NetworkManager: Defined LAN exclusions: []
[2025-10-26 00:28:33.663 +00:00] [INF] [9] Jellyfin.Networking.Manager.NetworkManager: Used LAN subnets: ["127.0.0.1/8", "10.0.0.0/8", "172.16.0.0/12", "192.168.0.0/16"]
[2025-10-26 00:28:33.665 +00:00] [INF] [9] Jellyfin.Networking.Manager.NetworkManager: Filtered interface addresses: ["127.0.0.1", "172.17.0.3"]
[2025-10-26 00:28:33.666 +00:00] [INF] [9] Jellyfin.Networking.Manager.NetworkManager: Bind Addresses ["0.0.0.0"]
[2025-10-26 00:28:33.666 +00:00] [INF] [9] Jellyfin.Networking.Manager.NetworkManager: Remote IP filter is "Allowlist"
[2025-10-26 00:28:33.667 +00:00] [INF] [9] Jellyfin.Networking.Manager.NetworkManager: Filtered subnets: []
[2025-10-26 00:28:33.669 +00:00] [WRN] [12] Microsoft.Extensions.Diagnostics.HealthChecks.DefaultHealthCheckService: Health check "StartupCheck" with status Degraded completed after 0.0428ms with message '"Server is still starting up."'
[2025-10-26 00:28:33.754 +00:00] [INF] [9] Jellyfin.Database.Providers.Sqlite.SqliteDatabaseProvider: SQLite connection string: "Data Source=/config/data/data/jellyfin.db;Cache=Default;Pooling=True"
[2025-10-26 00:28:33.754 +00:00] [INF] [9] Jellyfin.Database.Providers.Sqlite.SqliteDatabaseProvider: SQLITE connection pragma command set to: 
"PRAGMA locking_mode=NORMAL;
PRAGMA journal_size_limit=134217728;
PRAGMA synchronous=1;
PRAGMA temp_store=2;
"
[2025-10-26 00:28:33.755 +00:00] [INF] [9] Jellyfin.Database.Implementations.Locking.NoLockBehavior: The database locking mode has been set to: NoLock.
[2025-10-26 00:28:33.759 +00:00] [INF] [9] Main: Prepare system for possible migrations
[2025-10-26 00:28:33.801 +00:00] [INF] [9] Main: A migration will attempt to modify the library.db, will attempt to backup the file now.
[2025-10-26 00:28:33.801 +00:00] [INF] [9] Main: Backing up "library.db" to "/config/data/data/library.db.bak4"
[2025-10-26 00:28:33.802 +00:00] [INF] [9] Main: "library.db" backed up to "/config/data/data/library.db.bak4"
[2025-10-26 00:28:33.802 +00:00] [INF] [9] Main: "library.db" has been backed up as "/config/data/data/library.db.bak4"
[2025-10-26 00:28:33.802 +00:00] [INF] [9] Main: A migration will attempt to modify the jellyfin.db, will attempt to backup the file now.
[2025-10-26 00:28:33.803 +00:00] [INF] [9] Main: Jellyfin database has been backed up as "20251026122833"
[2025-10-26 00:28:33.808 +00:00] [INF] [9] Jellyfin.Server.Migrations.JellyfinMigrationService: There are 0 migrations for stage CoreInitialisation.
[2025-10-26 00:28:33.810 +00:00] [INF] [9] InternalDatabaseMigration: Perform migration "20241020103111_LibraryDbMigration"
[2025-10-26 00:28:34.045 +00:00] [INF] [9] InternalDatabaseMigration: Migration "20241020103111_LibraryDbMigration" was successfully applied
[2025-10-26 00:28:34.045 +00:00] [INF] [9] InternalDatabaseMigration: Perform migration "20241111131257_AddedCustomDataKey"
[2025-10-26 00:28:34.076 +00:00] [INF] [9] InternalDatabaseMigration: Migration "20241111131257_AddedCustomDataKey" was successfully applied
[2025-10-26 00:28:34.076 +00:00] [INF] [9] InternalDatabaseMigration: Perform migration "20241111135439_AddedCustomDataKeyKey"
[2025-10-26 00:28:34.125 +00:00] [INF] [9] InternalDatabaseMigration: Migration "20241111135439_AddedCustomDataKeyKey" was successfully applied
[2025-10-26 00:28:34.125 +00:00] [INF] [9] InternalDatabaseMigration: Perform migration "20241112152323_FixAncestorIdConfig"
[2025-10-26 00:28:34.162 +00:00] [INF] [9] InternalDatabaseMigration: Migration "20241112152323_FixAncestorIdConfig" was successfully applied
[2025-10-26 00:28:34.162 +00:00] [INF] [9] InternalDatabaseMigration: Perform migration "20241112232041_FixMediaStreams"
[2025-10-26 00:28:34.205 +00:00] [INF] [9] InternalDatabaseMigration: Migration "20241112232041_FixMediaStreams" was successfully applied
[2025-10-26 00:28:34.205 +00:00] [INF] [9] InternalDatabaseMigration: Perform migration "20241112234144_FixMediaStreams2"
[2025-10-26 00:28:34.254 +00:00] [INF] [9] InternalDatabaseMigration: Migration "20241112234144_FixMediaStreams2" was successfully applied
[2025-10-26 00:28:34.254 +00:00] [INF] [9] InternalDatabaseMigration: Perform migration "20241113133548_EnforceUniqueItemValue"
[2025-10-26 00:28:34.277 +00:00] [INF] [9] InternalDatabaseMigration: Migration "20241113133548_EnforceUniqueItemValue" was successfully applied
[2025-10-26 00:28:34.277 +00:00] [INF] [9] InternalDatabaseMigration: Perform migration "20250202021306_FixedCollation"
[2025-10-26 00:28:34.321 +00:00] [INF] [9] InternalDatabaseMigration: Migration "20250202021306_FixedCollation" was successfully applied
[2025-10-26 00:28:34.322 +00:00] [INF] [9] InternalDatabaseMigration: Perform migration "20250204092455_MakeStartEndDateNullable"
[2025-10-26 00:28:34.368 +00:00] [INF] [9] InternalDatabaseMigration: Migration "20250204092455_MakeStartEndDateNullable" was successfully applied
[2025-10-26 00:28:34.368 +00:00] [INF] [9] InternalDatabaseMigration: Perform migration "20250214031148_ChannelIdGuid"
[2025-10-26 00:28:34.389 +00:00] [INF] [9] InternalDatabaseMigration: Migration "20250214031148_ChannelIdGuid" was successfully applied
[2025-10-26 00:28:34.389 +00:00] [INF] [9] InternalDatabaseMigration: Perform migration "20250326065026_AddInheritedParentalRatingSubValue"
[2025-10-26 00:28:34.416 +00:00] [INF] [9] InternalDatabaseMigration: Migration "20250326065026_AddInheritedParentalRatingSubValue" was successfully applied
[2025-10-26 00:28:34.416 +00:00] [INF] [9] InternalDatabaseMigration: Perform migration "20250327101120_AddKeyframeData"
[2025-10-26 00:28:34.440 +00:00] [INF] [9] InternalDatabaseMigration: Migration "20250327101120_AddKeyframeData" was successfully applied
[2025-10-26 00:28:34.440 +00:00] [INF] [9] InternalDatabaseMigration: Perform migration "20250327171413_AddHdr10PlusFlag"
[2025-10-26 00:28:34.462 +00:00] [INF] [9] InternalDatabaseMigration: Migration "20250327171413_AddHdr10PlusFlag" was successfully applied
[2025-10-26 00:28:34.462 +00:00] [INF] [9] InternalDatabaseMigration: Perform migration "20250331182844_FixAttachmentMigration"
[2025-10-26 00:28:34.509 +00:00] [INF] [9] InternalDatabaseMigration: Migration "20250331182844_FixAttachmentMigration" was successfully applied
[2025-10-26 00:28:34.509 +00:00] [INF] [9] InternalDatabaseMigration: Perform migration "20250401142247_FixAncestors"
[2025-10-26 00:28:34.530 +00:00] [INF] [9] InternalDatabaseMigration: Migration "20250401142247_FixAncestors" was successfully applied
[2025-10-26 00:28:34.530 +00:00] [INF] [9] InternalDatabaseMigration: Perform migration "20250405075612_FixItemValuesIndices"
[2025-10-26 00:28:34.553 +00:00] [INF] [9] InternalDatabaseMigration: Migration "20250405075612_FixItemValuesIndices" was successfully applied
[2025-10-26 00:28:34.553 +00:00] [INF] [9] InternalDatabaseMigration: Perform migration "20250609115616_DetachUserDataInsteadOfDelete"
[2025-10-26 00:28:34.597 +00:00] [INF] [9] InternalDatabaseMigration: Migration "20250609115616_DetachUserDataInsteadOfDelete" was successfully applied
[2025-10-26 00:28:34.597 +00:00] [INF] [9] InternalDatabaseMigration: Perform migration "20250622170802_BaseItemImageInfoDateModifiedNullable"
[2025-10-26 00:28:34.635 +00:00] [INF] [9] InternalDatabaseMigration: Migration "20250622170802_BaseItemImageInfoDateModifiedNullable" was successfully applied
[2025-10-26 00:28:34.635 +00:00] [INF] [9] InternalDatabaseMigration: Perform migration "20250714044826_ResetJournalMode"
[2025-10-26 00:28:34.658 +00:00] [INF] [9] InternalDatabaseMigration: Migration "20250714044826_ResetJournalMode" was successfully applied
[2025-10-26 00:28:34.658 +00:00] [INF] [9] InternalDatabaseMigration: Perform migration "20250913211637_AddProperParentChildRelationBaseItemWithCascade"
[2025-10-26 00:28:34.683 +00:00] [WRN] [12] Microsoft.Extensions.Diagnostics.HealthChecks.DefaultHealthCheckService: Health check "StartupCheck" with status Degraded completed after 0.0032ms with message '"Server is still starting up."'
[2025-10-26 00:28:34.709 +00:00] [INF] [9] InternalDatabaseMigration: Migration "20250913211637_AddProperParentChildRelationBaseItemWithCascade" was successfully applied
[2025-10-26 00:28:34.709 +00:00] [INF] [9] InternalDatabaseMigration: Perform migration "20250925203415_ExtendPeopleMapKey"
[2025-10-26 00:28:34.747 +00:00] [INF] [9] InternalDatabaseMigration: Migration "20250925203415_ExtendPeopleMapKey" was successfully applied
[2025-10-26 00:28:35.231 +00:00] [INF] [9] Emby.Server.Implementations.Plugins.PluginManager: Loaded plugin: "TMDb" "10.11.0.0"
[2025-10-26 00:28:35.231 +00:00] [INF] [9] Emby.Server.Implementations.Plugins.PluginManager: Loaded plugin: "Studio Images" "10.11.0.0"
[2025-10-26 00:28:35.232 +00:00] [INF] [9] Emby.Server.Implementations.Plugins.PluginManager: Loaded plugin: "OMDb" "10.11.0.0"
[2025-10-26 00:28:35.247 +00:00] [INF] [9] Emby.Server.Implementations.Plugins.PluginManager: Loaded plugin: "MusicBrainz" "10.11.0.0"
[2025-10-26 00:28:35.247 +00:00] [INF] [9] Emby.Server.Implementations.Plugins.PluginManager: Loaded plugin: "AudioDB" "10.11.0.0"
[2025-10-26 00:28:35.282 +00:00] [INF] [9] Jellyfin.Server.Migrations.JellyfinMigrationService: There are 11 migrations for stage AppInitialisation.
[2025-10-26 00:28:35.282 +00:00] [INF] [9] InternalCodeMigration: Perform migration "20250420193000_MigrateLibraryDbCompatibilityCheck"
[2025-10-26 00:28:35.288 +00:00] [INF] [9] InternalCodeMigration: Migration "20250420193000_MigrateLibraryDbCompatibilityCheck" was successfully applied
[2025-10-26 00:28:35.288 +00:00] [INF] [9] InternalCodeMigration: Perform migration "20250420200000_MigrateLibraryDb"
[2025-10-26 00:28:35.292 +00:00] [INF] [9] Jellyfin.Server.Migrations.Routines.MigrateLibraryDb: Migrating the userdata from library.db may take a while, do not stop Jellyfin.
[2025-10-26 00:28:35.328 +00:00] [INF] [9] Jellyfin.Server.Migrations.Routines.MigrateLibraryDb: Start "Cleanup database"
[2025-10-26 00:28:35.358 +00:00] [INF] [9] Jellyfin.Server.Migrations.Routines.MigrateLibraryDb: "Cleanup database" took '00:00:00.0306350'
[2025-10-26 00:28:35.360 +00:00] [INF] [9] Jellyfin.Server.Migrations.Routines.MigrateLibraryDb: Start "Moving TypedBaseItem"
[2025-10-26 00:28:35.360 +00:00] [INF] [9] Jellyfin.Server.Migrations.Routines.MigrateLibraryDb: Start "Loading TypedBaseItems"
[2025-10-26 00:28:35.615 +00:00] [INF] [9] Jellyfin.Server.Migrations.Routines.MigrateLibraryDb: "Loading TypedBaseItems" took '00:00:00.2556262'
[2025-10-26 00:28:35.616 +00:00] [INF] [9] Jellyfin.Server.Migrations.Routines.MigrateLibraryDb: Start "Clean TypedBaseItems hierarchy"
[2025-10-26 00:28:35.695 +00:00] [WRN] [14] Microsoft.Extensions.Diagnostics.HealthChecks.DefaultHealthCheckService: Health check "StartupCheck" with status Degraded completed after 0.0022ms with message '"Server is still starting up."'
[2025-10-26 00:28:35.826 +00:00] [INF] [9] Jellyfin.Server.Migrations.Routines.MigrateLibraryDb: "Clean TypedBaseItems hierarchy" took '00:00:00.2100715'
[2025-10-26 00:28:35.828 +00:00] [INF] [9] Jellyfin.Server.Migrations.Routines.MigrateLibraryDb: Start "Saving 439 BaseItem entries"
[2025-10-26 00:28:36.224 +00:00] [INF] [9] Jellyfin.Server.Migrations.Routines.MigrateLibraryDb: "Saving 439 BaseItem entries" took '00:00:00.3956136'
[2025-10-26 00:28:36.225 +00:00] [INF] [9] Jellyfin.Server.Migrations.Routines.MigrateLibraryDb: "Moving TypedBaseItem" took '00:00:00.8651295'
[2025-10-26 00:28:36.225 +00:00] [INF] [9] Jellyfin.Server.Migrations.Routines.MigrateLibraryDb: Start "Moving ItemValues"
[2025-10-26 00:28:36.225 +00:00] [INF] [9] Jellyfin.Server.Migrations.Routines.MigrateLibraryDb: Start "Loading ItemValues"
[2025-10-26 00:28:36.258 +00:00] [INF] [9] Jellyfin.Server.Migrations.Routines.MigrateLibraryDb: "Loading ItemValues" took '00:00:00.0327045'
[2025-10-26 00:28:36.258 +00:00] [INF] [9] Jellyfin.Server.Migrations.Routines.MigrateLibraryDb: Start "Saving 144 ItemValues entries"
[2025-10-26 00:28:36.314 +00:00] [INF] [9] Jellyfin.Server.Migrations.Routines.MigrateLibraryDb: "Saving 144 ItemValues entries" took '00:00:00.0559056'
[2025-10-26 00:28:36.315 +00:00] [INF] [9] Jellyfin.Server.Migrations.Routines.MigrateLibraryDb: "Moving ItemValues" took '00:00:00.0897514'
[2025-10-26 00:28:36.315 +00:00] [INF] [9] Jellyfin.Server.Migrations.Routines.MigrateLibraryDb: Start "Moving UserData"
[2025-10-26 00:28:36.315 +00:00] [INF] [9] Jellyfin.Server.Migrations.Routines.MigrateLibraryDb: Start "Loading UserData"
[2025-10-26 00:28:36.347 +00:00] [INF] [9] Jellyfin.Server.Migrations.Routines.MigrateLibraryDb: "Loading UserData" took '00:00:00.0320501'
[2025-10-26 00:28:36.347 +00:00] [INF] [9] Jellyfin.Server.Migrations.Routines.MigrateLibraryDb: Start "Saving 17 UserData entries"
[2025-10-26 00:28:36.360 +00:00] [INF] [9] Jellyfin.Server.Migrations.Routines.MigrateLibraryDb: "Saving 17 UserData entries" took '00:00:00.0124172'
[2025-10-26 00:28:36.360 +00:00] [INF] [9] Jellyfin.Server.Migrations.Routines.MigrateLibraryDb: "Moving UserData" took '00:00:00.0451133'
[2025-10-26 00:28:36.360 +00:00] [INF] [9] Jellyfin.Server.Migrations.Routines.MigrateLibraryDb: Start "Moving MediaStreamInfos"
[2025-10-26 00:28:36.360 +00:00] [INF] [9] Jellyfin.Server.Migrations.Routines.MigrateLibraryDb: Start "Loading MediaStreamInfos"
[2025-10-26 00:28:36.424 +00:00] [INF] [9] Jellyfin.Server.Migrations.Routines.MigrateLibraryDb: "Loading MediaStreamInfos" took '00:00:00.0644137'
[2025-10-26 00:28:36.425 +00:00] [INF] [9] Jellyfin.Server.Migrations.Routines.MigrateLibraryDb: Start "Saving 31 MediaStreamInfos entries"
[2025-10-26 00:28:36.458 +00:00] [INF] [9] Jellyfin.Server.Migrations.Routines.MigrateLibraryDb: "Saving 31 MediaStreamInfos entries" took '00:00:00.0329658'
[2025-10-26 00:28:36.458 +00:00] [INF] [9] Jellyfin.Server.Migrations.Routines.MigrateLibraryDb: "Moving MediaStreamInfos" took '00:00:00.0980936'
[2025-10-26 00:28:36.458 +00:00] [INF] [9] Jellyfin.Server.Migrations.Routines.MigrateLibraryDb: Start "Moving AttachmentStreamInfos"
[2025-10-26 00:28:36.458 +00:00] [INF] [9] Jellyfin.Server.Migrations.Routines.MigrateLibraryDb: Start "Loading AttachmentStreamInfos"
[2025-10-26 00:28:36.458 +00:00] [INF] [9] Jellyfin.Server.Migrations.Routines.MigrateLibraryDb: "Loading AttachmentStreamInfos" took '00:00:00.0001122'
[2025-10-26 00:28:36.459 +00:00] [INF] [9] Jellyfin.Server.Migrations.Routines.MigrateLibraryDb: Start "Saving 0 AttachmentStreamInfos entries"
[2025-10-26 00:28:36.459 +00:00] [INF] [9] Jellyfin.Server.Migrations.Routines.MigrateLibraryDb: "Saving 0 AttachmentStreamInfos entries" took '00:00:00.0001934'
[2025-10-26 00:28:36.459 +00:00] [INF] [9] Jellyfin.Server.Migrations.Routines.MigrateLibraryDb: "Moving AttachmentStreamInfos" took '00:00:00.0008209'
[2025-10-26 00:28:36.459 +00:00] [INF] [9] Jellyfin.Server.Migrations.Routines.MigrateLibraryDb: Start "Moving People"
[2025-10-26 00:28:36.459 +00:00] [INF] [9] Jellyfin.Server.Migrations.Routines.MigrateLibraryDb: Start "Loading People"
[2025-10-26 00:28:36.526 +00:00] [INF] [9] Jellyfin.Server.Migrations.Routines.MigrateLibraryDb: "Loading People" took '00:00:00.0674287'
[2025-10-26 00:28:36.527 +00:00] [INF] [9] Jellyfin.Server.Migrations.Routines.MigrateLibraryDb: Start "Saving 382 People entries and 594 maps"
[2025-10-26 00:28:36.664 +00:00] [INF] [9] Jellyfin.Server.Migrations.Routines.MigrateLibraryDb: "Saving 382 People entries and 594 maps" took '00:00:00.1372072'
[2025-10-26 00:28:36.665 +00:00] [INF] [9] Jellyfin.Server.Migrations.Routines.MigrateLibraryDb: "Moving People" took '00:00:00.2056879'
[2025-10-26 00:28:36.665 +00:00] [INF] [9] Jellyfin.Server.Migrations.Routines.MigrateLibraryDb: Start "Moving Chapters"
[2025-10-26 00:28:36.665 +00:00] [INF] [9] Jellyfin.Server.Migrations.Routines.MigrateLibraryDb: Start "Loading Chapters"
[2025-10-26 00:28:36.665 +00:00] [INF] [9] Jellyfin.Server.Migrations.Routines.MigrateLibraryDb: "Loading Chapters" took '00:00:00.0001529'
[2025-10-26 00:28:36.665 +00:00] [INF] [9] Jellyfin.Server.Migrations.Routines.MigrateLibraryDb: Start "Saving 0 Chapters entries"
[2025-10-26 00:28:36.665 +00:00] [INF] [9] Jellyfin.Server.Migrations.Routines.MigrateLibraryDb: "Saving 0 Chapters entries" took '00:00:00.0000802'
[2025-10-26 00:28:36.665 +00:00] [INF] [9] Jellyfin.Server.Migrations.Routines.MigrateLibraryDb: "Moving Chapters" took '00:00:00.0007711'
[2025-10-26 00:28:36.666 +00:00] [INF] [9] Jellyfin.Server.Migrations.Routines.MigrateLibraryDb: Start "Moving AncestorIds"
[2025-10-26 00:28:36.666 +00:00] [INF] [9] Jellyfin.Server.Migrations.Routines.MigrateLibraryDb: Start "Loading AncestorIds"
[2025-10-26 00:28:36.666 +00:00] [INF] [9] Jellyfin.Server.Migrations.Routines.MigrateLibraryDb: "Loading AncestorIds" took '00:00:00.0006970'
[2025-10-26 00:28:36.667 +00:00] [INF] [9] Jellyfin.Server.Migrations.Routines.MigrateLibraryDb: Start "Saving 0 AncestorId entries"
[2025-10-26 00:28:36.667 +00:00] [INF] [9] Jellyfin.Server.Migrations.Routines.MigrateLibraryDb: "Saving 0 AncestorId entries" took '00:00:00.0000700'
[2025-10-26 00:28:36.667 +00:00] [INF] [9] Jellyfin.Server.Migrations.Routines.MigrateLibraryDb: "Moving AncestorIds" took '00:00:00.0011803'
[2025-10-26 00:28:36.667 +00:00] [INF] [9] Jellyfin.Server.Migrations.Routines.MigrateLibraryDb: Migration of the Library.db done.
[2025-10-26 00:28:36.667 +00:00] [INF] [9] Jellyfin.Server.Migrations.Routines.MigrateLibraryDb: Migrating Library db took 00:00:01.3744523.
[2025-10-26 00:28:36.673 +00:00] [INF] [9] Jellyfin.Server.Migrations.Routines.MigrateLibraryDb: Move "/config/data/data/library.db" to "/config/data/data/library.db.old".
[2025-10-26 00:28:36.677 +00:00] [INF] [9] InternalCodeMigration: Migration "20250420200000_MigrateLibraryDb" was successfully applied
[2025-10-26 00:28:36.677 +00:00] [INF] [9] InternalCodeMigration: Perform migration "20250420210000_MoveExtractedFiles"
[2025-10-26 00:28:36.700 +00:00] [INF] [9] Jellyfin.Server.Migrations.Routines.MoveExtractedFiles: Checking 31 items for movable extracted files.
[2025-10-26 00:28:36.705 +00:00] [INF] [9] Jellyfin.Server.Migrations.Routines.MoveExtractedFiles: Checked: 0 - Moved: 0 - Time: 00:00:00.0248283
[2025-10-26 00:28:36.708 +00:00] [WRN] [12] Microsoft.Extensions.Diagnostics.HealthChecks.DefaultHealthCheckService: Health check "StartupCheck" with status Degraded completed after 0.0039ms with message '"Server is still starting up."'
[2025-10-26 00:28:36.755 +00:00] [INF] [9] Jellyfin.Server.Migrations.Routines.MoveExtractedFiles: Moved files for 0 items in 00:00:00.0747876
[2025-10-26 00:28:36.755 +00:00] [INF] [9] Jellyfin.Server.Migrations.Routines.MoveExtractedFiles: Cleaned up left over subtitles and attachments.
[2025-10-26 00:28:36.755 +00:00] [INF] [9] InternalCodeMigration: Migration "20250420210000_MoveExtractedFiles" was successfully applied
[2025-10-26 00:28:36.755 +00:00] [INF] [9] InternalCodeMigration: Perform migration "20250420220000_MigrateRatingLevels"
[2025-10-26 00:28:36.757 +00:00] [INF] [9] Jellyfin.Server.Migrations.Routines.MigrateRatingLevels: Recalculating parental rating levels based on rating string.
[2025-10-26 00:28:36.793 +00:00] [INF] [9] InternalCodeMigration: Migration "20250420220000_MigrateRatingLevels" was successfully applied
[2025-10-26 00:28:36.793 +00:00] [INF] [9] InternalCodeMigration: Perform migration "20250420230000_MoveTrickplayFiles"
[2025-10-26 00:28:36.935 +00:00] [INF] [9] Jellyfin.Server.Migrations.Routines.MoveTrickplayFiles: Checked: 5000 - Moved: 0 - Time: 00:00:00.1404636
[2025-10-26 00:28:36.936 +00:00] [INF] [9] Jellyfin.Server.Migrations.Routines.MoveTrickplayFiles: Moved 0 items in 00:00:00.1407355
[2025-10-26 00:28:36.936 +00:00] [INF] [9] InternalCodeMigration: Migration "20250420230000_MoveTrickplayFiles" was successfully applied
[2025-10-26 00:28:36.936 +00:00] [INF] [9] InternalCodeMigration: Perform migration "20250420230000_RefreshInternalDateModified"
[2025-10-26 00:28:36.959 +00:00] [INF] [9] Jellyfin.Server.Migrations.Routines.RefreshInternalDateModified: Checking if 29 potentially internal items require refreshed DateModified
[2025-10-26 00:28:36.975 +00:00] [INF] [9] Jellyfin.Server.Migrations.Routines.RefreshInternalDateModified: Checked: 29 - Refreshed: 29 - Time: 00:00:00.0371291
[2025-10-26 00:28:36.998 +00:00] [INF] [9] Jellyfin.Server.Migrations.Routines.RefreshInternalDateModified: Refreshed DateModified for 29 items in 00:00:00.0594252
[2025-10-26 00:28:36.998 +00:00] [INF] [9] Emby.Server.Implementations.ApplicationHost: Disposing "CoreAppHost"
[2025-10-26 00:28:36.998 +00:00] [INF] [9] Emby.Server.Implementations.ApplicationHost: Disposing "MusicBrainzArtistProvider"
[2025-10-26 00:28:36.999 +00:00] [INF] [9] Emby.Server.Implementations.ApplicationHost: Disposing "MusicBrainzAlbumProvider"
[2025-10-26 00:28:36.999 +00:00] [INF] [9] Emby.Server.Implementations.ApplicationHost: Disposing "PluginManager"
[2025-10-26 00:28:36.999 +00:00] [INF] [9] InternalCodeMigration: Migration "20250420230000_RefreshInternalDateModified" was successfully applied
[2025-10-26 00:28:36.999 +00:00] [INF] [9] InternalCodeMigration: Perform migration "20250421000000_MigrateKeyframeData"
[2025-10-26 00:28:37.004 +00:00] [INF] [9] Jellyfin.Server.Migrations.Routines.MigrateKeyframeData: Checking 31 items for importable keyframe data.
[2025-10-26 00:28:37.010 +00:00] [INF] [9] Jellyfin.Server.Migrations.Routines.MigrateKeyframeData: Checked: 31 - Imported: 0 - Time: 00:00:00.0093309
[2025-10-26 00:28:37.011 +00:00] [INF] [9] Jellyfin.Server.Migrations.Routines.MigrateKeyframeData: Imported keyframes for 0 items in 00:00:00.0095231
[2025-10-26 00:28:37.012 +00:00] [INF] [9] InternalCodeMigration: Migration "20250421000000_MigrateKeyframeData" was successfully applied
[2025-10-26 00:28:37.012 +00:00] [INF] [9] InternalCodeMigration: Perform migration "20250618010000_MigrateLibraryUserData"
[2025-10-26 00:28:37.015 +00:00] [INF] [9] Jellyfin.Server.Migrations.Routines.MigrateLibraryDb: Migrating the userdata from library.db.old may take a while, do not stop Jellyfin.
[2025-10-26 00:28:37.069 +00:00] [INF] [9] Jellyfin.Server.Migrations.Routines.MigrateLibraryDb: Try saving 38 UserData entries.
[2025-10-26 00:28:37.079 +00:00] [INF] [9] InternalCodeMigration: Migration "20250618010000_MigrateLibraryUserData" was successfully applied
[2025-10-26 00:28:37.079 +00:00] [INF] [9] InternalCodeMigration: Perform migration "20250620180000_FixDates"
[2025-10-26 00:28:37.084 +00:00] [INF] [9] Jellyfin.Server.Migrations.Routines.FixDates: Fixing dates for 440 BaseItems.
[2025-10-26 00:28:37.085 +00:00] [INF] [9] Jellyfin.Server.Migrations.Routines.FixDates: Processing BaseItems batch 1 (440/440) - Time: 00:00:00.0044024
[2025-10-26 00:28:37.215 +00:00] [INF] [9] Jellyfin.Server.Migrations.Routines.FixDates: BaseItems: Processed 440 items, saved 44 changes in 00:00:00.1343748
[2025-10-26 00:28:37.219 +00:00] [INF] [9] Jellyfin.Server.Migrations.Routines.FixDates: Fixing dates for 0 Chapters.
[2025-10-26 00:28:37.220 +00:00] [INF] [9] Jellyfin.Server.Migrations.Routines.FixDates: Processing Chapter batch 1 (0/0) - Time: 00:00:00.0006620
[2025-10-26 00:28:37.288 +00:00] [INF] [9] Jellyfin.Server.Migrations.Routines.FixDates: Chapters: Processed 0 items, saved 0 changes in 00:00:00.0689720
[2025-10-26 00:28:37.292 +00:00] [INF] [9] Jellyfin.Server.Migrations.Routines.FixDates: Fixing dates for 191 BaseItemImageInfos.
[2025-10-26 00:28:37.293 +00:00] [INF] [9] Jellyfin.Server.Migrations.Routines.FixDates: Processing BaseItemImageInfos batch 1 (191/191) - Time: 00:00:00.0005521
[2025-10-26 00:28:37.368 +00:00] [INF] [9] Jellyfin.Server.Migrations.Routines.FixDates: BaseItemImageInfos: Processed 191 items, saved 0 changes in 00:00:00.0757347
[2025-10-26 00:28:37.369 +00:00] [INF] [9] InternalCodeMigration: Migration "20250620180000_FixDates" was successfully applied
[2025-10-26 00:28:37.369 +00:00] [INF] [9] InternalCodeMigration: Perform migration "20250730215000_ReseedFolderFlag"
[2025-10-26 00:28:37.371 +00:00] [INF] [9] Jellyfin.Server.Migrations.Routines.MigrateLibraryDb: Migration is skipped because it does not apply.
[2025-10-26 00:28:37.371 +00:00] [INF] [9] InternalCodeMigration: Migration "20250730215000_ReseedFolderFlag" was successfully applied
[2025-10-26 00:28:37.371 +00:00] [INF] [9] InternalCodeMigration: Perform migration "20251009200000_CleanMusicArtist"
[2025-10-26 00:28:37.379 +00:00] [INF] [9] Jellyfin.Server.Migrations.Routines.CleanMusicArtist: Delete 0 Artist and Album Artist person types from db
[2025-10-26 00:28:37.381 +00:00] [INF] [9] InternalCodeMigration: Migration "20251009200000_CleanMusicArtist" was successfully applied
[2025-10-26 00:28:37.382 +00:00] [INF] [9] Main: Attempt to cleanup librarydb backup.
[2025-10-26 00:28:37.382 +00:00] [INF] [9] Main: Attempt to cleanup JellyfinDb backup.
[2025-10-26 00:28:37.423 +00:00] [INF] [9] Main: Kestrel is listening on "0.0.0.0"
[2025-10-26 00:28:37.826 +00:00] [WRN] [9] Microsoft.AspNetCore.StaticFiles.StaticFileMiddleware: The WebRootPath was not found: "/run/s6-rc:s6-rc-init:feKCkn/servicedirs/svc-jellyfin/wwwroot". Static files may be unavailable.
[2025-10-26 00:28:37.842 +00:00] [INF] [9] Emby.Server.Implementations.ApplicationHost: Running startup tasks
[2025-10-26 00:28:37.843 +00:00] [INF] [16] Emby.Server.Implementations.IO.LibraryMonitor: Watching directory "/data/custom_tvshows"
[2025-10-26 00:28:37.843 +00:00] [INF] [14] Emby.Server.Implementations.IO.LibraryMonitor: Watching directory "/data/movies"
[2025-10-26 00:28:37.843 +00:00] [INF] [12] Emby.Server.Implementations.IO.LibraryMonitor: Watching directory "/data/custom_movies"
[2025-10-26 00:28:37.844 +00:00] [INF] [16] Emby.Server.Implementations.IO.LibraryMonitor: Watching directory "/data/shows"
[2025-10-26 00:28:37.853 +00:00] [INF] [9] Emby.Server.Implementations.ScheduledTasks.TaskManager: Daily trigger for "Generate Trickplay Images" set to fire at 2025-10-26 03:00:00.000 +00:00, which is 02:31:22.1470376 from now.
[2025-10-26 00:28:37.861 +00:00] [INF] [9] Emby.Server.Implementations.ScheduledTasks.TaskManager: Daily trigger for "Extract Chapter Images" set to fire at 2025-10-26 02:00:00.000 +00:00, which is 01:31:22.1388823 from now.
[2025-10-26 00:28:37.886 +00:00] [INF] [9] MediaBrowser.MediaEncoding.Encoder.MediaEncoder: Found ffmpeg version "7.1.2"
[2025-10-26 00:28:37.948 +00:00] [INF] [9] MediaBrowser.MediaEncoding.Encoder.MediaEncoder: Available "decoders": ["libdav1d", "av1", "av1_cuvid", "av1_qsv", "h264", "h264_qsv", "h264_cuvid", "hevc", "hevc_qsv", "hevc_cuvid", "mpeg2video", "mpeg2_qsv", "mpeg2_cuvid", "mpeg4", "mpeg4_cuvid", "msmpeg4", "vc1_qsv", "vc1_cuvid", "vp8", "libvpx", "vp8_cuvid", "vp8_qsv", "vp9", "libvpx-vp9", "vp9_cuvid", "vp9_qsv", "aac", "ac3", "ac4", "dca", "flac", "mp3", "truehd"]
[2025-10-26 00:28:37.967 +00:00] [INF] [9] MediaBrowser.MediaEncoding.Encoder.MediaEncoder: Available "encoders": ["libsvtav1", "av1_nvenc", "av1_qsv", "av1_amf", "av1_vaapi", "libx264", "h264_amf", "h264_nvenc", "h264_qsv", "h264_v4l2m2m", "h264_vaapi", "libx265", "hevc_amf", "hevc_nvenc", "hevc_qsv", "hevc_vaapi", "mjpeg_qsv", "mjpeg_vaapi", "aac", "libfdk_aac", "ac3", "alac", "dca", "flac", "libmp3lame", "libopus", "truehd", "libvorbis", "srt"]
[2025-10-26 00:28:37.984 +00:00] [INF] [9] MediaBrowser.MediaEncoding.Encoder.MediaEncoder: Available filters: ["bwdif_cuda", "bwdif_opencl", "deinterlace_qsv", "deinterlace_vaapi", "flip_vulkan", "hwupload_cuda", "hwupload_vaapi", "libplacebo", "overlay_opencl", "overlay_qsv", "overlay_vaapi", "overlay_vulkan", "overlay_cuda", "procamp_vaapi", "scale_cuda", "scale_opencl", "scale_qsv", "scale_vaapi", "scale_vulkan", "tonemapx", "tonemap_cuda", "tonemap_opencl", "tonemap_vaapi", "transpose_cuda", "transpose_opencl", "transpose_vaapi", "transpose_vulkan", "vpp_qsv", "yadif_cuda", "yadif_opencl", "zscale", "alphasrc"]
[2025-10-26 00:28:38.194 +00:00] [INF] [9] MediaBrowser.MediaEncoding.Encoder.MediaEncoder: Available hwaccel types: ["cuda", "vaapi", "qsv", "drm", "opencl", "vulkan"]
[2025-10-26 00:28:40.874 +00:00] [INF] [14] Emby.Server.Implementations.ScheduledTasks.TaskManager: "Clean Transcode Directory" Completed after 0 minute(s) and 0 seconds
[2025-10-26 00:28:40.876 +00:00] [INF] [16] Emby.Server.Implementations.ScheduledTasks.TaskManager: "Clean up collections and playlists" Completed after 0 minute(s) and 0 seconds
[2025-10-26 00:28:41.663 +00:00] [INF] [14] Emby.Server.Implementations.ScheduledTasks.TaskManager: "Update Plugins" Completed after 0 minute(s) and 0 seconds
[2025-10-26 00:28:43.776 +00:00] [INF] [9] MediaBrowser.MediaEncoding.Encoder.MediaEncoder: FFmpeg: "/usr/lib/jellyfin-ffmpeg/ffmpeg"
[2025-10-26 00:28:43.777 +00:00] [INF] [9] Emby.Server.Implementations.ApplicationHost: ServerId: "fa187d5995374f68bb1682aa5a681a70"
[2025-10-26 00:28:43.777 +00:00] [INF] [9] Emby.Server.Implementations.ApplicationHost: Core startup complete
[2025-10-26 00:28:43.777 +00:00] [INF] [9] Main: Startup complete 0:00:12.114263
[2025-10-26 00:29:04.961 +00:00] [INF] [17] Emby.Server.Implementations.Session.SessionManager: Sending shutdown notifications
[2025-10-26 00:29:04.968 +00:00] [INF] [12] Main: Running query planner optimizations in the database... This might take a while
[2025-10-26 00:29:04.989 +00:00] [INF] [9] Emby.Server.Implementations.IO.LibraryMonitor: Stopping directory watching for path "/data/shows"
[2025-10-26 00:29:04.990 +00:00] [INF] [9] Emby.Server.Implementations.IO.LibraryMonitor: Stopping directory watching for path "/data/custom_tvshows"
[2025-10-26 00:29:04.990 +00:00] [INF] [9] Emby.Server.Implementations.IO.LibraryMonitor: Stopping directory watching for path "/data/custom_movies"
[2025-10-26 00:29:04.990 +00:00] [INF] [9] Emby.Server.Implementations.IO.LibraryMonitor: Stopping directory watching for path "/data/movies"
