[2024-04-14 22:50:10.666 +00:00] [INF] [1] Main: Jellyfin version: "10.8.13"
[2024-04-14 22:50:10.691 +00:00] [INF] [1] Main: Environment Variables: ["[JELLYFIN_WEB_DIR, /usr/share/jellyfin/web]", "[JELLYFIN_LOG_DIR, /config/log]", "[JELLYFIN_CONFIG_DIR, /config]", "[JELLYFIN_CACHE_DIR, /config/cache]", "[JELLYFIN_DATA_DIR, /config/data]"]
[2024-04-14 22:50:10.694 +00:00] [INF] [1] Main: Arguments: ["/usr/lib/jellyfin/bin/jellyfin.dll", "--ffmpeg=/usr/lib/jellyfin-ffmpeg/ffmpeg"]
[2024-04-14 22:50:10.695 +00:00] [INF] [1] Main: Operating system: "Linux"
[2024-04-14 22:50:10.695 +00:00] [INF] [1] Main: Architecture: X64
[2024-04-14 22:50:10.695 +00:00] [INF] [1] Main: 64-Bit Process: True
[2024-04-14 22:50:10.695 +00:00] [INF] [1] Main: User Interactive: True
[2024-04-14 22:50:10.695 +00:00] [INF] [1] Main: Processor count: 16
[2024-04-14 22:50:10.696 +00:00] [INF] [1] Main: Program data path: "/config/data"
[2024-04-14 22:50:10.696 +00:00] [INF] [1] Main: Web resources path: "/usr/share/jellyfin/web"
[2024-04-14 22:50:10.696 +00:00] [INF] [1] Main: Application directory: "/usr/lib/jellyfin/bin/"
[2024-04-14 22:50:10.946 +00:00] [INF] [1] Emby.Server.Implementations.AppBase.BaseConfigurationManager: Setting cache path: "/config/cache"
[2024-04-14 22:50:10.983 +00:00] [INF] [1] Emby.Server.Implementations.ApplicationHost: Loading assemblies
[2024-04-14 22:50:11.102 +00:00] [INF] [1] Jellyfin.Networking.Manager.NetworkManager: Defined LAN addresses : "[10.0.0.0/8,172.16.0.0/12,192.168.0.0/16]"
[2024-04-14 22:50:11.102 +00:00] [INF] [1] Jellyfin.Networking.Manager.NetworkManager: Defined LAN exclusions : "[]"
[2024-04-14 22:50:11.102 +00:00] [INF] [1] Jellyfin.Networking.Manager.NetworkManager: Using LAN addresses: "[10.0.0.0/8,172.16.0.0/12,192.168.0.0/16]"
[2024-04-14 22:50:11.107 +00:00] [INF] [1] Jellyfin.Networking.Manager.NetworkManager: Using bind addresses: "[]"
[2024-04-14 22:50:11.107 +00:00] [INF] [1] Jellyfin.Networking.Manager.NetworkManager: Using bind exclusions: "[]"
[2024-04-14 22:50:12.850 +00:00] [INF] [1] Emby.Server.Implementations.Plugins.PluginManager: Loaded plugin: "TMDb" "10.8.13.0"
[2024-04-14 22:50:12.851 +00:00] [INF] [1] Emby.Server.Implementations.Plugins.PluginManager: Loaded plugin: "Studio Images" "10.8.13.0"
[2024-04-14 22:50:12.851 +00:00] [INF] [1] Emby.Server.Implementations.Plugins.PluginManager: Loaded plugin: "OMDb" "10.8.13.0"
[2024-04-14 22:50:12.851 +00:00] [INF] [1] Emby.Server.Implementations.Plugins.PluginManager: Loaded plugin: "MusicBrainz" "10.8.13.0"
[2024-04-14 22:50:12.852 +00:00] [INF] [1] Emby.Server.Implementations.Plugins.PluginManager: Loaded plugin: "AudioDB" "10.8.13.0"
[2024-04-14 22:50:12.909 +00:00] [INF] [1] Main: Kestrel listening on "Any IP4 Address"
[2024-04-14 22:50:12.984 +00:00] [WRN] [1] Microsoft.AspNetCore.DataProtection.Repositories.EphemeralXmlRepository: Using an in-memory repository. Keys will not be persisted to storage.
[2024-04-14 22:50:12.984 +00:00] [WRN] [1] Microsoft.AspNetCore.DataProtection.KeyManagement.XmlKeyManager: Neither user profile nor HKLM registry available. Using an ephemeral key repository. Protected data will be unavailable when application exits.
[2024-04-14 22:50:13.153 +00:00] [WRN] [1] Microsoft.AspNetCore.DataProtection.KeyManagement.XmlKeyManager: No XML encryptor configured. Key {04c8d17d-e269-411a-901b-6c99852fc9d3} may be persisted to storage in unencrypted form.
[2024-04-14 22:50:13.170 +00:00] [INF] [1] Emby.Server.Implementations.ApplicationHost: Running startup tasks
[2024-04-14 22:50:13.205 +00:00] [INF] [1] Emby.Server.Implementations.ScheduledTasks.TaskManager: Daily trigger for "Extract Chapter Images" set to fire at 2024-04-15 02:00:00.000 +00:00, which is 03:09:46.7949974 from now.
[2024-04-14 22:50:13.315 +00:00] [INF] [1] MediaBrowser.MediaEncoding.Encoder.MediaEncoder: Found ffmpeg version "5.1.4"
[2024-04-14 22:50:13.361 +00:00] [INF] [1] MediaBrowser.MediaEncoding.Encoder.MediaEncoder: Available "decoders": ["libdav1d", "av1", "av1_cuvid", "av1_qsv", "h264", "h264_qsv", "h264_cuvid", "hevc", "hevc_qsv", "hevc_cuvid", "mpeg2video", "mpeg2_qsv", "mpeg2_cuvid", "mpeg4", "mpeg4_cuvid", "msmpeg4", "vc1_qsv", "vc1_cuvid", "vp8", "libvpx", "vp8_cuvid", "vp8_qsv", "vp9", "libvpx-vp9", "vp9_cuvid", "vp9_qsv", "aac", "ac3", "dca", "flac", "mp3", "truehd"]
[2024-04-14 22:50:13.380 +00:00] [INF] [1] MediaBrowser.MediaEncoding.Encoder.MediaEncoder: Available "encoders": ["libx264", "h264_amf", "h264_nvenc", "h264_qsv", "h264_v4l2m2m", "h264_vaapi", "libx265", "hevc_amf", "hevc_nvenc", "hevc_qsv", "hevc_vaapi", "mpeg4", "msmpeg4", "libvpx", "libvpx-vp9", "aac", "libfdk_aac", "ac3", "dca", "flac", "libmp3lame", "libopus", "truehd", "libvorbis", "srt"]
[2024-04-14 22:50:13.403 +00:00] [INF] [1] MediaBrowser.MediaEncoding.Encoder.MediaEncoder: Available filters: ["deinterlace_qsv", "deinterlace_vaapi", "hwupload_cuda", "hwupload_vaapi", "overlay_opencl", "overlay_qsv", "overlay_vaapi", "overlay_cuda", "procamp_vaapi", "scale_cuda", "scale_opencl", "scale_qsv", "scale_vaapi", "tonemap_cuda", "tonemap_opencl", "tonemap_vaapi", "vpp_qsv", "yadif_cuda", "zscale", "alphasrc"]
[2024-04-14 22:50:13.525 +00:00] [INF] [1] MediaBrowser.MediaEncoding.Encoder.MediaEncoder: Available hwaccel types: ["cuda", "vaapi", "qsv", "drm", "opencl", "vulkan"]
[2024-04-14 22:50:13.732 +00:00] [INF] [1] MediaBrowser.MediaEncoding.Encoder.MediaEncoder: FFmpeg: "/usr/lib/jellyfin-ffmpeg/ffmpeg"
[2024-04-14 22:50:13.733 +00:00] [INF] [1] Emby.Server.Implementations.ApplicationHost: ServerId: "fa187d5995374f68bb1682aa5a681a70"
[2024-04-14 22:50:13.840 +00:00] [INF] [1] Emby.Server.Implementations.ApplicationHost: Executed all pre-startup entry points in 0:00:00.095249
[2024-04-14 22:50:13.840 +00:00] [INF] [1] Emby.Server.Implementations.ApplicationHost: Core startup complete
[2024-04-14 22:50:14.026 +00:00] [INF] [8] Emby.Server.Implementations.IO.LibraryMonitor: Watching directory "/data/movies"
[2024-04-14 22:50:14.026 +00:00] [INF] [17] Emby.Server.Implementations.IO.LibraryMonitor: Watching directory "/data/shows"
[2024-04-14 22:50:14.033 +00:00] [INF] [1] Emby.Server.Implementations.ApplicationHost: Executed all post-startup entry points in 0:00:00.1927035
[2024-04-14 22:50:14.033 +00:00] [INF] [1] Main: Startup complete 0:00:03.6369738
[2024-04-14 22:50:14.541 +00:00] [WRN] [13] Microsoft.EntityFrameworkCore.Model.Validation: The entity type '"AccessSchedule"' is configured to use schema '"jellyfin"', but SQLite does not support schemas. This configuration will be ignored by the SQLite provider.
[2024-04-14 22:50:14.542 +00:00] [WRN] [13] Microsoft.EntityFrameworkCore.Model.Validation: The entity type '"ActivityLog"' is configured to use schema '"jellyfin"', but SQLite does not support schemas. This configuration will be ignored by the SQLite provider.
[2024-04-14 22:50:14.542 +00:00] [WRN] [13] Microsoft.EntityFrameworkCore.Model.Validation: The entity type '"CustomItemDisplayPreferences"' is configured to use schema '"jellyfin"', but SQLite does not support schemas. This configuration will be ignored by the SQLite provider.
[2024-04-14 22:50:14.542 +00:00] [WRN] [13] Microsoft.EntityFrameworkCore.Model.Validation: The entity type '"DisplayPreferences"' is configured to use schema '"jellyfin"', but SQLite does not support schemas. This configuration will be ignored by the SQLite provider.
[2024-04-14 22:50:14.542 +00:00] [WRN] [13] Microsoft.EntityFrameworkCore.Model.Validation: The entity type '"HomeSection"' is configured to use schema '"jellyfin"', but SQLite does not support schemas. This configuration will be ignored by the SQLite provider.
[2024-04-14 22:50:14.542 +00:00] [WRN] [13] Microsoft.EntityFrameworkCore.Model.Validation: The entity type '"ImageInfo"' is configured to use schema '"jellyfin"', but SQLite does not support schemas. This configuration will be ignored by the SQLite provider.
[2024-04-14 22:50:14.542 +00:00] [WRN] [13] Microsoft.EntityFrameworkCore.Model.Validation: The entity type '"ItemDisplayPreferences"' is configured to use schema '"jellyfin"', but SQLite does not support schemas. This configuration will be ignored by the SQLite provider.
[2024-04-14 22:50:14.542 +00:00] [WRN] [13] Microsoft.EntityFrameworkCore.Model.Validation: The entity type '"Permission"' is configured to use schema '"jellyfin"', but SQLite does not support schemas. This configuration will be ignored by the SQLite provider.
[2024-04-14 22:50:14.542 +00:00] [WRN] [13] Microsoft.EntityFrameworkCore.Model.Validation: The entity type '"Preference"' is configured to use schema '"jellyfin"', but SQLite does not support schemas. This configuration will be ignored by the SQLite provider.
[2024-04-14 22:50:14.542 +00:00] [WRN] [13] Microsoft.EntityFrameworkCore.Model.Validation: The entity type '"ApiKey"' is configured to use schema '"jellyfin"', but SQLite does not support schemas. This configuration will be ignored by the SQLite provider.
[2024-04-14 22:50:14.542 +00:00] [WRN] [13] Microsoft.EntityFrameworkCore.Model.Validation: The entity type '"Device"' is configured to use schema '"jellyfin"', but SQLite does not support schemas. This configuration will be ignored by the SQLite provider.
[2024-04-14 22:50:14.542 +00:00] [WRN] [13] Microsoft.EntityFrameworkCore.Model.Validation: The entity type '"DeviceOptions"' is configured to use schema '"jellyfin"', but SQLite does not support schemas. This configuration will be ignored by the SQLite provider.
[2024-04-14 22:50:14.542 +00:00] [WRN] [13] Microsoft.EntityFrameworkCore.Model.Validation: The entity type '"User"' is configured to use schema '"jellyfin"', but SQLite does not support schemas. This configuration will be ignored by the SQLite provider.
[2024-04-14 22:50:16.210 +00:00] [INF] [17] Emby.Server.Implementations.ScheduledTasks.TaskManager: "StartupTrigger" fired for task: "Update Plugins"
[2024-04-14 22:50:16.211 +00:00] [INF] [17] Emby.Server.Implementations.ScheduledTasks.TaskManager: Queuing task "PluginUpdateTask"
[2024-04-14 22:50:16.214 +00:00] [INF] [16] Emby.Server.Implementations.ScheduledTasks.TaskManager: Executing "Update Plugins"
[2024-04-14 22:50:17.325 +00:00] [INF] [8] Emby.Server.Implementations.ScheduledTasks.TaskManager: "Update Plugins" Completed after 0 minute(s) and 1 seconds
[2024-04-14 22:50:17.332 +00:00] [INF] [8] Emby.Server.Implementations.ScheduledTasks.TaskManager: ExecuteQueuedTasks
[2024-04-14 22:51:13.204 +00:00] [INF] [14] Emby.Server.Implementations.ScheduledTasks.TaskManager: "IntervalTrigger" fired for task: "Download missing subtitles"
[2024-04-14 22:51:13.204 +00:00] [INF] [14] Emby.Server.Implementations.ScheduledTasks.TaskManager: Queuing task "SubtitleScheduledTask"
[2024-04-14 22:51:13.204 +00:00] [INF] [14] Emby.Server.Implementations.ScheduledTasks.TaskManager: Executing "Download missing subtitles"
[2024-04-14 22:51:13.206 +00:00] [INF] [15] Emby.Server.Implementations.ScheduledTasks.TaskManager: "IntervalTrigger" fired for task: "Clean Log Directory"
[2024-04-14 22:51:13.206 +00:00] [INF] [23] Emby.Server.Implementations.ScheduledTasks.TaskManager: "IntervalTrigger" fired for task: "Clean Cache Directory"
[2024-04-14 22:51:13.206 +00:00] [INF] [10] Emby.Server.Implementations.ScheduledTasks.TaskManager: "IntervalTrigger" fired for task: "Clean Transcode Directory"
[2024-04-14 22:51:13.206 +00:00] [INF] [10] Emby.Server.Implementations.ScheduledTasks.TaskManager: Queuing task "DeleteTranscodeFileTask"
[2024-04-14 22:51:13.206 +00:00] [INF] [15] Emby.Server.Implementations.ScheduledTasks.TaskManager: Queuing task "DeleteLogFileTask"
[2024-04-14 22:51:13.206 +00:00] [INF] [23] Emby.Server.Implementations.ScheduledTasks.TaskManager: Queuing task "DeleteCacheFileTask"
[2024-04-14 22:51:13.206 +00:00] [INF] [10] Emby.Server.Implementations.ScheduledTasks.TaskManager: Executing "Clean Transcode Directory"
[2024-04-14 22:51:13.206 +00:00] [INF] [26] Emby.Server.Implementations.ScheduledTasks.TaskManager: Executing "Clean Log Directory"
[2024-04-14 22:51:13.206 +00:00] [INF] [15] Emby.Server.Implementations.ScheduledTasks.TaskManager: Executing "Clean Cache Directory"
[2024-04-14 22:51:13.206 +00:00] [INF] [17] Emby.Server.Implementations.ScheduledTasks.TaskManager: "IntervalTrigger" fired for task: "Optimize database"
[2024-04-14 22:51:13.206 +00:00] [INF] [17] Emby.Server.Implementations.ScheduledTasks.TaskManager: Queuing task "OptimizeDatabaseTask"
[2024-04-14 22:51:13.206 +00:00] [INF] [17] Emby.Server.Implementations.ScheduledTasks.TaskManager: Executing "Optimize database"
[2024-04-14 22:51:13.206 +00:00] [INF] [13] Emby.Server.Implementations.ScheduledTasks.TaskManager: "IntervalTrigger" fired for task: "Refresh People"
[2024-04-14 22:51:13.206 +00:00] [INF] [13] Emby.Server.Implementations.ScheduledTasks.TaskManager: Queuing task "PeopleValidationTask"
[2024-04-14 22:51:13.207 +00:00] [INF] [13] Emby.Server.Implementations.ScheduledTasks.TaskManager: Executing "Refresh People"
[2024-04-14 22:51:13.207 +00:00] [INF] [17] Emby.Server.Implementations.ScheduledTasks.Tasks.OptimizeDatabaseTask: Optimizing and vacuuming jellyfin.db...
[2024-04-14 22:51:13.208 +00:00] [INF] [23] Emby.Server.Implementations.ScheduledTasks.TaskManager: "IntervalTrigger" fired for task: "Update Plugins"
[2024-04-14 22:51:13.208 +00:00] [INF] [23] Emby.Server.Implementations.ScheduledTasks.TaskManager: Queuing task "PluginUpdateTask"
[2024-04-14 22:51:13.208 +00:00] [INF] [23] Emby.Server.Implementations.ScheduledTasks.TaskManager: Executing "Update Plugins"
[2024-04-14 22:51:13.208 +00:00] [INF] [27] Emby.Server.Implementations.ScheduledTasks.TaskManager: "IntervalTrigger" fired for task: "Scan Media Library"
[2024-04-14 22:51:13.208 +00:00] [INF] [27] Emby.Server.Implementations.ScheduledTasks.TaskManager: Queuing task "RefreshMediaLibraryTask"
[2024-04-14 22:51:13.208 +00:00] [INF] [27] Emby.Server.Implementations.ScheduledTasks.TaskManager: Executing "Scan Media Library"
[2024-04-14 22:51:13.209 +00:00] [INF] [10] Emby.Server.Implementations.ScheduledTasks.TaskManager: "Clean Transcode Directory" Completed after 0 minute(s) and 0 seconds
[2024-04-14 22:51:13.209 +00:00] [INF] [26] Emby.Server.Implementations.ScheduledTasks.TaskManager: "Clean Log Directory" Completed after 0 minute(s) and 0 seconds
[2024-04-14 22:51:13.209 +00:00] [INF] [10] Emby.Server.Implementations.ScheduledTasks.TaskManager: ExecuteQueuedTasks
[2024-04-14 22:51:13.209 +00:00] [INF] [26] Emby.Server.Implementations.ScheduledTasks.TaskManager: ExecuteQueuedTasks
[2024-04-14 22:51:13.239 +00:00] [INF] [24] Emby.Server.Implementations.ScheduledTasks.TaskManager: "IntervalTrigger" fired for task: "TasksRefreshChannels"
[2024-04-14 22:51:13.239 +00:00] [INF] [28] Emby.Server.Implementations.ScheduledTasks.TaskManager: "IntervalTrigger" fired for task: "Refresh Guide"
[2024-04-14 22:51:13.239 +00:00] [INF] [28] Emby.Server.Implementations.ScheduledTasks.TaskManager: Queuing task "RefreshGuideScheduledTask"
[2024-04-14 22:51:13.239 +00:00] [INF] [24] Emby.Server.Implementations.ScheduledTasks.TaskManager: Queuing task "RefreshChannelsScheduledTask"
[2024-04-14 22:51:13.239 +00:00] [INF] [31] Emby.Server.Implementations.ScheduledTasks.TaskManager: Executing "Refresh Guide"
[2024-04-14 22:51:13.239 +00:00] [INF] [25] Emby.Server.Implementations.ScheduledTasks.TaskManager: Executing "TasksRefreshChannels"
[2024-04-14 22:51:13.241 +00:00] [INF] [15] Emby.Server.Implementations.ScheduledTasks.TaskManager: "Clean Cache Directory" Completed after 0 minute(s) and 0 seconds
[2024-04-14 22:51:13.241 +00:00] [INF] [14] Emby.Server.Implementations.ScheduledTasks.TaskManager: "Download missing subtitles" Completed after 0 minute(s) and 0 seconds
[2024-04-14 22:51:13.241 +00:00] [INF] [14] Emby.Server.Implementations.ScheduledTasks.TaskManager: ExecuteQueuedTasks
[2024-04-14 22:51:13.241 +00:00] [INF] [15] Emby.Server.Implementations.ScheduledTasks.TaskManager: ExecuteQueuedTasks
[2024-04-14 22:51:13.263 +00:00] [INF] [27] Emby.Server.Implementations.IO.LibraryMonitor: Stopping directory watching for path "/data/movies"
[2024-04-14 22:51:13.264 +00:00] [INF] [27] Emby.Server.Implementations.IO.LibraryMonitor: Stopping directory watching for path "/data/shows"
[2024-04-14 22:51:13.267 +00:00] [INF] [27] Emby.Server.Implementations.Library.LibraryManager: Validating media library
[2024-04-14 22:51:13.272 +00:00] [INF] [25] Emby.Server.Implementations.ScheduledTasks.TaskManager: "TasksRefreshChannels" Completed after 0 minute(s) and 0 seconds
[2024-04-14 22:51:13.272 +00:00] [INF] [25] Emby.Server.Implementations.ScheduledTasks.TaskManager: ExecuteQueuedTasks
[2024-04-14 22:51:13.338 +00:00] [INF] [17] Emby.Server.Implementations.ScheduledTasks.Tasks.OptimizeDatabaseTask: jellyfin.db optimized successfully!
[2024-04-14 22:51:13.338 +00:00] [INF] [17] Emby.Server.Implementations.ScheduledTasks.TaskManager: "Optimize database" Completed after 0 minute(s) and 0 seconds
[2024-04-14 22:51:13.339 +00:00] [INF] [17] Emby.Server.Implementations.ScheduledTasks.TaskManager: ExecuteQueuedTasks
[2024-04-14 22:51:13.572 +00:00] [INF] [24] Emby.Server.Implementations.ScheduledTasks.TaskManager: "Update Plugins" Completed after 0 minute(s) and 0 seconds
[2024-04-14 22:51:13.573 +00:00] [INF] [24] Emby.Server.Implementations.ScheduledTasks.TaskManager: ExecuteQueuedTasks
[2024-04-14 22:51:16.395 +00:00] [INF] [22] Emby.Server.Implementations.LiveTv.LiveTvManager: Refreshing guide with 7 days of guide data
[2024-04-14 22:51:16.634 +00:00] [INF] [22] Emby.Server.Implementations.ScheduledTasks.TaskManager: "Refresh Guide" Completed after 0 minute(s) and 3 seconds
[2024-04-14 22:51:16.634 +00:00] [INF] [22] Emby.Server.Implementations.ScheduledTasks.TaskManager: ExecuteQueuedTasks
[2024-04-14 22:51:22.084 +00:00] [INF] [10] Emby.Drawing.ImageProcessor: Creating image collage and saving to "/config/cache/temp/d27a5ba13440412aa8af1cd7cb81e792.png"
[2024-04-14 22:51:22.465 +00:00] [INF] [10] Emby.Drawing.ImageProcessor: Completed creation of image collage and saved to "/config/cache/temp/d27a5ba13440412aa8af1cd7cb81e792.png"
[2024-04-14 22:51:22.602 +00:00] [INF] [25] Emby.Drawing.ImageProcessor: Creating image collage and saving to "/config/cache/temp/4ee67f78f3fd474489d5d07704682fbc.png"
[2024-04-14 22:51:22.950 +00:00] [INF] [25] Emby.Drawing.ImageProcessor: Completed creation of image collage and saved to "/config/cache/temp/4ee67f78f3fd474489d5d07704682fbc.png"
[2024-04-14 22:51:23.131 +00:00] [INF] [25] Emby.Drawing.ImageProcessor: Creating image collage and saving to "/config/cache/temp/f17e8ad0031345b6a5ceea13887c1709.png"
[2024-04-14 22:51:23.369 +00:00] [INF] [25] Emby.Drawing.ImageProcessor: Completed creation of image collage and saved to "/config/cache/temp/f17e8ad0031345b6a5ceea13887c1709.png"
[2024-04-14 22:51:23.453 +00:00] [INF] [25] Emby.Drawing.ImageProcessor: Creating image collage and saving to "/config/cache/temp/91479a1994274ae6a0e4277d547e622b.png"
[2024-04-14 22:51:23.711 +00:00] [INF] [25] Emby.Drawing.ImageProcessor: Completed creation of image collage and saved to "/config/cache/temp/91479a1994274ae6a0e4277d547e622b.png"
[2024-04-14 22:51:23.756 +00:00] [INF] [25] Emby.Drawing.ImageProcessor: Creating image collage and saving to "/config/cache/temp/67c27c0520db4fe78128a4cc3f394fd4.png"
[2024-04-14 22:51:24.130 +00:00] [INF] [25] Emby.Drawing.ImageProcessor: Completed creation of image collage and saved to "/config/cache/temp/67c27c0520db4fe78128a4cc3f394fd4.png"
[2024-04-14 22:51:24.232 +00:00] [INF] [10] Emby.Drawing.ImageProcessor: Creating image collage and saving to "/config/cache/temp/06bc0d9577194cc38976f5e54606771f.png"
[2024-04-14 22:51:24.789 +00:00] [INF] [10] Emby.Drawing.ImageProcessor: Completed creation of image collage and saved to "/config/cache/temp/06bc0d9577194cc38976f5e54606771f.png"
[2024-04-14 22:51:24.874 +00:00] [INF] [10] Emby.Drawing.ImageProcessor: Creating image collage and saving to "/config/cache/temp/ad3a300b77eb4e3d99004bdb92409784.png"
[2024-04-14 22:51:25.048 +00:00] [INF] [10] Emby.Drawing.ImageProcessor: Completed creation of image collage and saved to "/config/cache/temp/ad3a300b77eb4e3d99004bdb92409784.png"
[2024-04-14 22:51:25.146 +00:00] [INF] [26] Emby.Drawing.ImageProcessor: Creating image collage and saving to "/config/cache/temp/42fffee5a9714ea088a3ba80223eb6ff.png"
[2024-04-14 22:51:25.491 +00:00] [INF] [26] Emby.Drawing.ImageProcessor: Completed creation of image collage and saved to "/config/cache/temp/42fffee5a9714ea088a3ba80223eb6ff.png"
[2024-04-14 22:51:25.571 +00:00] [INF] [22] Emby.Drawing.ImageProcessor: Creating image collage and saving to "/config/cache/temp/29902cadbd234869b3b1c5a2e1d11c6e.png"
[2024-04-14 22:51:26.038 +00:00] [INF] [22] Emby.Drawing.ImageProcessor: Completed creation of image collage and saved to "/config/cache/temp/29902cadbd234869b3b1c5a2e1d11c6e.png"
[2024-04-14 22:51:26.137 +00:00] [INF] [26] Emby.Drawing.ImageProcessor: Creating image collage and saving to "/config/cache/temp/f5a66a292d72491895856f20b6a96999.png"
[2024-04-14 22:51:26.820 +00:00] [INF] [26] Emby.Drawing.ImageProcessor: Completed creation of image collage and saved to "/config/cache/temp/f5a66a292d72491895856f20b6a96999.png"
[2024-04-14 22:51:26.960 +00:00] [INF] [29] Emby.Drawing.ImageProcessor: Creating image collage and saving to "/config/cache/temp/870efa777b3f4a6e97b20fc62246754c.png"
[2024-04-14 22:51:27.418 +00:00] [INF] [29] Emby.Drawing.ImageProcessor: Completed creation of image collage and saved to "/config/cache/temp/870efa777b3f4a6e97b20fc62246754c.png"
[2024-04-14 22:51:27.538 +00:00] [INF] [29] Emby.Drawing.ImageProcessor: Creating image collage and saving to "/config/cache/temp/8c91889a99544817b3678ce2cb80eb76.png"
[2024-04-14 22:51:27.960 +00:00] [INF] [29] Emby.Drawing.ImageProcessor: Completed creation of image collage and saved to "/config/cache/temp/8c91889a99544817b3678ce2cb80eb76.png"
[2024-04-14 22:51:28.782 +00:00] [INF] [13] Emby.Server.Implementations.Library.LibraryManager: People validation complete
[2024-04-14 22:51:28.782 +00:00] [INF] [13] Emby.Server.Implementations.ScheduledTasks.TaskManager: "Refresh People" Completed after 0 minute(s) and 15 seconds
[2024-04-14 22:51:28.783 +00:00] [INF] [13] Emby.Server.Implementations.ScheduledTasks.TaskManager: ExecuteQueuedTasks
[2024-04-14 22:51:28.885 +00:00] [INF] [26] Emby.Server.Implementations.ScheduledTasks.TaskManager: "Scan Media Library" Completed after 0 minute(s) and 15 seconds
[2024-04-14 22:51:28.886 +00:00] [INF] [26] Emby.Server.Implementations.ScheduledTasks.TaskManager: ExecuteQueuedTasks
[2024-04-14 22:51:28.900 +00:00] [INF] [17] Emby.Server.Implementations.IO.LibraryMonitor: Watching directory "/data/shows"
[2024-04-14 22:51:28.901 +00:00] [INF] [13] Emby.Server.Implementations.IO.LibraryMonitor: Watching directory "/data/movies"
[2024-04-14 22:51:45.295 +00:00] [ERR] [21] Jellyfin.Server.Implementations.Users.UserManager: Error authenticating with provider "Default"
MediaBrowser.Controller.Authentication.AuthenticationException: Invalid username or password
   at Jellyfin.Server.Implementations.Users.DefaultAuthenticationProvider.Authenticate(String username, String password, User resolvedUser)
   at Jellyfin.Server.Implementations.Users.UserManager.AuthenticateWithProvider(IAuthenticationProvider provider, String username, String password, User resolvedUser)
[2024-04-14 22:51:45.490 +00:00] [INF] [21] Jellyfin.Server.Implementations.Users.UserManager: Authentication request for "JellyUser" has been denied (IP: "172.17.0.1").
[2024-04-14 22:51:45.492 +00:00] [ERR] [21] Jellyfin.Server.Middleware.ExceptionMiddleware: Error processing request: "Invalid username or password entered". URL "POST" "/Users/authenticatebyname".
[2024-04-14 22:51:47.947 +00:00] [INF] [13] Jellyfin.Server.Implementations.Users.UserManager: Authentication request for "JellyUser" has succeeded.
[2024-04-14 22:51:47.948 +00:00] [INF] [13] Emby.Server.Implementations.Session.SessionManager: Current/Max sessions for user "JellyUser": 0/0
[2024-04-14 22:51:47.994 +00:00] [INF] [13] Emby.Server.Implementations.Session.SessionManager: Creating new access token for user 32f97b31-f402-48fb-af21-7370a6f48bc9
[2024-04-14 22:51:48.182 +00:00] [INF] [22] Emby.Server.Implementations.HttpServer.WebSocketManager: WS "172.17.0.1" request
[2024-04-14 22:51:54.944 +00:00] [INF] [22] Emby.Server.Implementations.HttpServer.WebSocketManager: WS "172.17.0.1" closed
[2024-04-14 22:54:50.396 +00:00] [INF] [2] Main: Received a SIGTERM signal, shutting down
[2024-04-14 22:54:50.397 +00:00] [INF] [2] Main: Running query planner optimizations in the database... This might take a while
[2024-04-14 22:54:50.403 +00:00] [INF] [2] Emby.Server.Implementations.ApplicationHost: Disposing "CoreAppHost"
[2024-04-14 22:54:50.403 +00:00] [INF] [2] Emby.Server.Implementations.ApplicationHost: Disposing "DeviceAccessEntryPoint"
[2024-04-14 22:54:50.403 +00:00] [INF] [2] Emby.Server.Implementations.ApplicationHost: Disposing "LibraryMonitorStartup"
[2024-04-14 22:54:50.404 +00:00] [INF] [2] Emby.Server.Implementations.ApplicationHost: Disposing "DlnaEntryPoint"
[2024-04-14 22:54:50.404 +00:00] [INF] [2] Emby.Dlna.Main.DlnaEntryPoint: Disposing PlayToManager
[2024-04-14 22:54:50.405 +00:00] [INF] [2] Emby.Dlna.Main.DlnaEntryPoint: Disposing DeviceDiscovery
[2024-04-14 22:54:50.405 +00:00] [INF] [2] Emby.Dlna.Main.DlnaEntryPoint: Disposing SsdpCommunicationsServer
[2024-04-14 22:54:50.406 +00:00] [INF] [2] Emby.Dlna.Main.DlnaEntryPoint: "SsdpCommunicationsServer" disposing _BroadcastListenSocket
[2024-04-14 22:54:50.407 +00:00] [INF] [2] Emby.Dlna.Main.DlnaEntryPoint: "SsdpCommunicationsServer" Disposing 3 sendSockets
[2024-04-14 22:54:50.407 +00:00] [INF] [2] Emby.Dlna.Main.DlnaEntryPoint: "SsdpCommunicationsServer" disposing sendSocket from "0.0.0.0"
[2024-04-14 22:54:50.407 +00:00] [INF] [2] Emby.Dlna.Main.DlnaEntryPoint: "SsdpCommunicationsServer" disposing sendSocket from "172.17.0.3"
[2024-04-14 22:54:50.407 +00:00] [INF] [2] Emby.Dlna.Main.DlnaEntryPoint: "SsdpCommunicationsServer" disposing sendSocket from "127.0.0.1"
[2024-04-14 22:54:50.407 +00:00] [INF] [2] Emby.Server.Implementations.ApplicationHost: Disposing "LibraryChangedNotifier"
[2024-04-14 22:54:50.408 +00:00] [INF] [2] Emby.Server.Implementations.ApplicationHost: Disposing "RecordingNotifier"
[2024-04-14 22:54:50.410 +00:00] [INF] [2] Emby.Server.Implementations.ApplicationHost: Disposing "UdpServerEntryPoint"
[2024-04-14 22:54:50.410 +00:00] [INF] [2] Emby.Server.Implementations.ApplicationHost: Disposing "EntryPoint"
[2024-04-14 22:54:50.410 +00:00] [INF] [2] Emby.Server.Implementations.ApplicationHost: Disposing "MusicBrainzAlbumProvider"
[2024-04-14 22:54:50.410 +00:00] [INF] [2] Emby.Server.Implementations.ApplicationHost: Disposing "EntryPoint"
[2024-04-14 22:54:50.411 +00:00] [INF] [2] Emby.Server.Implementations.ApplicationHost: Disposing "ExternalPortForwarding"
[2024-04-14 22:54:50.411 +00:00] [INF] [2] Emby.Server.Implementations.EntryPoints.ExternalPortForwarding: Stopping NAT discovery
[2024-04-14 22:54:50.414 +00:00] [INF] [2] Emby.Server.Implementations.ApplicationHost: Disposing "UserDataChangeNotifier"
[2024-04-14 22:54:50.414 +00:00] [INF] [2] Emby.Server.Implementations.ApplicationHost: Disposing "SchedulesDirect"
[2024-04-14 22:54:50.415 +00:00] [INF] [2] Emby.Server.Implementations.ApplicationHost: Disposing "EmbyTV"
[2024-04-14 22:54:50.415 +00:00] [INF] [2] Emby.Server.Implementations.ApplicationHost: Disposing "NotificationEntryPoint"
