Jan 03, 2024 03:26:08.494 [140666005728000] INFO - Plex Media Scanner v1.32.7.7621-871adbd44 - Docker Docker Container (LinuxServer.io) x86_64 - build: linux-x86_64 - GMT 00:00
Jan 03, 2024 03:26:08.494 [140666005728000] INFO - Linux version: 6.7.0-rc5, language: en-US
Jan 03, 2024 03:26:08.494 [140666005728000] INFO - Processor: 32-core AMD Ryzen 9 5950X 16-Core Processor            
Jan 03, 2024 03:26:08.494 [140666005728000] INFO - /usr/lib/plexmediaserver/Plex Media Scanner --analyze --log-file-suffix  Analysis --no-thumbs --item 107,108,109
Jan 03, 2024 03:26:08.494 [140666006231872] DEBUG - Opening 20 database sessions to library (com.plexapp.plugins.library), SQLite 3.39.4, threadsafe=1
Jan 03, 2024 03:26:08.545 [140666006231872] DEBUG - Analyzing media parts for item 107 (ROMANCE DAWN): 177
Jan 03, 2024 03:26:08.545 [140666006231872] DEBUG - Computing hash for a tiny file, only using first block.
Jan 03, 2024 03:26:08.545 [140666006231872] DEBUG - [ID 177] Media part analysis: /tvshows/ONE PIECE (2023) {tvdb-392276} {imdb-tt11737520}/Season 1/S01E01.mkv
Jan 03, 2024 03:26:08.545 [140666006231872] DEBUG - [MI] Opening input file: "/tvshows/ONE PIECE (2023) {tvdb-392276} {imdb-tt11737520}/Season 1/S01E01.mkv"
Jan 03, 2024 03:26:08.545 [140666006231872] DEBUG - [FFMPEG] - Opening '/tvshows/ONE PIECE (2023) {tvdb-392276} {imdb-tt11737520}/Season 1/S01E01.mkv' for reading
Jan 03, 2024 03:26:08.545 [140666006231872] DEBUG - [FFMPEG] - Setting default whitelist 'file,crypto,data'
Jan 03, 2024 03:26:08.545 [140666006231872] DEBUG - [FFMPEG] - Format matroska,webm probed with size=2048 and score=100
Jan 03, 2024 03:26:08.545 [140666006231872] DEBUG - [FFMPEG] - st:0 removing common factor 1000000 from timebase
Jan 03, 2024 03:26:08.546 [140666006231872] DEBUG - [FFMPEG] - Before avformat_find_stream_info() pos: 570 bytes read:16803 seeks:0 nb_streams:1
Jan 03, 2024 03:26:08.546 [140666006231872] DEBUG - [FFMPEG] - nal_unit_type: 7(SPS), nal_ref_idc: 3
Jan 03, 2024 03:26:08.546 [140666006231872] DEBUG - [FFMPEG] - nal_unit_type: 8(PPS), nal_ref_idc: 3
Jan 03, 2024 03:26:08.546 [140666006231872] DEBUG - [FFMPEG] - nal_unit_type: 7(SPS), nal_ref_idc: 3
Jan 03, 2024 03:26:08.546 [140666006231872] DEBUG - [FFMPEG] - nal_unit_type: 8(PPS), nal_ref_idc: 3
Jan 03, 2024 03:26:08.546 [140666006231872] DEBUG - [FFMPEG] - nal_unit_type: 6(SEI), nal_ref_idc: 0
Jan 03, 2024 03:26:08.546 [140666006231872] DEBUG - [FFMPEG] - nal_unit_type: 5(IDR), nal_ref_idc: 3
Jan 03, 2024 03:26:08.546 [140666006231872] DEBUG - [FFMPEG] - Format yuv420p chosen by get_format().
Jan 03, 2024 03:26:08.546 [140666006231872] DEBUG - [FFMPEG] - no picture 
Jan 03, 2024 03:26:08.546 [140666006231872] DEBUG - [FFMPEG] - nal_unit_type: 1(Coded slice of a non-IDR picture), nal_ref_idc: 2
Jan 03, 2024 03:26:08.546 [140666006231872] DEBUG - [FFMPEG] - no picture 
Jan 03, 2024 03:26:08.546 [140666006231872] DEBUG - [FFMPEG] - nal_unit_type: 1(Coded slice of a non-IDR picture), nal_ref_idc: 2
Jan 03, 2024 03:26:08.546 [140666006231872] DEBUG - [FFMPEG] - nal_unit_type: 1(Coded slice of a non-IDR picture), nal_ref_idc: 0
Jan 03, 2024 03:26:08.546 [140666006231872] DEBUG - [FFMPEG] - nal_unit_type: 1(Coded slice of a non-IDR picture), nal_ref_idc: 0
Jan 03, 2024 03:26:08.546 [140666006231872] DEBUG - [FFMPEG] - nal_unit_type: 1(Coded slice of a non-IDR picture), nal_ref_idc: 2
Jan 03, 2024 03:26:08.546 [140666006231872] DEBUG - [FFMPEG] - nal_unit_type: 1(Coded slice of a non-IDR picture), nal_ref_idc: 2
Jan 03, 2024 03:26:08.546 [140666006231872] DEBUG - [FFMPEG] - nal_unit_type: 1(Coded slice of a non-IDR picture), nal_ref_idc: 0
Jan 03, 2024 03:26:08.547 [140666006231872] DEBUG - [FFMPEG] - nal_unit_type: 1(Coded slice of a non-IDR picture), nal_ref_idc: 0
Jan 03, 2024 03:26:08.547 [140666006231872] DEBUG - [FFMPEG] - first_dts 7000 not matching first dts NOPTS (pts 0, duration 1000) in the queue
Jan 03, 2024 03:26:08.547 [140666006231872] DEBUG - [FFMPEG] - rfps: 1.000000 0.000000
Jan 03, 2024 03:26:08.547 [140666006231872] DEBUG - [FFMPEG] - rfps: 2.000000 0.000000
Jan 03, 2024 03:26:08.547 [140666006231872] DEBUG - [FFMPEG] - rfps: 2.000000 0.000000
Jan 03, 2024 03:26:08.547 [140666006231872] DEBUG - [FFMPEG] - rfps: 3.000000 0.000000
Jan 03, 2024 03:26:08.547 [140666006231872] DEBUG - [FFMPEG] - rfps: 4.000000 0.000000
Jan 03, 2024 03:26:08.547 [140666006231872] DEBUG - [FFMPEG] - rfps: 4.000000 0.000000
Jan 03, 2024 03:26:08.547 [140666006231872] DEBUG - [FFMPEG] - rfps: 5.000000 0.000000
Jan 03, 2024 03:26:08.547 [140666006231872] DEBUG - [FFMPEG] - rfps: 6.000000 0.000000
Jan 03, 2024 03:26:08.547 [140666006231872] DEBUG - [FFMPEG] - rfps: 6.000000 0.000000
Jan 03, 2024 03:26:08.547 [140666006231872] DEBUG - [FFMPEG] - rfps: 7.000000 0.000000
Jan 03, 2024 03:26:08.547 [140666006231872] DEBUG - [FFMPEG] - rfps: 8.000000 0.000000
Jan 03, 2024 03:26:08.547 [140666006231872] DEBUG - [FFMPEG] - rfps: 8.000000 0.000000
Jan 03, 2024 03:26:08.547 [140666006231872] DEBUG - [FFMPEG] - rfps: 9.000000 0.000000
Jan 03, 2024 03:26:08.547 [140666006231872] DEBUG - [FFMPEG] - rfps: 10.000000 0.000000
Jan 03, 2024 03:26:08.547 [140666006231872] DEBUG - [FFMPEG] - rfps: 10.000000 0.000000
Jan 03, 2024 03:26:08.547 [140666006231872] DEBUG - [FFMPEG] - rfps: 11.000000 0.000000
Jan 03, 2024 03:26:08.547 [140666006231872] DEBUG - [FFMPEG] - rfps: 12.000000 0.000000
Jan 03, 2024 03:26:08.547 [140666006231872] DEBUG - [FFMPEG] - rfps: 12.000000 0.000000
Jan 03, 2024 03:26:08.547 [140666006231872] DEBUG - [FFMPEG] - rfps: 13.000000 0.000000
Jan 03, 2024 03:26:08.547 [140666006231872] DEBUG - [FFMPEG] - rfps: 14.000000 0.000000
Jan 03, 2024 03:26:08.547 [140666006231872] DEBUG - [FFMPEG] - rfps: 14.000000 0.000000
Jan 03, 2024 03:26:08.547 [140666006231872] DEBUG - [FFMPEG] - rfps: 15.000000 0.000000
Jan 03, 2024 03:26:08.547 [140666006231872] DEBUG - [FFMPEG] - rfps: 16.000000 0.000000
Jan 03, 2024 03:26:08.547 [140666006231872] DEBUG - [FFMPEG] - rfps: 16.000000 0.000000
Jan 03, 2024 03:26:08.547 [140666006231872] DEBUG - [FFMPEG] - rfps: 17.000000 0.000000
Jan 03, 2024 03:26:08.547 [140666006231872] DEBUG - [FFMPEG] - rfps: 18.000000 0.000000
Jan 03, 2024 03:26:08.547 [140666006231872] DEBUG - [FFMPEG] - rfps: 18.000000 0.000000
Jan 03, 2024 03:26:08.547 [140666006231872] DEBUG - [FFMPEG] - rfps: 19.000000 0.000000
Jan 03, 2024 03:26:08.547 [140666006231872] DEBUG - [FFMPEG] - rfps: 20.000000 0.000000
Jan 03, 2024 03:26:08.547 [140666006231872] DEBUG - [FFMPEG] - rfps: 20.000000 0.000000
Jan 03, 2024 03:26:08.547 [140666006231872] DEBUG - [FFMPEG] - rfps: 21.000000 0.000000
Jan 03, 2024 03:26:08.547 [140666006231872] DEBUG - [FFMPEG] - rfps: 22.000000 0.000000
Jan 03, 2024 03:26:08.547 [140666006231872] DEBUG - [FFMPEG] - rfps: 22.000000 0.000000
Jan 03, 2024 03:26:08.547 [140666006231872] DEBUG - [FFMPEG] - rfps: 23.000000 0.000000
Jan 03, 2024 03:26:08.547 [140666006231872] DEBUG - [FFMPEG] - rfps: 24.000000 0.000000
Jan 03, 2024 03:26:08.547 [140666006231872] DEBUG - [FFMPEG] - rfps: 24.000000 0.000000
Jan 03, 2024 03:26:08.547 [140666006231872] DEBUG - [FFMPEG] - rfps: 25.000000 0.000000
Jan 03, 2024 03:26:08.547 [140666006231872] DEBUG - [FFMPEG] - rfps: 26.000000 0.000000
Jan 03, 2024 03:26:08.547 [140666006231872] DEBUG - [FFMPEG] - rfps: 26.000000 0.000000
Jan 03, 2024 03:26:08.547 [140666006231872] DEBUG - [FFMPEG] - rfps: 27.000000 0.000000
Jan 03, 2024 03:26:08.547 [140666006231872] DEBUG - [FFMPEG] - rfps: 28.000000 0.000000
Jan 03, 2024 03:26:08.547 [140666006231872] DEBUG - [FFMPEG] - rfps: 28.000000 0.000000
Jan 03, 2024 03:26:08.547 [140666006231872] DEBUG - [FFMPEG] - rfps: 29.000000 0.000000
Jan 03, 2024 03:26:08.547 [140666006231872] DEBUG - [FFMPEG] - rfps: 30.000000 0.000000
Jan 03, 2024 03:26:08.547 [140666006231872] DEBUG - [FFMPEG] - rfps: 30.000000 0.000000
Jan 03, 2024 03:26:08.547 [140666006231872] DEBUG - [FFMPEG] - rfps: 31.000000 0.000000
Jan 03, 2024 03:26:08.547 [140666006231872] DEBUG - [FFMPEG] - rfps: 32.000000 0.000000
Jan 03, 2024 03:26:08.547 [140666006231872] DEBUG - [FFMPEG] - rfps: 32.000000 0.000000
Jan 03, 2024 03:26:08.547 [140666006231872] DEBUG - [FFMPEG] - rfps: 33.000000 0.000000
Jan 03, 2024 03:26:08.547 [140666006231872] DEBUG - [FFMPEG] - rfps: 34.000000 0.000000
Jan 03, 2024 03:26:08.547 [140666006231872] DEBUG - [FFMPEG] - rfps: 34.000000 0.000000
Jan 03, 2024 03:26:08.547 [140666006231872] DEBUG - [FFMPEG] - rfps: 35.000000 0.000000
Jan 03, 2024 03:26:08.547 [140666006231872] DEBUG - [FFMPEG] - rfps: 36.000000 0.000000
Jan 03, 2024 03:26:08.547 [140666006231872] DEBUG - [FFMPEG] - rfps: 36.000000 0.000000
Jan 03, 2024 03:26:08.547 [140666006231872] DEBUG - [FFMPEG] - rfps: 37.000000 0.000000
Jan 03, 2024 03:26:08.547 [140666006231872] DEBUG - [FFMPEG] - rfps: 38.000000 0.000000
Jan 03, 2024 03:26:08.547 [140666006231872] DEBUG - [FFMPEG] - rfps: 38.000000 0.000000
Jan 03, 2024 03:26:08.547 [140666006231872] DEBUG - [FFMPEG] - rfps: 39.000000 0.000000
Jan 03, 2024 03:26:08.547 [140666006231872] DEBUG - [FFMPEG] - rfps: 40.000000 0.000000
Jan 03, 2024 03:26:08.547 [140666006231872] DEBUG - [FFMPEG] - rfps: 40.000000 0.000000
Jan 03, 2024 03:26:08.547 [140666006231872] DEBUG - [FFMPEG] - rfps: 41.000000 0.000000
Jan 03, 2024 03:26:08.547 [140666006231872] DEBUG - [FFMPEG] - rfps: 42.000000 0.000000
Jan 03, 2024 03:26:08.547 [140666006231872] DEBUG - [FFMPEG] - rfps: 42.000000 0.000000
Jan 03, 2024 03:26:08.547 [140666006231872] DEBUG - [FFMPEG] - rfps: 43.000000 0.000000
Jan 03, 2024 03:26:08.547 [140666006231872] DEBUG - [FFMPEG] - rfps: 44.000000 0.000000
Jan 03, 2024 03:26:08.547 [140666006231872] DEBUG - [FFMPEG] - rfps: 44.000000 0.000000
Jan 03, 2024 03:26:08.547 [140666006231872] DEBUG - [FFMPEG] - rfps: 45.000000 0.000000
Jan 03, 2024 03:26:08.547 [140666006231872] DEBUG - [FFMPEG] - rfps: 46.000000 0.000000
Jan 03, 2024 03:26:08.547 [140666006231872] DEBUG - [FFMPEG] - rfps: 46.000000 0.000000
Jan 03, 2024 03:26:08.547 [140666006231872] DEBUG - [FFMPEG] - rfps: 47.000000 0.000000
Jan 03, 2024 03:26:08.547 [140666006231872] DEBUG - [FFMPEG] - rfps: 48.000000 0.000000
Jan 03, 2024 03:26:08.547 [140666006231872] DEBUG - [FFMPEG] - rfps: 48.000000 0.000000
Jan 03, 2024 03:26:08.547 [140666006231872] DEBUG - [FFMPEG] - rfps: 49.000000 0.000000
Jan 03, 2024 03:26:08.547 [140666006231872] DEBUG - [FFMPEG] - rfps: 50.000000 0.000000
Jan 03, 2024 03:26:08.547 [140666006231872] DEBUG - [FFMPEG] - rfps: 50.000000 0.000000
Jan 03, 2024 03:26:08.547 [140666006231872] DEBUG - [FFMPEG] - rfps: 51.000000 0.000000
Jan 03, 2024 03:26:08.547 [140666006231872] DEBUG - [FFMPEG] - rfps: 52.000000 0.000000
Jan 03, 2024 03:26:08.547 [140666006231872] DEBUG - [FFMPEG] - rfps: 52.000000 0.000000
Jan 03, 2024 03:26:08.547 [140666006231872] DEBUG - [FFMPEG] - rfps: 53.000000 0.000000
Jan 03, 2024 03:26:08.547 [140666006231872] DEBUG - [FFMPEG] - rfps: 54.000000 0.000000
Jan 03, 2024 03:26:08.547 [140666006231872] DEBUG - [FFMPEG] - rfps: 54.000000 0.000000
Jan 03, 2024 03:26:08.547 [140666006231872] DEBUG - [FFMPEG] - rfps: 55.000000 0.000000
Jan 03, 2024 03:26:08.547 [140666006231872] DEBUG - [FFMPEG] - rfps: 56.000000 0.000000
Jan 03, 2024 03:26:08.547 [140666006231872] DEBUG - [FFMPEG] - rfps: 56.000000 0.000000
Jan 03, 2024 03:26:08.547 [140666006231872] DEBUG - [FFMPEG] - rfps: 57.000000 0.000000
Jan 03, 2024 03:26:08.547 [140666006231872] DEBUG - [FFMPEG] - rfps: 58.000000 0.000000
Jan 03, 2024 03:26:08.547 [140666006231872] DEBUG - [FFMPEG] - rfps: 58.000000 0.000000
Jan 03, 2024 03:26:08.547 [140666006231872] DEBUG - [FFMPEG] - rfps: 59.000000 0.000000
Jan 03, 2024 03:26:08.547 [140666006231872] DEBUG - [FFMPEG] - rfps: 60.000000 0.000000
Jan 03, 2024 03:26:08.547 [140666006231872] DEBUG - [FFMPEG] - rfps: 60.000000 0.000000
Jan 03, 2024 03:26:08.547 [140666006231872] DEBUG - [FFMPEG] - rfps: 80.000000 0.000000
Jan 03, 2024 03:26:08.547 [140666006231872] DEBUG - [FFMPEG] - rfps: 80.000000 0.000000
Jan 03, 2024 03:26:08.547 [140666006231872] DEBUG - [FFMPEG] - rfps: 120.000000 0.000000
Jan 03, 2024 03:26:08.547 [140666006231872] DEBUG - [FFMPEG] - rfps: 120.000000 0.000000
Jan 03, 2024 03:26:08.547 [140666006231872] DEBUG - [FFMPEG] - rfps: 240.000000 0.000000
Jan 03, 2024 03:26:08.547 [140666006231872] DEBUG - [FFMPEG] - rfps: 240.000000 0.000000
Jan 03, 2024 03:26:08.547 [140666006231872] DEBUG - [FFMPEG] - rfps: 23.976024 0.004743
Jan 03, 2024 03:26:08.547 [140666006231872] DEBUG - [FFMPEG] - rfps: 23.976024 0.004743
Jan 03, 2024 03:26:08.547 [140666006231872] DEBUG - [FFMPEG] - rfps: 29.970030 0.007410
Jan 03, 2024 03:26:08.547 [140666006231872] DEBUG - [FFMPEG] - rfps: 11.988012 0.001186
Jan 03, 2024 03:26:08.547 [140666006231872] DEBUG - [FFMPEG] - rfps: 11.988012 0.001186
Jan 03, 2024 03:26:08.547 [140666006231872] DEBUG - [FFMPEG] - rfps: 14.985015 0.001853
Jan 03, 2024 03:26:08.547 [140666006231872] DEBUG - [FFMPEG] - rfps: 14.985015 0.001853
Jan 03, 2024 03:26:08.547 [140666006231872] DEBUG - [FFMPEG] - rfps: 47.952048 0.018970
Jan 03, 2024 03:26:08.547 [140666006231872] DEBUG - [FFMPEG] - After avformat_find_stream_info() pos: 1810 bytes read:16803 seeks:0 frames:20
Jan 03, 2024 03:26:08.547 [140666006231872] DEBUG - [MI]  * 16803121abc9baceaf75389e80a162ae96c4e12ac14d5 [mkv h264/] Duration: 601000ms, 128x96 (1.333333) 1.000fps, bitrate=0kbps, audio channels=0, optimizedForStreaming=0 ("/tvshows/ONE PIECE (2023) {tvdb-392276} {imdb-tt11737520}/Season 1/S01E01.mkv")
Jan 03, 2024 03:26:08.547 [140666006231872] DEBUG - [MI] Chapters had generic titles, clearing.
Jan 03, 2024 03:26:08.547 [140666006231872] DEBUG - [MI] Closing input file: "/tvshows/ONE PIECE (2023) {tvdb-392276} {imdb-tt11737520}/Season 1/S01E01.mkv"
Jan 03, 2024 03:26:08.547 [140666006231872] DEBUG - Committing media stream changes for part 177
Jan 03, 2024 03:26:08.548 [140666006231872] DEBUG - Updating media item 177, size=16803, metadata_item_id=107
Jan 03, 2024 03:26:08.548 [140666006231872] DEBUG - Updating part with ID=177 [/tvshows/ONE PIECE (2023) {tvdb-392276} {imdb-tt11737520}/Season 1/S01E01.mkv]
Jan 03, 2024 03:26:08.548 [140665988279040] DEBUG - [HCl#1] HTTP requesting GET http://127.0.0.1:32400/:/metadata/notify/changeItemState?librarySectionID=3&metadataItemID=107&metadataType=4&state=-1&parentID=-1&rootID=-1&mediaState=analyzing
Jan 03, 2024 03:26:08.549 [140665987754752] DEBUG - [HttpClient/HCl#1] HTTP/1.1 (0.0s) 200 response from GET http://127.0.0.1:32400/:/metadata/notify/changeItemState?librarySectionID=3&metadataItemID=107&metadataType=4&state=-1&parentID=-1&rootID=-1&mediaState=analyzing
Jan 03, 2024 03:26:08.549 [140666006231872] DEBUG - Downloading document http://127.0.0.1:32400/library/changestamp
Jan 03, 2024 03:26:08.549 [140665988279040] DEBUG - [HCl#2] HTTP requesting GET http://127.0.0.1:32400/:/metadata/notify/changeItemState?librarySectionID=3&metadataItemID=107&metadataType=4&state=-1&parentID=-1&rootID=-1&mediaState=idle
Jan 03, 2024 03:26:08.549 [140666006231872] DEBUG - [HCl#3] HTTP requesting GET http://127.0.0.1:32400/library/changestamp
Jan 03, 2024 03:26:08.549 [140665987754752] DEBUG - [HttpClient/HCl#2] HTTP/1.1 (0.0s) 200 response from GET http://127.0.0.1:32400/:/metadata/notify/changeItemState?librarySectionID=3&metadataItemID=107&metadataType=4&state=-1&parentID=-1&rootID=-1&mediaState=idle (reused)
Jan 03, 2024 03:26:08.550 [140665987754752] DEBUG - [HttpClient/HCl#3] HTTP/1.1 (0.0s) 200 response from GET http://127.0.0.1:32400/library/changestamp
Jan 03, 2024 03:26:08.550 [140666006231872] DEBUG - Updating metadata item (save) (ROMANCE DAWN) with ID 107
Jan 03, 2024 03:26:08.551 [140665988279040] DEBUG - [HCl#4] HTTP requesting GET http://127.0.0.1:32400/:/metadata/flushMetadataCounterCache?metadataItemID=105
Jan 03, 2024 03:26:08.551 [140665987754752] DEBUG - [HttpClient/HCl#4] HTTP/1.1 (0.0s) 200 response from GET http://127.0.0.1:32400/:/metadata/flushMetadataCounterCache?metadataItemID=105 (reused)
Jan 03, 2024 03:26:08.552 [140666006231872] DEBUG - Analyzing media parts for item 108 (THE MAN IN THE STRAW HAT): 178
Jan 03, 2024 03:26:08.552 [140666006231872] DEBUG - Computing hash for a tiny file, only using first block.
Jan 03, 2024 03:26:08.552 [140666006231872] DEBUG - [ID 178] Media part analysis: /tvshows/ONE PIECE (2023) {tvdb-392276} {imdb-tt11737520}/Season 1/S01E02.mkv
Jan 03, 2024 03:26:08.552 [140666006231872] DEBUG - [MI] Opening input file: "/tvshows/ONE PIECE (2023) {tvdb-392276} {imdb-tt11737520}/Season 1/S01E02.mkv"
Jan 03, 2024 03:26:08.552 [140666006231872] DEBUG - [FFMPEG] - Opening '/tvshows/ONE PIECE (2023) {tvdb-392276} {imdb-tt11737520}/Season 1/S01E02.mkv' for reading
Jan 03, 2024 03:26:08.552 [140666006231872] DEBUG - [FFMPEG] - Setting default whitelist 'file,crypto,data'
Jan 03, 2024 03:26:08.552 [140666006231872] DEBUG - [FFMPEG] - Format matroska,webm probed with size=2048 and score=100
Jan 03, 2024 03:26:08.552 [140666006231872] DEBUG - [FFMPEG] - st:0 removing common factor 1000000 from timebase
Jan 03, 2024 03:26:08.552 [140666006231872] DEBUG - [FFMPEG] - Before avformat_find_stream_info() pos: 570 bytes read:16803 seeks:0 nb_streams:1
Jan 03, 2024 03:26:08.552 [140666006231872] DEBUG - [FFMPEG] - nal_unit_type: 7(SPS), nal_ref_idc: 3
Jan 03, 2024 03:26:08.552 [140666006231872] DEBUG - [FFMPEG] - nal_unit_type: 8(PPS), nal_ref_idc: 3
Jan 03, 2024 03:26:08.553 [140666006231872] DEBUG - [FFMPEG] - nal_unit_type: 7(SPS), nal_ref_idc: 3
Jan 03, 2024 03:26:08.553 [140666006231872] DEBUG - [FFMPEG] - nal_unit_type: 8(PPS), nal_ref_idc: 3
Jan 03, 2024 03:26:08.553 [140666006231872] DEBUG - [FFMPEG] - nal_unit_type: 6(SEI), nal_ref_idc: 0
Jan 03, 2024 03:26:08.553 [140666006231872] DEBUG - [FFMPEG] - nal_unit_type: 5(IDR), nal_ref_idc: 3
Jan 03, 2024 03:26:08.553 [140666006231872] DEBUG - [FFMPEG] - Format yuv420p chosen by get_format().
Jan 03, 2024 03:26:08.553 [140666006231872] DEBUG - [FFMPEG] - no picture 
Jan 03, 2024 03:26:08.553 [140666006231872] DEBUG - [FFMPEG] - nal_unit_type: 1(Coded slice of a non-IDR picture), nal_ref_idc: 2
Jan 03, 2024 03:26:08.553 [140666006231872] DEBUG - [FFMPEG] - no picture 
Jan 03, 2024 03:26:08.553 [140666006231872] DEBUG - [FFMPEG] - nal_unit_type: 1(Coded slice of a non-IDR picture), nal_ref_idc: 2
Jan 03, 2024 03:26:08.553 [140666006231872] DEBUG - [FFMPEG] - nal_unit_type: 1(Coded slice of a non-IDR picture), nal_ref_idc: 0
Jan 03, 2024 03:26:08.553 [140666006231872] DEBUG - [FFMPEG] - nal_unit_type: 1(Coded slice of a non-IDR picture), nal_ref_idc: 0
Jan 03, 2024 03:26:08.553 [140666006231872] DEBUG - [FFMPEG] - nal_unit_type: 1(Coded slice of a non-IDR picture), nal_ref_idc: 2
Jan 03, 2024 03:26:08.553 [140666006231872] DEBUG - [FFMPEG] - nal_unit_type: 1(Coded slice of a non-IDR picture), nal_ref_idc: 2
Jan 03, 2024 03:26:08.553 [140666006231872] DEBUG - [FFMPEG] - nal_unit_type: 1(Coded slice of a non-IDR picture), nal_ref_idc: 0
Jan 03, 2024 03:26:08.553 [140666006231872] DEBUG - [FFMPEG] - nal_unit_type: 1(Coded slice of a non-IDR picture), nal_ref_idc: 0
Jan 03, 2024 03:26:08.553 [140666006231872] DEBUG - [FFMPEG] - first_dts 7000 not matching first dts NOPTS (pts 0, duration 1000) in the queue
Jan 03, 2024 03:26:08.553 [140666006231872] DEBUG - [FFMPEG] - rfps: 1.000000 0.000000
Jan 03, 2024 03:26:08.553 [140666006231872] DEBUG - [FFMPEG] - rfps: 2.000000 0.000000
Jan 03, 2024 03:26:08.553 [140666006231872] DEBUG - [FFMPEG] - rfps: 2.000000 0.000000
Jan 03, 2024 03:26:08.553 [140666006231872] DEBUG - [FFMPEG] - rfps: 3.000000 0.000000
Jan 03, 2024 03:26:08.553 [140666006231872] DEBUG - [FFMPEG] - rfps: 4.000000 0.000000
Jan 03, 2024 03:26:08.553 [140666006231872] DEBUG - [FFMPEG] - rfps: 4.000000 0.000000
Jan 03, 2024 03:26:08.553 [140666006231872] DEBUG - [FFMPEG] - rfps: 5.000000 0.000000
Jan 03, 2024 03:26:08.553 [140666006231872] DEBUG - [FFMPEG] - rfps: 6.000000 0.000000
Jan 03, 2024 03:26:08.553 [140666006231872] DEBUG - [FFMPEG] - rfps: 6.000000 0.000000
Jan 03, 2024 03:26:08.553 [140666006231872] DEBUG - [FFMPEG] - rfps: 7.000000 0.000000
Jan 03, 2024 03:26:08.553 [140666006231872] DEBUG - [FFMPEG] - rfps: 8.000000 0.000000
Jan 03, 2024 03:26:08.553 [140666006231872] DEBUG - [FFMPEG] - rfps: 8.000000 0.000000
Jan 03, 2024 03:26:08.553 [140666006231872] DEBUG - [FFMPEG] - rfps: 9.000000 0.000000
Jan 03, 2024 03:26:08.553 [140666006231872] DEBUG - [FFMPEG] - rfps: 10.000000 0.000000
Jan 03, 2024 03:26:08.553 [140666006231872] DEBUG - [FFMPEG] - rfps: 10.000000 0.000000
Jan 03, 2024 03:26:08.553 [140666006231872] DEBUG - [FFMPEG] - rfps: 11.000000 0.000000
Jan 03, 2024 03:26:08.553 [140666006231872] DEBUG - [FFMPEG] - rfps: 12.000000 0.000000
Jan 03, 2024 03:26:08.553 [140666006231872] DEBUG - [FFMPEG] - rfps: 12.000000 0.000000
Jan 03, 2024 03:26:08.553 [140666006231872] DEBUG - [FFMPEG] - rfps: 13.000000 0.000000
Jan 03, 2024 03:26:08.553 [140666006231872] DEBUG - [FFMPEG] - rfps: 14.000000 0.000000
Jan 03, 2024 03:26:08.553 [140666006231872] DEBUG - [FFMPEG] - rfps: 14.000000 0.000000
Jan 03, 2024 03:26:08.553 [140666006231872] DEBUG - [FFMPEG] - rfps: 15.000000 0.000000
Jan 03, 2024 03:26:08.553 [140666006231872] DEBUG - [FFMPEG] - rfps: 16.000000 0.000000
Jan 03, 2024 03:26:08.553 [140666006231872] DEBUG - [FFMPEG] - rfps: 16.000000 0.000000
Jan 03, 2024 03:26:08.553 [140666006231872] DEBUG - [FFMPEG] - rfps: 17.000000 0.000000
Jan 03, 2024 03:26:08.553 [140666006231872] DEBUG - [FFMPEG] - rfps: 18.000000 0.000000
Jan 03, 2024 03:26:08.553 [140666006231872] DEBUG - [FFMPEG] - rfps: 18.000000 0.000000
Jan 03, 2024 03:26:08.553 [140666006231872] DEBUG - [FFMPEG] - rfps: 19.000000 0.000000
Jan 03, 2024 03:26:08.553 [140666006231872] DEBUG - [FFMPEG] - rfps: 20.000000 0.000000
Jan 03, 2024 03:26:08.553 [140666006231872] DEBUG - [FFMPEG] - rfps: 20.000000 0.000000
Jan 03, 2024 03:26:08.553 [140666006231872] DEBUG - [FFMPEG] - rfps: 21.000000 0.000000
Jan 03, 2024 03:26:08.553 [140666006231872] DEBUG - [FFMPEG] - rfps: 22.000000 0.000000
Jan 03, 2024 03:26:08.553 [140666006231872] DEBUG - [FFMPEG] - rfps: 22.000000 0.000000
Jan 03, 2024 03:26:08.553 [140666006231872] DEBUG - [FFMPEG] - rfps: 23.000000 0.000000
Jan 03, 2024 03:26:08.553 [140666006231872] DEBUG - [FFMPEG] - rfps: 24.000000 0.000000
Jan 03, 2024 03:26:08.553 [140666006231872] DEBUG - [FFMPEG] - rfps: 24.000000 0.000000
Jan 03, 2024 03:26:08.553 [140666006231872] DEBUG - [FFMPEG] - rfps: 25.000000 0.000000
Jan 03, 2024 03:26:08.553 [140666006231872] DEBUG - [FFMPEG] - rfps: 26.000000 0.000000
Jan 03, 2024 03:26:08.553 [140666006231872] DEBUG - [FFMPEG] - rfps: 26.000000 0.000000
Jan 03, 2024 03:26:08.553 [140666006231872] DEBUG - [FFMPEG] - rfps: 27.000000 0.000000
Jan 03, 2024 03:26:08.553 [140666006231872] DEBUG - [FFMPEG] - rfps: 28.000000 0.000000
Jan 03, 2024 03:26:08.553 [140666006231872] DEBUG - [FFMPEG] - rfps: 28.000000 0.000000
Jan 03, 2024 03:26:08.553 [140666006231872] DEBUG - [FFMPEG] - rfps: 29.000000 0.000000
Jan 03, 2024 03:26:08.553 [140666006231872] DEBUG - [FFMPEG] - rfps: 30.000000 0.000000
Jan 03, 2024 03:26:08.553 [140666006231872] DEBUG - [FFMPEG] - rfps: 30.000000 0.000000
Jan 03, 2024 03:26:08.553 [140666006231872] DEBUG - [FFMPEG] - rfps: 31.000000 0.000000
Jan 03, 2024 03:26:08.553 [140666006231872] DEBUG - [FFMPEG] - rfps: 32.000000 0.000000
Jan 03, 2024 03:26:08.553 [140666006231872] DEBUG - [FFMPEG] - rfps: 32.000000 0.000000
Jan 03, 2024 03:26:08.553 [140666006231872] DEBUG - [FFMPEG] - rfps: 33.000000 0.000000
Jan 03, 2024 03:26:08.553 [140666006231872] DEBUG - [FFMPEG] - rfps: 34.000000 0.000000
Jan 03, 2024 03:26:08.553 [140666006231872] DEBUG - [FFMPEG] - rfps: 34.000000 0.000000
Jan 03, 2024 03:26:08.553 [140666006231872] DEBUG - [FFMPEG] - rfps: 35.000000 0.000000
Jan 03, 2024 03:26:08.553 [140666006231872] DEBUG - [FFMPEG] - rfps: 36.000000 0.000000
Jan 03, 2024 03:26:08.553 [140666006231872] DEBUG - [FFMPEG] - rfps: 36.000000 0.000000
Jan 03, 2024 03:26:08.553 [140666006231872] DEBUG - [FFMPEG] - rfps: 37.000000 0.000000
Jan 03, 2024 03:26:08.553 [140666006231872] DEBUG - [FFMPEG] - rfps: 38.000000 0.000000
Jan 03, 2024 03:26:08.553 [140666006231872] DEBUG - [FFMPEG] - rfps: 38.000000 0.000000
Jan 03, 2024 03:26:08.553 [140666006231872] DEBUG - [FFMPEG] - rfps: 39.000000 0.000000
Jan 03, 2024 03:26:08.553 [140666006231872] DEBUG - [FFMPEG] - rfps: 40.000000 0.000000
Jan 03, 2024 03:26:08.553 [140666006231872] DEBUG - [FFMPEG] - rfps: 40.000000 0.000000
Jan 03, 2024 03:26:08.553 [140666006231872] DEBUG - [FFMPEG] - rfps: 41.000000 0.000000
Jan 03, 2024 03:26:08.553 [140666006231872] DEBUG - [FFMPEG] - rfps: 42.000000 0.000000
Jan 03, 2024 03:26:08.553 [140666006231872] DEBUG - [FFMPEG] - rfps: 42.000000 0.000000
Jan 03, 2024 03:26:08.553 [140666006231872] DEBUG - [FFMPEG] - rfps: 43.000000 0.000000
Jan 03, 2024 03:26:08.553 [140666006231872] DEBUG - [FFMPEG] - rfps: 44.000000 0.000000
Jan 03, 2024 03:26:08.553 [140666006231872] DEBUG - [FFMPEG] - rfps: 44.000000 0.000000
Jan 03, 2024 03:26:08.553 [140666006231872] DEBUG - [FFMPEG] - rfps: 45.000000 0.000000
Jan 03, 2024 03:26:08.553 [140666006231872] DEBUG - [FFMPEG] - rfps: 46.000000 0.000000
Jan 03, 2024 03:26:08.553 [140666006231872] DEBUG - [FFMPEG] - rfps: 46.000000 0.000000
Jan 03, 2024 03:26:08.553 [140666006231872] DEBUG - [FFMPEG] - rfps: 47.000000 0.000000
Jan 03, 2024 03:26:08.553 [140666006231872] DEBUG - [FFMPEG] - rfps: 48.000000 0.000000
Jan 03, 2024 03:26:08.553 [140666006231872] DEBUG - [FFMPEG] - rfps: 48.000000 0.000000
Jan 03, 2024 03:26:08.553 [140666006231872] DEBUG - [FFMPEG] - rfps: 49.000000 0.000000
Jan 03, 2024 03:26:08.553 [140666006231872] DEBUG - [FFMPEG] - rfps: 50.000000 0.000000
Jan 03, 2024 03:26:08.553 [140666006231872] DEBUG - [FFMPEG] - rfps: 50.000000 0.000000
Jan 03, 2024 03:26:08.553 [140666006231872] DEBUG - [FFMPEG] - rfps: 51.000000 0.000000
Jan 03, 2024 03:26:08.553 [140666006231872] DEBUG - [FFMPEG] - rfps: 52.000000 0.000000
Jan 03, 2024 03:26:08.553 [140666006231872] DEBUG - [FFMPEG] - rfps: 52.000000 0.000000
Jan 03, 2024 03:26:08.553 [140666006231872] DEBUG - [FFMPEG] - rfps: 53.000000 0.000000
Jan 03, 2024 03:26:08.553 [140666006231872] DEBUG - [FFMPEG] - rfps: 54.000000 0.000000
Jan 03, 2024 03:26:08.553 [140666006231872] DEBUG - [FFMPEG] - rfps: 54.000000 0.000000
Jan 03, 2024 03:26:08.553 [140666006231872] DEBUG - [FFMPEG] - rfps: 55.000000 0.000000
Jan 03, 2024 03:26:08.553 [140666006231872] DEBUG - [FFMPEG] - rfps: 56.000000 0.000000
Jan 03, 2024 03:26:08.553 [140666006231872] DEBUG - [FFMPEG] - rfps: 56.000000 0.000000
Jan 03, 2024 03:26:08.553 [140666006231872] DEBUG - [FFMPEG] - rfps: 57.000000 0.000000
Jan 03, 2024 03:26:08.553 [140666006231872] DEBUG - [FFMPEG] - rfps: 58.000000 0.000000
Jan 03, 2024 03:26:08.553 [140666006231872] DEBUG - [FFMPEG] - rfps: 58.000000 0.000000
Jan 03, 2024 03:26:08.553 [140666006231872] DEBUG - [FFMPEG] - rfps: 59.000000 0.000000
Jan 03, 2024 03:26:08.553 [140666006231872] DEBUG - [FFMPEG] - rfps: 60.000000 0.000000
Jan 03, 2024 03:26:08.553 [140666006231872] DEBUG - [FFMPEG] - rfps: 60.000000 0.000000
Jan 03, 2024 03:26:08.553 [140666006231872] DEBUG - [FFMPEG] - rfps: 80.000000 0.000000
Jan 03, 2024 03:26:08.553 [140666006231872] DEBUG - [FFMPEG] - rfps: 80.000000 0.000000
Jan 03, 2024 03:26:08.553 [140666006231872] DEBUG - [FFMPEG] - rfps: 120.000000 0.000000
Jan 03, 2024 03:26:08.553 [140666006231872] DEBUG - [FFMPEG] - rfps: 120.000000 0.000000
Jan 03, 2024 03:26:08.553 [140666006231872] DEBUG - [FFMPEG] - rfps: 240.000000 0.000000
Jan 03, 2024 03:26:08.553 [140666006231872] DEBUG - [FFMPEG] - rfps: 240.000000 0.000000
Jan 03, 2024 03:26:08.553 [140666006231872] DEBUG - [FFMPEG] - rfps: 23.976024 0.004743
Jan 03, 2024 03:26:08.553 [140666006231872] DEBUG - [FFMPEG] - rfps: 23.976024 0.004743
Jan 03, 2024 03:26:08.553 [140666006231872] DEBUG - [FFMPEG] - rfps: 29.970030 0.007410
Jan 03, 2024 03:26:08.553 [140666006231872] DEBUG - [FFMPEG] - rfps: 11.988012 0.001186
Jan 03, 2024 03:26:08.553 [140666006231872] DEBUG - [FFMPEG] - rfps: 11.988012 0.001186
Jan 03, 2024 03:26:08.553 [140666006231872] DEBUG - [FFMPEG] - rfps: 14.985015 0.001853
Jan 03, 2024 03:26:08.553 [140666006231872] DEBUG - [FFMPEG] - rfps: 14.985015 0.001853
Jan 03, 2024 03:26:08.553 [140666006231872] DEBUG - [FFMPEG] - rfps: 47.952048 0.018970
Jan 03, 2024 03:26:08.553 [140666006231872] DEBUG - [FFMPEG] - After avformat_find_stream_info() pos: 1810 bytes read:16803 seeks:0 frames:20
Jan 03, 2024 03:26:08.553 [140666006231872] DEBUG - [MI]  * 168031061cc8c548f961e550a89e530e29fb028012880 [mkv h264/] Duration: 601000ms, 128x96 (1.333333) 1.000fps, bitrate=0kbps, audio channels=0, optimizedForStreaming=0 ("/tvshows/ONE PIECE (2023) {tvdb-392276} {imdb-tt11737520}/Season 1/S01E02.mkv")
Jan 03, 2024 03:26:08.553 [140666006231872] DEBUG - [MI] Chapters had generic titles, clearing.
Jan 03, 2024 03:26:08.554 [140666006231872] DEBUG - [MI] Closing input file: "/tvshows/ONE PIECE (2023) {tvdb-392276} {imdb-tt11737520}/Season 1/S01E02.mkv"
Jan 03, 2024 03:26:08.554 [140666006231872] DEBUG - Committing media stream changes for part 178
Jan 03, 2024 03:26:08.554 [140666006231872] DEBUG - Updating media item 178, size=16803, metadata_item_id=108
Jan 03, 2024 03:26:08.554 [140666006231872] DEBUG - Updating part with ID=178 [/tvshows/ONE PIECE (2023) {tvdb-392276} {imdb-tt11737520}/Season 1/S01E02.mkv]
Jan 03, 2024 03:26:08.554 [140665988279040] DEBUG - [HCl#5] HTTP requesting GET http://127.0.0.1:32400/:/metadata/notify/changeItemState?librarySectionID=3&metadataItemID=108&metadataType=4&state=-1&parentID=-1&rootID=-1&mediaState=analyzing
Jan 03, 2024 03:26:08.554 [140665987754752] DEBUG - [HttpClient/HCl#5] HTTP/1.1 (0.0s) 200 response from GET http://127.0.0.1:32400/:/metadata/notify/changeItemState?librarySectionID=3&metadataItemID=108&metadataType=4&state=-1&parentID=-1&rootID=-1&mediaState=analyzing (reused)
Jan 03, 2024 03:26:08.555 [140665988279040] DEBUG - [HCl#6] HTTP requesting GET http://127.0.0.1:32400/:/metadata/notify/changeItemState?librarySectionID=3&metadataItemID=108&metadataType=4&state=-1&parentID=-1&rootID=-1&mediaState=idle
Jan 03, 2024 03:26:08.555 [140665987754752] DEBUG - [HttpClient/HCl#6] HTTP/1.1 (0.0s) 200 response from GET http://127.0.0.1:32400/:/metadata/notify/changeItemState?librarySectionID=3&metadataItemID=108&metadataType=4&state=-1&parentID=-1&rootID=-1&mediaState=idle (reused)
Jan 03, 2024 03:26:08.555 [140666006231872] DEBUG - Downloading document http://127.0.0.1:32400/library/changestamp
Jan 03, 2024 03:26:08.555 [140666006231872] DEBUG - [HCl#7] HTTP requesting GET http://127.0.0.1:32400/library/changestamp
Jan 03, 2024 03:26:08.556 [140665987754752] DEBUG - [HttpClient/HCl#7] HTTP/1.1 (0.0s) 200 response from GET http://127.0.0.1:32400/library/changestamp (reused)
Jan 03, 2024 03:26:08.556 [140666006231872] DEBUG - Updating metadata item (save) (THE MAN IN THE STRAW HAT) with ID 108
Jan 03, 2024 03:26:08.556 [140665988279040] DEBUG - [HCl#8] HTTP requesting GET http://127.0.0.1:32400/:/metadata/flushMetadataCounterCache?metadataItemID=105
Jan 03, 2024 03:26:08.557 [140665987754752] DEBUG - [HttpClient/HCl#8] HTTP/1.1 (0.0s) 200 response from GET http://127.0.0.1:32400/:/metadata/flushMetadataCounterCache?metadataItemID=105 (reused)
Jan 03, 2024 03:26:08.557 [140666006231872] DEBUG - Analyzing media parts for item 109 (TELL NO TALES): 179
Jan 03, 2024 03:26:08.557 [140666006231872] DEBUG - Computing hash for a tiny file, only using first block.
Jan 03, 2024 03:26:08.557 [140666006231872] DEBUG - [ID 179] Media part analysis: /tvshows/ONE PIECE (2023) {tvdb-392276} {imdb-tt11737520}/Season 1/S01E03.mkv
Jan 03, 2024 03:26:08.558 [140666006231872] DEBUG - [MI] Opening input file: "/tvshows/ONE PIECE (2023) {tvdb-392276} {imdb-tt11737520}/Season 1/S01E03.mkv"
Jan 03, 2024 03:26:08.558 [140666006231872] DEBUG - [FFMPEG] - Opening '/tvshows/ONE PIECE (2023) {tvdb-392276} {imdb-tt11737520}/Season 1/S01E03.mkv' for reading
Jan 03, 2024 03:26:08.558 [140666006231872] DEBUG - [FFMPEG] - Setting default whitelist 'file,crypto,data'
Jan 03, 2024 03:26:08.558 [140666006231872] DEBUG - [FFMPEG] - Format matroska,webm probed with size=2048 and score=100
Jan 03, 2024 03:26:08.558 [140666006231872] DEBUG - [FFMPEG] - st:0 removing common factor 1000000 from timebase
Jan 03, 2024 03:26:08.558 [140666006231872] DEBUG - [FFMPEG] - Before avformat_find_stream_info() pos: 570 bytes read:16803 seeks:0 nb_streams:1
Jan 03, 2024 03:26:08.558 [140666006231872] DEBUG - [FFMPEG] - nal_unit_type: 7(SPS), nal_ref_idc: 3
Jan 03, 2024 03:26:08.558 [140666006231872] DEBUG - [FFMPEG] - nal_unit_type: 8(PPS), nal_ref_idc: 3
Jan 03, 2024 03:26:08.558 [140666006231872] DEBUG - [FFMPEG] - nal_unit_type: 7(SPS), nal_ref_idc: 3
Jan 03, 2024 03:26:08.558 [140666006231872] DEBUG - [FFMPEG] - nal_unit_type: 8(PPS), nal_ref_idc: 3
Jan 03, 2024 03:26:08.558 [140666006231872] DEBUG - [FFMPEG] - nal_unit_type: 6(SEI), nal_ref_idc: 0
Jan 03, 2024 03:26:08.558 [140666006231872] DEBUG - [FFMPEG] - nal_unit_type: 5(IDR), nal_ref_idc: 3
Jan 03, 2024 03:26:08.558 [140666006231872] DEBUG - [FFMPEG] - Format yuv420p chosen by get_format().
Jan 03, 2024 03:26:08.558 [140666006231872] DEBUG - [FFMPEG] - no picture 
Jan 03, 2024 03:26:08.558 [140666006231872] DEBUG - [FFMPEG] - nal_unit_type: 1(Coded slice of a non-IDR picture), nal_ref_idc: 2
Jan 03, 2024 03:26:08.558 [140666006231872] DEBUG - [FFMPEG] - no picture 
Jan 03, 2024 03:26:08.558 [140666006231872] DEBUG - [FFMPEG] - nal_unit_type: 1(Coded slice of a non-IDR picture), nal_ref_idc: 2
Jan 03, 2024 03:26:08.558 [140666006231872] DEBUG - [FFMPEG] - nal_unit_type: 1(Coded slice of a non-IDR picture), nal_ref_idc: 0
Jan 03, 2024 03:26:08.558 [140666006231872] DEBUG - [FFMPEG] - nal_unit_type: 1(Coded slice of a non-IDR picture), nal_ref_idc: 0
Jan 03, 2024 03:26:08.559 [140666006231872] DEBUG - [FFMPEG] - nal_unit_type: 1(Coded slice of a non-IDR picture), nal_ref_idc: 2
Jan 03, 2024 03:26:08.559 [140666006231872] DEBUG - [FFMPEG] - nal_unit_type: 1(Coded slice of a non-IDR picture), nal_ref_idc: 2
Jan 03, 2024 03:26:08.559 [140666006231872] DEBUG - [FFMPEG] - nal_unit_type: 1(Coded slice of a non-IDR picture), nal_ref_idc: 0
Jan 03, 2024 03:26:08.559 [140666006231872] DEBUG - [FFMPEG] - nal_unit_type: 1(Coded slice of a non-IDR picture), nal_ref_idc: 0
Jan 03, 2024 03:26:08.559 [140666006231872] DEBUG - [FFMPEG] - first_dts 7000 not matching first dts NOPTS (pts 0, duration 1000) in the queue
Jan 03, 2024 03:26:08.559 [140666006231872] DEBUG - [FFMPEG] - rfps: 1.000000 0.000000
Jan 03, 2024 03:26:08.559 [140666006231872] DEBUG - [FFMPEG] - rfps: 2.000000 0.000000
Jan 03, 2024 03:26:08.559 [140666006231872] DEBUG - [FFMPEG] - rfps: 2.000000 0.000000
Jan 03, 2024 03:26:08.559 [140666006231872] DEBUG - [FFMPEG] - rfps: 3.000000 0.000000
Jan 03, 2024 03:26:08.559 [140666006231872] DEBUG - [FFMPEG] - rfps: 4.000000 0.000000
Jan 03, 2024 03:26:08.559 [140666006231872] DEBUG - [FFMPEG] - rfps: 4.000000 0.000000
Jan 03, 2024 03:26:08.559 [140666006231872] DEBUG - [FFMPEG] - rfps: 5.000000 0.000000
Jan 03, 2024 03:26:08.559 [140666006231872] DEBUG - [FFMPEG] - rfps: 6.000000 0.000000
Jan 03, 2024 03:26:08.559 [140666006231872] DEBUG - [FFMPEG] - rfps: 6.000000 0.000000
Jan 03, 2024 03:26:08.559 [140666006231872] DEBUG - [FFMPEG] - rfps: 7.000000 0.000000
Jan 03, 2024 03:26:08.559 [140666006231872] DEBUG - [FFMPEG] - rfps: 8.000000 0.000000
Jan 03, 2024 03:26:08.559 [140666006231872] DEBUG - [FFMPEG] - rfps: 8.000000 0.000000
Jan 03, 2024 03:26:08.559 [140666006231872] DEBUG - [FFMPEG] - rfps: 9.000000 0.000000
Jan 03, 2024 03:26:08.559 [140666006231872] DEBUG - [FFMPEG] - rfps: 10.000000 0.000000
Jan 03, 2024 03:26:08.559 [140666006231872] DEBUG - [FFMPEG] - rfps: 10.000000 0.000000
Jan 03, 2024 03:26:08.559 [140666006231872] DEBUG - [FFMPEG] - rfps: 11.000000 0.000000
Jan 03, 2024 03:26:08.559 [140666006231872] DEBUG - [FFMPEG] - rfps: 12.000000 0.000000
Jan 03, 2024 03:26:08.559 [140666006231872] DEBUG - [FFMPEG] - rfps: 12.000000 0.000000
Jan 03, 2024 03:26:08.559 [140666006231872] DEBUG - [FFMPEG] - rfps: 13.000000 0.000000
Jan 03, 2024 03:26:08.559 [140666006231872] DEBUG - [FFMPEG] - rfps: 14.000000 0.000000
Jan 03, 2024 03:26:08.559 [140666006231872] DEBUG - [FFMPEG] - rfps: 14.000000 0.000000
Jan 03, 2024 03:26:08.559 [140666006231872] DEBUG - [FFMPEG] - rfps: 15.000000 0.000000
Jan 03, 2024 03:26:08.559 [140666006231872] DEBUG - [FFMPEG] - rfps: 16.000000 0.000000
Jan 03, 2024 03:26:08.559 [140666006231872] DEBUG - [FFMPEG] - rfps: 16.000000 0.000000
Jan 03, 2024 03:26:08.559 [140666006231872] DEBUG - [FFMPEG] - rfps: 17.000000 0.000000
Jan 03, 2024 03:26:08.559 [140666006231872] DEBUG - [FFMPEG] - rfps: 18.000000 0.000000
Jan 03, 2024 03:26:08.559 [140666006231872] DEBUG - [FFMPEG] - rfps: 18.000000 0.000000
Jan 03, 2024 03:26:08.559 [140666006231872] DEBUG - [FFMPEG] - rfps: 19.000000 0.000000
Jan 03, 2024 03:26:08.559 [140666006231872] DEBUG - [FFMPEG] - rfps: 20.000000 0.000000
Jan 03, 2024 03:26:08.559 [140666006231872] DEBUG - [FFMPEG] - rfps: 20.000000 0.000000
Jan 03, 2024 03:26:08.559 [140666006231872] DEBUG - [FFMPEG] - rfps: 21.000000 0.000000
Jan 03, 2024 03:26:08.559 [140666006231872] DEBUG - [FFMPEG] - rfps: 22.000000 0.000000
Jan 03, 2024 03:26:08.559 [140666006231872] DEBUG - [FFMPEG] - rfps: 22.000000 0.000000
Jan 03, 2024 03:26:08.559 [140666006231872] DEBUG - [FFMPEG] - rfps: 23.000000 0.000000
Jan 03, 2024 03:26:08.559 [140666006231872] DEBUG - [FFMPEG] - rfps: 24.000000 0.000000
Jan 03, 2024 03:26:08.559 [140666006231872] DEBUG - [FFMPEG] - rfps: 24.000000 0.000000
Jan 03, 2024 03:26:08.559 [140666006231872] DEBUG - [FFMPEG] - rfps: 25.000000 0.000000
Jan 03, 2024 03:26:08.559 [140666006231872] DEBUG - [FFMPEG] - rfps: 26.000000 0.000000
Jan 03, 2024 03:26:08.559 [140666006231872] DEBUG - [FFMPEG] - rfps: 26.000000 0.000000
Jan 03, 2024 03:26:08.559 [140666006231872] DEBUG - [FFMPEG] - rfps: 27.000000 0.000000
Jan 03, 2024 03:26:08.559 [140666006231872] DEBUG - [FFMPEG] - rfps: 28.000000 0.000000
Jan 03, 2024 03:26:08.559 [140666006231872] DEBUG - [FFMPEG] - rfps: 28.000000 0.000000
Jan 03, 2024 03:26:08.559 [140666006231872] DEBUG - [FFMPEG] - rfps: 29.000000 0.000000
Jan 03, 2024 03:26:08.559 [140666006231872] DEBUG - [FFMPEG] - rfps: 30.000000 0.000000
Jan 03, 2024 03:26:08.559 [140666006231872] DEBUG - [FFMPEG] - rfps: 30.000000 0.000000
Jan 03, 2024 03:26:08.559 [140666006231872] DEBUG - [FFMPEG] - rfps: 31.000000 0.000000
Jan 03, 2024 03:26:08.559 [140666006231872] DEBUG - [FFMPEG] - rfps: 32.000000 0.000000
Jan 03, 2024 03:26:08.559 [140666006231872] DEBUG - [FFMPEG] - rfps: 32.000000 0.000000
Jan 03, 2024 03:26:08.559 [140666006231872] DEBUG - [FFMPEG] - rfps: 33.000000 0.000000
Jan 03, 2024 03:26:08.559 [140666006231872] DEBUG - [FFMPEG] - rfps: 34.000000 0.000000
Jan 03, 2024 03:26:08.559 [140666006231872] DEBUG - [FFMPEG] - rfps: 34.000000 0.000000
Jan 03, 2024 03:26:08.559 [140666006231872] DEBUG - [FFMPEG] - rfps: 35.000000 0.000000
Jan 03, 2024 03:26:08.559 [140666006231872] DEBUG - [FFMPEG] - rfps: 36.000000 0.000000
Jan 03, 2024 03:26:08.559 [140666006231872] DEBUG - [FFMPEG] - rfps: 36.000000 0.000000
Jan 03, 2024 03:26:08.559 [140666006231872] DEBUG - [FFMPEG] - rfps: 37.000000 0.000000
Jan 03, 2024 03:26:08.559 [140666006231872] DEBUG - [FFMPEG] - rfps: 38.000000 0.000000
Jan 03, 2024 03:26:08.559 [140666006231872] DEBUG - [FFMPEG] - rfps: 38.000000 0.000000
Jan 03, 2024 03:26:08.559 [140666006231872] DEBUG - [FFMPEG] - rfps: 39.000000 0.000000
Jan 03, 2024 03:26:08.559 [140666006231872] DEBUG - [FFMPEG] - rfps: 40.000000 0.000000
Jan 03, 2024 03:26:08.559 [140666006231872] DEBUG - [FFMPEG] - rfps: 40.000000 0.000000
Jan 03, 2024 03:26:08.559 [140666006231872] DEBUG - [FFMPEG] - rfps: 41.000000 0.000000
Jan 03, 2024 03:26:08.559 [140666006231872] DEBUG - [FFMPEG] - rfps: 42.000000 0.000000
Jan 03, 2024 03:26:08.559 [140666006231872] DEBUG - [FFMPEG] - rfps: 42.000000 0.000000
Jan 03, 2024 03:26:08.559 [140666006231872] DEBUG - [FFMPEG] - rfps: 43.000000 0.000000
Jan 03, 2024 03:26:08.559 [140666006231872] DEBUG - [FFMPEG] - rfps: 44.000000 0.000000
Jan 03, 2024 03:26:08.559 [140666006231872] DEBUG - [FFMPEG] - rfps: 44.000000 0.000000
Jan 03, 2024 03:26:08.559 [140666006231872] DEBUG - [FFMPEG] - rfps: 45.000000 0.000000
Jan 03, 2024 03:26:08.559 [140666006231872] DEBUG - [FFMPEG] - rfps: 46.000000 0.000000
Jan 03, 2024 03:26:08.559 [140666006231872] DEBUG - [FFMPEG] - rfps: 46.000000 0.000000
Jan 03, 2024 03:26:08.559 [140666006231872] DEBUG - [FFMPEG] - rfps: 47.000000 0.000000
Jan 03, 2024 03:26:08.559 [140666006231872] DEBUG - [FFMPEG] - rfps: 48.000000 0.000000
Jan 03, 2024 03:26:08.559 [140666006231872] DEBUG - [FFMPEG] - rfps: 48.000000 0.000000
Jan 03, 2024 03:26:08.559 [140666006231872] DEBUG - [FFMPEG] - rfps: 49.000000 0.000000
Jan 03, 2024 03:26:08.559 [140666006231872] DEBUG - [FFMPEG] - rfps: 50.000000 0.000000
Jan 03, 2024 03:26:08.559 [140666006231872] DEBUG - [FFMPEG] - rfps: 50.000000 0.000000
Jan 03, 2024 03:26:08.559 [140666006231872] DEBUG - [FFMPEG] - rfps: 51.000000 0.000000
Jan 03, 2024 03:26:08.559 [140666006231872] DEBUG - [FFMPEG] - rfps: 52.000000 0.000000
Jan 03, 2024 03:26:08.559 [140666006231872] DEBUG - [FFMPEG] - rfps: 52.000000 0.000000
Jan 03, 2024 03:26:08.559 [140666006231872] DEBUG - [FFMPEG] - rfps: 53.000000 0.000000
Jan 03, 2024 03:26:08.559 [140666006231872] DEBUG - [FFMPEG] - rfps: 54.000000 0.000000
Jan 03, 2024 03:26:08.559 [140666006231872] DEBUG - [FFMPEG] - rfps: 54.000000 0.000000
Jan 03, 2024 03:26:08.559 [140666006231872] DEBUG - [FFMPEG] - rfps: 55.000000 0.000000
Jan 03, 2024 03:26:08.559 [140666006231872] DEBUG - [FFMPEG] - rfps: 56.000000 0.000000
Jan 03, 2024 03:26:08.559 [140666006231872] DEBUG - [FFMPEG] - rfps: 56.000000 0.000000
Jan 03, 2024 03:26:08.559 [140666006231872] DEBUG - [FFMPEG] - rfps: 57.000000 0.000000
Jan 03, 2024 03:26:08.559 [140666006231872] DEBUG - [FFMPEG] - rfps: 58.000000 0.000000
Jan 03, 2024 03:26:08.559 [140666006231872] DEBUG - [FFMPEG] - rfps: 58.000000 0.000000
Jan 03, 2024 03:26:08.559 [140666006231872] DEBUG - [FFMPEG] - rfps: 59.000000 0.000000
Jan 03, 2024 03:26:08.559 [140666006231872] DEBUG - [FFMPEG] - rfps: 60.000000 0.000000
Jan 03, 2024 03:26:08.559 [140666006231872] DEBUG - [FFMPEG] - rfps: 60.000000 0.000000
Jan 03, 2024 03:26:08.559 [140666006231872] DEBUG - [FFMPEG] - rfps: 80.000000 0.000000
Jan 03, 2024 03:26:08.559 [140666006231872] DEBUG - [FFMPEG] - rfps: 80.000000 0.000000
Jan 03, 2024 03:26:08.559 [140666006231872] DEBUG - [FFMPEG] - rfps: 120.000000 0.000000
Jan 03, 2024 03:26:08.559 [140666006231872] DEBUG - [FFMPEG] - rfps: 120.000000 0.000000
Jan 03, 2024 03:26:08.559 [140666006231872] DEBUG - [FFMPEG] - rfps: 240.000000 0.000000
Jan 03, 2024 03:26:08.559 [140666006231872] DEBUG - [FFMPEG] - rfps: 240.000000 0.000000
Jan 03, 2024 03:26:08.559 [140666006231872] DEBUG - [FFMPEG] - rfps: 23.976024 0.004743
Jan 03, 2024 03:26:08.559 [140666006231872] DEBUG - [FFMPEG] - rfps: 23.976024 0.004743
Jan 03, 2024 03:26:08.559 [140666006231872] DEBUG - [FFMPEG] - rfps: 29.970030 0.007410
Jan 03, 2024 03:26:08.559 [140666006231872] DEBUG - [FFMPEG] - rfps: 11.988012 0.001186
Jan 03, 2024 03:26:08.559 [140666006231872] DEBUG - [FFMPEG] - rfps: 11.988012 0.001186
Jan 03, 2024 03:26:08.559 [140666006231872] DEBUG - [FFMPEG] - rfps: 14.985015 0.001853
Jan 03, 2024 03:26:08.559 [140666006231872] DEBUG - [FFMPEG] - rfps: 14.985015 0.001853
Jan 03, 2024 03:26:08.559 [140666006231872] DEBUG - [FFMPEG] - rfps: 47.952048 0.018970
Jan 03, 2024 03:26:08.559 [140666006231872] DEBUG - [FFMPEG] - After avformat_find_stream_info() pos: 1810 bytes read:16803 seeks:0 frames:20
Jan 03, 2024 03:26:08.559 [140666006231872] DEBUG - [MI]  * 16803849d3516b6af3d12c44fa5fe07ec29107220d7a9 [mkv h264/] Duration: 601000ms, 128x96 (1.333333) 1.000fps, bitrate=0kbps, audio channels=0, optimizedForStreaming=0 ("/tvshows/ONE PIECE (2023) {tvdb-392276} {imdb-tt11737520}/Season 1/S01E03.mkv")
Jan 03, 2024 03:26:08.559 [140666006231872] DEBUG - [MI] Chapters had generic titles, clearing.
Jan 03, 2024 03:26:08.559 [140666006231872] DEBUG - [MI] Closing input file: "/tvshows/ONE PIECE (2023) {tvdb-392276} {imdb-tt11737520}/Season 1/S01E03.mkv"
Jan 03, 2024 03:26:08.559 [140666006231872] DEBUG - Committing media stream changes for part 179
Jan 03, 2024 03:26:08.560 [140666006231872] DEBUG - Updating media item 179, size=16803, metadata_item_id=109
Jan 03, 2024 03:26:08.560 [140666006231872] DEBUG - Updating part with ID=179 [/tvshows/ONE PIECE (2023) {tvdb-392276} {imdb-tt11737520}/Season 1/S01E03.mkv]
Jan 03, 2024 03:26:08.560 [140665988279040] DEBUG - [HCl#9] HTTP requesting GET http://127.0.0.1:32400/:/metadata/notify/changeItemState?librarySectionID=3&metadataItemID=109&metadataType=4&state=-1&parentID=-1&rootID=-1&mediaState=analyzing
Jan 03, 2024 03:26:08.560 [140665987754752] DEBUG - [HttpClient/HCl#9] HTTP/1.1 (0.0s) 200 response from GET http://127.0.0.1:32400/:/metadata/notify/changeItemState?librarySectionID=3&metadataItemID=109&metadataType=4&state=-1&parentID=-1&rootID=-1&mediaState=analyzing (reused)
Jan 03, 2024 03:26:08.560 [140665988279040] DEBUG - [HCl#a] HTTP requesting GET http://127.0.0.1:32400/:/metadata/notify/changeItemState?librarySectionID=3&metadataItemID=109&metadataType=4&state=-1&parentID=-1&rootID=-1&mediaState=idle
Jan 03, 2024 03:26:08.560 [140665987754752] DEBUG - [HttpClient/HCl#a] HTTP/1.1 (0.0s) 200 response from GET http://127.0.0.1:32400/:/metadata/notify/changeItemState?librarySectionID=3&metadataItemID=109&metadataType=4&state=-1&parentID=-1&rootID=-1&mediaState=idle (reused)
Jan 03, 2024 03:26:08.561 [140666006231872] DEBUG - Downloading document http://127.0.0.1:32400/library/changestamp
Jan 03, 2024 03:26:08.561 [140666006231872] DEBUG - [HCl#b] HTTP requesting GET http://127.0.0.1:32400/library/changestamp
Jan 03, 2024 03:26:08.561 [140665987754752] DEBUG - [HttpClient/HCl#b] HTTP/1.1 (0.0s) 200 response from GET http://127.0.0.1:32400/library/changestamp (reused)
Jan 03, 2024 03:26:08.561 [140666006231872] DEBUG - Updating metadata item (save) (TELL NO TALES) with ID 109
Jan 03, 2024 03:26:08.562 [140665988279040] DEBUG - [HCl#c] HTTP requesting GET http://127.0.0.1:32400/:/metadata/flushMetadataCounterCache?metadataItemID=105
Jan 03, 2024 03:26:08.562 [140665987754752] DEBUG - [HttpClient/HCl#c] HTTP/1.1 (0.0s) 200 response from GET http://127.0.0.1:32400/:/metadata/flushMetadataCounterCache?metadataItemID=105 (reused)
