Nov 14, 2023 03:25:59.037 [140341467962112] INFO - Plex Media Scanner v1.32.7.7621-871adbd44 - Docker Docker Container (LinuxServer.io) x86_64 - build: linux-x86_64 - GMT 00:00
Nov 14, 2023 03:25:59.037 [140341467962112] INFO - Linux version: 6.6.0, language: en-US
Nov 14, 2023 03:25:59.037 [140341467962112] INFO - Processor: 32-core AMD Ryzen 9 5950X 16-Core Processor            
Nov 14, 2023 03:25:59.037 [140341467962112] INFO - /usr/lib/plexmediaserver/Plex Media Scanner --scan --refresh --section 2 --activity 3357424c-1832-4e0d-b5bd-a248a59565ad
Nov 14, 2023 03:25:59.038 [140341468465984] DEBUG - Opening 20 database sessions to library (com.plexapp.plugins.library), SQLite 3.39.4, threadsafe=1
Nov 14, 2023 03:25:59.087 [140341468465984] DEBUG - [HCl#1] HTTP requesting PUT http://127.0.0.1:32400/activities/3357424c-1832-4e0d-b5bd-a248a59565ad?percentComplete=0
Nov 14, 2023 03:25:59.087 [140341450939136] DEBUG - [HCl#2] HTTP requesting GET http://127.0.0.1:32400/:/metadata/notify/cullTimeline?librarySectionID=2&sinceTime=1699931159
Nov 14, 2023 03:25:59.087 [140341450414848] DEBUG - [HttpClient/HCl#1] HTTP/1.1 (0.0s) 200 response from PUT http://127.0.0.1:32400/activities/3357424c-1832-4e0d-b5bd-a248a59565ad?percentComplete=0
Nov 14, 2023 03:25:59.087 [140341450414848] DEBUG - [HttpClient/HCl#2] HTTP/1.1 (0.0s) 200 response from GET http://127.0.0.1:32400/:/metadata/notify/cullTimeline?librarySectionID=2&sinceTime=1699931159
Nov 14, 2023 03:25:59.087 [140341468465984] DEBUG - Scanning TV Shows using xn(Plex Series Scanner) with 2 current media items and 1 section locations in the database.
Nov 14, 2023 03:25:59.127 [140341468465984] DEBUG - Performing a scan with 'Plex Series Scanner' (language: xn virtual: 0).
Nov 14, 2023 03:25:59.127 [140341468465984] DEBUG -   * Scanning /tvshows
Nov 14, 2023 03:25:59.127 [140341468465984] DEBUG - Scanner: Processing directory /tvshows (parent: no)
Nov 14, 2023 03:25:59.127 [140341468465984] DEBUG - Skipping over directory '', as nothing has changed; removing 0 media items from map.
Nov 14, 2023 03:25:59.127 [140341468465984] DEBUG - Scanner: Processing directory /tvshows/Blender Shorts (parent: yes)
Nov 14, 2023 03:25:59.128 [140341468465984] DEBUG - File '/tvshows/Blender Shorts/S01E01.mkv' changed size, can't skip.
Nov 14, 2023 03:25:59.130 [140341468465984] DEBUG - Looking for path match for [/tvshows/Blender Shorts/S01E01.mkv]
Nov 14, 2023 03:25:59.130 [140341468465984] DEBUG - Path matched, we're reusing media item 11
Nov 14, 2023 03:25:59.130 [140341468465984] DEBUG - Noting item as needing media analysis, scanning=0, streams=0, missing channels=0, streamability=0, size=1, time=1.
Nov 14, 2023 03:25:59.130 [140341468465984] DEBUG - Turbo analysis on modified item 11 [/tvshows/Blender Shorts/S01E01.mkv]
Nov 14, 2023 03:25:59.130 [140341468465984] DEBUG - Updating media item 11, size=224216, metadata_item_id=21
Nov 14, 2023 03:25:59.130 [140341468465984] DEBUG - Updating part with ID=11 [/tvshows/Blender Shorts/S01E01.mkv]
Nov 14, 2023 03:25:59.131 [140341468465984] DEBUG - Looking for path match for [/tvshows/Blender Shorts/S01E02.mkv]
Nov 14, 2023 03:25:59.131 [140341468465984] DEBUG - Path matched, we're reusing media item 12
Nov 14, 2023 03:25:59.131 [140341468465984] DEBUG - [HCl#3] HTTP requesting PUT http://127.0.0.1:32400/activities/3357424c-1832-4e0d-b5bd-a248a59565ad?percentComplete=%2B99&subtitle=Blender%20Shorts
Nov 14, 2023 03:25:59.131 [140341450414848] DEBUG - [HttpClient/HCl#3] HTTP/1.1 (0.0s) 200 response from PUT http://127.0.0.1:32400/activities/3357424c-1832-4e0d-b5bd-a248a59565ad?percentComplete=%2B99&subtitle=Blender%20Shorts (reused)
Nov 14, 2023 03:25:59.132 [140341468465984] DEBUG - [HCl#4] HTTP requesting PUT http://127.0.0.1:32400/activities/3357424c-1832-4e0d-b5bd-a248a59565ad?percentComplete=99.000000
Nov 14, 2023 03:25:59.132 [140341450414848] DEBUG - [HttpClient/HCl#4] HTTP/1.1 (0.0s) 200 response from PUT http://127.0.0.1:32400/activities/3357424c-1832-4e0d-b5bd-a248a59565ad?percentComplete=99.000000 (reused)
Nov 14, 2023 03:25:59.132 [140341468465984] DEBUG - Removing 0 media items that were left.
Nov 14, 2023 03:25:59.132 [140341468465984] DEBUG - Removing 0 directories that were left.
Nov 14, 2023 03:25:59.132 [140341468465984] DEBUG - [HCl#5] HTTP requesting PUT http://127.0.0.1:32400/activities/3357424c-1832-4e0d-b5bd-a248a59565ad?percentComplete=100
Nov 14, 2023 03:25:59.133 [140341450414848] DEBUG - [HttpClient/HCl#5] HTTP/1.1 (0.0s) 200 response from PUT http://127.0.0.1:32400/activities/3357424c-1832-4e0d-b5bd-a248a59565ad?percentComplete=100 (reused)
Nov 14, 2023 03:25:59.133 [140341468465984] DEBUG - Refreshing section 2 of type: 2
Nov 14, 2023 03:25:59.133 [140341449251584] DEBUG - Refreshing 0 IDs.
Nov 14, 2023 03:25:59.133 [140341447707392] DEBUG - MediaItem::PerformBackgroundAnalysis on 11
Nov 14, 2023 03:25:59.134 [140341447707392] DEBUG - Downloading document http://127.0.0.1:32400/library/changestamp
Nov 14, 2023 03:25:59.134 [140341447707392] DEBUG - [HCl#6] HTTP requesting GET http://127.0.0.1:32400/library/changestamp
Nov 14, 2023 03:25:59.134 [140341450414848] DEBUG - [HttpClient/HCl#6] HTTP/1.1 (0.0s) 200 response from GET http://127.0.0.1:32400/library/changestamp (reused)
Nov 14, 2023 03:25:59.134 [140341447707392] DEBUG - Updating metadata item (save) (2023-11-14) with ID 21
Nov 14, 2023 03:25:59.135 [140341450939136] DEBUG - [HCl#7] HTTP requesting GET http://127.0.0.1:32400/:/metadata/flushMetadataCounterCache?metadataItemID=19
Nov 14, 2023 03:25:59.135 [140341450414848] DEBUG - [HttpClient/HCl#7] HTTP/1.1 (0.0s) 200 response from GET http://127.0.0.1:32400/:/metadata/flushMetadataCounterCache?metadataItemID=19 (reused)
Nov 14, 2023 03:25:59.136 [140341447707392] DEBUG - Updating part with ID=11 [/tvshows/Blender Shorts/S01E01.mkv]
Nov 14, 2023 03:25:59.136 [140341447707392] DEBUG - Part hashes for media item 11 have changed.
Nov 14, 2023 03:25:59.136 [140341447707392] DEBUG - [ID 11] Media part analysis: /tvshows/Blender Shorts/S01E01.mkv
Nov 14, 2023 03:25:59.136 [140341447707392] DEBUG - [MI] Opening input file: "/tvshows/Blender Shorts/S01E01.mkv"
Nov 14, 2023 03:25:59.136 [140341447707392] DEBUG - [FFMPEG] - Opening '/tvshows/Blender Shorts/S01E01.mkv' for reading
Nov 14, 2023 03:25:59.136 [140341447707392] DEBUG - [FFMPEG] - Setting default whitelist 'file,crypto,data'
Nov 14, 2023 03:25:59.136 [140341447707392] DEBUG - [FFMPEG] - Format matroska,webm probed with size=2048 and score=100
Nov 14, 2023 03:25:59.136 [140341447707392] DEBUG - [FFMPEG] - st:0 removing common factor 1000000 from timebase
Nov 14, 2023 03:25:59.136 [140341447707392] DEBUG - [FFMPEG] - Before avformat_find_stream_info() pos: 3141 bytes read:32768 seeks:0 nb_streams:1
Nov 14, 2023 03:25:59.137 [140341447707392] DEBUG - [FFMPEG] - nal_unit_type: 32(VPS), nuh_layer_id: 0, temporal_id: 0
Nov 14, 2023 03:25:59.137 [140341447707392] DEBUG - [FFMPEG] - Decoding VPS
Nov 14, 2023 03:25:59.137 [140341447707392] DEBUG - [FFMPEG] - Main profile bitstream
Nov 14, 2023 03:25:59.137 [140341447707392] DEBUG - [FFMPEG] - nal_unit_type: 33(SPS), nuh_layer_id: 0, temporal_id: 0
Nov 14, 2023 03:25:59.137 [140341447707392] DEBUG - [FFMPEG] - Decoding SPS
Nov 14, 2023 03:25:59.137 [140341447707392] DEBUG - [FFMPEG] - Main profile bitstream
Nov 14, 2023 03:25:59.137 [140341447707392] DEBUG - [FFMPEG] - Decoding VUI
Nov 14, 2023 03:25:59.137 [140341447707392] DEBUG - [FFMPEG] - nal_unit_type: 34(PPS), nuh_layer_id: 0, temporal_id: 0
Nov 14, 2023 03:25:59.137 [140341447707392] DEBUG - [FFMPEG] - Decoding PPS
Nov 14, 2023 03:25:59.137 [140341447707392] DEBUG - [FFMPEG] - nal_unit_type: 39(SEI_PREFIX), nuh_layer_id: 0, temporal_id: 0
Nov 14, 2023 03:25:59.137 [140341447707392] DEBUG - [FFMPEG] - Decoding SEI
Nov 14, 2023 03:25:59.137 [140341447707392] DEBUG - [FFMPEG] - All info found
Nov 14, 2023 03:25:59.137 [140341447707392] DEBUG - [FFMPEG] - After avformat_find_stream_info() pos: 3257 bytes read:32768 seeks:0 frames:3
Nov 14, 2023 03:25:59.137 [140341447707392] DEBUG - [MI]  * 257b27d654debae01f368f141a35e6bb2f693b84 [mkv hevc/] Duration: 150042ms, 256x144 (1.777778) 24.000fps, bitrate=11kbps, audio channels=0, optimizedForStreaming=0 ("/tvshows/Blender Shorts/S01E01.mkv")
Nov 14, 2023 03:25:59.137 [140341447707392] DEBUG - [MI] Chapters had generic titles, clearing.
Nov 14, 2023 03:25:59.137 [140341447707392] DEBUG - [MI] Closing input file: "/tvshows/Blender Shorts/S01E01.mkv"
Nov 14, 2023 03:25:59.137 [140341447707392] DEBUG - Committing media stream changes for part 11
Nov 14, 2023 03:25:59.137 [140341447707392] DEBUG - Updating media item 11, size=224216, metadata_item_id=21
Nov 14, 2023 03:25:59.138 [140341447707392] DEBUG - Updating part with ID=11 [/tvshows/Blender Shorts/S01E01.mkv]
Nov 14, 2023 03:25:59.138 [140341450939136] DEBUG - [HCl#8] HTTP requesting GET http://127.0.0.1:32400/:/metadata/notify/changeItemState?librarySectionID=2&metadataItemID=21&metadataType=4&state=-1&parentID=-1&rootID=-1&mediaState=analyzing
Nov 14, 2023 03:25:59.138 [140341447707392] DEBUG - [MI] Opening input file: "/tvshows/Blender Shorts/S01E01.mkv"
Nov 14, 2023 03:25:59.138 [140341447707392] DEBUG - [FFMPEG] - Opening '/tvshows/Blender Shorts/S01E01.mkv' for reading
Nov 14, 2023 03:25:59.138 [140341447707392] DEBUG - [FFMPEG] - Setting default whitelist 'file,crypto,data'
Nov 14, 2023 03:25:59.138 [140341450414848] DEBUG - [HttpClient/HCl#8] HTTP/1.1 (0.0s) 200 response from GET http://127.0.0.1:32400/:/metadata/notify/changeItemState?librarySectionID=2&metadataItemID=21&metadataType=4&state=-1&parentID=-1&rootID=-1&mediaState=analyzing (reused)
Nov 14, 2023 03:25:59.138 [140341447707392] DEBUG - [FFMPEG] - Format matroska,webm probed with size=2048 and score=100
Nov 14, 2023 03:25:59.138 [140341447707392] DEBUG - [FFMPEG] - st:0 removing common factor 1000000 from timebase
Nov 14, 2023 03:25:59.138 [140341447707392] DEBUG - [FFMPEG] - Before avformat_find_stream_info() pos: 3141 bytes read:32768 seeks:0 nb_streams:1
Nov 14, 2023 03:25:59.138 [140341450939136] DEBUG - [HCl#9] HTTP requesting GET http://127.0.0.1:32400/:/metadata/notify/changeItemState?librarySectionID=2&metadataItemID=21&metadataType=4&state=-1&parentID=-1&rootID=-1&mediaState=thumbnailing
Nov 14, 2023 03:25:59.138 [140341450414848] DEBUG - [HttpClient/HCl#9] HTTP/1.1 (0.0s) 200 response from GET http://127.0.0.1:32400/:/metadata/notify/changeItemState?librarySectionID=2&metadataItemID=21&metadataType=4&state=-1&parentID=-1&rootID=-1&mediaState=thumbnailing (reused)
Nov 14, 2023 03:25:59.138 [140341447707392] DEBUG - [FFMPEG] - nal_unit_type: 32(VPS), nuh_layer_id: 0, temporal_id: 0
Nov 14, 2023 03:25:59.138 [140341447707392] DEBUG - [FFMPEG] - Decoding VPS
Nov 14, 2023 03:25:59.138 [140341447707392] DEBUG - [FFMPEG] - Main profile bitstream
Nov 14, 2023 03:25:59.138 [140341447707392] DEBUG - [FFMPEG] - nal_unit_type: 33(SPS), nuh_layer_id: 0, temporal_id: 0
Nov 14, 2023 03:25:59.138 [140341447707392] DEBUG - [FFMPEG] - Decoding SPS
Nov 14, 2023 03:25:59.138 [140341447707392] DEBUG - [FFMPEG] - Main profile bitstream
Nov 14, 2023 03:25:59.138 [140341447707392] DEBUG - [FFMPEG] - Decoding VUI
Nov 14, 2023 03:25:59.138 [140341447707392] DEBUG - [FFMPEG] - nal_unit_type: 34(PPS), nuh_layer_id: 0, temporal_id: 0
Nov 14, 2023 03:25:59.138 [140341447707392] DEBUG - [FFMPEG] - Decoding PPS
Nov 14, 2023 03:25:59.138 [140341447707392] DEBUG - [FFMPEG] - nal_unit_type: 39(SEI_PREFIX), nuh_layer_id: 0, temporal_id: 0
Nov 14, 2023 03:25:59.138 [140341447707392] DEBUG - [FFMPEG] - Decoding SEI
Nov 14, 2023 03:25:59.138 [140341447707392] DEBUG - [FFMPEG] - All info found
Nov 14, 2023 03:25:59.138 [140341447707392] DEBUG - [FFMPEG] - After avformat_find_stream_info() pos: 3257 bytes read:32768 seeks:0 frames:3
Nov 14, 2023 03:25:59.138 [140341447707392] DEBUG - Creating /config/Library/Application Support/Plex Media Server/Media/localhost/2/57b27d654debae01f368f141a35e6bb2f693b84.bundle/Contents/Thumbnails/thumb1.jpg (25.0%, 720x512).
Nov 14, 2023 03:25:59.139 [140341447707392] DEBUG - [FFMPEG] - nal_unit_type: 32(VPS), nuh_layer_id: 0, temporal_id: 0
Nov 14, 2023 03:25:59.139 [140341447707392] DEBUG - [FFMPEG] - Decoding VPS
Nov 14, 2023 03:25:59.139 [140341447707392] DEBUG - [FFMPEG] - Main profile bitstream
Nov 14, 2023 03:25:59.139 [140341447707392] DEBUG - [FFMPEG] - nal_unit_type: 33(SPS), nuh_layer_id: 0, temporal_id: 0
Nov 14, 2023 03:25:59.139 [140341447707392] DEBUG - [FFMPEG] - Decoding SPS
Nov 14, 2023 03:25:59.139 [140341447707392] DEBUG - [FFMPEG] - Main profile bitstream
Nov 14, 2023 03:25:59.139 [140341447707392] DEBUG - [FFMPEG] - Decoding VUI
Nov 14, 2023 03:25:59.139 [140341447707392] DEBUG - [FFMPEG] - nal_unit_type: 34(PPS), nuh_layer_id: 0, temporal_id: 0
Nov 14, 2023 03:25:59.139 [140341447707392] DEBUG - [FFMPEG] - Decoding PPS
Nov 14, 2023 03:25:59.139 [140341447707392] DEBUG - [FFMPEG] - nal_unit_type: 39(SEI_PREFIX), nuh_layer_id: 0, temporal_id: 0
Nov 14, 2023 03:25:59.139 [140341447707392] DEBUG - [FFMPEG] - Decoding SEI
Nov 14, 2023 03:25:59.139 [140341447707392] DEBUG - [FFMPEG] - nal_unit_type: 21(CRA_NUT), nuh_layer_id: 0, temporal_id: 0
Nov 14, 2023 03:25:59.139 [140341447707392] DEBUG - [FFMPEG] - Format yuv420p chosen by get_format().
Nov 14, 2023 03:25:59.139 [140341447707392] DEBUG - [FFMPEG] - Decoded frame with POC 115.
Nov 14, 2023 03:25:59.139 [140341447707392] DEBUG - [FFMPEG] - nal_unit_type: 1(TRAIL_R), nuh_layer_id: 0, temporal_id: 0
Nov 14, 2023 03:25:59.139 [140341447707392] DEBUG - [FFMPEG] - Decoded frame with POC 117.
Nov 14, 2023 03:25:59.139 [140341447707392] DEBUG - [FFMPEG] - nal_unit_type: 0(TRAIL_N), nuh_layer_id: 0, temporal_id: 0
Nov 14, 2023 03:25:59.139 [140341447707392] DEBUG - [FFMPEG] - Output frame with POC 115.
Nov 14, 2023 03:25:59.140 [140341447707392] DEBUG - [FFMPEG] - Decoded frame with POC 116.
Nov 14, 2023 03:25:59.141 [140341447707392] DEBUG - Loaded memory image of size 256x144.
Nov 14, 2023 03:25:59.142 [140341447707392] DEBUG - [MI] Closing input file: "/tvshows/Blender Shorts/S01E01.mkv"
Nov 14, 2023 03:25:59.142 [140341447707392] DEBUG - [MI] Opening input file: "/tvshows/Blender Shorts/S01E01.mkv"
Nov 14, 2023 03:25:59.142 [140341447707392] DEBUG - [FFMPEG] - Opening '/tvshows/Blender Shorts/S01E01.mkv' for reading
Nov 14, 2023 03:25:59.142 [140341447707392] DEBUG - [FFMPEG] - Setting default whitelist 'file,crypto,data'
Nov 14, 2023 03:25:59.142 [140341447707392] DEBUG - [FFMPEG] - Format matroska,webm probed with size=2048 and score=100
Nov 14, 2023 03:25:59.143 [140341447707392] DEBUG - [FFMPEG] - st:0 removing common factor 1000000 from timebase
Nov 14, 2023 03:25:59.143 [140341447707392] DEBUG - [FFMPEG] - Before avformat_find_stream_info() pos: 3141 bytes read:32768 seeks:0 nb_streams:1
Nov 14, 2023 03:25:59.143 [140341447707392] DEBUG - [FFMPEG] - nal_unit_type: 32(VPS), nuh_layer_id: 0, temporal_id: 0
Nov 14, 2023 03:25:59.143 [140341447707392] DEBUG - [FFMPEG] - Decoding VPS
Nov 14, 2023 03:25:59.143 [140341447707392] DEBUG - [FFMPEG] - Main profile bitstream
Nov 14, 2023 03:25:59.143 [140341447707392] DEBUG - [FFMPEG] - nal_unit_type: 33(SPS), nuh_layer_id: 0, temporal_id: 0
Nov 14, 2023 03:25:59.143 [140341447707392] DEBUG - [FFMPEG] - Decoding SPS
Nov 14, 2023 03:25:59.143 [140341447707392] DEBUG - [FFMPEG] - Main profile bitstream
Nov 14, 2023 03:25:59.143 [140341447707392] DEBUG - [FFMPEG] - Decoding VUI
Nov 14, 2023 03:25:59.143 [140341447707392] DEBUG - [FFMPEG] - nal_unit_type: 34(PPS), nuh_layer_id: 0, temporal_id: 0
Nov 14, 2023 03:25:59.143 [140341447707392] DEBUG - [FFMPEG] - Decoding PPS
Nov 14, 2023 03:25:59.143 [140341447707392] DEBUG - [FFMPEG] - nal_unit_type: 39(SEI_PREFIX), nuh_layer_id: 0, temporal_id: 0
Nov 14, 2023 03:25:59.143 [140341447707392] DEBUG - [FFMPEG] - Decoding SEI
Nov 14, 2023 03:25:59.143 [140341447707392] DEBUG - [FFMPEG] - All info found
Nov 14, 2023 03:25:59.143 [140341447707392] DEBUG - [FFMPEG] - After avformat_find_stream_info() pos: 3257 bytes read:32768 seeks:0 frames:3
Nov 14, 2023 03:25:59.143 [140341447707392] DEBUG - Creating /config/Library/Application Support/Plex Media Server/Media/localhost/2/57b27d654debae01f368f141a35e6bb2f693b84.bundle/Contents/Thumbnails/thumb2.jpg (50.0%, 720x512).
Nov 14, 2023 03:25:59.143 [140341447707392] DEBUG - [FFMPEG] - nal_unit_type: 32(VPS), nuh_layer_id: 0, temporal_id: 0
Nov 14, 2023 03:25:59.143 [140341447707392] DEBUG - [FFMPEG] - Decoding VPS
Nov 14, 2023 03:25:59.143 [140341447707392] DEBUG - [FFMPEG] - Main profile bitstream
Nov 14, 2023 03:25:59.143 [140341447707392] DEBUG - [FFMPEG] - nal_unit_type: 33(SPS), nuh_layer_id: 0, temporal_id: 0
Nov 14, 2023 03:25:59.143 [140341447707392] DEBUG - [FFMPEG] - Decoding SPS
Nov 14, 2023 03:25:59.143 [140341447707392] DEBUG - [FFMPEG] - Main profile bitstream
Nov 14, 2023 03:25:59.143 [140341447707392] DEBUG - [FFMPEG] - Decoding VUI
Nov 14, 2023 03:25:59.143 [140341447707392] DEBUG - [FFMPEG] - nal_unit_type: 34(PPS), nuh_layer_id: 0, temporal_id: 0
Nov 14, 2023 03:25:59.143 [140341447707392] DEBUG - [FFMPEG] - Decoding PPS
Nov 14, 2023 03:25:59.143 [140341447707392] DEBUG - [FFMPEG] - nal_unit_type: 39(SEI_PREFIX), nuh_layer_id: 0, temporal_id: 0
Nov 14, 2023 03:25:59.143 [140341447707392] DEBUG - [FFMPEG] - Decoding SEI
Nov 14, 2023 03:25:59.143 [140341447707392] DEBUG - [FFMPEG] - nal_unit_type: 21(CRA_NUT), nuh_layer_id: 0, temporal_id: 0
Nov 14, 2023 03:25:59.143 [140341447707392] DEBUG - [FFMPEG] - Format yuv420p chosen by get_format().
Nov 14, 2023 03:25:59.144 [140341447707392] DEBUG - [FFMPEG] - Decoded frame with POC -19.
Nov 14, 2023 03:25:59.144 [140341447707392] DEBUG - [FFMPEG] - nal_unit_type: 1(TRAIL_R), nuh_layer_id: 0, temporal_id: 0
Nov 14, 2023 03:25:59.144 [140341447707392] DEBUG - [FFMPEG] - Decoded frame with POC -18.
Nov 14, 2023 03:25:59.144 [140341447707392] DEBUG - [FFMPEG] - nal_unit_type: 1(TRAIL_R), nuh_layer_id: 0, temporal_id: 0
Nov 14, 2023 03:25:59.144 [140341447707392] DEBUG - [FFMPEG] - Output frame with POC -19.
Nov 14, 2023 03:25:59.144 [140341447707392] DEBUG - [FFMPEG] - Decoded frame with POC -15.
Nov 14, 2023 03:25:59.146 [140341447707392] DEBUG - Loaded memory image of size 256x144.
Nov 14, 2023 03:25:59.147 [140341447707392] DEBUG - [MI] Closing input file: "/tvshows/Blender Shorts/S01E01.mkv"
Nov 14, 2023 03:25:59.147 [140341447707392] DEBUG - [MI] Opening input file: "/tvshows/Blender Shorts/S01E01.mkv"
Nov 14, 2023 03:25:59.147 [140341447707392] DEBUG - [FFMPEG] - Opening '/tvshows/Blender Shorts/S01E01.mkv' for reading
Nov 14, 2023 03:25:59.147 [140341447707392] DEBUG - [FFMPEG] - Setting default whitelist 'file,crypto,data'
Nov 14, 2023 03:25:59.147 [140341447707392] DEBUG - [FFMPEG] - Format matroska,webm probed with size=2048 and score=100
Nov 14, 2023 03:25:59.147 [140341447707392] DEBUG - [FFMPEG] - st:0 removing common factor 1000000 from timebase
Nov 14, 2023 03:25:59.147 [140341447707392] DEBUG - [FFMPEG] - Before avformat_find_stream_info() pos: 3141 bytes read:32768 seeks:0 nb_streams:1
Nov 14, 2023 03:25:59.147 [140341447707392] DEBUG - [FFMPEG] - nal_unit_type: 32(VPS), nuh_layer_id: 0, temporal_id: 0
Nov 14, 2023 03:25:59.147 [140341447707392] DEBUG - [FFMPEG] - Decoding VPS
Nov 14, 2023 03:25:59.147 [140341447707392] DEBUG - [FFMPEG] - Main profile bitstream
Nov 14, 2023 03:25:59.147 [140341447707392] DEBUG - [FFMPEG] - nal_unit_type: 33(SPS), nuh_layer_id: 0, temporal_id: 0
Nov 14, 2023 03:25:59.147 [140341447707392] DEBUG - [FFMPEG] - Decoding SPS
Nov 14, 2023 03:25:59.147 [140341447707392] DEBUG - [FFMPEG] - Main profile bitstream
Nov 14, 2023 03:25:59.147 [140341447707392] DEBUG - [FFMPEG] - Decoding VUI
Nov 14, 2023 03:25:59.147 [140341447707392] DEBUG - [FFMPEG] - nal_unit_type: 34(PPS), nuh_layer_id: 0, temporal_id: 0
Nov 14, 2023 03:25:59.147 [140341447707392] DEBUG - [FFMPEG] - Decoding PPS
Nov 14, 2023 03:25:59.147 [140341447707392] DEBUG - [FFMPEG] - nal_unit_type: 39(SEI_PREFIX), nuh_layer_id: 0, temporal_id: 0
Nov 14, 2023 03:25:59.147 [140341447707392] DEBUG - [FFMPEG] - Decoding SEI
Nov 14, 2023 03:25:59.147 [140341447707392] DEBUG - [FFMPEG] - All info found
Nov 14, 2023 03:25:59.147 [140341447707392] DEBUG - [FFMPEG] - After avformat_find_stream_info() pos: 3257 bytes read:32768 seeks:0 frames:3
Nov 14, 2023 03:25:59.147 [140341447707392] DEBUG - Creating /config/Library/Application Support/Plex Media Server/Media/localhost/2/57b27d654debae01f368f141a35e6bb2f693b84.bundle/Contents/Thumbnails/thumb3.jpg (75.0%, 720x512).
Nov 14, 2023 03:25:59.147 [140341447707392] DEBUG - [FFMPEG] - nal_unit_type: 32(VPS), nuh_layer_id: 0, temporal_id: 0
Nov 14, 2023 03:25:59.147 [140341447707392] DEBUG - [FFMPEG] - Decoding VPS
Nov 14, 2023 03:25:59.147 [140341447707392] DEBUG - [FFMPEG] - Main profile bitstream
Nov 14, 2023 03:25:59.147 [140341447707392] DEBUG - [FFMPEG] - nal_unit_type: 33(SPS), nuh_layer_id: 0, temporal_id: 0
Nov 14, 2023 03:25:59.147 [140341447707392] DEBUG - [FFMPEG] - Decoding SPS
Nov 14, 2023 03:25:59.147 [140341447707392] DEBUG - [FFMPEG] - Main profile bitstream
Nov 14, 2023 03:25:59.147 [140341447707392] DEBUG - [FFMPEG] - Decoding VUI
Nov 14, 2023 03:25:59.147 [140341447707392] DEBUG - [FFMPEG] - nal_unit_type: 34(PPS), nuh_layer_id: 0, temporal_id: 0
Nov 14, 2023 03:25:59.147 [140341447707392] DEBUG - [FFMPEG] - Decoding PPS
Nov 14, 2023 03:25:59.147 [140341447707392] DEBUG - [FFMPEG] - nal_unit_type: 39(SEI_PREFIX), nuh_layer_id: 0, temporal_id: 0
Nov 14, 2023 03:25:59.147 [140341447707392] DEBUG - [FFMPEG] - Decoding SEI
Nov 14, 2023 03:25:59.148 [140341447707392] DEBUG - [FFMPEG] - nal_unit_type: 21(CRA_NUT), nuh_layer_id: 0, temporal_id: 0
Nov 14, 2023 03:25:59.148 [140341447707392] DEBUG - [FFMPEG] - Format yuv420p chosen by get_format().
Nov 14, 2023 03:25:59.148 [140341447707392] DEBUG - [FFMPEG] - Decoded frame with POC -70.
Nov 14, 2023 03:25:59.148 [140341447707392] DEBUG - [FFMPEG] - nal_unit_type: 1(TRAIL_R), nuh_layer_id: 0, temporal_id: 0
Nov 14, 2023 03:25:59.148 [140341447707392] DEBUG - [FFMPEG] - Decoded frame with POC -69.
Nov 14, 2023 03:25:59.148 [140341447707392] DEBUG - [FFMPEG] - nal_unit_type: 1(TRAIL_R), nuh_layer_id: 0, temporal_id: 0
Nov 14, 2023 03:25:59.148 [140341447707392] DEBUG - [FFMPEG] - Output frame with POC -70.
Nov 14, 2023 03:25:59.148 [140341447707392] DEBUG - [FFMPEG] - Decoded frame with POC -68.
Nov 14, 2023 03:25:59.150 [140341447707392] DEBUG - Loaded memory image of size 256x144.
Nov 14, 2023 03:25:59.151 [140341447707392] DEBUG - [MI] Closing input file: "/tvshows/Blender Shorts/S01E01.mkv"
Nov 14, 2023 03:25:59.151 [140341447707392] DEBUG - Downloading document http://127.0.0.1:32400/library/changestamp
Nov 14, 2023 03:25:59.151 [140341447707392] DEBUG - [HCl#a] HTTP requesting GET http://127.0.0.1:32400/library/changestamp
Nov 14, 2023 03:25:59.151 [140341450414848] DEBUG - [HttpClient/HCl#a] HTTP/1.1 (0.0s) 200 response from GET http://127.0.0.1:32400/library/changestamp (reused)
Nov 14, 2023 03:25:59.151 [140341447707392] DEBUG - Updating metadata item (save) (2023-11-14) with ID 21
Nov 14, 2023 03:25:59.152 [140341450939136] DEBUG - [HCl#b] HTTP requesting GET http://127.0.0.1:32400/:/metadata/flushMetadataCounterCache?metadataItemID=19
Nov 14, 2023 03:25:59.152 [140341450414848] DEBUG - [HttpClient/HCl#b] HTTP/1.1 (0.0s) 200 response from GET http://127.0.0.1:32400/:/metadata/flushMetadataCounterCache?metadataItemID=19 (reused)
Nov 14, 2023 03:25:59.152 [140341450939136] DEBUG - [HCl#c] HTTP requesting GET http://127.0.0.1:32400/:/metadata/notify/changeItemState?librarySectionID=2&metadataItemID=21&metadataType=4&state=-1&parentID=-1&rootID=-1&mediaState=idle
Nov 14, 2023 03:25:59.152 [140341450414848] DEBUG - [HttpClient/HCl#c] HTTP/1.1 (0.0s) 200 response from GET http://127.0.0.1:32400/:/metadata/notify/changeItemState?librarySectionID=2&metadataItemID=21&metadataType=4&state=-1&parentID=-1&rootID=-1&mediaState=idle (reused)
Nov 14, 2023 03:25:59.153 [140341447707392] DEBUG - Downloading document http://127.0.0.1:32400/library/changestamp
Nov 14, 2023 03:25:59.153 [140341447707392] DEBUG - [HCl#d] HTTP requesting GET http://127.0.0.1:32400/library/changestamp
Nov 14, 2023 03:25:59.154 [140341450414848] DEBUG - [HttpClient/HCl#d] HTTP/1.1 (0.0s) 200 response from GET http://127.0.0.1:32400/library/changestamp (reused)
Nov 14, 2023 03:25:59.154 [140341447707392] DEBUG - Updating metadata item (save) (2023-11-14) with ID 21
Nov 14, 2023 03:25:59.154 [140341450939136] DEBUG - [HCl#e] HTTP requesting GET http://127.0.0.1:32400/:/metadata/flushMetadataCounterCache?metadataItemID=19
Nov 14, 2023 03:25:59.154 [140341447707392] DEBUG - [HCl#f] HTTP requesting PUT http://127.0.0.1:32400/library/metadata/20/intro
Nov 14, 2023 03:25:59.154 [140341450414848] DEBUG - [HttpClient/HCl#e] HTTP/1.1 (0.0s) 200 response from GET http://127.0.0.1:32400/:/metadata/flushMetadataCounterCache?metadataItemID=19 (reused)
Nov 14, 2023 03:25:59.155 [140341450414848] DEBUG - [HttpClient/HCl#f] HTTP/1.1 (0.0s) 404 response from PUT http://127.0.0.1:32400/library/metadata/20/intro (reused)
Nov 14, 2023 03:25:59.155 [140341447707392] DEBUG - [HCl#10] HTTP requesting PUT http://127.0.0.1:32400/library/metadata/21/credits
Nov 14, 2023 03:25:59.156 [140341450414848] DEBUG - [HttpClient/HCl#10] HTTP/1.1 (0.0s) 403 response from PUT http://127.0.0.1:32400/library/metadata/21/credits (reused)
Nov 14, 2023 03:25:59.157 [140341450939136] DEBUG - [HCl#11] HTTP requesting GET http://127.0.0.1:32400/:/metadata/notify/changeItemState?librarySectionID=2&metadataItemID=21&metadataType=4&state=1&parentID=-1&rootID=-1
Nov 14, 2023 03:25:59.157 [140341450414848] DEBUG - [HttpClient/HCl#11] HTTP/1.1 (0.0s) 200 response from GET http://127.0.0.1:32400/:/metadata/notify/changeItemState?librarySectionID=2&metadataItemID=21&metadataType=4&state=1&parentID=-1&rootID=-1 (reused)
