Nov 14, 2023 03:18:02.718 [139875939592960] INFO - Plex Media Scanner v1.32.7.7621-871adbd44 - Docker Docker Container (LinuxServer.io) x86_64 - build: linux-x86_64 - GMT 00:00
Nov 14, 2023 03:18:02.718 [139875939592960] INFO - Linux version: 6.6.0, language: en-US
Nov 14, 2023 03:18:02.718 [139875939592960] INFO - Processor: 32-core AMD Ryzen 9 5950X 16-Core Processor            
Nov 14, 2023 03:18:02.718 [139875939592960] INFO - /usr/lib/plexmediaserver/Plex Media Scanner --analyze-deeply --item 12 --log-file-suffix  Deep Analysis
Nov 14, 2023 03:18:02.719 [139875940096832] DEBUG - Opening 20 database sessions to library (com.plexapp.plugins.library), SQLite 3.39.4, threadsafe=1
Nov 14, 2023 03:18:02.771 [139875940096832] DEBUG - [MI] Opening input file: "/tvshows/Bridge/S01E01.mkv"
Nov 14, 2023 03:18:02.771 [139875940096832] DEBUG - [FFMPEG] - Opening '/tvshows/Bridge/S01E01.mkv' for reading
Nov 14, 2023 03:18:02.771 [139875940096832] DEBUG - [FFMPEG] - Setting default whitelist 'file,crypto,data'
Nov 14, 2023 03:18:02.771 [139875940096832] DEBUG - [FFMPEG] - Format matroska,webm probed with size=2048 and score=100
Nov 14, 2023 03:18:02.771 [139875940096832] DEBUG - [FFMPEG] - st:0 removing common factor 1000000 from timebase
Nov 14, 2023 03:18:02.771 [139875940096832] DEBUG - [FFMPEG] - Before avformat_find_stream_info() pos: 3001 bytes read:32768 seeks:0 nb_streams:1
Nov 14, 2023 03:18:02.772 [139875940096832] DEBUG - [FFMPEG] - nal_unit_type: 32(VPS), nuh_layer_id: 0, temporal_id: 0
Nov 14, 2023 03:18:02.772 [139875940096832] DEBUG - [FFMPEG] - Decoding VPS
Nov 14, 2023 03:18:02.772 [139875940096832] DEBUG - [FFMPEG] - Main profile bitstream
Nov 14, 2023 03:18:02.772 [139875940096832] DEBUG - [FFMPEG] - nal_unit_type: 33(SPS), nuh_layer_id: 0, temporal_id: 0
Nov 14, 2023 03:18:02.772 [139875940096832] DEBUG - [FFMPEG] - Decoding SPS
Nov 14, 2023 03:18:02.772 [139875940096832] DEBUG - [FFMPEG] - Main profile bitstream
Nov 14, 2023 03:18:02.772 [139875940096832] DEBUG - [FFMPEG] - Decoding VUI
Nov 14, 2023 03:18:02.772 [139875940096832] DEBUG - [FFMPEG] - nal_unit_type: 34(PPS), nuh_layer_id: 0, temporal_id: 0
Nov 14, 2023 03:18:02.772 [139875940096832] DEBUG - [FFMPEG] - Decoding PPS
Nov 14, 2023 03:18:02.772 [139875940096832] DEBUG - [FFMPEG] - nal_unit_type: 39(SEI_PREFIX), nuh_layer_id: 0, temporal_id: 0
Nov 14, 2023 03:18:02.772 [139875940096832] DEBUG - [FFMPEG] - Decoding SEI
Nov 14, 2023 03:18:02.772 [139875940096832] DEBUG - [FFMPEG] - All info found
Nov 14, 2023 03:18:02.772 [139875940096832] DEBUG - [FFMPEG] - After avformat_find_stream_info() pos: 4161 bytes read:32768 seeks:0 frames:3
Nov 14, 2023 03:18:02.773 [139875940096832] DEBUG - Deep Analysis: Sorting packets
Nov 14, 2023 03:18:02.773 [139875940096832] DEBUG - Deep Analysis: Performing file bitrate analysis
Nov 14, 2023 03:18:02.773 [139875940096832] DEBUG - Deep Analysis: Performing stream bitrate analysis on stream 0
Nov 14, 2023 03:18:02.774 [139875940096832] DEBUG - Deep Analysis: Saving GoP analysis for stream 0
Nov 14, 2023 03:18:02.774 [139875940096832] DEBUG - Deep Analysis: Saving bitrate analysis
Nov 14, 2023 03:18:02.774 [139875940096832] DEBUG - Updating part with ID=8 [/tvshows/Bridge/S01E01.mkv]
Nov 14, 2023 03:18:02.774 [139875940096832] DEBUG - [MI] Closing input file: "/tvshows/Bridge/S01E01.mkv"
Nov 14, 2023 03:18:02.774 [139875940096832] DEBUG - Updating media item 8, size=108137, metadata_item_id=12
Nov 14, 2023 03:18:02.774 [139875940096832] DEBUG - Updating part with ID=8 [/tvshows/Bridge/S01E01.mkv]
