<SessionReport version="2" startTime="0" startTimestamp="Jan 03, 2024 03:04:50.933" key="/library/metadata/90" session="x6mlvvf0j1g6pmggbfgiw3lh" transcode="9f9nykpm2qtqg348wvvh7qqo">
<User id="1" thumb="https://plex.tv/users/9529775b381eead0/avatar?c=1704248532" title="jellyplex_watched" />
<Player address="172.17.0.1" device="Linux" machineIdentifier="upurcdbxa4neyp5i22yscl4w" model="bundled" platform="Firefox" platformVersion="120.0" product="Plex Web" remotePublicAddress="174.56.16.213" title="Firefox" version="4.108.0" local="1" relayed="0" secure="0" userID="1" />
<Variants>
<Variant id="4e748e4b-3e27-4ed3-addd-fd37e4bb5fde" targetBitrate="10000000" context="streaming" sourceVideoCodec="h264" videoDecision="copy" protocol="dash" container="mp4" videoCodec="h264" transcodeHwRequested="0" transcodeHwFullPipeline="0">
<Media id="154" videoProfile="high" container="mp4" duration="601000" height="96" optimizedForStreaming="1" protocol="dash" videoCodec="h264" videoResolution="SD" width="128" selected="1">
<Part id="154" videoProfile="high" container="mp4" duration="601000" height="96" optimizedForStreaming="1" protocol="dash" width="128" decision="transcode" selected="1">
<Stream bitDepth="8" bitrate="0" chromaLocation="left" chromaSubsampling="4:2:0" codec="h264" codedHeight="96" codedWidth="128" displayTitle="SD (H.264)" extendedDisplayTitle="SD (H.264)" frameRate="1" hasScalingMatrix="0" height="96" id="280" level="10" profile="high" refFrames="4" scanType="progressive" selected="1" streamType="1" width="128" decision="copy" location="segments-video" />
</Part>
</Media>
</Variant>
</Variants>
<SegmentList>
<Segment duration="250000" startOffset="0" endOffset="250000">
<File name="chunk-stream0-00001.m4s" type="video">
<FileVariant size="7271" variant="4e748e4b-3e27-4ed3-addd-fd37e4bb5fde" />
</File>
<Timelines>
<Transcode startTime="7" endTime="8" complete="1" fileType="video" variant="4e748e4b-3e27-4ed3-addd-fd37e4bb5fde" />
<Download startTime="27" endTime="27" complete="1" fileType="video" variant="4e748e4b-3e27-4ed3-addd-fd37e4bb5fde" />
</Timelines>
</Segment>
<Segment duration="250000" startOffset="250000" endOffset="500000">
<File name="chunk-stream0-00002.m4s" type="video">
<FileVariant size="6594" variant="4e748e4b-3e27-4ed3-addd-fd37e4bb5fde" />
</File>
<Timelines>
<Transcode startTime="8" endTime="9" complete="1" fileType="video" variant="4e748e4b-3e27-4ed3-addd-fd37e4bb5fde" />
</Timelines>
</Segment>
<Segment duration="101000" startOffset="500000" endOffset="601000">
<File name="chunk-stream0-00003.m4s" type="video">
<FileVariant size="2789" variant="4e748e4b-3e27-4ed3-addd-fd37e4bb5fde" />
</File>
<Timelines>
<Transcode startTime="9" endTime="10" complete="1" fileType="video" variant="4e748e4b-3e27-4ed3-addd-fd37e4bb5fde" />
</Timelines>
</Segment>
</SegmentList>
<PlaybackReports>
<Playback startTime="1101" endTime="10040" state="playing" progress="1000" />
<Playback startTime="10040" endTime="10743" state="playing" progress="119000" />
<Playback startTime="10743" state="stopped" progress="120000" />
</PlaybackReports>
<StateReports />
<StateReports />
</SessionReport>
