Jan 03, 2024 03:11:57.767 [0x7f6fcc580b38] INFO - Plex Tuner Service v1.32.7.7621-871adbd44 - Docker Docker Container (LinuxServer.io) x86_64 - build: 
Jan 03, 2024 03:11:57.768 [0x7f6fcc580b38] INFO - Linux version: 6.7.0-rc5 (#1-NixOS SMP PREEMPT_DYNAMIC Tue Jan  1 00:00:00 UTC 1980), language: en-US
Jan 03, 2024 03:11:57.768 [0x7f6fcc580b38] INFO - Processor AMD Ryzen 9 5950X 16-Core Processor            
Jan 03, 2024 03:11:57.768 [0x7f6fcc580b38] INFO - /usr/lib/plexmediaserver/Plex Tuner Service /usr/lib/plexmediaserver/Resources/Tuner/Private /usr/lib/plexmediaserver/Resources/Tuner/Shared 1.32.7.7621-871adbd44 32600
Jan 03, 2024 03:11:57.767 [0x7f6fce0f2808] INFO - [I] broker_t::start...
Jan 03, 2024 03:11:57.769 [0x7f6fce0f2808] INFO - [I] device_manager_t::init.
Jan 03, 2024 03:11:57.769 [0x7f6fce0f2808] INFO - [I] device_manager_t::init. Initialize provider manager
Jan 03, 2024 03:11:57.769 [0x7f6fce0f2808] INFO - [I] device_manager_t::init. Initialize all device auxes
Jan 03, 2024 03:11:57.769 [0x7f6fce0f2808] INFO - [I] dvb_device_factory_t::get_aux_list
Jan 03, 2024 03:11:57.769 [0x7f6fce0f2808] INFO - [I] tvbutler_aux_t::init
Jan 03, 2024 03:11:57.771 [0x7f6fce0f2808] INFO - [I] web_server_t::start. Starting web server on port 32600
Jan 03, 2024 03:11:58.433 [0x7f6fce0f2808] INFO - Received SIGINT: Interrupt from keyboard.
Jan 03, 2024 03:11:58.472 [0x7f6fce0f2808] INFO - [I] device_manager_t::term
Jan 03, 2024 03:11:58.472 [0x7f6fce0f2808] INFO - [I] device_manager_t::term. Stop all devices
Jan 03, 2024 03:11:58.472 [0x7f6fce0f2808] INFO - [I] device_manager_t::term. Shut down all device auxes
Jan 03, 2024 03:11:58.472 [0x7f6fce0f2808] INFO - [I] tvbutler_aux_t::term
Jan 03, 2024 03:11:58.472 [0x7f6fce0f2808] INFO - [I] web_server_t::stop. Web server is stopped
Jan 03, 2024 03:11:58.472 [0x7f6fce0f2808] INFO - [I] device_manager_t::term
Jan 03, 2024 03:11:58.472 [0x7f6fce0f2808] INFO - [I] device_manager_t::term. Stop all devices
Jan 03, 2024 03:11:58.472 [0x7f6fce0f2808] INFO - [I] device_manager_t::term. Shut down all device auxes
Jan 03, 2024 03:11:58.472 [0x7f6fce0f2808] INFO - [I] broker_t::shutdown. Shutdown is completed.
