Nov 14, 2023 03:02:04.816 [139857730362112] INFO - Plex Media Scanner v1.32.7.7621-871adbd44 - Docker Docker Container (LinuxServer.io) x86_64 - build: linux-x86_64 - GMT 00:00
Nov 14, 2023 03:02:04.817 [139857730362112] INFO - Linux version: 6.6.0, language: en-US
Nov 14, 2023 03:02:04.817 [139857730362112] INFO - Processor: 32-core AMD Ryzen 9 5950X 16-Core Processor            
Nov 14, 2023 03:02:04.817 [139857730362112] INFO - /usr/lib/plexmediaserver/Plex Media Scanner --analyze-deeply --item 3 --log-file-suffix  Deep Analysis
Nov 14, 2023 03:02:04.817 [139857730865984] DEBUG - Opening 20 database sessions to library (com.plexapp.plugins.library), SQLite 3.39.4, threadsafe=1
Nov 14, 2023 03:02:04.868 [139857730865984] DEBUG - [MI] Opening input file: "/movies/Tears Of Steel {tvdb-37711} {imdb-tt2285752}.mkv"
Nov 14, 2023 03:02:04.868 [139857730865984] DEBUG - [FFMPEG] - Opening '/movies/Tears Of Steel {tvdb-37711} {imdb-tt2285752}.mkv' for reading
Nov 14, 2023 03:02:04.868 [139857730865984] DEBUG - [FFMPEG] - Setting default whitelist 'file,crypto,data'
Nov 14, 2023 03:02:04.868 [139857730865984] DEBUG - [FFMPEG] - Format matroska,webm probed with size=2048 and score=100
Nov 14, 2023 03:02:04.868 [139857730865984] DEBUG - [FFMPEG] - st:0 removing common factor 1000000 from timebase
Nov 14, 2023 03:02:04.868 [139857730865984] DEBUG - [FFMPEG] - st:1 removing common factor 1000000 from timebase
Nov 14, 2023 03:02:04.868 [139857730865984] DEBUG - [FFMPEG] - Before avformat_find_stream_info() pos: 3372 bytes read:32768 seeks:0 nb_streams:2
Nov 14, 2023 03:02:04.869 [139857730865984] DEBUG - [FFMPEG] - nal_unit_type: 32(VPS), nuh_layer_id: 0, temporal_id: 0
Nov 14, 2023 03:02:04.869 [139857730865984] DEBUG - [FFMPEG] - Decoding VPS
Nov 14, 2023 03:02:04.869 [139857730865984] DEBUG - [FFMPEG] - Main profile bitstream
Nov 14, 2023 03:02:04.869 [139857730865984] DEBUG - [FFMPEG] - nal_unit_type: 33(SPS), nuh_layer_id: 0, temporal_id: 0
Nov 14, 2023 03:02:04.869 [139857730865984] DEBUG - [FFMPEG] - Decoding SPS
Nov 14, 2023 03:02:04.869 [139857730865984] DEBUG - [FFMPEG] - Main profile bitstream
Nov 14, 2023 03:02:04.869 [139857730865984] DEBUG - [FFMPEG] - Decoding VUI
Nov 14, 2023 03:02:04.869 [139857730865984] DEBUG - [FFMPEG] - nal_unit_type: 34(PPS), nuh_layer_id: 0, temporal_id: 0
Nov 14, 2023 03:02:04.869 [139857730865984] DEBUG - [FFMPEG] - Decoding PPS
Nov 14, 2023 03:02:04.869 [139857730865984] DEBUG - [FFMPEG] - nal_unit_type: 39(SEI_PREFIX), nuh_layer_id: 0, temporal_id: 0
Nov 14, 2023 03:02:04.869 [139857730865984] DEBUG - [FFMPEG] - Decoding SEI
Nov 14, 2023 03:02:04.870 [139857730865984] DEBUG - [FFMPEG] - All info found
Nov 14, 2023 03:02:04.870 [139857730865984] DEBUG - [FFMPEG] - After avformat_find_stream_info() pos: 3858 bytes read:32768 seeks:0 frames:4
Nov 14, 2023 03:02:04.879 [139857730865984] DEBUG - Deep Analysis: Read 10000 packets at 149.049000
Nov 14, 2023 03:02:04.888 [139857730865984] DEBUG - Deep Analysis: Read 20000 packets at 298.167000
Nov 14, 2023 03:02:04.896 [139857730865984] DEBUG - Deep Analysis: Read 30000 packets at 447.263000
Nov 14, 2023 03:02:04.904 [139857730865984] DEBUG - Deep Analysis: Read 40000 packets at 596.375000
Nov 14, 2023 03:02:04.912 [139857730865984] DEBUG - Deep Analysis: Sorting packets
Nov 14, 2023 03:02:04.912 [139857730865984] DEBUG - Deep Analysis: Performing file bitrate analysis
Nov 14, 2023 03:02:04.915 [139857730865984] DEBUG - Deep Analysis: Performing stream bitrate analysis on stream 0
Nov 14, 2023 03:02:04.915 [139857730865984] DEBUG - Deep Analysis: Performing stream bitrate analysis on stream 1
Nov 14, 2023 03:02:04.917 [139857730865984] DEBUG - Deep Analysis: Saving GoP analysis for stream 0
Nov 14, 2023 03:02:04.917 [139857730865984] DEBUG - Deep Analysis: Saving bitrate analysis
Nov 14, 2023 03:02:04.917 [139857730865984] DEBUG - Updating part with ID=3 [/movies/Tears Of Steel {tvdb-37711} {imdb-tt2285752}.mkv]
Nov 14, 2023 03:02:04.917 [139857730865984] DEBUG - [MI] Closing input file: "/movies/Tears Of Steel {tvdb-37711} {imdb-tt2285752}.mkv"
Nov 14, 2023 03:02:04.917 [139857730865984] DEBUG - Updating media item 3, size=12833936, metadata_item_id=3
Nov 14, 2023 03:02:04.917 [139857730865984] DEBUG - Updating part with ID=3 [/movies/Tears Of Steel {tvdb-37711} {imdb-tt2285752}.mkv]
