<SessionReport version="2" startTime="0" startTimestamp="Jan 03, 2024 02:52:00.258" key="/library/metadata/83" session="bg16wi4xev8n5athrxurtbg4" transcode="zu11vfka6pibocnc7drmvkc0">
<User id="1" thumb="https://plex.tv/users/9529775b381eead0/avatar?c=1704248532" title="jellyplex_watched" />
<Player address="172.17.0.1" device="Linux" machineIdentifier="upurcdbxa4neyp5i22yscl4w" model="bundled" platform="Firefox" platformVersion="120.0" product="Plex Web" remotePublicAddress="174.56.16.213" title="Firefox" version="4.108.0" local="1" relayed="0" secure="0" userID="1" />
<Variants>
<Variant id="3bf78284-cf84-4911-9b5c-53e5683cfa61" targetBitrate="10000000" context="streaming" sourceVideoCodec="h264" videoDecision="copy" protocol="dash" container="mp4" videoCodec="h264" transcodeHwRequested="0" transcodeHwFullPipeline="0">
<Media id="149" videoProfile="high" container="mp4" duration="241000" height="96" optimizedForStreaming="1" protocol="dash" videoCodec="h264" videoResolution="SD" width="128" selected="1">
<Part id="149" videoProfile="high" container="mp4" duration="241000" height="96" optimizedForStreaming="1" protocol="dash" width="128" decision="transcode" selected="1">
<Stream bitDepth="8" bitrate="0" chromaLocation="left" chromaSubsampling="4:2:0" codec="h264" codedHeight="96" codedWidth="128" displayTitle="SD (H.264)" extendedDisplayTitle="SD (H.264)" frameRate="1" hasScalingMatrix="0" height="96" id="275" level="10" profile="high" refFrames="4" scanType="progressive" selected="1" streamType="1" width="128" decision="copy" location="segments-video" />
</Part>
</Media>
</Variant>
</Variants>
<SegmentList>
<Segment duration="241000" startOffset="0" endOffset="241000">
<File name="chunk-stream0-00001.m4s" type="video">
<FileVariant size="7036" variant="3bf78284-cf84-4911-9b5c-53e5683cfa61" />
</File>
<Timelines>
<Transcode startTime="7" endTime="9" complete="1" fileType="video" variant="3bf78284-cf84-4911-9b5c-53e5683cfa61" />
<Download startTime="31" endTime="31" complete="1" fileType="video" variant="3bf78284-cf84-4911-9b5c-53e5683cfa61" />
</Timelines>
</Segment>
</SegmentList>
<PlaybackReports>
<Playback startTime="828" endTime="6391" state="playing" progress="0" />
<Playback startTime="6391" state="stopped" progress="120000" />
</PlaybackReports>
<StateReports />
<StateReports />
</SessionReport>
