Dec 06, 2023 19:58:43.200 [0x7f8fcb7fbb38] INFO - Plex Tuner Service v1.32.7.7621-871adbd44 - Docker Docker Container (LinuxServer.io) x86_64 - build: 
Dec 06, 2023 19:58:43.200 [0x7f8fcb7fbb38] INFO - Linux version: 6.6.0 (#1-NixOS SMP PREEMPT_DYNAMIC Mon Oct 30 02:31:08 UTC 2023), language: en-US
Dec 06, 2023 19:58:43.200 [0x7f8fcb7fbb38] INFO - Processor AMD Ryzen 9 5950X 16-Core Processor            
Dec 06, 2023 19:58:43.200 [0x7f8fcb7fbb38] INFO - /usr/lib/plexmediaserver/Plex Tuner Service /usr/lib/plexmediaserver/Resources/Tuner/Private /usr/lib/plexmediaserver/Resources/Tuner/Shared 1.32.7.7621-871adbd44 32600
Dec 06, 2023 19:58:43.199 [0x7f8fcd36d808] INFO - [I] broker_t::start...
Dec 06, 2023 19:58:43.201 [0x7f8fcd36d808] INFO - [I] device_manager_t::init.
Dec 06, 2023 19:58:43.201 [0x7f8fcd36d808] INFO - [I] device_manager_t::init. Initialize provider manager
Dec 06, 2023 19:58:43.201 [0x7f8fcd36d808] INFO - [I] device_manager_t::init. Initialize all device auxes
Dec 06, 2023 19:58:43.201 [0x7f8fcd36d808] INFO - [I] dvb_device_factory_t::get_aux_list
Dec 06, 2023 19:58:43.201 [0x7f8fcd36d808] INFO - [I] tvbutler_aux_t::init
Dec 06, 2023 19:58:43.203 [0x7f8fcd36d808] INFO - [I] web_server_t::start. Starting web server on port 32600
Dec 06, 2023 19:58:49.258 [0x7f8fcd36d808] INFO - Received SIGINT: Interrupt from keyboard.
Dec 06, 2023 19:58:49.263 [0x7f8fcd36d808] INFO - [I] device_manager_t::term
Dec 06, 2023 19:58:49.263 [0x7f8fcd36d808] INFO - [I] device_manager_t::term. Stop all devices
Dec 06, 2023 19:58:49.263 [0x7f8fcd36d808] INFO - [I] device_manager_t::term. Shut down all device auxes
Dec 06, 2023 19:58:49.263 [0x7f8fcd36d808] INFO - [I] tvbutler_aux_t::term
Dec 06, 2023 19:58:49.263 [0x7f8fcd36d808] INFO - [I] web_server_t::stop. Web server is stopped
Dec 06, 2023 19:58:49.263 [0x7f8fcd36d808] INFO - [I] device_manager_t::term
Dec 06, 2023 19:58:49.263 [0x7f8fcd36d808] INFO - [I] device_manager_t::term. Stop all devices
Dec 06, 2023 19:58:49.263 [0x7f8fcd36d808] INFO - [I] device_manager_t::term. Shut down all device auxes
Dec 06, 2023 19:58:49.263 [0x7f8fcd36d808] INFO - [I] broker_t::shutdown. Shutdown is completed.
