Jan 03, 2024 03:04:38.346 [140561602042624] INFO - Plex Media Scanner v1.32.7.7621-871adbd44 - Docker Docker Container (LinuxServer.io) x86_64 - build: linux-x86_64 - GMT 00:00
Jan 03, 2024 03:04:38.346 [140561602042624] INFO - Linux version: 6.7.0-rc5, language: en-US
Jan 03, 2024 03:04:38.346 [140561602042624] INFO - Processor: 32-core AMD Ryzen 9 5950X 16-Core Processor            
Jan 03, 2024 03:04:38.346 [140561602042624] INFO - /usr/lib/plexmediaserver/Plex Media Scanner --analyze --log-file-suffix  Analysis --no-thumbs --item 87,88,89,90,91
Jan 03, 2024 03:04:38.346 [140561602546496] DEBUG - Opening 20 database sessions to library (com.plexapp.plugins.library), SQLite 3.39.4, threadsafe=1
Jan 03, 2024 03:04:38.398 [140561602546496] DEBUG - Analyzing media parts for item 87 (Rose): 151
Jan 03, 2024 03:04:38.398 [140561602546496] DEBUG - Computing hash for a tiny file, only using first block.
Jan 03, 2024 03:04:38.398 [140561602546496] DEBUG - Downloading document http://127.0.0.1:32400/library/changestamp
Jan 03, 2024 03:04:38.398 [140561602546496] DEBUG - [HCl#1] HTTP requesting GET http://127.0.0.1:32400/library/changestamp
Jan 03, 2024 03:04:38.399 [140561584790272] DEBUG - [HttpClient/HCl#1] HTTP/1.1 (0.0s) 200 response from GET http://127.0.0.1:32400/library/changestamp
Jan 03, 2024 03:04:38.399 [140561602546496] DEBUG - Updating metadata item (save) (Rose) with ID 87
Jan 03, 2024 03:04:38.400 [140561583741696] DEBUG - [HCl#2] HTTP requesting GET http://127.0.0.1:32400/:/metadata/flushMetadataCounterCache?metadataItemID=85
Jan 03, 2024 03:04:38.400 [140561584790272] DEBUG - [HttpClient/HCl#2] HTTP/1.1 (0.0s) 200 response from GET http://127.0.0.1:32400/:/metadata/flushMetadataCounterCache?metadataItemID=85 (reused)
Jan 03, 2024 03:04:38.400 [140561602546496] DEBUG - [ID 151] Media part analysis: /tvshows/Doctor Who (2005) {tvdb-78804} {imdb-tt0436992}/Season 1/S01E01.mkv
Jan 03, 2024 03:04:38.400 [140561602546496] DEBUG - [MI] Opening input file: "/tvshows/Doctor Who (2005) {tvdb-78804} {imdb-tt0436992}/Season 1/S01E01.mkv"
Jan 03, 2024 03:04:38.400 [140561602546496] DEBUG - [FFMPEG] - Opening '/tvshows/Doctor Who (2005) {tvdb-78804} {imdb-tt0436992}/Season 1/S01E01.mkv' for reading
Jan 03, 2024 03:04:38.400 [140561602546496] DEBUG - [FFMPEG] - Setting default whitelist 'file,crypto,data'
Jan 03, 2024 03:04:38.400 [140561602546496] DEBUG - [FFMPEG] - Format matroska,webm probed with size=2048 and score=100
Jan 03, 2024 03:04:38.400 [140561602546496] DEBUG - [FFMPEG] - st:0 removing common factor 1000000 from timebase
Jan 03, 2024 03:04:38.400 [140561602546496] DEBUG - [FFMPEG] - Before avformat_find_stream_info() pos: 570 bytes read:16803 seeks:0 nb_streams:1
Jan 03, 2024 03:04:38.401 [140561602546496] DEBUG - [FFMPEG] - nal_unit_type: 7(SPS), nal_ref_idc: 3
Jan 03, 2024 03:04:38.401 [140561602546496] DEBUG - [FFMPEG] - nal_unit_type: 8(PPS), nal_ref_idc: 3
Jan 03, 2024 03:04:38.401 [140561602546496] DEBUG - [FFMPEG] - nal_unit_type: 7(SPS), nal_ref_idc: 3
Jan 03, 2024 03:04:38.401 [140561602546496] DEBUG - [FFMPEG] - nal_unit_type: 8(PPS), nal_ref_idc: 3
Jan 03, 2024 03:04:38.401 [140561602546496] DEBUG - [FFMPEG] - nal_unit_type: 6(SEI), nal_ref_idc: 0
Jan 03, 2024 03:04:38.401 [140561602546496] DEBUG - [FFMPEG] - nal_unit_type: 5(IDR), nal_ref_idc: 3
Jan 03, 2024 03:04:38.401 [140561602546496] DEBUG - [FFMPEG] - Format yuv420p chosen by get_format().
Jan 03, 2024 03:04:38.401 [140561602546496] DEBUG - [FFMPEG] - no picture 
Jan 03, 2024 03:04:38.401 [140561602546496] DEBUG - [FFMPEG] - nal_unit_type: 1(Coded slice of a non-IDR picture), nal_ref_idc: 2
Jan 03, 2024 03:04:38.401 [140561602546496] DEBUG - [FFMPEG] - no picture 
Jan 03, 2024 03:04:38.401 [140561602546496] DEBUG - [FFMPEG] - nal_unit_type: 1(Coded slice of a non-IDR picture), nal_ref_idc: 2
Jan 03, 2024 03:04:38.401 [140561602546496] DEBUG - [FFMPEG] - nal_unit_type: 1(Coded slice of a non-IDR picture), nal_ref_idc: 0
Jan 03, 2024 03:04:38.401 [140561602546496] DEBUG - [FFMPEG] - nal_unit_type: 1(Coded slice of a non-IDR picture), nal_ref_idc: 0
Jan 03, 2024 03:04:38.401 [140561602546496] DEBUG - [FFMPEG] - nal_unit_type: 1(Coded slice of a non-IDR picture), nal_ref_idc: 2
Jan 03, 2024 03:04:38.401 [140561602546496] DEBUG - [FFMPEG] - nal_unit_type: 1(Coded slice of a non-IDR picture), nal_ref_idc: 2
Jan 03, 2024 03:04:38.401 [140561602546496] DEBUG - [FFMPEG] - nal_unit_type: 1(Coded slice of a non-IDR picture), nal_ref_idc: 0
Jan 03, 2024 03:04:38.401 [140561602546496] DEBUG - [FFMPEG] - nal_unit_type: 1(Coded slice of a non-IDR picture), nal_ref_idc: 0
Jan 03, 2024 03:04:38.401 [140561602546496] DEBUG - [FFMPEG] - first_dts 7000 not matching first dts NOPTS (pts 0, duration 1000) in the queue
Jan 03, 2024 03:04:38.401 [140561602546496] DEBUG - [FFMPEG] - rfps: 1.000000 0.000000
Jan 03, 2024 03:04:38.401 [140561602546496] DEBUG - [FFMPEG] - rfps: 2.000000 0.000000
Jan 03, 2024 03:04:38.401 [140561602546496] DEBUG - [FFMPEG] - rfps: 2.000000 0.000000
Jan 03, 2024 03:04:38.401 [140561602546496] DEBUG - [FFMPEG] - rfps: 3.000000 0.000000
Jan 03, 2024 03:04:38.401 [140561602546496] DEBUG - [FFMPEG] - rfps: 4.000000 0.000000
Jan 03, 2024 03:04:38.401 [140561602546496] DEBUG - [FFMPEG] - rfps: 4.000000 0.000000
Jan 03, 2024 03:04:38.401 [140561602546496] DEBUG - [FFMPEG] - rfps: 5.000000 0.000000
Jan 03, 2024 03:04:38.401 [140561602546496] DEBUG - [FFMPEG] - rfps: 6.000000 0.000000
Jan 03, 2024 03:04:38.401 [140561602546496] DEBUG - [FFMPEG] - rfps: 6.000000 0.000000
Jan 03, 2024 03:04:38.401 [140561602546496] DEBUG - [FFMPEG] - rfps: 7.000000 0.000000
Jan 03, 2024 03:04:38.401 [140561602546496] DEBUG - [FFMPEG] - rfps: 8.000000 0.000000
Jan 03, 2024 03:04:38.401 [140561602546496] DEBUG - [FFMPEG] - rfps: 8.000000 0.000000
Jan 03, 2024 03:04:38.401 [140561602546496] DEBUG - [FFMPEG] - rfps: 9.000000 0.000000
Jan 03, 2024 03:04:38.401 [140561602546496] DEBUG - [FFMPEG] - rfps: 10.000000 0.000000
Jan 03, 2024 03:04:38.401 [140561602546496] DEBUG - [FFMPEG] - rfps: 10.000000 0.000000
Jan 03, 2024 03:04:38.401 [140561602546496] DEBUG - [FFMPEG] - rfps: 11.000000 0.000000
Jan 03, 2024 03:04:38.401 [140561602546496] DEBUG - [FFMPEG] - rfps: 12.000000 0.000000
Jan 03, 2024 03:04:38.401 [140561602546496] DEBUG - [FFMPEG] - rfps: 12.000000 0.000000
Jan 03, 2024 03:04:38.401 [140561602546496] DEBUG - [FFMPEG] - rfps: 13.000000 0.000000
Jan 03, 2024 03:04:38.401 [140561602546496] DEBUG - [FFMPEG] - rfps: 14.000000 0.000000
Jan 03, 2024 03:04:38.401 [140561602546496] DEBUG - [FFMPEG] - rfps: 14.000000 0.000000
Jan 03, 2024 03:04:38.401 [140561602546496] DEBUG - [FFMPEG] - rfps: 15.000000 0.000000
Jan 03, 2024 03:04:38.401 [140561602546496] DEBUG - [FFMPEG] - rfps: 16.000000 0.000000
Jan 03, 2024 03:04:38.401 [140561602546496] DEBUG - [FFMPEG] - rfps: 16.000000 0.000000
Jan 03, 2024 03:04:38.401 [140561602546496] DEBUG - [FFMPEG] - rfps: 17.000000 0.000000
Jan 03, 2024 03:04:38.401 [140561602546496] DEBUG - [FFMPEG] - rfps: 18.000000 0.000000
Jan 03, 2024 03:04:38.401 [140561602546496] DEBUG - [FFMPEG] - rfps: 18.000000 0.000000
Jan 03, 2024 03:04:38.401 [140561602546496] DEBUG - [FFMPEG] - rfps: 19.000000 0.000000
Jan 03, 2024 03:04:38.401 [140561602546496] DEBUG - [FFMPEG] - rfps: 20.000000 0.000000
Jan 03, 2024 03:04:38.401 [140561602546496] DEBUG - [FFMPEG] - rfps: 20.000000 0.000000
Jan 03, 2024 03:04:38.401 [140561602546496] DEBUG - [FFMPEG] - rfps: 21.000000 0.000000
Jan 03, 2024 03:04:38.401 [140561602546496] DEBUG - [FFMPEG] - rfps: 22.000000 0.000000
Jan 03, 2024 03:04:38.401 [140561602546496] DEBUG - [FFMPEG] - rfps: 22.000000 0.000000
Jan 03, 2024 03:04:38.401 [140561602546496] DEBUG - [FFMPEG] - rfps: 23.000000 0.000000
Jan 03, 2024 03:04:38.401 [140561602546496] DEBUG - [FFMPEG] - rfps: 24.000000 0.000000
Jan 03, 2024 03:04:38.401 [140561602546496] DEBUG - [FFMPEG] - rfps: 24.000000 0.000000
Jan 03, 2024 03:04:38.401 [140561602546496] DEBUG - [FFMPEG] - rfps: 25.000000 0.000000
Jan 03, 2024 03:04:38.401 [140561602546496] DEBUG - [FFMPEG] - rfps: 26.000000 0.000000
Jan 03, 2024 03:04:38.401 [140561602546496] DEBUG - [FFMPEG] - rfps: 26.000000 0.000000
Jan 03, 2024 03:04:38.401 [140561602546496] DEBUG - [FFMPEG] - rfps: 27.000000 0.000000
Jan 03, 2024 03:04:38.401 [140561602546496] DEBUG - [FFMPEG] - rfps: 28.000000 0.000000
Jan 03, 2024 03:04:38.401 [140561602546496] DEBUG - [FFMPEG] - rfps: 28.000000 0.000000
Jan 03, 2024 03:04:38.401 [140561602546496] DEBUG - [FFMPEG] - rfps: 29.000000 0.000000
Jan 03, 2024 03:04:38.401 [140561602546496] DEBUG - [FFMPEG] - rfps: 30.000000 0.000000
Jan 03, 2024 03:04:38.401 [140561602546496] DEBUG - [FFMPEG] - rfps: 30.000000 0.000000
Jan 03, 2024 03:04:38.401 [140561602546496] DEBUG - [FFMPEG] - rfps: 31.000000 0.000000
Jan 03, 2024 03:04:38.401 [140561602546496] DEBUG - [FFMPEG] - rfps: 32.000000 0.000000
Jan 03, 2024 03:04:38.401 [140561602546496] DEBUG - [FFMPEG] - rfps: 32.000000 0.000000
Jan 03, 2024 03:04:38.401 [140561602546496] DEBUG - [FFMPEG] - rfps: 33.000000 0.000000
Jan 03, 2024 03:04:38.401 [140561602546496] DEBUG - [FFMPEG] - rfps: 34.000000 0.000000
Jan 03, 2024 03:04:38.401 [140561602546496] DEBUG - [FFMPEG] - rfps: 34.000000 0.000000
Jan 03, 2024 03:04:38.401 [140561602546496] DEBUG - [FFMPEG] - rfps: 35.000000 0.000000
Jan 03, 2024 03:04:38.401 [140561602546496] DEBUG - [FFMPEG] - rfps: 36.000000 0.000000
Jan 03, 2024 03:04:38.401 [140561602546496] DEBUG - [FFMPEG] - rfps: 36.000000 0.000000
Jan 03, 2024 03:04:38.401 [140561602546496] DEBUG - [FFMPEG] - rfps: 37.000000 0.000000
Jan 03, 2024 03:04:38.401 [140561602546496] DEBUG - [FFMPEG] - rfps: 38.000000 0.000000
Jan 03, 2024 03:04:38.401 [140561602546496] DEBUG - [FFMPEG] - rfps: 38.000000 0.000000
Jan 03, 2024 03:04:38.401 [140561602546496] DEBUG - [FFMPEG] - rfps: 39.000000 0.000000
Jan 03, 2024 03:04:38.401 [140561602546496] DEBUG - [FFMPEG] - rfps: 40.000000 0.000000
Jan 03, 2024 03:04:38.401 [140561602546496] DEBUG - [FFMPEG] - rfps: 40.000000 0.000000
Jan 03, 2024 03:04:38.401 [140561602546496] DEBUG - [FFMPEG] - rfps: 41.000000 0.000000
Jan 03, 2024 03:04:38.401 [140561602546496] DEBUG - [FFMPEG] - rfps: 42.000000 0.000000
Jan 03, 2024 03:04:38.401 [140561602546496] DEBUG - [FFMPEG] - rfps: 42.000000 0.000000
Jan 03, 2024 03:04:38.401 [140561602546496] DEBUG - [FFMPEG] - rfps: 43.000000 0.000000
Jan 03, 2024 03:04:38.401 [140561602546496] DEBUG - [FFMPEG] - rfps: 44.000000 0.000000
Jan 03, 2024 03:04:38.401 [140561602546496] DEBUG - [FFMPEG] - rfps: 44.000000 0.000000
Jan 03, 2024 03:04:38.401 [140561602546496] DEBUG - [FFMPEG] - rfps: 45.000000 0.000000
Jan 03, 2024 03:04:38.401 [140561602546496] DEBUG - [FFMPEG] - rfps: 46.000000 0.000000
Jan 03, 2024 03:04:38.401 [140561602546496] DEBUG - [FFMPEG] - rfps: 46.000000 0.000000
Jan 03, 2024 03:04:38.401 [140561602546496] DEBUG - [FFMPEG] - rfps: 47.000000 0.000000
Jan 03, 2024 03:04:38.401 [140561602546496] DEBUG - [FFMPEG] - rfps: 48.000000 0.000000
Jan 03, 2024 03:04:38.401 [140561602546496] DEBUG - [FFMPEG] - rfps: 48.000000 0.000000
Jan 03, 2024 03:04:38.401 [140561602546496] DEBUG - [FFMPEG] - rfps: 49.000000 0.000000
Jan 03, 2024 03:04:38.401 [140561602546496] DEBUG - [FFMPEG] - rfps: 50.000000 0.000000
Jan 03, 2024 03:04:38.401 [140561602546496] DEBUG - [FFMPEG] - rfps: 50.000000 0.000000
Jan 03, 2024 03:04:38.401 [140561602546496] DEBUG - [FFMPEG] - rfps: 51.000000 0.000000
Jan 03, 2024 03:04:38.401 [140561602546496] DEBUG - [FFMPEG] - rfps: 52.000000 0.000000
Jan 03, 2024 03:04:38.401 [140561602546496] DEBUG - [FFMPEG] - rfps: 52.000000 0.000000
Jan 03, 2024 03:04:38.401 [140561602546496] DEBUG - [FFMPEG] - rfps: 53.000000 0.000000
Jan 03, 2024 03:04:38.401 [140561602546496] DEBUG - [FFMPEG] - rfps: 54.000000 0.000000
Jan 03, 2024 03:04:38.401 [140561602546496] DEBUG - [FFMPEG] - rfps: 54.000000 0.000000
Jan 03, 2024 03:04:38.401 [140561602546496] DEBUG - [FFMPEG] - rfps: 55.000000 0.000000
Jan 03, 2024 03:04:38.401 [140561602546496] DEBUG - [FFMPEG] - rfps: 56.000000 0.000000
Jan 03, 2024 03:04:38.401 [140561602546496] DEBUG - [FFMPEG] - rfps: 56.000000 0.000000
Jan 03, 2024 03:04:38.401 [140561602546496] DEBUG - [FFMPEG] - rfps: 57.000000 0.000000
Jan 03, 2024 03:04:38.401 [140561602546496] DEBUG - [FFMPEG] - rfps: 58.000000 0.000000
Jan 03, 2024 03:04:38.401 [140561602546496] DEBUG - [FFMPEG] - rfps: 58.000000 0.000000
Jan 03, 2024 03:04:38.401 [140561602546496] DEBUG - [FFMPEG] - rfps: 59.000000 0.000000
Jan 03, 2024 03:04:38.401 [140561602546496] DEBUG - [FFMPEG] - rfps: 60.000000 0.000000
Jan 03, 2024 03:04:38.402 [140561602546496] DEBUG - [FFMPEG] - rfps: 60.000000 0.000000
Jan 03, 2024 03:04:38.402 [140561602546496] DEBUG - [FFMPEG] - rfps: 80.000000 0.000000
Jan 03, 2024 03:04:38.402 [140561602546496] DEBUG - [FFMPEG] - rfps: 80.000000 0.000000
Jan 03, 2024 03:04:38.402 [140561602546496] DEBUG - [FFMPEG] - rfps: 120.000000 0.000000
Jan 03, 2024 03:04:38.402 [140561602546496] DEBUG - [FFMPEG] - rfps: 120.000000 0.000000
Jan 03, 2024 03:04:38.402 [140561602546496] DEBUG - [FFMPEG] - rfps: 240.000000 0.000000
Jan 03, 2024 03:04:38.402 [140561602546496] DEBUG - [FFMPEG] - rfps: 240.000000 0.000000
Jan 03, 2024 03:04:38.402 [140561602546496] DEBUG - [FFMPEG] - rfps: 23.976024 0.004743
Jan 03, 2024 03:04:38.402 [140561602546496] DEBUG - [FFMPEG] - rfps: 23.976024 0.004743
Jan 03, 2024 03:04:38.402 [140561602546496] DEBUG - [FFMPEG] - rfps: 29.970030 0.007410
Jan 03, 2024 03:04:38.402 [140561602546496] DEBUG - [FFMPEG] - rfps: 11.988012 0.001186
Jan 03, 2024 03:04:38.402 [140561602546496] DEBUG - [FFMPEG] - rfps: 11.988012 0.001186
Jan 03, 2024 03:04:38.402 [140561602546496] DEBUG - [FFMPEG] - rfps: 14.985015 0.001853
Jan 03, 2024 03:04:38.402 [140561602546496] DEBUG - [FFMPEG] - rfps: 14.985015 0.001853
Jan 03, 2024 03:04:38.402 [140561602546496] DEBUG - [FFMPEG] - rfps: 47.952048 0.018970
Jan 03, 2024 03:04:38.402 [140561602546496] DEBUG - [FFMPEG] - After avformat_find_stream_info() pos: 1810 bytes read:16803 seeks:0 frames:20
Jan 03, 2024 03:04:38.402 [140561602546496] DEBUG - [MI]  * 16803d0abda2e73d8f0f20277c344ea4770d9c207f901 [mkv h264/] Duration: 601000ms, 128x96 (1.333333) 1.000fps, bitrate=0kbps, audio channels=0, optimizedForStreaming=0 ("/tvshows/Doctor Who (2005) {tvdb-78804} {imdb-tt0436992}/Season 1/S01E01.mkv")
Jan 03, 2024 03:04:38.402 [140561602546496] DEBUG - [MI] Chapters had generic titles, clearing.
Jan 03, 2024 03:04:38.402 [140561602546496] DEBUG - [MI] Closing input file: "/tvshows/Doctor Who (2005) {tvdb-78804} {imdb-tt0436992}/Season 1/S01E01.mkv"
Jan 03, 2024 03:04:38.402 [140561602546496] DEBUG - Committing media stream changes for part 151
Jan 03, 2024 03:04:38.402 [140561602546496] DEBUG - Updating media item 151, size=16803, metadata_item_id=87
Jan 03, 2024 03:04:38.403 [140561602546496] DEBUG - Updating part with ID=151 [/tvshows/Doctor Who (2005) {tvdb-78804} {imdb-tt0436992}/Season 1/S01E01.mkv]
Jan 03, 2024 03:04:38.403 [140561583741696] DEBUG - [HCl#3] HTTP requesting GET http://127.0.0.1:32400/:/metadata/notify/changeItemState?librarySectionID=3&metadataItemID=87&metadataType=4&state=-1&parentID=-1&rootID=-1&mediaState=analyzing
Jan 03, 2024 03:04:38.403 [140561584790272] DEBUG - [HttpClient/HCl#3] HTTP/1.1 (0.0s) 200 response from GET http://127.0.0.1:32400/:/metadata/notify/changeItemState?librarySectionID=3&metadataItemID=87&metadataType=4&state=-1&parentID=-1&rootID=-1&mediaState=analyzing (reused)
Jan 03, 2024 03:04:38.403 [140561583741696] DEBUG - [HCl#4] HTTP requesting GET http://127.0.0.1:32400/:/metadata/notify/changeItemState?librarySectionID=3&metadataItemID=87&metadataType=4&state=-1&parentID=-1&rootID=-1&mediaState=idle
Jan 03, 2024 03:04:38.403 [140561584790272] DEBUG - [HttpClient/HCl#4] HTTP/1.1 (0.0s) 200 response from GET http://127.0.0.1:32400/:/metadata/notify/changeItemState?librarySectionID=3&metadataItemID=87&metadataType=4&state=-1&parentID=-1&rootID=-1&mediaState=idle (reused)
Jan 03, 2024 03:04:38.404 [140561602546496] DEBUG - Downloading document http://127.0.0.1:32400/library/changestamp
Jan 03, 2024 03:04:38.404 [140561602546496] DEBUG - [HCl#5] HTTP requesting GET http://127.0.0.1:32400/library/changestamp
Jan 03, 2024 03:04:38.404 [140561584790272] DEBUG - [HttpClient/HCl#5] HTTP/1.1 (0.0s) 200 response from GET http://127.0.0.1:32400/library/changestamp (reused)
Jan 03, 2024 03:04:38.404 [140561602546496] DEBUG - Updating metadata item (save) (Rose) with ID 87
Jan 03, 2024 03:04:38.405 [140561583741696] DEBUG - [HCl#6] HTTP requesting GET http://127.0.0.1:32400/:/metadata/flushMetadataCounterCache?metadataItemID=85
Jan 03, 2024 03:04:38.405 [140561584790272] DEBUG - [HttpClient/HCl#6] HTTP/1.1 (0.0s) 200 response from GET http://127.0.0.1:32400/:/metadata/flushMetadataCounterCache?metadataItemID=85 (reused)
Jan 03, 2024 03:04:38.406 [140561602546496] DEBUG - Analyzing media parts for item 88 (The End of the World): 152
Jan 03, 2024 03:04:38.406 [140561602546496] DEBUG - Computing hash for a tiny file, only using first block.
Jan 03, 2024 03:04:38.406 [140561602546496] DEBUG - Downloading document http://127.0.0.1:32400/library/changestamp
Jan 03, 2024 03:04:38.406 [140561602546496] DEBUG - [HCl#7] HTTP requesting GET http://127.0.0.1:32400/library/changestamp
Jan 03, 2024 03:04:38.406 [140561584790272] DEBUG - [HttpClient/HCl#7] HTTP/1.1 (0.0s) 200 response from GET http://127.0.0.1:32400/library/changestamp (reused)
Jan 03, 2024 03:04:38.406 [140561602546496] DEBUG - Updating metadata item (save) (The End of the World) with ID 88
Jan 03, 2024 03:04:38.407 [140561583741696] DEBUG - [HCl#8] HTTP requesting GET http://127.0.0.1:32400/:/metadata/flushMetadataCounterCache?metadataItemID=85
Jan 03, 2024 03:04:38.407 [140561602546496] DEBUG - [ID 152] Media part analysis: /tvshows/Doctor Who (2005) {tvdb-78804} {imdb-tt0436992}/Season 1/S01E02.mkv
Jan 03, 2024 03:04:38.407 [140561584790272] DEBUG - [HttpClient/HCl#8] HTTP/1.1 (0.0s) 200 response from GET http://127.0.0.1:32400/:/metadata/flushMetadataCounterCache?metadataItemID=85 (reused)
Jan 03, 2024 03:04:38.407 [140561602546496] DEBUG - [MI] Opening input file: "/tvshows/Doctor Who (2005) {tvdb-78804} {imdb-tt0436992}/Season 1/S01E02.mkv"
Jan 03, 2024 03:04:38.407 [140561602546496] DEBUG - [FFMPEG] - Opening '/tvshows/Doctor Who (2005) {tvdb-78804} {imdb-tt0436992}/Season 1/S01E02.mkv' for reading
Jan 03, 2024 03:04:38.407 [140561602546496] DEBUG - [FFMPEG] - Setting default whitelist 'file,crypto,data'
Jan 03, 2024 03:04:38.407 [140561602546496] DEBUG - [FFMPEG] - Format matroska,webm probed with size=2048 and score=100
Jan 03, 2024 03:04:38.407 [140561602546496] DEBUG - [FFMPEG] - st:0 removing common factor 1000000 from timebase
Jan 03, 2024 03:04:38.407 [140561602546496] DEBUG - [FFMPEG] - Before avformat_find_stream_info() pos: 570 bytes read:16803 seeks:0 nb_streams:1
Jan 03, 2024 03:04:38.408 [140561602546496] DEBUG - [FFMPEG] - nal_unit_type: 7(SPS), nal_ref_idc: 3
Jan 03, 2024 03:04:38.408 [140561602546496] DEBUG - [FFMPEG] - nal_unit_type: 8(PPS), nal_ref_idc: 3
Jan 03, 2024 03:04:38.408 [140561602546496] DEBUG - [FFMPEG] - nal_unit_type: 7(SPS), nal_ref_idc: 3
Jan 03, 2024 03:04:38.408 [140561602546496] DEBUG - [FFMPEG] - nal_unit_type: 8(PPS), nal_ref_idc: 3
Jan 03, 2024 03:04:38.408 [140561602546496] DEBUG - [FFMPEG] - nal_unit_type: 6(SEI), nal_ref_idc: 0
Jan 03, 2024 03:04:38.408 [140561602546496] DEBUG - [FFMPEG] - nal_unit_type: 5(IDR), nal_ref_idc: 3
Jan 03, 2024 03:04:38.408 [140561602546496] DEBUG - [FFMPEG] - Format yuv420p chosen by get_format().
Jan 03, 2024 03:04:38.408 [140561602546496] DEBUG - [FFMPEG] - no picture 
Jan 03, 2024 03:04:38.408 [140561602546496] DEBUG - [FFMPEG] - nal_unit_type: 1(Coded slice of a non-IDR picture), nal_ref_idc: 2
Jan 03, 2024 03:04:38.408 [140561602546496] DEBUG - [FFMPEG] - no picture 
Jan 03, 2024 03:04:38.408 [140561602546496] DEBUG - [FFMPEG] - nal_unit_type: 1(Coded slice of a non-IDR picture), nal_ref_idc: 2
Jan 03, 2024 03:04:38.408 [140561602546496] DEBUG - [FFMPEG] - nal_unit_type: 1(Coded slice of a non-IDR picture), nal_ref_idc: 0
Jan 03, 2024 03:04:38.408 [140561602546496] DEBUG - [FFMPEG] - nal_unit_type: 1(Coded slice of a non-IDR picture), nal_ref_idc: 0
Jan 03, 2024 03:04:38.408 [140561602546496] DEBUG - [FFMPEG] - nal_unit_type: 1(Coded slice of a non-IDR picture), nal_ref_idc: 2
Jan 03, 2024 03:04:38.408 [140561602546496] DEBUG - [FFMPEG] - nal_unit_type: 1(Coded slice of a non-IDR picture), nal_ref_idc: 2
Jan 03, 2024 03:04:38.408 [140561602546496] DEBUG - [FFMPEG] - nal_unit_type: 1(Coded slice of a non-IDR picture), nal_ref_idc: 0
Jan 03, 2024 03:04:38.408 [140561602546496] DEBUG - [FFMPEG] - nal_unit_type: 1(Coded slice of a non-IDR picture), nal_ref_idc: 0
Jan 03, 2024 03:04:38.408 [140561602546496] DEBUG - [FFMPEG] - first_dts 7000 not matching first dts NOPTS (pts 0, duration 1000) in the queue
Jan 03, 2024 03:04:38.408 [140561602546496] DEBUG - [FFMPEG] - rfps: 1.000000 0.000000
Jan 03, 2024 03:04:38.408 [140561602546496] DEBUG - [FFMPEG] - rfps: 2.000000 0.000000
Jan 03, 2024 03:04:38.408 [140561602546496] DEBUG - [FFMPEG] - rfps: 2.000000 0.000000
Jan 03, 2024 03:04:38.408 [140561602546496] DEBUG - [FFMPEG] - rfps: 3.000000 0.000000
Jan 03, 2024 03:04:38.408 [140561602546496] DEBUG - [FFMPEG] - rfps: 4.000000 0.000000
Jan 03, 2024 03:04:38.408 [140561602546496] DEBUG - [FFMPEG] - rfps: 4.000000 0.000000
Jan 03, 2024 03:04:38.408 [140561602546496] DEBUG - [FFMPEG] - rfps: 5.000000 0.000000
Jan 03, 2024 03:04:38.408 [140561602546496] DEBUG - [FFMPEG] - rfps: 6.000000 0.000000
Jan 03, 2024 03:04:38.408 [140561602546496] DEBUG - [FFMPEG] - rfps: 6.000000 0.000000
Jan 03, 2024 03:04:38.408 [140561602546496] DEBUG - [FFMPEG] - rfps: 7.000000 0.000000
Jan 03, 2024 03:04:38.408 [140561602546496] DEBUG - [FFMPEG] - rfps: 8.000000 0.000000
Jan 03, 2024 03:04:38.408 [140561602546496] DEBUG - [FFMPEG] - rfps: 8.000000 0.000000
Jan 03, 2024 03:04:38.408 [140561602546496] DEBUG - [FFMPEG] - rfps: 9.000000 0.000000
Jan 03, 2024 03:04:38.408 [140561602546496] DEBUG - [FFMPEG] - rfps: 10.000000 0.000000
Jan 03, 2024 03:04:38.408 [140561602546496] DEBUG - [FFMPEG] - rfps: 10.000000 0.000000
Jan 03, 2024 03:04:38.408 [140561602546496] DEBUG - [FFMPEG] - rfps: 11.000000 0.000000
Jan 03, 2024 03:04:38.408 [140561602546496] DEBUG - [FFMPEG] - rfps: 12.000000 0.000000
Jan 03, 2024 03:04:38.408 [140561602546496] DEBUG - [FFMPEG] - rfps: 12.000000 0.000000
Jan 03, 2024 03:04:38.408 [140561602546496] DEBUG - [FFMPEG] - rfps: 13.000000 0.000000
Jan 03, 2024 03:04:38.408 [140561602546496] DEBUG - [FFMPEG] - rfps: 14.000000 0.000000
Jan 03, 2024 03:04:38.408 [140561602546496] DEBUG - [FFMPEG] - rfps: 14.000000 0.000000
Jan 03, 2024 03:04:38.408 [140561602546496] DEBUG - [FFMPEG] - rfps: 15.000000 0.000000
Jan 03, 2024 03:04:38.408 [140561602546496] DEBUG - [FFMPEG] - rfps: 16.000000 0.000000
Jan 03, 2024 03:04:38.408 [140561602546496] DEBUG - [FFMPEG] - rfps: 16.000000 0.000000
Jan 03, 2024 03:04:38.408 [140561602546496] DEBUG - [FFMPEG] - rfps: 17.000000 0.000000
Jan 03, 2024 03:04:38.408 [140561602546496] DEBUG - [FFMPEG] - rfps: 18.000000 0.000000
Jan 03, 2024 03:04:38.408 [140561602546496] DEBUG - [FFMPEG] - rfps: 18.000000 0.000000
Jan 03, 2024 03:04:38.408 [140561602546496] DEBUG - [FFMPEG] - rfps: 19.000000 0.000000
Jan 03, 2024 03:04:38.408 [140561602546496] DEBUG - [FFMPEG] - rfps: 20.000000 0.000000
Jan 03, 2024 03:04:38.408 [140561602546496] DEBUG - [FFMPEG] - rfps: 20.000000 0.000000
Jan 03, 2024 03:04:38.408 [140561602546496] DEBUG - [FFMPEG] - rfps: 21.000000 0.000000
Jan 03, 2024 03:04:38.408 [140561602546496] DEBUG - [FFMPEG] - rfps: 22.000000 0.000000
Jan 03, 2024 03:04:38.408 [140561602546496] DEBUG - [FFMPEG] - rfps: 22.000000 0.000000
Jan 03, 2024 03:04:38.408 [140561602546496] DEBUG - [FFMPEG] - rfps: 23.000000 0.000000
Jan 03, 2024 03:04:38.408 [140561602546496] DEBUG - [FFMPEG] - rfps: 24.000000 0.000000
Jan 03, 2024 03:04:38.408 [140561602546496] DEBUG - [FFMPEG] - rfps: 24.000000 0.000000
Jan 03, 2024 03:04:38.408 [140561602546496] DEBUG - [FFMPEG] - rfps: 25.000000 0.000000
Jan 03, 2024 03:04:38.408 [140561602546496] DEBUG - [FFMPEG] - rfps: 26.000000 0.000000
Jan 03, 2024 03:04:38.408 [140561602546496] DEBUG - [FFMPEG] - rfps: 26.000000 0.000000
Jan 03, 2024 03:04:38.408 [140561602546496] DEBUG - [FFMPEG] - rfps: 27.000000 0.000000
Jan 03, 2024 03:04:38.408 [140561602546496] DEBUG - [FFMPEG] - rfps: 28.000000 0.000000
Jan 03, 2024 03:04:38.408 [140561602546496] DEBUG - [FFMPEG] - rfps: 28.000000 0.000000
Jan 03, 2024 03:04:38.408 [140561602546496] DEBUG - [FFMPEG] - rfps: 29.000000 0.000000
Jan 03, 2024 03:04:38.408 [140561602546496] DEBUG - [FFMPEG] - rfps: 30.000000 0.000000
Jan 03, 2024 03:04:38.408 [140561602546496] DEBUG - [FFMPEG] - rfps: 30.000000 0.000000
Jan 03, 2024 03:04:38.408 [140561602546496] DEBUG - [FFMPEG] - rfps: 31.000000 0.000000
Jan 03, 2024 03:04:38.408 [140561602546496] DEBUG - [FFMPEG] - rfps: 32.000000 0.000000
Jan 03, 2024 03:04:38.408 [140561602546496] DEBUG - [FFMPEG] - rfps: 32.000000 0.000000
Jan 03, 2024 03:04:38.408 [140561602546496] DEBUG - [FFMPEG] - rfps: 33.000000 0.000000
Jan 03, 2024 03:04:38.408 [140561602546496] DEBUG - [FFMPEG] - rfps: 34.000000 0.000000
Jan 03, 2024 03:04:38.408 [140561602546496] DEBUG - [FFMPEG] - rfps: 34.000000 0.000000
Jan 03, 2024 03:04:38.408 [140561602546496] DEBUG - [FFMPEG] - rfps: 35.000000 0.000000
Jan 03, 2024 03:04:38.408 [140561602546496] DEBUG - [FFMPEG] - rfps: 36.000000 0.000000
Jan 03, 2024 03:04:38.408 [140561602546496] DEBUG - [FFMPEG] - rfps: 36.000000 0.000000
Jan 03, 2024 03:04:38.408 [140561602546496] DEBUG - [FFMPEG] - rfps: 37.000000 0.000000
Jan 03, 2024 03:04:38.408 [140561602546496] DEBUG - [FFMPEG] - rfps: 38.000000 0.000000
Jan 03, 2024 03:04:38.408 [140561602546496] DEBUG - [FFMPEG] - rfps: 38.000000 0.000000
Jan 03, 2024 03:04:38.408 [140561602546496] DEBUG - [FFMPEG] - rfps: 39.000000 0.000000
Jan 03, 2024 03:04:38.408 [140561602546496] DEBUG - [FFMPEG] - rfps: 40.000000 0.000000
Jan 03, 2024 03:04:38.408 [140561602546496] DEBUG - [FFMPEG] - rfps: 40.000000 0.000000
Jan 03, 2024 03:04:38.408 [140561602546496] DEBUG - [FFMPEG] - rfps: 41.000000 0.000000
Jan 03, 2024 03:04:38.408 [140561602546496] DEBUG - [FFMPEG] - rfps: 42.000000 0.000000
Jan 03, 2024 03:04:38.408 [140561602546496] DEBUG - [FFMPEG] - rfps: 42.000000 0.000000
Jan 03, 2024 03:04:38.408 [140561602546496] DEBUG - [FFMPEG] - rfps: 43.000000 0.000000
Jan 03, 2024 03:04:38.408 [140561602546496] DEBUG - [FFMPEG] - rfps: 44.000000 0.000000
Jan 03, 2024 03:04:38.408 [140561602546496] DEBUG - [FFMPEG] - rfps: 44.000000 0.000000
Jan 03, 2024 03:04:38.408 [140561602546496] DEBUG - [FFMPEG] - rfps: 45.000000 0.000000
Jan 03, 2024 03:04:38.408 [140561602546496] DEBUG - [FFMPEG] - rfps: 46.000000 0.000000
Jan 03, 2024 03:04:38.408 [140561602546496] DEBUG - [FFMPEG] - rfps: 46.000000 0.000000
Jan 03, 2024 03:04:38.408 [140561602546496] DEBUG - [FFMPEG] - rfps: 47.000000 0.000000
Jan 03, 2024 03:04:38.408 [140561602546496] DEBUG - [FFMPEG] - rfps: 48.000000 0.000000
Jan 03, 2024 03:04:38.408 [140561602546496] DEBUG - [FFMPEG] - rfps: 48.000000 0.000000
Jan 03, 2024 03:04:38.408 [140561602546496] DEBUG - [FFMPEG] - rfps: 49.000000 0.000000
Jan 03, 2024 03:04:38.408 [140561602546496] DEBUG - [FFMPEG] - rfps: 50.000000 0.000000
Jan 03, 2024 03:04:38.408 [140561602546496] DEBUG - [FFMPEG] - rfps: 50.000000 0.000000
Jan 03, 2024 03:04:38.408 [140561602546496] DEBUG - [FFMPEG] - rfps: 51.000000 0.000000
Jan 03, 2024 03:04:38.408 [140561602546496] DEBUG - [FFMPEG] - rfps: 52.000000 0.000000
Jan 03, 2024 03:04:38.408 [140561602546496] DEBUG - [FFMPEG] - rfps: 52.000000 0.000000
Jan 03, 2024 03:04:38.408 [140561602546496] DEBUG - [FFMPEG] - rfps: 53.000000 0.000000
Jan 03, 2024 03:04:38.408 [140561602546496] DEBUG - [FFMPEG] - rfps: 54.000000 0.000000
Jan 03, 2024 03:04:38.408 [140561602546496] DEBUG - [FFMPEG] - rfps: 54.000000 0.000000
Jan 03, 2024 03:04:38.408 [140561602546496] DEBUG - [FFMPEG] - rfps: 55.000000 0.000000
Jan 03, 2024 03:04:38.408 [140561602546496] DEBUG - [FFMPEG] - rfps: 56.000000 0.000000
Jan 03, 2024 03:04:38.408 [140561602546496] DEBUG - [FFMPEG] - rfps: 56.000000 0.000000
Jan 03, 2024 03:04:38.408 [140561602546496] DEBUG - [FFMPEG] - rfps: 57.000000 0.000000
Jan 03, 2024 03:04:38.408 [140561602546496] DEBUG - [FFMPEG] - rfps: 58.000000 0.000000
Jan 03, 2024 03:04:38.408 [140561602546496] DEBUG - [FFMPEG] - rfps: 58.000000 0.000000
Jan 03, 2024 03:04:38.408 [140561602546496] DEBUG - [FFMPEG] - rfps: 59.000000 0.000000
Jan 03, 2024 03:04:38.408 [140561602546496] DEBUG - [FFMPEG] - rfps: 60.000000 0.000000
Jan 03, 2024 03:04:38.408 [140561602546496] DEBUG - [FFMPEG] - rfps: 60.000000 0.000000
Jan 03, 2024 03:04:38.408 [140561602546496] DEBUG - [FFMPEG] - rfps: 80.000000 0.000000
Jan 03, 2024 03:04:38.408 [140561602546496] DEBUG - [FFMPEG] - rfps: 80.000000 0.000000
Jan 03, 2024 03:04:38.408 [140561602546496] DEBUG - [FFMPEG] - rfps: 120.000000 0.000000
Jan 03, 2024 03:04:38.408 [140561602546496] DEBUG - [FFMPEG] - rfps: 120.000000 0.000000
Jan 03, 2024 03:04:38.408 [140561602546496] DEBUG - [FFMPEG] - rfps: 240.000000 0.000000
Jan 03, 2024 03:04:38.408 [140561602546496] DEBUG - [FFMPEG] - rfps: 240.000000 0.000000
Jan 03, 2024 03:04:38.408 [140561602546496] DEBUG - [FFMPEG] - rfps: 23.976024 0.004743
Jan 03, 2024 03:04:38.408 [140561602546496] DEBUG - [FFMPEG] - rfps: 23.976024 0.004743
Jan 03, 2024 03:04:38.408 [140561602546496] DEBUG - [FFMPEG] - rfps: 29.970030 0.007410
Jan 03, 2024 03:04:38.408 [140561602546496] DEBUG - [FFMPEG] - rfps: 11.988012 0.001186
Jan 03, 2024 03:04:38.408 [140561602546496] DEBUG - [FFMPEG] - rfps: 11.988012 0.001186
Jan 03, 2024 03:04:38.408 [140561602546496] DEBUG - [FFMPEG] - rfps: 14.985015 0.001853
Jan 03, 2024 03:04:38.408 [140561602546496] DEBUG - [FFMPEG] - rfps: 14.985015 0.001853
Jan 03, 2024 03:04:38.408 [140561602546496] DEBUG - [FFMPEG] - rfps: 47.952048 0.018970
Jan 03, 2024 03:04:38.408 [140561602546496] DEBUG - [FFMPEG] - After avformat_find_stream_info() pos: 1810 bytes read:16803 seeks:0 frames:20
Jan 03, 2024 03:04:38.408 [140561602546496] DEBUG - [MI]  * 16803964f1f02878c82c0e9069a1ce9323d0470097240 [mkv h264/] Duration: 601000ms, 128x96 (1.333333) 1.000fps, bitrate=0kbps, audio channels=0, optimizedForStreaming=0 ("/tvshows/Doctor Who (2005) {tvdb-78804} {imdb-tt0436992}/Season 1/S01E02.mkv")
Jan 03, 2024 03:04:38.408 [140561602546496] DEBUG - [MI] Chapters had generic titles, clearing.
Jan 03, 2024 03:04:38.409 [140561602546496] DEBUG - [MI] Closing input file: "/tvshows/Doctor Who (2005) {tvdb-78804} {imdb-tt0436992}/Season 1/S01E02.mkv"
Jan 03, 2024 03:04:38.409 [140561602546496] DEBUG - Committing media stream changes for part 152
Jan 03, 2024 03:04:38.409 [140561602546496] DEBUG - Updating media item 152, size=16803, metadata_item_id=88
Jan 03, 2024 03:04:38.409 [140561602546496] DEBUG - Updating part with ID=152 [/tvshows/Doctor Who (2005) {tvdb-78804} {imdb-tt0436992}/Season 1/S01E02.mkv]
Jan 03, 2024 03:04:38.409 [140561583741696] DEBUG - [HCl#9] HTTP requesting GET http://127.0.0.1:32400/:/metadata/notify/changeItemState?librarySectionID=3&metadataItemID=88&metadataType=4&state=-1&parentID=-1&rootID=-1&mediaState=analyzing
Jan 03, 2024 03:04:38.410 [140561584790272] DEBUG - [HttpClient/HCl#9] HTTP/1.1 (0.0s) 200 response from GET http://127.0.0.1:32400/:/metadata/notify/changeItemState?librarySectionID=3&metadataItemID=88&metadataType=4&state=-1&parentID=-1&rootID=-1&mediaState=analyzing (reused)
Jan 03, 2024 03:04:38.410 [140561583741696] DEBUG - [HCl#a] HTTP requesting GET http://127.0.0.1:32400/:/metadata/notify/changeItemState?librarySectionID=3&metadataItemID=88&metadataType=4&state=-1&parentID=-1&rootID=-1&mediaState=idle
Jan 03, 2024 03:04:38.410 [140561584790272] DEBUG - [HttpClient/HCl#a] HTTP/1.1 (0.0s) 200 response from GET http://127.0.0.1:32400/:/metadata/notify/changeItemState?librarySectionID=3&metadataItemID=88&metadataType=4&state=-1&parentID=-1&rootID=-1&mediaState=idle (reused)
Jan 03, 2024 03:04:38.410 [140561602546496] DEBUG - Downloading document http://127.0.0.1:32400/library/changestamp
Jan 03, 2024 03:04:38.410 [140561602546496] DEBUG - [HCl#b] HTTP requesting GET http://127.0.0.1:32400/library/changestamp
Jan 03, 2024 03:04:38.411 [140561584790272] DEBUG - [HttpClient/HCl#b] HTTP/1.1 (0.0s) 200 response from GET http://127.0.0.1:32400/library/changestamp (reused)
Jan 03, 2024 03:04:38.411 [140561602546496] DEBUG - Updating metadata item (save) (The End of the World) with ID 88
Jan 03, 2024 03:04:38.411 [140561583741696] DEBUG - [HCl#c] HTTP requesting GET http://127.0.0.1:32400/:/metadata/flushMetadataCounterCache?metadataItemID=85
Jan 03, 2024 03:04:38.412 [140561584790272] DEBUG - [HttpClient/HCl#c] HTTP/1.1 (0.0s) 200 response from GET http://127.0.0.1:32400/:/metadata/flushMetadataCounterCache?metadataItemID=85 (reused)
Jan 03, 2024 03:04:38.412 [140561602546496] DEBUG - Analyzing media parts for item 89 (The Unquiet Dead): 153
Jan 03, 2024 03:04:38.412 [140561602546496] DEBUG - Computing hash for a tiny file, only using first block.
Jan 03, 2024 03:04:38.412 [140561602546496] DEBUG - Downloading document http://127.0.0.1:32400/library/changestamp
Jan 03, 2024 03:04:38.412 [140561602546496] DEBUG - [HCl#d] HTTP requesting GET http://127.0.0.1:32400/library/changestamp
Jan 03, 2024 03:04:38.413 [140561584790272] DEBUG - [HttpClient/HCl#d] HTTP/1.1 (0.0s) 200 response from GET http://127.0.0.1:32400/library/changestamp (reused)
Jan 03, 2024 03:04:38.413 [140561602546496] DEBUG - Updating metadata item (save) (The Unquiet Dead) with ID 89
Jan 03, 2024 03:04:38.413 [140561583741696] DEBUG - [HCl#e] HTTP requesting GET http://127.0.0.1:32400/:/metadata/flushMetadataCounterCache?metadataItemID=85
Jan 03, 2024 03:04:38.414 [140561602546496] DEBUG - [ID 153] Media part analysis: /tvshows/Doctor Who (2005) {tvdb-78804} {imdb-tt0436992}/Season 1/S01E03.mkv
Jan 03, 2024 03:04:38.414 [140561584790272] DEBUG - [HttpClient/HCl#e] HTTP/1.1 (0.0s) 200 response from GET http://127.0.0.1:32400/:/metadata/flushMetadataCounterCache?metadataItemID=85 (reused)
Jan 03, 2024 03:04:38.414 [140561602546496] DEBUG - [MI] Opening input file: "/tvshows/Doctor Who (2005) {tvdb-78804} {imdb-tt0436992}/Season 1/S01E03.mkv"
Jan 03, 2024 03:04:38.414 [140561602546496] DEBUG - [FFMPEG] - Opening '/tvshows/Doctor Who (2005) {tvdb-78804} {imdb-tt0436992}/Season 1/S01E03.mkv' for reading
Jan 03, 2024 03:04:38.414 [140561602546496] DEBUG - [FFMPEG] - Setting default whitelist 'file,crypto,data'
Jan 03, 2024 03:04:38.414 [140561602546496] DEBUG - [FFMPEG] - Format matroska,webm probed with size=2048 and score=100
Jan 03, 2024 03:04:38.414 [140561602546496] DEBUG - [FFMPEG] - st:0 removing common factor 1000000 from timebase
Jan 03, 2024 03:04:38.414 [140561602546496] DEBUG - [FFMPEG] - Before avformat_find_stream_info() pos: 570 bytes read:16803 seeks:0 nb_streams:1
Jan 03, 2024 03:04:38.414 [140561602546496] DEBUG - [FFMPEG] - nal_unit_type: 7(SPS), nal_ref_idc: 3
Jan 03, 2024 03:04:38.414 [140561602546496] DEBUG - [FFMPEG] - nal_unit_type: 8(PPS), nal_ref_idc: 3
Jan 03, 2024 03:04:38.414 [140561602546496] DEBUG - [FFMPEG] - nal_unit_type: 7(SPS), nal_ref_idc: 3
Jan 03, 2024 03:04:38.414 [140561602546496] DEBUG - [FFMPEG] - nal_unit_type: 8(PPS), nal_ref_idc: 3
Jan 03, 2024 03:04:38.414 [140561602546496] DEBUG - [FFMPEG] - nal_unit_type: 6(SEI), nal_ref_idc: 0
Jan 03, 2024 03:04:38.414 [140561602546496] DEBUG - [FFMPEG] - nal_unit_type: 5(IDR), nal_ref_idc: 3
Jan 03, 2024 03:04:38.414 [140561602546496] DEBUG - [FFMPEG] - Format yuv420p chosen by get_format().
Jan 03, 2024 03:04:38.414 [140561602546496] DEBUG - [FFMPEG] - no picture 
Jan 03, 2024 03:04:38.414 [140561602546496] DEBUG - [FFMPEG] - nal_unit_type: 1(Coded slice of a non-IDR picture), nal_ref_idc: 2
Jan 03, 2024 03:04:38.414 [140561602546496] DEBUG - [FFMPEG] - no picture 
Jan 03, 2024 03:04:38.414 [140561602546496] DEBUG - [FFMPEG] - nal_unit_type: 1(Coded slice of a non-IDR picture), nal_ref_idc: 2
Jan 03, 2024 03:04:38.414 [140561602546496] DEBUG - [FFMPEG] - nal_unit_type: 1(Coded slice of a non-IDR picture), nal_ref_idc: 0
Jan 03, 2024 03:04:38.415 [140561602546496] DEBUG - [FFMPEG] - nal_unit_type: 1(Coded slice of a non-IDR picture), nal_ref_idc: 0
Jan 03, 2024 03:04:38.415 [140561602546496] DEBUG - [FFMPEG] - nal_unit_type: 1(Coded slice of a non-IDR picture), nal_ref_idc: 2
Jan 03, 2024 03:04:38.415 [140561602546496] DEBUG - [FFMPEG] - nal_unit_type: 1(Coded slice of a non-IDR picture), nal_ref_idc: 2
Jan 03, 2024 03:04:38.415 [140561602546496] DEBUG - [FFMPEG] - nal_unit_type: 1(Coded slice of a non-IDR picture), nal_ref_idc: 0
Jan 03, 2024 03:04:38.415 [140561602546496] DEBUG - [FFMPEG] - nal_unit_type: 1(Coded slice of a non-IDR picture), nal_ref_idc: 0
Jan 03, 2024 03:04:38.415 [140561602546496] DEBUG - [FFMPEG] - first_dts 7000 not matching first dts NOPTS (pts 0, duration 1000) in the queue
Jan 03, 2024 03:04:38.415 [140561602546496] DEBUG - [FFMPEG] - rfps: 1.000000 0.000000
Jan 03, 2024 03:04:38.415 [140561602546496] DEBUG - [FFMPEG] - rfps: 2.000000 0.000000
Jan 03, 2024 03:04:38.415 [140561602546496] DEBUG - [FFMPEG] - rfps: 2.000000 0.000000
Jan 03, 2024 03:04:38.415 [140561602546496] DEBUG - [FFMPEG] - rfps: 3.000000 0.000000
Jan 03, 2024 03:04:38.415 [140561602546496] DEBUG - [FFMPEG] - rfps: 4.000000 0.000000
Jan 03, 2024 03:04:38.415 [140561602546496] DEBUG - [FFMPEG] - rfps: 4.000000 0.000000
Jan 03, 2024 03:04:38.415 [140561602546496] DEBUG - [FFMPEG] - rfps: 5.000000 0.000000
Jan 03, 2024 03:04:38.415 [140561602546496] DEBUG - [FFMPEG] - rfps: 6.000000 0.000000
Jan 03, 2024 03:04:38.415 [140561602546496] DEBUG - [FFMPEG] - rfps: 6.000000 0.000000
Jan 03, 2024 03:04:38.415 [140561602546496] DEBUG - [FFMPEG] - rfps: 7.000000 0.000000
Jan 03, 2024 03:04:38.415 [140561602546496] DEBUG - [FFMPEG] - rfps: 8.000000 0.000000
Jan 03, 2024 03:04:38.415 [140561602546496] DEBUG - [FFMPEG] - rfps: 8.000000 0.000000
Jan 03, 2024 03:04:38.415 [140561602546496] DEBUG - [FFMPEG] - rfps: 9.000000 0.000000
Jan 03, 2024 03:04:38.415 [140561602546496] DEBUG - [FFMPEG] - rfps: 10.000000 0.000000
Jan 03, 2024 03:04:38.415 [140561602546496] DEBUG - [FFMPEG] - rfps: 10.000000 0.000000
Jan 03, 2024 03:04:38.415 [140561602546496] DEBUG - [FFMPEG] - rfps: 11.000000 0.000000
Jan 03, 2024 03:04:38.415 [140561602546496] DEBUG - [FFMPEG] - rfps: 12.000000 0.000000
Jan 03, 2024 03:04:38.415 [140561602546496] DEBUG - [FFMPEG] - rfps: 12.000000 0.000000
Jan 03, 2024 03:04:38.415 [140561602546496] DEBUG - [FFMPEG] - rfps: 13.000000 0.000000
Jan 03, 2024 03:04:38.415 [140561602546496] DEBUG - [FFMPEG] - rfps: 14.000000 0.000000
Jan 03, 2024 03:04:38.415 [140561602546496] DEBUG - [FFMPEG] - rfps: 14.000000 0.000000
Jan 03, 2024 03:04:38.415 [140561602546496] DEBUG - [FFMPEG] - rfps: 15.000000 0.000000
Jan 03, 2024 03:04:38.415 [140561602546496] DEBUG - [FFMPEG] - rfps: 16.000000 0.000000
Jan 03, 2024 03:04:38.415 [140561602546496] DEBUG - [FFMPEG] - rfps: 16.000000 0.000000
Jan 03, 2024 03:04:38.415 [140561602546496] DEBUG - [FFMPEG] - rfps: 17.000000 0.000000
Jan 03, 2024 03:04:38.415 [140561602546496] DEBUG - [FFMPEG] - rfps: 18.000000 0.000000
Jan 03, 2024 03:04:38.415 [140561602546496] DEBUG - [FFMPEG] - rfps: 18.000000 0.000000
Jan 03, 2024 03:04:38.415 [140561602546496] DEBUG - [FFMPEG] - rfps: 19.000000 0.000000
Jan 03, 2024 03:04:38.415 [140561602546496] DEBUG - [FFMPEG] - rfps: 20.000000 0.000000
Jan 03, 2024 03:04:38.415 [140561602546496] DEBUG - [FFMPEG] - rfps: 20.000000 0.000000
Jan 03, 2024 03:04:38.415 [140561602546496] DEBUG - [FFMPEG] - rfps: 21.000000 0.000000
Jan 03, 2024 03:04:38.415 [140561602546496] DEBUG - [FFMPEG] - rfps: 22.000000 0.000000
Jan 03, 2024 03:04:38.415 [140561602546496] DEBUG - [FFMPEG] - rfps: 22.000000 0.000000
Jan 03, 2024 03:04:38.415 [140561602546496] DEBUG - [FFMPEG] - rfps: 23.000000 0.000000
Jan 03, 2024 03:04:38.415 [140561602546496] DEBUG - [FFMPEG] - rfps: 24.000000 0.000000
Jan 03, 2024 03:04:38.415 [140561602546496] DEBUG - [FFMPEG] - rfps: 24.000000 0.000000
Jan 03, 2024 03:04:38.415 [140561602546496] DEBUG - [FFMPEG] - rfps: 25.000000 0.000000
Jan 03, 2024 03:04:38.415 [140561602546496] DEBUG - [FFMPEG] - rfps: 26.000000 0.000000
Jan 03, 2024 03:04:38.415 [140561602546496] DEBUG - [FFMPEG] - rfps: 26.000000 0.000000
Jan 03, 2024 03:04:38.415 [140561602546496] DEBUG - [FFMPEG] - rfps: 27.000000 0.000000
Jan 03, 2024 03:04:38.415 [140561602546496] DEBUG - [FFMPEG] - rfps: 28.000000 0.000000
Jan 03, 2024 03:04:38.415 [140561602546496] DEBUG - [FFMPEG] - rfps: 28.000000 0.000000
Jan 03, 2024 03:04:38.415 [140561602546496] DEBUG - [FFMPEG] - rfps: 29.000000 0.000000
Jan 03, 2024 03:04:38.415 [140561602546496] DEBUG - [FFMPEG] - rfps: 30.000000 0.000000
Jan 03, 2024 03:04:38.415 [140561602546496] DEBUG - [FFMPEG] - rfps: 30.000000 0.000000
Jan 03, 2024 03:04:38.415 [140561602546496] DEBUG - [FFMPEG] - rfps: 31.000000 0.000000
Jan 03, 2024 03:04:38.415 [140561602546496] DEBUG - [FFMPEG] - rfps: 32.000000 0.000000
Jan 03, 2024 03:04:38.415 [140561602546496] DEBUG - [FFMPEG] - rfps: 32.000000 0.000000
Jan 03, 2024 03:04:38.415 [140561602546496] DEBUG - [FFMPEG] - rfps: 33.000000 0.000000
Jan 03, 2024 03:04:38.415 [140561602546496] DEBUG - [FFMPEG] - rfps: 34.000000 0.000000
Jan 03, 2024 03:04:38.415 [140561602546496] DEBUG - [FFMPEG] - rfps: 34.000000 0.000000
Jan 03, 2024 03:04:38.415 [140561602546496] DEBUG - [FFMPEG] - rfps: 35.000000 0.000000
Jan 03, 2024 03:04:38.415 [140561602546496] DEBUG - [FFMPEG] - rfps: 36.000000 0.000000
Jan 03, 2024 03:04:38.415 [140561602546496] DEBUG - [FFMPEG] - rfps: 36.000000 0.000000
Jan 03, 2024 03:04:38.415 [140561602546496] DEBUG - [FFMPEG] - rfps: 37.000000 0.000000
Jan 03, 2024 03:04:38.415 [140561602546496] DEBUG - [FFMPEG] - rfps: 38.000000 0.000000
Jan 03, 2024 03:04:38.415 [140561602546496] DEBUG - [FFMPEG] - rfps: 38.000000 0.000000
Jan 03, 2024 03:04:38.415 [140561602546496] DEBUG - [FFMPEG] - rfps: 39.000000 0.000000
Jan 03, 2024 03:04:38.415 [140561602546496] DEBUG - [FFMPEG] - rfps: 40.000000 0.000000
Jan 03, 2024 03:04:38.415 [140561602546496] DEBUG - [FFMPEG] - rfps: 40.000000 0.000000
Jan 03, 2024 03:04:38.415 [140561602546496] DEBUG - [FFMPEG] - rfps: 41.000000 0.000000
Jan 03, 2024 03:04:38.415 [140561602546496] DEBUG - [FFMPEG] - rfps: 42.000000 0.000000
Jan 03, 2024 03:04:38.415 [140561602546496] DEBUG - [FFMPEG] - rfps: 42.000000 0.000000
Jan 03, 2024 03:04:38.415 [140561602546496] DEBUG - [FFMPEG] - rfps: 43.000000 0.000000
Jan 03, 2024 03:04:38.415 [140561602546496] DEBUG - [FFMPEG] - rfps: 44.000000 0.000000
Jan 03, 2024 03:04:38.415 [140561602546496] DEBUG - [FFMPEG] - rfps: 44.000000 0.000000
Jan 03, 2024 03:04:38.415 [140561602546496] DEBUG - [FFMPEG] - rfps: 45.000000 0.000000
Jan 03, 2024 03:04:38.415 [140561602546496] DEBUG - [FFMPEG] - rfps: 46.000000 0.000000
Jan 03, 2024 03:04:38.415 [140561602546496] DEBUG - [FFMPEG] - rfps: 46.000000 0.000000
Jan 03, 2024 03:04:38.415 [140561602546496] DEBUG - [FFMPEG] - rfps: 47.000000 0.000000
Jan 03, 2024 03:04:38.415 [140561602546496] DEBUG - [FFMPEG] - rfps: 48.000000 0.000000
Jan 03, 2024 03:04:38.415 [140561602546496] DEBUG - [FFMPEG] - rfps: 48.000000 0.000000
Jan 03, 2024 03:04:38.415 [140561602546496] DEBUG - [FFMPEG] - rfps: 49.000000 0.000000
Jan 03, 2024 03:04:38.415 [140561602546496] DEBUG - [FFMPEG] - rfps: 50.000000 0.000000
Jan 03, 2024 03:04:38.415 [140561602546496] DEBUG - [FFMPEG] - rfps: 50.000000 0.000000
Jan 03, 2024 03:04:38.415 [140561602546496] DEBUG - [FFMPEG] - rfps: 51.000000 0.000000
Jan 03, 2024 03:04:38.415 [140561602546496] DEBUG - [FFMPEG] - rfps: 52.000000 0.000000
Jan 03, 2024 03:04:38.415 [140561602546496] DEBUG - [FFMPEG] - rfps: 52.000000 0.000000
Jan 03, 2024 03:04:38.415 [140561602546496] DEBUG - [FFMPEG] - rfps: 53.000000 0.000000
Jan 03, 2024 03:04:38.415 [140561602546496] DEBUG - [FFMPEG] - rfps: 54.000000 0.000000
Jan 03, 2024 03:04:38.415 [140561602546496] DEBUG - [FFMPEG] - rfps: 54.000000 0.000000
Jan 03, 2024 03:04:38.415 [140561602546496] DEBUG - [FFMPEG] - rfps: 55.000000 0.000000
Jan 03, 2024 03:04:38.415 [140561602546496] DEBUG - [FFMPEG] - rfps: 56.000000 0.000000
Jan 03, 2024 03:04:38.415 [140561602546496] DEBUG - [FFMPEG] - rfps: 56.000000 0.000000
Jan 03, 2024 03:04:38.415 [140561602546496] DEBUG - [FFMPEG] - rfps: 57.000000 0.000000
Jan 03, 2024 03:04:38.415 [140561602546496] DEBUG - [FFMPEG] - rfps: 58.000000 0.000000
Jan 03, 2024 03:04:38.415 [140561602546496] DEBUG - [FFMPEG] - rfps: 58.000000 0.000000
Jan 03, 2024 03:04:38.415 [140561602546496] DEBUG - [FFMPEG] - rfps: 59.000000 0.000000
Jan 03, 2024 03:04:38.415 [140561602546496] DEBUG - [FFMPEG] - rfps: 60.000000 0.000000
Jan 03, 2024 03:04:38.415 [140561602546496] DEBUG - [FFMPEG] - rfps: 60.000000 0.000000
Jan 03, 2024 03:04:38.415 [140561602546496] DEBUG - [FFMPEG] - rfps: 80.000000 0.000000
Jan 03, 2024 03:04:38.415 [140561602546496] DEBUG - [FFMPEG] - rfps: 80.000000 0.000000
Jan 03, 2024 03:04:38.415 [140561602546496] DEBUG - [FFMPEG] - rfps: 120.000000 0.000000
Jan 03, 2024 03:04:38.415 [140561602546496] DEBUG - [FFMPEG] - rfps: 120.000000 0.000000
Jan 03, 2024 03:04:38.415 [140561602546496] DEBUG - [FFMPEG] - rfps: 240.000000 0.000000
Jan 03, 2024 03:04:38.415 [140561602546496] DEBUG - [FFMPEG] - rfps: 240.000000 0.000000
Jan 03, 2024 03:04:38.415 [140561602546496] DEBUG - [FFMPEG] - rfps: 23.976024 0.004743
Jan 03, 2024 03:04:38.415 [140561602546496] DEBUG - [FFMPEG] - rfps: 23.976024 0.004743
Jan 03, 2024 03:04:38.415 [140561602546496] DEBUG - [FFMPEG] - rfps: 29.970030 0.007410
Jan 03, 2024 03:04:38.415 [140561602546496] DEBUG - [FFMPEG] - rfps: 11.988012 0.001186
Jan 03, 2024 03:04:38.415 [140561602546496] DEBUG - [FFMPEG] - rfps: 11.988012 0.001186
Jan 03, 2024 03:04:38.415 [140561602546496] DEBUG - [FFMPEG] - rfps: 14.985015 0.001853
Jan 03, 2024 03:04:38.415 [140561602546496] DEBUG - [FFMPEG] - rfps: 14.985015 0.001853
Jan 03, 2024 03:04:38.415 [140561602546496] DEBUG - [FFMPEG] - rfps: 47.952048 0.018970
Jan 03, 2024 03:04:38.415 [140561602546496] DEBUG - [FFMPEG] - After avformat_find_stream_info() pos: 1810 bytes read:16803 seeks:0 frames:20
Jan 03, 2024 03:04:38.415 [140561602546496] DEBUG - [MI]  * 16803becd746f1a1a353cf4a999ba81a74af0f2f6265c [mkv h264/] Duration: 601000ms, 128x96 (1.333333) 1.000fps, bitrate=0kbps, audio channels=0, optimizedForStreaming=0 ("/tvshows/Doctor Who (2005) {tvdb-78804} {imdb-tt0436992}/Season 1/S01E03.mkv")
Jan 03, 2024 03:04:38.415 [140561602546496] DEBUG - [MI] Chapters had generic titles, clearing.
Jan 03, 2024 03:04:38.415 [140561602546496] DEBUG - [MI] Closing input file: "/tvshows/Doctor Who (2005) {tvdb-78804} {imdb-tt0436992}/Season 1/S01E03.mkv"
Jan 03, 2024 03:04:38.415 [140561602546496] DEBUG - Committing media stream changes for part 153
Jan 03, 2024 03:04:38.416 [140561602546496] DEBUG - Updating media item 153, size=16803, metadata_item_id=89
Jan 03, 2024 03:04:38.416 [140561602546496] DEBUG - Updating part with ID=153 [/tvshows/Doctor Who (2005) {tvdb-78804} {imdb-tt0436992}/Season 1/S01E03.mkv]
Jan 03, 2024 03:04:38.416 [140561583741696] DEBUG - [HCl#f] HTTP requesting GET http://127.0.0.1:32400/:/metadata/notify/changeItemState?librarySectionID=3&metadataItemID=89&metadataType=4&state=-1&parentID=-1&rootID=-1&mediaState=analyzing
Jan 03, 2024 03:04:38.416 [140561584790272] DEBUG - [HttpClient/HCl#f] HTTP/1.1 (0.0s) 200 response from GET http://127.0.0.1:32400/:/metadata/notify/changeItemState?librarySectionID=3&metadataItemID=89&metadataType=4&state=-1&parentID=-1&rootID=-1&mediaState=analyzing (reused)
Jan 03, 2024 03:04:38.416 [140561583741696] DEBUG - [HCl#10] HTTP requesting GET http://127.0.0.1:32400/:/metadata/notify/changeItemState?librarySectionID=3&metadataItemID=89&metadataType=4&state=-1&parentID=-1&rootID=-1&mediaState=idle
Jan 03, 2024 03:04:38.416 [140561584790272] DEBUG - [HttpClient/HCl#10] HTTP/1.1 (0.0s) 200 response from GET http://127.0.0.1:32400/:/metadata/notify/changeItemState?librarySectionID=3&metadataItemID=89&metadataType=4&state=-1&parentID=-1&rootID=-1&mediaState=idle (reused)
Jan 03, 2024 03:04:38.417 [140561602546496] DEBUG - Downloading document http://127.0.0.1:32400/library/changestamp
Jan 03, 2024 03:04:38.417 [140561602546496] DEBUG - [HCl#11] HTTP requesting GET http://127.0.0.1:32400/library/changestamp
Jan 03, 2024 03:04:38.417 [140561584790272] DEBUG - [HttpClient/HCl#11] HTTP/1.1 (0.0s) 200 response from GET http://127.0.0.1:32400/library/changestamp (reused)
Jan 03, 2024 03:04:38.417 [140561602546496] DEBUG - Updating metadata item (save) (The Unquiet Dead) with ID 89
Jan 03, 2024 03:04:38.418 [140561583741696] DEBUG - [HCl#12] HTTP requesting GET http://127.0.0.1:32400/:/metadata/flushMetadataCounterCache?metadataItemID=85
Jan 03, 2024 03:04:38.418 [140561584790272] DEBUG - [HttpClient/HCl#12] HTTP/1.1 (0.0s) 200 response from GET http://127.0.0.1:32400/:/metadata/flushMetadataCounterCache?metadataItemID=85 (reused)
Jan 03, 2024 03:04:38.419 [140561602546496] DEBUG - Analyzing media parts for item 90 (Aliens of London (1)): 154
Jan 03, 2024 03:04:38.419 [140561602546496] DEBUG - Computing hash for a tiny file, only using first block.
Jan 03, 2024 03:04:38.419 [140561602546496] DEBUG - Downloading document http://127.0.0.1:32400/library/changestamp
Jan 03, 2024 03:04:38.419 [140561602546496] DEBUG - [HCl#13] HTTP requesting GET http://127.0.0.1:32400/library/changestamp
Jan 03, 2024 03:04:38.419 [140561584790272] DEBUG - [HttpClient/HCl#13] HTTP/1.1 (0.0s) 200 response from GET http://127.0.0.1:32400/library/changestamp (reused)
Jan 03, 2024 03:04:38.419 [140561602546496] DEBUG - Updating metadata item (save) (Aliens of London (1)) with ID 90
Jan 03, 2024 03:04:38.420 [140561583741696] DEBUG - [HCl#14] HTTP requesting GET http://127.0.0.1:32400/:/metadata/flushMetadataCounterCache?metadataItemID=85
Jan 03, 2024 03:04:38.420 [140561584790272] DEBUG - [HttpClient/HCl#14] HTTP/1.1 (0.0s) 200 response from GET http://127.0.0.1:32400/:/metadata/flushMetadataCounterCache?metadataItemID=85 (reused)
Jan 03, 2024 03:04:38.420 [140561602546496] DEBUG - [ID 154] Media part analysis: /tvshows/Doctor Who (2005) {tvdb-78804} {imdb-tt0436992}/Season 1/S01E04.mkv
Jan 03, 2024 03:04:38.420 [140561602546496] DEBUG - [MI] Opening input file: "/tvshows/Doctor Who (2005) {tvdb-78804} {imdb-tt0436992}/Season 1/S01E04.mkv"
Jan 03, 2024 03:04:38.420 [140561602546496] DEBUG - [FFMPEG] - Opening '/tvshows/Doctor Who (2005) {tvdb-78804} {imdb-tt0436992}/Season 1/S01E04.mkv' for reading
Jan 03, 2024 03:04:38.420 [140561602546496] DEBUG - [FFMPEG] - Setting default whitelist 'file,crypto,data'
Jan 03, 2024 03:04:38.420 [140561602546496] DEBUG - [FFMPEG] - Format matroska,webm probed with size=2048 and score=100
Jan 03, 2024 03:04:38.420 [140561602546496] DEBUG - [FFMPEG] - st:0 removing common factor 1000000 from timebase
Jan 03, 2024 03:04:38.420 [140561602546496] DEBUG - [FFMPEG] - Before avformat_find_stream_info() pos: 570 bytes read:16803 seeks:0 nb_streams:1
Jan 03, 2024 03:04:38.420 [140561602546496] DEBUG - [FFMPEG] - nal_unit_type: 7(SPS), nal_ref_idc: 3
Jan 03, 2024 03:04:38.420 [140561602546496] DEBUG - [FFMPEG] - nal_unit_type: 8(PPS), nal_ref_idc: 3
Jan 03, 2024 03:04:38.420 [140561602546496] DEBUG - [FFMPEG] - nal_unit_type: 7(SPS), nal_ref_idc: 3
Jan 03, 2024 03:04:38.420 [140561602546496] DEBUG - [FFMPEG] - nal_unit_type: 8(PPS), nal_ref_idc: 3
Jan 03, 2024 03:04:38.421 [140561602546496] DEBUG - [FFMPEG] - nal_unit_type: 6(SEI), nal_ref_idc: 0
Jan 03, 2024 03:04:38.421 [140561602546496] DEBUG - [FFMPEG] - nal_unit_type: 5(IDR), nal_ref_idc: 3
Jan 03, 2024 03:04:38.421 [140561602546496] DEBUG - [FFMPEG] - Format yuv420p chosen by get_format().
Jan 03, 2024 03:04:38.421 [140561602546496] DEBUG - [FFMPEG] - no picture 
Jan 03, 2024 03:04:38.421 [140561602546496] DEBUG - [FFMPEG] - nal_unit_type: 1(Coded slice of a non-IDR picture), nal_ref_idc: 2
Jan 03, 2024 03:04:38.421 [140561602546496] DEBUG - [FFMPEG] - no picture 
Jan 03, 2024 03:04:38.421 [140561602546496] DEBUG - [FFMPEG] - nal_unit_type: 1(Coded slice of a non-IDR picture), nal_ref_idc: 2
Jan 03, 2024 03:04:38.421 [140561602546496] DEBUG - [FFMPEG] - nal_unit_type: 1(Coded slice of a non-IDR picture), nal_ref_idc: 0
Jan 03, 2024 03:04:38.421 [140561602546496] DEBUG - [FFMPEG] - nal_unit_type: 1(Coded slice of a non-IDR picture), nal_ref_idc: 0
Jan 03, 2024 03:04:38.421 [140561602546496] DEBUG - [FFMPEG] - nal_unit_type: 1(Coded slice of a non-IDR picture), nal_ref_idc: 2
Jan 03, 2024 03:04:38.421 [140561602546496] DEBUG - [FFMPEG] - nal_unit_type: 1(Coded slice of a non-IDR picture), nal_ref_idc: 2
Jan 03, 2024 03:04:38.421 [140561602546496] DEBUG - [FFMPEG] - nal_unit_type: 1(Coded slice of a non-IDR picture), nal_ref_idc: 0
Jan 03, 2024 03:04:38.421 [140561602546496] DEBUG - [FFMPEG] - nal_unit_type: 1(Coded slice of a non-IDR picture), nal_ref_idc: 0
Jan 03, 2024 03:04:38.421 [140561602546496] DEBUG - [FFMPEG] - first_dts 7000 not matching first dts NOPTS (pts 0, duration 1000) in the queue
Jan 03, 2024 03:04:38.421 [140561602546496] DEBUG - [FFMPEG] - rfps: 1.000000 0.000000
Jan 03, 2024 03:04:38.421 [140561602546496] DEBUG - [FFMPEG] - rfps: 2.000000 0.000000
Jan 03, 2024 03:04:38.421 [140561602546496] DEBUG - [FFMPEG] - rfps: 2.000000 0.000000
Jan 03, 2024 03:04:38.421 [140561602546496] DEBUG - [FFMPEG] - rfps: 3.000000 0.000000
Jan 03, 2024 03:04:38.421 [140561602546496] DEBUG - [FFMPEG] - rfps: 4.000000 0.000000
Jan 03, 2024 03:04:38.421 [140561602546496] DEBUG - [FFMPEG] - rfps: 4.000000 0.000000
Jan 03, 2024 03:04:38.421 [140561602546496] DEBUG - [FFMPEG] - rfps: 5.000000 0.000000
Jan 03, 2024 03:04:38.421 [140561602546496] DEBUG - [FFMPEG] - rfps: 6.000000 0.000000
Jan 03, 2024 03:04:38.421 [140561602546496] DEBUG - [FFMPEG] - rfps: 6.000000 0.000000
Jan 03, 2024 03:04:38.421 [140561602546496] DEBUG - [FFMPEG] - rfps: 7.000000 0.000000
Jan 03, 2024 03:04:38.421 [140561602546496] DEBUG - [FFMPEG] - rfps: 8.000000 0.000000
Jan 03, 2024 03:04:38.421 [140561602546496] DEBUG - [FFMPEG] - rfps: 8.000000 0.000000
Jan 03, 2024 03:04:38.421 [140561602546496] DEBUG - [FFMPEG] - rfps: 9.000000 0.000000
Jan 03, 2024 03:04:38.421 [140561602546496] DEBUG - [FFMPEG] - rfps: 10.000000 0.000000
Jan 03, 2024 03:04:38.421 [140561602546496] DEBUG - [FFMPEG] - rfps: 10.000000 0.000000
Jan 03, 2024 03:04:38.421 [140561602546496] DEBUG - [FFMPEG] - rfps: 11.000000 0.000000
Jan 03, 2024 03:04:38.421 [140561602546496] DEBUG - [FFMPEG] - rfps: 12.000000 0.000000
Jan 03, 2024 03:04:38.421 [140561602546496] DEBUG - [FFMPEG] - rfps: 12.000000 0.000000
Jan 03, 2024 03:04:38.421 [140561602546496] DEBUG - [FFMPEG] - rfps: 13.000000 0.000000
Jan 03, 2024 03:04:38.421 [140561602546496] DEBUG - [FFMPEG] - rfps: 14.000000 0.000000
Jan 03, 2024 03:04:38.421 [140561602546496] DEBUG - [FFMPEG] - rfps: 14.000000 0.000000
Jan 03, 2024 03:04:38.421 [140561602546496] DEBUG - [FFMPEG] - rfps: 15.000000 0.000000
Jan 03, 2024 03:04:38.421 [140561602546496] DEBUG - [FFMPEG] - rfps: 16.000000 0.000000
Jan 03, 2024 03:04:38.421 [140561602546496] DEBUG - [FFMPEG] - rfps: 16.000000 0.000000
Jan 03, 2024 03:04:38.421 [140561602546496] DEBUG - [FFMPEG] - rfps: 17.000000 0.000000
Jan 03, 2024 03:04:38.421 [140561602546496] DEBUG - [FFMPEG] - rfps: 18.000000 0.000000
Jan 03, 2024 03:04:38.421 [140561602546496] DEBUG - [FFMPEG] - rfps: 18.000000 0.000000
Jan 03, 2024 03:04:38.421 [140561602546496] DEBUG - [FFMPEG] - rfps: 19.000000 0.000000
Jan 03, 2024 03:04:38.421 [140561602546496] DEBUG - [FFMPEG] - rfps: 20.000000 0.000000
Jan 03, 2024 03:04:38.421 [140561602546496] DEBUG - [FFMPEG] - rfps: 20.000000 0.000000
Jan 03, 2024 03:04:38.421 [140561602546496] DEBUG - [FFMPEG] - rfps: 21.000000 0.000000
Jan 03, 2024 03:04:38.421 [140561602546496] DEBUG - [FFMPEG] - rfps: 22.000000 0.000000
Jan 03, 2024 03:04:38.421 [140561602546496] DEBUG - [FFMPEG] - rfps: 22.000000 0.000000
Jan 03, 2024 03:04:38.421 [140561602546496] DEBUG - [FFMPEG] - rfps: 23.000000 0.000000
Jan 03, 2024 03:04:38.421 [140561602546496] DEBUG - [FFMPEG] - rfps: 24.000000 0.000000
Jan 03, 2024 03:04:38.421 [140561602546496] DEBUG - [FFMPEG] - rfps: 24.000000 0.000000
Jan 03, 2024 03:04:38.421 [140561602546496] DEBUG - [FFMPEG] - rfps: 25.000000 0.000000
Jan 03, 2024 03:04:38.421 [140561602546496] DEBUG - [FFMPEG] - rfps: 26.000000 0.000000
Jan 03, 2024 03:04:38.421 [140561602546496] DEBUG - [FFMPEG] - rfps: 26.000000 0.000000
Jan 03, 2024 03:04:38.421 [140561602546496] DEBUG - [FFMPEG] - rfps: 27.000000 0.000000
Jan 03, 2024 03:04:38.421 [140561602546496] DEBUG - [FFMPEG] - rfps: 28.000000 0.000000
Jan 03, 2024 03:04:38.421 [140561602546496] DEBUG - [FFMPEG] - rfps: 28.000000 0.000000
Jan 03, 2024 03:04:38.421 [140561602546496] DEBUG - [FFMPEG] - rfps: 29.000000 0.000000
Jan 03, 2024 03:04:38.421 [140561602546496] DEBUG - [FFMPEG] - rfps: 30.000000 0.000000
Jan 03, 2024 03:04:38.421 [140561602546496] DEBUG - [FFMPEG] - rfps: 30.000000 0.000000
Jan 03, 2024 03:04:38.421 [140561602546496] DEBUG - [FFMPEG] - rfps: 31.000000 0.000000
Jan 03, 2024 03:04:38.421 [140561602546496] DEBUG - [FFMPEG] - rfps: 32.000000 0.000000
Jan 03, 2024 03:04:38.421 [140561602546496] DEBUG - [FFMPEG] - rfps: 32.000000 0.000000
Jan 03, 2024 03:04:38.421 [140561602546496] DEBUG - [FFMPEG] - rfps: 33.000000 0.000000
Jan 03, 2024 03:04:38.421 [140561602546496] DEBUG - [FFMPEG] - rfps: 34.000000 0.000000
Jan 03, 2024 03:04:38.421 [140561602546496] DEBUG - [FFMPEG] - rfps: 34.000000 0.000000
Jan 03, 2024 03:04:38.421 [140561602546496] DEBUG - [FFMPEG] - rfps: 35.000000 0.000000
Jan 03, 2024 03:04:38.421 [140561602546496] DEBUG - [FFMPEG] - rfps: 36.000000 0.000000
Jan 03, 2024 03:04:38.421 [140561602546496] DEBUG - [FFMPEG] - rfps: 36.000000 0.000000
Jan 03, 2024 03:04:38.421 [140561602546496] DEBUG - [FFMPEG] - rfps: 37.000000 0.000000
Jan 03, 2024 03:04:38.421 [140561602546496] DEBUG - [FFMPEG] - rfps: 38.000000 0.000000
Jan 03, 2024 03:04:38.421 [140561602546496] DEBUG - [FFMPEG] - rfps: 38.000000 0.000000
Jan 03, 2024 03:04:38.421 [140561602546496] DEBUG - [FFMPEG] - rfps: 39.000000 0.000000
Jan 03, 2024 03:04:38.421 [140561602546496] DEBUG - [FFMPEG] - rfps: 40.000000 0.000000
Jan 03, 2024 03:04:38.421 [140561602546496] DEBUG - [FFMPEG] - rfps: 40.000000 0.000000
Jan 03, 2024 03:04:38.421 [140561602546496] DEBUG - [FFMPEG] - rfps: 41.000000 0.000000
Jan 03, 2024 03:04:38.421 [140561602546496] DEBUG - [FFMPEG] - rfps: 42.000000 0.000000
Jan 03, 2024 03:04:38.421 [140561602546496] DEBUG - [FFMPEG] - rfps: 42.000000 0.000000
Jan 03, 2024 03:04:38.421 [140561602546496] DEBUG - [FFMPEG] - rfps: 43.000000 0.000000
Jan 03, 2024 03:04:38.421 [140561602546496] DEBUG - [FFMPEG] - rfps: 44.000000 0.000000
Jan 03, 2024 03:04:38.421 [140561602546496] DEBUG - [FFMPEG] - rfps: 44.000000 0.000000
Jan 03, 2024 03:04:38.421 [140561602546496] DEBUG - [FFMPEG] - rfps: 45.000000 0.000000
Jan 03, 2024 03:04:38.421 [140561602546496] DEBUG - [FFMPEG] - rfps: 46.000000 0.000000
Jan 03, 2024 03:04:38.421 [140561602546496] DEBUG - [FFMPEG] - rfps: 46.000000 0.000000
Jan 03, 2024 03:04:38.421 [140561602546496] DEBUG - [FFMPEG] - rfps: 47.000000 0.000000
Jan 03, 2024 03:04:38.421 [140561602546496] DEBUG - [FFMPEG] - rfps: 48.000000 0.000000
Jan 03, 2024 03:04:38.421 [140561602546496] DEBUG - [FFMPEG] - rfps: 48.000000 0.000000
Jan 03, 2024 03:04:38.421 [140561602546496] DEBUG - [FFMPEG] - rfps: 49.000000 0.000000
Jan 03, 2024 03:04:38.421 [140561602546496] DEBUG - [FFMPEG] - rfps: 50.000000 0.000000
Jan 03, 2024 03:04:38.421 [140561602546496] DEBUG - [FFMPEG] - rfps: 50.000000 0.000000
Jan 03, 2024 03:04:38.421 [140561602546496] DEBUG - [FFMPEG] - rfps: 51.000000 0.000000
Jan 03, 2024 03:04:38.421 [140561602546496] DEBUG - [FFMPEG] - rfps: 52.000000 0.000000
Jan 03, 2024 03:04:38.421 [140561602546496] DEBUG - [FFMPEG] - rfps: 52.000000 0.000000
Jan 03, 2024 03:04:38.421 [140561602546496] DEBUG - [FFMPEG] - rfps: 53.000000 0.000000
Jan 03, 2024 03:04:38.421 [140561602546496] DEBUG - [FFMPEG] - rfps: 54.000000 0.000000
Jan 03, 2024 03:04:38.421 [140561602546496] DEBUG - [FFMPEG] - rfps: 54.000000 0.000000
Jan 03, 2024 03:04:38.421 [140561602546496] DEBUG - [FFMPEG] - rfps: 55.000000 0.000000
Jan 03, 2024 03:04:38.421 [140561602546496] DEBUG - [FFMPEG] - rfps: 56.000000 0.000000
Jan 03, 2024 03:04:38.421 [140561602546496] DEBUG - [FFMPEG] - rfps: 56.000000 0.000000
Jan 03, 2024 03:04:38.421 [140561602546496] DEBUG - [FFMPEG] - rfps: 57.000000 0.000000
Jan 03, 2024 03:04:38.421 [140561602546496] DEBUG - [FFMPEG] - rfps: 58.000000 0.000000
Jan 03, 2024 03:04:38.421 [140561602546496] DEBUG - [FFMPEG] - rfps: 58.000000 0.000000
Jan 03, 2024 03:04:38.421 [140561602546496] DEBUG - [FFMPEG] - rfps: 59.000000 0.000000
Jan 03, 2024 03:04:38.421 [140561602546496] DEBUG - [FFMPEG] - rfps: 60.000000 0.000000
Jan 03, 2024 03:04:38.421 [140561602546496] DEBUG - [FFMPEG] - rfps: 60.000000 0.000000
Jan 03, 2024 03:04:38.421 [140561602546496] DEBUG - [FFMPEG] - rfps: 80.000000 0.000000
Jan 03, 2024 03:04:38.421 [140561602546496] DEBUG - [FFMPEG] - rfps: 80.000000 0.000000
Jan 03, 2024 03:04:38.421 [140561602546496] DEBUG - [FFMPEG] - rfps: 120.000000 0.000000
Jan 03, 2024 03:04:38.421 [140561602546496] DEBUG - [FFMPEG] - rfps: 120.000000 0.000000
Jan 03, 2024 03:04:38.421 [140561602546496] DEBUG - [FFMPEG] - rfps: 240.000000 0.000000
Jan 03, 2024 03:04:38.421 [140561602546496] DEBUG - [FFMPEG] - rfps: 240.000000 0.000000
Jan 03, 2024 03:04:38.421 [140561602546496] DEBUG - [FFMPEG] - rfps: 23.976024 0.004743
Jan 03, 2024 03:04:38.421 [140561602546496] DEBUG - [FFMPEG] - rfps: 23.976024 0.004743
Jan 03, 2024 03:04:38.421 [140561602546496] DEBUG - [FFMPEG] - rfps: 29.970030 0.007410
Jan 03, 2024 03:04:38.421 [140561602546496] DEBUG - [FFMPEG] - rfps: 11.988012 0.001186
Jan 03, 2024 03:04:38.421 [140561602546496] DEBUG - [FFMPEG] - rfps: 11.988012 0.001186
Jan 03, 2024 03:04:38.421 [140561602546496] DEBUG - [FFMPEG] - rfps: 14.985015 0.001853
Jan 03, 2024 03:04:38.421 [140561602546496] DEBUG - [FFMPEG] - rfps: 14.985015 0.001853
Jan 03, 2024 03:04:38.421 [140561602546496] DEBUG - [FFMPEG] - rfps: 47.952048 0.018970
Jan 03, 2024 03:04:38.421 [140561602546496] DEBUG - [FFMPEG] - After avformat_find_stream_info() pos: 1810 bytes read:16803 seeks:0 frames:20
Jan 03, 2024 03:04:38.421 [140561602546496] DEBUG - [MI]  * 168030689d81a09ffe9a21f22b5ba3d25cefbb453e110 [mkv h264/] Duration: 601000ms, 128x96 (1.333333) 1.000fps, bitrate=0kbps, audio channels=0, optimizedForStreaming=0 ("/tvshows/Doctor Who (2005) {tvdb-78804} {imdb-tt0436992}/Season 1/S01E04.mkv")
Jan 03, 2024 03:04:38.421 [140561602546496] DEBUG - [MI] Chapters had generic titles, clearing.
Jan 03, 2024 03:04:38.421 [140561602546496] DEBUG - [MI] Closing input file: "/tvshows/Doctor Who (2005) {tvdb-78804} {imdb-tt0436992}/Season 1/S01E04.mkv"
Jan 03, 2024 03:04:38.422 [140561602546496] DEBUG - Committing media stream changes for part 154
Jan 03, 2024 03:04:38.422 [140561602546496] DEBUG - Updating media item 154, size=16803, metadata_item_id=90
Jan 03, 2024 03:04:38.422 [140561602546496] DEBUG - Updating part with ID=154 [/tvshows/Doctor Who (2005) {tvdb-78804} {imdb-tt0436992}/Season 1/S01E04.mkv]
Jan 03, 2024 03:04:38.422 [140561583741696] DEBUG - [HCl#15] HTTP requesting GET http://127.0.0.1:32400/:/metadata/notify/changeItemState?librarySectionID=3&metadataItemID=90&metadataType=4&state=-1&parentID=-1&rootID=-1&mediaState=analyzing
Jan 03, 2024 03:04:38.422 [140561584790272] DEBUG - [HttpClient/HCl#15] HTTP/1.1 (0.0s) 200 response from GET http://127.0.0.1:32400/:/metadata/notify/changeItemState?librarySectionID=3&metadataItemID=90&metadataType=4&state=-1&parentID=-1&rootID=-1&mediaState=analyzing (reused)
Jan 03, 2024 03:04:38.422 [140561583741696] DEBUG - [HCl#16] HTTP requesting GET http://127.0.0.1:32400/:/metadata/notify/changeItemState?librarySectionID=3&metadataItemID=90&metadataType=4&state=-1&parentID=-1&rootID=-1&mediaState=idle
Jan 03, 2024 03:04:38.423 [140561584790272] DEBUG - [HttpClient/HCl#16] HTTP/1.1 (0.0s) 200 response from GET http://127.0.0.1:32400/:/metadata/notify/changeItemState?librarySectionID=3&metadataItemID=90&metadataType=4&state=-1&parentID=-1&rootID=-1&mediaState=idle (reused)
Jan 03, 2024 03:04:38.423 [140561602546496] DEBUG - Downloading document http://127.0.0.1:32400/library/changestamp
Jan 03, 2024 03:04:38.423 [140561602546496] DEBUG - [HCl#17] HTTP requesting GET http://127.0.0.1:32400/library/changestamp
Jan 03, 2024 03:04:38.423 [140561584790272] DEBUG - [HttpClient/HCl#17] HTTP/1.1 (0.0s) 200 response from GET http://127.0.0.1:32400/library/changestamp (reused)
Jan 03, 2024 03:04:38.424 [140561602546496] DEBUG - Updating metadata item (save) (Aliens of London (1)) with ID 90
Jan 03, 2024 03:04:38.424 [140561583741696] DEBUG - [HCl#18] HTTP requesting GET http://127.0.0.1:32400/:/metadata/flushMetadataCounterCache?metadataItemID=85
Jan 03, 2024 03:04:38.424 [140561584790272] DEBUG - [HttpClient/HCl#18] HTTP/1.1 (0.0s) 200 response from GET http://127.0.0.1:32400/:/metadata/flushMetadataCounterCache?metadataItemID=85 (reused)
Jan 03, 2024 03:04:38.425 [140561602546496] DEBUG - Analyzing media parts for item 91 (World War Three (2)): 155
Jan 03, 2024 03:04:38.425 [140561602546496] DEBUG - Computing hash for a tiny file, only using first block.
Jan 03, 2024 03:04:38.425 [140561602546496] DEBUG - Downloading document http://127.0.0.1:32400/library/changestamp
Jan 03, 2024 03:04:38.425 [140561602546496] DEBUG - [HCl#19] HTTP requesting GET http://127.0.0.1:32400/library/changestamp
Jan 03, 2024 03:04:38.425 [140561584790272] DEBUG - [HttpClient/HCl#19] HTTP/1.1 (0.0s) 200 response from GET http://127.0.0.1:32400/library/changestamp (reused)
Jan 03, 2024 03:04:38.425 [140561602546496] DEBUG - Updating metadata item (save) (World War Three (2)) with ID 91
Jan 03, 2024 03:04:38.426 [140561583741696] DEBUG - [HCl#1a] HTTP requesting GET http://127.0.0.1:32400/:/metadata/flushMetadataCounterCache?metadataItemID=85
Jan 03, 2024 03:04:38.426 [140561602546496] DEBUG - [ID 155] Media part analysis: /tvshows/Doctor Who (2005) {tvdb-78804} {imdb-tt0436992}/Season 1/S01E05.mkv
Jan 03, 2024 03:04:38.426 [140561602546496] DEBUG - [MI] Opening input file: "/tvshows/Doctor Who (2005) {tvdb-78804} {imdb-tt0436992}/Season 1/S01E05.mkv"
Jan 03, 2024 03:04:38.426 [140561584790272] DEBUG - [HttpClient/HCl#1a] HTTP/1.1 (0.0s) 200 response from GET http://127.0.0.1:32400/:/metadata/flushMetadataCounterCache?metadataItemID=85 (reused)
Jan 03, 2024 03:04:38.426 [140561602546496] DEBUG - [FFMPEG] - Opening '/tvshows/Doctor Who (2005) {tvdb-78804} {imdb-tt0436992}/Season 1/S01E05.mkv' for reading
Jan 03, 2024 03:04:38.426 [140561602546496] DEBUG - [FFMPEG] - Setting default whitelist 'file,crypto,data'
Jan 03, 2024 03:04:38.426 [140561602546496] DEBUG - [FFMPEG] - Format matroska,webm probed with size=2048 and score=100
Jan 03, 2024 03:04:38.426 [140561602546496] DEBUG - [FFMPEG] - st:0 removing common factor 1000000 from timebase
Jan 03, 2024 03:04:38.426 [140561602546496] DEBUG - [FFMPEG] - Before avformat_find_stream_info() pos: 570 bytes read:16803 seeks:0 nb_streams:1
Jan 03, 2024 03:04:38.427 [140561602546496] DEBUG - [FFMPEG] - nal_unit_type: 7(SPS), nal_ref_idc: 3
Jan 03, 2024 03:04:38.427 [140561602546496] DEBUG - [FFMPEG] - nal_unit_type: 8(PPS), nal_ref_idc: 3
Jan 03, 2024 03:04:38.427 [140561602546496] DEBUG - [FFMPEG] - nal_unit_type: 7(SPS), nal_ref_idc: 3
Jan 03, 2024 03:04:38.427 [140561602546496] DEBUG - [FFMPEG] - nal_unit_type: 8(PPS), nal_ref_idc: 3
Jan 03, 2024 03:04:38.427 [140561602546496] DEBUG - [FFMPEG] - nal_unit_type: 6(SEI), nal_ref_idc: 0
Jan 03, 2024 03:04:38.427 [140561602546496] DEBUG - [FFMPEG] - nal_unit_type: 5(IDR), nal_ref_idc: 3
Jan 03, 2024 03:04:38.427 [140561602546496] DEBUG - [FFMPEG] - Format yuv420p chosen by get_format().
Jan 03, 2024 03:04:38.427 [140561602546496] DEBUG - [FFMPEG] - no picture 
Jan 03, 2024 03:04:38.427 [140561602546496] DEBUG - [FFMPEG] - nal_unit_type: 1(Coded slice of a non-IDR picture), nal_ref_idc: 2
Jan 03, 2024 03:04:38.427 [140561602546496] DEBUG - [FFMPEG] - no picture 
Jan 03, 2024 03:04:38.427 [140561602546496] DEBUG - [FFMPEG] - nal_unit_type: 1(Coded slice of a non-IDR picture), nal_ref_idc: 2
Jan 03, 2024 03:04:38.427 [140561602546496] DEBUG - [FFMPEG] - nal_unit_type: 1(Coded slice of a non-IDR picture), nal_ref_idc: 0
Jan 03, 2024 03:04:38.427 [140561602546496] DEBUG - [FFMPEG] - nal_unit_type: 1(Coded slice of a non-IDR picture), nal_ref_idc: 0
Jan 03, 2024 03:04:38.427 [140561602546496] DEBUG - [FFMPEG] - nal_unit_type: 1(Coded slice of a non-IDR picture), nal_ref_idc: 2
Jan 03, 2024 03:04:38.427 [140561602546496] DEBUG - [FFMPEG] - nal_unit_type: 1(Coded slice of a non-IDR picture), nal_ref_idc: 2
Jan 03, 2024 03:04:38.427 [140561602546496] DEBUG - [FFMPEG] - nal_unit_type: 1(Coded slice of a non-IDR picture), nal_ref_idc: 0
Jan 03, 2024 03:04:38.427 [140561602546496] DEBUG - [FFMPEG] - nal_unit_type: 1(Coded slice of a non-IDR picture), nal_ref_idc: 0
Jan 03, 2024 03:04:38.427 [140561602546496] DEBUG - [FFMPEG] - first_dts 7000 not matching first dts NOPTS (pts 0, duration 1000) in the queue
Jan 03, 2024 03:04:38.427 [140561602546496] DEBUG - [FFMPEG] - rfps: 1.000000 0.000000
Jan 03, 2024 03:04:38.427 [140561602546496] DEBUG - [FFMPEG] - rfps: 2.000000 0.000000
Jan 03, 2024 03:04:38.427 [140561602546496] DEBUG - [FFMPEG] - rfps: 2.000000 0.000000
Jan 03, 2024 03:04:38.427 [140561602546496] DEBUG - [FFMPEG] - rfps: 3.000000 0.000000
Jan 03, 2024 03:04:38.427 [140561602546496] DEBUG - [FFMPEG] - rfps: 4.000000 0.000000
Jan 03, 2024 03:04:38.427 [140561602546496] DEBUG - [FFMPEG] - rfps: 4.000000 0.000000
Jan 03, 2024 03:04:38.427 [140561602546496] DEBUG - [FFMPEG] - rfps: 5.000000 0.000000
Jan 03, 2024 03:04:38.427 [140561602546496] DEBUG - [FFMPEG] - rfps: 6.000000 0.000000
Jan 03, 2024 03:04:38.427 [140561602546496] DEBUG - [FFMPEG] - rfps: 6.000000 0.000000
Jan 03, 2024 03:04:38.427 [140561602546496] DEBUG - [FFMPEG] - rfps: 7.000000 0.000000
Jan 03, 2024 03:04:38.427 [140561602546496] DEBUG - [FFMPEG] - rfps: 8.000000 0.000000
Jan 03, 2024 03:04:38.427 [140561602546496] DEBUG - [FFMPEG] - rfps: 8.000000 0.000000
Jan 03, 2024 03:04:38.427 [140561602546496] DEBUG - [FFMPEG] - rfps: 9.000000 0.000000
Jan 03, 2024 03:04:38.427 [140561602546496] DEBUG - [FFMPEG] - rfps: 10.000000 0.000000
Jan 03, 2024 03:04:38.427 [140561602546496] DEBUG - [FFMPEG] - rfps: 10.000000 0.000000
Jan 03, 2024 03:04:38.427 [140561602546496] DEBUG - [FFMPEG] - rfps: 11.000000 0.000000
Jan 03, 2024 03:04:38.427 [140561602546496] DEBUG - [FFMPEG] - rfps: 12.000000 0.000000
Jan 03, 2024 03:04:38.427 [140561602546496] DEBUG - [FFMPEG] - rfps: 12.000000 0.000000
Jan 03, 2024 03:04:38.427 [140561602546496] DEBUG - [FFMPEG] - rfps: 13.000000 0.000000
Jan 03, 2024 03:04:38.427 [140561602546496] DEBUG - [FFMPEG] - rfps: 14.000000 0.000000
Jan 03, 2024 03:04:38.427 [140561602546496] DEBUG - [FFMPEG] - rfps: 14.000000 0.000000
Jan 03, 2024 03:04:38.427 [140561602546496] DEBUG - [FFMPEG] - rfps: 15.000000 0.000000
Jan 03, 2024 03:04:38.427 [140561602546496] DEBUG - [FFMPEG] - rfps: 16.000000 0.000000
Jan 03, 2024 03:04:38.427 [140561602546496] DEBUG - [FFMPEG] - rfps: 16.000000 0.000000
Jan 03, 2024 03:04:38.427 [140561602546496] DEBUG - [FFMPEG] - rfps: 17.000000 0.000000
Jan 03, 2024 03:04:38.427 [140561602546496] DEBUG - [FFMPEG] - rfps: 18.000000 0.000000
Jan 03, 2024 03:04:38.427 [140561602546496] DEBUG - [FFMPEG] - rfps: 18.000000 0.000000
Jan 03, 2024 03:04:38.427 [140561602546496] DEBUG - [FFMPEG] - rfps: 19.000000 0.000000
Jan 03, 2024 03:04:38.427 [140561602546496] DEBUG - [FFMPEG] - rfps: 20.000000 0.000000
Jan 03, 2024 03:04:38.427 [140561602546496] DEBUG - [FFMPEG] - rfps: 20.000000 0.000000
Jan 03, 2024 03:04:38.427 [140561602546496] DEBUG - [FFMPEG] - rfps: 21.000000 0.000000
Jan 03, 2024 03:04:38.427 [140561602546496] DEBUG - [FFMPEG] - rfps: 22.000000 0.000000
Jan 03, 2024 03:04:38.427 [140561602546496] DEBUG - [FFMPEG] - rfps: 22.000000 0.000000
Jan 03, 2024 03:04:38.427 [140561602546496] DEBUG - [FFMPEG] - rfps: 23.000000 0.000000
Jan 03, 2024 03:04:38.427 [140561602546496] DEBUG - [FFMPEG] - rfps: 24.000000 0.000000
Jan 03, 2024 03:04:38.427 [140561602546496] DEBUG - [FFMPEG] - rfps: 24.000000 0.000000
Jan 03, 2024 03:04:38.427 [140561602546496] DEBUG - [FFMPEG] - rfps: 25.000000 0.000000
Jan 03, 2024 03:04:38.427 [140561602546496] DEBUG - [FFMPEG] - rfps: 26.000000 0.000000
Jan 03, 2024 03:04:38.427 [140561602546496] DEBUG - [FFMPEG] - rfps: 26.000000 0.000000
Jan 03, 2024 03:04:38.427 [140561602546496] DEBUG - [FFMPEG] - rfps: 27.000000 0.000000
Jan 03, 2024 03:04:38.427 [140561602546496] DEBUG - [FFMPEG] - rfps: 28.000000 0.000000
Jan 03, 2024 03:04:38.427 [140561602546496] DEBUG - [FFMPEG] - rfps: 28.000000 0.000000
Jan 03, 2024 03:04:38.427 [140561602546496] DEBUG - [FFMPEG] - rfps: 29.000000 0.000000
Jan 03, 2024 03:04:38.427 [140561602546496] DEBUG - [FFMPEG] - rfps: 30.000000 0.000000
Jan 03, 2024 03:04:38.427 [140561602546496] DEBUG - [FFMPEG] - rfps: 30.000000 0.000000
Jan 03, 2024 03:04:38.427 [140561602546496] DEBUG - [FFMPEG] - rfps: 31.000000 0.000000
Jan 03, 2024 03:04:38.427 [140561602546496] DEBUG - [FFMPEG] - rfps: 32.000000 0.000000
Jan 03, 2024 03:04:38.427 [140561602546496] DEBUG - [FFMPEG] - rfps: 32.000000 0.000000
Jan 03, 2024 03:04:38.427 [140561602546496] DEBUG - [FFMPEG] - rfps: 33.000000 0.000000
Jan 03, 2024 03:04:38.427 [140561602546496] DEBUG - [FFMPEG] - rfps: 34.000000 0.000000
Jan 03, 2024 03:04:38.427 [140561602546496] DEBUG - [FFMPEG] - rfps: 34.000000 0.000000
Jan 03, 2024 03:04:38.427 [140561602546496] DEBUG - [FFMPEG] - rfps: 35.000000 0.000000
Jan 03, 2024 03:04:38.427 [140561602546496] DEBUG - [FFMPEG] - rfps: 36.000000 0.000000
Jan 03, 2024 03:04:38.427 [140561602546496] DEBUG - [FFMPEG] - rfps: 36.000000 0.000000
Jan 03, 2024 03:04:38.427 [140561602546496] DEBUG - [FFMPEG] - rfps: 37.000000 0.000000
Jan 03, 2024 03:04:38.427 [140561602546496] DEBUG - [FFMPEG] - rfps: 38.000000 0.000000
Jan 03, 2024 03:04:38.427 [140561602546496] DEBUG - [FFMPEG] - rfps: 38.000000 0.000000
Jan 03, 2024 03:04:38.427 [140561602546496] DEBUG - [FFMPEG] - rfps: 39.000000 0.000000
Jan 03, 2024 03:04:38.427 [140561602546496] DEBUG - [FFMPEG] - rfps: 40.000000 0.000000
Jan 03, 2024 03:04:38.427 [140561602546496] DEBUG - [FFMPEG] - rfps: 40.000000 0.000000
Jan 03, 2024 03:04:38.427 [140561602546496] DEBUG - [FFMPEG] - rfps: 41.000000 0.000000
Jan 03, 2024 03:04:38.427 [140561602546496] DEBUG - [FFMPEG] - rfps: 42.000000 0.000000
Jan 03, 2024 03:04:38.427 [140561602546496] DEBUG - [FFMPEG] - rfps: 42.000000 0.000000
Jan 03, 2024 03:04:38.427 [140561602546496] DEBUG - [FFMPEG] - rfps: 43.000000 0.000000
Jan 03, 2024 03:04:38.427 [140561602546496] DEBUG - [FFMPEG] - rfps: 44.000000 0.000000
Jan 03, 2024 03:04:38.427 [140561602546496] DEBUG - [FFMPEG] - rfps: 44.000000 0.000000
Jan 03, 2024 03:04:38.427 [140561602546496] DEBUG - [FFMPEG] - rfps: 45.000000 0.000000
Jan 03, 2024 03:04:38.427 [140561602546496] DEBUG - [FFMPEG] - rfps: 46.000000 0.000000
Jan 03, 2024 03:04:38.427 [140561602546496] DEBUG - [FFMPEG] - rfps: 46.000000 0.000000
Jan 03, 2024 03:04:38.427 [140561602546496] DEBUG - [FFMPEG] - rfps: 47.000000 0.000000
Jan 03, 2024 03:04:38.427 [140561602546496] DEBUG - [FFMPEG] - rfps: 48.000000 0.000000
Jan 03, 2024 03:04:38.427 [140561602546496] DEBUG - [FFMPEG] - rfps: 48.000000 0.000000
Jan 03, 2024 03:04:38.427 [140561602546496] DEBUG - [FFMPEG] - rfps: 49.000000 0.000000
Jan 03, 2024 03:04:38.427 [140561602546496] DEBUG - [FFMPEG] - rfps: 50.000000 0.000000
Jan 03, 2024 03:04:38.427 [140561602546496] DEBUG - [FFMPEG] - rfps: 50.000000 0.000000
Jan 03, 2024 03:04:38.427 [140561602546496] DEBUG - [FFMPEG] - rfps: 51.000000 0.000000
Jan 03, 2024 03:04:38.427 [140561602546496] DEBUG - [FFMPEG] - rfps: 52.000000 0.000000
Jan 03, 2024 03:04:38.427 [140561602546496] DEBUG - [FFMPEG] - rfps: 52.000000 0.000000
Jan 03, 2024 03:04:38.427 [140561602546496] DEBUG - [FFMPEG] - rfps: 53.000000 0.000000
Jan 03, 2024 03:04:38.427 [140561602546496] DEBUG - [FFMPEG] - rfps: 54.000000 0.000000
Jan 03, 2024 03:04:38.427 [140561602546496] DEBUG - [FFMPEG] - rfps: 54.000000 0.000000
Jan 03, 2024 03:04:38.427 [140561602546496] DEBUG - [FFMPEG] - rfps: 55.000000 0.000000
Jan 03, 2024 03:04:38.427 [140561602546496] DEBUG - [FFMPEG] - rfps: 56.000000 0.000000
Jan 03, 2024 03:04:38.427 [140561602546496] DEBUG - [FFMPEG] - rfps: 56.000000 0.000000
Jan 03, 2024 03:04:38.427 [140561602546496] DEBUG - [FFMPEG] - rfps: 57.000000 0.000000
Jan 03, 2024 03:04:38.427 [140561602546496] DEBUG - [FFMPEG] - rfps: 58.000000 0.000000
Jan 03, 2024 03:04:38.427 [140561602546496] DEBUG - [FFMPEG] - rfps: 58.000000 0.000000
Jan 03, 2024 03:04:38.427 [140561602546496] DEBUG - [FFMPEG] - rfps: 59.000000 0.000000
Jan 03, 2024 03:04:38.427 [140561602546496] DEBUG - [FFMPEG] - rfps: 60.000000 0.000000
Jan 03, 2024 03:04:38.427 [140561602546496] DEBUG - [FFMPEG] - rfps: 60.000000 0.000000
Jan 03, 2024 03:04:38.427 [140561602546496] DEBUG - [FFMPEG] - rfps: 80.000000 0.000000
Jan 03, 2024 03:04:38.427 [140561602546496] DEBUG - [FFMPEG] - rfps: 80.000000 0.000000
Jan 03, 2024 03:04:38.427 [140561602546496] DEBUG - [FFMPEG] - rfps: 120.000000 0.000000
Jan 03, 2024 03:04:38.427 [140561602546496] DEBUG - [FFMPEG] - rfps: 120.000000 0.000000
Jan 03, 2024 03:04:38.427 [140561602546496] DEBUG - [FFMPEG] - rfps: 240.000000 0.000000
Jan 03, 2024 03:04:38.427 [140561602546496] DEBUG - [FFMPEG] - rfps: 240.000000 0.000000
Jan 03, 2024 03:04:38.427 [140561602546496] DEBUG - [FFMPEG] - rfps: 23.976024 0.004743
Jan 03, 2024 03:04:38.427 [140561602546496] DEBUG - [FFMPEG] - rfps: 23.976024 0.004743
Jan 03, 2024 03:04:38.427 [140561602546496] DEBUG - [FFMPEG] - rfps: 29.970030 0.007410
Jan 03, 2024 03:04:38.427 [140561602546496] DEBUG - [FFMPEG] - rfps: 11.988012 0.001186
Jan 03, 2024 03:04:38.427 [140561602546496] DEBUG - [FFMPEG] - rfps: 11.988012 0.001186
Jan 03, 2024 03:04:38.427 [140561602546496] DEBUG - [FFMPEG] - rfps: 14.985015 0.001853
Jan 03, 2024 03:04:38.427 [140561602546496] DEBUG - [FFMPEG] - rfps: 14.985015 0.001853
Jan 03, 2024 03:04:38.427 [140561602546496] DEBUG - [FFMPEG] - rfps: 47.952048 0.018970
Jan 03, 2024 03:04:38.428 [140561602546496] DEBUG - [FFMPEG] - After avformat_find_stream_info() pos: 1810 bytes read:16803 seeks:0 frames:20
Jan 03, 2024 03:04:38.428 [140561602546496] DEBUG - [MI]  * 16803654ff5698858134643291e1079f8a6385abacf6a [mkv h264/] Duration: 601000ms, 128x96 (1.333333) 1.000fps, bitrate=0kbps, audio channels=0, optimizedForStreaming=0 ("/tvshows/Doctor Who (2005) {tvdb-78804} {imdb-tt0436992}/Season 1/S01E05.mkv")
Jan 03, 2024 03:04:38.428 [140561602546496] DEBUG - [MI] Chapters had generic titles, clearing.
Jan 03, 2024 03:04:38.428 [140561602546496] DEBUG - [MI] Closing input file: "/tvshows/Doctor Who (2005) {tvdb-78804} {imdb-tt0436992}/Season 1/S01E05.mkv"
Jan 03, 2024 03:04:38.428 [140561602546496] DEBUG - Committing media stream changes for part 155
Jan 03, 2024 03:04:38.428 [140561602546496] DEBUG - Updating media item 155, size=16803, metadata_item_id=91
Jan 03, 2024 03:04:38.428 [140561602546496] DEBUG - Updating part with ID=155 [/tvshows/Doctor Who (2005) {tvdb-78804} {imdb-tt0436992}/Season 1/S01E05.mkv]
Jan 03, 2024 03:04:38.428 [140561583741696] DEBUG - [HCl#1b] HTTP requesting GET http://127.0.0.1:32400/:/metadata/notify/changeItemState?librarySectionID=3&metadataItemID=91&metadataType=4&state=-1&parentID=-1&rootID=-1&mediaState=analyzing
Jan 03, 2024 03:04:38.429 [140561584790272] DEBUG - [HttpClient/HCl#1b] HTTP/1.1 (0.0s) 200 response from GET http://127.0.0.1:32400/:/metadata/notify/changeItemState?librarySectionID=3&metadataItemID=91&metadataType=4&state=-1&parentID=-1&rootID=-1&mediaState=analyzing (reused)
Jan 03, 2024 03:04:38.429 [140561583741696] DEBUG - [HCl#1c] HTTP requesting GET http://127.0.0.1:32400/:/metadata/notify/changeItemState?librarySectionID=3&metadataItemID=91&metadataType=4&state=-1&parentID=-1&rootID=-1&mediaState=idle
Jan 03, 2024 03:04:38.429 [140561584790272] DEBUG - [HttpClient/HCl#1c] HTTP/1.1 (0.0s) 200 response from GET http://127.0.0.1:32400/:/metadata/notify/changeItemState?librarySectionID=3&metadataItemID=91&metadataType=4&state=-1&parentID=-1&rootID=-1&mediaState=idle (reused)
Jan 03, 2024 03:04:38.429 [140561602546496] DEBUG - Downloading document http://127.0.0.1:32400/library/changestamp
Jan 03, 2024 03:04:38.430 [140561602546496] DEBUG - [HCl#1d] HTTP requesting GET http://127.0.0.1:32400/library/changestamp
Jan 03, 2024 03:04:38.430 [140561584790272] DEBUG - [HttpClient/HCl#1d] HTTP/1.1 (0.0s) 200 response from GET http://127.0.0.1:32400/library/changestamp (reused)
Jan 03, 2024 03:04:38.430 [140561602546496] DEBUG - Updating metadata item (save) (World War Three (2)) with ID 91
Jan 03, 2024 03:04:38.430 [140561583741696] DEBUG - [HCl#1e] HTTP requesting GET http://127.0.0.1:32400/:/metadata/flushMetadataCounterCache?metadataItemID=85
Jan 03, 2024 03:04:38.431 [140561584790272] DEBUG - [HttpClient/HCl#1e] HTTP/1.1 (0.0s) 200 response from GET http://127.0.0.1:32400/:/metadata/flushMetadataCounterCache?metadataItemID=85 (reused)
