Jul 05, 2026 00:50:56.896 [0x7fed09206b38] INFO - Plex Tuner Service v1.43.2.10687-563d026ea - Docker Docker Container (LinuxServer.io) x86_64 - build: 
Jul 05, 2026 00:50:56.897 [0x7fed09206b38] INFO - Linux version: 6.17.0-1018-azure (#18~24.04.1-Ubuntu SMP Thu May 28 16:39:11 UTC 2026), language: en-US
Jul 05, 2026 00:50:56.897 [0x7fed09206b38] INFO - Processor AMD EPYC 9V74 80-Core Processor                
Jul 05, 2026 00:50:56.897 [0x7fed09206b38] INFO - /usr/lib/plexmediaserver/Plex Tuner Service /usr/lib/plexmediaserver/Resources/Tuner/Private /usr/lib/plexmediaserver/Resources/Tuner/Shared 1.43.2.10687-563d026ea 32600
Jul 05, 2026 00:50:56.889 [0x7fed0ad78808] INFO - [I] broker_t::start...
Jul 05, 2026 00:50:56.896 [0x7fed0ad78808] INFO - [I] device_manager_t::init.
Jul 05, 2026 00:50:56.896 [0x7fed0ad78808] INFO - [I] device_manager_t::init. Initialize provider manager
Jul 05, 2026 00:50:56.896 [0x7fed0ad78808] INFO - [I] device_manager_t::init. Initialize all device auxes
Jul 05, 2026 00:50:56.896 [0x7fed0ad78808] INFO - [I] dvb_device_factory_t::get_aux_list
Jul 05, 2026 00:50:56.896 [0x7fed0ad78808] INFO - [I] tvbutler_aux_t::init
Jul 05, 2026 00:50:56.902 [0x7fed0ad78808] INFO - [I] web_server_t::start. Starting web server on port 32600
Jul 05, 2026 00:51:04.773 [0x7fed08e77b38] INFO - [I] web_service_t::process_device_discovery
Jul 05, 2026 00:51:04.773 [0x7fed08e77b38] INFO - [I] device_reactor_t::get_device_list ()
Jul 05, 2026 00:51:06.776 [0x7fed08e77b38] INFO - [I] SAT2IP - discover_satip_servers(): no servers found
Jul 05, 2026 00:51:07.195 [0x7fed08e77b38] INFO - [I] v4l::DeviceGetList_impl. getting v4l device list
Jul 05, 2026 00:51:07.197 [0x7fed08e77b38] INFO - [I] onetv_factory::DeviceGetListEx >>
Jul 05, 2026 00:51:07.197 [0x7fed08e77b38] WARN - [W] onetv_factory::DeviceGetListEx. libusb_init returned an error -99
Jul 05, 2026 00:51:25.148 [0x7fed0ad78808] INFO - Received SIGINT: Interrupt from keyboard.
Jul 05, 2026 00:51:25.166 [0x7fed0ad78808] INFO - [I] device_manager_t::term
Jul 05, 2026 00:51:25.166 [0x7fed0ad78808] INFO - [I] device_manager_t::term. Stop all devices
Jul 05, 2026 00:51:25.166 [0x7fed0ad78808] INFO - [I] device_manager_t::term. Shut down all device auxes
Jul 05, 2026 00:51:25.166 [0x7fed0ad78808] INFO - [I] tvbutler_aux_t::term
Jul 05, 2026 00:51:25.166 [0x7fed0ad78808] INFO - [I] web_server_t::stop. Web server is stopped
Jul 05, 2026 00:51:25.166 [0x7fed0ad78808] INFO - [I] device_manager_t::term
Jul 05, 2026 00:51:25.166 [0x7fed0ad78808] INFO - [I] device_manager_t::term. Stop all devices
Jul 05, 2026 00:51:25.166 [0x7fed0ad78808] INFO - [I] device_manager_t::term. Shut down all device auxes
Jul 05, 2026 00:51:25.167 [0x7fed0ad78808] INFO - [I] broker_t::shutdown. Shutdown is completed.
