May 31, 2026 01:03:33.085 [140081794607928] INFO - Plex Media Server v1.43.2.10687-563d026ea - Docker Docker Container (LinuxServer.io) x86_64 - build: linux-x86_64 debian - GMT 00:00
May 31, 2026 01:03:33.085 [140081794607928] INFO - Linux version: 6.17.0-1015-azure, language: en-US
May 31, 2026 01:03:33.085 [140081794607928] INFO - Processor: 4-core AMD EPYC 9V74 80-Core Processor
May 31, 2026 01:03:33.085 [140081794607928] INFO - Compiler is - Clang 11.0.1 (https://plex.tv 9b997da8e5b47bdb4a9425b3a3b290be393b4b1f)
May 31, 2026 01:03:33.085 [140081794607928] INFO - /usr/lib/plexmediaserver/Plex Media Server
May 31, 2026 01:03:33.085 [140081797151376] DEBUG - BPQ: [Idle] -> [Starting]
May 31, 2026 01:03:33.086 [140081797151376] DEBUG - FeatureManager: Using cached data for features list
May 31, 2026 01:03:33.089 [140081797151376] DEBUG - MyPlex: mapping state set to 'Unknown'.
May 31, 2026 01:03:33.090 [140081797151376] DEBUG - Relay: read 11 cached entries from hosts file
May 31, 2026 01:03:33.090 [140081797151376] DEBUG - Opening 20 database sessions to library (com.plexapp.plugins.library), SQLite 3.39.4, threadsafe=1
May 31, 2026 01:03:33.128 [140081797151376] DEBUG - MyPlex: using cached data for request for https://plex.tv/api/v2/server/users/features?filterFeatures[]=b83c8dc9-5a01-4b7a-a7c9-5870c8a6e21b&filterFeatures[]=926bc176-58ca-47da-b8e3-080ed14ea6ba&filterFeatures[]=ea791163-c28d-4b7c-af88-bcc9553b206d&filterFeatures[]=6ab6677b-ad9b-444f-9ca1-b8027d05b3e1&filterFeatures[]=56cd352b-0d47-436d-aced-f20db3508de5
May 31, 2026 01:03:33.156 [140081797151376] DEBUG - [CERT] Subject name is /CN=*.b1eb00e890d84884bd38f2ea180d2679.plex.direct
May 31, 2026 01:03:33.156 [140081797151376] DEBUG - [CERT] Installed certificate with fingerprint f5:13:6c:e0:05:75:7d:d4:a4:d5:77:b7:43:61:d5:cd:a8:1e:5e:9d.
May 31, 2026 01:03:33.156 [140081797151376] DEBUG - [CERT/OCSP] no URL available
May 31, 2026 01:03:33.156 [140081797151376] WARN - [CERT/OCSP] getCertInfo failed; skipping stapling
May 31, 2026 01:03:33.156 [140081797151376] DEBUG - HttpServer: Listening on IPv6 as well as IPv4.
May 31, 2026 01:03:33.156 [140081797151376] DEBUG - HttpServer: Listening on port 32400.
May 31, 2026 01:03:33.156 [140081797151376] DEBUG - HttpServer: Listening on port 32401.
May 31, 2026 01:03:33.157 [140081797151376] DEBUG - Running server...
May 31, 2026 01:03:33.157 [140081776581432] DEBUG - HttpServer: Set up a thread pool with 2 threads.
May 31, 2026 01:03:33.157 [140081797151376] INFO - Running migrations. (EPG 0)
May 31, 2026 01:03:33.158 [140081797151376] DEBUG - Captured session 0.
May 31, 2026 01:03:33.158 [140081797151376] DEBUG - Captured session 1.
May 31, 2026 01:03:33.158 [140081797151376] DEBUG - Captured session 2.
May 31, 2026 01:03:33.158 [140081797151376] DEBUG - Captured session 3.
May 31, 2026 01:03:33.158 [140081797151376] DEBUG - Captured session 4.
May 31, 2026 01:03:33.158 [140081797151376] DEBUG - Captured session 5.
May 31, 2026 01:03:33.158 [140081797151376] DEBUG - Captured session 6.
May 31, 2026 01:03:33.158 [140081797151376] DEBUG - Captured session 7.
May 31, 2026 01:03:33.158 [140081797151376] DEBUG - Captured session 8.
May 31, 2026 01:03:33.158 [140081797151376] DEBUG - Captured session 9.
May 31, 2026 01:03:33.158 [140081797151376] DEBUG - Captured session 10.
May 31, 2026 01:03:33.158 [140081797151376] DEBUG - Captured session 11.
May 31, 2026 01:03:33.158 [140081797151376] DEBUG - Captured session 12.
May 31, 2026 01:03:33.158 [140081797151376] DEBUG - Captured session 13.
May 31, 2026 01:03:33.158 [140081797151376] DEBUG - Captured session 14.
May 31, 2026 01:03:33.158 [140081797151376] DEBUG - Captured session 15.
May 31, 2026 01:03:33.158 [140081797151376] DEBUG - Captured session 16.
May 31, 2026 01:03:33.158 [140081797151376] DEBUG - Captured session 17.
May 31, 2026 01:03:33.158 [140081797151376] DEBUG - Captured session 18.
May 31, 2026 01:03:33.158 [140081797151376] DEBUG - Captured session 19.
May 31, 2026 01:03:33.162 [140081797151376] DEBUG - ChangestampAllocator: initialized to 1046
May 31, 2026 01:03:33.163 [140081797151376] DEBUG - Opening 2 database sessions to library (com.plexapp.plugins.library.blobs), SQLite 3.39.4, threadsafe=1
May 31, 2026 01:03:33.167 [140081797151376] INFO - Running migrations. (EPG 0)
May 31, 2026 01:03:33.168 [140081797151376] DEBUG - Captured session 0.
May 31, 2026 01:03:33.168 [140081797151376] DEBUG - Captured session 1.
May 31, 2026 01:03:33.196 [140081789852472] DEBUG - Grabber: Cleaning up orphaned grabs.
May 31, 2026 01:03:33.196 [140081789852472] DEBUG - Grabber: Cleaned up 0 decrepit directories in 0.0 sec.
May 31, 2026 01:03:33.196 [140081797151376] DEBUG - Media Provider: Registering provider com.plexapp.plugins.library
May 31, 2026 01:03:33.196 [140081797151376] DEBUG - Auth: Refreshing tokens inside the token-based authentication filter.
May 31, 2026 01:03:33.196 [140081797151376] DEBUG - MyPlex: using cached data for request for https://plex.tv/api/v2/server/access_tokens?auth_token=xxxxxxxxxxxxxxxxxxxx
May 31, 2026 01:03:33.196 [140081797151376] DEBUG - MyPlex: updating with 3 access tokens
May 31, 2026 01:03:33.197 [140081797151376] DEBUG - MyPlex: using cached data for request for https://plex.tv/api/v2/server/users?auth_token=xxxxxxxxxxxxxxxxxxxx
May 31, 2026 01:03:33.197 [140081797151376] DEBUG - MyPlex: using cached data for request for https://plex.tv/api/v2/server/users/subscriptions?auth_token=xxxxxxxxxxxxxxxxxxxx
May 31, 2026 01:03:33.197 [140081797151376] DEBUG - MyPlex: using cached data for request for https://plex.tv/api/v2/server/users/services?auth_token=xxxxxxxxxxxxxxxxxxxx
May 31, 2026 01:03:33.197 [140081789852472] DEBUG - Auth: Refreshing tokens inside the token-based authentication filter.
May 31, 2026 01:03:33.197 [140081789852472] DEBUG - [HCl#1] HTTP requesting GET https://plex.tv/api/v2/server/access_tokens?auth_token=xxxxxxxxxxxxxxxxxxxx
May 31, 2026 01:03:33.198 [140081797151376] DEBUG - Opening 1 database sessions to library (), SQLite 3.39.4, threadsafe=1
May 31, 2026 01:03:33.200 [140081723579192] DEBUG - File "/usr/lib/plexmediaserver/Resources/Plug-ins-563d026ea" changed: -1 => 2026-05-19 19:22:59 (1779218579).
May 31, 2026 01:03:33.200 [140081723579192] WARN - Warning: ex: boost::filesystem::last_write_time: No such file or directory [system:2]: "/config/Library/Application Support/Plex Media Server/Plug-ins", couldn't check file: "/config/Library/Application Support/Plex Media Server/Plug-ins"
May 31, 2026 01:03:33.200 [140081723579192] DEBUG - Scanning for plug-ins in "/usr/lib/plexmediaserver/Resources/Plug-ins-563d026ea"
May 31, 2026 01:03:33.203 [140081723579192] DEBUG - Scanning for plug-ins in "/config/Library/Application Support/Plex Media Server/Plug-ins"
May 31, 2026 01:03:33.204 [140081723579192] DEBUG - PluginRepository::setStartState: 1, startingSystem
May 31, 2026 01:03:33.204 [140081723579192] DEBUG - Starting plug-in /usr/lib/plexmediaserver/Resources/Plug-ins-563d026ea/System.bundle.
May 31, 2026 01:03:33.204 [140081723579192] DEBUG - [com.plexapp.system] Setting plug-in to always running (daemon mode).
May 31, 2026 01:03:33.205 [140081723579192] DEBUG - Starting file watcher for com.plexapp.system
May 31, 2026 01:03:33.205 [140081723579192] DEBUG - Plugin: setting environment variable: 'PYTHONHOME=/usr/lib/plexmediaserver/Resources/Python'
May 31, 2026 01:03:33.205 [140081723579192] DEBUG - Plugin: setting environment variable: 'PYTHONPATH=/usr/lib/plexmediaserver/Resources/Python/python27.zip:/usr/lib/plexmediaserver/Resources/Python/lib/python2.7/site-packages'
May 31, 2026 01:03:33.207 [140081723579192] DEBUG - Spawned plug-in com.plexapp.system with PID 247
May 31, 2026 01:03:33.207 [140081723579192] DEBUG - [com.plexapp.system] Sending command: GET /:/prefixes
May 31, 2026 01:03:34.080 [140081782008632] DEBUG - Request: didn't get any data from [::1]:33238: End of file
May 31, 2026 01:03:34.269 [140081725688632] DEBUG - Request: [127.0.0.1:41172 (Loopback)] GET /:/plugins/com.plexapp.system/messaging/function/X0J1bmRsZVNlcnZpY2U6QWxsU2VydmljZXM_/Y2VyZWFsMQoxCmxpc3QKMApyMAo_/Y2VyZWFsMQoxCmRpY3QKMApyMAo_ (4 live) #3 GZIP Token ()
May 31, 2026 01:03:34.269 [140081779899192] DEBUG - Completed: [127.0.0.1:41172] 503 GET /:/plugins/com.plexapp.system/messaging/function/X0J1bmRsZVNlcnZpY2U6QWxsU2VydmljZXM_/Y2VyZWFsMQoxCmxpc3QKMApyMAo_/Y2VyZWFsMQoxCmRpY3QKMApyMAo_ (4 live) #3 GZIP 0ms 436 bytes
May 31, 2026 01:03:34.270 [140081725688632] DEBUG - Request: [127.0.0.1:41174 (Loopback)] GET / (3 live) #4 GZIP Token ()
May 31, 2026 01:03:34.271 [140081779899192] DEBUG - Completed: [127.0.0.1:41174] 503 GET / (3 live) #4 GZIP 0ms 436 bytes
May 31, 2026 01:03:35.085 [140081719360312] DEBUG - [JobRunner] Job running: /usr/lib/plexmediaserver/CrashUploader "--directory=/config/Library/Application Support/Plex Media Server/Crash Reports/1.43.2.10687-563d026ea" --version=1.43.2.10687-563d026ea --platform=Linux --platformVersion=6.17.0-1015-azure --serverUuid=4aa082f4f7d6dd1a83a571d03b236b07794db03c --userId=jellyplex-watched@luigi311.com --sentryUrl=https://o17675.ingest.sentry.io/api/1233455/ --sentryKey=xxxxxxxxxxxxxxxxxxxxxxxxxxxxxxxx --vendor=Docker --model=x86_64 "--device=Docker Container (LinuxServer.io)"
May 31, 2026 01:03:35.086 [140081719360312] DEBUG - [JobRunner] Jobs: Starting child process with pid 281
May 31, 2026 01:03:35.097 [140081792408376] DEBUG - Jobs: '/usr/lib/plexmediaserver/CrashUploader' exit code for process 281 is 0 (success)
May 31, 2026 01:03:35.182 [140081725688632] DEBUG - Request: [127.0.0.1:41188 (Loopback)] GET /servers (3 live) #5 GZIP Token ()
May 31, 2026 01:03:35.183 [140081779899192] DEBUG - Completed: [127.0.0.1:41188] 503 GET /servers (3 live) #5 GZIP 0ms 436 bytes
May 31, 2026 01:03:35.222 [140081723579192] DEBUG - Reading 486 bytes in the body, code is 200
May 31, 2026 01:03:35.222 [140081723579192] DEBUG - [com.plexapp.system] Plug-in running on port 34743.
May 31, 2026 01:03:35.222 [140081723579192] DEBUG -  * Plug-in handles prefix: /system
May 31, 2026 01:03:35.222 [140081723579192] DEBUG -  * Plug-in handles prefix: /player
May 31, 2026 01:03:35.222 [140081723579192] DEBUG - Read configuration for [com.plexapp.system], had 2 prefixes
May 31, 2026 01:03:35.222 [140081723579192] DEBUG - Done with 1 synchronous plug-in starts, starting the rest in parallel.
May 31, 2026 01:03:35.222 [140081723579192] DEBUG - PluginRepository::setStartState: 2, startingPlugins
May 31, 2026 01:03:35.222 [140081723579192] DEBUG - Updating the list of agents known by the system.
May 31, 2026 01:03:35.222 [140081723579192] DEBUG - [com.plexapp.system] Sending command over HTTP (GET): /system/agents
May 31, 2026 01:03:35.222 [140081723579192] DEBUG - [HCl#2] HTTP requesting GET http://127.0.0.1:34743/system/agents
May 31, 2026 01:03:35.223 [140081797151376] DEBUG - Image transcode cache directory: "/config/Library/Application Support/Plex Media Server/Cache/PhotoTranscoder"
May 31, 2026 01:03:35.224 [140081797151376] DEBUG - Transcoder: Cleaning old transcode directories.
May 31, 2026 01:03:35.224 [140081797151376] DEBUG - MyPlex: using cached data for request for https://plex.tv/api/v2/server/access_tokens?auth_token=xxxxxxxxxxxxxxxxxxxx
May 31, 2026 01:03:35.224 [140081797151376] DEBUG - MyPlex: updating with 3 access tokens
May 31, 2026 01:03:35.224 [140081797151376] DEBUG - MyPlex: using cached data for request for https://plex.tv/api/v2/server/users?auth_token=xxxxxxxxxxxxxxxxxxxx
May 31, 2026 01:03:35.225 [140081797151376] DEBUG - MyPlex: using cached data for request for https://plex.tv/api/v2/server/users/subscriptions?auth_token=xxxxxxxxxxxxxxxxxxxx
May 31, 2026 01:03:35.225 [140081797151376] DEBUG - MyPlex: using cached data for request for https://plex.tv/api/v2/server/users/services?auth_token=xxxxxxxxxxxxxxxxxxxx
May 31, 2026 01:03:35.225 [140081797151376] DEBUG - MyPlex: using cached data for request for https://plex.tv/api/v2/user?includeSubscriptions=1&includeProviders=1
May 31, 2026 01:03:35.226 [140081797151376] DEBUG - MyPlex: username is jellyplex_watched, login is jellyplex-watched@luigi311.com, home is 0, no pin
May 31, 2026 01:03:35.227 [140081797151376] DEBUG - MyPlex: start public ip check and mapping - current mapped state: 'Unknown'.
May 31, 2026 01:03:35.227 [140081797151376] DEBUG - MyPlex: mapping state set to 'Not Mapped'.
May 31, 2026 01:03:35.227 [140081797151376] DEBUG - PublicAddressManager: Starting.
May 31, 2026 01:03:35.227 [140081797151376] DEBUG - PublicAddressManager: Obtaining public address and mapping port.
May 31, 2026 01:03:35.228 [140081719360312] DEBUG - PublicAddressManager: Obtaining public IP.
May 31, 2026 01:03:35.228 [140081719360312] DEBUG - [HCl#3] HTTP requesting GET https://v4.plex.tv/pms/:/ip
May 31, 2026 01:03:35.228 [140081715141432] DEBUG - [HCl#4] HTTP requesting GET https://plex.tv/api/v2/user?includeSubscriptions=1&includeProviders=1
May 31, 2026 01:03:35.228 [140081710922552] DEBUG - NAT: UPnP, attempting port mapping.
May 31, 2026 01:03:35.229 [140081797151376] DEBUG - NetworkInterface: Starting watch thread.
May 31, 2026 01:03:35.229 [140081797151376] DEBUG - Network change.
May 31, 2026 01:03:35.229 [140081797151376] DEBUG - NetworkInterface: Notified of network changed (force=0)
May 31, 2026 01:03:35.229 [140081708813112] DEBUG - NetworkInterface: Watching for changes on the interfaces.
May 31, 2026 01:03:35.229 [140081797151376] DEBUG - Detected primary interface: 172.17.0.2
May 31, 2026 01:03:35.229 [140081797151376] DEBUG - Network interfaces:
May 31, 2026 01:03:35.229 [140081797151376] DEBUG -  * 1 lo (127.0.0.1) (00-00-00-00-00-00) (loopback: 1)
May 31, 2026 01:03:35.229 [140081797151376] DEBUG -  * 2 eth0 (172.17.0.2) (2A-F6-08-70-DB-44) (loopback: 0)
May 31, 2026 01:03:35.229 [140081797151376] DEBUG -  * 1 lo (::1) (00-00-00-00-00-00) (loopback: 1)
May 31, 2026 01:03:35.229 [140081797151376] DEBUG - Creating NetworkServices singleton.
May 31, 2026 01:03:35.229 [140081797151376] DEBUG - NetworkServices: Initializing...
May 31, 2026 01:03:35.230 [140081797151376] DEBUG - NetworkService: Creating new service.
May 31, 2026 01:03:35.230 [140081797151376] DEBUG - NetworkService: Got notification of changed network (first change: 1)
May 31, 2026 01:03:35.230 [140081797151376] DEBUG - NetworkService: Quick dispatch of network change.
May 31, 2026 01:03:35.230 [140081797151376] DEBUG - NetworkService: Creating new service.
May 31, 2026 01:03:35.230 [140081797151376] DEBUG - NetworkService: Got notification of changed network (first change: 1)
May 31, 2026 01:03:35.230 [140081797151376] DEBUG - NetworkService: Quick dispatch of network change.
May 31, 2026 01:03:35.230 [140081797151376] DEBUG - NetworkService: Creating new service.
May 31, 2026 01:03:35.230 [140081797151376] DEBUG - NetworkService: Got notification of changed network (first change: 1)
May 31, 2026 01:03:35.230 [140081797151376] DEBUG - NetworkService: Quick dispatch of network change.
May 31, 2026 01:03:35.230 [140081797151376] DEBUG - NetworkService: Creating new service.
May 31, 2026 01:03:35.230 [140081797151376] DEBUG - NetworkService: Got notification of changed network (first change: 1)
May 31, 2026 01:03:35.231 [140081797151376] DEBUG - NetworkService: Quick dispatch of network change.
May 31, 2026 01:03:35.231 [140081797151376] DEBUG - NetworkService: Creating new service.
May 31, 2026 01:03:35.231 [140081706703672] DEBUG - Network change for advertiser.
May 31, 2026 01:03:35.231 [140081706703672] DEBUG - NetworkService: Setting up multicast listener on 0.0.0.0:32414
May 31, 2026 01:03:35.231 [140081797151376] DEBUG - NetworkService: Got notification of changed network (first change: 1)
May 31, 2026 01:03:35.231 [140081797151376] DEBUG - NetworkService: Quick dispatch of network change.
May 31, 2026 01:03:35.231 [140081706703672] DEBUG - Network change for advertiser.
May 31, 2026 01:03:35.231 [140081706703672] DEBUG - NetworkService: Setting up multicast listener on 0.0.0.0:32410
May 31, 2026 01:03:35.231 [140081706703672] DEBUG - Network change for advertiser.
May 31, 2026 01:03:35.231 [140081706703672] DEBUG - NetworkService: Setting up multicast listener on 0.0.0.0:32412
May 31, 2026 01:03:35.231 [140081706703672] DEBUG - NetworkService: Network change for browser (polled=0), closing 0 browse sockets.
May 31, 2026 01:03:35.231 [140081706703672] DEBUG - NetworkService: Setting up multicast listener on 0.0.0.0:32413
May 31, 2026 01:03:35.231 [140081706703672] DEBUG - NetworkService: Browsing on interface 127.0.0.1 on broadcast address 127.255.255.255 (index: 0)
May 31, 2026 01:03:35.232 [140081706703672] DEBUG - NetworkService: Browsing on interface 172.17.0.2 on broadcast address 172.17.255.255 (index: 1)
May 31, 2026 01:03:35.232 [140081706703672] DEBUG - NetworkService: Network change for browser (polled=1), closing 0 browse sockets.
May 31, 2026 01:03:35.232 [140081706703672] DEBUG - NetworkService: Browsing on interface 127.0.0.1 on broadcast address 127.255.255.255 (index: 0)
May 31, 2026 01:03:35.232 [140081706703672] DEBUG - NetworkService: Browsing on interface 172.17.0.2 on broadcast address 172.17.255.255 (index: 1)
May 31, 2026 01:03:35.233 [140081797151376] DEBUG - NetworkService: Creating new service.
May 31, 2026 01:03:35.233 [140081797151376] DEBUG - NetworkService: Got notification of changed network (first change: 1)
May 31, 2026 01:03:35.233 [140081797151376] DEBUG - NetworkService: Quick dispatch of network change.
May 31, 2026 01:03:35.236 [140081706703672] DEBUG - NetworkService: Network change for browser (polled=0), closing 0 browse sockets.
May 31, 2026 01:03:35.236 [140081706703672] DEBUG - NetworkService: Setting up multicast listener on 0.0.0.0:1901
May 31, 2026 01:03:35.236 [140081706703672] DEBUG - NetworkService: Browsing on interface 172.17.0.2 on broadcast address 239.255.255.250 (index: 0)
May 31, 2026 01:03:35.238 [140081704594232] DEBUG - [DatabaseFixups] Running fix-ups.
May 31, 2026 01:03:35.238 [140081704594232] DEBUG - [DatabaseFixups/31DatabaseFixupsCleanupRetroGames] Executing fixup
May 31, 2026 01:03:35.238 [140081704594232] DEBUG - [DatabaseFixups/31DatabaseFixupsCleanupRetroGames] Fixup completed
May 31, 2026 01:03:35.238 [140081704594232] DEBUG - [DatabaseFixups/39DatabaseFixupsEnsureLibrarySectionUuids] Executing fixup
May 31, 2026 01:03:35.238 [140081702484792] DEBUG - [HCl#5] HTTP requesting GET https://plex.tv/api/v2/release_channels?X-Plex-Token=xxxxxxxxxxxxxxxxxxxx
May 31, 2026 01:03:35.239 [140081704594232] DEBUG - [DatabaseFixups/39DatabaseFixupsEnsureLibrarySectionUuids] Fixup completed
May 31, 2026 01:03:35.239 [140081704594232] DEBUG - [DatabaseFixups/38DatabaseFixupsEnsureMetadataItemHashes] Executing fixup
May 31, 2026 01:03:35.239 [140081704594232] DEBUG - [DatabaseFixups/38DatabaseFixupsEnsureMetadataItemHashes] Fixup completed
May 31, 2026 01:03:35.239 [140081704594232] DEBUG - [DatabaseFixups/39DatabaseFixupsSetDefaultAccountLanguage] Executing fixup
May 31, 2026 01:03:35.239 [140081704594232] DEBUG - [DatabaseFixups/39DatabaseFixupsSetDefaultAccountLanguage] Fixup completed
May 31, 2026 01:03:35.239 [140081704594232] DEBUG - [DatabaseFixups/52DatabaseFixupsCreateDefaultMediaProcessingTargetTags] Executing fixup
May 31, 2026 01:03:35.240 [140081700375352] DEBUG - [ChildProcessMonitor] Plex Tuner Service starting.
May 31, 2026 01:03:35.240 [140081700375352] DEBUG - [ChildProcessMonitor/JobRunner] Job running: "/usr/lib/plexmediaserver/Plex Tuner Service" /usr/lib/plexmediaserver/Resources/Tuner/Private /usr/lib/plexmediaserver/Resources/Tuner/Shared 1.43.2.10687-563d026ea 32600
May 31, 2026 01:03:35.240 [140081698265912] DEBUG - [HCl#6] HTTP requesting GET https://plex.tv/api/v2/user/privacy?X-Plex-Token=xxxxxxxxxxxxxxxxxxxx
May 31, 2026 01:03:35.240 [140081691937592] DEBUG - [HCl#7] HTTP requesting GET https://plex.tv/api/v2/features?X-Plex-Token=xxxxxxxxxxxxxxxxxxxx
May 31, 2026 01:03:35.240 [140081797151376] DEBUG - Waiting for server condition to be signaled.
May 31, 2026 01:03:35.240 [140081700375352] DEBUG - [ChildProcessMonitor/JobRunner] Jobs: Starting child process with pid 325
May 31, 2026 01:03:35.240 [140081704594232] DEBUG - [DatabaseFixups/52DatabaseFixupsCreateDefaultMediaProcessingTargetTags] Fixup completed
May 31, 2026 01:03:35.240 [140081696156472] DEBUG - DVR: Starting up.
May 31, 2026 01:03:35.243 [140081696156472] DEBUG - Activity: registered new activity 3ff982e8-f5ad-4ffd-9517-c089d23a5fcb - "Processing subscriptions"
May 31, 2026 01:03:35.243 [140081704594232] DEBUG - [DatabaseFixups/43DatabaseFixupsUpdateAutomaticLibraryFolders] Executing fixup
May 31, 2026 01:03:35.243 [140081704594232] DEBUG - [DatabaseFixups/43DatabaseFixupsUpdateAutomaticLibraryFolders] Fixup completed
May 31, 2026 01:03:35.243 [140081704594232] DEBUG - [DatabaseFixups/29DatabaseFixupsSyncCollections] Executing fixup
May 31, 2026 01:03:35.244 [140081704594232] DEBUG - [DatabaseFixups/29DatabaseFixupsSyncCollections] Collections: Found 0 collections tags in section 1.
May 31, 2026 01:03:35.245 [140081704594232] DEBUG - [DatabaseFixups/29DatabaseFixupsSyncCollections] Collections: We had 0 collections in the library already.
May 31, 2026 01:03:35.245 [140081704594232] DEBUG - [DatabaseFixups/29DatabaseFixupsSyncCollections] Collections: Synced tags in section 1 in 0ms.
May 31, 2026 01:03:35.249 [140081704594232] DEBUG - [DatabaseFixups/29DatabaseFixupsSyncCollections] Collections: Refreshed attributes for 0 collections in section 1 in 3ms.
May 31, 2026 01:03:35.250 [140081704594232] DEBUG - [DatabaseFixups/29DatabaseFixupsSyncCollections] Collection: Refreshed visibility in section 1 in 0ms.
May 31, 2026 01:03:35.250 [140081704594232] DEBUG - [DatabaseFixups/29DatabaseFixupsSyncCollections] Collections: Found 0 collections tags in section 3.
May 31, 2026 01:03:35.251 [140081704594232] DEBUG - [DatabaseFixups/29DatabaseFixupsSyncCollections] Collections: We had 0 collections in the library already.
May 31, 2026 01:03:35.251 [140081704594232] DEBUG - [DatabaseFixups/29DatabaseFixupsSyncCollections] Collections: Synced tags in section 3 in 0ms.
May 31, 2026 01:03:35.251 [140081704594232] DEBUG - [DatabaseFixups/29DatabaseFixupsSyncCollections] Collections: Found 0 collections tags in section 3.
May 31, 2026 01:03:35.251 [140081704594232] DEBUG - [DatabaseFixups/29DatabaseFixupsSyncCollections] Collections: We had 0 collections in the library already.
May 31, 2026 01:03:35.251 [140081704594232] DEBUG - [DatabaseFixups/29DatabaseFixupsSyncCollections] Collections: Synced tags in section 3 in 0ms.
May 31, 2026 01:03:35.251 [140081704594232] DEBUG - [DatabaseFixups/29DatabaseFixupsSyncCollections] Collections: Found 0 collections tags in section 3.
May 31, 2026 01:03:35.252 [140081704594232] DEBUG - [DatabaseFixups/29DatabaseFixupsSyncCollections] Collections: We had 0 collections in the library already.
May 31, 2026 01:03:35.253 [140081704594232] DEBUG - [DatabaseFixups/29DatabaseFixupsSyncCollections] Collections: Synced tags in section 3 in 2ms.
May 31, 2026 01:03:35.256 [140081704594232] DEBUG - [DatabaseFixups/29DatabaseFixupsSyncCollections] Collections: Refreshed attributes for 0 collections in section 3 in 3ms.
May 31, 2026 01:03:35.257 [140081704594232] DEBUG - [DatabaseFixups/29DatabaseFixupsSyncCollections] Collection: Refreshed visibility in section 3 in 0ms.
May 31, 2026 01:03:35.257 [140081704594232] DEBUG - [DatabaseFixups/29DatabaseFixupsSyncCollections] Collections: Found 0 collections tags in section 4.
May 31, 2026 01:03:35.257 [140081704594232] DEBUG - [DatabaseFixups/29DatabaseFixupsSyncCollections] Collections: We had 0 collections in the library already.
May 31, 2026 01:03:35.259 [140081704594232] DEBUG - [DatabaseFixups/29DatabaseFixupsSyncCollections] Collections: Synced tags in section 4 in 2ms.
May 31, 2026 01:03:35.261 [140081704594232] DEBUG - [DatabaseFixups/29DatabaseFixupsSyncCollections] Collections: Refreshed attributes for 0 collections in section 4 in 1ms.
May 31, 2026 01:03:35.262 [140081704594232] DEBUG - [DatabaseFixups/29DatabaseFixupsSyncCollections] Collection: Refreshed visibility in section 4 in 1ms.
May 31, 2026 01:03:35.262 [140081704594232] DEBUG - [DatabaseFixups/29DatabaseFixupsSyncCollections] Collections: Found 0 collections tags in section 5.
May 31, 2026 01:03:35.263 [140081704594232] DEBUG - [DatabaseFixups/29DatabaseFixupsSyncCollections] Collections: We had 0 collections in the library already.
May 31, 2026 01:03:35.263 [140081704594232] DEBUG - [DatabaseFixups/29DatabaseFixupsSyncCollections] Collections: Synced tags in section 5 in 0ms.
May 31, 2026 01:03:35.263 [140081704594232] DEBUG - [DatabaseFixups/29DatabaseFixupsSyncCollections] Collections: Found 0 collections tags in section 5.
May 31, 2026 01:03:35.263 [140081704594232] DEBUG - [DatabaseFixups/29DatabaseFixupsSyncCollections] Collections: We had 0 collections in the library already.
May 31, 2026 01:03:35.263 [140081704594232] DEBUG - [DatabaseFixups/29DatabaseFixupsSyncCollections] Collections: Synced tags in section 5 in 0ms.
May 31, 2026 01:03:35.263 [140081704594232] DEBUG - [DatabaseFixups/29DatabaseFixupsSyncCollections] Collections: Found 0 collections tags in section 5.
May 31, 2026 01:03:35.263 [140081704594232] DEBUG - [DatabaseFixups/29DatabaseFixupsSyncCollections] Collections: We had 0 collections in the library already.
May 31, 2026 01:03:35.263 [140081704594232] DEBUG - [DatabaseFixups/29DatabaseFixupsSyncCollections] Collections: Synced tags in section 5 in 0ms.
May 31, 2026 01:03:35.267 [140081704594232] DEBUG - [DatabaseFixups/29DatabaseFixupsSyncCollections] Collections: Refreshed attributes for 0 collections in section 5 in 3ms.
May 31, 2026 01:03:35.268 [140081704594232] DEBUG - [DatabaseFixups/29DatabaseFixupsSyncCollections] Collection: Refreshed visibility in section 5 in 0ms.
May 31, 2026 01:03:35.270 [140081704594232] DEBUG - [DatabaseFixups/29DatabaseFixupsSyncCollections] Fixup completed
May 31, 2026 01:03:35.270 [140081704594232] DEBUG - [DatabaseFixups/31DatabaseFixupsCleanupActivities] Executing fixup
May 31, 2026 01:03:35.270 [140081704594232] DEBUG - [DatabaseFixups/31DatabaseFixupsCleanupActivities] Fixup completed
May 31, 2026 01:03:35.270 [140081704594232] DEBUG - [DatabaseFixups/35DatabaseFixupsConsolidatePeopleTags] Executing fixup
May 31, 2026 01:03:35.271 [140081704594232] DEBUG - [DatabaseFixups/35DatabaseFixupsConsolidatePeopleTags] Fixup completed
May 31, 2026 01:03:35.271 [140081704594232] DEBUG - [DatabaseFixups/54DatabaseFixupsGarbageCollectTransientMetadataRelations] Executing fixup
May 31, 2026 01:03:35.271 [140081704594232] DEBUG - [DatabaseFixups/54DatabaseFixupsGarbageCollectTransientMetadataRelations] Fixup completed
May 31, 2026 01:03:35.271 [140081704594232] DEBUG - [DatabaseFixups/48DatabaseFixupsResetCorruptedMetadataItemClusters] Executing fixup
May 31, 2026 01:03:35.272 [140081704594232] DEBUG - [DatabaseFixups/48DatabaseFixupsResetCorruptedMetadataItemClusters] Fixup completed
May 31, 2026 01:03:35.272 [140081704594232] DEBUG - [DatabaseFixups] Running database fix-ups completed in 0.0 seconds.
May 31, 2026 01:03:35.366 [140081727798072] DEBUG - [HttpClient/HCl#2] HTTP/1.1 (0.1s) 200 response from GET http://127.0.0.1:34743/system/agents
May 31, 2026 01:03:35.368 [140081723579192] DEBUG - [com.plexapp.system] HTTP reply status 200, with 8986 bytes of content.
May 31, 2026 01:03:35.371 [140081723579192] DEBUG - The system knows about 12 agents.
May 31, 2026 01:03:35.371 [140081679182648] DEBUG - Starting plug-in /usr/lib/plexmediaserver/Resources/Plug-ins-563d026ea/Framework.bundle.
May 31, 2026 01:03:35.371 [140081677073208] DEBUG - Starting plug-in /usr/lib/plexmediaserver/Resources/Plug-ins-563d026ea/TheTVDBv4.bundle.
May 31, 2026 01:03:35.371 [140081674963768] DEBUG - Starting plug-in /usr/lib/plexmediaserver/Resources/Plug-ins-563d026ea/LocalMedia.bundle.
May 31, 2026 01:03:35.374 [140081677073208] DEBUG - Perfect cache hit, we don't need to start [com.plexapp.agents.thetvdb] yet.
May 31, 2026 01:03:35.374 [140081677073208] DEBUG - Starting plug-in /usr/lib/plexmediaserver/Resources/Plug-ins-563d026ea/Media-Flags.bundle.
May 31, 2026 01:03:35.376 [140081674963768] DEBUG - Perfect cache hit, we don't need to start [com.plexapp.agents.localmedia] yet.
May 31, 2026 01:03:35.376 [140081674963768] DEBUG - Starting plug-in /usr/lib/plexmediaserver/Resources/Plug-ins-563d026ea/TheMovieDB.bundle.
May 31, 2026 01:03:35.378 [140081674963768] DEBUG - Perfect cache hit, we don't need to start [com.plexapp.agents.themoviedb] yet.
May 31, 2026 01:03:35.378 [140081674963768] DEBUG - Starting plug-in /usr/lib/plexmediaserver/Resources/Plug-ins-563d026ea/LyricFind.bundle.
May 31, 2026 01:03:35.380 [140081674963768] DEBUG - Perfect cache hit, we don't need to start [com.plexapp.agents.lyricfind] yet.
May 31, 2026 01:03:35.380 [140081679182648] DEBUG - Starting plug-in /usr/lib/plexmediaserver/Resources/Plug-ins-563d026ea/WebClient.bundle.
May 31, 2026 01:03:35.384 [140081674963768] DEBUG - Starting plug-in /usr/lib/plexmediaserver/Resources/Plug-ins-563d026ea/Fanart-TV.bundle.
May 31, 2026 01:03:35.385 [140081674963768] DEBUG - Perfect cache hit, we don't need to start [com.plexapp.agents.fanarttv] yet.
May 31, 2026 01:03:35.389 [140081679182648] DEBUG - Starting plug-in /usr/lib/plexmediaserver/Resources/Plug-ins-563d026ea/Musicbrainz.bundle.
May 31, 2026 01:03:35.390 [140081679182648] DEBUG - Perfect cache hit, we don't need to start [org.musicbrainz.agents.music] yet.
May 31, 2026 01:03:35.391 [140081677073208] DEBUG - Starting plug-in /usr/lib/plexmediaserver/Resources/Plug-ins-563d026ea/PlexMovie.bundle.
May 31, 2026 01:03:35.391 [140081723579192] DEBUG - Waiting for 7 plug-ins to finish starting.
May 31, 2026 01:03:35.391 [140081674963768] DEBUG - Starting plug-in /usr/lib/plexmediaserver/Resources/Plug-ins-563d026ea/Scanners.bundle.
May 31, 2026 01:03:35.391 [140081679182648] DEBUG - Starting plug-in /usr/lib/plexmediaserver/Resources/Plug-ins-563d026ea/PlexThemeMusic.bundle.
May 31, 2026 01:03:35.391 [140081674963768] DEBUG - Starting plug-in /usr/lib/plexmediaserver/Resources/Plug-ins-563d026ea/PersonalMedia.bundle.
May 31, 2026 01:03:35.393 [140081674963768] DEBUG - Perfect cache hit, we don't need to start [com.plexapp.agents.none] yet.
May 31, 2026 01:03:35.393 [140081674963768] DEBUG - Starting plug-in /usr/lib/plexmediaserver/Resources/Plug-ins-563d026ea/HTbackdrops.bundle.
May 31, 2026 01:03:35.395 [140081674963768] DEBUG - Perfect cache hit, we don't need to start [com.plexapp.agents.htbackdrops] yet.
May 31, 2026 01:03:35.395 [140081674963768] DEBUG - Starting plug-in /usr/lib/plexmediaserver/Resources/Plug-ins-563d026ea/MoviePosterDB.bundle.
May 31, 2026 01:03:35.396 [140081677073208] DEBUG - Perfect cache hit, we don't need to start [com.plexapp.agents.imdb] yet.
May 31, 2026 01:03:35.396 [140081677073208] DEBUG - Starting plug-in /usr/lib/plexmediaserver/Resources/Plug-ins-563d026ea/LastFM.bundle.
May 31, 2026 01:03:35.397 [140081679182648] DEBUG - Perfect cache hit, we don't need to start [com.plexapp.agents.plexthememusic] yet.
May 31, 2026 01:03:35.397 [140081674963768] DEBUG - Perfect cache hit, we don't need to start [com.plexapp.agents.movieposterdb] yet.
May 31, 2026 01:03:35.399 [140081677073208] DEBUG - Perfect cache hit, we don't need to start [com.plexapp.agents.lastfm] yet.
May 31, 2026 01:03:35.399 [140081723579192] DEBUG - Starting scheduled updates, every 3600 seconds
May 31, 2026 01:03:35.400 [140081723579192] INFO - Refreshing paths watched by LibraryUpdateManager
May 31, 2026 01:03:35.400 [140081670679352] DEBUG - Downloading document http://127.0.0.1:32400/:/plugins/com.plexapp.agents.imdb/prefs
May 31, 2026 01:03:35.400 [140081723579192] DEBUG - LibraryUpdateManager will start watching /custom_movies
May 31, 2026 01:03:35.401 [140081723579192] DEBUG - LibraryUpdateManager will start watching /custom_tvshows
May 31, 2026 01:03:35.401 [140081670679352] DEBUG - Translator: Found locale zh_CN
May 31, 2026 01:03:35.401 [140081670679352] DEBUG - Translator: Found locale ar
May 31, 2026 01:03:35.401 [140081670679352] DEBUG - Translator: Found locale de
May 31, 2026 01:03:35.401 [140081670679352] DEBUG - Translator: Found locale hu_HU
May 31, 2026 01:03:35.401 [140081723579192] DEBUG - LibraryUpdateManager will start watching /movies
May 31, 2026 01:03:35.401 [140081723579192] DEBUG - LibraryUpdateManager will start watching /tvshows
May 31, 2026 01:03:35.401 [140081723579192] DEBUG - [Notify] Initializing.
May 31, 2026 01:03:35.401 [140081689828152] DEBUG - [Notify] Now watching "/custom_movies"
May 31, 2026 01:03:35.401 [140081670679352] DEBUG - Translator: Found locale es
May 31, 2026 01:03:35.401 [140081668569912] DEBUG - [Notify] Waiting for inotify notifications...
May 31, 2026 01:03:35.401 [140081723579192] DEBUG - Done waiting for all plug-ins to start.
May 31, 2026 01:03:35.401 [140081689828152] DEBUG - [Notify] Now watching "/custom_movies/Movie Two (2021)"
May 31, 2026 01:03:35.401 [140081689828152] DEBUG - [Notify] Now watching "/custom_movies/Movie Three (2022)"
May 31, 2026 01:03:35.401 [140081723579192] DEBUG - PluginRepository::setStartState: 3, complete
May 31, 2026 01:03:35.401 [140081670679352] DEBUG - Translator: Found locale sr
May 31, 2026 01:03:35.401 [140081670679352] DEBUG - Translator: Found locale no
May 31, 2026 01:03:35.401 [140081670679352] DEBUG - Translator: Found locale he
May 31, 2026 01:03:35.401 [140081670679352] DEBUG - Translator: Found locale da
May 31, 2026 01:03:35.401 [140081670679352] DEBUG - Translator: Found locale nl_BE
May 31, 2026 01:03:35.401 [140081689828152] DEBUG - [Notify] Now watching "/custom_movies/Movie Four (2023)"
May 31, 2026 01:03:35.401 [140081670679352] DEBUG - Translator: Found locale it
May 31, 2026 01:03:35.401 [140081670679352] DEBUG - Translator: Found locale pt
May 31, 2026 01:03:35.401 [140081670679352] DEBUG - Translator: Found locale hr_HR
May 31, 2026 01:03:35.401 [140081670679352] DEBUG - Translator: Found locale uk
May 31, 2026 01:03:35.401 [140081670679352] DEBUG - Translator: Found locale et_EE
May 31, 2026 01:03:35.401 [140081670679352] DEBUG - Translator: Found locale pt_BR
May 31, 2026 01:03:35.401 [140081670679352] DEBUG - Translator: Found locale af
May 31, 2026 01:03:35.401 [140081670679352] DEBUG - Translator: Found locale pl
May 31, 2026 01:03:35.401 [140081670679352] DEBUG - Translator: Found locale en
May 31, 2026 01:03:35.401 [140081670679352] DEBUG - Translator: Found locale ko
May 31, 2026 01:03:35.401 [140081670679352] DEBUG - Translator: Found locale cs_CZ
May 31, 2026 01:03:35.401 [140081670679352] DEBUG - Translator: Found locale sl
May 31, 2026 01:03:35.401 [140081670679352] DEBUG - Translator: Found locale hu
May 31, 2026 01:03:35.401 [140081670679352] DEBUG - Translator: Found locale fi
May 31, 2026 01:03:35.401 [140081670679352] DEBUG - Translator: Found locale ja_JP
May 31, 2026 01:03:35.401 [140081670679352] DEBUG - Translator: Found locale sv
May 31, 2026 01:03:35.401 [140081670679352] DEBUG - Translator: Found locale fr
May 31, 2026 01:03:35.401 [140081670679352] DEBUG - Translator: Found locale lt
May 31, 2026 01:03:35.401 [140081670679352] DEBUG - Translator: Found locale ro
May 31, 2026 01:03:35.401 [140081670679352] DEBUG - Translator: Found locale sk
May 31, 2026 01:03:35.401 [140081670679352] DEBUG - Translator: Found locale ru
May 31, 2026 01:03:35.401 [140081670679352] DEBUG - Translator: Found locale nl
May 31, 2026 01:03:35.402 [140081689828152] DEBUG - [Notify] Now watching "/custom_movies/Movie One (2020)"
May 31, 2026 01:03:35.402 [140081689828152] DEBUG - [Notify] Now watching "/custom_tvshows"
May 31, 2026 01:03:35.402 [140081689828152] DEBUG - [Notify] Now watching "/custom_tvshows/Greatest Show Ever (3000)"
May 31, 2026 01:03:35.403 [140081689828152] DEBUG - [Notify] Now watching "/custom_tvshows/Greatest Show Ever (3000)/Season 1"
May 31, 2026 01:03:35.403 [140081689828152] DEBUG - [Notify] Now watching "/movies"
May 31, 2026 01:03:35.403 [140081689828152] DEBUG - [Notify] Now watching "/movies/The Family Plan (2023) {tmdb-1029575} {imdb-tt16431870}"
May 31, 2026 01:03:35.403 [140081689828152] DEBUG - [Notify] Now watching "/movies/Elephant Dream {tvdb-16180} {imdb-tt0807840}"
May 31, 2026 01:03:35.403 [140081689828152] DEBUG - [Notify] Now watching "/movies/Tears Of Steel {tvdb-37711} {imdb-tt2285752}"
May 31, 2026 01:03:35.404 [140081689828152] DEBUG - [Notify] Now watching "/movies/The Hunger Games The Ballad of Songbirds && Snakes (2023) {tmdb-695721} {imdb-tt10545296}"
May 31, 2026 01:03:35.404 [140081689828152] DEBUG - [Notify] Now watching "/movies/Big Buck Bunny {tvdb-12352} {imdb-tt1254207}"
May 31, 2026 01:03:35.404 [140081689828152] DEBUG - [Notify] Now watching "/movies/Five Nights at Freddy's (2023) {tmdb-507089} {imdb-tt4589218}"
May 31, 2026 01:03:35.404 [140081689828152] DEBUG - [Notify] Now watching "/movies/Killers of the Flower Moon (2023) {tmdb-466420} {imdb-tt5537002}"
May 31, 2026 01:03:35.404 [140081689828152] DEBUG - [Notify] Now watching "/tvshows"
May 31, 2026 01:03:35.404 [140081689828152] DEBUG - [Notify] Now watching "/tvshows/ONE PIECE (2023) {tvdb-392276} {imdb-tt11737520}"
May 31, 2026 01:03:35.404 [140081689828152] DEBUG - [Notify] Now watching "/tvshows/ONE PIECE (2023) {tvdb-392276} {imdb-tt11737520}/Season 1"
May 31, 2026 01:03:35.405 [140081689828152] DEBUG - [Notify] Now watching "/tvshows/Doctor Who (2005) {tvdb-78804} {imdb-tt0436992}"
May 31, 2026 01:03:35.405 [140081689828152] DEBUG - [Notify] Now watching "/tvshows/Doctor Who (2005) {tvdb-78804} {imdb-tt0436992}/Season 1"
May 31, 2026 01:03:35.405 [140081689828152] DEBUG - [Notify] Now watching "/tvshows/Breaking Bad {tvdb-81189} {imdb-tt0903747}"
May 31, 2026 01:03:35.405 [140081689828152] DEBUG - [Notify] Now watching "/tvshows/Breaking Bad {tvdb-81189} {imdb-tt0903747}/Season1"
May 31, 2026 01:03:35.405 [140081689828152] DEBUG - [Notify] Now watching "/tvshows/My Adventures with Superman {tvdb-403172} {imdb-tt14681924}"
May 31, 2026 01:03:35.405 [140081689828152] DEBUG - [Notify] Now watching "/tvshows/My Adventures with Superman {tvdb-403172} {imdb-tt14681924}/Season 1"
May 31, 2026 01:03:35.405 [140081689828152] DEBUG - [Notify] Now watching "/tvshows/Black Mirror {tvdb-253463} {imdb-tt2085059}"
May 31, 2026 01:03:35.406 [140081689828152] DEBUG - [Notify] Now watching "/tvshows/Black Mirror {tvdb-253463} {imdb-tt2085059}/Season 1"
May 31, 2026 01:03:35.406 [140081689828152] DEBUG - [Notify] Now watching "/tvshows/Monarch - Legacy of Monsters {tvdb-422598} {imdb-tt17220216}"
May 31, 2026 01:03:35.406 [140081689828152] DEBUG - [Notify] Now watching "/tvshows/Monarch - Legacy of Monsters {tvdb-422598} {imdb-tt17220216}/Season 1"
May 31, 2026 01:03:35.410 [140081670679352] DEBUG - [Req#b] Starting file watcher for com.plexapp.agents.imdb
May 31, 2026 01:03:35.410 [140081670679352] DEBUG - [Req#b] Plugin: setting environment variable: 'PYTHONHOME=/usr/lib/plexmediaserver/Resources/Python'
May 31, 2026 01:03:35.410 [140081670679352] DEBUG - [Req#b] Plugin: setting environment variable: 'PYTHONPATH=/usr/lib/plexmediaserver/Resources/Python/python27.zip:/usr/lib/plexmediaserver/Resources/Python/lib/python2.7/site-packages'
May 31, 2026 01:03:35.411 [140081670679352] DEBUG - [Req#b] Spawned plug-in com.plexapp.agents.imdb with PID 346
May 31, 2026 01:03:35.411 [140081670679352] DEBUG - [Req#b] [com.plexapp.agents.imdb] Sending command: GET /:/prefixes
May 31, 2026 01:03:35.459 [140081687718712] DEBUG - PublicAddressManager: Obtaining public address and mapping port.
May 31, 2026 01:03:35.460 [140081727798072] DEBUG - [HttpClient/HCl#3] HTTP/1.1 (0.2s) 200 response from GET https://v4.plex.tv/pms/:/ip
May 31, 2026 01:03:35.461 [140081719360312] DEBUG - PublicAddressManager: Got public IP from v4.plex.tv: 172.214.45.199
May 31, 2026 01:03:35.681 [140081727798072] DEBUG - [HttpClient/HCl#1] HTTP/1.1 (2.5s) 200 response from GET https://plex.tv/api/v2/server/access_tokens?auth_token=xxxxxxxxxxxxxxxxxxxx
May 31, 2026 01:03:35.682 [140081789852472] DEBUG - MyPlex: updating with 3 access tokens
May 31, 2026 01:03:35.682 [140081789852472] DEBUG - [HCl#8] HTTP requesting GET https://plex.tv/api/v2/server/users?auth_token=xxxxxxxxxxxxxxxxxxxx
May 31, 2026 01:03:36.362 [140081725688632] DEBUG - Request: [127.0.0.1:41202 (Loopback)] GET /system/messaging/clear_events/com.plexapp.agents.imdb (3 live) #9 GZIP Signed-in Token (jellyplex_watched)
May 31, 2026 01:03:36.362 [140081725688632] DEBUG - [Req#9] [com.plexapp.system] Sending command over HTTP (GET): /system/messaging/clear_events/com.plexapp.agents.imdb
May 31, 2026 01:03:36.362 [140081725688632] DEBUG - [Req#9/HCl#9] HTTP requesting GET http://127.0.0.1:34743/system/messaging/clear_events/com.plexapp.agents.imdb
May 31, 2026 01:03:36.367 [140081727798072] DEBUG - [HttpClient/HCl#4] HTTP/1.1 (1.1s) 200 response from GET https://plex.tv/api/v2/user?includeSubscriptions=1&includeProviders=1
May 31, 2026 01:03:36.369 [140081681722168] DEBUG - MyPlex: username is jellyplex_watched, login is jellyplex-watched@luigi311.com, home is 0, no pin
May 31, 2026 01:03:36.369 [140081715141432] DEBUG - [HCl#a] HTTP requesting GET https://plex.tv/api/v2/geoip
May 31, 2026 01:03:36.370 [140081727798072] DEBUG - [HttpClient/HCl#9] HTTP/1.1 (0.0s) 200 response from GET http://127.0.0.1:34743/system/messaging/clear_events/com.plexapp.agents.imdb (reused)
May 31, 2026 01:03:36.370 [140081725688632] DEBUG - [Req#9] [com.plexapp.system] HTTP reply status 200, with 0 bytes of content.
May 31, 2026 01:03:36.370 [140081782008632] DEBUG - Completed: [127.0.0.1:41202] 200 GET /system/messaging/clear_events/com.plexapp.agents.imdb (3 live) #9 GZIP 8ms 280 bytes
May 31, 2026 01:03:36.404 [140081723579192] DEBUG - File "/config/Library/Application Support/Plex Media Server/Plug-ins" changed: 2026-05-19 19:22:59 (1779218579) => 2026-05-31 01:03:35 (1780189415).
May 31, 2026 01:03:36.487 [140081725688632] DEBUG - Request: [127.0.0.1:41148 (Loopback)] GET /:/plugins/com.plexapp.system/resourceHashes (3 live) #c GZIP Signed-in Token (jellyplex_watched)
May 31, 2026 01:03:37.097 [140081727798072] DEBUG - [HttpClient/HCl#5] HTTP/1.1 (1.8s) 200 response from GET https://plex.tv/api/v2/release_channels?X-Plex-Token=xxxxxxxxxxxxxxxxxxxx
May 31, 2026 01:03:37.404 [140081723579192] DEBUG - Scanning for plug-ins in "/usr/lib/plexmediaserver/Resources/Plug-ins-563d026ea"
May 31, 2026 01:03:37.406 [140081723579192] DEBUG - Scanning for plug-ins in "/config/Library/Application Support/Plex Media Server/Plug-ins"
May 31, 2026 01:03:37.406 [140081723579192] DEBUG - PluginRepository::setStartState: 1, startingSystem
May 31, 2026 01:03:37.406 [140081723579192] DEBUG - PluginRepository::setStartState: 2, startingPlugins
May 31, 2026 01:03:37.406 [140081723579192] DEBUG - Updating the list of agents known by the system.
May 31, 2026 01:03:37.406 [140081723579192] DEBUG - [com.plexapp.system] Sending command over HTTP (GET): /system/agents
May 31, 2026 01:03:37.406 [140081725688632] DEBUG - [Req#c] [com.plexapp.system] Sending command over HTTP (GET): /:/plugins/com.plexapp.system/resourceHashes
May 31, 2026 01:03:37.407 [140081723579192] DEBUG - [HCl#b] HTTP requesting GET http://127.0.0.1:34743/system/agents
May 31, 2026 01:03:37.407 [140081725688632] DEBUG - [Req#c/HCl#c] HTTP requesting GET http://127.0.0.1:34743/:/plugins/com.plexapp.system/resourceHashes
May 31, 2026 01:03:37.432 [140081727798072] DEBUG - [HttpClient/HCl#b] HTTP/1.1 (0.0s) 200 response from GET http://127.0.0.1:34743/system/agents
May 31, 2026 01:03:37.432 [140081723579192] DEBUG - [com.plexapp.system] HTTP reply status 200, with 8986 bytes of content.
May 31, 2026 01:03:37.435 [140081723579192] DEBUG - The system knows about 12 agents.
May 31, 2026 01:03:37.435 [140081723579192] DEBUG - Waiting for 0 plug-ins to finish starting.
May 31, 2026 01:03:37.435 [140081723579192] DEBUG - Done waiting for all plug-ins to start.
May 31, 2026 01:03:37.435 [140081723579192] DEBUG - PluginRepository::setStartState: 3, complete
May 31, 2026 01:03:37.435 [140081687718712] DEBUG - Downloading document http://127.0.0.1:32400/:/plugins/com.plexapp.agents.imdb/prefs
May 31, 2026 01:03:37.522 [140081727798072] DEBUG - [HttpClient/HCl#c] HTTP/1.1 (0.1s) 404 response from GET http://127.0.0.1:34743/:/plugins/com.plexapp.system/resourceHashes
May 31, 2026 01:03:37.522 [140081725688632] DEBUG - [Req#c] [com.plexapp.system] HTTP reply status 404, with 0 bytes of content.
May 31, 2026 01:03:37.522 [140081782008632] DEBUG - Completed: [127.0.0.1:41148] 404 GET /:/plugins/com.plexapp.system/resourceHashes (3 live) #c GZIP 1035ms 261 bytes
May 31, 2026 01:03:37.537 [140081725688632] DEBUG - Request: [127.0.0.1:41160 (Loopback)] GET /:/plugins/com.plexapp.system/messaging/function/X0J1bmRsZVNlcnZpY2U6QWxsU2VydmljZXM_/Y2VyZWFsMQoxCmxpc3QKMApyMAo_/Y2VyZWFsMQoxCmRpY3QKMApyMAo_ (3 live) #e GZIP Signed-in Token (jellyplex_watched)
May 31, 2026 01:03:37.537 [140081725688632] DEBUG - [Req#e] [com.plexapp.system] Sending command over HTTP (GET): /:/plugins/com.plexapp.system/messaging/function/X0J1bmRsZVNlcnZpY2U6QWxsU2VydmljZXM_/Y2VyZWFsMQoxCmxpc3QKMApyMAo_/Y2VyZWFsMQoxCmRpY3QKMApyMAo_
May 31, 2026 01:03:37.538 [140081725688632] DEBUG - [Req#e/HCl#d] HTTP requesting GET http://127.0.0.1:34743/:/plugins/com.plexapp.system/messaging/function/X0J1bmRsZVNlcnZpY2U6QWxsU2VydmljZXM_/Y2VyZWFsMQoxCmxpc3QKMApyMAo_/Y2VyZWFsMQoxCmRpY3QKMApyMAo_
May 31, 2026 01:03:37.540 [140081666353976] DEBUG - Request: [127.0.0.1:41164 (Loopback)] GET / (4 live) #11 GZIP Signed-in Token (jellyplex_watched)
May 31, 2026 01:03:37.542 [140081782008632] DEBUG - Completed: [127.0.0.1:41164] 200 GET / (4 live) #11 GZIP 1ms 4142 bytes
May 31, 2026 01:03:37.549 [140081727798072] DEBUG - [HttpClient/HCl#d] HTTP/1.1 (0.0s) 200 response from GET http://127.0.0.1:34743/:/plugins/com.plexapp.system/messaging/function/X0J1bmRsZVNlcnZpY2U6QWxsU2VydmljZXM_/Y2VyZWFsMQoxCmxpc3QKMApyMAo_/Y2VyZWFsMQoxCmRpY3QKMApyMAo_ (reused)
May 31, 2026 01:03:37.550 [140081725688632] DEBUG - [Req#e] [com.plexapp.system] HTTP reply status 200, with 516 bytes of content.
May 31, 2026 01:03:37.551 [140081782008632] DEBUG - Completed: [127.0.0.1:41160] 200 GET /:/plugins/com.plexapp.system/messaging/function/X0J1bmRsZVNlcnZpY2U6QWxsU2VydmljZXM_/Y2VyZWFsMQoxCmxpc3QKMApyMAo_/Y2VyZWFsMQoxCmRpY3QKMApyMAo_ (3 live) #e GZIP 13ms 746 bytes
May 31, 2026 01:03:38.248 [140081666353976] DEBUG - Request: [127.0.0.1:41170 (Loopback)] GET /:/plugins/com.plexapp.system/messaging/function/X0FnZW50U2VydmljZTpVcGRhdGVJbmZv/Y2VyZWFsMQoxCmxpc3QKMApyMAo_/Y2VyZWFsMQo3CmRpY3QKbGlzdApkaWN0Cmxpc3QKbGlzdApsaXN0Cmxpc3QKMgpzMjMKY29tLnBsZXhhcHAuYWdlbnRzLmltZGJzMTAKaWRlbnRpZmllcnIxCnMxMAphZ2VudF9pbmZvMQpyMgoxMApyMwpzMTEKbWVkaWFfdHlwZXNyNApzMTIKYWNjZXB0c19mcm9tbnMxNApmYWxsYmFja19hZ2VudHI1CnMxNApjb250cmlidXRlc190b3I2CnM5Cmxhbmd1YWdlc2IxczIwCnBlcnNpc3Rfc3RvcmVkX2ZpbGVzaTAKczcKdmVyc2lvbmIxczE2CnByaW1hcnlfcHJvdmlkZXJiMXM1CnByZWZzczE5ClBsZXggTW92aWUgKExlZ2FjeSlzNApuYW1lMQpzNQpNb3ZpZTEKczI5CmNvbS5wbGV4YXBwLmFnZW50cy5sb2NhbG1lZGlhMQpzMjkKY29tLnBsZXhhcHAuYWdlbnRzLnRoZW1vdmllZGIzMwpzMgplbnMyCnN2czIKZnJzMgplc3MyCm5sczIKZGVzMgppdHMyCmRhczIKYXJzMgpjYXMyCnpoczIKY3NzMgpldHMyCmZpczIKZWxzMgpoZXMyCmhpczIKaHVzMgppZHMyCmphczIKa29zMgpsdnMyCm5vczIKZmFzMgpwbHMyCnB0czIKcm9zMgpydXMyCnNrczIKdGhzMgp0cnMyCnVrczIKdmlyMAo_ (3 live) #12 GZIP Signed-in Token (jellyplex_watched)
May 31, 2026 01:03:38.249 [140081666353976] DEBUG - [Req#12] [com.plexapp.system] Sending command over HTTP (GET): /:/plugins/com.plexapp.system/messaging/function/X0FnZW50U2VydmljZTpVcGRhdGVJbmZv/Y2VyZWFsMQoxCmxpc3QKMApyMAo_/Y2VyZWFsMQo3CmRpY3QKbGlzdApkaWN0Cmxpc3QKbGlzdApsaXN0Cmxpc3QKMgpzMjMKY29tLnBsZXhhcHAuYWdlbnRzLmltZGJzMTAKaWRlbnRpZmllcnIxCnMxMAphZ2VudF9pbmZvMQpyMgoxMApyMwpzMTEKbWVkaWFfdHlwZXNyNApzMTIKYWNjZXB0c19mcm9tbnMxNApmYWxsYmFja19hZ2VudHI1CnMxNApjb250cmlidXRlc190b3I2CnM5Cmxhbmd1YWdlc2IxczIwCnBlcnNpc3Rfc3RvcmVkX2ZpbGVzaTAKczcKdmVyc2lvbmIxczE2CnByaW1hcnlfcHJvdmlkZXJiMXM1CnByZWZzczE5ClBsZXggTW92aWUgKExlZ2FjeSlzNApuYW1lMQpzNQpNb3ZpZTEKczI5CmNvbS5wbGV4YXBwLmFnZW50cy5sb2NhbG1lZGlhMQpzMjkKY29tLnBsZXhhcHAuYWdlbnRzLnRoZW1vdmllZGIzMwpzMgplbnMyCnN2czIKZnJzMgplc3MyCm5sczIKZGVzMgppdHMyCmRhczIKYXJzMgpjYXMyCnpoczIKY3NzMgpldHMyCmZpczIKZWxzMgpoZXMyCmhpczIKaHVzMgppZHMyCmphczIKa29zMgpsdnMyCm5vczIKZmFzMgpwbHMyCnB0czIKcm9zMgpydXMyCnNrczIKdGhzMgp0cnMyCnVrczIKdmlyMAo_
May 31, 2026 01:03:38.249 [140081666353976] DEBUG - [Req#12/HCl#e] HTTP requesting GET http://127.0.0.1:34743/:/plugins/com.plexapp.system/messaging/function/X0FnZW50U2VydmljZTpVcGRhdGVJbmZv/Y2VyZWFsMQoxCmxpc3QKMApyMAo_/Y2VyZWFsMQo3CmRpY3QKbGlzdApkaWN0Cmxpc3QKbGlzdApsaXN0Cmxpc3QKMgpzMjMKY29tLnBsZXhhcHAuYWdlbnRzLmltZGJzMTAKaWRlbnRpZmllcnIxCnMxMAphZ2VudF9pbmZvMQpyMgoxMApyMwpzMTEKbWVkaWFfdHlwZXNyNApzMTIKYWNjZXB0c19mcm9tbnMxNApmYWxsYmFja19hZ2VudHI1CnMxNApjb250cmlidXRlc190b3I2CnM5Cmxhbmd1YWdlc2IxczIwCnBlcnNpc3Rfc3RvcmVkX2ZpbGVzaTAKczcKdmVyc2lvbmIxczE2CnByaW1hcnlfcHJvdmlkZXJiMXM1CnByZWZzczE5ClBsZXggTW92aWUgKExlZ2FjeSlzNApuYW1lMQpzNQpNb3ZpZTEKczI5CmNvbS5wbGV4YXBwLmFnZW50cy5sb2NhbG1lZGlhMQpzMjkKY29tLnBsZXhhcHAuYWdlbnRzLnRoZW1vdmllZGIzMwpzMgplbnMyCnN2czIKZnJzMgplc3MyCm5sczIKZGVzMgppdHMyCmRhczIKYXJzMgpjYXMyCnpoczIKY3NzMgpldHMyCmZpczIKZWxzMgpoZXMyCmhpczIKaHVzMgppZHMyCmphczIKa29zMgpsdnMyCm5vczIKZmFzMgpwbHMyCnB0czIKcm9zMgpydXMyCnNrczIKdGhzMgp0cnMyCnVrczIKdmlyMAo_
May 31, 2026 01:03:38.255 [140081727798072] DEBUG - [HttpClient/HCl#e] HTTP/1.1 (0.0s) 200 response from GET http://127.0.0.1:34743/:/plugins/com.plexapp.system/messaging/function/X0FnZW50U2VydmljZTpVcGRhdGVJbmZv/Y2VyZWFsMQoxCmxpc3QKMApyMAo_/Y2VyZWFsMQo3CmRpY3QKbGlzdApkaWN0Cmxpc3QKbGlzdApsaXN0Cmxpc3QKMgpzMjMKY29tLnBsZXhhcHAuYWdlbnRzLmltZGJzMTAKaWRlbnRpZmllcnIxCnMxMAphZ2VudF9pbmZvMQpyMgoxMApyMwpzMTEKbWVkaWFfdHlwZXNyNApzMTIKYWNjZXB0c19mcm9tbnMxNApmYWxsYmFja19hZ2VudHI1CnMxNApjb250cmlidXRlc190b3I2CnM5Cmxhbmd1YWdlc2IxczIwCnBlcnNpc3Rfc3RvcmVkX2ZpbGVzaTAKczcKdmVyc2lvbmIxczE2CnByaW1hcnlfcHJvdmlkZXJiMXM1CnByZWZzczE5ClBsZXggTW92aWUgKExlZ2FjeSlzNApuYW1lMQpzNQpNb3ZpZTEKczI5CmNvbS5wbGV4YXBwLmFnZW50cy5sb2NhbG1lZGlhMQpzMjkKY29tLnBsZXhhcHAuYWdlbnRzLnRoZW1vdmllZGIzMwpzMgplbnMyCnN2czIKZnJzMgplc3MyCm5sczIKZGVzMgppdHMyCmRhczIKYXJzMgpjYXMyCnpoczIKY3NzMgpldHMyCmZpczIKZWxzMgpoZXMyCmhpczIKaHVzMgppZHMyCmphczIKa29zMgpsdnMyCm5vczIKZmFzMgpwbHMyCnB0czIKcm9zMgpydXMyCnNrczIKdGhzMgp0cnMyCnVrczIKdmlyMAo_
May 31, 2026 01:03:38.255 [140081666353976] DEBUG - [Req#12] [com.plexapp.system] HTTP reply status 200, with 16 bytes of content.
May 31, 2026 01:03:38.256 [140081779899192] DEBUG - Completed: [127.0.0.1:41170] 200 GET /:/plugins/com.plexapp.system/messaging/function/X0FnZW50U2VydmljZTpVcGRhdGVJbmZv/Y2VyZWFsMQoxCmxpc3QKMApyMAo_/Y2VyZWFsMQo3CmRpY3QKbGlzdApkaWN0Cmxpc3QKbGlzdApsaXN0Cmxpc3QKMgpzMjMKY29tLnBsZXhhcHAuYWdlbnRzLmltZGJzMTAKaWRlbnRpZmllcnIxCnMxMAphZ2VudF9pbmZvMQpyMgoxMApyMwpzMTEKbWVkaWFfdHlwZXNyNApzMTIKYWNjZXB0c19mcm9tbnMxNApmYWxsYmFja19hZ2VudHI1CnMxNApjb250cmlidXRlc190b3I2CnM5Cmxhbmd1YWdlc2IxczIwCnBlcnNpc3Rfc3RvcmVkX2ZpbGVzaTAKczcKdmVyc2lvbmIxczE2CnByaW1hcnlfcHJvdmlkZXJiMXM1CnByZWZzczE5ClBsZXggTW92aWUgKExlZ2FjeSlzNApuYW1lMQpzNQpNb3ZpZTEKczI5CmNvbS5wbGV4YXBwLmFnZW50cy5sb2NhbG1lZGlhMQpzMjkKY29tLnBsZXhhcHAuYWdlbnRzLnRoZW1vdmllZGIzMwpzMgplbnMyCnN2czIKZnJzMgplc3MyCm5sczIKZGVzMgppdHMyCmRhczIKYXJzMgpjYXMyCnpoczIKY3NzMgpldHMyCmZpczIKZWxzMgpoZXMyCmhpczIKaHVzMgppZHMyCmphczIKa29zMgpsdnMyCm5vczIKZmFzMgpwbHMyCnB0czIKcm9zMgpydXMyCnNrczIKdGhzMgp0cnMyCnVrczIKdmlyMAo_ (3 live) #12 GZIP 8ms 415 bytes
May 31, 2026 01:03:38.261 [140081670679352] DEBUG - [Req#b] Reading 148 bytes in the body, code is 200
May 31, 2026 01:03:38.261 [140081670679352] DEBUG - [Req#b] [com.plexapp.agents.imdb] Plug-in running on port 36559.
May 31, 2026 01:03:38.261 [140081670679352] DEBUG - [Req#b] Read configuration for [com.plexapp.agents.imdb], had 0 prefixes
May 31, 2026 01:03:38.261 [140081670679352] DEBUG - [Req#b] [com.plexapp.agents.imdb] Sending command over HTTP (GET): /:/plugins/com.plexapp.agents.imdb/prefs
May 31, 2026 01:03:38.261 [140081687718712] DEBUG - [Req#f] [com.plexapp.agents.imdb] Sending command over HTTP (GET): /:/plugins/com.plexapp.agents.imdb/prefs
May 31, 2026 01:03:38.261 [140081687718712] DEBUG - [Req#f/HCl#10] HTTP requesting GET http://127.0.0.1:36559/:/plugins/com.plexapp.agents.imdb/prefs
May 31, 2026 01:03:38.261 [140081670679352] DEBUG - [Req#b/HCl#f] HTTP requesting GET http://127.0.0.1:36559/:/plugins/com.plexapp.agents.imdb/prefs
May 31, 2026 01:03:38.291 [140081727798072] DEBUG - [HttpClient/HCl#10] HTTP/1.1 (0.0s) 200 response from GET http://127.0.0.1:36559/:/plugins/com.plexapp.agents.imdb/prefs
May 31, 2026 01:03:38.291 [140081727798072] DEBUG - [HttpClient/HCl#f] HTTP/1.1 (0.0s) 200 response from GET http://127.0.0.1:36559/:/plugins/com.plexapp.agents.imdb/prefs
May 31, 2026 01:03:38.292 [140081687718712] DEBUG - [Req#f] [com.plexapp.agents.imdb] HTTP reply status 200, with 2224 bytes of content.
May 31, 2026 01:03:38.292 [140081670679352] DEBUG - [Req#b] [com.plexapp.agents.imdb] HTTP reply status 200, with 2224 bytes of content.
May 31, 2026 01:03:38.292 [140081687718712] DEBUG - Caching document http://127.0.0.1:32400/:/plugins/com.plexapp.agents.imdb/prefs as 16f00ad476a51b3e1d774ec70c1768f533b5380c
May 31, 2026 01:03:38.292 [140081687718712] DEBUG - IVA: Downloading trailer lists.
May 31, 2026 01:03:38.292 [140081670679352] DEBUG - Caching document http://127.0.0.1:32400/:/plugins/com.plexapp.agents.imdb/prefs as 16f00ad476a51b3e1d774ec70c1768f533b5380c
May 31, 2026 01:03:38.293 [140081670679352] DEBUG - IVA: Downloading trailer lists.
May 31, 2026 01:03:38.355 [140081727798072] DEBUG - [HttpClient/HCl#7] HTTP/1.1 (3.0s) 200 response from GET https://plex.tv/api/v2/features?X-Plex-Token=xxxxxxxxxxxxxxxxxxxx
May 31, 2026 01:03:38.357 [140081691937592] DEBUG - [HCl#13] HTTP requesting GET https://plex.tv/api/v2/server/users/features?filterFeatures[]=b83c8dc9-5a01-4b7a-a7c9-5870c8a6e21b&filterFeatures[]=926bc176-58ca-47da-b8e3-080ed14ea6ba&filterFeatures[]=ea791163-c28d-4b7c-af88-bcc9553b206d&filterFeatures[]=6ab6677b-ad9b-444f-9ca1-b8027d05b3e1&filterFeatures[]=56cd352b-0d47-436d-aced-f20db3508de5
May 31, 2026 01:03:38.367 [140081670679352] DEBUG - IVA: Downloaded 5 trailers for source 1.
May 31, 2026 01:03:38.373 [140081687718712] DEBUG - IVA: Downloaded 5 trailers for source 1.
May 31, 2026 01:03:38.379 [140081670679352] DEBUG - IVA: Downloaded 28 trailers for source 2.
May 31, 2026 01:03:38.388 [140081687718712] DEBUG - IVA: Downloaded 28 trailers for source 2.
May 31, 2026 01:03:38.393 [140081727798072] DEBUG - [HttpClient/HCl#13] HTTP/1.1 (0.0s) 200 response from GET https://plex.tv/api/v2/server/users/features?filterFeatures[]=b83c8dc9-5a01-4b7a-a7c9-5870c8a6e21b&filterFeatures[]=926bc176-58ca-47da-b8e3-080ed14ea6ba&filterFeatures[]=ea791163-c28d-4b7c-af88-bcc9553b206d&filterFeatures[]=6ab6677b-ad9b-444f-9ca1-b8027d05b3e1&filterFeatures[]=56cd352b-0d47-436d-aced-f20db3508de5 (reused)
May 31, 2026 01:03:38.683 [140081702484792] DEBUG - [MediaProviderManager] Refreshing media providers
May 31, 2026 01:03:38.683 [140081702484792] DEBUG - [MediaProviderManager/Response::fetch/HCl#16] HTTP requesting GET https://plex.tv/media/providers
May 31, 2026 01:03:39.736 [140081727798072] DEBUG - [HttpClient/HCl#6] HTTP/1.1 (4.5s) 200 response from GET https://plex.tv/api/v2/user/privacy?X-Plex-Token=xxxxxxxxxxxxxxxxxxxx
May 31, 2026 01:03:39.898 [140081727798072] DEBUG - [HttpClient/HCl#a] HTTP/1.1 (3.5s) 200 response from GET https://plex.tv/api/v2/geoip (reused)
May 31, 2026 01:03:39.898 [140081782008632] DEBUG - [EventSourceClient/pubsub/pubsub02.pop.dfw.plex.bz:443] Resolving pubsub02.pop.dfw.plex.bz port 443
May 31, 2026 01:03:39.898 [140081704594232] DEBUG - [HCl#17] HTTP requesting GET https://plex.tv/api/v2/server/webhooks?X-Plex-Token=xxxxxxxxxxxxxxxxxxxx
May 31, 2026 01:03:39.899 [140081715141432] DEBUG - [HCl#18] HTTP requesting GET https://plex.tv/api/v2/user/privacy?X-Plex-Token=xxxxxxxxxxxxxxxxxxxx
May 31, 2026 01:03:39.980 [140081727798072] DEBUG - [HttpClient/HCl#8] HTTP/1.1 (4.3s) 200 response from GET https://plex.tv/api/v2/server/users?auth_token=xxxxxxxxxxxxxxxxxxxx (reused)
May 31, 2026 01:03:39.980 [140081676622648] DEBUG - [HCl#1a] HTTP requesting GET https://plex.tv/api/v2/server/users/subscriptions?auth_token=xxxxxxxxxxxxxxxxxxxx
May 31, 2026 01:03:40.084 [140081782008632] DEBUG - [EventSourceClient/pubsub/pubsub02.pop.dfw.plex.bz:443] Resolved pubsub02.pop.dfw.plex.bz to 45.33.119.35:443
May 31, 2026 01:03:40.187 [140081779899192] DEBUG - [EventSourceClient/pubsub/pubsub02.pop.dfw.plex.bz:443] Connected in 103 ms.
May 31, 2026 01:03:40.188 [140081782008632] DEBUG - [EventSourceClient/pubsub/pubsub02.pop.dfw.plex.bz:443] Wrote data, reading reply.
May 31, 2026 01:03:40.232 [140081706703672] DEBUG - [NSB] NetworkServiceBrowser: SERVER arrived: 127.0.0.1 (JellyPlex-CI)
May 31, 2026 01:03:40.232 [140081706703672] DEBUG - [NSB] Notifying the system bundle an update to server /system/notify/serverUpdated?host=127.0.0.1
May 31, 2026 01:03:40.232 [140081706703672] DEBUG - [NSB] [com.plexapp.system] Sending command over HTTP (GET): /system/notify/serverUpdated?host=127.0.0.1
May 31, 2026 01:03:40.232 [140081706703672] DEBUG - [NSB/HCl#1b] HTTP requesting GET http://127.0.0.1:34743/system/notify/serverUpdated?host=127.0.0.1
May 31, 2026 01:03:40.236 [140081666353976] DEBUG - Request: [127.0.0.1:41176 (Loopback)] GET /servers (3 live) #15 GZIP Signed-in Token (jellyplex_watched)
May 31, 2026 01:03:40.237 [140081782008632] DEBUG - Completed: [127.0.0.1:41176] 200 GET /servers (3 live) #15 GZIP 0ms 495 bytes
May 31, 2026 01:03:40.240 [140081727798072] DEBUG - [HttpClient/HCl#1b] HTTP/1.1 (0.0s) 200 response from GET http://127.0.0.1:34743/system/notify/serverUpdated?host=127.0.0.1
May 31, 2026 01:03:40.240 [140081706703672] DEBUG - [NSB] [com.plexapp.system] HTTP reply status 200, with 0 bytes of content.
May 31, 2026 01:03:40.345 [140081779899192] DEBUG - [EventSourceClient/pubsub/pubsub02.pop.dfw.plex.bz:443] Read HTTP reply header.
May 31, 2026 01:03:40.345 [140081779899192] DEBUG - [EventSourceClient/pubsub/pubsub02.pop.dfw.plex.bz:443] MyPlex: We appear to have regained Internet connectivity.
May 31, 2026 01:03:40.363 [140081779899192] DEBUG - [EventSourceClient/pubsub/pubsub02.pop.dfw.plex.bz:443] PublicAddressManager: Obtaining public address and mapping port.
May 31, 2026 01:03:40.363 [140081779899192] DEBUG - [EventSourceClient/pubsub/pubsub02.pop.dfw.plex.bz:443] MyPlex: async reachability check - current mapped state: 'Not Mapped'.
May 31, 2026 01:03:40.363 [140081779899192] WARN - [EventSourceClient/pubsub/pubsub02.pop.dfw.plex.bz:443] MyPlex: attempted a reachability check but we're not yet mapped.
May 31, 2026 01:03:40.363 [140081779899192] DEBUG - [EventSourceClient/pubsub/pubsub02.pop.dfw.plex.bz:443] Successfully connected to pubsub02.pop.dfw.plex.bz.
May 31, 2026 01:03:42.071 [140081727798072] DEBUG - [HttpClient/HCl#1a] HTTP/1.1 (2.1s) 200 response from GET https://plex.tv/api/v2/server/users/subscriptions?auth_token=xxxxxxxxxxxxxxxxxxxx (reused)
May 31, 2026 01:03:42.071 [140081681722168] DEBUG - MyPlex: using cached data for request for https://plex.tv/api/v2/server/users/services?auth_token=xxxxxxxxxxxxxxxxxxxx
May 31, 2026 01:03:42.725 [140081727798072] DEBUG - [HttpClient/HCl#17] HTTP/1.1 (2.8s) 200 response from GET https://plex.tv/api/v2/server/webhooks?X-Plex-Token=xxxxxxxxxxxxxxxxxxxx (reused)
May 31, 2026 01:03:43.196 [140081687718712] DEBUG - DVR:Device: Discovering and refreshing all devices.
May 31, 2026 01:03:43.196 [140081687718712] DEBUG - Grabber: HDHomerun discovered 0 compatible devices.
May 31, 2026 01:03:43.196 [140081687718712] DEBUG - [HCl#1e] HTTP requesting POST http://127.0.0.1:32600/devices/discover
May 31, 2026 01:03:43.370 [140081727798072] DEBUG - [HttpClient/HCl#18] HTTP/1.1 (3.5s) 200 response from GET https://plex.tv/api/v2/user/privacy?X-Plex-Token=xxxxxxxxxxxxxxxxxxxx (reused)
May 31, 2026 01:03:43.371 [140081715141432] DEBUG - [HCl#1f] HTTP requesting GET https://plex.tv/api/v2/release_channels?X-Plex-Token=xxxxxxxxxxxxxxxxxxxx
May 31, 2026 01:03:43.488 [140081727798072] DEBUG - [HttpClient/HCl#16] HTTP/1.1 (4.8s) 200 response from GET https://plex.tv/media/providers (reused)
May 31, 2026 01:03:43.488 [140081702484792] DEBUG - [MediaProviderManager] Media provider refresh complete
May 31, 2026 01:03:43.488 [140081702484792] DEBUG - [MediaProviderManager] Refreshing media providers
May 31, 2026 01:03:43.488 [140081702484792] DEBUG - [MediaProviderManager/Response::fetch/HCl#20] HTTP requesting GET https://plex.tv/media/providers
May 31, 2026 01:03:44.899 [140081685609272] DEBUG - [PubsubServerManager/process/HCl#21] HTTP requesting GET https://plex.tv/services/pubsub/servers
May 31, 2026 01:03:44.963 [140081727798072] DEBUG - [HttpClient/HCl#20] HTTP/1.1 (1.5s) 200 response from GET https://plex.tv/media/providers (reused)
May 31, 2026 01:03:44.963 [140081702484792] DEBUG - [MediaProviderManager] discovered cloud provider (Movies & Shows)
May 31, 2026 01:03:44.963 [140081702484792] DEBUG - [MediaProviderManager] discovered cloud provider (Metadata)
May 31, 2026 01:03:44.963 [140081702484792] DEBUG - [MediaProviderManager] loading cloud provider details (Metadata) (alive: 0)
May 31, 2026 01:03:44.964 [140081691937592] DEBUG - [MediaProviderManager/HCl#23] HTTP requesting GET https://vod.provider.plex.tv?includePreferences=1
May 31, 2026 01:03:45.026 [140081702484792] DEBUG - [MediaProviderManager] loading cloud provider details (Movies & Shows) (alive: 0)
May 31, 2026 01:03:45.026 [140081702484792] DEBUG - [MediaProviderManager/HCl#25] HTTP requesting GET https://vod.provider.plex.tv?includePreferences=1
May 31, 2026 01:03:45.040 [140081727798072] DEBUG - [HttpClient/HCl#23] HTTP/2.0 (0.1s) 200 response from GET https://vod.provider.plex.tv?includePreferences=1
May 31, 2026 01:03:45.040 [140081727798072] DEBUG - [HttpClient/HCl#25] HTTP/2.0 (0.0s) 200 response from GET https://vod.provider.plex.tv?includePreferences=1 (reused)
May 31, 2026 01:03:45.041 [140081702484792] DEBUG - [MediaProviderManager] we had 0 cloud providers online, we now have 2
May 31, 2026 01:03:45.041 [140081702484792] DEBUG - [MediaProviderManager] cloud provider (Metadata) is online and available
May 31, 2026 01:03:45.041 [140081702484792] DEBUG - [MediaProviderManager] cloud provider (Movies & Shows) is online and available
May 31, 2026 01:03:45.041 [140081702484792] DEBUG - [MediaProviderManager/MetadataAgentManager] Found media provider for agent provider 'tv.plex.agents.movie' with source URI 'provider://tv.plex.provider.metadata'
May 31, 2026 01:03:45.041 [140081702484792] DEBUG - [MediaProviderManager/MetadataAgentManager] Found media provider for agent provider 'tv.plex.agents.series' with source URI 'provider://tv.plex.provider.metadata'
May 31, 2026 01:03:45.041 [140081702484792] DEBUG - [MediaProviderManager/MetadataAgentManager] Found media provider for agent provider 'tv.plex.agents.music' with source URI 'provider://tv.plex.provider.metadata'
May 31, 2026 01:03:45.041 [140081702484792] DEBUG - [MediaProviderManager/MetadataAgentManager] Found media provider for agent provider 'org.musicbrainz.agents.music' with source URI 'provider://tv.plex.provider.metadata'
May 31, 2026 01:03:45.041 [140081702484792] DEBUG - [MediaProviderManager/MetadataAgentManager] Found media provider for agent provider 'tv.plex.agents.nfo.movie' with source URI 'provider://tv.plex.provider.metadata'
May 31, 2026 01:03:45.041 [140081702484792] DEBUG - [MediaProviderManager/MetadataAgentManager] Found media provider for agent provider 'tv.plex.agents.nfo.series' with source URI 'provider://tv.plex.provider.metadata'
May 31, 2026 01:03:45.041 [140081702484792] DEBUG - [MediaProviderManager] Media provider refresh complete
May 31, 2026 01:03:45.244 [140081672788792] DEBUG - Grabber: Cleaning up orphaned grabs.
May 31, 2026 01:03:45.245 [140081672788792] DEBUG - Grabber: Cleaned up 0 decrepit directories in 0.0 sec.
May 31, 2026 01:03:45.245 [140081672788792] DEBUG - Activity: registered new activity e29db60a-37d9-45a6-b459-75edac0621d6 - "Processing subscriptions"
May 31, 2026 01:03:45.245 [140081672788792] DEBUG - Subscription: Scheduling subscriptions.
May 31, 2026 01:03:45.245 [140081672788792] DEBUG - Subscription: Initialized 0 schedulers.
May 31, 2026 01:03:45.245 [140081672788792] DEBUG - Subscription: Starting with 0 grabs, scheduled 0 active ones preemptively.
May 31, 2026 01:03:45.245 [140081672788792] DEBUG - Subscription: Scheduled all subscriptions in 0 ms.
May 31, 2026 01:03:45.245 [140081672788792] DEBUG - Activity: Ended activity e29db60a-37d9-45a6-b459-75edac0621d6.
May 31, 2026 01:03:45.245 [140081672788792] DEBUG - Subscription: There are 0 active grabs at the end.
May 31, 2026 01:03:45.245 [140081672788792] DEBUG - Activity: Ended activity 3ff982e8-f5ad-4ffd-9517-c089d23a5fcb.
May 31, 2026 01:03:45.245 [140081672788792] DEBUG - Subscription: Refreshed all content in 0 ms.
May 31, 2026 01:03:45.622 [140081727798072] DEBUG - [HttpClient/HCl#1e] HTTP/1.1 (2.4s) 200 response from POST http://127.0.0.1:32600/devices/discover
May 31, 2026 01:03:46.282 [140081727798072] DEBUG - [HttpClient/HCl#1f] HTTP/1.1 (2.9s) 200 response from GET https://plex.tv/api/v2/release_channels?X-Plex-Token=xxxxxxxxxxxxxxxxxxxx (reused)
May 31, 2026 01:03:46.283 [140081715141432] DEBUG - [HCl#26] HTTP requesting GET https://plex.tv/api/v2/features?X-Plex-Token=xxxxxxxxxxxxxxxxxxxx
May 31, 2026 01:03:46.968 [140081727798072] DEBUG - [HttpClient/HCl#21] HTTP/1.1 (2.1s) 200 response from GET https://plex.tv/services/pubsub/servers (reused)
May 31, 2026 01:03:47.240 [140081710922552] DEBUG - NAT: UPnP, didn't find usable IGD.
May 31, 2026 01:03:47.240 [140081710922552] DEBUG - NAT: PMP, attempting mapping.
May 31, 2026 01:03:47.472 [140081719360312] DEBUG - NAT: UPnP, getPublicIP didn't find usable IGD.
May 31, 2026 01:03:47.491 [140081710922552] WARN - NAT: PMP, got an error: Not Supported by gateway.
May 31, 2026 01:03:47.491 [140081710922552] DEBUG - NAT: UPnP, attempting port mapping.
May 31, 2026 01:03:47.723 [140081719360312] WARN - NAT: PMP, got an error: Not Supported by gateway.
May 31, 2026 01:03:48.338 [140081685609272] DEBUG - [PubsubServerManager/process] Time to connect to pubsub01.pop.ewr.plex.bz was 25 ms.
May 31, 2026 01:03:48.338 [140081685609272] DEBUG - [PubsubServerManager/process] Time to connect to pubsub02.pop.atl.plex.bz was 49 ms.
May 31, 2026 01:03:48.338 [140081685609272] DEBUG - [PubsubServerManager/process] Time to connect to pubsub04.pop.yyz.plex.bz was 57 ms.
May 31, 2026 01:03:48.338 [140081685609272] DEBUG - [PubsubServerManager/process] Time to connect to pubsub01.pop.dfw.plex.bz was 101 ms.
May 31, 2026 01:03:48.338 [140081685609272] DEBUG - [PubsubServerManager/process] Time to connect to pubsub02.pop.dfw.plex.bz was 102 ms.
May 31, 2026 01:03:48.338 [140081685609272] DEBUG - [PubsubServerManager/process] Time to connect to pubsub04.pop.fmt.plex.bz was 198 ms.
May 31, 2026 01:03:48.338 [140081685609272] DEBUG - [PubsubServerManager/process] Time to connect to pubsub04.pop.lhr.plex.bz was 236 ms.
May 31, 2026 01:03:48.338 [140081685609272] DEBUG - [PubsubServerManager/process] Time to connect to pubsub14.pop.fra.plex.bz was 274 ms.
May 31, 2026 01:03:48.338 [140081685609272] DEBUG - [PubsubServerManager/process] Time to connect to pubsub01.pop.hnd.plex.bz was 488 ms.
May 31, 2026 01:03:48.338 [140081685609272] DEBUG - [PubsubServerManager/process] Time to connect to pubsub02.pop.sin.plex.bz was 695 ms.
May 31, 2026 01:03:48.338 [140081685609272] DEBUG - [PubsubServerManager/process] Another server (pubsub01.pop.ewr.plex.bz) beat the current one (pubsub02.pop.dfw.plex.bz).
May 31, 2026 01:03:48.338 [140081685609272] DEBUG - [PubsubServerManager/process] Updating best host to pubsub01.pop.ewr.plex.bz.
May 31, 2026 01:03:48.338 [140081685609272] DEBUG - [PubsubServerManager/process] Updating best ping time for pubsub01.pop.ewr.plex.bz to 25 ms.
May 31, 2026 01:03:48.338 [140081782008632] DEBUG - [EventSourceClient/pubsub/pubsub02.pop.dfw.plex.bz:443] Stopping.
May 31, 2026 01:03:48.339 [140081782008632] DEBUG - [EventSourceClient/pubsub/pubsub02.pop.dfw.plex.bz:443] Failure: 125 - Operation canceled.
May 31, 2026 01:03:48.339 [140081782008632] DEBUG - [EventSourceClient/pubsub/pubsub01.pop.ewr.plex.bz:443] Resolving pubsub01.pop.ewr.plex.bz port 443
May 31, 2026 01:03:48.340 [140081719360312] DEBUG - MyPlex: sendMapping resetting state - previous mapping state: 'Not Mapped'.
May 31, 2026 01:03:48.340 [140081719360312] DEBUG - MyPlex: mapping state set to 'Unknown'.
May 31, 2026 01:03:48.341 [140081719360312] DEBUG - MyPlex: Sending Server Info to myPlex (user=jellyplex-watched@luigi311.com, ip=172.214.45.199, port=0)
May 31, 2026 01:03:48.341 [140081719360312] DEBUG - [HCl#27] HTTP requesting POST https://plex.tv/servers.xml?auth_token=xxxxxxxxxxxxxxxxxxxx
May 31, 2026 01:03:48.411 [140081782008632] DEBUG - [EventSourceClient/pubsub/pubsub01.pop.ewr.plex.bz:443] Resolved pubsub01.pop.ewr.plex.bz to 45.33.73.250:443
May 31, 2026 01:03:48.421 [140081727798072] DEBUG - [HttpClient/HCl#27] HTTP/1.1 (0.1s) 422 response from POST https://plex.tv/servers.xml?auth_token=xxxxxxxxxxxxxxxxxxxx (reused)
May 31, 2026 01:03:48.421 [140081719360312] DEBUG - MyPlex: Published Mapping State response was 422
May 31, 2026 01:03:48.421 [140081719360312] DEBUG - MyPlex: Got response for 4aa082f4f7d6dd1a83a571d03b236b07794db03c ~ registered :0
May 31, 2026 01:03:48.421 [140081719360312] DEBUG - MyPlex: updating mapped state - current state: 'Not Mapped'
May 31, 2026 01:03:48.421 [140081719360312] DEBUG - MyPlex: mapping state set to 'Not Mapped'.
May 31, 2026 01:03:48.421 [140081719360312] DEBUG - MyPlex: Updating device connections (from timer: 0)
May 31, 2026 01:03:48.421 [140081719360312] DEBUG - [HCl#28] HTTP requesting PUT https://plex.tv/devices/4aa082f4f7d6dd1a83a571d03b236b07794db03c?Connection[][uri]=http://172.17.0.2:32400&httpsEnabled=1&httpsRequired=0&dnsRebindingProtection=0&natLoopbackSupported=0&X-Plex-Token=xxxxxxxxxxxxxxxxxxxx
May 31, 2026 01:03:48.437 [140081779899192] DEBUG - [EventSourceClient/pubsub/pubsub01.pop.ewr.plex.bz:443] Connected in 26 ms.
May 31, 2026 01:03:48.437 [140081779899192] DEBUG - [EventSourceClient/pubsub/pubsub01.pop.ewr.plex.bz:443] Wrote data, reading reply.
May 31, 2026 01:03:48.485 [140081782008632] DEBUG - [EventSourceClient/pubsub/pubsub01.pop.ewr.plex.bz:443] Read HTTP reply header.
May 31, 2026 01:03:48.485 [140081782008632] DEBUG - [EventSourceClient/pubsub/pubsub01.pop.ewr.plex.bz:443] MyPlex: We appear to have regained Internet connectivity.
May 31, 2026 01:03:48.566 [140081782008632] DEBUG - [EventSourceClient/pubsub/pubsub01.pop.ewr.plex.bz:443] PublicAddressManager: Obtaining public address and mapping port.
May 31, 2026 01:03:48.567 [140081782008632] DEBUG - [EventSourceClient/pubsub/pubsub01.pop.ewr.plex.bz:443] MyPlex: async reachability check - current mapped state: 'Not Mapped'.
May 31, 2026 01:03:48.567 [140081782008632] WARN - [EventSourceClient/pubsub/pubsub01.pop.ewr.plex.bz:443] MyPlex: attempted a reachability check but we're not yet mapped.
May 31, 2026 01:03:48.567 [140081696156472] DEBUG - [EventSourceClient/pubsub/pubsub01.pop.ewr.plex.bz:443] PublicAddressManager: Obtaining public IP.
May 31, 2026 01:03:48.567 [140081782008632] DEBUG - [EventSourceClient/pubsub/pubsub01.pop.ewr.plex.bz:443] Successfully connected to pubsub01.pop.ewr.plex.bz.
May 31, 2026 01:03:48.567 [140081696156472] DEBUG - [EventSourceClient/pubsub/pubsub01.pop.ewr.plex.bz:443/HCl#29] HTTP requesting GET https://v4.plex.tv/pms/:/ip
May 31, 2026 01:03:48.603 [140081727798072] DEBUG - [HttpClient/HCl#29] HTTP/1.1 (0.0s) 200 response from GET https://v4.plex.tv/pms/:/ip
May 31, 2026 01:03:48.603 [140081696156472] DEBUG - [EventSourceClient/pubsub/pubsub01.pop.ewr.plex.bz:443] PublicAddressManager: Got public IP from v4.plex.tv: 172.214.45.199
May 31, 2026 01:03:49.898 [140081704594232] DEBUG - [HCl#2a] HTTP requesting GET https://plex.tv/api/resources.xml?includeHttps=1&includeRelay=1&auth_token=xxxxxxxxxxxxxxxxxxxx
May 31, 2026 01:03:50.184 [140081727798072] DEBUG - [HttpClient/HCl#28] HTTP/1.1 (1.8s) 200 response from PUT https://plex.tv/devices/4aa082f4f7d6dd1a83a571d03b236b07794db03c?Connection[][uri]=http://172.17.0.2:32400&httpsEnabled=1&httpsRequired=0&dnsRebindingProtection=0&natLoopbackSupported=0&X-Plex-Token=xxxxxxxxxxxxxxxxxxxx (reused)
May 31, 2026 01:03:51.043 [140081727798072] DEBUG - [HttpClient/HCl#26] HTTP/1.1 (4.8s) 200 response from GET https://plex.tv/api/v2/features?X-Plex-Token=xxxxxxxxxxxxxxxxxxxx (reused)
May 31, 2026 01:03:51.044 [140081715141432] DEBUG - [HCl#2b] HTTP requesting GET https://plex.tv/api/v2/server/users/features?filterFeatures[]=b83c8dc9-5a01-4b7a-a7c9-5870c8a6e21b&filterFeatures[]=926bc176-58ca-47da-b8e3-080ed14ea6ba&filterFeatures[]=ea791163-c28d-4b7c-af88-bcc9553b206d&filterFeatures[]=6ab6677b-ad9b-444f-9ca1-b8027d05b3e1&filterFeatures[]=56cd352b-0d47-436d-aced-f20db3508de5
May 31, 2026 01:03:51.070 [140081727798072] DEBUG - [HttpClient/HCl#2b] HTTP/1.1 (0.0s) 200 response from GET https://plex.tv/api/v2/server/users/features?filterFeatures[]=b83c8dc9-5a01-4b7a-a7c9-5870c8a6e21b&filterFeatures[]=926bc176-58ca-47da-b8e3-080ed14ea6ba&filterFeatures[]=ea791163-c28d-4b7c-af88-bcc9553b206d&filterFeatures[]=6ab6677b-ad9b-444f-9ca1-b8027d05b3e1&filterFeatures[]=56cd352b-0d47-436d-aced-f20db3508de5 (reused)
May 31, 2026 01:03:51.073 [140081715141432] DEBUG - CERT: Certificate will not expire soon; we'll check again in a week.
May 31, 2026 01:03:51.073 [140081725688632] DEBUG - MyPlex: sendMapping resetting state - previous mapping state: 'Not Mapped'.
May 31, 2026 01:03:51.073 [140081725688632] DEBUG - MyPlex: mapping state set to 'Unknown'.
May 31, 2026 01:03:51.074 [140081715141432] DEBUG - MyPlex: Last published value didn't change, we're done.
May 31, 2026 01:03:51.074 [140081725688632] DEBUG - MyPlex: Sending Server Info to myPlex (user=jellyplex-watched@luigi311.com, ip=172.214.45.199, port=0)
May 31, 2026 01:03:51.074 [140081725688632] DEBUG - [HCl#2c] HTTP requesting POST https://plex.tv/servers.xml?auth_token=xxxxxxxxxxxxxxxxxxxx
May 31, 2026 01:03:52.540 [140081727798072] DEBUG - [HttpClient/HCl#2a] HTTP/1.1 (2.6s) 200 response from GET https://plex.tv/api/resources.xml?includeHttps=1&includeRelay=1&auth_token=xxxxxxxxxxxxxxxxxxxx (reused)
May 31, 2026 01:03:52.541 [140081704594232] DEBUG - Media Server: Tested all servers in 0.0 seconds.
May 31, 2026 01:03:54.822 [140081727798072] DEBUG - [HttpClient/HCl#2c] HTTP/1.1 (3.7s) 422 response from POST https://plex.tv/servers.xml?auth_token=xxxxxxxxxxxxxxxxxxxx (reused)
May 31, 2026 01:03:54.822 [140081725688632] DEBUG - MyPlex: Published Mapping State response was 422
May 31, 2026 01:03:54.822 [140081725688632] DEBUG - MyPlex: Got response for 4aa082f4f7d6dd1a83a571d03b236b07794db03c ~ registered :0
May 31, 2026 01:03:54.822 [140081725688632] DEBUG - MyPlex: updating mapped state - current state: 'Not Mapped'
May 31, 2026 01:03:54.822 [140081725688632] DEBUG - MyPlex: mapping state set to 'Not Mapped'.
May 31, 2026 01:03:59.503 [140081710922552] DEBUG - NAT: UPnP, didn't find usable IGD.
May 31, 2026 01:03:59.503 [140081710922552] DEBUG - PublicAddressManager: Mapping failed.
May 31, 2026 01:03:59.504 [140081710922552] DEBUG - MyPlex: mapping state set to 'Mapped - Not Published'.
May 31, 2026 01:03:59.504 [140081710922552] DEBUG - MyPlex: sendMapping resetting state - previous mapping state: 'Mapped - Not Published'.
May 31, 2026 01:03:59.504 [140081710922552] DEBUG - MyPlex: mapping state set to 'Unknown'.
May 31, 2026 01:03:59.505 [140081710922552] DEBUG - MyPlex: Sending Server Info to myPlex (user=jellyplex-watched@luigi311.com, ip=172.214.45.199, port=0)
May 31, 2026 01:03:59.505 [140081710922552] DEBUG - [HCl#2d] HTTP requesting POST https://plex.tv/servers.xml?auth_token=xxxxxxxxxxxxxxxxxxxx
May 31, 2026 01:03:59.561 [140081727798072] DEBUG - [HttpClient/HCl#2d] HTTP/1.1 (0.1s) 422 response from POST https://plex.tv/servers.xml?auth_token=xxxxxxxxxxxxxxxxxxxx (reused)
May 31, 2026 01:03:59.561 [140081710922552] DEBUG - MyPlex: Published Mapping State response was 422
May 31, 2026 01:03:59.561 [140081710922552] DEBUG - MyPlex: Got response for 4aa082f4f7d6dd1a83a571d03b236b07794db03c ~ registered :0
May 31, 2026 01:03:59.561 [140081710922552] DEBUG - MyPlex: updating mapped state - current state: 'Mapped - Not Published'
May 31, 2026 01:03:59.561 [140081710922552] DEBUG - MyPlex: mapping state set to 'Mapped - Publishing'.
May 31, 2026 01:03:59.561 [140081710922552] DEBUG - MyPlex: async reachability check - current mapped state: 'Mapped - Publishing'.
May 31, 2026 01:03:59.561 [140081710922552] DEBUG - MyPlex: Requesting reachability check.
May 31, 2026 01:03:59.561 [140081710922552] DEBUG - [HCl#2e] HTTP requesting PUT https://plex.tv/api/servers/4aa082f4f7d6dd1a83a571d03b236b07794db03c/connectivity?X-Plex-Token=xxxxxxxxxxxxxxxxxxxx&asyncIdentifier=efceb197-d0dc-430f-a580-3c3cfee603a1
May 31, 2026 01:03:59.586 [140081727798072] DEBUG - [HttpClient/HCl#2e] HTTP/1.1 (0.0s) 200 response from PUT https://plex.tv/api/servers/4aa082f4f7d6dd1a83a571d03b236b07794db03c/connectivity?X-Plex-Token=xxxxxxxxxxxxxxxxxxxx&asyncIdentifier=efceb197-d0dc-430f-a580-3c3cfee603a1 (reused)
May 31, 2026 01:03:59.587 [140081710922552] DEBUG - MyPlex: Last published value didn't change, we're done.
May 31, 2026 01:03:59.625 [140081779899192] DEBUG - [EventSourceClient/pubsub/pubsub01.pop.ewr.plex.bz:443] EventSource: Got event [data] '<Message address="" port="0" asyncIdentifier="efceb197-d0dc-430f-a580-3c3cfee603a1" connectivity="0" command="notifyConnectivity"/>'
May 31, 2026 01:03:59.625 [140081779899192] DEBUG - [EventSourceClient/pubsub/pubsub01.pop.ewr.plex.bz:443] PubSub: Got notified of reachability for async identifier efceb197-d0dc-430f-a580-3c3cfee603a1: 0 for :0 (responded in 39 ms)
May 31, 2026 01:03:59.625 [140081779899192] DEBUG - [EventSourceClient/pubsub/pubsub01.pop.ewr.plex.bz:443] MyPlex: reachability check - current mapping state: 'Mapped - Publishing'.
May 31, 2026 01:03:59.625 [140081779899192] DEBUG - [EventSourceClient/pubsub/pubsub01.pop.ewr.plex.bz:443] MyPlex: mapping state set to 'Mapped - Not Published (Not Reachable)'.
May 31, 2026 01:04:00.616 [140081696156472] DEBUG - [EventSourceClient/pubsub/pubsub01.pop.ewr.plex.bz:443] NAT: UPnP, getPublicIP didn't find usable IGD.
May 31, 2026 01:04:00.866 [140081696156472] WARN - [EventSourceClient/pubsub/pubsub01.pop.ewr.plex.bz:443] NAT: PMP, got an error: Not Supported by gateway.
May 31, 2026 01:04:00.867 [140081696156472] DEBUG - [EventSourceClient/pubsub/pubsub01.pop.ewr.plex.bz:443/HCl#2f] HTTP requesting GET https://172-214-45-199.b1eb00e890d84884bd38f2ea180d2679.plex.direct:0/identity
May 31, 2026 01:04:03.172 [140081685609272] DEBUG - [HCl#30] HTTP requesting GET https://plex.tv/api/v2/shared_sources/owned?machineIdentifier=4aa082f4f7d6dd1a83a571d03b236b07794db03c
May 31, 2026 01:04:03.273 [140081727798072] DEBUG - [HttpClient/HCl#30] HTTP/1.1 (0.1s) 200 response from GET https://plex.tv/api/v2/shared_sources/owned?machineIdentifier=4aa082f4f7d6dd1a83a571d03b236b07794db03c (reused)
May 31, 2026 01:04:03.273 [140081685609272] DEBUG - [HCl#31] HTTP requesting GET https://plex.tv/api/v2/server/access_tokens?auth_token=xxxxxxxxxxxxxxxxxxxx
May 31, 2026 01:04:03.567 [140081792408376] DEBUG - Shutting down with signal 15 (Terminated)
May 31, 2026 01:04:03.567 [140081792408376] DEBUG - Ordered to stop server.
May 31, 2026 01:04:03.567 [140081792408376] DEBUG - [JobRunner] Job running: /usr/lib/plexmediaserver/CrashUploader --sessionStatus=exited --sessionStart=1780189413 --sessionDuration=30 --version=1.43.2.10687-563d026ea --userId=jellyplex-watched@luigi311.com --sentryUrl=https://o17675.ingest.sentry.io/api/1233455/ --sentryKey=xxxxxxxxxxxxxxxxxxxxxxxxxxxxxxxx
May 31, 2026 01:04:03.567 [140081792408376] DEBUG - [JobRunner] Jobs: Starting child process with pid 403
May 31, 2026 01:04:03.567 [140081797151376] DEBUG - Stopping server...
May 31, 2026 01:04:03.567 [140081797151376] DEBUG - HttpServer: Stopping server.
May 31, 2026 01:04:03.568 [140081719360312] DEBUG - TranscodeJobManager: [Running] onServerShutdown
May 31, 2026 01:04:03.568 [140081719360312] DEBUG - TranscodeJobManager: [Running] -> [Shutdown]
May 31, 2026 01:04:03.568 [140081670679352] DEBUG - MetadataItemClusterRequestHandler: a shutdown event has been received
May 31, 2026 01:04:03.568 [140081797151376] DEBUG - Server stopped.
May 31, 2026 01:04:03.568 [140081797151376] DEBUG - NetworkService: Stopping advertisement.
May 31, 2026 01:04:03.568 [140081706703672] ERROR - Network Service: Error in advertiser handle read: 125 (Operation canceled) socket=73
May 31, 2026 01:04:03.569 [140081797151376] DEBUG - Killing plug-ins.
May 31, 2026 01:04:03.580 [140081797151376] DEBUG - [com.plexapp.agents.imdb] Killing.
May 31, 2026 01:04:03.584 [140081797151376] DEBUG - [com.plexapp.system] Killing.
May 31, 2026 01:04:03.585 [140081792408376] WARN - JobManager: Could not find job for handle 346
May 31, 2026 01:04:03.589 [140081792408376] WARN - JobManager: Could not find job for handle 247
May 31, 2026 01:04:03.590 [140081797151376] DEBUG - ChildProcessMonitor: Waiting for Plex Tuner Service to exit.
May 31, 2026 01:04:03.590 [140081797151376] DEBUG - [JobRunner] Signalling job ID 325 with 2
May 31, 2026 01:04:03.638 [140081792408376] DEBUG - Jobs: '/usr/lib/plexmediaserver/Plex Tuner Service' exit code for process 325 is 0 (success)
May 31, 2026 01:04:03.638 [140081700375352] DEBUG - [ChildProcessMonitor] Plex Tuner Service exited.
May 31, 2026 01:04:03.638 [140081797151376] DEBUG - Database: Shutting down.
May 31, 2026 01:04:03.648 [140081797151376] DEBUG - Database: Shutting down.
