Jan 03, 2024 03:17:02.962 [140208321202944] INFO - Plex Media Scanner v1.32.7.7621-871adbd44 - Docker Docker Container (LinuxServer.io) x86_64 - build: linux-x86_64 - GMT 00:00
Jan 03, 2024 03:17:02.962 [140208321202944] INFO - Linux version: 6.7.0-rc5, language: en-US
Jan 03, 2024 03:17:02.962 [140208321202944] INFO - Processor: 32-core AMD Ryzen 9 5950X 16-Core Processor            
Jan 03, 2024 03:17:02.962 [140208321202944] INFO - /usr/lib/plexmediaserver/Plex Media Scanner --analyze-deeply --item 96 --log-file-suffix  Deep Analysis
Jan 03, 2024 03:17:02.962 [140208321706816] DEBUG - Opening 20 database sessions to library (com.plexapp.plugins.library), SQLite 3.39.4, threadsafe=1
Jan 03, 2024 03:17:03.022 [140208321706816] DEBUG - [MI] Opening input file: "/tvshows/Monarch - Legacy of Monsters {tvdb-422598} {imdb-tt17220216}/Season 1/S01E03.mkv"
Jan 03, 2024 03:17:03.022 [140208321706816] DEBUG - [FFMPEG] - Opening '/tvshows/Monarch - Legacy of Monsters {tvdb-422598} {imdb-tt17220216}/Season 1/S01E03.mkv' for reading
Jan 03, 2024 03:17:03.022 [140208321706816] DEBUG - [FFMPEG] - Setting default whitelist 'file,crypto,data'
Jan 03, 2024 03:17:03.022 [140208321706816] DEBUG - [FFMPEG] - Format matroska,webm probed with size=2048 and score=100
Jan 03, 2024 03:17:03.022 [140208321706816] DEBUG - [FFMPEG] - st:0 removing common factor 1000000 from timebase
Jan 03, 2024 03:17:03.022 [140208321706816] DEBUG - [FFMPEG] - Before avformat_find_stream_info() pos: 570 bytes read:16803 seeks:0 nb_streams:1
Jan 03, 2024 03:17:03.023 [140208321706816] DEBUG - [FFMPEG] - nal_unit_type: 7(SPS), nal_ref_idc: 3
Jan 03, 2024 03:17:03.023 [140208321706816] DEBUG - [FFMPEG] - nal_unit_type: 8(PPS), nal_ref_idc: 3
Jan 03, 2024 03:17:03.023 [140208321706816] DEBUG - [FFMPEG] - nal_unit_type: 7(SPS), nal_ref_idc: 3
Jan 03, 2024 03:17:03.023 [140208321706816] DEBUG - [FFMPEG] - nal_unit_type: 8(PPS), nal_ref_idc: 3
Jan 03, 2024 03:17:03.023 [140208321706816] DEBUG - [FFMPEG] - nal_unit_type: 6(SEI), nal_ref_idc: 0
Jan 03, 2024 03:17:03.023 [140208321706816] DEBUG - [FFMPEG] - nal_unit_type: 5(IDR), nal_ref_idc: 3
Jan 03, 2024 03:17:03.023 [140208321706816] DEBUG - [FFMPEG] - Format yuv420p chosen by get_format().
Jan 03, 2024 03:17:03.023 [140208321706816] DEBUG - [FFMPEG] - no picture 
Jan 03, 2024 03:17:03.023 [140208321706816] DEBUG - [FFMPEG] - nal_unit_type: 1(Coded slice of a non-IDR picture), nal_ref_idc: 2
Jan 03, 2024 03:17:03.023 [140208321706816] DEBUG - [FFMPEG] - no picture 
Jan 03, 2024 03:17:03.023 [140208321706816] DEBUG - [FFMPEG] - nal_unit_type: 1(Coded slice of a non-IDR picture), nal_ref_idc: 2
Jan 03, 2024 03:17:03.023 [140208321706816] DEBUG - [FFMPEG] - nal_unit_type: 1(Coded slice of a non-IDR picture), nal_ref_idc: 0
Jan 03, 2024 03:17:03.023 [140208321706816] DEBUG - [FFMPEG] - nal_unit_type: 1(Coded slice of a non-IDR picture), nal_ref_idc: 0
Jan 03, 2024 03:17:03.023 [140208321706816] DEBUG - [FFMPEG] - nal_unit_type: 1(Coded slice of a non-IDR picture), nal_ref_idc: 2
Jan 03, 2024 03:17:03.023 [140208321706816] DEBUG - [FFMPEG] - nal_unit_type: 1(Coded slice of a non-IDR picture), nal_ref_idc: 2
Jan 03, 2024 03:17:03.023 [140208321706816] DEBUG - [FFMPEG] - nal_unit_type: 1(Coded slice of a non-IDR picture), nal_ref_idc: 0
Jan 03, 2024 03:17:03.023 [140208321706816] DEBUG - [FFMPEG] - nal_unit_type: 1(Coded slice of a non-IDR picture), nal_ref_idc: 0
Jan 03, 2024 03:17:03.023 [140208321706816] DEBUG - [FFMPEG] - first_dts 7000 not matching first dts NOPTS (pts 0, duration 1000) in the queue
Jan 03, 2024 03:17:03.023 [140208321706816] DEBUG - [FFMPEG] - rfps: 1.000000 0.000000
Jan 03, 2024 03:17:03.023 [140208321706816] DEBUG - [FFMPEG] - rfps: 2.000000 0.000000
Jan 03, 2024 03:17:03.023 [140208321706816] DEBUG - [FFMPEG] - rfps: 2.000000 0.000000
Jan 03, 2024 03:17:03.023 [140208321706816] DEBUG - [FFMPEG] - rfps: 3.000000 0.000000
Jan 03, 2024 03:17:03.023 [140208321706816] DEBUG - [FFMPEG] - rfps: 4.000000 0.000000
Jan 03, 2024 03:17:03.023 [140208321706816] DEBUG - [FFMPEG] - rfps: 4.000000 0.000000
Jan 03, 2024 03:17:03.023 [140208321706816] DEBUG - [FFMPEG] - rfps: 5.000000 0.000000
Jan 03, 2024 03:17:03.023 [140208321706816] DEBUG - [FFMPEG] - rfps: 6.000000 0.000000
Jan 03, 2024 03:17:03.023 [140208321706816] DEBUG - [FFMPEG] - rfps: 6.000000 0.000000
Jan 03, 2024 03:17:03.023 [140208321706816] DEBUG - [FFMPEG] - rfps: 7.000000 0.000000
Jan 03, 2024 03:17:03.023 [140208321706816] DEBUG - [FFMPEG] - rfps: 8.000000 0.000000
Jan 03, 2024 03:17:03.023 [140208321706816] DEBUG - [FFMPEG] - rfps: 8.000000 0.000000
Jan 03, 2024 03:17:03.023 [140208321706816] DEBUG - [FFMPEG] - rfps: 9.000000 0.000000
Jan 03, 2024 03:17:03.023 [140208321706816] DEBUG - [FFMPEG] - rfps: 10.000000 0.000000
Jan 03, 2024 03:17:03.023 [140208321706816] DEBUG - [FFMPEG] - rfps: 10.000000 0.000000
Jan 03, 2024 03:17:03.023 [140208321706816] DEBUG - [FFMPEG] - rfps: 11.000000 0.000000
Jan 03, 2024 03:17:03.023 [140208321706816] DEBUG - [FFMPEG] - rfps: 12.000000 0.000000
Jan 03, 2024 03:17:03.023 [140208321706816] DEBUG - [FFMPEG] - rfps: 12.000000 0.000000
Jan 03, 2024 03:17:03.023 [140208321706816] DEBUG - [FFMPEG] - rfps: 13.000000 0.000000
Jan 03, 2024 03:17:03.023 [140208321706816] DEBUG - [FFMPEG] - rfps: 14.000000 0.000000
Jan 03, 2024 03:17:03.023 [140208321706816] DEBUG - [FFMPEG] - rfps: 14.000000 0.000000
Jan 03, 2024 03:17:03.023 [140208321706816] DEBUG - [FFMPEG] - rfps: 15.000000 0.000000
Jan 03, 2024 03:17:03.023 [140208321706816] DEBUG - [FFMPEG] - rfps: 16.000000 0.000000
Jan 03, 2024 03:17:03.023 [140208321706816] DEBUG - [FFMPEG] - rfps: 16.000000 0.000000
Jan 03, 2024 03:17:03.023 [140208321706816] DEBUG - [FFMPEG] - rfps: 17.000000 0.000000
Jan 03, 2024 03:17:03.023 [140208321706816] DEBUG - [FFMPEG] - rfps: 18.000000 0.000000
Jan 03, 2024 03:17:03.023 [140208321706816] DEBUG - [FFMPEG] - rfps: 18.000000 0.000000
Jan 03, 2024 03:17:03.023 [140208321706816] DEBUG - [FFMPEG] - rfps: 19.000000 0.000000
Jan 03, 2024 03:17:03.023 [140208321706816] DEBUG - [FFMPEG] - rfps: 20.000000 0.000000
Jan 03, 2024 03:17:03.023 [140208321706816] DEBUG - [FFMPEG] - rfps: 20.000000 0.000000
Jan 03, 2024 03:17:03.023 [140208321706816] DEBUG - [FFMPEG] - rfps: 21.000000 0.000000
Jan 03, 2024 03:17:03.023 [140208321706816] DEBUG - [FFMPEG] - rfps: 22.000000 0.000000
Jan 03, 2024 03:17:03.023 [140208321706816] DEBUG - [FFMPEG] - rfps: 22.000000 0.000000
Jan 03, 2024 03:17:03.023 [140208321706816] DEBUG - [FFMPEG] - rfps: 23.000000 0.000000
Jan 03, 2024 03:17:03.023 [140208321706816] DEBUG - [FFMPEG] - rfps: 24.000000 0.000000
Jan 03, 2024 03:17:03.023 [140208321706816] DEBUG - [FFMPEG] - rfps: 24.000000 0.000000
Jan 03, 2024 03:17:03.023 [140208321706816] DEBUG - [FFMPEG] - rfps: 25.000000 0.000000
Jan 03, 2024 03:17:03.023 [140208321706816] DEBUG - [FFMPEG] - rfps: 26.000000 0.000000
Jan 03, 2024 03:17:03.023 [140208321706816] DEBUG - [FFMPEG] - rfps: 26.000000 0.000000
Jan 03, 2024 03:17:03.023 [140208321706816] DEBUG - [FFMPEG] - rfps: 27.000000 0.000000
Jan 03, 2024 03:17:03.023 [140208321706816] DEBUG - [FFMPEG] - rfps: 28.000000 0.000000
Jan 03, 2024 03:17:03.023 [140208321706816] DEBUG - [FFMPEG] - rfps: 28.000000 0.000000
Jan 03, 2024 03:17:03.023 [140208321706816] DEBUG - [FFMPEG] - rfps: 29.000000 0.000000
Jan 03, 2024 03:17:03.023 [140208321706816] DEBUG - [FFMPEG] - rfps: 30.000000 0.000000
Jan 03, 2024 03:17:03.023 [140208321706816] DEBUG - [FFMPEG] - rfps: 30.000000 0.000000
Jan 03, 2024 03:17:03.023 [140208321706816] DEBUG - [FFMPEG] - rfps: 31.000000 0.000000
Jan 03, 2024 03:17:03.023 [140208321706816] DEBUG - [FFMPEG] - rfps: 32.000000 0.000000
Jan 03, 2024 03:17:03.023 [140208321706816] DEBUG - [FFMPEG] - rfps: 32.000000 0.000000
Jan 03, 2024 03:17:03.023 [140208321706816] DEBUG - [FFMPEG] - rfps: 33.000000 0.000000
Jan 03, 2024 03:17:03.023 [140208321706816] DEBUG - [FFMPEG] - rfps: 34.000000 0.000000
Jan 03, 2024 03:17:03.023 [140208321706816] DEBUG - [FFMPEG] - rfps: 34.000000 0.000000
Jan 03, 2024 03:17:03.023 [140208321706816] DEBUG - [FFMPEG] - rfps: 35.000000 0.000000
Jan 03, 2024 03:17:03.023 [140208321706816] DEBUG - [FFMPEG] - rfps: 36.000000 0.000000
Jan 03, 2024 03:17:03.023 [140208321706816] DEBUG - [FFMPEG] - rfps: 36.000000 0.000000
Jan 03, 2024 03:17:03.023 [140208321706816] DEBUG - [FFMPEG] - rfps: 37.000000 0.000000
Jan 03, 2024 03:17:03.023 [140208321706816] DEBUG - [FFMPEG] - rfps: 38.000000 0.000000
Jan 03, 2024 03:17:03.023 [140208321706816] DEBUG - [FFMPEG] - rfps: 38.000000 0.000000
Jan 03, 2024 03:17:03.023 [140208321706816] DEBUG - [FFMPEG] - rfps: 39.000000 0.000000
Jan 03, 2024 03:17:03.023 [140208321706816] DEBUG - [FFMPEG] - rfps: 40.000000 0.000000
Jan 03, 2024 03:17:03.023 [140208321706816] DEBUG - [FFMPEG] - rfps: 40.000000 0.000000
Jan 03, 2024 03:17:03.023 [140208321706816] DEBUG - [FFMPEG] - rfps: 41.000000 0.000000
Jan 03, 2024 03:17:03.023 [140208321706816] DEBUG - [FFMPEG] - rfps: 42.000000 0.000000
Jan 03, 2024 03:17:03.023 [140208321706816] DEBUG - [FFMPEG] - rfps: 42.000000 0.000000
Jan 03, 2024 03:17:03.023 [140208321706816] DEBUG - [FFMPEG] - rfps: 43.000000 0.000000
Jan 03, 2024 03:17:03.023 [140208321706816] DEBUG - [FFMPEG] - rfps: 44.000000 0.000000
Jan 03, 2024 03:17:03.023 [140208321706816] DEBUG - [FFMPEG] - rfps: 44.000000 0.000000
Jan 03, 2024 03:17:03.023 [140208321706816] DEBUG - [FFMPEG] - rfps: 45.000000 0.000000
Jan 03, 2024 03:17:03.023 [140208321706816] DEBUG - [FFMPEG] - rfps: 46.000000 0.000000
Jan 03, 2024 03:17:03.023 [140208321706816] DEBUG - [FFMPEG] - rfps: 46.000000 0.000000
Jan 03, 2024 03:17:03.023 [140208321706816] DEBUG - [FFMPEG] - rfps: 47.000000 0.000000
Jan 03, 2024 03:17:03.023 [140208321706816] DEBUG - [FFMPEG] - rfps: 48.000000 0.000000
Jan 03, 2024 03:17:03.023 [140208321706816] DEBUG - [FFMPEG] - rfps: 48.000000 0.000000
Jan 03, 2024 03:17:03.023 [140208321706816] DEBUG - [FFMPEG] - rfps: 49.000000 0.000000
Jan 03, 2024 03:17:03.023 [140208321706816] DEBUG - [FFMPEG] - rfps: 50.000000 0.000000
Jan 03, 2024 03:17:03.023 [140208321706816] DEBUG - [FFMPEG] - rfps: 50.000000 0.000000
Jan 03, 2024 03:17:03.024 [140208321706816] DEBUG - [FFMPEG] - rfps: 51.000000 0.000000
Jan 03, 2024 03:17:03.024 [140208321706816] DEBUG - [FFMPEG] - rfps: 52.000000 0.000000
Jan 03, 2024 03:17:03.024 [140208321706816] DEBUG - [FFMPEG] - rfps: 52.000000 0.000000
Jan 03, 2024 03:17:03.024 [140208321706816] DEBUG - [FFMPEG] - rfps: 53.000000 0.000000
Jan 03, 2024 03:17:03.024 [140208321706816] DEBUG - [FFMPEG] - rfps: 54.000000 0.000000
Jan 03, 2024 03:17:03.024 [140208321706816] DEBUG - [FFMPEG] - rfps: 54.000000 0.000000
Jan 03, 2024 03:17:03.024 [140208321706816] DEBUG - [FFMPEG] - rfps: 55.000000 0.000000
Jan 03, 2024 03:17:03.024 [140208321706816] DEBUG - [FFMPEG] - rfps: 56.000000 0.000000
Jan 03, 2024 03:17:03.024 [140208321706816] DEBUG - [FFMPEG] - rfps: 56.000000 0.000000
Jan 03, 2024 03:17:03.024 [140208321706816] DEBUG - [FFMPEG] - rfps: 57.000000 0.000000
Jan 03, 2024 03:17:03.024 [140208321706816] DEBUG - [FFMPEG] - rfps: 58.000000 0.000000
Jan 03, 2024 03:17:03.024 [140208321706816] DEBUG - [FFMPEG] - rfps: 58.000000 0.000000
Jan 03, 2024 03:17:03.024 [140208321706816] DEBUG - [FFMPEG] - rfps: 59.000000 0.000000
Jan 03, 2024 03:17:03.024 [140208321706816] DEBUG - [FFMPEG] - rfps: 60.000000 0.000000
Jan 03, 2024 03:17:03.024 [140208321706816] DEBUG - [FFMPEG] - rfps: 60.000000 0.000000
Jan 03, 2024 03:17:03.024 [140208321706816] DEBUG - [FFMPEG] - rfps: 80.000000 0.000000
Jan 03, 2024 03:17:03.024 [140208321706816] DEBUG - [FFMPEG] - rfps: 80.000000 0.000000
Jan 03, 2024 03:17:03.024 [140208321706816] DEBUG - [FFMPEG] - rfps: 120.000000 0.000000
Jan 03, 2024 03:17:03.024 [140208321706816] DEBUG - [FFMPEG] - rfps: 120.000000 0.000000
Jan 03, 2024 03:17:03.024 [140208321706816] DEBUG - [FFMPEG] - rfps: 240.000000 0.000000
Jan 03, 2024 03:17:03.024 [140208321706816] DEBUG - [FFMPEG] - rfps: 240.000000 0.000000
Jan 03, 2024 03:17:03.024 [140208321706816] DEBUG - [FFMPEG] - rfps: 23.976024 0.004743
Jan 03, 2024 03:17:03.024 [140208321706816] DEBUG - [FFMPEG] - rfps: 23.976024 0.004743
Jan 03, 2024 03:17:03.024 [140208321706816] DEBUG - [FFMPEG] - rfps: 29.970030 0.007410
Jan 03, 2024 03:17:03.024 [140208321706816] DEBUG - [FFMPEG] - rfps: 11.988012 0.001186
Jan 03, 2024 03:17:03.024 [140208321706816] DEBUG - [FFMPEG] - rfps: 11.988012 0.001186
Jan 03, 2024 03:17:03.024 [140208321706816] DEBUG - [FFMPEG] - rfps: 14.985015 0.001853
Jan 03, 2024 03:17:03.024 [140208321706816] DEBUG - [FFMPEG] - rfps: 14.985015 0.001853
Jan 03, 2024 03:17:03.024 [140208321706816] DEBUG - [FFMPEG] - rfps: 47.952048 0.018970
Jan 03, 2024 03:17:03.024 [140208321706816] DEBUG - [FFMPEG] - After avformat_find_stream_info() pos: 1810 bytes read:16803 seeks:0 frames:20
Jan 03, 2024 03:17:03.024 [140208321706816] DEBUG - Deep Analysis: Sorting packets
Jan 03, 2024 03:17:03.024 [140208321706816] DEBUG - Deep Analysis: Performing file bitrate analysis
Jan 03, 2024 03:17:03.024 [140208321706816] DEBUG - Deep Analysis: Performing stream bitrate analysis on stream 0
Jan 03, 2024 03:17:03.024 [140208321706816] DEBUG - Deep Analysis: Saving GoP analysis for stream 0
Jan 03, 2024 03:17:03.025 [140208321706816] DEBUG - Deep Analysis: Saving bitrate analysis
Jan 03, 2024 03:17:03.025 [140208321706816] DEBUG - Updating part with ID=158 [/tvshows/Monarch - Legacy of Monsters {tvdb-422598} {imdb-tt17220216}/Season 1/S01E03.mkv]
Jan 03, 2024 03:17:03.025 [140208321706816] DEBUG - [MI] Closing input file: "/tvshows/Monarch - Legacy of Monsters {tvdb-422598} {imdb-tt17220216}/Season 1/S01E03.mkv"
Jan 03, 2024 03:17:03.025 [140208321706816] DEBUG - Updating media item 158, size=16803, metadata_item_id=96
Jan 03, 2024 03:17:03.025 [140208321706816] DEBUG - Updating part with ID=158 [/tvshows/Monarch - Legacy of Monsters {tvdb-422598} {imdb-tt17220216}/Season 1/S01E03.mkv]
