Nov 14, 2023 03:18:02.945 [140614206118656] INFO - Plex Media Scanner v1.32.7.7621-871adbd44 - Docker Docker Container (LinuxServer.io) x86_64 - build: linux-x86_64 - GMT 00:00
Nov 14, 2023 03:18:02.945 [140614206118656] INFO - Linux version: 6.6.0, language: en-US
Nov 14, 2023 03:18:02.945 [140614206118656] INFO - Processor: 32-core AMD Ryzen 9 5950X 16-Core Processor            
Nov 14, 2023 03:18:02.945 [140614206118656] INFO - /usr/lib/plexmediaserver/Plex Media Scanner --analyze-deeply --item 3 --log-file-suffix  Deep Analysis
Nov 14, 2023 03:18:02.945 [140614206622528] DEBUG - Opening 20 database sessions to library (com.plexapp.plugins.library), SQLite 3.39.4, threadsafe=1
Nov 14, 2023 03:18:02.998 [140614206622528] DEBUG - [MI] Opening input file: "/movies/Tears Of Steel {tvdb-37711} {imdb-tt2285752}.mkv"
Nov 14, 2023 03:18:02.998 [140614206622528] DEBUG - [FFMPEG] - Opening '/movies/Tears Of Steel {tvdb-37711} {imdb-tt2285752}.mkv' for reading
Nov 14, 2023 03:18:02.998 [140614206622528] DEBUG - [FFMPEG] - Setting default whitelist 'file,crypto,data'
Nov 14, 2023 03:18:02.998 [140614206622528] DEBUG - [FFMPEG] - Format matroska,webm probed with size=2048 and score=100
Nov 14, 2023 03:18:02.998 [140614206622528] DEBUG - [FFMPEG] - st:0 removing common factor 1000000 from timebase
Nov 14, 2023 03:18:02.998 [140614206622528] DEBUG - [FFMPEG] - Before avformat_find_stream_info() pos: 3188 bytes read:32768 seeks:0 nb_streams:1
Nov 14, 2023 03:18:02.998 [140614206622528] DEBUG - [FFMPEG] - nal_unit_type: 32(VPS), nuh_layer_id: 0, temporal_id: 0
Nov 14, 2023 03:18:02.998 [140614206622528] DEBUG - [FFMPEG] - Decoding VPS
Nov 14, 2023 03:18:02.998 [140614206622528] DEBUG - [FFMPEG] - Main profile bitstream
Nov 14, 2023 03:18:02.998 [140614206622528] DEBUG - [FFMPEG] - nal_unit_type: 33(SPS), nuh_layer_id: 0, temporal_id: 0
Nov 14, 2023 03:18:02.998 [140614206622528] DEBUG - [FFMPEG] - Decoding SPS
Nov 14, 2023 03:18:02.998 [140614206622528] DEBUG - [FFMPEG] - Main profile bitstream
Nov 14, 2023 03:18:02.998 [140614206622528] DEBUG - [FFMPEG] - Decoding VUI
Nov 14, 2023 03:18:02.998 [140614206622528] DEBUG - [FFMPEG] - nal_unit_type: 34(PPS), nuh_layer_id: 0, temporal_id: 0
Nov 14, 2023 03:18:02.998 [140614206622528] DEBUG - [FFMPEG] - Decoding PPS
Nov 14, 2023 03:18:02.998 [140614206622528] DEBUG - [FFMPEG] - nal_unit_type: 39(SEI_PREFIX), nuh_layer_id: 0, temporal_id: 0
Nov 14, 2023 03:18:02.998 [140614206622528] DEBUG - [FFMPEG] - Decoding SEI
Nov 14, 2023 03:18:02.998 [140614206622528] DEBUG - [FFMPEG] - All info found
Nov 14, 2023 03:18:02.998 [140614206622528] DEBUG - [FFMPEG] - After avformat_find_stream_info() pos: 3302 bytes read:32768 seeks:0 frames:3
Nov 14, 2023 03:18:03.005 [140614206622528] DEBUG - Deep Analysis: Read 10000 packets at 416.542000
Nov 14, 2023 03:18:03.011 [140614206622528] DEBUG - Deep Analysis: Sorting packets
Nov 14, 2023 03:18:03.011 [140614206622528] DEBUG - Deep Analysis: Performing file bitrate analysis
Nov 14, 2023 03:18:03.011 [140614206622528] DEBUG - Deep Analysis: Performing stream bitrate analysis on stream 0
Nov 14, 2023 03:18:03.012 [140614206622528] DEBUG - Deep Analysis: Saving GoP analysis for stream 0
Nov 14, 2023 03:18:03.012 [140614206622528] DEBUG - Deep Analysis: Saving bitrate analysis
Nov 14, 2023 03:18:03.012 [140614206622528] DEBUG - Updating part with ID=3 [/movies/Tears Of Steel {tvdb-37711} {imdb-tt2285752}.mkv]
Nov 14, 2023 03:18:03.012 [140614206622528] DEBUG - [MI] Closing input file: "/movies/Tears Of Steel {tvdb-37711} {imdb-tt2285752}.mkv"
Nov 14, 2023 03:18:03.012 [140614206622528] DEBUG - Updating media item 3, size=1084839, metadata_item_id=3
Nov 14, 2023 03:18:03.012 [140614206622528] DEBUG - Updating part with ID=3 [/movies/Tears Of Steel {tvdb-37711} {imdb-tt2285752}.mkv]
