May 17, 2026 00:57:16.189 [140093839747896] INFO - Plex Media Server v1.43.1.10611-1e34174b1 - Docker Docker Container (LinuxServer.io) x86_64 - build: linux-x86_64 debian - GMT 00:00
May 17, 2026 00:57:16.189 [140093839747896] INFO - Linux version: 6.17.0-1013-azure, language: en-US
May 17, 2026 00:57:16.189 [140093839747896] INFO - Processor: 4-core AMD EPYC 9V74 80-Core Processor
May 17, 2026 00:57:16.189 [140093839747896] INFO - Compiler is - Clang 11.0.1 (https://plex.tv 9b997da8e5b47bdb4a9425b3a3b290be393b4b1f)
May 17, 2026 00:57:16.189 [140093839747896] INFO - /usr/lib/plexmediaserver/Plex Media Server
May 17, 2026 00:57:16.189 [140093842291344] DEBUG - BPQ: [Idle] -> [Starting]
May 17, 2026 00:57:16.189 [140093842291344] DEBUG - FeatureManager: Using cached data for features list
May 17, 2026 00:57:16.193 [140093842291344] DEBUG - MyPlex: mapping state set to 'Unknown'.
May 17, 2026 00:57:16.193 [140093842291344] DEBUG - Relay: read 10 cached entries from hosts file
May 17, 2026 00:57:16.194 [140093842291344] DEBUG - Opening 20 database sessions to library (com.plexapp.plugins.library), SQLite 3.39.4, threadsafe=1
May 17, 2026 00:57:16.227 [140093842291344] DEBUG - MyPlex: using cached data for request for https://plex.tv/api/v2/server/users/features?filterFeatures[]=b83c8dc9-5a01-4b7a-a7c9-5870c8a6e21b&filterFeatures[]=926bc176-58ca-47da-b8e3-080ed14ea6ba&filterFeatures[]=ea791163-c28d-4b7c-af88-bcc9553b206d&filterFeatures[]=6ab6677b-ad9b-444f-9ca1-b8027d05b3e1&filterFeatures[]=56cd352b-0d47-436d-aced-f20db3508de5
May 17, 2026 00:57:16.258 [140093842291344] DEBUG - [CERT] Subject name is /CN=*.b1eb00e890d84884bd38f2ea180d2679.plex.direct
May 17, 2026 00:57:16.258 [140093842291344] DEBUG - [CERT] Installed certificate with fingerprint f5:13:6c:e0:05:75:7d:d4:a4:d5:77:b7:43:61:d5:cd:a8:1e:5e:9d.
May 17, 2026 00:57:16.258 [140093842291344] DEBUG - [CERT/OCSP] no URL available
May 17, 2026 00:57:16.258 [140093842291344] WARN - [CERT/OCSP] getCertInfo failed; skipping stapling
May 17, 2026 00:57:16.258 [140093842291344] DEBUG - HttpServer: Listening on IPv6 as well as IPv4.
May 17, 2026 00:57:16.258 [140093842291344] DEBUG - HttpServer: Listening on port 32400.
May 17, 2026 00:57:16.258 [140093842291344] DEBUG - HttpServer: Listening on port 32401.
May 17, 2026 00:57:16.259 [140093842291344] DEBUG - Running server...
May 17, 2026 00:57:16.259 [140093821729592] DEBUG - HttpServer: Set up a thread pool with 2 threads.
May 17, 2026 00:57:16.259 [140093842291344] INFO - Running migrations. (EPG 0)
May 17, 2026 00:57:16.260 [140093842291344] DEBUG - Captured session 0.
May 17, 2026 00:57:16.260 [140093842291344] DEBUG - Captured session 1.
May 17, 2026 00:57:16.260 [140093842291344] DEBUG - Captured session 2.
May 17, 2026 00:57:16.260 [140093842291344] DEBUG - Captured session 3.
May 17, 2026 00:57:16.260 [140093842291344] DEBUG - Captured session 4.
May 17, 2026 00:57:16.260 [140093842291344] DEBUG - Captured session 5.
May 17, 2026 00:57:16.260 [140093842291344] DEBUG - Captured session 6.
May 17, 2026 00:57:16.260 [140093842291344] DEBUG - Captured session 7.
May 17, 2026 00:57:16.260 [140093842291344] DEBUG - Captured session 8.
May 17, 2026 00:57:16.260 [140093842291344] DEBUG - Captured session 9.
May 17, 2026 00:57:16.260 [140093842291344] DEBUG - Captured session 10.
May 17, 2026 00:57:16.260 [140093842291344] DEBUG - Captured session 11.
May 17, 2026 00:57:16.260 [140093842291344] DEBUG - Captured session 12.
May 17, 2026 00:57:16.260 [140093842291344] DEBUG - Captured session 13.
May 17, 2026 00:57:16.260 [140093842291344] DEBUG - Captured session 14.
May 17, 2026 00:57:16.260 [140093842291344] DEBUG - Captured session 15.
May 17, 2026 00:57:16.260 [140093842291344] DEBUG - Captured session 16.
May 17, 2026 00:57:16.260 [140093842291344] DEBUG - Captured session 17.
May 17, 2026 00:57:16.260 [140093842291344] DEBUG - Captured session 18.
May 17, 2026 00:57:16.260 [140093842291344] DEBUG - Captured session 19.
May 17, 2026 00:57:16.264 [140093842291344] DEBUG - ChangestampAllocator: initialized to 964
May 17, 2026 00:57:16.264 [140093842291344] DEBUG - Opening 2 database sessions to library (com.plexapp.plugins.library.blobs), SQLite 3.39.4, threadsafe=1
May 17, 2026 00:57:16.269 [140093842291344] INFO - Running migrations. (EPG 0)
May 17, 2026 00:57:16.269 [140093842291344] DEBUG - Captured session 0.
May 17, 2026 00:57:16.269 [140093842291344] DEBUG - Captured session 1.
May 17, 2026 00:57:16.290 [140093834992440] DEBUG - Grabber: Cleaning up orphaned grabs.
May 17, 2026 00:57:16.290 [140093834992440] DEBUG - Grabber: Cleaned up 0 decrepit directories in 0.0 sec.
May 17, 2026 00:57:16.291 [140093842291344] DEBUG - Media Provider: Registering provider com.plexapp.plugins.library
May 17, 2026 00:57:16.291 [140093842291344] DEBUG - Auth: Refreshing tokens inside the token-based authentication filter.
May 17, 2026 00:57:16.291 [140093842291344] DEBUG - MyPlex: using cached data for request for https://plex.tv/api/v2/server/access_tokens?auth_token=xxxxxxxxxxxxxxxxxxxx
May 17, 2026 00:57:16.292 [140093842291344] DEBUG - MyPlex: updating with 1 access tokens
May 17, 2026 00:57:16.292 [140093842291344] DEBUG - MyPlex: using cached data for request for https://plex.tv/api/v2/server/users?auth_token=xxxxxxxxxxxxxxxxxxxx
May 17, 2026 00:57:16.292 [140093842291344] DEBUG - MyPlex: using cached data for request for https://plex.tv/api/v2/server/users/subscriptions?auth_token=xxxxxxxxxxxxxxxxxxxx
May 17, 2026 00:57:16.292 [140093842291344] DEBUG - MyPlex: using cached data for request for https://plex.tv/api/v2/server/users/services?auth_token=xxxxxxxxxxxxxxxxxxxx
May 17, 2026 00:57:16.293 [140093834992440] DEBUG - Auth: Refreshing tokens inside the token-based authentication filter.
May 17, 2026 00:57:16.293 [140093834992440] DEBUG - [HCl#1] HTTP requesting GET https://plex.tv/api/v2/server/access_tokens?auth_token=xxxxxxxxxxxxxxxxxxxx
May 17, 2026 00:57:16.293 [140093842291344] DEBUG - Opening 1 database sessions to library (), SQLite 3.39.4, threadsafe=1
May 17, 2026 00:57:16.298 [140093770165048] DEBUG - File "/usr/lib/plexmediaserver/Resources/Plug-ins-1e34174b1" changed: -1 => 2026-05-11 12:23:19 (1778502199).
May 17, 2026 00:57:16.298 [140093770165048] WARN - Warning: ex: boost::filesystem::last_write_time: No such file or directory [system:2]: "/config/Library/Application Support/Plex Media Server/Plug-ins", couldn't check file: "/config/Library/Application Support/Plex Media Server/Plug-ins"
May 17, 2026 00:57:16.298 [140093770165048] DEBUG - Scanning for plug-ins in "/usr/lib/plexmediaserver/Resources/Plug-ins-1e34174b1"
May 17, 2026 00:57:16.301 [140093770165048] DEBUG - Scanning for plug-ins in "/config/Library/Application Support/Plex Media Server/Plug-ins"
May 17, 2026 00:57:16.301 [140093770165048] DEBUG - PluginRepository::setStartState: 1, startingSystem
May 17, 2026 00:57:16.301 [140093770165048] DEBUG - Starting plug-in /usr/lib/plexmediaserver/Resources/Plug-ins-1e34174b1/System.bundle.
May 17, 2026 00:57:16.302 [140093770165048] DEBUG - [com.plexapp.system] Setting plug-in to always running (daemon mode).
May 17, 2026 00:57:16.303 [140093770165048] DEBUG - Starting file watcher for com.plexapp.system
May 17, 2026 00:57:16.303 [140093770165048] DEBUG - Plugin: setting environment variable: 'PYTHONHOME=/usr/lib/plexmediaserver/Resources/Python'
May 17, 2026 00:57:16.303 [140093770165048] DEBUG - Plugin: setting environment variable: 'PYTHONPATH=/usr/lib/plexmediaserver/Resources/Python/python27.zip:/usr/lib/plexmediaserver/Resources/Python/lib/python2.7/site-packages'
May 17, 2026 00:57:16.304 [140093770165048] DEBUG - Spawned plug-in com.plexapp.system with PID 247
May 17, 2026 00:57:16.304 [140093770165048] DEBUG - [com.plexapp.system] Sending command: GET /:/prefixes
May 17, 2026 00:57:16.409 [140093774383928] DEBUG - [HttpClient/HCl#1] HTTP/1.1 (0.1s) 200 response from GET https://plex.tv/api/v2/server/access_tokens?auth_token=xxxxxxxxxxxxxxxxxxxx
May 17, 2026 00:57:16.410 [140093834992440] DEBUG - MyPlex: updating with 2 access tokens
May 17, 2026 00:57:16.410 [140093834992440] DEBUG - [HCl#2] HTTP requesting GET https://plex.tv/api/v2/server/users?auth_token=xxxxxxxxxxxxxxxxxxxx
May 17, 2026 00:57:16.435 [140093774383928] DEBUG - [HttpClient/HCl#2] HTTP/1.1 (0.0s) 200 response from GET https://plex.tv/api/v2/server/users?auth_token=xxxxxxxxxxxxxxxxxxxx (reused)
May 17, 2026 00:57:16.435 [140093772274488] DEBUG - [HCl#3] HTTP requesting GET https://plex.tv/api/v2/server/users/subscriptions?auth_token=xxxxxxxxxxxxxxxxxxxx
May 17, 2026 00:57:16.464 [140093774383928] DEBUG - [HttpClient/HCl#3] HTTP/1.1 (0.0s) 200 response from GET https://plex.tv/api/v2/server/users/subscriptions?auth_token=xxxxxxxxxxxxxxxxxxxx (reused)
May 17, 2026 00:57:16.465 [140093772274488] DEBUG - MyPlex: using cached data for request for https://plex.tv/api/v2/server/users/services?auth_token=xxxxxxxxxxxxxxxxxxxx
May 17, 2026 00:57:17.186 [140093825043256] DEBUG - Request: didn't get any data from [::1]:53240: End of file
May 17, 2026 00:57:17.239 [140093763836728] DEBUG - Request: [127.0.0.1:36200 (Loopback)] GET /:/plugins/com.plexapp.system/messaging/function/X0J1bmRsZVNlcnZpY2U6QWxsU2VydmljZXM_/Y2VyZWFsMQoxCmxpc3QKMApyMAo_/Y2VyZWFsMQoxCmRpY3QKMApyMAo_ (4 live) #3 GZIP Token ()
May 17, 2026 00:57:17.240 [140093761727288] DEBUG - Request: [127.0.0.1:36216 (Loopback)] GET / (4 live) #4 GZIP Token ()
May 17, 2026 00:57:17.240 [140093827152696] DEBUG - Completed: [127.0.0.1:36216] 503 GET / (4 live) #4 GZIP 0ms 436 bytes
May 17, 2026 00:57:17.240 [140093825043256] DEBUG - Completed: [127.0.0.1:36200] 503 GET /:/plugins/com.plexapp.system/messaging/function/X0J1bmRsZVNlcnZpY2U6QWxsU2VydmljZXM_/Y2VyZWFsMQoxCmxpc3QKMApyMAo_/Y2VyZWFsMQoxCmRpY3QKMApyMAo_ (3 live) #3 GZIP 1ms 436 bytes
May 17, 2026 00:57:17.967 [140093763836728] DEBUG - Request: [127.0.0.1:36220 (Loopback)] GET /servers (3 live) #5 GZIP Token ()
May 17, 2026 00:57:17.968 [140093827152696] DEBUG - Completed: [127.0.0.1:36220] 503 GET /servers (3 live) #5 GZIP 0ms 436 bytes
May 17, 2026 00:57:18.004 [140093770165048] DEBUG - Reading 486 bytes in the body, code is 200
May 17, 2026 00:57:18.004 [140093770165048] DEBUG - [com.plexapp.system] Plug-in running on port 42547.
May 17, 2026 00:57:18.004 [140093770165048] DEBUG -  * Plug-in handles prefix: /system
May 17, 2026 00:57:18.004 [140093770165048] DEBUG -  * Plug-in handles prefix: /player
May 17, 2026 00:57:18.004 [140093770165048] DEBUG - Read configuration for [com.plexapp.system], had 2 prefixes
May 17, 2026 00:57:18.004 [140093770165048] DEBUG - Done with 1 synchronous plug-in starts, starting the rest in parallel.
May 17, 2026 00:57:18.004 [140093770165048] DEBUG - PluginRepository::setStartState: 2, startingPlugins
May 17, 2026 00:57:18.004 [140093770165048] DEBUG - Updating the list of agents known by the system.
May 17, 2026 00:57:18.004 [140093770165048] DEBUG - [com.plexapp.system] Sending command over HTTP (GET): /system/agents
May 17, 2026 00:57:18.004 [140093770165048] DEBUG - [HCl#4] HTTP requesting GET http://127.0.0.1:42547/system/agents
May 17, 2026 00:57:18.005 [140093842291344] DEBUG - Image transcode cache directory: "/config/Library/Application Support/Plex Media Server/Cache/PhotoTranscoder"
May 17, 2026 00:57:18.005 [140093842291344] DEBUG - Transcoder: Cleaning old transcode directories.
May 17, 2026 00:57:18.006 [140093842291344] DEBUG - MyPlex: using cached data for request for https://plex.tv/api/v2/server/access_tokens?auth_token=xxxxxxxxxxxxxxxxxxxx
May 17, 2026 00:57:18.006 [140093842291344] DEBUG - MyPlex: updating with 2 access tokens
May 17, 2026 00:57:18.006 [140093842291344] DEBUG - MyPlex: using cached data for request for https://plex.tv/api/v2/server/users?auth_token=xxxxxxxxxxxxxxxxxxxx
May 17, 2026 00:57:18.006 [140093842291344] DEBUG - MyPlex: using cached data for request for https://plex.tv/api/v2/server/users/subscriptions?auth_token=xxxxxxxxxxxxxxxxxxxx
May 17, 2026 00:57:18.007 [140093842291344] DEBUG - MyPlex: using cached data for request for https://plex.tv/api/v2/server/users/services?auth_token=xxxxxxxxxxxxxxxxxxxx
May 17, 2026 00:57:18.007 [140093842291344] DEBUG - MyPlex: using cached data for request for https://plex.tv/api/v2/user?includeSubscriptions=1&includeProviders=1
May 17, 2026 00:57:18.013 [140093842291344] DEBUG - MyPlex: username is jellyplex_watched, login is jellyplex-watched@luigi311.com, home is 0, no pin
May 17, 2026 00:57:18.014 [140093842291344] DEBUG - MyPlex: start public ip check and mapping - current mapped state: 'Unknown'.
May 17, 2026 00:57:18.014 [140093842291344] DEBUG - MyPlex: mapping state set to 'Not Mapped'.
May 17, 2026 00:57:18.014 [140093842291344] DEBUG - PublicAddressManager: Starting.
May 17, 2026 00:57:18.014 [140093842291344] DEBUG - PublicAddressManager: Obtaining public address and mapping port.
May 17, 2026 00:57:18.014 [140093757508408] DEBUG - [HCl#5] HTTP requesting GET https://plex.tv/api/v2/user?includeSubscriptions=1&includeProviders=1
May 17, 2026 00:57:18.014 [140093834992440] DEBUG - PublicAddressManager: Obtaining public IP.
May 17, 2026 00:57:18.014 [140093765946168] DEBUG - NAT: UPnP, attempting port mapping.
May 17, 2026 00:57:18.015 [140093842291344] DEBUG - NetworkInterface: Starting watch thread.
May 17, 2026 00:57:18.015 [140093842291344] DEBUG - Network change.
May 17, 2026 00:57:18.015 [140093842291344] DEBUG - NetworkInterface: Notified of network changed (force=0)
May 17, 2026 00:57:18.015 [140093755398968] DEBUG - NetworkInterface: Watching for changes on the interfaces.
May 17, 2026 00:57:18.016 [140093842291344] DEBUG - Detected primary interface: 172.17.0.2
May 17, 2026 00:57:18.016 [140093842291344] DEBUG - Network interfaces:
May 17, 2026 00:57:18.016 [140093842291344] DEBUG -  * 1 lo (127.0.0.1) (00-00-00-00-00-00) (loopback: 1)
May 17, 2026 00:57:18.016 [140093842291344] DEBUG -  * 2 eth0 (172.17.0.2) (C2-2D-8C-3A-B9-94) (loopback: 0)
May 17, 2026 00:57:18.016 [140093842291344] DEBUG -  * 1 lo (::1) (00-00-00-00-00-00) (loopback: 1)
May 17, 2026 00:57:18.016 [140093842291344] DEBUG - Creating NetworkServices singleton.
May 17, 2026 00:57:18.016 [140093842291344] DEBUG - NetworkServices: Initializing...
May 17, 2026 00:57:18.016 [140093842291344] DEBUG - NetworkService: Creating new service.
May 17, 2026 00:57:18.016 [140093842291344] DEBUG - NetworkService: Got notification of changed network (first change: 1)
May 17, 2026 00:57:18.016 [140093842291344] DEBUG - NetworkService: Quick dispatch of network change.
May 17, 2026 00:57:18.016 [140093842291344] DEBUG - NetworkService: Creating new service.
May 17, 2026 00:57:18.016 [140093842291344] DEBUG - NetworkService: Got notification of changed network (first change: 1)
May 17, 2026 00:57:18.016 [140093842291344] DEBUG - NetworkService: Quick dispatch of network change.
May 17, 2026 00:57:18.016 [140093842291344] DEBUG - NetworkService: Creating new service.
May 17, 2026 00:57:18.016 [140093842291344] DEBUG - NetworkService: Got notification of changed network (first change: 1)
May 17, 2026 00:57:18.016 [140093842291344] DEBUG - NetworkService: Quick dispatch of network change.
May 17, 2026 00:57:18.016 [140093842291344] DEBUG - NetworkService: Creating new service.
May 17, 2026 00:57:18.016 [140093842291344] DEBUG - NetworkService: Got notification of changed network (first change: 1)
May 17, 2026 00:57:18.016 [140093842291344] DEBUG - NetworkService: Quick dispatch of network change.
May 17, 2026 00:57:18.016 [140093842291344] DEBUG - NetworkService: Creating new service.
May 17, 2026 00:57:18.016 [140093842291344] DEBUG - NetworkService: Got notification of changed network (first change: 1)
May 17, 2026 00:57:18.016 [140093842291344] DEBUG - NetworkService: Quick dispatch of network change.
May 17, 2026 00:57:18.016 [140093753289528] DEBUG - Network change for advertiser.
May 17, 2026 00:57:18.016 [140093753289528] DEBUG - NetworkService: Setting up multicast listener on 0.0.0.0:32414
May 17, 2026 00:57:18.016 [140093834992440] DEBUG - [HCl#6] HTTP requesting GET https://v4.plex.tv/pms/:/ip
May 17, 2026 00:57:18.016 [140093753289528] DEBUG - Network change for advertiser.
May 17, 2026 00:57:18.016 [140093753289528] DEBUG - NetworkService: Setting up multicast listener on 0.0.0.0:32410
May 17, 2026 00:57:18.017 [140093753289528] DEBUG - Network change for advertiser.
May 17, 2026 00:57:18.017 [140093753289528] DEBUG - NetworkService: Setting up multicast listener on 0.0.0.0:32412
May 17, 2026 00:57:18.017 [140093753289528] DEBUG - NetworkService: Network change for browser (polled=0), closing 0 browse sockets.
May 17, 2026 00:57:18.017 [140093753289528] DEBUG - NetworkService: Setting up multicast listener on 0.0.0.0:32413
May 17, 2026 00:57:18.017 [140093753289528] DEBUG - NetworkService: Browsing on interface 127.0.0.1 on broadcast address 127.255.255.255 (index: 0)
May 17, 2026 00:57:18.017 [140093753289528] DEBUG - NetworkService: Browsing on interface 172.17.0.2 on broadcast address 172.17.255.255 (index: 1)
May 17, 2026 00:57:18.017 [140093753289528] DEBUG - NetworkService: Network change for browser (polled=1), closing 0 browse sockets.
May 17, 2026 00:57:18.017 [140093753289528] DEBUG - NetworkService: Browsing on interface 127.0.0.1 on broadcast address 127.255.255.255 (index: 0)
May 17, 2026 00:57:18.017 [140093753289528] DEBUG - NetworkService: Browsing on interface 172.17.0.2 on broadcast address 172.17.255.255 (index: 1)
May 17, 2026 00:57:18.017 [140093842291344] DEBUG - NetworkService: Creating new service.
May 17, 2026 00:57:18.017 [140093842291344] DEBUG - NetworkService: Got notification of changed network (first change: 1)
May 17, 2026 00:57:18.017 [140093842291344] DEBUG - NetworkService: Quick dispatch of network change.
May 17, 2026 00:57:18.017 [140093753289528] DEBUG - NetworkService: Network change for browser (polled=0), closing 0 browse sockets.
May 17, 2026 00:57:18.017 [140093753289528] DEBUG - NetworkService: Setting up multicast listener on 0.0.0.0:1901
May 17, 2026 00:57:18.017 [140093753289528] DEBUG - NetworkService: Browsing on interface 172.17.0.2 on broadcast address 239.255.255.250 (index: 0)
May 17, 2026 00:57:18.019 [140093751180088] DEBUG - [HCl#7] HTTP requesting GET https://plex.tv/api/v2/release_channels?X-Plex-Token=xxxxxxxxxxxxxxxxxxxx
May 17, 2026 00:57:18.019 [140093744851768] DEBUG - [ChildProcessMonitor] Plex Tuner Service starting.
May 17, 2026 00:57:18.019 [140093749070648] DEBUG - [DatabaseFixups] Running fix-ups.
May 17, 2026 00:57:18.019 [140093749070648] DEBUG - [DatabaseFixups/31DatabaseFixupsCleanupRetroGames] Executing fixup
May 17, 2026 00:57:18.019 [140093749070648] DEBUG - [DatabaseFixups/31DatabaseFixupsCleanupRetroGames] Fixup completed
May 17, 2026 00:57:18.019 [140093749070648] DEBUG - [DatabaseFixups/39DatabaseFixupsEnsureLibrarySectionUuids] Executing fixup
May 17, 2026 00:57:18.020 [140093749070648] DEBUG - [DatabaseFixups/39DatabaseFixupsEnsureLibrarySectionUuids] Fixup completed
May 17, 2026 00:57:18.020 [140093749070648] DEBUG - [DatabaseFixups/38DatabaseFixupsEnsureMetadataItemHashes] Executing fixup
May 17, 2026 00:57:18.020 [140093749070648] DEBUG - [DatabaseFixups/38DatabaseFixupsEnsureMetadataItemHashes] Fixup completed
May 17, 2026 00:57:18.020 [140093749070648] DEBUG - [DatabaseFixups/39DatabaseFixupsSetDefaultAccountLanguage] Executing fixup
May 17, 2026 00:57:18.020 [140093749070648] DEBUG - [DatabaseFixups/39DatabaseFixupsSetDefaultAccountLanguage] Fixup completed
May 17, 2026 00:57:18.020 [140093749070648] DEBUG - [DatabaseFixups/52DatabaseFixupsCreateDefaultMediaProcessingTargetTags] Executing fixup
May 17, 2026 00:57:18.020 [140093749070648] DEBUG - [DatabaseFixups/52DatabaseFixupsCreateDefaultMediaProcessingTargetTags] Fixup completed
May 17, 2026 00:57:18.020 [140093749070648] DEBUG - [DatabaseFixups/43DatabaseFixupsUpdateAutomaticLibraryFolders] Executing fixup
May 17, 2026 00:57:18.020 [140093749070648] DEBUG - [DatabaseFixups/43DatabaseFixupsUpdateAutomaticLibraryFolders] Fixup completed
May 17, 2026 00:57:18.020 [140093749070648] DEBUG - [DatabaseFixups/29DatabaseFixupsSyncCollections] Executing fixup
May 17, 2026 00:57:18.021 [140093749070648] DEBUG - [DatabaseFixups/29DatabaseFixupsSyncCollections] Collections: Found 0 collections tags in section 1.
May 17, 2026 00:57:18.021 [140093749070648] DEBUG - [DatabaseFixups/29DatabaseFixupsSyncCollections] Collections: We had 0 collections in the library already.
May 17, 2026 00:57:18.021 [140093749070648] DEBUG - [DatabaseFixups/29DatabaseFixupsSyncCollections] Collections: Synced tags in section 1 in 0ms.
May 17, 2026 00:57:18.022 [140093744851768] DEBUG - [ChildProcessMonitor/JobRunner] Job running: "/usr/lib/plexmediaserver/Plex Tuner Service" /usr/lib/plexmediaserver/Resources/Tuner/Private /usr/lib/plexmediaserver/Resources/Tuner/Shared 1.43.1.10611-1e34174b1 32600
May 17, 2026 00:57:18.022 [140093842291344] DEBUG - Waiting for server condition to be signaled.
May 17, 2026 00:57:18.022 [140093740632888] DEBUG - [HCl#8] HTTP requesting GET https://plex.tv/api/v2/user/privacy?X-Plex-Token=xxxxxxxxxxxxxxxxxxxx
May 17, 2026 00:57:18.023 [140093736414008] DEBUG - [HCl#9] HTTP requesting GET https://plex.tv/api/v2/features?X-Plex-Token=xxxxxxxxxxxxxxxxxxxx
May 17, 2026 00:57:18.023 [140093732195128] DEBUG - DVR: Starting up.
May 17, 2026 00:57:18.024 [140093732195128] DEBUG - Activity: registered new activity 23ed9afb-aadc-4927-b41c-fe59c9299f4c - "Processing subscriptions"
May 17, 2026 00:57:18.024 [140093744851768] DEBUG - [ChildProcessMonitor/JobRunner] Jobs: Starting child process with pid 317
May 17, 2026 00:57:18.025 [140093749070648] DEBUG - [DatabaseFixups/29DatabaseFixupsSyncCollections] Collections: Refreshed attributes for 0 collections in section 1 in 4ms.
May 17, 2026 00:57:18.026 [140093749070648] DEBUG - [DatabaseFixups/29DatabaseFixupsSyncCollections] Collection: Refreshed visibility in section 1 in 0ms.
May 17, 2026 00:57:18.026 [140093749070648] DEBUG - [DatabaseFixups/29DatabaseFixupsSyncCollections] Collections: Found 0 collections tags in section 3.
May 17, 2026 00:57:18.026 [140093749070648] DEBUG - [DatabaseFixups/29DatabaseFixupsSyncCollections] Collections: We had 0 collections in the library already.
May 17, 2026 00:57:18.026 [140093749070648] DEBUG - [DatabaseFixups/29DatabaseFixupsSyncCollections] Collections: Synced tags in section 3 in 0ms.
May 17, 2026 00:57:18.026 [140093749070648] DEBUG - [DatabaseFixups/29DatabaseFixupsSyncCollections] Collections: Found 0 collections tags in section 3.
May 17, 2026 00:57:18.026 [140093749070648] DEBUG - [DatabaseFixups/29DatabaseFixupsSyncCollections] Collections: We had 0 collections in the library already.
May 17, 2026 00:57:18.026 [140093749070648] DEBUG - [DatabaseFixups/29DatabaseFixupsSyncCollections] Collections: Synced tags in section 3 in 0ms.
May 17, 2026 00:57:18.026 [140093749070648] DEBUG - [DatabaseFixups/29DatabaseFixupsSyncCollections] Collections: Found 0 collections tags in section 3.
May 17, 2026 00:57:18.027 [140093749070648] DEBUG - [DatabaseFixups/29DatabaseFixupsSyncCollections] Collections: We had 0 collections in the library already.
May 17, 2026 00:57:18.027 [140093749070648] DEBUG - [DatabaseFixups/29DatabaseFixupsSyncCollections] Collections: Synced tags in section 3 in 0ms.
May 17, 2026 00:57:18.031 [140093749070648] DEBUG - [DatabaseFixups/29DatabaseFixupsSyncCollections] Collections: Refreshed attributes for 0 collections in section 3 in 3ms.
May 17, 2026 00:57:18.031 [140093749070648] DEBUG - [DatabaseFixups/29DatabaseFixupsSyncCollections] Collection: Refreshed visibility in section 3 in 0ms.
May 17, 2026 00:57:18.031 [140093749070648] DEBUG - [DatabaseFixups/29DatabaseFixupsSyncCollections] Collections: Found 0 collections tags in section 4.
May 17, 2026 00:57:18.031 [140093749070648] DEBUG - [DatabaseFixups/29DatabaseFixupsSyncCollections] Collections: We had 0 collections in the library already.
May 17, 2026 00:57:18.034 [140093749070648] DEBUG - [DatabaseFixups/29DatabaseFixupsSyncCollections] Collections: Synced tags in section 4 in 0ms.
May 17, 2026 00:57:18.036 [140093749070648] DEBUG - [DatabaseFixups/29DatabaseFixupsSyncCollections] Collections: Refreshed attributes for 0 collections in section 4 in 1ms.
May 17, 2026 00:57:18.038 [140093749070648] DEBUG - [DatabaseFixups/29DatabaseFixupsSyncCollections] Collection: Refreshed visibility in section 4 in 0ms.
May 17, 2026 00:57:18.038 [140093749070648] DEBUG - [DatabaseFixups/29DatabaseFixupsSyncCollections] Collections: Found 0 collections tags in section 5.
May 17, 2026 00:57:18.038 [140093749070648] DEBUG - [DatabaseFixups/29DatabaseFixupsSyncCollections] Collections: We had 0 collections in the library already.
May 17, 2026 00:57:18.038 [140093749070648] DEBUG - [DatabaseFixups/29DatabaseFixupsSyncCollections] Collections: Synced tags in section 5 in 0ms.
May 17, 2026 00:57:18.038 [140093749070648] DEBUG - [DatabaseFixups/29DatabaseFixupsSyncCollections] Collections: Found 0 collections tags in section 5.
May 17, 2026 00:57:18.039 [140093749070648] DEBUG - [DatabaseFixups/29DatabaseFixupsSyncCollections] Collections: We had 0 collections in the library already.
May 17, 2026 00:57:18.039 [140093749070648] DEBUG - [DatabaseFixups/29DatabaseFixupsSyncCollections] Collections: Synced tags in section 5 in 1ms.
May 17, 2026 00:57:18.039 [140093749070648] DEBUG - [DatabaseFixups/29DatabaseFixupsSyncCollections] Collections: Found 0 collections tags in section 5.
May 17, 2026 00:57:18.040 [140093749070648] DEBUG - [DatabaseFixups/29DatabaseFixupsSyncCollections] Collections: We had 0 collections in the library already.
May 17, 2026 00:57:18.040 [140093749070648] DEBUG - [DatabaseFixups/29DatabaseFixupsSyncCollections] Collections: Synced tags in section 5 in 1ms.
May 17, 2026 00:57:18.044 [140093749070648] DEBUG - [DatabaseFixups/29DatabaseFixupsSyncCollections] Collections: Refreshed attributes for 0 collections in section 5 in 4ms.
May 17, 2026 00:57:18.045 [140093749070648] DEBUG - [DatabaseFixups/29DatabaseFixupsSyncCollections] Collection: Refreshed visibility in section 5 in 0ms.
May 17, 2026 00:57:18.045 [140093749070648] DEBUG - [DatabaseFixups/29DatabaseFixupsSyncCollections] Fixup completed
May 17, 2026 00:57:18.045 [140093749070648] DEBUG - [DatabaseFixups/31DatabaseFixupsCleanupActivities] Executing fixup
May 17, 2026 00:57:18.045 [140093749070648] DEBUG - [DatabaseFixups/31DatabaseFixupsCleanupActivities] Fixup completed
May 17, 2026 00:57:18.045 [140093749070648] DEBUG - [DatabaseFixups/35DatabaseFixupsConsolidatePeopleTags] Executing fixup
May 17, 2026 00:57:18.046 [140093749070648] DEBUG - [DatabaseFixups/35DatabaseFixupsConsolidatePeopleTags] Fixup completed
May 17, 2026 00:57:18.046 [140093749070648] DEBUG - [DatabaseFixups/54DatabaseFixupsGarbageCollectTransientMetadataRelations] Executing fixup
May 17, 2026 00:57:18.046 [140093749070648] DEBUG - [DatabaseFixups/54DatabaseFixupsGarbageCollectTransientMetadataRelations] Fixup completed
May 17, 2026 00:57:18.046 [140093749070648] DEBUG - [DatabaseFixups/48DatabaseFixupsResetCorruptedMetadataItemClusters] Executing fixup
May 17, 2026 00:57:18.046 [140093749070648] DEBUG - [DatabaseFixups/48DatabaseFixupsResetCorruptedMetadataItemClusters] Fixup completed
May 17, 2026 00:57:18.046 [140093749070648] DEBUG - [DatabaseFixups] Running database fix-ups completed in 0.0 seconds.
May 17, 2026 00:57:18.115 [140093774383928] DEBUG - [HttpClient/HCl#4] HTTP/1.1 (0.1s) 200 response from GET http://127.0.0.1:42547/system/agents
May 17, 2026 00:57:18.115 [140093770165048] DEBUG - [com.plexapp.system] HTTP reply status 200, with 8986 bytes of content.
May 17, 2026 00:57:18.118 [140093770165048] DEBUG - The system knows about 12 agents.
May 17, 2026 00:57:18.118 [140093725813560] DEBUG - Starting plug-in /usr/lib/plexmediaserver/Resources/Plug-ins-1e34174b1/MoviePosterDB.bundle.
May 17, 2026 00:57:18.118 [140093723704120] DEBUG - Starting plug-in /usr/lib/plexmediaserver/Resources/Plug-ins-1e34174b1/Musicbrainz.bundle.
May 17, 2026 00:57:18.118 [140093721594680] DEBUG - Starting plug-in /usr/lib/plexmediaserver/Resources/Plug-ins-1e34174b1/PlexMovie.bundle.
May 17, 2026 00:57:18.119 [140093770165048] DEBUG - Waiting for 16 plug-ins to finish starting.
May 17, 2026 00:57:18.121 [140093721594680] DEBUG - Perfect cache hit, we don't need to start [com.plexapp.agents.imdb] yet.
May 17, 2026 00:57:18.121 [140093721594680] DEBUG - Starting plug-in /usr/lib/plexmediaserver/Resources/Plug-ins-1e34174b1/LocalMedia.bundle.
May 17, 2026 00:57:18.121 [140093725813560] DEBUG - Perfect cache hit, we don't need to start [com.plexapp.agents.movieposterdb] yet.
May 17, 2026 00:57:18.122 [140093725813560] DEBUG - Starting plug-in /usr/lib/plexmediaserver/Resources/Plug-ins-1e34174b1/Scanners.bundle.
May 17, 2026 00:57:18.123 [140093723704120] DEBUG - Perfect cache hit, we don't need to start [org.musicbrainz.agents.music] yet.
May 17, 2026 00:57:18.123 [140093723704120] DEBUG - Starting plug-in /usr/lib/plexmediaserver/Resources/Plug-ins-1e34174b1/PersonalMedia.bundle.
May 17, 2026 00:57:18.125 [140093725813560] DEBUG - Starting plug-in /usr/lib/plexmediaserver/Resources/Plug-ins-1e34174b1/TheTVDBv4.bundle.
May 17, 2026 00:57:18.125 [140093721594680] DEBUG - Perfect cache hit, we don't need to start [com.plexapp.agents.localmedia] yet.
May 17, 2026 00:57:18.125 [140093721594680] DEBUG - Starting plug-in /usr/lib/plexmediaserver/Resources/Plug-ins-1e34174b1/TheMovieDB.bundle.
May 17, 2026 00:57:18.126 [140093723704120] DEBUG - Perfect cache hit, we don't need to start [com.plexapp.agents.none] yet.
May 17, 2026 00:57:18.127 [140093723704120] DEBUG - Starting plug-in /usr/lib/plexmediaserver/Resources/Plug-ins-1e34174b1/HTbackdrops.bundle.
May 17, 2026 00:57:18.127 [140093725813560] DEBUG - Perfect cache hit, we don't need to start [com.plexapp.agents.thetvdb] yet.
May 17, 2026 00:57:18.127 [140093725813560] DEBUG - Starting plug-in /usr/lib/plexmediaserver/Resources/Plug-ins-1e34174b1/PlexThemeMusic.bundle.
May 17, 2026 00:57:18.128 [140093721594680] DEBUG - Perfect cache hit, we don't need to start [com.plexapp.agents.themoviedb] yet.
May 17, 2026 00:57:18.129 [140093721594680] DEBUG - Starting plug-in /usr/lib/plexmediaserver/Resources/Plug-ins-1e34174b1/Fanart-TV.bundle.
May 17, 2026 00:57:18.131 [140093723704120] DEBUG - Perfect cache hit, we don't need to start [com.plexapp.agents.htbackdrops] yet.
May 17, 2026 00:57:18.131 [140093723704120] DEBUG - Starting plug-in /usr/lib/plexmediaserver/Resources/Plug-ins-1e34174b1/LastFM.bundle.
May 17, 2026 00:57:18.134 [140093721594680] DEBUG - Perfect cache hit, we don't need to start [com.plexapp.agents.fanarttv] yet.
May 17, 2026 00:57:18.135 [140093721594680] DEBUG - Starting plug-in /usr/lib/plexmediaserver/Resources/Plug-ins-1e34174b1/LyricFind.bundle.
May 17, 2026 00:57:18.135 [140093725813560] DEBUG - Perfect cache hit, we don't need to start [com.plexapp.agents.plexthememusic] yet.
May 17, 2026 00:57:18.135 [140093725813560] DEBUG - Starting plug-in /usr/lib/plexmediaserver/Resources/Plug-ins-1e34174b1/WebClient.bundle.
May 17, 2026 00:57:18.134 [140093723704120] DEBUG - Perfect cache hit, we don't need to start [com.plexapp.agents.lastfm] yet.
May 17, 2026 00:57:18.135 [140093723704120] DEBUG - Starting plug-in /usr/lib/plexmediaserver/Resources/Plug-ins-1e34174b1/Media-Flags.bundle.
May 17, 2026 00:57:18.138 [140093721594680] DEBUG - Perfect cache hit, we don't need to start [com.plexapp.agents.lyricfind] yet.
May 17, 2026 00:57:18.138 [140093721594680] DEBUG - Starting plug-in /usr/lib/plexmediaserver/Resources/Plug-ins-1e34174b1/Framework.bundle.
May 17, 2026 00:57:18.144 [140093770165048] DEBUG - Starting scheduled updates, every 3600 seconds
May 17, 2026 00:57:18.144 [140093770165048] INFO - Refreshing paths watched by LibraryUpdateManager
May 17, 2026 00:57:18.144 [140093770165048] DEBUG - LibraryUpdateManager will start watching /custom_movies
May 17, 2026 00:57:18.145 [140093770165048] DEBUG - LibraryUpdateManager will start watching /custom_tvshows
May 17, 2026 00:57:18.145 [140093770165048] DEBUG - LibraryUpdateManager will start watching /movies
May 17, 2026 00:57:18.145 [140093770165048] DEBUG - LibraryUpdateManager will start watching /tvshows
May 17, 2026 00:57:18.145 [140093770165048] DEBUG - [Notify] Initializing.
May 17, 2026 00:57:18.145 [140093770165048] DEBUG - Done waiting for all plug-ins to start.
May 17, 2026 00:57:18.146 [140093704719160] DEBUG - Downloading document http://127.0.0.1:32400/:/plugins/com.plexapp.agents.imdb/prefs
May 17, 2026 00:57:18.146 [140093700500280] DEBUG - [Notify] Now watching "/custom_movies"
May 17, 2026 00:57:18.146 [140093702609720] DEBUG - [Notify] Waiting for inotify notifications...
May 17, 2026 00:57:18.146 [140093700500280] DEBUG - [Notify] Now watching "/custom_movies/Movie Two (2021)"
May 17, 2026 00:57:18.147 [140093704719160] DEBUG - Translator: Found locale hu_HU
May 17, 2026 00:57:18.147 [140093704719160] DEBUG - Translator: Found locale zh_CN
May 17, 2026 00:57:18.147 [140093704719160] DEBUG - Translator: Found locale ar
May 17, 2026 00:57:18.147 [140093704719160] DEBUG - Translator: Found locale he
May 17, 2026 00:57:18.147 [140093704719160] DEBUG - Translator: Found locale en
May 17, 2026 00:57:18.147 [140093704719160] DEBUG - Translator: Found locale fr
May 17, 2026 00:57:18.147 [140093704719160] DEBUG - Translator: Found locale ko
May 17, 2026 00:57:18.147 [140093700500280] DEBUG - [Notify] Now watching "/custom_movies/Movie Four (2023)"
May 17, 2026 00:57:18.147 [140093704719160] DEBUG - Translator: Found locale no
May 17, 2026 00:57:18.147 [140093704719160] DEBUG - Translator: Found locale ru
May 17, 2026 00:57:18.147 [140093704719160] DEBUG - Translator: Found locale cs_CZ
May 17, 2026 00:57:18.147 [140093704719160] DEBUG - Translator: Found locale sr
May 17, 2026 00:57:18.147 [140093704719160] DEBUG - Translator: Found locale nl_BE
May 17, 2026 00:57:18.147 [140093704719160] DEBUG - Translator: Found locale ja_JP
May 17, 2026 00:57:18.147 [140093704719160] DEBUG - Translator: Found locale nl
May 17, 2026 00:57:18.147 [140093704719160] DEBUG - Translator: Found locale uk
May 17, 2026 00:57:18.147 [140093700500280] DEBUG - [Notify] Now watching "/custom_movies/Movie Three (2022)"
May 17, 2026 00:57:18.147 [140093704719160] DEBUG - Translator: Found locale hu
May 17, 2026 00:57:18.147 [140093704719160] DEBUG - Translator: Found locale sk
May 17, 2026 00:57:18.147 [140093704719160] DEBUG - Translator: Found locale ro
May 17, 2026 00:57:18.147 [140093704719160] DEBUG - Translator: Found locale es
May 17, 2026 00:57:18.147 [140093704719160] DEBUG - Translator: Found locale et_EE
May 17, 2026 00:57:18.147 [140093704719160] DEBUG - Translator: Found locale da
May 17, 2026 00:57:18.147 [140093704719160] DEBUG - Translator: Found locale sl
May 17, 2026 00:57:18.147 [140093704719160] DEBUG - Translator: Found locale af
May 17, 2026 00:57:18.147 [140093704719160] DEBUG - Translator: Found locale pl
May 17, 2026 00:57:18.147 [140093704719160] DEBUG - Translator: Found locale hr_HR
May 17, 2026 00:57:18.147 [140093704719160] DEBUG - Translator: Found locale de
May 17, 2026 00:57:18.147 [140093704719160] DEBUG - Translator: Found locale it
May 17, 2026 00:57:18.147 [140093704719160] DEBUG - Translator: Found locale lt
May 17, 2026 00:57:18.147 [140093704719160] DEBUG - Translator: Found locale fi
May 17, 2026 00:57:18.147 [140093704719160] DEBUG - Translator: Found locale pt
May 17, 2026 00:57:18.147 [140093704719160] DEBUG - Translator: Found locale pt_BR
May 17, 2026 00:57:18.147 [140093704719160] DEBUG - Translator: Found locale sv
May 17, 2026 00:57:18.148 [140093700500280] DEBUG - [Notify] Now watching "/custom_movies/Movie One (2020)"
May 17, 2026 00:57:18.148 [140093700500280] DEBUG - [Notify] Now watching "/custom_tvshows"
May 17, 2026 00:57:18.148 [140093700500280] DEBUG - [Notify] Now watching "/custom_tvshows/Greatest Show Ever (3000)"
May 17, 2026 00:57:18.148 [140093700500280] DEBUG - [Notify] Now watching "/custom_tvshows/Greatest Show Ever (3000)/Season 1"
May 17, 2026 00:57:18.148 [140093700500280] DEBUG - [Notify] Now watching "/movies"
May 17, 2026 00:57:18.148 [140093700500280] DEBUG - [Notify] Now watching "/movies/Five Nights at Freddy's (2023) {tmdb-507089} {imdb-tt4589218}"
May 17, 2026 00:57:18.148 [140093700500280] DEBUG - [Notify] Now watching "/movies/Killers of the Flower Moon (2023) {tmdb-466420} {imdb-tt5537002}"
May 17, 2026 00:57:18.148 [140093700500280] DEBUG - [Notify] Now watching "/movies/Big Buck Bunny {tvdb-12352} {imdb-tt1254207}"
May 17, 2026 00:57:18.149 [140093770165048] DEBUG - PluginRepository::setStartState: 3, complete
May 17, 2026 00:57:18.150 [140093700500280] DEBUG - [Notify] Now watching "/movies/The Hunger Games The Ballad of Songbirds && Snakes (2023) {tmdb-695721} {imdb-tt10545296}"
May 17, 2026 00:57:18.150 [140093700500280] DEBUG - [Notify] Now watching "/movies/Tears Of Steel {tvdb-37711} {imdb-tt2285752}"
May 17, 2026 00:57:18.150 [140093700500280] DEBUG - [Notify] Now watching "/movies/The Family Plan (2023) {tmdb-1029575} {imdb-tt16431870}"
May 17, 2026 00:57:18.150 [140093700500280] DEBUG - [Notify] Now watching "/movies/Elephant Dream {tvdb-16180} {imdb-tt0807840}"
May 17, 2026 00:57:18.150 [140093700500280] DEBUG - [Notify] Now watching "/tvshows"
May 17, 2026 00:57:18.150 [140093700500280] DEBUG - [Notify] Now watching "/tvshows/My Adventures with Superman {tvdb-403172} {imdb-tt14681924}"
May 17, 2026 00:57:18.150 [140093700500280] DEBUG - [Notify] Now watching "/tvshows/My Adventures with Superman {tvdb-403172} {imdb-tt14681924}/Season 1"
May 17, 2026 00:57:18.150 [140093700500280] DEBUG - [Notify] Now watching "/tvshows/ONE PIECE (2023) {tvdb-392276} {imdb-tt11737520}"
May 17, 2026 00:57:18.150 [140093700500280] DEBUG - [Notify] Now watching "/tvshows/ONE PIECE (2023) {tvdb-392276} {imdb-tt11737520}/Season 1"
May 17, 2026 00:57:18.150 [140093700500280] DEBUG - [Notify] Now watching "/tvshows/Monarch - Legacy of Monsters {tvdb-422598} {imdb-tt17220216}"
May 17, 2026 00:57:18.150 [140093700500280] DEBUG - [Notify] Now watching "/tvshows/Monarch - Legacy of Monsters {tvdb-422598} {imdb-tt17220216}/Season 1"
May 17, 2026 00:57:18.150 [140093700500280] DEBUG - [Notify] Now watching "/tvshows/Doctor Who (2005) {tvdb-78804} {imdb-tt0436992}"
May 17, 2026 00:57:18.154 [140093700500280] DEBUG - [Notify] Now watching "/tvshows/Doctor Who (2005) {tvdb-78804} {imdb-tt0436992}/Season 1"
May 17, 2026 00:57:18.171 [140093704719160] DEBUG - [Req#b] Starting file watcher for com.plexapp.agents.imdb
May 17, 2026 00:57:18.171 [140093704719160] DEBUG - [Req#b] Plugin: setting environment variable: 'PYTHONHOME=/usr/lib/plexmediaserver/Resources/Python'
May 17, 2026 00:57:18.171 [140093704719160] DEBUG - [Req#b] Plugin: setting environment variable: 'PYTHONPATH=/usr/lib/plexmediaserver/Resources/Python/python27.zip:/usr/lib/plexmediaserver/Resources/Python/lib/python2.7/site-packages'
May 17, 2026 00:57:18.172 [140093704719160] DEBUG - [Req#b] Spawned plug-in com.plexapp.agents.imdb with PID 351
May 17, 2026 00:57:18.172 [140093704719160] DEBUG - [Req#b] [com.plexapp.agents.imdb] Sending command: GET /:/prefixes
May 17, 2026 00:57:18.188 [140093700500280] DEBUG - [JobRunner] Job running: /usr/lib/plexmediaserver/CrashUploader "--directory=/config/Library/Application Support/Plex Media Server/Crash Reports/1.43.1.10611-1e34174b1" --version=1.43.1.10611-1e34174b1 --platform=Linux --platformVersion=6.17.0-1013-azure --serverUuid=4aa082f4f7d6dd1a83a571d03b236b07794db03c --userId=jellyplex-watched@luigi311.com --sentryUrl=https://o17675.ingest.sentry.io/api/1233455/ --sentryKey=xxxxxxxxxxxxxxxxxxxxxxxxxxxxxxxx --vendor=Docker --model=x86_64 "--device=Docker Container (LinuxServer.io)"
May 17, 2026 00:57:18.191 [140093700500280] DEBUG - [JobRunner] Jobs: Starting child process with pid 352
May 17, 2026 00:57:18.193 [140093774383928] DEBUG - [HttpClient/HCl#7] HTTP/1.1 (0.2s) 200 response from GET https://plex.tv/api/v2/release_channels?X-Plex-Token=xxxxxxxxxxxxxxxxxxxx
May 17, 2026 00:57:18.193 [140093774383928] DEBUG - [HttpClient/HCl#8] HTTP/1.1 (0.2s) 200 response from GET https://plex.tv/api/v2/user/privacy?X-Plex-Token=xxxxxxxxxxxxxxxxxxxx
May 17, 2026 00:57:18.195 [140093774383928] DEBUG - [HttpClient/HCl#5] HTTP/1.1 (0.2s) 200 response from GET https://plex.tv/api/v2/user?includeSubscriptions=1&includeProviders=1 (reused)
May 17, 2026 00:57:18.206 [140093721594680] DEBUG - MyPlex: username is jellyplex_watched, login is jellyplex-watched@luigi311.com, home is 0, no pin
May 17, 2026 00:57:18.208 [140093757508408] DEBUG - [HCl#a] HTTP requesting GET https://plex.tv/api/v2/geoip
May 17, 2026 00:57:18.213 [140093774383928] DEBUG - [HttpClient/HCl#6] HTTP/1.1 (0.2s) 200 response from GET https://v4.plex.tv/pms/:/ip
May 17, 2026 00:57:18.213 [140093834992440] DEBUG - PublicAddressManager: Got public IP from v4.plex.tv: 68.154.54.34
May 17, 2026 00:57:18.214 [140093837548344] DEBUG - Jobs: '/usr/lib/plexmediaserver/CrashUploader' exit code for process 352 is 0 (success)
May 17, 2026 00:57:18.231 [140093774383928] DEBUG - [HttpClient/HCl#a] HTTP/1.1 (0.0s) 200 response from GET https://plex.tv/api/v2/geoip (reused)
May 17, 2026 00:57:18.235 [140093738523448] DEBUG - [HCl#c] HTTP requesting GET https://plex.tv/api/v2/server/webhooks?X-Plex-Token=xxxxxxxxxxxxxxxxxxxx
May 17, 2026 00:57:18.236 [140093827152696] DEBUG - [EventSourceClient/pubsub/pubsub12.pop.ewr.plex.bz:443] Resolving pubsub12.pop.ewr.plex.bz port 443
May 17, 2026 00:57:18.237 [140093757508408] DEBUG - [HCl#d] HTTP requesting GET https://plex.tv/api/v2/user/privacy?X-Plex-Token=xxxxxxxxxxxxxxxxxxxx
May 17, 2026 00:57:18.287 [140093774383928] DEBUG - [HttpClient/HCl#c] HTTP/1.1 (0.1s) 200 response from GET https://plex.tv/api/v2/server/webhooks?X-Plex-Token=xxxxxxxxxxxxxxxxxxxx (reused)
May 17, 2026 00:57:18.287 [140093774383928] DEBUG - [HttpClient/HCl#d] HTTP/1.1 (0.1s) 200 response from GET https://plex.tv/api/v2/user/privacy?X-Plex-Token=xxxxxxxxxxxxxxxxxxxx (reused)
May 17, 2026 00:57:18.289 [140093757508408] DEBUG - [HCl#e] HTTP requesting GET https://plex.tv/api/v2/release_channels?X-Plex-Token=xxxxxxxxxxxxxxxxxxxx
May 17, 2026 00:57:18.290 [140093774383928] DEBUG - [HttpClient/HCl#9] HTTP/1.1 (0.3s) 200 response from GET https://plex.tv/api/v2/features?X-Plex-Token=xxxxxxxxxxxxxxxxxxxx
May 17, 2026 00:57:18.292 [140093736414008] DEBUG - [HCl#f] HTTP requesting GET https://plex.tv/api/v2/server/users/features?filterFeatures[]=b83c8dc9-5a01-4b7a-a7c9-5870c8a6e21b&filterFeatures[]=926bc176-58ca-47da-b8e3-080ed14ea6ba&filterFeatures[]=ea791163-c28d-4b7c-af88-bcc9553b206d&filterFeatures[]=6ab6677b-ad9b-444f-9ca1-b8027d05b3e1&filterFeatures[]=56cd352b-0d47-436d-aced-f20db3508de5
May 17, 2026 00:57:18.309 [140093827152696] DEBUG - [EventSourceClient/pubsub/pubsub12.pop.ewr.plex.bz:443] Resolved pubsub12.pop.ewr.plex.bz to 172.104.218.101:443
May 17, 2026 00:57:18.313 [140093774383928] DEBUG - [HttpClient/HCl#e] HTTP/1.1 (0.0s) 200 response from GET https://plex.tv/api/v2/release_channels?X-Plex-Token=xxxxxxxxxxxxxxxxxxxx (reused)
May 17, 2026 00:57:18.314 [140093757508408] DEBUG - [HCl#10] HTTP requesting GET https://plex.tv/api/v2/features?X-Plex-Token=xxxxxxxxxxxxxxxxxxxx
May 17, 2026 00:57:18.321 [140093774383928] DEBUG - [HttpClient/HCl#f] HTTP/1.1 (0.0s) 200 response from GET https://plex.tv/api/v2/server/users/features?filterFeatures[]=b83c8dc9-5a01-4b7a-a7c9-5870c8a6e21b&filterFeatures[]=926bc176-58ca-47da-b8e3-080ed14ea6ba&filterFeatures[]=ea791163-c28d-4b7c-af88-bcc9553b206d&filterFeatures[]=6ab6677b-ad9b-444f-9ca1-b8027d05b3e1&filterFeatures[]=56cd352b-0d47-436d-aced-f20db3508de5 (reused)
May 17, 2026 00:57:18.339 [140093734304568] DEBUG - PublicAddressManager: Obtaining public address and mapping port.
May 17, 2026 00:57:18.349 [140093827152696] DEBUG - [EventSourceClient/pubsub/pubsub12.pop.ewr.plex.bz:443] Connected in 39 ms.
May 17, 2026 00:57:18.350 [140093827152696] DEBUG - [EventSourceClient/pubsub/pubsub12.pop.ewr.plex.bz:443] Wrote data, reading reply.
May 17, 2026 00:57:18.402 [140093827152696] DEBUG - [EventSourceClient/pubsub/pubsub12.pop.ewr.plex.bz:443] Read HTTP reply header.
May 17, 2026 00:57:18.402 [140093827152696] DEBUG - [EventSourceClient/pubsub/pubsub12.pop.ewr.plex.bz:443] MyPlex: We appear to have regained Internet connectivity.
May 17, 2026 00:57:18.405 [140093774383928] DEBUG - [HttpClient/HCl#10] HTTP/1.1 (0.1s) 200 response from GET https://plex.tv/api/v2/features?X-Plex-Token=xxxxxxxxxxxxxxxxxxxx (reused)
May 17, 2026 00:57:18.406 [140093757508408] DEBUG - [HCl#11] HTTP requesting GET https://plex.tv/api/v2/server/users/features?filterFeatures[]=b83c8dc9-5a01-4b7a-a7c9-5870c8a6e21b&filterFeatures[]=926bc176-58ca-47da-b8e3-080ed14ea6ba&filterFeatures[]=ea791163-c28d-4b7c-af88-bcc9553b206d&filterFeatures[]=6ab6677b-ad9b-444f-9ca1-b8027d05b3e1&filterFeatures[]=56cd352b-0d47-436d-aced-f20db3508de5
May 17, 2026 00:57:18.438 [140093774383928] DEBUG - [HttpClient/HCl#11] HTTP/1.1 (0.0s) 200 response from GET https://plex.tv/api/v2/server/users/features?filterFeatures[]=b83c8dc9-5a01-4b7a-a7c9-5870c8a6e21b&filterFeatures[]=926bc176-58ca-47da-b8e3-080ed14ea6ba&filterFeatures[]=ea791163-c28d-4b7c-af88-bcc9553b206d&filterFeatures[]=6ab6677b-ad9b-444f-9ca1-b8027d05b3e1&filterFeatures[]=56cd352b-0d47-436d-aced-f20db3508de5 (reused)
May 17, 2026 00:57:18.442 [140093757508408] DEBUG - CERT: Certificate will not expire soon; we'll check again in a week.
May 17, 2026 00:57:18.442 [140093694102328] DEBUG - MyPlex: sendMapping resetting state - previous mapping state: 'Not Mapped'.
May 17, 2026 00:57:18.443 [140093694102328] DEBUG - MyPlex: mapping state set to 'Unknown'.
May 17, 2026 00:57:18.443 [140093694102328] DEBUG - MyPlex: Sending Server Info to myPlex (user=jellyplex-watched@luigi311.com, ip=, port=0)
May 17, 2026 00:57:18.443 [140093694102328] DEBUG - [HCl#12] HTTP requesting POST https://plex.tv/servers.xml?auth_token=xxxxxxxxxxxxxxxxxxxx
May 17, 2026 00:57:18.444 [140093757508408] DEBUG - MyPlex: Updating device connections (from timer: 0)
May 17, 2026 00:57:18.444 [140093757508408] DEBUG - [HCl#13] HTTP requesting PUT https://plex.tv/devices/4aa082f4f7d6dd1a83a571d03b236b07794db03c?Connection[][uri]=http://172.17.0.2:32400&httpsEnabled=1&httpsRequired=0&dnsRebindingProtection=0&X-Plex-Token=xxxxxxxxxxxxxxxxxxxx
May 17, 2026 00:57:18.481 [140093774383928] DEBUG - [HttpClient/HCl#13] HTTP/1.1 (0.0s) 200 response from PUT https://plex.tv/devices/4aa082f4f7d6dd1a83a571d03b236b07794db03c?Connection[][uri]=http://172.17.0.2:32400&httpsEnabled=1&httpsRequired=0&dnsRebindingProtection=0&X-Plex-Token=xxxxxxxxxxxxxxxxxxxx (reused)
May 17, 2026 00:57:18.485 [140093774383928] DEBUG - [HttpClient/HCl#12] HTTP/1.1 (0.0s) 422 response from POST https://plex.tv/servers.xml?auth_token=xxxxxxxxxxxxxxxxxxxx (reused)
May 17, 2026 00:57:18.486 [140093694102328] DEBUG - MyPlex: Published Mapping State response was 422
May 17, 2026 00:57:18.486 [140093694102328] DEBUG - MyPlex: Got response for 4aa082f4f7d6dd1a83a571d03b236b07794db03c ~ registered :0
May 17, 2026 00:57:18.486 [140093694102328] DEBUG - MyPlex: updating mapped state - current state: 'Not Mapped'
May 17, 2026 00:57:18.486 [140093694102328] DEBUG - MyPlex: mapping state set to 'Not Mapped'.
May 17, 2026 00:57:18.685 [140093827152696] DEBUG - [EventSourceClient/pubsub/pubsub12.pop.ewr.plex.bz:443] PublicAddressManager: Obtaining public address and mapping port.
May 17, 2026 00:57:18.685 [140093827152696] DEBUG - [EventSourceClient/pubsub/pubsub12.pop.ewr.plex.bz:443] MyPlex: async reachability check - current mapped state: 'Not Mapped'.
May 17, 2026 00:57:18.685 [140093827152696] WARN - [EventSourceClient/pubsub/pubsub12.pop.ewr.plex.bz:443] MyPlex: attempted a reachability check but we're not yet mapped.
May 17, 2026 00:57:18.685 [140093827152696] DEBUG - [EventSourceClient/pubsub/pubsub12.pop.ewr.plex.bz:443] Successfully connected to pubsub12.pop.ewr.plex.bz.
May 17, 2026 00:57:19.152 [140093770165048] DEBUG - File "/config/Library/Application Support/Plex Media Server/Plug-ins" changed: 2026-05-11 12:23:19 (1778502199) => 2026-05-17 00:57:17 (1778979437).
May 17, 2026 00:57:19.183 [140093761727288] DEBUG - Request: [127.0.0.1:36230 (Loopback)] GET /system/messaging/clear_events/com.plexapp.agents.imdb (3 live) #9 GZIP Signed-in Token (jellyplex_watched)
May 17, 2026 00:57:19.304 [140093763836728] DEBUG - Request: [127.0.0.1:36244 (Loopback)] GET /:/plugins/com.plexapp.system/resourceHashes (4 live) #14 GZIP Signed-in Token (jellyplex_watched)
May 17, 2026 00:57:20.152 [140093770165048] DEBUG - Scanning for plug-ins in "/usr/lib/plexmediaserver/Resources/Plug-ins-1e34174b1"
May 17, 2026 00:57:20.154 [140093770165048] DEBUG - Scanning for plug-ins in "/config/Library/Application Support/Plex Media Server/Plug-ins"
May 17, 2026 00:57:20.154 [140093770165048] DEBUG - PluginRepository::setStartState: 1, startingSystem
May 17, 2026 00:57:20.154 [140093770165048] DEBUG - PluginRepository::setStartState: 2, startingPlugins
May 17, 2026 00:57:20.154 [140093770165048] DEBUG - Updating the list of agents known by the system.
May 17, 2026 00:57:20.154 [140093770165048] DEBUG - [com.plexapp.system] Sending command over HTTP (GET): /system/agents
May 17, 2026 00:57:20.154 [140093770165048] DEBUG - [HCl#14] HTTP requesting GET http://127.0.0.1:42547/system/agents
May 17, 2026 00:57:20.154 [140093761727288] DEBUG - [Req#9] [com.plexapp.system] Sending command over HTTP (GET): /system/messaging/clear_events/com.plexapp.agents.imdb
May 17, 2026 00:57:20.154 [140093761727288] DEBUG - [Req#9/HCl#15] HTTP requesting GET http://127.0.0.1:42547/system/messaging/clear_events/com.plexapp.agents.imdb
May 17, 2026 00:57:20.154 [140093763836728] DEBUG - [Req#14] [com.plexapp.system] Sending command over HTTP (GET): /:/plugins/com.plexapp.system/resourceHashes
May 17, 2026 00:57:20.154 [140093763836728] DEBUG - [Req#14/HCl#16] HTTP requesting GET http://127.0.0.1:42547/:/plugins/com.plexapp.system/resourceHashes
May 17, 2026 00:57:20.164 [140093774383928] DEBUG - [HttpClient/HCl#15] HTTP/1.1 (0.0s) 200 response from GET http://127.0.0.1:42547/system/messaging/clear_events/com.plexapp.agents.imdb
May 17, 2026 00:57:20.164 [140093761727288] DEBUG - [Req#9] [com.plexapp.system] HTTP reply status 200, with 0 bytes of content.
May 17, 2026 00:57:20.165 [140093825043256] DEBUG - Completed: [127.0.0.1:36230] 200 GET /system/messaging/clear_events/com.plexapp.agents.imdb (4 live) #9 GZIP 982ms 280 bytes
May 17, 2026 00:57:20.182 [140093774383928] DEBUG - [HttpClient/HCl#14] HTTP/1.1 (0.0s) 200 response from GET http://127.0.0.1:42547/system/agents
May 17, 2026 00:57:20.182 [140093770165048] DEBUG - [com.plexapp.system] HTTP reply status 200, with 8986 bytes of content.
May 17, 2026 00:57:20.185 [140093770165048] DEBUG - The system knows about 12 agents.
May 17, 2026 00:57:20.185 [140093770165048] DEBUG - Waiting for 0 plug-ins to finish starting.
May 17, 2026 00:57:20.186 [140093770165048] DEBUG - Done waiting for all plug-ins to start.
May 17, 2026 00:57:20.186 [140093770165048] DEBUG - PluginRepository::setStartState: 3, complete
May 17, 2026 00:57:20.186 [140093719485240] DEBUG - Downloading document http://127.0.0.1:32400/:/plugins/com.plexapp.agents.imdb/prefs
May 17, 2026 00:57:20.353 [140093774383928] DEBUG - [HttpClient/HCl#16] HTTP/1.1 (0.2s) 404 response from GET http://127.0.0.1:42547/:/plugins/com.plexapp.system/resourceHashes
May 17, 2026 00:57:20.353 [140093763836728] DEBUG - [Req#14] [com.plexapp.system] HTTP reply status 404, with 0 bytes of content.
May 17, 2026 00:57:20.353 [140093825043256] DEBUG - Completed: [127.0.0.1:36244] 404 GET /:/plugins/com.plexapp.system/resourceHashes (3 live) #14 GZIP 1048ms 261 bytes
May 17, 2026 00:57:20.368 [140093761727288] DEBUG - Request: [127.0.0.1:36258 (Loopback)] GET /:/plugins/com.plexapp.system/messaging/function/X0J1bmRsZVNlcnZpY2U6QWxsU2VydmljZXM_/Y2VyZWFsMQoxCmxpc3QKMApyMAo_/Y2VyZWFsMQoxCmRpY3QKMApyMAo_ (4 live) #15 GZIP Signed-in Token (jellyplex_watched)
May 17, 2026 00:57:20.369 [140093761727288] DEBUG - [Req#15] [com.plexapp.system] Sending command over HTTP (GET): /:/plugins/com.plexapp.system/messaging/function/X0J1bmRsZVNlcnZpY2U6QWxsU2VydmljZXM_/Y2VyZWFsMQoxCmxpc3QKMApyMAo_/Y2VyZWFsMQoxCmRpY3QKMApyMAo_
May 17, 2026 00:57:20.369 [140093761727288] DEBUG - [Req#15/HCl#17] HTTP requesting GET http://127.0.0.1:42547/:/plugins/com.plexapp.system/messaging/function/X0J1bmRsZVNlcnZpY2U6QWxsU2VydmljZXM_/Y2VyZWFsMQoxCmxpc3QKMApyMAo_/Y2VyZWFsMQoxCmRpY3QKMApyMAo_
May 17, 2026 00:57:20.369 [140093763836728] DEBUG - Request: [127.0.0.1:36266 (Loopback)] GET / (5 live) #18 GZIP Signed-in Token (jellyplex_watched)
May 17, 2026 00:57:20.371 [140093827152696] DEBUG - Completed: [127.0.0.1:36266] 200 GET / (5 live) #18 GZIP 1ms 4140 bytes
May 17, 2026 00:57:20.375 [140093774383928] DEBUG - [HttpClient/HCl#17] HTTP/1.1 (0.0s) 200 response from GET http://127.0.0.1:42547/:/plugins/com.plexapp.system/messaging/function/X0J1bmRsZVNlcnZpY2U6QWxsU2VydmljZXM_/Y2VyZWFsMQoxCmxpc3QKMApyMAo_/Y2VyZWFsMQoxCmRpY3QKMApyMAo_ (reused)
May 17, 2026 00:57:20.375 [140093761727288] DEBUG - [Req#15] [com.plexapp.system] HTTP reply status 200, with 516 bytes of content.
May 17, 2026 00:57:20.375 [140093827152696] DEBUG - Completed: [127.0.0.1:36258] 200 GET /:/plugins/com.plexapp.system/messaging/function/X0J1bmRsZVNlcnZpY2U6QWxsU2VydmljZXM_/Y2VyZWFsMQoxCmxpc3QKMApyMAo_/Y2VyZWFsMQoxCmRpY3QKMApyMAo_ (4 live) #15 GZIP 6ms 746 bytes
May 17, 2026 00:57:21.033 [140093763836728] DEBUG - Request: [127.0.0.1:36268 (Loopback)] GET /:/plugins/com.plexapp.system/messaging/function/X0FnZW50U2VydmljZTpVcGRhdGVJbmZv/Y2VyZWFsMQoxCmxpc3QKMApyMAo_/Y2VyZWFsMQo3CmRpY3QKbGlzdApkaWN0Cmxpc3QKbGlzdApsaXN0Cmxpc3QKMgpzMjMKY29tLnBsZXhhcHAuYWdlbnRzLmltZGJzMTAKaWRlbnRpZmllcnIxCnMxMAphZ2VudF9pbmZvMQpyMgoxMApyMwpzMTEKbWVkaWFfdHlwZXNyNApzMTIKYWNjZXB0c19mcm9tbnMxNApmYWxsYmFja19hZ2VudHI1CnMxNApjb250cmlidXRlc190b3I2CnM5Cmxhbmd1YWdlc2IxczIwCnBlcnNpc3Rfc3RvcmVkX2ZpbGVzaTAKczcKdmVyc2lvbmIxczE2CnByaW1hcnlfcHJvdmlkZXJiMXM1CnByZWZzczE5ClBsZXggTW92aWUgKExlZ2FjeSlzNApuYW1lMQpzNQpNb3ZpZTEKczI5CmNvbS5wbGV4YXBwLmFnZW50cy5sb2NhbG1lZGlhMQpzMjkKY29tLnBsZXhhcHAuYWdlbnRzLnRoZW1vdmllZGIzMwpzMgplbnMyCnN2czIKZnJzMgplc3MyCm5sczIKZGVzMgppdHMyCmRhczIKYXJzMgpjYXMyCnpoczIKY3NzMgpldHMyCmZpczIKZWxzMgpoZXMyCmhpczIKaHVzMgppZHMyCmphczIKa29zMgpsdnMyCm5vczIKZmFzMgpwbHMyCnB0czIKcm9zMgpydXMyCnNrczIKdGhzMgp0cnMyCnVrczIKdmlyMAo_ (5 live) #19 GZIP Signed-in Token (jellyplex_watched)
May 17, 2026 00:57:21.033 [140093763836728] DEBUG - [Req#19] [com.plexapp.system] Sending command over HTTP (GET): /:/plugins/com.plexapp.system/messaging/function/X0FnZW50U2VydmljZTpVcGRhdGVJbmZv/Y2VyZWFsMQoxCmxpc3QKMApyMAo_/Y2VyZWFsMQo3CmRpY3QKbGlzdApkaWN0Cmxpc3QKbGlzdApsaXN0Cmxpc3QKMgpzMjMKY29tLnBsZXhhcHAuYWdlbnRzLmltZGJzMTAKaWRlbnRpZmllcnIxCnMxMAphZ2VudF9pbmZvMQpyMgoxMApyMwpzMTEKbWVkaWFfdHlwZXNyNApzMTIKYWNjZXB0c19mcm9tbnMxNApmYWxsYmFja19hZ2VudHI1CnMxNApjb250cmlidXRlc190b3I2CnM5Cmxhbmd1YWdlc2IxczIwCnBlcnNpc3Rfc3RvcmVkX2ZpbGVzaTAKczcKdmVyc2lvbmIxczE2CnByaW1hcnlfcHJvdmlkZXJiMXM1CnByZWZzczE5ClBsZXggTW92aWUgKExlZ2FjeSlzNApuYW1lMQpzNQpNb3ZpZTEKczI5CmNvbS5wbGV4YXBwLmFnZW50cy5sb2NhbG1lZGlhMQpzMjkKY29tLnBsZXhhcHAuYWdlbnRzLnRoZW1vdmllZGIzMwpzMgplbnMyCnN2czIKZnJzMgplc3MyCm5sczIKZGVzMgppdHMyCmRhczIKYXJzMgpjYXMyCnpoczIKY3NzMgpldHMyCmZpczIKZWxzMgpoZXMyCmhpczIKaHVzMgppZHMyCmphczIKa29zMgpsdnMyCm5vczIKZmFzMgpwbHMyCnB0czIKcm9zMgpydXMyCnNrczIKdGhzMgp0cnMyCnVrczIKdmlyMAo_
May 17, 2026 00:57:21.033 [140093763836728] DEBUG - [Req#19/HCl#18] HTTP requesting GET http://127.0.0.1:42547/:/plugins/com.plexapp.system/messaging/function/X0FnZW50U2VydmljZTpVcGRhdGVJbmZv/Y2VyZWFsMQoxCmxpc3QKMApyMAo_/Y2VyZWFsMQo3CmRpY3QKbGlzdApkaWN0Cmxpc3QKbGlzdApsaXN0Cmxpc3QKMgpzMjMKY29tLnBsZXhhcHAuYWdlbnRzLmltZGJzMTAKaWRlbnRpZmllcnIxCnMxMAphZ2VudF9pbmZvMQpyMgoxMApyMwpzMTEKbWVkaWFfdHlwZXNyNApzMTIKYWNjZXB0c19mcm9tbnMxNApmYWxsYmFja19hZ2VudHI1CnMxNApjb250cmlidXRlc190b3I2CnM5Cmxhbmd1YWdlc2IxczIwCnBlcnNpc3Rfc3RvcmVkX2ZpbGVzaTAKczcKdmVyc2lvbmIxczE2CnByaW1hcnlfcHJvdmlkZXJiMXM1CnByZWZzczE5ClBsZXggTW92aWUgKExlZ2FjeSlzNApuYW1lMQpzNQpNb3ZpZTEKczI5CmNvbS5wbGV4YXBwLmFnZW50cy5sb2NhbG1lZGlhMQpzMjkKY29tLnBsZXhhcHAuYWdlbnRzLnRoZW1vdmllZGIzMwpzMgplbnMyCnN2czIKZnJzMgplc3MyCm5sczIKZGVzMgppdHMyCmRhczIKYXJzMgpjYXMyCnpoczIKY3NzMgpldHMyCmZpczIKZWxzMgpoZXMyCmhpczIKaHVzMgppZHMyCmphczIKa29zMgpsdnMyCm5vczIKZmFzMgpwbHMyCnB0czIKcm9zMgpydXMyCnNrczIKdGhzMgp0cnMyCnVrczIKdmlyMAo_
May 17, 2026 00:57:21.039 [140093774383928] DEBUG - [HttpClient/HCl#18] HTTP/1.1 (0.0s) 200 response from GET http://127.0.0.1:42547/:/plugins/com.plexapp.system/messaging/function/X0FnZW50U2VydmljZTpVcGRhdGVJbmZv/Y2VyZWFsMQoxCmxpc3QKMApyMAo_/Y2VyZWFsMQo3CmRpY3QKbGlzdApkaWN0Cmxpc3QKbGlzdApsaXN0Cmxpc3QKMgpzMjMKY29tLnBsZXhhcHAuYWdlbnRzLmltZGJzMTAKaWRlbnRpZmllcnIxCnMxMAphZ2VudF9pbmZvMQpyMgoxMApyMwpzMTEKbWVkaWFfdHlwZXNyNApzMTIKYWNjZXB0c19mcm9tbnMxNApmYWxsYmFja19hZ2VudHI1CnMxNApjb250cmlidXRlc190b3I2CnM5Cmxhbmd1YWdlc2IxczIwCnBlcnNpc3Rfc3RvcmVkX2ZpbGVzaTAKczcKdmVyc2lvbmIxczE2CnByaW1hcnlfcHJvdmlkZXJiMXM1CnByZWZzczE5ClBsZXggTW92aWUgKExlZ2FjeSlzNApuYW1lMQpzNQpNb3ZpZTEKczI5CmNvbS5wbGV4YXBwLmFnZW50cy5sb2NhbG1lZGlhMQpzMjkKY29tLnBsZXhhcHAuYWdlbnRzLnRoZW1vdmllZGIzMwpzMgplbnMyCnN2czIKZnJzMgplc3MyCm5sczIKZGVzMgppdHMyCmRhczIKYXJzMgpjYXMyCnpoczIKY3NzMgpldHMyCmZpczIKZWxzMgpoZXMyCmhpczIKaHVzMgppZHMyCmphczIKa29zMgpsdnMyCm5vczIKZmFzMgpwbHMyCnB0czIKcm9zMgpydXMyCnNrczIKdGhzMgp0cnMyCnVrczIKdmlyMAo_
May 17, 2026 00:57:21.039 [140093763836728] DEBUG - [Req#19] [com.plexapp.system] HTTP reply status 200, with 16 bytes of content.
May 17, 2026 00:57:21.040 [140093827152696] DEBUG - Completed: [127.0.0.1:36268] 200 GET /:/plugins/com.plexapp.system/messaging/function/X0FnZW50U2VydmljZTpVcGRhdGVJbmZv/Y2VyZWFsMQoxCmxpc3QKMApyMAo_/Y2VyZWFsMQo3CmRpY3QKbGlzdApkaWN0Cmxpc3QKbGlzdApsaXN0Cmxpc3QKMgpzMjMKY29tLnBsZXhhcHAuYWdlbnRzLmltZGJzMTAKaWRlbnRpZmllcnIxCnMxMAphZ2VudF9pbmZvMQpyMgoxMApyMwpzMTEKbWVkaWFfdHlwZXNyNApzMTIKYWNjZXB0c19mcm9tbnMxNApmYWxsYmFja19hZ2VudHI1CnMxNApjb250cmlidXRlc190b3I2CnM5Cmxhbmd1YWdlc2IxczIwCnBlcnNpc3Rfc3RvcmVkX2ZpbGVzaTAKczcKdmVyc2lvbmIxczE2CnByaW1hcnlfcHJvdmlkZXJiMXM1CnByZWZzczE5ClBsZXggTW92aWUgKExlZ2FjeSlzNApuYW1lMQpzNQpNb3ZpZTEKczI5CmNvbS5wbGV4YXBwLmFnZW50cy5sb2NhbG1lZGlhMQpzMjkKY29tLnBsZXhhcHAuYWdlbnRzLnRoZW1vdmllZGIzMwpzMgplbnMyCnN2czIKZnJzMgplc3MyCm5sczIKZGVzMgppdHMyCmRhczIKYXJzMgpjYXMyCnpoczIKY3NzMgpldHMyCmZpczIKZWxzMgpoZXMyCmhpczIKaHVzMgppZHMyCmphczIKa29zMgpsdnMyCm5vczIKZmFzMgpwbHMyCnB0czIKcm9zMgpydXMyCnNrczIKdGhzMgp0cnMyCnVrczIKdmlyMAo_ (5 live) #19 GZIP 6ms 415 bytes
May 17, 2026 00:57:21.044 [140093704719160] DEBUG - [Req#b] Reading 148 bytes in the body, code is 200
May 17, 2026 00:57:21.044 [140093704719160] DEBUG - [Req#b] [com.plexapp.agents.imdb] Plug-in running on port 33341.
May 17, 2026 00:57:21.044 [140093704719160] DEBUG - [Req#b] Read configuration for [com.plexapp.agents.imdb], had 0 prefixes
May 17, 2026 00:57:21.045 [140093719485240] DEBUG - [Req#17] [com.plexapp.agents.imdb] Sending command over HTTP (GET): /:/plugins/com.plexapp.agents.imdb/prefs
May 17, 2026 00:57:21.045 [140093719485240] DEBUG - [Req#17/HCl#19] HTTP requesting GET http://127.0.0.1:33341/:/plugins/com.plexapp.agents.imdb/prefs
May 17, 2026 00:57:21.046 [140093704719160] DEBUG - [Req#b] [com.plexapp.agents.imdb] Sending command over HTTP (GET): /:/plugins/com.plexapp.agents.imdb/prefs
May 17, 2026 00:57:21.046 [140093704719160] DEBUG - [Req#b/HCl#1a] HTTP requesting GET http://127.0.0.1:33341/:/plugins/com.plexapp.agents.imdb/prefs
May 17, 2026 00:57:21.070 [140093774383928] DEBUG - [HttpClient/HCl#19] HTTP/1.1 (0.0s) 200 response from GET http://127.0.0.1:33341/:/plugins/com.plexapp.agents.imdb/prefs
May 17, 2026 00:57:21.070 [140093719485240] DEBUG - [Req#17] [com.plexapp.agents.imdb] HTTP reply status 200, with 2224 bytes of content.
May 17, 2026 00:57:21.070 [140093719485240] DEBUG - Caching document http://127.0.0.1:32400/:/plugins/com.plexapp.agents.imdb/prefs as aaaca578f767afe1112b42622636ac4ff342181f
May 17, 2026 00:57:21.071 [140093719485240] DEBUG - IVA: Downloading trailer lists.
May 17, 2026 00:57:21.072 [140093774383928] DEBUG - [HttpClient/HCl#1a] HTTP/1.1 (0.0s) 200 response from GET http://127.0.0.1:33341/:/plugins/com.plexapp.agents.imdb/prefs
May 17, 2026 00:57:21.073 [140093704719160] DEBUG - [Req#b] [com.plexapp.agents.imdb] HTTP reply status 200, with 2224 bytes of content.
May 17, 2026 00:57:21.073 [140093704719160] DEBUG - Caching document http://127.0.0.1:32400/:/plugins/com.plexapp.agents.imdb/prefs as aaaca578f767afe1112b42622636ac4ff342181f
May 17, 2026 00:57:21.073 [140093704719160] DEBUG - IVA: Downloading trailer lists.
May 17, 2026 00:57:21.163 [140093704719160] DEBUG - IVA: Downloaded 34 trailers for source 1.
May 17, 2026 00:57:21.170 [140093719485240] DEBUG - IVA: Downloaded 34 trailers for source 1.
May 17, 2026 00:57:21.180 [140093704719160] DEBUG - IVA: Downloaded 28 trailers for source 2.
May 17, 2026 00:57:21.193 [140093719485240] DEBUG - IVA: Downloaded 28 trailers for source 2.
May 17, 2026 00:57:21.236 [140093732195128] DEBUG - [MediaProviderManager] Refreshing media providers
May 17, 2026 00:57:21.236 [140093732195128] DEBUG - [MediaProviderManager/Response::fetch/HCl#21] HTTP requesting GET https://plex.tv/media/providers
May 17, 2026 00:57:21.278 [140093774383928] DEBUG - [HttpClient/HCl#21] HTTP/1.1 (0.0s) 200 response from GET https://plex.tv/media/providers (reused)
May 17, 2026 00:57:21.278 [140093732195128] DEBUG - [MediaProviderManager] discovered cloud provider (Movies & Shows)
May 17, 2026 00:57:21.278 [140093732195128] DEBUG - [MediaProviderManager] discovered cloud provider (Metadata)
May 17, 2026 00:57:21.278 [140093732195128] DEBUG - [MediaProviderManager] loading cloud provider details (Metadata) (alive: 0)
May 17, 2026 00:57:21.278 [140093738523448] DEBUG - [MediaProviderManager/HCl#22] HTTP requesting GET https://vod.provider.plex.tv?includePreferences=1
May 17, 2026 00:57:21.397 [140093732195128] DEBUG - [MediaProviderManager] loading cloud provider details (Movies & Shows) (alive: 0)
May 17, 2026 00:57:21.397 [140093732195128] DEBUG - [MediaProviderManager/HCl#25] HTTP requesting GET https://vod.provider.plex.tv?includePreferences=1
May 17, 2026 00:57:21.411 [140093774383928] DEBUG - [HttpClient/HCl#22] HTTP/2.0 (0.1s) 200 response from GET https://vod.provider.plex.tv?includePreferences=1
May 17, 2026 00:57:21.415 [140093774383928] DEBUG - [HttpClient/HCl#25] HTTP/2.0 (0.0s) 200 response from GET https://vod.provider.plex.tv?includePreferences=1 (reused)
May 17, 2026 00:57:21.416 [140093732195128] DEBUG - [MediaProviderManager] we had 0 cloud providers online, we now have 2
May 17, 2026 00:57:21.416 [140093732195128] DEBUG - [MediaProviderManager] cloud provider (Metadata) is online and available
May 17, 2026 00:57:21.416 [140093732195128] DEBUG - [MediaProviderManager] cloud provider (Movies & Shows) is online and available
May 17, 2026 00:57:21.416 [140093732195128] DEBUG - [MediaProviderManager/MetadataAgentManager] Found media provider for agent provider 'tv.plex.agents.movie' with source URI 'provider://tv.plex.provider.metadata'
May 17, 2026 00:57:21.416 [140093732195128] DEBUG - [MediaProviderManager/MetadataAgentManager] Found media provider for agent provider 'tv.plex.agents.series' with source URI 'provider://tv.plex.provider.metadata'
May 17, 2026 00:57:21.416 [140093732195128] DEBUG - [MediaProviderManager/MetadataAgentManager] Found media provider for agent provider 'tv.plex.agents.music' with source URI 'provider://tv.plex.provider.metadata'
May 17, 2026 00:57:21.416 [140093732195128] DEBUG - [MediaProviderManager/MetadataAgentManager] Found media provider for agent provider 'org.musicbrainz.agents.music' with source URI 'provider://tv.plex.provider.metadata'
May 17, 2026 00:57:21.416 [140093732195128] DEBUG - [MediaProviderManager/MetadataAgentManager] Found media provider for agent provider 'tv.plex.agents.nfo.movie' with source URI 'provider://tv.plex.provider.metadata'
May 17, 2026 00:57:21.417 [140093732195128] DEBUG - [MediaProviderManager/MetadataAgentManager] Found media provider for agent provider 'tv.plex.agents.nfo.series' with source URI 'provider://tv.plex.provider.metadata'
May 17, 2026 00:57:21.417 [140093732195128] DEBUG - [MediaProviderManager] Media provider refresh complete
May 17, 2026 00:57:23.016 [140093753289528] DEBUG - [NSB] NetworkServiceBrowser: SERVER arrived: 127.0.0.1 (JellyPlex-CI)
May 17, 2026 00:57:23.016 [140093753289528] DEBUG - [NSB] Notifying the system bundle an update to server /system/notify/serverUpdated?host=127.0.0.1
May 17, 2026 00:57:23.016 [140093753289528] DEBUG - [NSB] [com.plexapp.system] Sending command over HTTP (GET): /system/notify/serverUpdated?host=127.0.0.1
May 17, 2026 00:57:23.016 [140093753289528] DEBUG - [NSB/HCl#26] HTTP requesting GET http://127.0.0.1:42547/system/notify/serverUpdated?host=127.0.0.1
May 17, 2026 00:57:23.020 [140093763836728] DEBUG - Request: [127.0.0.1:36284 (Loopback)] GET /servers (5 live) #1b GZIP Signed-in Token (jellyplex_watched)
May 17, 2026 00:57:23.020 [140093825043256] DEBUG - Completed: [127.0.0.1:36284] 200 GET /servers (5 live) #1b GZIP 0ms 495 bytes
May 17, 2026 00:57:23.023 [140093774383928] DEBUG - [HttpClient/HCl#26] HTTP/1.1 (0.0s) 200 response from GET http://127.0.0.1:42547/system/notify/serverUpdated?host=127.0.0.1
May 17, 2026 00:57:23.023 [140093753289528] DEBUG - [NSB] [com.plexapp.system] HTTP reply status 200, with 0 bytes of content.
May 17, 2026 00:57:23.234 [140093736414008] DEBUG - [PubsubServerManager/process/HCl#27] HTTP requesting GET https://plex.tv/services/pubsub/servers
May 17, 2026 00:57:23.259 [140093774383928] DEBUG - [HttpClient/HCl#27] HTTP/1.1 (0.0s) 200 response from GET https://plex.tv/services/pubsub/servers (reused)
May 17, 2026 00:57:24.801 [140093736414008] DEBUG - [PubsubServerManager/process] Time to connect to pubsub12.pop.ewr.plex.bz was 36 ms.
May 17, 2026 00:57:24.801 [140093736414008] DEBUG - [PubsubServerManager/process] Time to connect to pubsub07.pop.atl.plex.bz was 46 ms.
May 17, 2026 00:57:24.801 [140093736414008] DEBUG - [PubsubServerManager/process] Time to connect to pubsub02.pop.yyz.plex.bz was 62 ms.
May 17, 2026 00:57:24.801 [140093736414008] DEBUG - [PubsubServerManager/process] Time to connect to pubsub03.pop.dfw.plex.bz was 100 ms.
May 17, 2026 00:57:24.801 [140093736414008] DEBUG - [PubsubServerManager/process] Time to connect to pubsub05.pop.fmt.plex.bz was 211 ms.
May 17, 2026 00:57:24.801 [140093736414008] DEBUG - [PubsubServerManager/process] Time to connect to pubsub10.pop.lhr.plex.bz was 259 ms.
May 17, 2026 00:57:24.801 [140093736414008] DEBUG - [PubsubServerManager/process] Time to connect to pubsub13.pop.fra.plex.bz was 272 ms.
May 17, 2026 00:57:24.801 [140093736414008] DEBUG - [PubsubServerManager/process] Time to connect to pubsub02.pop.hnd.plex.bz was 491 ms.
May 17, 2026 00:57:24.801 [140093736414008] DEBUG - [PubsubServerManager/process] Time to connect to pubsub05.pop.sin.plex.bz was 680 ms.
May 17, 2026 00:57:24.801 [140093736414008] DEBUG - [PubsubServerManager/process] Updating best ping time for pubsub12.pop.ewr.plex.bz to 36 ms.
May 17, 2026 00:57:26.290 [140093730085688] DEBUG - DVR:Device: Discovering and refreshing all devices.
May 17, 2026 00:57:26.290 [140093730085688] DEBUG - Grabber: HDHomerun discovered 0 compatible devices.
May 17, 2026 00:57:26.291 [140093730085688] DEBUG - [HCl#28] HTTP requesting POST http://127.0.0.1:32600/devices/discover
May 17, 2026 00:57:28.025 [140093704719160] DEBUG - Grabber: Cleaning up orphaned grabs.
May 17, 2026 00:57:28.025 [140093704719160] DEBUG - Grabber: Cleaned up 0 decrepit directories in 0.0 sec.
May 17, 2026 00:57:28.025 [140093704719160] DEBUG - Activity: registered new activity 6b7aaf49-7905-483c-aa72-0f87ba8a9f35 - "Processing subscriptions"
May 17, 2026 00:57:28.025 [140093704719160] DEBUG - Subscription: Scheduling subscriptions.
May 17, 2026 00:57:28.025 [140093704719160] DEBUG - Subscription: Initialized 0 schedulers.
May 17, 2026 00:57:28.025 [140093704719160] DEBUG - Subscription: Starting with 0 grabs, scheduled 0 active ones preemptively.
May 17, 2026 00:57:28.025 [140093704719160] DEBUG - Subscription: Scheduled all subscriptions in 0 ms.
May 17, 2026 00:57:28.025 [140093704719160] DEBUG - Activity: Ended activity 6b7aaf49-7905-483c-aa72-0f87ba8a9f35.
May 17, 2026 00:57:28.025 [140093704719160] DEBUG - Subscription: There are 0 active grabs at the end.
May 17, 2026 00:57:28.025 [140093704719160] DEBUG - Activity: Ended activity 23ed9afb-aadc-4927-b41c-fe59c9299f4c.
May 17, 2026 00:57:28.025 [140093704719160] DEBUG - Subscription: Refreshed all content in 0 ms.
May 17, 2026 00:57:28.234 [140093708938040] DEBUG - [HCl#29] HTTP requesting GET https://plex.tv/api/resources.xml?includeHttps=1&includeRelay=1&auth_token=xxxxxxxxxxxxxxxxxxxx
May 17, 2026 00:57:28.296 [140093774383928] DEBUG - [HttpClient/HCl#29] HTTP/1.1 (0.1s) 200 response from GET https://plex.tv/api/resources.xml?includeHttps=1&includeRelay=1&auth_token=xxxxxxxxxxxxxxxxxxxx (reused)
May 17, 2026 00:57:28.296 [140093708938040] DEBUG - Media Server: Tested all servers in 0.0 seconds.
May 17, 2026 00:57:28.718 [140093774383928] DEBUG - [HttpClient/HCl#28] HTTP/1.1 (2.4s) 200 response from POST http://127.0.0.1:32600/devices/discover
May 17, 2026 00:57:30.026 [140093765946168] DEBUG - NAT: UPnP, didn't find usable IGD.
May 17, 2026 00:57:30.026 [140093765946168] DEBUG - NAT: PMP, attempting mapping.
May 17, 2026 00:57:30.224 [140093834992440] DEBUG - NAT: UPnP, getPublicIP didn't find usable IGD.
May 17, 2026 00:57:30.277 [140093765946168] WARN - NAT: PMP, got an error: Not Supported by gateway.
May 17, 2026 00:57:30.277 [140093765946168] DEBUG - NAT: UPnP, attempting port mapping.
May 17, 2026 00:57:30.475 [140093834992440] WARN - NAT: PMP, got an error: Not Supported by gateway.
May 17, 2026 00:57:30.475 [140093834992440] DEBUG - MyPlex: sendMapping resetting state - previous mapping state: 'Not Mapped'.
May 17, 2026 00:57:30.475 [140093834992440] DEBUG - MyPlex: mapping state set to 'Unknown'.
May 17, 2026 00:57:30.476 [140093834992440] DEBUG - MyPlex: Sending Server Info to myPlex (user=jellyplex-watched@luigi311.com, ip=68.154.54.34, port=0)
May 17, 2026 00:57:30.476 [140093834992440] DEBUG - [HCl#2a] HTTP requesting POST https://plex.tv/servers.xml?auth_token=xxxxxxxxxxxxxxxxxxxx
May 17, 2026 00:57:30.521 [140093774383928] DEBUG - [HttpClient/HCl#2a] HTTP/1.1 (0.0s) 422 response from POST https://plex.tv/servers.xml?auth_token=xxxxxxxxxxxxxxxxxxxx (reused)
May 17, 2026 00:57:30.521 [140093834992440] DEBUG - MyPlex: Published Mapping State response was 422
May 17, 2026 00:57:30.521 [140093834992440] DEBUG - MyPlex: Got response for 4aa082f4f7d6dd1a83a571d03b236b07794db03c ~ registered :0
May 17, 2026 00:57:30.521 [140093834992440] DEBUG - MyPlex: updating mapped state - current state: 'Not Mapped'
May 17, 2026 00:57:30.521 [140093834992440] DEBUG - MyPlex: mapping state set to 'Not Mapped'.
May 17, 2026 00:57:30.522 [140093834992440] DEBUG - MyPlex: Updating device connections (from timer: 0)
May 17, 2026 00:57:30.522 [140093834992440] DEBUG - [HCl#2b] HTTP requesting PUT https://plex.tv/devices/4aa082f4f7d6dd1a83a571d03b236b07794db03c?Connection[][uri]=http://172.17.0.2:32400&httpsEnabled=1&httpsRequired=0&dnsRebindingProtection=0&natLoopbackSupported=0&X-Plex-Token=xxxxxxxxxxxxxxxxxxxx
May 17, 2026 00:57:30.557 [140093774383928] DEBUG - [HttpClient/HCl#2b] HTTP/1.1 (0.0s) 200 response from PUT https://plex.tv/devices/4aa082f4f7d6dd1a83a571d03b236b07794db03c?Connection[][uri]=http://172.17.0.2:32400&httpsEnabled=1&httpsRequired=0&dnsRebindingProtection=0&natLoopbackSupported=0&X-Plex-Token=xxxxxxxxxxxxxxxxxxxx (reused)
May 17, 2026 00:57:42.289 [140093765946168] DEBUG - NAT: UPnP, didn't find usable IGD.
May 17, 2026 00:57:42.289 [140093765946168] DEBUG - PublicAddressManager: Mapping failed.
May 17, 2026 00:57:42.289 [140093765946168] DEBUG - MyPlex: mapping state set to 'Mapped - Not Published'.
May 17, 2026 00:57:42.289 [140093765946168] DEBUG - MyPlex: sendMapping resetting state - previous mapping state: 'Mapped - Not Published'.
May 17, 2026 00:57:42.289 [140093765946168] DEBUG - MyPlex: mapping state set to 'Unknown'.
May 17, 2026 00:57:42.290 [140093765946168] DEBUG - MyPlex: Sending Server Info to myPlex (user=jellyplex-watched@luigi311.com, ip=68.154.54.34, port=0)
May 17, 2026 00:57:42.290 [140093765946168] DEBUG - [HCl#2c] HTTP requesting POST https://plex.tv/servers.xml?auth_token=xxxxxxxxxxxxxxxxxxxx
May 17, 2026 00:57:42.378 [140093774383928] DEBUG - [HttpClient/HCl#2c] HTTP/1.1 (0.1s) 422 response from POST https://plex.tv/servers.xml?auth_token=xxxxxxxxxxxxxxxxxxxx
May 17, 2026 00:57:42.378 [140093765946168] DEBUG - MyPlex: Published Mapping State response was 422
May 17, 2026 00:57:42.378 [140093765946168] DEBUG - MyPlex: Got response for 4aa082f4f7d6dd1a83a571d03b236b07794db03c ~ registered :0
May 17, 2026 00:57:42.378 [140093765946168] DEBUG - MyPlex: updating mapped state - current state: 'Mapped - Not Published'
May 17, 2026 00:57:42.378 [140093765946168] DEBUG - MyPlex: mapping state set to 'Mapped - Publishing'.
May 17, 2026 00:57:42.378 [140093765946168] DEBUG - MyPlex: async reachability check - current mapped state: 'Mapped - Publishing'.
May 17, 2026 00:57:42.378 [140093765946168] DEBUG - MyPlex: Requesting reachability check.
May 17, 2026 00:57:42.378 [140093765946168] DEBUG - [HCl#2d] HTTP requesting PUT https://plex.tv/api/servers/4aa082f4f7d6dd1a83a571d03b236b07794db03c/connectivity?X-Plex-Token=xxxxxxxxxxxxxxxxxxxx&asyncIdentifier=5a747e90-a37f-4ff2-85b8-e58874ffc34d
May 17, 2026 00:57:42.400 [140093774383928] DEBUG - [HttpClient/HCl#2d] HTTP/1.1 (0.0s) 200 response from PUT https://plex.tv/api/servers/4aa082f4f7d6dd1a83a571d03b236b07794db03c/connectivity?X-Plex-Token=xxxxxxxxxxxxxxxxxxxx&asyncIdentifier=5a747e90-a37f-4ff2-85b8-e58874ffc34d (reused)
May 17, 2026 00:57:42.401 [140093765946168] DEBUG - MyPlex: Last published value didn't change, we're done.
May 17, 2026 00:57:42.415 [140093825043256] DEBUG - [EventSourceClient/pubsub/pubsub12.pop.ewr.plex.bz:443] EventSource: Got event [data] '<Message address="" port="0" asyncIdentifier="5a747e90-a37f-4ff2-85b8-e58874ffc34d" connectivity="0" command="notifyConnectivity"/>'
May 17, 2026 00:57:42.415 [140093825043256] DEBUG - [EventSourceClient/pubsub/pubsub12.pop.ewr.plex.bz:443] PubSub: Got notified of reachability for async identifier 5a747e90-a37f-4ff2-85b8-e58874ffc34d: 0 for :0 (responded in 14 ms)
May 17, 2026 00:57:42.415 [140093825043256] DEBUG - [EventSourceClient/pubsub/pubsub12.pop.ewr.plex.bz:443] MyPlex: reachability check - current mapping state: 'Mapped - Publishing'.
May 17, 2026 00:57:42.415 [140093825043256] DEBUG - [EventSourceClient/pubsub/pubsub12.pop.ewr.plex.bz:443] MyPlex: mapping state set to 'Mapped - Not Published (Not Reachable)'.
May 17, 2026 00:57:46.274 [140093734304568] DEBUG - [HCl#2e] HTTP requesting GET https://plex.tv/api/v2/shared_sources/owned?machineIdentifier=4aa082f4f7d6dd1a83a571d03b236b07794db03c
May 17, 2026 00:57:46.295 [140093774383928] DEBUG - [HttpClient/HCl#2e] HTTP/1.1 (0.0s) 200 response from GET https://plex.tv/api/v2/shared_sources/owned?machineIdentifier=4aa082f4f7d6dd1a83a571d03b236b07794db03c (reused)
May 17, 2026 00:57:46.296 [140093734304568] DEBUG - [HCl#2f] HTTP requesting GET https://plex.tv/api/v2/server/access_tokens?auth_token=xxxxxxxxxxxxxxxxxxxx
May 17, 2026 00:57:46.381 [140093774383928] DEBUG - [HttpClient/HCl#2f] HTTP/1.1 (0.1s) 200 response from GET https://plex.tv/api/v2/server/access_tokens?auth_token=xxxxxxxxxxxxxxxxxxxx (reused)
May 17, 2026 00:57:46.381 [140093734304568] DEBUG - MyPlex: updating with 2 access tokens
May 17, 2026 00:57:46.382 [140093734304568] DEBUG - [HCl#30] HTTP requesting GET https://plex.tv/api/v2/server/users?auth_token=xxxxxxxxxxxxxxxxxxxx
May 17, 2026 00:57:46.459 [140093774383928] DEBUG - [HttpClient/HCl#30] HTTP/1.1 (0.1s) 200 response from GET https://plex.tv/api/v2/server/users?auth_token=xxxxxxxxxxxxxxxxxxxx (reused)
May 17, 2026 00:57:46.460 [140093772274488] DEBUG - [HCl#31] HTTP requesting GET https://plex.tv/api/v2/server/users/subscriptions?auth_token=xxxxxxxxxxxxxxxxxxxx
May 17, 2026 00:57:46.482 [140093774383928] DEBUG - [HttpClient/HCl#31] HTTP/1.1 (0.0s) 200 response from GET https://plex.tv/api/v2/server/users/subscriptions?auth_token=xxxxxxxxxxxxxxxxxxxx (reused)
May 17, 2026 00:57:46.482 [140093772274488] DEBUG - MyPlex: using cached data for request for https://plex.tv/api/v2/server/users/services?auth_token=xxxxxxxxxxxxxxxxxxxx
May 17, 2026 00:57:46.596 [140093837548344] DEBUG - Shutting down with signal 15 (Terminated)
May 17, 2026 00:57:46.596 [140093837548344] DEBUG - Ordered to stop server.
May 17, 2026 00:57:46.596 [140093837548344] DEBUG - [JobRunner] Job running: /usr/lib/plexmediaserver/CrashUploader --sessionStatus=exited --sessionStart=1778979436 --sessionDuration=30 --version=1.43.1.10611-1e34174b1 --userId=jellyplex-watched@luigi311.com --sentryUrl=https://o17675.ingest.sentry.io/api/1233455/ --sentryKey=xxxxxxxxxxxxxxxxxxxxxxxxxxxxxxxx
May 17, 2026 00:57:46.596 [140093837548344] DEBUG - [JobRunner] Jobs: Starting child process with pid 411
May 17, 2026 00:57:46.596 [140093842291344] DEBUG - Stopping server...
May 17, 2026 00:57:46.596 [140093842291344] DEBUG - HttpServer: Stopping server.
May 17, 2026 00:57:46.597 [140093765946168] DEBUG - TranscodeJobManager: [Running] onServerShutdown
May 17, 2026 00:57:46.597 [140093765946168] DEBUG - TranscodeJobManager: [Running] -> [Shutdown]
May 17, 2026 00:57:46.597 [140093765946168] DEBUG - MetadataItemClusterRequestHandler: a shutdown event has been received
May 17, 2026 00:57:46.597 [140093842291344] DEBUG - Server stopped.
May 17, 2026 00:57:46.597 [140093842291344] DEBUG - NetworkService: Stopping advertisement.
May 17, 2026 00:57:46.597 [140093842291344] DEBUG - Killing plug-ins.
May 17, 2026 00:57:46.610 [140093842291344] DEBUG - [com.plexapp.agents.imdb] Killing.
May 17, 2026 00:57:46.613 [140093842291344] DEBUG - [com.plexapp.system] Killing.
May 17, 2026 00:57:46.613 [140093837548344] WARN - JobManager: Could not find job for handle 351
May 17, 2026 00:57:46.616 [140093837548344] WARN - JobManager: Could not find job for handle 247
May 17, 2026 00:57:46.617 [140093842291344] DEBUG - ChildProcessMonitor: Waiting for Plex Tuner Service to exit.
May 17, 2026 00:57:46.617 [140093842291344] DEBUG - [JobRunner] Signalling job ID 317 with 2
May 17, 2026 00:57:46.658 [140093837548344] DEBUG - Jobs: '/usr/lib/plexmediaserver/Plex Tuner Service' exit code for process 317 is 0 (success)
May 17, 2026 00:57:46.658 [140093744851768] DEBUG - [ChildProcessMonitor] Plex Tuner Service exited.
May 17, 2026 00:57:46.658 [140093842291344] DEBUG - Database: Shutting down.
May 17, 2026 00:57:46.666 [140093842291344] DEBUG - Database: Shutting down.
