<SessionReport version="2" startTime="0" startTimestamp="May 28, 2026 17:18:12.155" key="/library/metadata/140" session="81jdezsirpd40cgoplh6xwpy" transcode="64p0osgape2takvyyllyhcxk">
<User id="1" thumb="https://plex.tv/users/9529775b381eead0/avatar?c=1779988165" title="jellyplex_watched" />
<Player address="172.17.0.1" device="Linux" machineIdentifier="hrw6m8bnw0tvu7ly4ueapjl8" model="bundled" platform="Firefox" platformVersion="150.0" playbackId="c9192991-bc3f-4a27-8cb4-cf0bfd5c4a89" playbackSessionId="bffcf2a3-c852-4790-896b-92c25ca1ea83" product="Plex Web" remotePublicAddress="73.242.236.148" title="Firefox" version="4.159.0" local="1" relayed="0" secure="0" userID="1" />
<Variants>
<Variant id="e3bc2ed8-f506-488e-bf09-bd5b82b6fcdf" targetBitrate="10000000" context="streaming" sourceVideoCodec="h264" videoDecision="copy" protocol="dash" container="mp4" videoCodec="h264" transcodeHwRequested="0" transcodeHwFullPipeline="0">
<Media id="212" videoProfile="high" container="mp4" duration="602000" height="96" optimizedForStreaming="1" protocol="dash" videoCodec="h264" videoResolution="SD" width="128" selected="1">
<Part id="212" videoProfile="high" container="mp4" duration="602000" height="96" optimizedForStreaming="1" protocol="dash" width="128" decision="transcode" selected="1">
<Stream bitDepth="8" bitrate="0" chromaLocation="left" chromaSubsampling="4:2:0" codec="h264" codedHeight="96" codedWidth="128" colorRange="tv" displayTitle="SD" extendedDisplayTitle="SD (H.264)" frameRate="1" hasScalingMatrix="0" height="96" id="368" language="English" languageCode="eng" languageTag="en" level="10" profile="high" refFrames="4" scanType="progressive" selected="1" streamType="1" width="128" decision="copy" location="segments-video" />
</Part>
</Media>
</Variant>
</Variants>
<SegmentList>
<Segment duration="250000" startOffset="0" endOffset="250000">
<File name="chunk-stream0-00001.m4s" type="video">
<FileVariant size="7271" variant="e3bc2ed8-f506-488e-bf09-bd5b82b6fcdf" />
</File>
<Timelines>
<Transcode startTime="11" endTime="17" complete="1" fileType="video" variant="e3bc2ed8-f506-488e-bf09-bd5b82b6fcdf" />
<Download startTime="65" endTime="66" complete="1" fileType="video" variant="e3bc2ed8-f506-488e-bf09-bd5b82b6fcdf" />
</Timelines>
</Segment>
<Segment duration="250000" startOffset="250000" endOffset="500000">
<File name="chunk-stream0-00002.m4s" type="video">
<FileVariant size="6594" variant="e3bc2ed8-f506-488e-bf09-bd5b82b6fcdf" />
</File>
<Timelines>
<Transcode startTime="17" endTime="22" complete="1" fileType="video" variant="e3bc2ed8-f506-488e-bf09-bd5b82b6fcdf" />
<Download startTime="2574" endTime="2574" complete="1" fileType="video" variant="e3bc2ed8-f506-488e-bf09-bd5b82b6fcdf" />
</Timelines>
</Segment>
<Segment duration="102000" startOffset="500000" endOffset="602000">
<File name="chunk-stream0-00003.m4s" type="video">
<FileVariant size="2820" variant="e3bc2ed8-f506-488e-bf09-bd5b82b6fcdf" />
</File>
<Timelines>
<Transcode startTime="22" endTime="26" complete="1" fileType="video" variant="e3bc2ed8-f506-488e-bf09-bd5b82b6fcdf" />
</Timelines>
</Segment>
</SegmentList>
<PlaybackReports>
<Playback startTime="10109" endTime="17170" state="playing" progress="293000" />
<Playback startTime="17170" endTime="19055" state="paused" progress="300000" />
<Playback startTime="19055" state="stopped" progress="300000" />
</PlaybackReports>
<StateReports />
<StateReports />
</SessionReport>
