Jun 21, 2026 01:09:47.593 [140702597245752] INFO - Plex Media Server v1.43.2.10687-563d026ea - Docker Docker Container (LinuxServer.io) x86_64 - build: linux-x86_64 debian - GMT 00:00
Jun 21, 2026 01:09:47.593 [140702597245752] INFO - Linux version: 6.17.0-1018-azure, language: en-US
Jun 21, 2026 01:09:47.594 [140702597245752] INFO - Processor: 4-core AMD EPYC 9V74 80-Core Processor
Jun 21, 2026 01:09:47.594 [140702597245752] INFO - Compiler is - Clang 11.0.1 (https://plex.tv 9b997da8e5b47bdb4a9425b3a3b290be393b4b1f)
Jun 21, 2026 01:09:47.594 [140702597245752] INFO - /usr/lib/plexmediaserver/Plex Media Server
Jun 21, 2026 01:09:47.593 [140702599789200] DEBUG - BPQ: [Idle] -> [Starting]
Jun 21, 2026 01:09:47.594 [140702599789200] DEBUG - FeatureManager: Using cached data for features list
Jun 21, 2026 01:09:47.598 [140702599789200] DEBUG - MyPlex: mapping state set to 'Unknown'.
Jun 21, 2026 01:09:47.598 [140702599789200] DEBUG - Relay: read 11 cached entries from hosts file
Jun 21, 2026 01:09:47.598 [140702599789200] DEBUG - Opening 20 database sessions to library (com.plexapp.plugins.library), SQLite 3.39.4, threadsafe=1
Jun 21, 2026 01:09:47.636 [140702599789200] DEBUG - MyPlex: using cached data for request for https://plex.tv/api/v2/server/users/features?filterFeatures[]=b83c8dc9-5a01-4b7a-a7c9-5870c8a6e21b&filterFeatures[]=926bc176-58ca-47da-b8e3-080ed14ea6ba&filterFeatures[]=ea791163-c28d-4b7c-af88-bcc9553b206d&filterFeatures[]=6ab6677b-ad9b-444f-9ca1-b8027d05b3e1&filterFeatures[]=56cd352b-0d47-436d-aced-f20db3508de5
Jun 21, 2026 01:09:47.660 [140702599789200] DEBUG - [CERT] Subject name is /CN=*.b1eb00e890d84884bd38f2ea180d2679.plex.direct
Jun 21, 2026 01:09:47.660 [140702599789200] DEBUG - [CERT] Installed certificate with fingerprint f5:13:6c:e0:05:75:7d:d4:a4:d5:77:b7:43:61:d5:cd:a8:1e:5e:9d.
Jun 21, 2026 01:09:47.660 [140702599789200] DEBUG - [CERT/OCSP] no URL available
Jun 21, 2026 01:09:47.660 [140702599789200] WARN - [CERT/OCSP] getCertInfo failed; skipping stapling
Jun 21, 2026 01:09:47.660 [140702599789200] DEBUG - HttpServer: Listening on IPv6 as well as IPv4.
Jun 21, 2026 01:09:47.660 [140702599789200] DEBUG - HttpServer: Listening on port 32400.
Jun 21, 2026 01:09:47.661 [140702599789200] DEBUG - HttpServer: Listening on port 32401.
Jun 21, 2026 01:09:47.661 [140702599789200] DEBUG - Running server...
Jun 21, 2026 01:09:47.661 [140702599789200] INFO - Running migrations. (EPG 0)
Jun 21, 2026 01:09:47.661 [140702579252024] DEBUG - HttpServer: Set up a thread pool with 2 threads.
Jun 21, 2026 01:09:47.662 [140702599789200] DEBUG - Captured session 0.
Jun 21, 2026 01:09:47.662 [140702599789200] DEBUG - Captured session 1.
Jun 21, 2026 01:09:47.662 [140702599789200] DEBUG - Captured session 2.
Jun 21, 2026 01:09:47.662 [140702599789200] DEBUG - Captured session 3.
Jun 21, 2026 01:09:47.662 [140702599789200] DEBUG - Captured session 4.
Jun 21, 2026 01:09:47.662 [140702599789200] DEBUG - Captured session 5.
Jun 21, 2026 01:09:47.662 [140702599789200] DEBUG - Captured session 6.
Jun 21, 2026 01:09:47.662 [140702599789200] DEBUG - Captured session 7.
Jun 21, 2026 01:09:47.662 [140702599789200] DEBUG - Captured session 8.
Jun 21, 2026 01:09:47.662 [140702599789200] DEBUG - Captured session 9.
Jun 21, 2026 01:09:47.662 [140702599789200] DEBUG - Captured session 10.
Jun 21, 2026 01:09:47.662 [140702599789200] DEBUG - Captured session 11.
Jun 21, 2026 01:09:47.662 [140702599789200] DEBUG - Captured session 12.
Jun 21, 2026 01:09:47.662 [140702599789200] DEBUG - Captured session 13.
Jun 21, 2026 01:09:47.662 [140702599789200] DEBUG - Captured session 14.
Jun 21, 2026 01:09:47.662 [140702599789200] DEBUG - Captured session 15.
Jun 21, 2026 01:09:47.662 [140702599789200] DEBUG - Captured session 16.
Jun 21, 2026 01:09:47.662 [140702599789200] DEBUG - Captured session 17.
Jun 21, 2026 01:09:47.662 [140702599789200] DEBUG - Captured session 18.
Jun 21, 2026 01:09:47.662 [140702599789200] DEBUG - Captured session 19.
Jun 21, 2026 01:09:47.666 [140702599789200] DEBUG - ChangestampAllocator: initialized to 1046
Jun 21, 2026 01:09:47.666 [140702599789200] DEBUG - Opening 2 database sessions to library (com.plexapp.plugins.library.blobs), SQLite 3.39.4, threadsafe=1
Jun 21, 2026 01:09:47.671 [140702599789200] INFO - Running migrations. (EPG 0)
Jun 21, 2026 01:09:47.672 [140702599789200] DEBUG - Captured session 0.
Jun 21, 2026 01:09:47.672 [140702599789200] DEBUG - Captured session 1.
Jun 21, 2026 01:09:47.692 [140702592490296] DEBUG - Grabber: Cleaning up orphaned grabs.
Jun 21, 2026 01:09:47.692 [140702592490296] DEBUG - Grabber: Cleaned up 0 decrepit directories in 0.0 sec.
Jun 21, 2026 01:09:47.692 [140702599789200] DEBUG - Media Provider: Registering provider com.plexapp.plugins.library
Jun 21, 2026 01:09:47.692 [140702599789200] DEBUG - Auth: Refreshing tokens inside the token-based authentication filter.
Jun 21, 2026 01:09:47.692 [140702599789200] DEBUG - MyPlex: using cached data for request for https://plex.tv/api/v2/server/access_tokens?auth_token=xxxxxxxxxxxxxxxxxxxx
Jun 21, 2026 01:09:47.693 [140702599789200] DEBUG - MyPlex: updating with 2 access tokens
Jun 21, 2026 01:09:47.693 [140702599789200] DEBUG - MyPlex: using cached data for request for https://plex.tv/api/v2/server/users?auth_token=xxxxxxxxxxxxxxxxxxxx
Jun 21, 2026 01:09:47.693 [140702599789200] DEBUG - MyPlex: using cached data for request for https://plex.tv/api/v2/server/users/subscriptions?auth_token=xxxxxxxxxxxxxxxxxxxx
Jun 21, 2026 01:09:47.693 [140702599789200] DEBUG - MyPlex: using cached data for request for https://plex.tv/api/v2/server/users/services?auth_token=xxxxxxxxxxxxxxxxxxxx
Jun 21, 2026 01:09:47.693 [140702592490296] DEBUG - Auth: Refreshing tokens inside the token-based authentication filter.
Jun 21, 2026 01:09:47.694 [140702592490296] DEBUG - [HCl#1] HTTP requesting GET https://plex.tv/api/v2/server/access_tokens?auth_token=xxxxxxxxxxxxxxxxxxxx
Jun 21, 2026 01:09:47.694 [140702599789200] DEBUG - Opening 1 database sessions to library (), SQLite 3.39.4, threadsafe=1
Jun 21, 2026 01:09:47.696 [140702527155000] DEBUG - File "/usr/lib/plexmediaserver/Resources/Plug-ins-563d026ea" changed: -1 => 2026-06-15 15:23:54 (1781537034).
Jun 21, 2026 01:09:47.696 [140702527155000] WARN - Warning: ex: boost::filesystem::last_write_time: No such file or directory [system:2]: "/config/Library/Application Support/Plex Media Server/Plug-ins", couldn't check file: "/config/Library/Application Support/Plex Media Server/Plug-ins"
Jun 21, 2026 01:09:47.696 [140702527155000] DEBUG - Scanning for plug-ins in "/usr/lib/plexmediaserver/Resources/Plug-ins-563d026ea"
Jun 21, 2026 01:09:47.699 [140702527155000] DEBUG - Scanning for plug-ins in "/config/Library/Application Support/Plex Media Server/Plug-ins"
Jun 21, 2026 01:09:47.699 [140702527155000] DEBUG - PluginRepository::setStartState: 1, startingSystem
Jun 21, 2026 01:09:47.699 [140702527155000] DEBUG - Starting plug-in /usr/lib/plexmediaserver/Resources/Plug-ins-563d026ea/System.bundle.
Jun 21, 2026 01:09:47.700 [140702527155000] DEBUG - [com.plexapp.system] Setting plug-in to always running (daemon mode).
Jun 21, 2026 01:09:47.701 [140702527155000] DEBUG - Starting file watcher for com.plexapp.system
Jun 21, 2026 01:09:47.701 [140702527155000] DEBUG - Plugin: setting environment variable: 'PYTHONHOME=/usr/lib/plexmediaserver/Resources/Python'
Jun 21, 2026 01:09:47.701 [140702527155000] DEBUG - Plugin: setting environment variable: 'PYTHONPATH=/usr/lib/plexmediaserver/Resources/Python/python27.zip:/usr/lib/plexmediaserver/Resources/Python/lib/python2.7/site-packages'
Jun 21, 2026 01:09:47.702 [140702527155000] DEBUG - Spawned plug-in com.plexapp.system with PID 247
Jun 21, 2026 01:09:47.702 [140702527155000] DEBUG - [com.plexapp.system] Sending command: GET /:/prefixes
Jun 21, 2026 01:09:47.818 [140702531373880] DEBUG - [HttpClient/HCl#1] HTTP/1.1 (0.1s) 200 response from GET https://plex.tv/api/v2/server/access_tokens?auth_token=xxxxxxxxxxxxxxxxxxxx
Jun 21, 2026 01:09:47.819 [140702592490296] DEBUG - MyPlex: updating with 1 access tokens
Jun 21, 2026 01:09:47.819 [140702592490296] DEBUG - [HCl#2] HTTP requesting GET https://plex.tv/api/v2/server/users?auth_token=xxxxxxxxxxxxxxxxxxxx
Jun 21, 2026 01:09:47.845 [140702531373880] DEBUG - [HttpClient/HCl#2] HTTP/1.1 (0.0s) 200 response from GET https://plex.tv/api/v2/server/users?auth_token=xxxxxxxxxxxxxxxxxxxx (reused)
Jun 21, 2026 01:09:47.846 [140702529264440] DEBUG - [HCl#3] HTTP requesting GET https://plex.tv/api/v2/server/users/subscriptions?auth_token=xxxxxxxxxxxxxxxxxxxx
Jun 21, 2026 01:09:47.904 [140702531373880] DEBUG - [HttpClient/HCl#3] HTTP/1.1 (0.1s) 200 response from GET https://plex.tv/api/v2/server/users/subscriptions?auth_token=xxxxxxxxxxxxxxxxxxxx (reused)
Jun 21, 2026 01:09:47.906 [140702529264440] DEBUG - MyPlex: using cached data for request for https://plex.tv/api/v2/server/users/services?auth_token=xxxxxxxxxxxxxxxxxxxx
Jun 21, 2026 01:09:48.591 [140702584613688] DEBUG - Request: didn't get any data from [::1]:37600: End of file
Jun 21, 2026 01:09:48.718 [140702520826680] DEBUG - Request: [127.0.0.1:49996 (Loopback)] GET /:/plugins/com.plexapp.system/messaging/function/X0J1bmRsZVNlcnZpY2U6QWxsU2VydmljZXM_/Y2VyZWFsMQoxCmxpc3QKMApyMAo_/Y2VyZWFsMQoxCmRpY3QKMApyMAo_ (3 live) #3 GZIP Token ()
Jun 21, 2026 01:09:48.719 [140702582504248] DEBUG - Completed: [127.0.0.1:49996] 503 GET /:/plugins/com.plexapp.system/messaging/function/X0J1bmRsZVNlcnZpY2U6QWxsU2VydmljZXM_/Y2VyZWFsMQoxCmxpc3QKMApyMAo_/Y2VyZWFsMQoxCmRpY3QKMApyMAo_ (3 live) #3 GZIP 0ms 436 bytes
Jun 21, 2026 01:09:48.721 [140702520826680] DEBUG - Request: [127.0.0.1:49998 (Loopback)] GET / (4 live) #4 GZIP Token ()
Jun 21, 2026 01:09:48.721 [140702582504248] DEBUG - Completed: [127.0.0.1:49998] 503 GET / (4 live) #4 GZIP 0ms 436 bytes
Jun 21, 2026 01:09:49.392 [140702520826680] DEBUG - Request: [127.0.0.1:50010 (Loopback)] GET /servers (5 live) #5 GZIP Token ()
Jun 21, 2026 01:09:49.392 [140702584613688] DEBUG - Completed: [127.0.0.1:50010] 503 GET /servers (5 live) #5 GZIP 0ms 436 bytes
Jun 21, 2026 01:09:49.412 [140702527155000] DEBUG - Reading 486 bytes in the body, code is 200
Jun 21, 2026 01:09:49.412 [140702527155000] DEBUG - [com.plexapp.system] Plug-in running on port 44479.
Jun 21, 2026 01:09:49.412 [140702527155000] DEBUG -  * Plug-in handles prefix: /system
Jun 21, 2026 01:09:49.412 [140702527155000] DEBUG -  * Plug-in handles prefix: /player
Jun 21, 2026 01:09:49.412 [140702527155000] DEBUG - Read configuration for [com.plexapp.system], had 2 prefixes
Jun 21, 2026 01:09:49.413 [140702527155000] DEBUG - Done with 1 synchronous plug-in starts, starting the rest in parallel.
Jun 21, 2026 01:09:49.413 [140702527155000] DEBUG - PluginRepository::setStartState: 2, startingPlugins
Jun 21, 2026 01:09:49.413 [140702527155000] DEBUG - Updating the list of agents known by the system.
Jun 21, 2026 01:09:49.413 [140702527155000] DEBUG - [com.plexapp.system] Sending command over HTTP (GET): /system/agents
Jun 21, 2026 01:09:49.413 [140702527155000] DEBUG - [HCl#4] HTTP requesting GET http://127.0.0.1:44479/system/agents
Jun 21, 2026 01:09:49.414 [140702599789200] DEBUG - Image transcode cache directory: "/config/Library/Application Support/Plex Media Server/Cache/PhotoTranscoder"
Jun 21, 2026 01:09:49.414 [140702599789200] DEBUG - Transcoder: Cleaning old transcode directories.
Jun 21, 2026 01:09:49.415 [140702599789200] DEBUG - MyPlex: using cached data for request for https://plex.tv/api/v2/server/access_tokens?auth_token=xxxxxxxxxxxxxxxxxxxx
Jun 21, 2026 01:09:49.415 [140702599789200] DEBUG - MyPlex: updating with 1 access tokens
Jun 21, 2026 01:09:49.415 [140702599789200] DEBUG - MyPlex: using cached data for request for https://plex.tv/api/v2/server/users?auth_token=xxxxxxxxxxxxxxxxxxxx
Jun 21, 2026 01:09:49.416 [140702599789200] DEBUG - MyPlex: using cached data for request for https://plex.tv/api/v2/server/users/subscriptions?auth_token=xxxxxxxxxxxxxxxxxxxx
Jun 21, 2026 01:09:49.416 [140702599789200] DEBUG - MyPlex: using cached data for request for https://plex.tv/api/v2/server/users/services?auth_token=xxxxxxxxxxxxxxxxxxxx
Jun 21, 2026 01:09:49.416 [140702599789200] DEBUG - MyPlex: using cached data for request for https://plex.tv/api/v2/user?includeSubscriptions=1&includeProviders=1
Jun 21, 2026 01:09:49.417 [140702599789200] DEBUG - MyPlex: username is jellyplex_watched, login is jellyplex-watched@luigi311.com, home is 0, no pin
Jun 21, 2026 01:09:49.418 [140702599789200] DEBUG - MyPlex: start public ip check and mapping - current mapped state: 'Unknown'.
Jun 21, 2026 01:09:49.418 [140702599789200] DEBUG - MyPlex: mapping state set to 'Not Mapped'.
Jun 21, 2026 01:09:49.418 [140702599789200] DEBUG - PublicAddressManager: Starting.
Jun 21, 2026 01:09:49.418 [140702599789200] DEBUG - PublicAddressManager: Obtaining public address and mapping port.
Jun 21, 2026 01:09:49.418 [140702516607800] DEBUG - [HCl#5] HTTP requesting GET https://plex.tv/api/v2/user?includeSubscriptions=1&includeProviders=1
Jun 21, 2026 01:09:49.419 [140702592490296] DEBUG - PublicAddressManager: Obtaining public IP.
Jun 21, 2026 01:09:49.419 [140702592490296] DEBUG - [HCl#6] HTTP requesting GET https://v4.plex.tv/pms/:/ip
Jun 21, 2026 01:09:49.419 [140702599789200] DEBUG - NetworkInterface: Starting watch thread.
Jun 21, 2026 01:09:49.419 [140702522936120] DEBUG - NAT: UPnP, attempting port mapping.
Jun 21, 2026 01:09:49.419 [140702599789200] DEBUG - Network change.
Jun 21, 2026 01:09:49.419 [140702599789200] DEBUG - NetworkInterface: Notified of network changed (force=0)
Jun 21, 2026 01:09:49.419 [140702512388920] DEBUG - NetworkInterface: Watching for changes on the interfaces.
Jun 21, 2026 01:09:49.420 [140702599789200] DEBUG - Detected primary interface: 172.17.0.2
Jun 21, 2026 01:09:49.420 [140702599789200] DEBUG - Network interfaces:
Jun 21, 2026 01:09:49.420 [140702599789200] DEBUG -  * 1 lo (127.0.0.1) (00-00-00-00-00-00) (loopback: 1)
Jun 21, 2026 01:09:49.420 [140702599789200] DEBUG -  * 2 eth0 (172.17.0.2) (FE-1B-FB-EA-4F-DD) (loopback: 0)
Jun 21, 2026 01:09:49.420 [140702599789200] DEBUG -  * 1 lo (::1) (00-00-00-00-00-00) (loopback: 1)
Jun 21, 2026 01:09:49.420 [140702599789200] DEBUG - Creating NetworkServices singleton.
Jun 21, 2026 01:09:49.420 [140702599789200] DEBUG - NetworkServices: Initializing...
Jun 21, 2026 01:09:49.420 [140702599789200] DEBUG - NetworkService: Creating new service.
Jun 21, 2026 01:09:49.420 [140702599789200] DEBUG - NetworkService: Got notification of changed network (first change: 1)
Jun 21, 2026 01:09:49.420 [140702599789200] DEBUG - NetworkService: Quick dispatch of network change.
Jun 21, 2026 01:09:49.420 [140702510279480] DEBUG - Network change for advertiser.
Jun 21, 2026 01:09:49.420 [140702599789200] DEBUG - NetworkService: Creating new service.
Jun 21, 2026 01:09:49.420 [140702510279480] DEBUG - NetworkService: Setting up multicast listener on 0.0.0.0:32414
Jun 21, 2026 01:09:49.420 [140702599789200] DEBUG - NetworkService: Got notification of changed network (first change: 1)
Jun 21, 2026 01:09:49.420 [140702599789200] DEBUG - NetworkService: Quick dispatch of network change.
Jun 21, 2026 01:09:49.420 [140702599789200] DEBUG - NetworkService: Creating new service.
Jun 21, 2026 01:09:49.420 [140702599789200] DEBUG - NetworkService: Got notification of changed network (first change: 1)
Jun 21, 2026 01:09:49.420 [140702599789200] DEBUG - NetworkService: Quick dispatch of network change.
Jun 21, 2026 01:09:49.420 [140702599789200] DEBUG - NetworkService: Creating new service.
Jun 21, 2026 01:09:49.420 [140702599789200] DEBUG - NetworkService: Got notification of changed network (first change: 1)
Jun 21, 2026 01:09:49.420 [140702599789200] DEBUG - NetworkService: Quick dispatch of network change.
Jun 21, 2026 01:09:49.420 [140702599789200] DEBUG - NetworkService: Creating new service.
Jun 21, 2026 01:09:49.420 [140702599789200] DEBUG - NetworkService: Got notification of changed network (first change: 1)
Jun 21, 2026 01:09:49.420 [140702599789200] DEBUG - NetworkService: Quick dispatch of network change.
Jun 21, 2026 01:09:49.420 [140702599789200] DEBUG - NetworkService: Creating new service.
Jun 21, 2026 01:09:49.420 [140702599789200] DEBUG - NetworkService: Got notification of changed network (first change: 1)
Jun 21, 2026 01:09:49.420 [140702599789200] DEBUG - NetworkService: Quick dispatch of network change.
Jun 21, 2026 01:09:49.420 [140702510279480] DEBUG - Network change for advertiser.
Jun 21, 2026 01:09:49.420 [140702510279480] DEBUG - NetworkService: Setting up multicast listener on 0.0.0.0:32410
Jun 21, 2026 01:09:49.420 [140702510279480] DEBUG - Network change for advertiser.
Jun 21, 2026 01:09:49.420 [140702510279480] DEBUG - NetworkService: Setting up multicast listener on 0.0.0.0:32412
Jun 21, 2026 01:09:49.421 [140702510279480] DEBUG - NetworkService: Network change for browser (polled=0), closing 0 browse sockets.
Jun 21, 2026 01:09:49.421 [140702510279480] DEBUG - NetworkService: Setting up multicast listener on 0.0.0.0:32413
Jun 21, 2026 01:09:49.421 [140702510279480] DEBUG - NetworkService: Browsing on interface 127.0.0.1 on broadcast address 127.255.255.255 (index: 0)
Jun 21, 2026 01:09:49.421 [140702510279480] DEBUG - NetworkService: Browsing on interface 172.17.0.2 on broadcast address 172.17.255.255 (index: 1)
Jun 21, 2026 01:09:49.421 [140702510279480] DEBUG - NetworkService: Network change for browser (polled=1), closing 0 browse sockets.
Jun 21, 2026 01:09:49.421 [140702510279480] DEBUG - NetworkService: Browsing on interface 127.0.0.1 on broadcast address 127.255.255.255 (index: 0)
Jun 21, 2026 01:09:49.421 [140702510279480] DEBUG - NetworkService: Browsing on interface 172.17.0.2 on broadcast address 172.17.255.255 (index: 1)
Jun 21, 2026 01:09:49.421 [140702510279480] DEBUG - NetworkService: Network change for browser (polled=0), closing 0 browse sockets.
Jun 21, 2026 01:09:49.421 [140702510279480] DEBUG - NetworkService: Setting up multicast listener on 0.0.0.0:1901
Jun 21, 2026 01:09:49.421 [140702510279480] DEBUG - NetworkService: Browsing on interface 172.17.0.2 on broadcast address 239.255.255.250 (index: 0)
Jun 21, 2026 01:09:49.423 [140702499732280] DEBUG - [HCl#7] HTTP requesting GET https://plex.tv/api/v2/release_channels?X-Plex-Token=xxxxxxxxxxxxxxxxxxxx
Jun 21, 2026 01:09:49.423 [140702501841720] DEBUG - [DatabaseFixups] Running fix-ups.
Jun 21, 2026 01:09:49.423 [140702501841720] DEBUG - [DatabaseFixups/31DatabaseFixupsCleanupRetroGames] Executing fixup
Jun 21, 2026 01:09:49.423 [140702501841720] DEBUG - [DatabaseFixups/31DatabaseFixupsCleanupRetroGames] Fixup completed
Jun 21, 2026 01:09:49.423 [140702501841720] DEBUG - [DatabaseFixups/39DatabaseFixupsEnsureLibrarySectionUuids] Executing fixup
Jun 21, 2026 01:09:49.423 [140702501841720] DEBUG - [DatabaseFixups/39DatabaseFixupsEnsureLibrarySectionUuids] Fixup completed
Jun 21, 2026 01:09:49.423 [140702501841720] DEBUG - [DatabaseFixups/38DatabaseFixupsEnsureMetadataItemHashes] Executing fixup
Jun 21, 2026 01:09:49.424 [140702501841720] DEBUG - [DatabaseFixups/38DatabaseFixupsEnsureMetadataItemHashes] Fixup completed
Jun 21, 2026 01:09:49.424 [140702501841720] DEBUG - [DatabaseFixups/39DatabaseFixupsSetDefaultAccountLanguage] Executing fixup
Jun 21, 2026 01:09:49.424 [140702501841720] DEBUG - [DatabaseFixups/39DatabaseFixupsSetDefaultAccountLanguage] Fixup completed
Jun 21, 2026 01:09:49.424 [140702501841720] DEBUG - [DatabaseFixups/52DatabaseFixupsCreateDefaultMediaProcessingTargetTags] Executing fixup
Jun 21, 2026 01:09:49.424 [140702501841720] DEBUG - [DatabaseFixups/52DatabaseFixupsCreateDefaultMediaProcessingTargetTags] Fixup completed
Jun 21, 2026 01:09:49.424 [140702501841720] DEBUG - [DatabaseFixups/43DatabaseFixupsUpdateAutomaticLibraryFolders] Executing fixup
Jun 21, 2026 01:09:49.424 [140702501841720] DEBUG - [DatabaseFixups/43DatabaseFixupsUpdateAutomaticLibraryFolders] Fixup completed
Jun 21, 2026 01:09:49.424 [140702501841720] DEBUG - [DatabaseFixups/29DatabaseFixupsSyncCollections] Executing fixup
Jun 21, 2026 01:09:49.425 [140702501841720] DEBUG - [DatabaseFixups/29DatabaseFixupsSyncCollections] Collections: Found 0 collections tags in section 1.
Jun 21, 2026 01:09:49.425 [140702501841720] DEBUG - [DatabaseFixups/29DatabaseFixupsSyncCollections] Collections: We had 0 collections in the library already.
Jun 21, 2026 01:09:49.425 [140702501841720] DEBUG - [DatabaseFixups/29DatabaseFixupsSyncCollections] Collections: Synced tags in section 1 in 0ms.
Jun 21, 2026 01:09:49.425 [140702503951160] DEBUG - [ChildProcessMonitor] Plex Tuner Service starting.
Jun 21, 2026 01:09:49.425 [140702503951160] DEBUG - [ChildProcessMonitor/JobRunner] Job running: "/usr/lib/plexmediaserver/Plex Tuner Service" /usr/lib/plexmediaserver/Resources/Tuner/Private /usr/lib/plexmediaserver/Resources/Tuner/Shared 1.43.2.10687-563d026ea 32600
Jun 21, 2026 01:09:49.426 [140702508170040] DEBUG - [HCl#8] HTTP requesting GET https://plex.tv/api/v2/user/privacy?X-Plex-Token=xxxxxxxxxxxxxxxxxxxx
Jun 21, 2026 01:09:49.426 [140702599789200] DEBUG - Waiting for server condition to be signaled.
Jun 21, 2026 01:09:49.427 [140702491294520] DEBUG - [HCl#9] HTTP requesting GET https://plex.tv/api/v2/features?X-Plex-Token=xxxxxxxxxxxxxxxxxxxx
Jun 21, 2026 01:09:49.427 [140702493403960] DEBUG - DVR: Starting up.
Jun 21, 2026 01:09:49.428 [140702493403960] DEBUG - Activity: registered new activity 0afe6db7-4296-4ba5-9d27-f022abbbb25d - "Processing subscriptions"
Jun 21, 2026 01:09:49.429 [140702501841720] DEBUG - [DatabaseFixups/29DatabaseFixupsSyncCollections] Collections: Refreshed attributes for 0 collections in section 1 in 4ms.
Jun 21, 2026 01:09:49.429 [140702501841720] DEBUG - [DatabaseFixups/29DatabaseFixupsSyncCollections] Collection: Refreshed visibility in section 1 in 0ms.
Jun 21, 2026 01:09:49.429 [140702501841720] DEBUG - [DatabaseFixups/29DatabaseFixupsSyncCollections] Collections: Found 0 collections tags in section 3.
Jun 21, 2026 01:09:49.430 [140702501841720] DEBUG - [DatabaseFixups/29DatabaseFixupsSyncCollections] Collections: We had 0 collections in the library already.
Jun 21, 2026 01:09:49.430 [140702501841720] DEBUG - [DatabaseFixups/29DatabaseFixupsSyncCollections] Collections: Synced tags in section 3 in 0ms.
Jun 21, 2026 01:09:49.430 [140702501841720] DEBUG - [DatabaseFixups/29DatabaseFixupsSyncCollections] Collections: Found 0 collections tags in section 3.
Jun 21, 2026 01:09:49.430 [140702501841720] DEBUG - [DatabaseFixups/29DatabaseFixupsSyncCollections] Collections: We had 0 collections in the library already.
Jun 21, 2026 01:09:49.430 [140702501841720] DEBUG - [DatabaseFixups/29DatabaseFixupsSyncCollections] Collections: Synced tags in section 3 in 0ms.
Jun 21, 2026 01:09:49.430 [140702501841720] DEBUG - [DatabaseFixups/29DatabaseFixupsSyncCollections] Collections: Found 0 collections tags in section 3.
Jun 21, 2026 01:09:49.430 [140702501841720] DEBUG - [DatabaseFixups/29DatabaseFixupsSyncCollections] Collections: We had 0 collections in the library already.
Jun 21, 2026 01:09:49.430 [140702501841720] DEBUG - [DatabaseFixups/29DatabaseFixupsSyncCollections] Collections: Synced tags in section 3 in 1ms.
Jun 21, 2026 01:09:49.434 [140702503951160] DEBUG - [ChildProcessMonitor/JobRunner] Jobs: Starting child process with pid 318
Jun 21, 2026 01:09:49.435 [140702501841720] DEBUG - [DatabaseFixups/29DatabaseFixupsSyncCollections] Collections: Refreshed attributes for 0 collections in section 3 in 4ms.
Jun 21, 2026 01:09:49.436 [140702501841720] DEBUG - [DatabaseFixups/29DatabaseFixupsSyncCollections] Collection: Refreshed visibility in section 3 in 0ms.
Jun 21, 2026 01:09:49.436 [140702501841720] DEBUG - [DatabaseFixups/29DatabaseFixupsSyncCollections] Collections: Found 0 collections tags in section 4.
Jun 21, 2026 01:09:49.436 [140702501841720] DEBUG - [DatabaseFixups/29DatabaseFixupsSyncCollections] Collections: We had 0 collections in the library already.
Jun 21, 2026 01:09:49.436 [140702501841720] DEBUG - [DatabaseFixups/29DatabaseFixupsSyncCollections] Collections: Synced tags in section 4 in 0ms.
Jun 21, 2026 01:09:49.443 [140702501841720] DEBUG - [DatabaseFixups/29DatabaseFixupsSyncCollections] Collections: Refreshed attributes for 0 collections in section 4 in 7ms.
Jun 21, 2026 01:09:49.444 [140702501841720] DEBUG - [DatabaseFixups/29DatabaseFixupsSyncCollections] Collection: Refreshed visibility in section 4 in 0ms.
Jun 21, 2026 01:09:49.444 [140702501841720] DEBUG - [DatabaseFixups/29DatabaseFixupsSyncCollections] Collections: Found 0 collections tags in section 5.
Jun 21, 2026 01:09:49.444 [140702501841720] DEBUG - [DatabaseFixups/29DatabaseFixupsSyncCollections] Collections: We had 0 collections in the library already.
Jun 21, 2026 01:09:49.444 [140702501841720] DEBUG - [DatabaseFixups/29DatabaseFixupsSyncCollections] Collections: Synced tags in section 5 in 0ms.
Jun 21, 2026 01:09:49.444 [140702501841720] DEBUG - [DatabaseFixups/29DatabaseFixupsSyncCollections] Collections: Found 0 collections tags in section 5.
Jun 21, 2026 01:09:49.444 [140702501841720] DEBUG - [DatabaseFixups/29DatabaseFixupsSyncCollections] Collections: We had 0 collections in the library already.
Jun 21, 2026 01:09:49.444 [140702501841720] DEBUG - [DatabaseFixups/29DatabaseFixupsSyncCollections] Collections: Synced tags in section 5 in 0ms.
Jun 21, 2026 01:09:49.444 [140702501841720] DEBUG - [DatabaseFixups/29DatabaseFixupsSyncCollections] Collections: Found 0 collections tags in section 5.
Jun 21, 2026 01:09:49.445 [140702501841720] DEBUG - [DatabaseFixups/29DatabaseFixupsSyncCollections] Collections: We had 0 collections in the library already.
Jun 21, 2026 01:09:49.445 [140702501841720] DEBUG - [DatabaseFixups/29DatabaseFixupsSyncCollections] Collections: Synced tags in section 5 in 0ms.
Jun 21, 2026 01:09:49.450 [140702501841720] DEBUG - [DatabaseFixups/29DatabaseFixupsSyncCollections] Collections: Refreshed attributes for 0 collections in section 5 in 5ms.
Jun 21, 2026 01:09:49.451 [140702501841720] DEBUG - [DatabaseFixups/29DatabaseFixupsSyncCollections] Collection: Refreshed visibility in section 5 in 0ms.
Jun 21, 2026 01:09:49.451 [140702501841720] DEBUG - [DatabaseFixups/29DatabaseFixupsSyncCollections] Fixup completed
Jun 21, 2026 01:09:49.451 [140702501841720] DEBUG - [DatabaseFixups/31DatabaseFixupsCleanupActivities] Executing fixup
Jun 21, 2026 01:09:49.451 [140702501841720] DEBUG - [DatabaseFixups/31DatabaseFixupsCleanupActivities] Fixup completed
Jun 21, 2026 01:09:49.451 [140702501841720] DEBUG - [DatabaseFixups/35DatabaseFixupsConsolidatePeopleTags] Executing fixup
Jun 21, 2026 01:09:49.455 [140702501841720] DEBUG - [DatabaseFixups/35DatabaseFixupsConsolidatePeopleTags] Fixup completed
Jun 21, 2026 01:09:49.455 [140702501841720] DEBUG - [DatabaseFixups/54DatabaseFixupsGarbageCollectTransientMetadataRelations] Executing fixup
Jun 21, 2026 01:09:49.455 [140702501841720] DEBUG - [DatabaseFixups/54DatabaseFixupsGarbageCollectTransientMetadataRelations] Fixup completed
Jun 21, 2026 01:09:49.455 [140702501841720] DEBUG - [DatabaseFixups/48DatabaseFixupsResetCorruptedMetadataItemClusters] Executing fixup
Jun 21, 2026 01:09:49.456 [140702501841720] DEBUG - [DatabaseFixups/48DatabaseFixupsResetCorruptedMetadataItemClusters] Fixup completed
Jun 21, 2026 01:09:49.456 [140702501841720] DEBUG - [DatabaseFixups] Running database fix-ups completed in 0.0 seconds.
Jun 21, 2026 01:09:49.503 [140702531373880] DEBUG - [HttpClient/HCl#4] HTTP/1.1 (0.1s) 200 response from GET http://127.0.0.1:44479/system/agents
Jun 21, 2026 01:09:49.506 [140702527155000] DEBUG - [com.plexapp.system] HTTP reply status 200, with 8986 bytes of content.
Jun 21, 2026 01:09:49.508 [140702527155000] DEBUG - The system knows about 12 agents.
Jun 21, 2026 01:09:49.508 [140702482021176] DEBUG - Starting plug-in /usr/lib/plexmediaserver/Resources/Plug-ins-563d026ea/PlexMovie.bundle.
Jun 21, 2026 01:09:49.508 [140702479911736] DEBUG - Starting plug-in /usr/lib/plexmediaserver/Resources/Plug-ins-563d026ea/Media-Flags.bundle.
Jun 21, 2026 01:09:49.508 [140702489185080] DEBUG - PublicAddressManager: Obtaining public address and mapping port.
Jun 21, 2026 01:09:49.509 [140702527155000] DEBUG - Waiting for 16 plug-ins to finish starting.
Jun 21, 2026 01:09:49.509 [140702484130616] DEBUG - Starting plug-in /usr/lib/plexmediaserver/Resources/Plug-ins-563d026ea/LastFM.bundle.
Jun 21, 2026 01:09:49.511 [140702484130616] DEBUG - Perfect cache hit, we don't need to start [com.plexapp.agents.lastfm] yet.
Jun 21, 2026 01:09:49.511 [140702482021176] DEBUG - Perfect cache hit, we don't need to start [com.plexapp.agents.imdb] yet.
Jun 21, 2026 01:09:49.511 [140702482021176] DEBUG - Starting plug-in /usr/lib/plexmediaserver/Resources/Plug-ins-563d026ea/MoviePosterDB.bundle.
Jun 21, 2026 01:09:49.512 [140702479911736] DEBUG - Starting plug-in /usr/lib/plexmediaserver/Resources/Plug-ins-563d026ea/PersonalMedia.bundle.
Jun 21, 2026 01:09:49.512 [140702484130616] DEBUG - Starting plug-in /usr/lib/plexmediaserver/Resources/Plug-ins-563d026ea/Framework.bundle.
Jun 21, 2026 01:09:49.514 [140702479911736] DEBUG - Perfect cache hit, we don't need to start [com.plexapp.agents.none] yet.
Jun 21, 2026 01:09:49.514 [140702479911736] DEBUG - Starting plug-in /usr/lib/plexmediaserver/Resources/Plug-ins-563d026ea/Musicbrainz.bundle.
Jun 21, 2026 01:09:49.515 [140702482021176] DEBUG - Perfect cache hit, we don't need to start [com.plexapp.agents.movieposterdb] yet.
Jun 21, 2026 01:09:49.515 [140702482021176] DEBUG - Starting plug-in /usr/lib/plexmediaserver/Resources/Plug-ins-563d026ea/Scanners.bundle.
Jun 21, 2026 01:09:49.517 [140702484130616] DEBUG - Starting plug-in /usr/lib/plexmediaserver/Resources/Plug-ins-563d026ea/WebClient.bundle.
Jun 21, 2026 01:09:49.517 [140702482021176] DEBUG - Starting plug-in /usr/lib/plexmediaserver/Resources/Plug-ins-563d026ea/HTbackdrops.bundle.
Jun 21, 2026 01:09:49.519 [140702482021176] DEBUG - Perfect cache hit, we don't need to start [com.plexapp.agents.htbackdrops] yet.
Jun 21, 2026 01:09:49.519 [140702482021176] DEBUG - Starting plug-in /usr/lib/plexmediaserver/Resources/Plug-ins-563d026ea/LyricFind.bundle.
Jun 21, 2026 01:09:49.520 [140702479911736] DEBUG - Perfect cache hit, we don't need to start [org.musicbrainz.agents.music] yet.
Jun 21, 2026 01:09:49.520 [140702479911736] DEBUG - Starting plug-in /usr/lib/plexmediaserver/Resources/Plug-ins-563d026ea/PlexThemeMusic.bundle.
Jun 21, 2026 01:09:49.521 [140702484130616] DEBUG - Starting plug-in /usr/lib/plexmediaserver/Resources/Plug-ins-563d026ea/TheMovieDB.bundle.
Jun 21, 2026 01:09:49.524 [140702484130616] DEBUG - Perfect cache hit, we don't need to start [com.plexapp.agents.themoviedb] yet.
Jun 21, 2026 01:09:49.524 [140702484130616] DEBUG - Starting plug-in /usr/lib/plexmediaserver/Resources/Plug-ins-563d026ea/LocalMedia.bundle.
Jun 21, 2026 01:09:49.525 [140702479911736] DEBUG - Perfect cache hit, we don't need to start [com.plexapp.agents.plexthememusic] yet.
Jun 21, 2026 01:09:49.525 [140702479911736] DEBUG - Starting plug-in /usr/lib/plexmediaserver/Resources/Plug-ins-563d026ea/TheTVDBv4.bundle.
Jun 21, 2026 01:09:49.526 [140702482021176] DEBUG - Perfect cache hit, we don't need to start [com.plexapp.agents.lyricfind] yet.
Jun 21, 2026 01:09:49.526 [140702482021176] DEBUG - Starting plug-in /usr/lib/plexmediaserver/Resources/Plug-ins-563d026ea/Fanart-TV.bundle.
Jun 21, 2026 01:09:49.528 [140702484130616] DEBUG - Perfect cache hit, we don't need to start [com.plexapp.agents.localmedia] yet.
Jun 21, 2026 01:09:49.528 [140702482021176] DEBUG - Perfect cache hit, we don't need to start [com.plexapp.agents.fanarttv] yet.
Jun 21, 2026 01:09:49.529 [140702479911736] DEBUG - Perfect cache hit, we don't need to start [com.plexapp.agents.thetvdb] yet.
Jun 21, 2026 01:09:49.530 [140702527155000] DEBUG - Starting scheduled updates, every 3600 seconds
Jun 21, 2026 01:09:49.530 [140702527155000] INFO - Refreshing paths watched by LibraryUpdateManager
Jun 21, 2026 01:09:49.530 [140702467255096] DEBUG - Downloading document http://127.0.0.1:32400/:/plugins/com.plexapp.agents.imdb/prefs
Jun 21, 2026 01:09:49.530 [140702527155000] DEBUG - LibraryUpdateManager will start watching /custom_movies
Jun 21, 2026 01:09:49.530 [140702527155000] DEBUG - LibraryUpdateManager will start watching /custom_tvshows
Jun 21, 2026 01:09:49.531 [140702527155000] DEBUG - LibraryUpdateManager will start watching /movies
Jun 21, 2026 01:09:49.531 [140702527155000] DEBUG - LibraryUpdateManager will start watching /tvshows
Jun 21, 2026 01:09:49.531 [140702527155000] DEBUG - [Notify] Initializing.
Jun 21, 2026 01:09:49.531 [140702465145656] DEBUG - [Notify] Waiting for inotify notifications...
Jun 21, 2026 01:09:49.531 [140702527155000] DEBUG - Done waiting for all plug-ins to start.
Jun 21, 2026 01:09:49.531 [140702527155000] DEBUG - PluginRepository::setStartState: 3, complete
Jun 21, 2026 01:09:49.532 [140702467255096] DEBUG - Translator: Found locale he
Jun 21, 2026 01:09:49.532 [140702467255096] DEBUG - Translator: Found locale hr_HR
Jun 21, 2026 01:09:49.532 [140702467255096] DEBUG - Translator: Found locale ko
Jun 21, 2026 01:09:49.532 [140702467255096] DEBUG - Translator: Found locale ar
Jun 21, 2026 01:09:49.532 [140702467255096] DEBUG - Translator: Found locale et_EE
Jun 21, 2026 01:09:49.532 [140702467255096] DEBUG - Translator: Found locale ro
Jun 21, 2026 01:09:49.532 [140702467255096] DEBUG - Translator: Found locale pt
Jun 21, 2026 01:09:49.532 [140702467255096] DEBUG - Translator: Found locale nl_BE
Jun 21, 2026 01:09:49.532 [140702467255096] DEBUG - Translator: Found locale cs_CZ
Jun 21, 2026 01:09:49.532 [140702467255096] DEBUG - Translator: Found locale uk
Jun 21, 2026 01:09:49.532 [140702467255096] DEBUG - Translator: Found locale hu_HU
Jun 21, 2026 01:09:49.532 [140702467255096] DEBUG - Translator: Found locale hu
Jun 21, 2026 01:09:49.532 [140702467255096] DEBUG - Translator: Found locale ru
Jun 21, 2026 01:09:49.532 [140702467255096] DEBUG - Translator: Found locale sk
Jun 21, 2026 01:09:49.532 [140702467255096] DEBUG - Translator: Found locale no
Jun 21, 2026 01:09:49.532 [140702467255096] DEBUG - Translator: Found locale da
Jun 21, 2026 01:09:49.532 [140702467255096] DEBUG - Translator: Found locale lt
Jun 21, 2026 01:09:49.532 [140702467255096] DEBUG - Translator: Found locale it
Jun 21, 2026 01:09:49.532 [140702467255096] DEBUG - Translator: Found locale sv
Jun 21, 2026 01:09:49.532 [140702467255096] DEBUG - Translator: Found locale nl
Jun 21, 2026 01:09:49.532 [140702467255096] DEBUG - Translator: Found locale pl
Jun 21, 2026 01:09:49.532 [140702467255096] DEBUG - Translator: Found locale de
Jun 21, 2026 01:09:49.532 [140702467255096] DEBUG - Translator: Found locale sr
Jun 21, 2026 01:09:49.532 [140702467255096] DEBUG - Translator: Found locale pt_BR
Jun 21, 2026 01:09:49.532 [140702467255096] DEBUG - Translator: Found locale es
Jun 21, 2026 01:09:49.532 [140702467255096] DEBUG - Translator: Found locale af
Jun 21, 2026 01:09:49.532 [140702467255096] DEBUG - Translator: Found locale fi
Jun 21, 2026 01:09:49.532 [140702467255096] DEBUG - Translator: Found locale ja_JP
Jun 21, 2026 01:09:49.532 [140702467255096] DEBUG - Translator: Found locale zh_CN
Jun 21, 2026 01:09:49.532 [140702467255096] DEBUG - Translator: Found locale sl
Jun 21, 2026 01:09:49.532 [140702467255096] DEBUG - Translator: Found locale en
Jun 21, 2026 01:09:49.532 [140702467255096] DEBUG - Translator: Found locale fr
Jun 21, 2026 01:09:49.533 [140702463036216] DEBUG - [Notify] Now watching "/custom_movies"
Jun 21, 2026 01:09:49.534 [140702463036216] DEBUG - [Notify] Now watching "/custom_movies/Movie One (2020)"
Jun 21, 2026 01:09:49.534 [140702463036216] DEBUG - [Notify] Now watching "/custom_movies/Movie Four (2023)"
Jun 21, 2026 01:09:49.534 [140702463036216] DEBUG - [Notify] Now watching "/custom_movies/Movie Three (2022)"
Jun 21, 2026 01:09:49.534 [140702463036216] DEBUG - [Notify] Now watching "/custom_movies/Movie Two (2021)"
Jun 21, 2026 01:09:49.534 [140702463036216] DEBUG - [Notify] Now watching "/custom_tvshows"
Jun 21, 2026 01:09:49.534 [140702463036216] DEBUG - [Notify] Now watching "/custom_tvshows/Greatest Show Ever (3000)"
Jun 21, 2026 01:09:49.534 [140702463036216] DEBUG - [Notify] Now watching "/custom_tvshows/Greatest Show Ever (3000)/Season 1"
Jun 21, 2026 01:09:49.534 [140702463036216] DEBUG - [Notify] Now watching "/movies"
Jun 21, 2026 01:09:49.534 [140702463036216] DEBUG - [Notify] Now watching "/movies/The Family Plan (2023) {tmdb-1029575} {imdb-tt16431870}"
Jun 21, 2026 01:09:49.535 [140702463036216] DEBUG - [Notify] Now watching "/movies/Killers of the Flower Moon (2023) {tmdb-466420} {imdb-tt5537002}"
Jun 21, 2026 01:09:49.535 [140702463036216] DEBUG - [Notify] Now watching "/movies/Elephant Dream {tvdb-16180} {imdb-tt0807840}"
Jun 21, 2026 01:09:49.535 [140702463036216] DEBUG - [Notify] Now watching "/movies/The Hunger Games The Ballad of Songbirds && Snakes (2023) {tmdb-695721} {imdb-tt10545296}"
Jun 21, 2026 01:09:49.536 [140702463036216] DEBUG - [Notify] Now watching "/movies/Five Nights at Freddy's (2023) {tmdb-507089} {imdb-tt4589218}"
Jun 21, 2026 01:09:49.536 [140702463036216] DEBUG - [Notify] Now watching "/movies/Big Buck Bunny {tvdb-12352} {imdb-tt1254207}"
Jun 21, 2026 01:09:49.536 [140702463036216] DEBUG - [Notify] Now watching "/movies/Tears Of Steel {tvdb-37711} {imdb-tt2285752}"
Jun 21, 2026 01:09:49.536 [140702463036216] DEBUG - [Notify] Now watching "/tvshows"
Jun 21, 2026 01:09:49.536 [140702463036216] DEBUG - [Notify] Now watching "/tvshows/Monarch - Legacy of Monsters {tvdb-422598} {imdb-tt17220216}"
Jun 21, 2026 01:09:49.536 [140702463036216] DEBUG - [Notify] Now watching "/tvshows/Monarch - Legacy of Monsters {tvdb-422598} {imdb-tt17220216}/Season 1"
Jun 21, 2026 01:09:49.536 [140702463036216] DEBUG - [Notify] Now watching "/tvshows/My Adventures with Superman {tvdb-403172} {imdb-tt14681924}"
Jun 21, 2026 01:09:49.536 [140702463036216] DEBUG - [Notify] Now watching "/tvshows/My Adventures with Superman {tvdb-403172} {imdb-tt14681924}/Season 1"
Jun 21, 2026 01:09:49.536 [140702463036216] DEBUG - [Notify] Now watching "/tvshows/Black Mirror {tvdb-253463} {imdb-tt2085059}"
Jun 21, 2026 01:09:49.536 [140702463036216] DEBUG - [Notify] Now watching "/tvshows/Black Mirror {tvdb-253463} {imdb-tt2085059}/Season 1"
Jun 21, 2026 01:09:49.536 [140702463036216] DEBUG - [Notify] Now watching "/tvshows/Doctor Who (2005) {tvdb-78804} {imdb-tt0436992}"
Jun 21, 2026 01:09:49.536 [140702463036216] DEBUG - [Notify] Now watching "/tvshows/Doctor Who (2005) {tvdb-78804} {imdb-tt0436992}/Season 1"
Jun 21, 2026 01:09:49.538 [140702463036216] DEBUG - [Notify] Now watching "/tvshows/ONE PIECE (2023) {tvdb-392276} {imdb-tt11737520}"
Jun 21, 2026 01:09:49.540 [140702463036216] DEBUG - [Notify] Now watching "/tvshows/ONE PIECE (2023) {tvdb-392276} {imdb-tt11737520}/Season 1"
Jun 21, 2026 01:09:49.540 [140702463036216] DEBUG - [Notify] Now watching "/tvshows/Breaking Bad {tvdb-81189} {imdb-tt0903747}"
Jun 21, 2026 01:09:49.540 [140702463036216] DEBUG - [Notify] Now watching "/tvshows/Breaking Bad {tvdb-81189} {imdb-tt0903747}/Season1"
Jun 21, 2026 01:09:49.547 [140702467255096] DEBUG - [Req#9] Starting file watcher for com.plexapp.agents.imdb
Jun 21, 2026 01:09:49.547 [140702467255096] DEBUG - [Req#9] Plugin: setting environment variable: 'PYTHONHOME=/usr/lib/plexmediaserver/Resources/Python'
Jun 21, 2026 01:09:49.547 [140702467255096] DEBUG - [Req#9] Plugin: setting environment variable: 'PYTHONPATH=/usr/lib/plexmediaserver/Resources/Python/python27.zip:/usr/lib/plexmediaserver/Resources/Python/lib/python2.7/site-packages'
Jun 21, 2026 01:09:49.549 [140702467255096] DEBUG - [Req#9] Spawned plug-in com.plexapp.agents.imdb with PID 349
Jun 21, 2026 01:09:49.549 [140702467255096] DEBUG - [Req#9] [com.plexapp.agents.imdb] Sending command: GET /:/prefixes
Jun 21, 2026 01:09:49.576 [140702531373880] DEBUG - [HttpClient/HCl#8] HTTP/1.1 (0.1s) 200 response from GET https://plex.tv/api/v2/user/privacy?X-Plex-Token=xxxxxxxxxxxxxxxxxxxx
Jun 21, 2026 01:09:49.587 [140702531373880] DEBUG - [HttpClient/HCl#6] HTTP/1.1 (0.2s) 200 response from GET https://v4.plex.tv/pms/:/ip
Jun 21, 2026 01:09:49.587 [140702592490296] DEBUG - PublicAddressManager: Got public IP from v4.plex.tv: 20.55.46.162
Jun 21, 2026 01:09:49.592 [140702506060600] DEBUG - [JobRunner] Job running: /usr/lib/plexmediaserver/CrashUploader "--directory=/config/Library/Application Support/Plex Media Server/Crash Reports/1.43.2.10687-563d026ea" --version=1.43.2.10687-563d026ea --platform=Linux --platformVersion=6.17.0-1018-azure --serverUuid=4aa082f4f7d6dd1a83a571d03b236b07794db03c --userId=jellyplex-watched@luigi311.com --sentryUrl=https://o17675.ingest.sentry.io/api/1233455/ --sentryKey=xxxxxxxxxxxxxxxxxxxxxxxxxxxxxxxx --vendor=Docker --model=x86_64 "--device=Docker Container (LinuxServer.io)"
Jun 21, 2026 01:09:49.593 [140702506060600] DEBUG - [JobRunner] Jobs: Starting child process with pid 350
Jun 21, 2026 01:09:49.595 [140702531373880] DEBUG - [HttpClient/HCl#7] HTTP/1.1 (0.2s) 200 response from GET https://plex.tv/api/v2/release_channels?X-Plex-Token=xxxxxxxxxxxxxxxxxxxx
Jun 21, 2026 01:09:49.598 [140702531373880] DEBUG - [HttpClient/HCl#9] HTTP/1.1 (0.2s) 200 response from GET https://plex.tv/api/v2/features?X-Plex-Token=xxxxxxxxxxxxxxxxxxxx
Jun 21, 2026 01:09:49.600 [140702491294520] DEBUG - [HCl#a] HTTP requesting GET https://plex.tv/api/v2/server/users/features?filterFeatures[]=b83c8dc9-5a01-4b7a-a7c9-5870c8a6e21b&filterFeatures[]=926bc176-58ca-47da-b8e3-080ed14ea6ba&filterFeatures[]=ea791163-c28d-4b7c-af88-bcc9553b206d&filterFeatures[]=6ab6677b-ad9b-444f-9ca1-b8027d05b3e1&filterFeatures[]=56cd352b-0d47-436d-aced-f20db3508de5
Jun 21, 2026 01:09:49.608 [140702595046200] DEBUG - Jobs: '/usr/lib/plexmediaserver/CrashUploader' exit code for process 350 is 0 (success)
Jun 21, 2026 01:09:49.610 [140702531373880] DEBUG - [HttpClient/HCl#5] HTTP/1.1 (0.2s) 200 response from GET https://plex.tv/api/v2/user?includeSubscriptions=1&includeProviders=1 (reused)
Jun 21, 2026 01:09:49.612 [140702529264440] DEBUG - MyPlex: username is jellyplex_watched, login is jellyplex-watched@luigi311.com, home is 0, no pin
Jun 21, 2026 01:09:49.612 [140702516607800] DEBUG - [HCl#b] HTTP requesting GET https://plex.tv/api/v2/geoip
Jun 21, 2026 01:09:49.630 [140702531373880] DEBUG - [HttpClient/HCl#a] HTTP/1.1 (0.0s) 200 response from GET https://plex.tv/api/v2/server/users/features?filterFeatures[]=b83c8dc9-5a01-4b7a-a7c9-5870c8a6e21b&filterFeatures[]=926bc176-58ca-47da-b8e3-080ed14ea6ba&filterFeatures[]=ea791163-c28d-4b7c-af88-bcc9553b206d&filterFeatures[]=6ab6677b-ad9b-444f-9ca1-b8027d05b3e1&filterFeatures[]=56cd352b-0d47-436d-aced-f20db3508de5 (reused)
Jun 21, 2026 01:09:49.633 [140702531373880] DEBUG - [HttpClient/HCl#b] HTTP/1.1 (0.0s) 200 response from GET https://plex.tv/api/v2/geoip (reused)
Jun 21, 2026 01:09:49.635 [140702516607800] DEBUG - [HCl#d] HTTP requesting GET https://plex.tv/api/v2/user/privacy?X-Plex-Token=xxxxxxxxxxxxxxxxxxxx
Jun 21, 2026 01:09:49.636 [140702584613688] DEBUG - [EventSourceClient/pubsub/pubsub01.pop.ewr.plex.bz:443] Resolving pubsub01.pop.ewr.plex.bz port 443
Jun 21, 2026 01:09:49.636 [140702495513400] DEBUG - [HCl#e] HTTP requesting GET https://plex.tv/api/v2/server/webhooks?X-Plex-Token=xxxxxxxxxxxxxxxxxxxx
Jun 21, 2026 01:09:49.674 [140702531373880] DEBUG - [HttpClient/HCl#d] HTTP/1.1 (0.0s) 200 response from GET https://plex.tv/api/v2/user/privacy?X-Plex-Token=xxxxxxxxxxxxxxxxxxxx (reused)
Jun 21, 2026 01:09:49.676 [140702516607800] DEBUG - [HCl#f] HTTP requesting GET https://plex.tv/api/v2/release_channels?X-Plex-Token=xxxxxxxxxxxxxxxxxxxx
Jun 21, 2026 01:09:49.696 [140702531373880] DEBUG - [HttpClient/HCl#f] HTTP/1.1 (0.0s) 200 response from GET https://plex.tv/api/v2/release_channels?X-Plex-Token=xxxxxxxxxxxxxxxxxxxx (reused)
Jun 21, 2026 01:09:49.697 [140702516607800] DEBUG - [HCl#10] HTTP requesting GET https://plex.tv/api/v2/features?X-Plex-Token=xxxxxxxxxxxxxxxxxxxx
Jun 21, 2026 01:09:49.706 [140702531373880] DEBUG - [HttpClient/HCl#e] HTTP/1.1 (0.1s) 200 response from GET https://plex.tv/api/v2/server/webhooks?X-Plex-Token=xxxxxxxxxxxxxxxxxxxx (reused)
Jun 21, 2026 01:09:49.834 [140702531373880] DEBUG - [HttpClient/HCl#10] HTTP/1.1 (0.1s) 200 response from GET https://plex.tv/api/v2/features?X-Plex-Token=xxxxxxxxxxxxxxxxxxxx (reused)
Jun 21, 2026 01:09:49.835 [140702516607800] DEBUG - [HCl#11] HTTP requesting GET https://plex.tv/api/v2/server/users/features?filterFeatures[]=b83c8dc9-5a01-4b7a-a7c9-5870c8a6e21b&filterFeatures[]=926bc176-58ca-47da-b8e3-080ed14ea6ba&filterFeatures[]=ea791163-c28d-4b7c-af88-bcc9553b206d&filterFeatures[]=6ab6677b-ad9b-444f-9ca1-b8027d05b3e1&filterFeatures[]=56cd352b-0d47-436d-aced-f20db3508de5
Jun 21, 2026 01:09:49.862 [140702584613688] DEBUG - [EventSourceClient/pubsub/pubsub01.pop.ewr.plex.bz:443] Resolved pubsub01.pop.ewr.plex.bz to 45.33.73.250:443
Jun 21, 2026 01:09:49.888 [140702531373880] DEBUG - [HttpClient/HCl#11] HTTP/1.1 (0.1s) 200 response from GET https://plex.tv/api/v2/server/users/features?filterFeatures[]=b83c8dc9-5a01-4b7a-a7c9-5870c8a6e21b&filterFeatures[]=926bc176-58ca-47da-b8e3-080ed14ea6ba&filterFeatures[]=ea791163-c28d-4b7c-af88-bcc9553b206d&filterFeatures[]=6ab6677b-ad9b-444f-9ca1-b8027d05b3e1&filterFeatures[]=56cd352b-0d47-436d-aced-f20db3508de5 (reused)
Jun 21, 2026 01:09:49.891 [140702582504248] DEBUG - [EventSourceClient/pubsub/pubsub01.pop.ewr.plex.bz:443] Connected in 28 ms.
Jun 21, 2026 01:09:49.891 [140702582504248] DEBUG - [EventSourceClient/pubsub/pubsub01.pop.ewr.plex.bz:443] Wrote data, reading reply.
Jun 21, 2026 01:09:49.893 [140702516607800] DEBUG - CERT: Certificate will not expire soon; we'll check again in a week.
Jun 21, 2026 01:09:49.893 [140702516607800] DEBUG - MyPlex: Updating device connections (from timer: 0)
Jun 21, 2026 01:09:49.894 [140702460926776] DEBUG - MyPlex: sendMapping resetting state - previous mapping state: 'Not Mapped'.
Jun 21, 2026 01:09:49.894 [140702460926776] DEBUG - MyPlex: mapping state set to 'Unknown'.
Jun 21, 2026 01:09:49.894 [140702460926776] DEBUG - MyPlex: Sending Server Info to myPlex (user=jellyplex-watched@luigi311.com, ip=, port=0)
Jun 21, 2026 01:09:49.895 [140702516607800] DEBUG - [HCl#12] HTTP requesting PUT https://plex.tv/devices/4aa082f4f7d6dd1a83a571d03b236b07794db03c?Connection[][uri]=http://172.17.0.2:32400&httpsEnabled=1&httpsRequired=0&dnsRebindingProtection=0&X-Plex-Token=xxxxxxxxxxxxxxxxxxxx
Jun 21, 2026 01:09:49.895 [140702460926776] DEBUG - [HCl#13] HTTP requesting POST https://plex.tv/servers.xml?auth_token=xxxxxxxxxxxxxxxxxxxx
Jun 21, 2026 01:09:49.926 [140702531373880] DEBUG - [HttpClient/HCl#12] HTTP/1.1 (0.0s) 200 response from PUT https://plex.tv/devices/4aa082f4f7d6dd1a83a571d03b236b07794db03c?Connection[][uri]=http://172.17.0.2:32400&httpsEnabled=1&httpsRequired=0&dnsRebindingProtection=0&X-Plex-Token=xxxxxxxxxxxxxxxxxxxx (reused)
Jun 21, 2026 01:09:49.941 [140702582504248] DEBUG - [EventSourceClient/pubsub/pubsub01.pop.ewr.plex.bz:443] Read HTTP reply header.
Jun 21, 2026 01:09:49.941 [140702582504248] DEBUG - [EventSourceClient/pubsub/pubsub01.pop.ewr.plex.bz:443] MyPlex: We appear to have regained Internet connectivity.
Jun 21, 2026 01:09:49.946 [140702531373880] DEBUG - [HttpClient/HCl#13] HTTP/1.1 (0.1s) 422 response from POST https://plex.tv/servers.xml?auth_token=xxxxxxxxxxxxxxxxxxxx (reused)
Jun 21, 2026 01:09:49.946 [140702460926776] DEBUG - MyPlex: Published Mapping State response was 422
Jun 21, 2026 01:09:49.946 [140702460926776] DEBUG - MyPlex: Got response for 4aa082f4f7d6dd1a83a571d03b236b07794db03c ~ registered :0
Jun 21, 2026 01:09:49.946 [140702460926776] DEBUG - MyPlex: updating mapped state - current state: 'Not Mapped'
Jun 21, 2026 01:09:49.946 [140702460926776] DEBUG - MyPlex: mapping state set to 'Not Mapped'.
Jun 21, 2026 01:09:49.955 [140702582504248] DEBUG - [EventSourceClient/pubsub/pubsub01.pop.ewr.plex.bz:443] PublicAddressManager: Obtaining public address and mapping port.
Jun 21, 2026 01:09:49.955 [140702582504248] DEBUG - [EventSourceClient/pubsub/pubsub01.pop.ewr.plex.bz:443] MyPlex: async reachability check - current mapped state: 'Not Mapped'.
Jun 21, 2026 01:09:49.955 [140702582504248] WARN - [EventSourceClient/pubsub/pubsub01.pop.ewr.plex.bz:443] MyPlex: attempted a reachability check but we're not yet mapped.
Jun 21, 2026 01:09:49.955 [140702582504248] DEBUG - [EventSourceClient/pubsub/pubsub01.pop.ewr.plex.bz:443] Successfully connected to pubsub01.pop.ewr.plex.bz.
Jun 21, 2026 01:09:50.532 [140702527155000] DEBUG - File "/config/Library/Application Support/Plex Media Server/Plug-ins" changed: 2026-06-15 15:23:54 (1781537034) => 2026-06-21 01:09:49 (1782004189).
Jun 21, 2026 01:09:50.579 [140702520826680] DEBUG - Request: [127.0.0.1:50016 (Loopback)] GET /system/messaging/clear_events/com.plexapp.agents.imdb (5 live) #6 GZIP Signed-in Token (jellyplex_watched)
Jun 21, 2026 01:09:50.679 [140702516607800] DEBUG - Request: [127.0.0.1:50032 (Loopback)] GET /:/plugins/com.plexapp.system/resourceHashes (6 live) #12 GZIP Signed-in Token (jellyplex_watched)
Jun 21, 2026 01:09:51.532 [140702527155000] DEBUG - Scanning for plug-ins in "/usr/lib/plexmediaserver/Resources/Plug-ins-563d026ea"
Jun 21, 2026 01:09:51.534 [140702527155000] DEBUG - Scanning for plug-ins in "/config/Library/Application Support/Plex Media Server/Plug-ins"
Jun 21, 2026 01:09:51.534 [140702527155000] DEBUG - PluginRepository::setStartState: 1, startingSystem
Jun 21, 2026 01:09:51.534 [140702520826680] DEBUG - [Req#6] [com.plexapp.system] Sending command over HTTP (GET): /system/messaging/clear_events/com.plexapp.agents.imdb
Jun 21, 2026 01:09:51.534 [140702520826680] DEBUG - [Req#6/HCl#14] HTTP requesting GET http://127.0.0.1:44479/system/messaging/clear_events/com.plexapp.agents.imdb
Jun 21, 2026 01:09:51.534 [140702516607800] DEBUG - [Req#12] [com.plexapp.system] Sending command over HTTP (GET): /:/plugins/com.plexapp.system/resourceHashes
Jun 21, 2026 01:09:51.534 [140702516607800] DEBUG - [Req#12/HCl#15] HTTP requesting GET http://127.0.0.1:44479/:/plugins/com.plexapp.system/resourceHashes
Jun 21, 2026 01:09:51.534 [140702527155000] DEBUG - PluginRepository::setStartState: 2, startingPlugins
Jun 21, 2026 01:09:51.534 [140702527155000] DEBUG - Updating the list of agents known by the system.
Jun 21, 2026 01:09:51.534 [140702527155000] DEBUG - [com.plexapp.system] Sending command over HTTP (GET): /system/agents
Jun 21, 2026 01:09:51.534 [140702527155000] DEBUG - [HCl#16] HTTP requesting GET http://127.0.0.1:44479/system/agents
Jun 21, 2026 01:09:51.589 [140702531373880] DEBUG - [HttpClient/HCl#14] HTTP/1.1 (0.1s) 200 response from GET http://127.0.0.1:44479/system/messaging/clear_events/com.plexapp.agents.imdb
Jun 21, 2026 01:09:51.589 [140702520826680] DEBUG - [Req#6] [com.plexapp.system] HTTP reply status 200, with 0 bytes of content.
Jun 21, 2026 01:09:51.589 [140702584613688] DEBUG - Completed: [127.0.0.1:50016] 200 GET /system/messaging/clear_events/com.plexapp.agents.imdb (6 live) #6 GZIP 1010ms 280 bytes
Jun 21, 2026 01:09:51.598 [140702531373880] DEBUG - [HttpClient/HCl#16] HTTP/1.1 (0.1s) 200 response from GET http://127.0.0.1:44479/system/agents
Jun 21, 2026 01:09:51.598 [140702527155000] DEBUG - [com.plexapp.system] HTTP reply status 200, with 8986 bytes of content.
Jun 21, 2026 01:09:51.600 [140702527155000] DEBUG - The system knows about 12 agents.
Jun 21, 2026 01:09:51.600 [140702527155000] DEBUG - Waiting for 0 plug-ins to finish starting.
Jun 21, 2026 01:09:51.601 [140702527155000] DEBUG - Done waiting for all plug-ins to start.
Jun 21, 2026 01:09:51.601 [140702527155000] DEBUG - PluginRepository::setStartState: 3, complete
Jun 21, 2026 01:09:51.601 [140702491294520] DEBUG - Downloading document http://127.0.0.1:32400/:/plugins/com.plexapp.agents.imdb/prefs
Jun 21, 2026 01:09:51.673 [140702531373880] DEBUG - [HttpClient/HCl#15] HTTP/1.1 (0.1s) 404 response from GET http://127.0.0.1:44479/:/plugins/com.plexapp.system/resourceHashes
Jun 21, 2026 01:09:51.673 [140702516607800] DEBUG - [Req#12] [com.plexapp.system] HTTP reply status 404, with 0 bytes of content.
Jun 21, 2026 01:09:51.673 [140702582504248] DEBUG - Completed: [127.0.0.1:50032] 404 GET /:/plugins/com.plexapp.system/resourceHashes (5 live) #12 GZIP 994ms 261 bytes
Jun 21, 2026 01:09:51.688 [140702520826680] DEBUG - Request: [127.0.0.1:50044 (Loopback)] GET /:/plugins/com.plexapp.system/messaging/function/X0J1bmRsZVNlcnZpY2U6QWxsU2VydmljZXM_/Y2VyZWFsMQoxCmxpc3QKMApyMAo_/Y2VyZWFsMQoxCmRpY3QKMApyMAo_ (5 live) #13 GZIP Signed-in Token (jellyplex_watched)
Jun 21, 2026 01:09:51.688 [140702520826680] DEBUG - [Req#13] [com.plexapp.system] Sending command over HTTP (GET): /:/plugins/com.plexapp.system/messaging/function/X0J1bmRsZVNlcnZpY2U6QWxsU2VydmljZXM_/Y2VyZWFsMQoxCmxpc3QKMApyMAo_/Y2VyZWFsMQoxCmRpY3QKMApyMAo_
Jun 21, 2026 01:09:51.688 [140702520826680] DEBUG - [Req#13/HCl#17] HTTP requesting GET http://127.0.0.1:44479/:/plugins/com.plexapp.system/messaging/function/X0J1bmRsZVNlcnZpY2U6QWxsU2VydmljZXM_/Y2VyZWFsMQoxCmxpc3QKMApyMAo_/Y2VyZWFsMQoxCmRpY3QKMApyMAo_
Jun 21, 2026 01:09:51.693 [140702531373880] DEBUG - [HttpClient/HCl#17] HTTP/1.1 (0.0s) 200 response from GET http://127.0.0.1:44479/:/plugins/com.plexapp.system/messaging/function/X0J1bmRsZVNlcnZpY2U6QWxsU2VydmljZXM_/Y2VyZWFsMQoxCmxpc3QKMApyMAo_/Y2VyZWFsMQoxCmRpY3QKMApyMAo_ (reused)
Jun 21, 2026 01:09:51.693 [140702520826680] DEBUG - [Req#13] [com.plexapp.system] HTTP reply status 200, with 516 bytes of content.
Jun 21, 2026 01:09:51.694 [140702582504248] DEBUG - Completed: [127.0.0.1:50044] 200 GET /:/plugins/com.plexapp.system/messaging/function/X0J1bmRsZVNlcnZpY2U6QWxsU2VydmljZXM_/Y2VyZWFsMQoxCmxpc3QKMApyMAo_/Y2VyZWFsMQoxCmRpY3QKMApyMAo_ (5 live) #13 GZIP 5ms 746 bytes
Jun 21, 2026 01:09:51.742 [140702516607800] DEBUG - Request: [127.0.0.1:50054 (Loopback)] GET / (4 live) #17 GZIP Signed-in Token (jellyplex_watched)
Jun 21, 2026 01:09:51.745 [140702584613688] DEBUG - Completed: [127.0.0.1:50054] 200 GET / (4 live) #17 GZIP 2ms 4119 bytes
Jun 21, 2026 01:09:52.284 [140702520826680] DEBUG - Request: [127.0.0.1:50068 (Loopback)] GET /:/plugins/com.plexapp.system/messaging/function/X0FnZW50U2VydmljZTpVcGRhdGVJbmZv/Y2VyZWFsMQoxCmxpc3QKMApyMAo_/Y2VyZWFsMQo3CmRpY3QKbGlzdApkaWN0Cmxpc3QKbGlzdApsaXN0Cmxpc3QKMgpzMjMKY29tLnBsZXhhcHAuYWdlbnRzLmltZGJzMTAKaWRlbnRpZmllcnIxCnMxMAphZ2VudF9pbmZvMQpyMgoxMApyMwpzMTEKbWVkaWFfdHlwZXNyNApzMTIKYWNjZXB0c19mcm9tbnMxNApmYWxsYmFja19hZ2VudHI1CnMxNApjb250cmlidXRlc190b3I2CnM5Cmxhbmd1YWdlc2IxczIwCnBlcnNpc3Rfc3RvcmVkX2ZpbGVzaTAKczcKdmVyc2lvbmIxczE2CnByaW1hcnlfcHJvdmlkZXJiMXM1CnByZWZzczE5ClBsZXggTW92aWUgKExlZ2FjeSlzNApuYW1lMQpzNQpNb3ZpZTEKczI5CmNvbS5wbGV4YXBwLmFnZW50cy5sb2NhbG1lZGlhMQpzMjkKY29tLnBsZXhhcHAuYWdlbnRzLnRoZW1vdmllZGIzMwpzMgplbnMyCnN2czIKZnJzMgplc3MyCm5sczIKZGVzMgppdHMyCmRhczIKYXJzMgpjYXMyCnpoczIKY3NzMgpldHMyCmZpczIKZWxzMgpoZXMyCmhpczIKaHVzMgppZHMyCmphczIKa29zMgpsdnMyCm5vczIKZmFzMgpwbHMyCnB0czIKcm9zMgpydXMyCnNrczIKdGhzMgp0cnMyCnVrczIKdmlyMAo_ (4 live) #1a GZIP Signed-in Token (jellyplex_watched)
Jun 21, 2026 01:09:52.285 [140702520826680] DEBUG - [Req#1a] [com.plexapp.system] Sending command over HTTP (GET): /:/plugins/com.plexapp.system/messaging/function/X0FnZW50U2VydmljZTpVcGRhdGVJbmZv/Y2VyZWFsMQoxCmxpc3QKMApyMAo_/Y2VyZWFsMQo3CmRpY3QKbGlzdApkaWN0Cmxpc3QKbGlzdApsaXN0Cmxpc3QKMgpzMjMKY29tLnBsZXhhcHAuYWdlbnRzLmltZGJzMTAKaWRlbnRpZmllcnIxCnMxMAphZ2VudF9pbmZvMQpyMgoxMApyMwpzMTEKbWVkaWFfdHlwZXNyNApzMTIKYWNjZXB0c19mcm9tbnMxNApmYWxsYmFja19hZ2VudHI1CnMxNApjb250cmlidXRlc190b3I2CnM5Cmxhbmd1YWdlc2IxczIwCnBlcnNpc3Rfc3RvcmVkX2ZpbGVzaTAKczcKdmVyc2lvbmIxczE2CnByaW1hcnlfcHJvdmlkZXJiMXM1CnByZWZzczE5ClBsZXggTW92aWUgKExlZ2FjeSlzNApuYW1lMQpzNQpNb3ZpZTEKczI5CmNvbS5wbGV4YXBwLmFnZW50cy5sb2NhbG1lZGlhMQpzMjkKY29tLnBsZXhhcHAuYWdlbnRzLnRoZW1vdmllZGIzMwpzMgplbnMyCnN2czIKZnJzMgplc3MyCm5sczIKZGVzMgppdHMyCmRhczIKYXJzMgpjYXMyCnpoczIKY3NzMgpldHMyCmZpczIKZWxzMgpoZXMyCmhpczIKaHVzMgppZHMyCmphczIKa29zMgpsdnMyCm5vczIKZmFzMgpwbHMyCnB0czIKcm9zMgpydXMyCnNrczIKdGhzMgp0cnMyCnVrczIKdmlyMAo_
Jun 21, 2026 01:09:52.285 [140702520826680] DEBUG - [Req#1a/HCl#18] HTTP requesting GET http://127.0.0.1:44479/:/plugins/com.plexapp.system/messaging/function/X0FnZW50U2VydmljZTpVcGRhdGVJbmZv/Y2VyZWFsMQoxCmxpc3QKMApyMAo_/Y2VyZWFsMQo3CmRpY3QKbGlzdApkaWN0Cmxpc3QKbGlzdApsaXN0Cmxpc3QKMgpzMjMKY29tLnBsZXhhcHAuYWdlbnRzLmltZGJzMTAKaWRlbnRpZmllcnIxCnMxMAphZ2VudF9pbmZvMQpyMgoxMApyMwpzMTEKbWVkaWFfdHlwZXNyNApzMTIKYWNjZXB0c19mcm9tbnMxNApmYWxsYmFja19hZ2VudHI1CnMxNApjb250cmlidXRlc190b3I2CnM5Cmxhbmd1YWdlc2IxczIwCnBlcnNpc3Rfc3RvcmVkX2ZpbGVzaTAKczcKdmVyc2lvbmIxczE2CnByaW1hcnlfcHJvdmlkZXJiMXM1CnByZWZzczE5ClBsZXggTW92aWUgKExlZ2FjeSlzNApuYW1lMQpzNQpNb3ZpZTEKczI5CmNvbS5wbGV4YXBwLmFnZW50cy5sb2NhbG1lZGlhMQpzMjkKY29tLnBsZXhhcHAuYWdlbnRzLnRoZW1vdmllZGIzMwpzMgplbnMyCnN2czIKZnJzMgplc3MyCm5sczIKZGVzMgppdHMyCmRhczIKYXJzMgpjYXMyCnpoczIKY3NzMgpldHMyCmZpczIKZWxzMgpoZXMyCmhpczIKaHVzMgppZHMyCmphczIKa29zMgpsdnMyCm5vczIKZmFzMgpwbHMyCnB0czIKcm9zMgpydXMyCnNrczIKdGhzMgp0cnMyCnVrczIKdmlyMAo_
Jun 21, 2026 01:09:52.290 [140702531373880] DEBUG - [HttpClient/HCl#18] HTTP/1.1 (0.0s) 200 response from GET http://127.0.0.1:44479/:/plugins/com.plexapp.system/messaging/function/X0FnZW50U2VydmljZTpVcGRhdGVJbmZv/Y2VyZWFsMQoxCmxpc3QKMApyMAo_/Y2VyZWFsMQo3CmRpY3QKbGlzdApkaWN0Cmxpc3QKbGlzdApsaXN0Cmxpc3QKMgpzMjMKY29tLnBsZXhhcHAuYWdlbnRzLmltZGJzMTAKaWRlbnRpZmllcnIxCnMxMAphZ2VudF9pbmZvMQpyMgoxMApyMwpzMTEKbWVkaWFfdHlwZXNyNApzMTIKYWNjZXB0c19mcm9tbnMxNApmYWxsYmFja19hZ2VudHI1CnMxNApjb250cmlidXRlc190b3I2CnM5Cmxhbmd1YWdlc2IxczIwCnBlcnNpc3Rfc3RvcmVkX2ZpbGVzaTAKczcKdmVyc2lvbmIxczE2CnByaW1hcnlfcHJvdmlkZXJiMXM1CnByZWZzczE5ClBsZXggTW92aWUgKExlZ2FjeSlzNApuYW1lMQpzNQpNb3ZpZTEKczI5CmNvbS5wbGV4YXBwLmFnZW50cy5sb2NhbG1lZGlhMQpzMjkKY29tLnBsZXhhcHAuYWdlbnRzLnRoZW1vdmllZGIzMwpzMgplbnMyCnN2czIKZnJzMgplc3MyCm5sczIKZGVzMgppdHMyCmRhczIKYXJzMgpjYXMyCnpoczIKY3NzMgpldHMyCmZpczIKZWxzMgpoZXMyCmhpczIKaHVzMgppZHMyCmphczIKa29zMgpsdnMyCm5vczIKZmFzMgpwbHMyCnB0czIKcm9zMgpydXMyCnNrczIKdGhzMgp0cnMyCnVrczIKdmlyMAo_
Jun 21, 2026 01:09:52.290 [140702520826680] DEBUG - [Req#1a] [com.plexapp.system] HTTP reply status 200, with 16 bytes of content.
Jun 21, 2026 01:09:52.290 [140702584613688] DEBUG - Completed: [127.0.0.1:50068] 200 GET /:/plugins/com.plexapp.system/messaging/function/X0FnZW50U2VydmljZTpVcGRhdGVJbmZv/Y2VyZWFsMQoxCmxpc3QKMApyMAo_/Y2VyZWFsMQo3CmRpY3QKbGlzdApkaWN0Cmxpc3QKbGlzdApsaXN0Cmxpc3QKMgpzMjMKY29tLnBsZXhhcHAuYWdlbnRzLmltZGJzMTAKaWRlbnRpZmllcnIxCnMxMAphZ2VudF9pbmZvMQpyMgoxMApyMwpzMTEKbWVkaWFfdHlwZXNyNApzMTIKYWNjZXB0c19mcm9tbnMxNApmYWxsYmFja19hZ2VudHI1CnMxNApjb250cmlidXRlc190b3I2CnM5Cmxhbmd1YWdlc2IxczIwCnBlcnNpc3Rfc3RvcmVkX2ZpbGVzaTAKczcKdmVyc2lvbmIxczE2CnByaW1hcnlfcHJvdmlkZXJiMXM1CnByZWZzczE5ClBsZXggTW92aWUgKExlZ2FjeSlzNApuYW1lMQpzNQpNb3ZpZTEKczI5CmNvbS5wbGV4YXBwLmFnZW50cy5sb2NhbG1lZGlhMQpzMjkKY29tLnBsZXhhcHAuYWdlbnRzLnRoZW1vdmllZGIzMwpzMgplbnMyCnN2czIKZnJzMgplc3MyCm5sczIKZGVzMgppdHMyCmRhczIKYXJzMgpjYXMyCnpoczIKY3NzMgpldHMyCmZpczIKZWxzMgpoZXMyCmhpczIKaHVzMgppZHMyCmphczIKa29zMgpsdnMyCm5vczIKZmFzMgpwbHMyCnB0czIKcm9zMgpydXMyCnNrczIKdGhzMgp0cnMyCnVrczIKdmlyMAo_ (4 live) #1a GZIP 6ms 415 bytes
Jun 21, 2026 01:09:52.294 [140702467255096] DEBUG - [Req#9] Reading 148 bytes in the body, code is 200
Jun 21, 2026 01:09:52.294 [140702467255096] DEBUG - [Req#9] [com.plexapp.agents.imdb] Plug-in running on port 39639.
Jun 21, 2026 01:09:52.294 [140702467255096] DEBUG - [Req#9] Read configuration for [com.plexapp.agents.imdb], had 0 prefixes
Jun 21, 2026 01:09:52.294 [140702467255096] DEBUG - [Req#9] [com.plexapp.agents.imdb] Sending command over HTTP (GET): /:/plugins/com.plexapp.agents.imdb/prefs
Jun 21, 2026 01:09:52.294 [140702491294520] DEBUG - [Req#15] [com.plexapp.agents.imdb] Sending command over HTTP (GET): /:/plugins/com.plexapp.agents.imdb/prefs
Jun 21, 2026 01:09:52.294 [140702491294520] DEBUG - [Req#15/HCl#1a] HTTP requesting GET http://127.0.0.1:39639/:/plugins/com.plexapp.agents.imdb/prefs
Jun 21, 2026 01:09:52.294 [140702467255096] DEBUG - [Req#9/HCl#19] HTTP requesting GET http://127.0.0.1:39639/:/plugins/com.plexapp.agents.imdb/prefs
Jun 21, 2026 01:09:52.316 [140702531373880] DEBUG - [HttpClient/HCl#19] HTTP/1.1 (0.0s) 200 response from GET http://127.0.0.1:39639/:/plugins/com.plexapp.agents.imdb/prefs
Jun 21, 2026 01:09:52.318 [140702531373880] DEBUG - [HttpClient/HCl#1a] HTTP/1.1 (0.0s) 200 response from GET http://127.0.0.1:39639/:/plugins/com.plexapp.agents.imdb/prefs
Jun 21, 2026 01:09:52.318 [140702467255096] DEBUG - [Req#9] [com.plexapp.agents.imdb] HTTP reply status 200, with 2224 bytes of content.
Jun 21, 2026 01:09:52.318 [140702467255096] DEBUG - Caching document http://127.0.0.1:32400/:/plugins/com.plexapp.agents.imdb/prefs as b9fc87a911335e2a697c280f145d059f55133b8f
Jun 21, 2026 01:09:52.318 [140702467255096] DEBUG - IVA: Downloading trailer lists.
Jun 21, 2026 01:09:52.318 [140702491294520] DEBUG - [Req#15] [com.plexapp.agents.imdb] HTTP reply status 200, with 2224 bytes of content.
Jun 21, 2026 01:09:52.318 [140702491294520] DEBUG - Caching document http://127.0.0.1:32400/:/plugins/com.plexapp.agents.imdb/prefs as b9fc87a911335e2a697c280f145d059f55133b8f
Jun 21, 2026 01:09:52.319 [140702491294520] DEBUG - IVA: Downloading trailer lists.
Jun 21, 2026 01:09:52.394 [140702491294520] DEBUG - IVA: Downloaded 7 trailers for source 1.
Jun 21, 2026 01:09:52.396 [140702467255096] DEBUG - IVA: Downloaded 7 trailers for source 1.
Jun 21, 2026 01:09:52.418 [140702491294520] DEBUG - IVA: Downloaded 31 trailers for source 2.
Jun 21, 2026 01:09:52.419 [140702467255096] DEBUG - IVA: Downloaded 31 trailers for source 2.
Jun 21, 2026 01:09:52.635 [140702497622840] DEBUG - [MediaProviderManager] Refreshing media providers
Jun 21, 2026 01:09:52.636 [140702497622840] DEBUG - [MediaProviderManager/Response::fetch/HCl#21] HTTP requesting GET https://plex.tv/media/providers
Jun 21, 2026 01:09:52.658 [140702531373880] DEBUG - [HttpClient/HCl#21] HTTP/1.1 (0.0s) 200 response from GET https://plex.tv/media/providers (reused)
Jun 21, 2026 01:09:52.658 [140702497622840] DEBUG - [MediaProviderManager] discovered cloud provider (Movies & Shows)
Jun 21, 2026 01:09:52.659 [140702497622840] DEBUG - [MediaProviderManager] discovered cloud provider (Metadata)
Jun 21, 2026 01:09:52.659 [140702497622840] DEBUG - [MediaProviderManager] loading cloud provider details (Metadata) (alive: 0)
Jun 21, 2026 01:09:52.659 [140702491294520] DEBUG - [MediaProviderManager/HCl#22] HTTP requesting GET https://vod.provider.plex.tv?includePreferences=1
Jun 21, 2026 01:09:52.769 [140702531373880] DEBUG - [HttpClient/HCl#22] HTTP/2.0 (0.1s) 200 response from GET https://vod.provider.plex.tv?includePreferences=1
Jun 21, 2026 01:09:52.770 [140702497622840] DEBUG - [MediaProviderManager] loading cloud provider details (Movies & Shows) (alive: 1)
Jun 21, 2026 01:09:52.770 [140702497622840] DEBUG - [MediaProviderManager] we had 0 cloud providers online, we now have 2
Jun 21, 2026 01:09:52.770 [140702497622840] DEBUG - [MediaProviderManager] cloud provider (Metadata) is online and available
Jun 21, 2026 01:09:52.770 [140702497622840] DEBUG - [MediaProviderManager] cloud provider (Movies & Shows) is online and available
Jun 21, 2026 01:09:52.771 [140702497622840] DEBUG - [MediaProviderManager/MetadataAgentManager] Found media provider for agent provider 'tv.plex.agents.movie' with source URI 'provider://tv.plex.provider.metadata'
Jun 21, 2026 01:09:52.771 [140702497622840] DEBUG - [MediaProviderManager/MetadataAgentManager] Found media provider for agent provider 'tv.plex.agents.series' with source URI 'provider://tv.plex.provider.metadata'
Jun 21, 2026 01:09:52.771 [140702497622840] DEBUG - [MediaProviderManager/MetadataAgentManager] Found media provider for agent provider 'tv.plex.agents.music' with source URI 'provider://tv.plex.provider.metadata'
Jun 21, 2026 01:09:52.771 [140702497622840] DEBUG - [MediaProviderManager/MetadataAgentManager] Found media provider for agent provider 'org.musicbrainz.agents.music' with source URI 'provider://tv.plex.provider.metadata'
Jun 21, 2026 01:09:52.772 [140702497622840] DEBUG - [MediaProviderManager/MetadataAgentManager] Found media provider for agent provider 'tv.plex.agents.nfo.movie' with source URI 'provider://tv.plex.provider.metadata'
Jun 21, 2026 01:09:52.772 [140702497622840] DEBUG - [MediaProviderManager/MetadataAgentManager] Found media provider for agent provider 'tv.plex.agents.nfo.series' with source URI 'provider://tv.plex.provider.metadata'
Jun 21, 2026 01:09:52.772 [140702497622840] DEBUG - [MediaProviderManager] Media provider refresh complete
Jun 21, 2026 01:09:54.421 [140702510279480] DEBUG - [NSB] NetworkServiceBrowser: SERVER arrived: 127.0.0.1 (JellyPlex-CI)
Jun 21, 2026 01:09:54.421 [140702510279480] DEBUG - [NSB] Notifying the system bundle an update to server /system/notify/serverUpdated?host=127.0.0.1
Jun 21, 2026 01:09:54.421 [140702510279480] DEBUG - [NSB] [com.plexapp.system] Sending command over HTTP (GET): /system/notify/serverUpdated?host=127.0.0.1
Jun 21, 2026 01:09:54.421 [140702510279480] DEBUG - [NSB/HCl#25] HTTP requesting GET http://127.0.0.1:44479/system/notify/serverUpdated?host=127.0.0.1
Jun 21, 2026 01:09:54.427 [140702516607800] DEBUG - Request: [127.0.0.1:50076 (Loopback)] GET /servers (4 live) #1c GZIP Signed-in Token (jellyplex_watched)
Jun 21, 2026 01:09:54.428 [140702582504248] DEBUG - Completed: [127.0.0.1:50076] 200 GET /servers (4 live) #1c GZIP 0ms 495 bytes
Jun 21, 2026 01:09:54.435 [140702531373880] DEBUG - [HttpClient/HCl#25] HTTP/1.1 (0.0s) 200 response from GET http://127.0.0.1:44479/system/notify/serverUpdated?host=127.0.0.1
Jun 21, 2026 01:09:54.435 [140702510279480] DEBUG - [NSB] [com.plexapp.system] HTTP reply status 200, with 0 bytes of content.
Jun 21, 2026 01:09:54.635 [140702487075640] DEBUG - [PubsubServerManager/process/HCl#26] HTTP requesting GET https://plex.tv/services/pubsub/servers
Jun 21, 2026 01:09:54.654 [140702531373880] DEBUG - [HttpClient/HCl#26] HTTP/1.1 (0.0s) 200 response from GET https://plex.tv/services/pubsub/servers (reused)
Jun 21, 2026 01:09:55.679 [140702487075640] DEBUG - [PubsubServerManager/process] Time to connect to pubsub01.pop.ewr.plex.bz was 28 ms.
Jun 21, 2026 01:09:55.679 [140702487075640] DEBUG - [PubsubServerManager/process] Time to connect to pubsub02.pop.ewr.plex.bz was 28 ms.
Jun 21, 2026 01:09:55.679 [140702487075640] DEBUG - [PubsubServerManager/process] Time to connect to pubsub03.pop.atl.plex.bz was 48 ms.
Jun 21, 2026 01:09:55.679 [140702487075640] DEBUG - [PubsubServerManager/process] Time to connect to pubsub00.pop.yyz.plex.bz was 54 ms.
Jun 21, 2026 01:09:55.679 [140702487075640] DEBUG - [PubsubServerManager/process] Time to connect to pubsub01.pop.dfw.plex.bz was 99 ms.
Jun 21, 2026 01:09:55.679 [140702487075640] DEBUG - [PubsubServerManager/process] Time to connect to pubsub01.pop.fmt.plex.bz was 198 ms.
Jun 21, 2026 01:09:55.679 [140702487075640] DEBUG - [PubsubServerManager/process] Time to connect to pubsub04.pop.lhr.plex.bz was 235 ms.
Jun 21, 2026 01:09:55.679 [140702487075640] DEBUG - [PubsubServerManager/process] Time to connect to pubsub05.pop.fra.plex.bz was 281 ms.
Jun 21, 2026 01:09:55.679 [140702487075640] DEBUG - [PubsubServerManager/process] Time to connect to pubsub02.pop.hnd.plex.bz was 489 ms.
Jun 21, 2026 01:09:55.679 [140702487075640] DEBUG - [PubsubServerManager/process] Time to connect to pubsub01.pop.sin.plex.bz was 693 ms.
Jun 21, 2026 01:09:55.679 [140702487075640] DEBUG - [PubsubServerManager/process] Updating best ping time for pubsub01.pop.ewr.plex.bz to 28 ms.
Jun 21, 2026 01:09:57.692 [140702467255096] DEBUG - DVR:Device: Discovering and refreshing all devices.
Jun 21, 2026 01:09:57.693 [140702467255096] DEBUG - Grabber: HDHomerun discovered 0 compatible devices.
Jun 21, 2026 01:09:57.693 [140702467255096] DEBUG - [HCl#27] HTTP requesting POST http://127.0.0.1:32600/devices/discover
Jun 21, 2026 01:09:59.429 [140702473583416] DEBUG - Grabber: Cleaning up orphaned grabs.
Jun 21, 2026 01:09:59.430 [140702473583416] DEBUG - Grabber: Cleaned up 0 decrepit directories in 0.0 sec.
Jun 21, 2026 01:09:59.430 [140702473583416] DEBUG - Activity: registered new activity 4a37ed97-ba2a-4eb9-82cf-71d63167e61e - "Processing subscriptions"
Jun 21, 2026 01:09:59.430 [140702473583416] DEBUG - Subscription: Scheduling subscriptions.
Jun 21, 2026 01:09:59.430 [140702473583416] DEBUG - Subscription: Initialized 0 schedulers.
Jun 21, 2026 01:09:59.430 [140702473583416] DEBUG - Subscription: Starting with 0 grabs, scheduled 0 active ones preemptively.
Jun 21, 2026 01:09:59.430 [140702473583416] DEBUG - Subscription: Scheduled all subscriptions in 0 ms.
Jun 21, 2026 01:09:59.430 [140702473583416] DEBUG - Activity: Ended activity 4a37ed97-ba2a-4eb9-82cf-71d63167e61e.
Jun 21, 2026 01:09:59.430 [140702473583416] DEBUG - Subscription: There are 0 active grabs at the end.
Jun 21, 2026 01:09:59.430 [140702473583416] DEBUG - Activity: Ended activity 0afe6db7-4296-4ba5-9d27-f022abbbb25d.
Jun 21, 2026 01:09:59.430 [140702473583416] DEBUG - Subscription: Refreshed all content in 0 ms.
Jun 21, 2026 01:09:59.636 [140702487075640] DEBUG - [HCl#28] HTTP requesting GET https://plex.tv/api/resources.xml?includeHttps=1&includeRelay=1&auth_token=xxxxxxxxxxxxxxxxxxxx
Jun 21, 2026 01:09:59.702 [140702531373880] DEBUG - [HttpClient/HCl#28] HTTP/1.1 (0.1s) 200 response from GET https://plex.tv/api/resources.xml?includeHttps=1&includeRelay=1&auth_token=xxxxxxxxxxxxxxxxxxxx (reused)
Jun 21, 2026 01:09:59.702 [140702487075640] DEBUG - Media Server: Tested all servers in 0.0 seconds.
Jun 21, 2026 01:10:00.121 [140702531373880] DEBUG - [HttpClient/HCl#27] HTTP/1.1 (2.4s) 200 response from POST http://127.0.0.1:32600/devices/discover
Jun 21, 2026 01:10:01.428 [140702522936120] DEBUG - NAT: UPnP, didn't find usable IGD.
Jun 21, 2026 01:10:01.429 [140702522936120] DEBUG - NAT: PMP, attempting mapping.
Jun 21, 2026 01:10:01.599 [140702592490296] DEBUG - NAT: UPnP, getPublicIP didn't find usable IGD.
Jun 21, 2026 01:10:01.679 [140702522936120] WARN - NAT: PMP, got an error: Not Supported by gateway.
Jun 21, 2026 01:10:01.679 [140702522936120] DEBUG - NAT: UPnP, attempting port mapping.
Jun 21, 2026 01:10:01.850 [140702592490296] WARN - NAT: PMP, got an error: Not Supported by gateway.
Jun 21, 2026 01:10:01.850 [140702592490296] DEBUG - MyPlex: sendMapping resetting state - previous mapping state: 'Not Mapped'.
Jun 21, 2026 01:10:01.850 [140702592490296] DEBUG - MyPlex: mapping state set to 'Unknown'.
Jun 21, 2026 01:10:01.851 [140702592490296] DEBUG - MyPlex: Sending Server Info to myPlex (user=jellyplex-watched@luigi311.com, ip=20.55.46.162, port=0)
Jun 21, 2026 01:10:01.851 [140702592490296] DEBUG - [HCl#29] HTTP requesting POST https://plex.tv/servers.xml?auth_token=xxxxxxxxxxxxxxxxxxxx
Jun 21, 2026 01:10:01.898 [140702531373880] DEBUG - [HttpClient/HCl#29] HTTP/1.1 (0.0s) 422 response from POST https://plex.tv/servers.xml?auth_token=xxxxxxxxxxxxxxxxxxxx (reused)
Jun 21, 2026 01:10:01.898 [140702592490296] DEBUG - MyPlex: Published Mapping State response was 422
Jun 21, 2026 01:10:01.898 [140702592490296] DEBUG - MyPlex: Got response for 4aa082f4f7d6dd1a83a571d03b236b07794db03c ~ registered :0
Jun 21, 2026 01:10:01.898 [140702592490296] DEBUG - MyPlex: updating mapped state - current state: 'Not Mapped'
Jun 21, 2026 01:10:01.898 [140702592490296] DEBUG - MyPlex: mapping state set to 'Not Mapped'.
Jun 21, 2026 01:10:01.898 [140702592490296] DEBUG - MyPlex: Updating device connections (from timer: 0)
Jun 21, 2026 01:10:01.898 [140702592490296] DEBUG - [HCl#2a] HTTP requesting PUT https://plex.tv/devices/4aa082f4f7d6dd1a83a571d03b236b07794db03c?Connection[][uri]=http://172.17.0.2:32400&httpsEnabled=1&httpsRequired=0&dnsRebindingProtection=0&natLoopbackSupported=0&X-Plex-Token=xxxxxxxxxxxxxxxxxxxx
Jun 21, 2026 01:10:01.930 [140702531373880] DEBUG - [HttpClient/HCl#2a] HTTP/1.1 (0.0s) 200 response from PUT https://plex.tv/devices/4aa082f4f7d6dd1a83a571d03b236b07794db03c?Connection[][uri]=http://172.17.0.2:32400&httpsEnabled=1&httpsRequired=0&dnsRebindingProtection=0&natLoopbackSupported=0&X-Plex-Token=xxxxxxxxxxxxxxxxxxxx (reused)
Jun 21, 2026 01:10:13.692 [140702522936120] DEBUG - NAT: UPnP, didn't find usable IGD.
Jun 21, 2026 01:10:13.692 [140702522936120] DEBUG - PublicAddressManager: Mapping failed.
Jun 21, 2026 01:10:13.692 [140702522936120] DEBUG - MyPlex: mapping state set to 'Mapped - Not Published'.
Jun 21, 2026 01:10:13.692 [140702522936120] DEBUG - MyPlex: sendMapping resetting state - previous mapping state: 'Mapped - Not Published'.
Jun 21, 2026 01:10:13.692 [140702522936120] DEBUG - MyPlex: mapping state set to 'Unknown'.
Jun 21, 2026 01:10:13.693 [140702522936120] DEBUG - MyPlex: Sending Server Info to myPlex (user=jellyplex-watched@luigi311.com, ip=20.55.46.162, port=0)
Jun 21, 2026 01:10:13.693 [140702522936120] DEBUG - [HCl#2b] HTTP requesting POST https://plex.tv/servers.xml?auth_token=xxxxxxxxxxxxxxxxxxxx
Jun 21, 2026 01:10:13.804 [140702531373880] DEBUG - [HttpClient/HCl#2b] HTTP/1.1 (0.1s) 422 response from POST https://plex.tv/servers.xml?auth_token=xxxxxxxxxxxxxxxxxxxx
Jun 21, 2026 01:10:13.804 [140702522936120] DEBUG - MyPlex: Published Mapping State response was 422
Jun 21, 2026 01:10:13.804 [140702522936120] DEBUG - MyPlex: Got response for 4aa082f4f7d6dd1a83a571d03b236b07794db03c ~ registered :0
Jun 21, 2026 01:10:13.804 [140702522936120] DEBUG - MyPlex: updating mapped state - current state: 'Mapped - Not Published'
Jun 21, 2026 01:10:13.804 [140702522936120] DEBUG - MyPlex: mapping state set to 'Mapped - Publishing'.
Jun 21, 2026 01:10:13.804 [140702522936120] DEBUG - MyPlex: async reachability check - current mapped state: 'Mapped - Publishing'.
Jun 21, 2026 01:10:13.804 [140702522936120] DEBUG - MyPlex: Requesting reachability check.
Jun 21, 2026 01:10:13.804 [140702522936120] DEBUG - [HCl#2c] HTTP requesting PUT https://plex.tv/api/servers/4aa082f4f7d6dd1a83a571d03b236b07794db03c/connectivity?X-Plex-Token=xxxxxxxxxxxxxxxxxxxx&asyncIdentifier=e0b7d52a-caa8-44df-b586-7fb6107d1abf
Jun 21, 2026 01:10:13.821 [140702531373880] DEBUG - [HttpClient/HCl#2c] HTTP/1.1 (0.0s) 200 response from PUT https://plex.tv/api/servers/4aa082f4f7d6dd1a83a571d03b236b07794db03c/connectivity?X-Plex-Token=xxxxxxxxxxxxxxxxxxxx&asyncIdentifier=e0b7d52a-caa8-44df-b586-7fb6107d1abf (reused)
Jun 21, 2026 01:10:13.822 [140702522936120] DEBUG - MyPlex: Last published value didn't change, we're done.
Jun 21, 2026 01:10:13.847 [140702584613688] DEBUG - [EventSourceClient/pubsub/pubsub01.pop.ewr.plex.bz:443] EventSource: Got event [data] '<Message address="" port="0" asyncIdentifier="e0b7d52a-caa8-44df-b586-7fb6107d1abf" connectivity="0" command="notifyConnectivity"/>'
Jun 21, 2026 01:10:13.847 [140702584613688] DEBUG - [EventSourceClient/pubsub/pubsub01.pop.ewr.plex.bz:443] PubSub: Got notified of reachability for async identifier e0b7d52a-caa8-44df-b586-7fb6107d1abf: 0 for :0 (responded in 25 ms)
Jun 21, 2026 01:10:13.847 [140702584613688] DEBUG - [EventSourceClient/pubsub/pubsub01.pop.ewr.plex.bz:443] MyPlex: reachability check - current mapping state: 'Mapped - Publishing'.
Jun 21, 2026 01:10:13.847 [140702584613688] DEBUG - [EventSourceClient/pubsub/pubsub01.pop.ewr.plex.bz:443] MyPlex: mapping state set to 'Mapped - Not Published (Not Reachable)'.
Jun 21, 2026 01:10:17.676 [140702467255096] DEBUG - [HCl#2d] HTTP requesting GET https://plex.tv/api/v2/shared_sources/owned?machineIdentifier=4aa082f4f7d6dd1a83a571d03b236b07794db03c
Jun 21, 2026 01:10:17.707 [140702531373880] DEBUG - [HttpClient/HCl#2d] HTTP/1.1 (0.0s) 200 response from GET https://plex.tv/api/v2/shared_sources/owned?machineIdentifier=4aa082f4f7d6dd1a83a571d03b236b07794db03c (reused)
Jun 21, 2026 01:10:17.708 [140702467255096] DEBUG - [HCl#2e] HTTP requesting GET https://plex.tv/api/v2/server/access_tokens?auth_token=xxxxxxxxxxxxxxxxxxxx
Jun 21, 2026 01:10:17.771 [140702531373880] DEBUG - [HttpClient/HCl#2e] HTTP/1.1 (0.1s) 200 response from GET https://plex.tv/api/v2/server/access_tokens?auth_token=xxxxxxxxxxxxxxxxxxxx (reused)
Jun 21, 2026 01:10:17.771 [140702467255096] DEBUG - MyPlex: updating with 1 access tokens
Jun 21, 2026 01:10:17.772 [140702467255096] DEBUG - [HCl#2f] HTTP requesting GET https://plex.tv/api/v2/server/users?auth_token=xxxxxxxxxxxxxxxxxxxx
Jun 21, 2026 01:10:17.799 [140702531373880] DEBUG - [HttpClient/HCl#2f] HTTP/1.1 (0.0s) 200 response from GET https://plex.tv/api/v2/server/users?auth_token=xxxxxxxxxxxxxxxxxxxx (reused)
Jun 21, 2026 01:10:17.800 [140702529264440] DEBUG - [HCl#30] HTTP requesting GET https://plex.tv/api/v2/server/users/subscriptions?auth_token=xxxxxxxxxxxxxxxxxxxx
Jun 21, 2026 01:10:17.821 [140702531373880] DEBUG - [HttpClient/HCl#30] HTTP/1.1 (0.0s) 200 response from GET https://plex.tv/api/v2/server/users/subscriptions?auth_token=xxxxxxxxxxxxxxxxxxxx (reused)
Jun 21, 2026 01:10:17.822 [140702529264440] DEBUG - MyPlex: using cached data for request for https://plex.tv/api/v2/server/users/services?auth_token=xxxxxxxxxxxxxxxxxxxx
Jun 21, 2026 01:10:18.053 [140702595046200] DEBUG - Shutting down with signal 15 (Terminated)
Jun 21, 2026 01:10:18.053 [140702595046200] DEBUG - Ordered to stop server.
Jun 21, 2026 01:10:18.053 [140702595046200] DEBUG - [JobRunner] Job running: /usr/lib/plexmediaserver/CrashUploader --sessionStatus=exited --sessionStart=1782004187 --sessionDuration=31 --version=1.43.2.10687-563d026ea --userId=jellyplex-watched@luigi311.com --sentryUrl=https://o17675.ingest.sentry.io/api/1233455/ --sentryKey=xxxxxxxxxxxxxxxxxxxxxxxxxxxxxxxx
Jun 21, 2026 01:10:18.054 [140702595046200] DEBUG - [JobRunner] Jobs: Starting child process with pid 409
Jun 21, 2026 01:10:18.055 [140702599789200] DEBUG - Stopping server...
Jun 21, 2026 01:10:18.055 [140702599789200] DEBUG - HttpServer: Stopping server.
Jun 21, 2026 01:10:18.055 [140702473583416] DEBUG - TranscodeJobManager: [Running] onServerShutdown
Jun 21, 2026 01:10:18.055 [140702473583416] DEBUG - TranscodeJobManager: [Running] -> [Shutdown]
Jun 21, 2026 01:10:18.055 [140702473583416] DEBUG - MetadataItemClusterRequestHandler: a shutdown event has been received
Jun 21, 2026 01:10:18.055 [140702599789200] DEBUG - Server stopped.
Jun 21, 2026 01:10:18.055 [140702599789200] DEBUG - NetworkService: Stopping advertisement.
Jun 21, 2026 01:10:18.055 [140702599789200] DEBUG - Killing plug-ins.
Jun 21, 2026 01:10:18.070 [140702599789200] DEBUG - [com.plexapp.agents.imdb] Killing.
Jun 21, 2026 01:10:18.074 [140702595046200] WARN - JobManager: Could not find job for handle 349
Jun 21, 2026 01:10:18.074 [140702599789200] DEBUG - [com.plexapp.system] Killing.
Jun 21, 2026 01:10:18.079 [140702595046200] WARN - JobManager: Could not find job for handle 247
Jun 21, 2026 01:10:18.080 [140702599789200] DEBUG - ChildProcessMonitor: Waiting for Plex Tuner Service to exit.
Jun 21, 2026 01:10:18.080 [140702599789200] DEBUG - [JobRunner] Signalling job ID 318 with 2
Jun 21, 2026 01:10:18.092 [140702595046200] DEBUG - Jobs: '/usr/lib/plexmediaserver/Plex Tuner Service' exit code for process 318 is 0 (success)
Jun 21, 2026 01:10:18.092 [140702503951160] DEBUG - [ChildProcessMonitor] Plex Tuner Service exited.
Jun 21, 2026 01:10:18.092 [140702599789200] DEBUG - Database: Shutting down.
Jun 21, 2026 01:10:18.100 [140702599789200] DEBUG - Database: Shutting down.
