<SessionReport version="2" startTime="0" startTimestamp="Jan 03, 2024 03:15:40.905" key="/library/metadata/26" session="x6mlvvf0j1g6pmggbfgiw3lh" transcode="q73zcll559qxsso8r8nkf4zt">
<User id="1" thumb="https://plex.tv/users/9529775b381eead0/avatar?c=1704251423" title="jellyplex_watched" />
<Player address="172.17.0.1" device="Linux" machineIdentifier="upurcdbxa4neyp5i22yscl4w" model="bundled" platform="Firefox" platformVersion="120.0" product="Plex Web" remotePublicAddress="174.56.16.213" title="Firefox" version="4.108.0" local="1" relayed="0" secure="0" userID="1" />
<Variants>
<Variant id="d00ec303-f8b3-487c-98cc-958cbb3b55da" targetBitrate="3" context="streaming" sourceVideoCodec="h264" videoDecision="copy" protocol="dash" container="mp4" videoCodec="h264" transcodeHwRequested="0" transcodeHwFullPipeline="0">
<Media id="16" videoProfile="high" container="mp4" duration="601000" height="96" optimizedForStreaming="1" protocol="dash" videoCodec="h264" videoResolution="SD" width="128" selected="1">
<Part deepAnalysisVersion="6" id="16" requiredBandwidths="2,2,2,2,2,2,2,2" videoProfile="high" container="mp4" duration="601000" height="96" optimizedForStreaming="1" protocol="dash" width="128" decision="transcode" selected="1">
<Stream bitDepth="8" bitrate="0" chromaLocation="left" chromaSubsampling="4:2:0" codec="h264" codedHeight="96" codedWidth="128" displayTitle="SD (H.264)" extendedDisplayTitle="SD (H.264)" frameRate="1" hasScalingMatrix="0" height="96" id="21" level="10" profile="high" refFrames="4" requiredBandwidths="2,2,2,2,2,2,2,2" scanType="progressive" selected="1" streamType="1" width="128" decision="copy" location="segments-video" />
</Part>
</Media>
</Variant>
</Variants>
<SegmentList>
<Segment duration="250000" startOffset="0" endOffset="250000">
<File name="chunk-stream0-00001.m4s" type="video">
<FileVariant size="7271" variant="d00ec303-f8b3-487c-98cc-958cbb3b55da" />
</File>
<Timelines>
<Transcode startTime="7" endTime="9" complete="1" fileType="video" variant="d00ec303-f8b3-487c-98cc-958cbb3b55da" />
</Timelines>
</Segment>
<Segment duration="250000" startOffset="250000" endOffset="500000">
<File name="chunk-stream0-00002.m4s" type="video">
<FileVariant size="6594" variant="d00ec303-f8b3-487c-98cc-958cbb3b55da" />
</File>
<Timelines>
<Transcode startTime="9" endTime="10" complete="1" fileType="video" variant="d00ec303-f8b3-487c-98cc-958cbb3b55da" />
</Timelines>
</Segment>
<Segment duration="101000" startOffset="500000" endOffset="601000">
<File name="chunk-stream0-00003.m4s" type="video">
<FileVariant size="2789" variant="d00ec303-f8b3-487c-98cc-958cbb3b55da" />
</File>
<Timelines>
<Transcode startTime="10" endTime="10" complete="1" fileType="video" variant="d00ec303-f8b3-487c-98cc-958cbb3b55da" />
</Timelines>
</Segment>
<Segment duration="0" startOffset="-1" endOffset="-1">
<Timelines>
<Download startTime="73" fileType="video" variant="d00ec303-f8b3-487c-98cc-958cbb3b55da" />
</Timelines>
</Segment>
<Segment duration="0" startOffset="-1" endOffset="-1">
<Timelines>
<Download startTime="179" fileType="video" variant="d00ec303-f8b3-487c-98cc-958cbb3b55da" />
</Timelines>
</Segment>
<Segment duration="0" startOffset="-1" endOffset="-1">
<Timelines>
<Download startTime="283" fileType="video" variant="d00ec303-f8b3-487c-98cc-958cbb3b55da" />
</Timelines>
</Segment>
<Segment duration="0" startOffset="-1" endOffset="-1">
<Timelines>
<Download startTime="386" fileType="video" variant="d00ec303-f8b3-487c-98cc-958cbb3b55da" />
</Timelines>
</Segment>
<Segment duration="0" startOffset="-1" endOffset="-1">
<Timelines>
<Download startTime="491" fileType="video" variant="d00ec303-f8b3-487c-98cc-958cbb3b55da" />
</Timelines>
</Segment>
<Segment duration="0" startOffset="-1" endOffset="-1">
<Timelines>
<Download startTime="596" fileType="video" variant="d00ec303-f8b3-487c-98cc-958cbb3b55da" />
</Timelines>
</Segment>
<Segment duration="0" startOffset="-1" endOffset="-1">
<Timelines>
<Download startTime="700" fileType="video" variant="d00ec303-f8b3-487c-98cc-958cbb3b55da" />
</Timelines>
</Segment>
<Segment duration="0" startOffset="-1" endOffset="-1">
<Timelines>
<Download startTime="803" fileType="video" variant="d00ec303-f8b3-487c-98cc-958cbb3b55da" />
</Timelines>
</Segment>
<Segment duration="0" startOffset="-1" endOffset="-1">
<Timelines>
<Download startTime="907" fileType="video" variant="d00ec303-f8b3-487c-98cc-958cbb3b55da" />
</Timelines>
</Segment>
<Segment duration="0" startOffset="-1" endOffset="-1">
<Timelines>
<Download startTime="1011" fileType="video" variant="d00ec303-f8b3-487c-98cc-958cbb3b55da" />
</Timelines>
</Segment>
<Segment duration="0" startOffset="-1" endOffset="-1">
<Timelines>
<Download startTime="1114" fileType="video" variant="d00ec303-f8b3-487c-98cc-958cbb3b55da" />
</Timelines>
</Segment>
<Segment duration="0" startOffset="-1" endOffset="-1">
<Timelines>
<Download startTime="1218" fileType="video" variant="d00ec303-f8b3-487c-98cc-958cbb3b55da" />
</Timelines>
</Segment>
<Segment duration="0" startOffset="-1" endOffset="-1">
<Timelines>
<Download startTime="1321" fileType="video" variant="d00ec303-f8b3-487c-98cc-958cbb3b55da" />
</Timelines>
</Segment>
<Segment duration="0" startOffset="-1" endOffset="-1">
<Timelines>
<Download startTime="1424" fileType="video" variant="d00ec303-f8b3-487c-98cc-958cbb3b55da" />
</Timelines>
</Segment>
<Segment duration="0" startOffset="-1" endOffset="-1">
<Timelines>
<Download startTime="1527" fileType="video" variant="d00ec303-f8b3-487c-98cc-958cbb3b55da" />
</Timelines>
</Segment>
<Segment duration="0" startOffset="-1" endOffset="-1">
<Timelines>
<Download startTime="1631" fileType="video" variant="d00ec303-f8b3-487c-98cc-958cbb3b55da" />
</Timelines>
</Segment>
<Segment duration="0" startOffset="-1" endOffset="-1">
<Timelines>
<Download startTime="1735" fileType="video" variant="d00ec303-f8b3-487c-98cc-958cbb3b55da" />
</Timelines>
</Segment>
<Segment duration="0" startOffset="-1" endOffset="-1">
<Timelines>
<Download startTime="1839" fileType="video" variant="d00ec303-f8b3-487c-98cc-958cbb3b55da" />
</Timelines>
</Segment>
<Segment duration="0" startOffset="-1" endOffset="-1">
<Timelines>
<Download startTime="1943" fileType="video" variant="d00ec303-f8b3-487c-98cc-958cbb3b55da" />
</Timelines>
</Segment>
<Segment duration="0" startOffset="-1" endOffset="-1">
<Timelines>
<Download startTime="2047" fileType="video" variant="d00ec303-f8b3-487c-98cc-958cbb3b55da" />
</Timelines>
</Segment>
<Segment duration="0" startOffset="-1" endOffset="-1">
<Timelines>
<Download startTime="2150" fileType="video" variant="d00ec303-f8b3-487c-98cc-958cbb3b55da" />
</Timelines>
</Segment>
<Segment duration="0" startOffset="-1" endOffset="-1">
<Timelines>
<Download startTime="2253" fileType="video" variant="d00ec303-f8b3-487c-98cc-958cbb3b55da" />
</Timelines>
</Segment>
<Segment duration="0" startOffset="-1" endOffset="-1">
<Timelines>
<Download startTime="2357" fileType="video" variant="d00ec303-f8b3-487c-98cc-958cbb3b55da" />
</Timelines>
</Segment>
<Segment duration="0" startOffset="-1" endOffset="-1">
<Timelines>
<Download startTime="2460" fileType="video" variant="d00ec303-f8b3-487c-98cc-958cbb3b55da" />
<Download startTime="5138" fileType="video" variant="d00ec303-f8b3-487c-98cc-958cbb3b55da" />
<Download startTime="6610" fileType="video" variant="d00ec303-f8b3-487c-98cc-958cbb3b55da" />
</Timelines>
</Segment>
<Segment duration="0" startOffset="-1" endOffset="-1">
<Timelines>
<Download startTime="2563" fileType="video" variant="d00ec303-f8b3-487c-98cc-958cbb3b55da" />
<Download startTime="3982" fileType="video" variant="d00ec303-f8b3-487c-98cc-958cbb3b55da" />
<Download startTime="4130" fileType="video" variant="d00ec303-f8b3-487c-98cc-958cbb3b55da" />
<Download startTime="4178" fileType="video" variant="d00ec303-f8b3-487c-98cc-958cbb3b55da" />
<Download startTime="4299" fileType="video" variant="d00ec303-f8b3-487c-98cc-958cbb3b55da" />
<Download startTime="5243" fileType="video" variant="d00ec303-f8b3-487c-98cc-958cbb3b55da" />
<Download startTime="6713" fileType="video" variant="d00ec303-f8b3-487c-98cc-958cbb3b55da" />
</Timelines>
</Segment>
<Segment duration="0" startOffset="-1" endOffset="-1">
<Timelines>
<Download startTime="2868" fileType="video" variant="d00ec303-f8b3-487c-98cc-958cbb3b55da" />
<Download startTime="4086" fileType="video" variant="d00ec303-f8b3-487c-98cc-958cbb3b55da" />
<Download startTime="4281" fileType="video" variant="d00ec303-f8b3-487c-98cc-958cbb3b55da" />
<Download startTime="4402" fileType="video" variant="d00ec303-f8b3-487c-98cc-958cbb3b55da" />
<Download startTime="5347" fileType="video" variant="d00ec303-f8b3-487c-98cc-958cbb3b55da" />
<Download startTime="6817" fileType="video" variant="d00ec303-f8b3-487c-98cc-958cbb3b55da" />
</Timelines>
</Segment>
<Segment duration="0" startOffset="-1" endOffset="-1">
<Timelines>
<Download startTime="2973" fileType="video" variant="d00ec303-f8b3-487c-98cc-958cbb3b55da" />
<Download startTime="4506" fileType="video" variant="d00ec303-f8b3-487c-98cc-958cbb3b55da" />
<Download startTime="5450" fileType="video" variant="d00ec303-f8b3-487c-98cc-958cbb3b55da" />
<Download startTime="6920" fileType="video" variant="d00ec303-f8b3-487c-98cc-958cbb3b55da" />
</Timelines>
</Segment>
<Segment duration="0" startOffset="-1" endOffset="-1">
<Timelines>
<Download startTime="3076" fileType="video" variant="d00ec303-f8b3-487c-98cc-958cbb3b55da" />
<Download startTime="4609" fileType="video" variant="d00ec303-f8b3-487c-98cc-958cbb3b55da" />
<Download startTime="5553" fileType="video" variant="d00ec303-f8b3-487c-98cc-958cbb3b55da" />
<Download startTime="7023" fileType="video" variant="d00ec303-f8b3-487c-98cc-958cbb3b55da" />
</Timelines>
</Segment>
<Segment duration="0" startOffset="-1" endOffset="-1">
<Timelines>
<Download startTime="3180" fileType="video" variant="d00ec303-f8b3-487c-98cc-958cbb3b55da" />
<Download startTime="4712" fileType="video" variant="d00ec303-f8b3-487c-98cc-958cbb3b55da" />
<Download startTime="5657" fileType="video" variant="d00ec303-f8b3-487c-98cc-958cbb3b55da" />
<Download startTime="7127" fileType="video" variant="d00ec303-f8b3-487c-98cc-958cbb3b55da" />
</Timelines>
</Segment>
<Segment duration="0" startOffset="-1" endOffset="-1">
<Timelines>
<Download startTime="3283" fileType="video" variant="d00ec303-f8b3-487c-98cc-958cbb3b55da" />
<Download startTime="4815" fileType="video" variant="d00ec303-f8b3-487c-98cc-958cbb3b55da" />
<Download startTime="5760" fileType="video" variant="d00ec303-f8b3-487c-98cc-958cbb3b55da" />
<Download startTime="7230" fileType="video" variant="d00ec303-f8b3-487c-98cc-958cbb3b55da" />
</Timelines>
</Segment>
<Segment duration="0" startOffset="-1" endOffset="-1">
<Timelines>
<Download startTime="3386" fileType="video" variant="d00ec303-f8b3-487c-98cc-958cbb3b55da" />
<Download startTime="4919" fileType="video" variant="d00ec303-f8b3-487c-98cc-958cbb3b55da" />
<Download startTime="5863" fileType="video" variant="d00ec303-f8b3-487c-98cc-958cbb3b55da" />
<Download startTime="7334" fileType="video" variant="d00ec303-f8b3-487c-98cc-958cbb3b55da" />
</Timelines>
</Segment>
<Segment duration="0" startOffset="-1" endOffset="-1">
<Timelines>
<Download startTime="3490" fileType="video" variant="d00ec303-f8b3-487c-98cc-958cbb3b55da" />
<Download startTime="5022" fileType="video" variant="d00ec303-f8b3-487c-98cc-958cbb3b55da" />
<Download startTime="5967" fileType="video" variant="d00ec303-f8b3-487c-98cc-958cbb3b55da" />
<Download startTime="7437" fileType="video" variant="d00ec303-f8b3-487c-98cc-958cbb3b55da" />
</Timelines>
</Segment>
<Segment duration="0" startOffset="-1" endOffset="-1">
<Timelines>
<Download startTime="3595" fileType="video" variant="d00ec303-f8b3-487c-98cc-958cbb3b55da" />
<Download startTime="6070" fileType="video" variant="d00ec303-f8b3-487c-98cc-958cbb3b55da" />
<Download startTime="7604" fileType="video" variant="d00ec303-f8b3-487c-98cc-958cbb3b55da" />
</Timelines>
</Segment>
<Segment duration="0" startOffset="-1" endOffset="-1">
<Timelines>
<Download startTime="3698" fileType="video" variant="d00ec303-f8b3-487c-98cc-958cbb3b55da" />
<Download startTime="6174" fileType="video" variant="d00ec303-f8b3-487c-98cc-958cbb3b55da" />
<Download startTime="7707" fileType="video" variant="d00ec303-f8b3-487c-98cc-958cbb3b55da" />
</Timelines>
</Segment>
<Segment duration="0" startOffset="-1" endOffset="-1">
<Timelines>
<Download startTime="3802" fileType="video" variant="d00ec303-f8b3-487c-98cc-958cbb3b55da" />
<Download startTime="6278" fileType="video" variant="d00ec303-f8b3-487c-98cc-958cbb3b55da" />
<Download startTime="7811" fileType="video" variant="d00ec303-f8b3-487c-98cc-958cbb3b55da" />
</Timelines>
</Segment>
<Segment duration="0" startOffset="-1" endOffset="-1">
<Timelines>
<Download startTime="3906" fileType="video" variant="d00ec303-f8b3-487c-98cc-958cbb3b55da" />
<Download startTime="6381" fileType="video" variant="d00ec303-f8b3-487c-98cc-958cbb3b55da" />
<Download startTime="7924" fileType="video" variant="d00ec303-f8b3-487c-98cc-958cbb3b55da" />
</Timelines>
</Segment>
<Segment duration="0" startOffset="-1" endOffset="-1">
<Timelines>
<Download startTime="6484" fileType="video" variant="d00ec303-f8b3-487c-98cc-958cbb3b55da" />
<Download startTime="8027" fileType="video" variant="d00ec303-f8b3-487c-98cc-958cbb3b55da" />
</Timelines>
</Segment>
<Segment duration="0" startOffset="-1" endOffset="-1">
<Timelines>
<Download startTime="6589" fileType="video" variant="d00ec303-f8b3-487c-98cc-958cbb3b55da" />
<Download startTime="8131" fileType="video" variant="d00ec303-f8b3-487c-98cc-958cbb3b55da" />
</Timelines>
</Segment>
<Segment duration="0" startOffset="-1" endOffset="-1">
<Timelines>
<Download startTime="8235" fileType="video" variant="d00ec303-f8b3-487c-98cc-958cbb3b55da" />
</Timelines>
</Segment>
<Segment duration="0" startOffset="-1" endOffset="-1">
<Timelines>
<Download startTime="8355" fileType="video" variant="d00ec303-f8b3-487c-98cc-958cbb3b55da" />
</Timelines>
</Segment>
<Segment duration="0" startOffset="-1" endOffset="-1">
<Timelines>
<Download startTime="8461" fileType="video" variant="d00ec303-f8b3-487c-98cc-958cbb3b55da" />
</Timelines>
</Segment>
<Segment duration="0" startOffset="-1" endOffset="-1">
<Timelines>
<Download startTime="8570" fileType="video" variant="d00ec303-f8b3-487c-98cc-958cbb3b55da" />
</Timelines>
</Segment>
<Segment duration="0" startOffset="-1" endOffset="-1">
<Timelines>
<Download startTime="8674" fileType="video" variant="d00ec303-f8b3-487c-98cc-958cbb3b55da" />
</Timelines>
</Segment>
<Segment duration="0" startOffset="-1" endOffset="-1">
<Timelines>
<Download startTime="8777" fileType="video" variant="d00ec303-f8b3-487c-98cc-958cbb3b55da" />
</Timelines>
</Segment>
<Segment duration="0" startOffset="-1" endOffset="-1">
<Timelines>
<Download startTime="8881" fileType="video" variant="d00ec303-f8b3-487c-98cc-958cbb3b55da" />
</Timelines>
</Segment>
<Segment duration="0" startOffset="-1" endOffset="-1">
<Timelines>
<Download startTime="8984" fileType="video" variant="d00ec303-f8b3-487c-98cc-958cbb3b55da" />
</Timelines>
</Segment>
<Segment duration="0" startOffset="-1" endOffset="-1">
<Timelines>
<Download startTime="9088" fileType="video" variant="d00ec303-f8b3-487c-98cc-958cbb3b55da" />
</Timelines>
</Segment>
<Segment duration="0" startOffset="-1" endOffset="-1">
<Timelines>
<Download startTime="9191" fileType="video" variant="d00ec303-f8b3-487c-98cc-958cbb3b55da" />
</Timelines>
</Segment>
<Segment duration="0" startOffset="-1" endOffset="-1">
<Timelines>
<Download startTime="9340" fileType="video" variant="d00ec303-f8b3-487c-98cc-958cbb3b55da" />
</Timelines>
</Segment>
<Segment duration="0" startOffset="-1" endOffset="-1">
<Timelines>
<Download startTime="9444" fileType="video" variant="d00ec303-f8b3-487c-98cc-958cbb3b55da" />
</Timelines>
</Segment>
<Segment duration="0" startOffset="-1" endOffset="-1">
<Timelines>
<Download startTime="9547" fileType="video" variant="d00ec303-f8b3-487c-98cc-958cbb3b55da" />
</Timelines>
</Segment>
<Segment duration="0" startOffset="-1" endOffset="-1">
<Timelines>
<Download startTime="9651" fileType="video" variant="d00ec303-f8b3-487c-98cc-958cbb3b55da" />
</Timelines>
</Segment>
<Segment duration="0" startOffset="-1" endOffset="-1">
<Timelines>
<Download startTime="9798" fileType="video" variant="d00ec303-f8b3-487c-98cc-958cbb3b55da" />
</Timelines>
</Segment>
<Segment duration="0" startOffset="-1" endOffset="-1">
<Timelines>
<Download startTime="9901" fileType="video" variant="d00ec303-f8b3-487c-98cc-958cbb3b55da" />
</Timelines>
</Segment>
<Segment duration="0" startOffset="-1" endOffset="-1">
<Timelines>
<Download startTime="10004" fileType="video" variant="d00ec303-f8b3-487c-98cc-958cbb3b55da" />
</Timelines>
</Segment>
<Segment duration="0" startOffset="-1" endOffset="-1">
<Timelines>
<Download startTime="10108" fileType="video" variant="d00ec303-f8b3-487c-98cc-958cbb3b55da" />
</Timelines>
</Segment>
<Segment duration="0" startOffset="-1" endOffset="-1">
<Timelines>
<Download startTime="10212" fileType="video" variant="d00ec303-f8b3-487c-98cc-958cbb3b55da" />
</Timelines>
</Segment>
<Segment duration="0" startOffset="-1" endOffset="-1">
<Timelines>
<Download startTime="10316" fileType="video" variant="d00ec303-f8b3-487c-98cc-958cbb3b55da" />
</Timelines>
</Segment>
<Segment duration="0" startOffset="-1" endOffset="-1">
<Timelines>
<Download startTime="10421" fileType="video" variant="d00ec303-f8b3-487c-98cc-958cbb3b55da" />
</Timelines>
</Segment>
<Segment duration="0" startOffset="-1" endOffset="-1">
<Timelines>
<Download startTime="10525" fileType="video" variant="d00ec303-f8b3-487c-98cc-958cbb3b55da" />
</Timelines>
</Segment>
<Segment duration="0" startOffset="-1" endOffset="-1">
<Timelines>
<Download startTime="10630" fileType="video" variant="d00ec303-f8b3-487c-98cc-958cbb3b55da" />
</Timelines>
</Segment>
<Segment duration="0" startOffset="-1" endOffset="-1">
<Timelines>
<Download startTime="10733" fileType="video" variant="d00ec303-f8b3-487c-98cc-958cbb3b55da" />
</Timelines>
</Segment>
<Segment duration="0" startOffset="-1" endOffset="-1">
<Timelines>
<Download startTime="10836" fileType="video" variant="d00ec303-f8b3-487c-98cc-958cbb3b55da" />
</Timelines>
</Segment>
<Segment duration="0" startOffset="-1" endOffset="-1">
<Timelines>
<Download startTime="10940" fileType="video" variant="d00ec303-f8b3-487c-98cc-958cbb3b55da" />
</Timelines>
</Segment>
<Segment duration="0" startOffset="-1" endOffset="-1">
<Timelines>
<Download startTime="11043" fileType="video" variant="d00ec303-f8b3-487c-98cc-958cbb3b55da" />
</Timelines>
</Segment>
</SegmentList>
<PlaybackReports>
<Playback startTime="3986" endTime="8010" state="playing" progress="120000" />
<Playback startTime="8010" endTime="8294" state="paused" progress="120000" />
<Playback startTime="8294" endTime="11136" state="playing" progress="120000" />
<Playback startTime="11136" state="stopped" progress="120000" />
</PlaybackReports>
<StateReports />
<StateReports />
</SessionReport>
