Nov 14, 2023 03:25:24.830 [139874068388608] INFO - Plex Media Scanner v1.32.7.7621-871adbd44 - Docker Docker Container (LinuxServer.io) x86_64 - build: linux-x86_64 - GMT 00:00
Nov 14, 2023 03:25:24.830 [139874068388608] INFO - Linux version: 6.6.0, language: en-US
Nov 14, 2023 03:25:24.830 [139874068388608] INFO - Processor: 32-core AMD Ryzen 9 5950X 16-Core Processor            
Nov 14, 2023 03:25:24.830 [139874068388608] INFO - /usr/lib/plexmediaserver/Plex Media Scanner --scan --refresh --section 2 --activity ee4c4c36-6f6d-410a-915f-a9e8f0989435
Nov 14, 2023 03:25:24.831 [139874068892480] DEBUG - Opening 20 database sessions to library (com.plexapp.plugins.library), SQLite 3.39.4, threadsafe=1
Nov 14, 2023 03:25:24.879 [139874068892480] DEBUG - [HCl#1] HTTP requesting PUT http://127.0.0.1:32400/activities/ee4c4c36-6f6d-410a-915f-a9e8f0989435?percentComplete=0
Nov 14, 2023 03:25:24.879 [139874051365632] DEBUG - [HCl#2] HTTP requesting GET http://127.0.0.1:32400/:/metadata/notify/cullTimeline?librarySectionID=2&sinceTime=1699931124
Nov 14, 2023 03:25:24.880 [139874050841344] DEBUG - [HttpClient/HCl#1] HTTP/1.1 (0.0s) 200 response from PUT http://127.0.0.1:32400/activities/ee4c4c36-6f6d-410a-915f-a9e8f0989435?percentComplete=0
Nov 14, 2023 03:25:24.880 [139874050841344] DEBUG - [HttpClient/HCl#2] HTTP/1.1 (0.0s) 200 response from GET http://127.0.0.1:32400/:/metadata/notify/cullTimeline?librarySectionID=2&sinceTime=1699931124
Nov 14, 2023 03:25:24.880 [139874068892480] DEBUG - Scanning TV Shows using xn(Plex Series Scanner) with 2 current media items and 1 section locations in the database.
Nov 14, 2023 03:25:24.919 [139874068892480] DEBUG - Performing a scan with 'Plex Series Scanner' (language: xn virtual: 0).
Nov 14, 2023 03:25:24.919 [139874068892480] DEBUG -   * Scanning /tvshows
Nov 14, 2023 03:25:24.919 [139874068892480] DEBUG - Scanner: Processing directory /tvshows (parent: no)
Nov 14, 2023 03:25:24.919 [139874068892480] DEBUG - Skipping over directory '', as nothing has changed; removing 0 media items from map.
Nov 14, 2023 03:25:24.919 [139874068892480] DEBUG - Scanner: Processing directory /tvshows/Blender Shorts (parent: yes)
Nov 14, 2023 03:25:24.920 [139874068892480] DEBUG - File '/tvshows/Blender Shorts/S01E02.mkv' changed size, can't skip.
Nov 14, 2023 03:25:24.922 [139874068892480] DEBUG - Looking for path match for [/tvshows/Blender Shorts/S01E01.mkv]
Nov 14, 2023 03:25:24.922 [139874068892480] DEBUG - Path matched, we're reusing media item 11
Nov 14, 2023 03:25:24.922 [139874068892480] DEBUG - Looking for path match for [/tvshows/Blender Shorts/S01E02.mkv]
Nov 14, 2023 03:25:24.922 [139874068892480] DEBUG - Path matched, we're reusing media item 12
Nov 14, 2023 03:25:24.922 [139874068892480] DEBUG - Noting item as needing media analysis, scanning=0, streams=0, missing channels=0, streamability=0, size=1, time=1.
Nov 14, 2023 03:25:24.922 [139874068892480] DEBUG - Turbo analysis on modified item 12 [/tvshows/Blender Shorts/S01E02.mkv]
Nov 14, 2023 03:25:24.923 [139874068892480] DEBUG - Updating media item 12, size=1260394, metadata_item_id=22
Nov 14, 2023 03:25:24.923 [139874068892480] DEBUG - Updating part with ID=12 [/tvshows/Blender Shorts/S01E02.mkv]
Nov 14, 2023 03:25:24.923 [139874068892480] DEBUG - [HCl#3] HTTP requesting PUT http://127.0.0.1:32400/activities/ee4c4c36-6f6d-410a-915f-a9e8f0989435?percentComplete=%2B99&subtitle=Blender%20Shorts
Nov 14, 2023 03:25:24.923 [139874050841344] DEBUG - [HttpClient/HCl#3] HTTP/1.1 (0.0s) 200 response from PUT http://127.0.0.1:32400/activities/ee4c4c36-6f6d-410a-915f-a9e8f0989435?percentComplete=%2B99&subtitle=Blender%20Shorts (reused)
Nov 14, 2023 03:25:24.923 [139874068892480] DEBUG - [HCl#4] HTTP requesting PUT http://127.0.0.1:32400/activities/ee4c4c36-6f6d-410a-915f-a9e8f0989435?percentComplete=99.000000
Nov 14, 2023 03:25:24.923 [139874050841344] DEBUG - [HttpClient/HCl#4] HTTP/1.1 (0.0s) 200 response from PUT http://127.0.0.1:32400/activities/ee4c4c36-6f6d-410a-915f-a9e8f0989435?percentComplete=99.000000 (reused)
Nov 14, 2023 03:25:24.924 [139874068892480] DEBUG - Removing 0 media items that were left.
Nov 14, 2023 03:25:24.924 [139874068892480] DEBUG - Removing 0 directories that were left.
Nov 14, 2023 03:25:24.924 [139874068892480] DEBUG - [HCl#5] HTTP requesting PUT http://127.0.0.1:32400/activities/ee4c4c36-6f6d-410a-915f-a9e8f0989435?percentComplete=100
Nov 14, 2023 03:25:24.924 [139874050841344] DEBUG - [HttpClient/HCl#5] HTTP/1.1 (0.0s) 200 response from PUT http://127.0.0.1:32400/activities/ee4c4c36-6f6d-410a-915f-a9e8f0989435?percentComplete=100 (reused)
Nov 14, 2023 03:25:24.924 [139874068892480] DEBUG - Refreshing section 2 of type: 2
Nov 14, 2023 03:25:24.925 [139874049678080] DEBUG - Refreshing 0 IDs.
Nov 14, 2023 03:25:24.925 [139874048133888] DEBUG - MediaItem::PerformBackgroundAnalysis on 12
Nov 14, 2023 03:25:24.926 [139874048133888] DEBUG - Downloading document http://127.0.0.1:32400/library/changestamp
Nov 14, 2023 03:25:24.926 [139874048133888] DEBUG - [HCl#6] HTTP requesting GET http://127.0.0.1:32400/library/changestamp
Nov 14, 2023 03:25:24.926 [139874050841344] DEBUG - [HttpClient/HCl#6] HTTP/1.1 (0.0s) 200 response from GET http://127.0.0.1:32400/library/changestamp (reused)
Nov 14, 2023 03:25:24.926 [139874048133888] DEBUG - Updating metadata item (save) () with ID 22
Nov 14, 2023 03:25:24.927 [139874051365632] DEBUG - [HCl#7] HTTP requesting GET http://127.0.0.1:32400/:/metadata/flushMetadataCounterCache?metadataItemID=19
Nov 14, 2023 03:25:24.927 [139874050841344] DEBUG - [HttpClient/HCl#7] HTTP/1.1 (0.0s) 200 response from GET http://127.0.0.1:32400/:/metadata/flushMetadataCounterCache?metadataItemID=19 (reused)
Nov 14, 2023 03:25:24.928 [139874048133888] DEBUG - Updating part with ID=12 [/tvshows/Blender Shorts/S01E02.mkv]
Nov 14, 2023 03:25:24.928 [139874048133888] DEBUG - Part hashes for media item 12 have changed.
Nov 14, 2023 03:25:24.928 [139874048133888] DEBUG - [ID 12] Media part analysis: /tvshows/Blender Shorts/S01E02.mkv
Nov 14, 2023 03:25:24.928 [139874048133888] DEBUG - [MI] Opening input file: "/tvshows/Blender Shorts/S01E02.mkv"
Nov 14, 2023 03:25:24.928 [139874048133888] DEBUG - [FFMPEG] - Opening '/tvshows/Blender Shorts/S01E02.mkv' for reading
Nov 14, 2023 03:25:24.928 [139874048133888] DEBUG - [FFMPEG] - Setting default whitelist 'file,crypto,data'
Nov 14, 2023 03:25:24.928 [139874048133888] DEBUG - [FFMPEG] - Format matroska,webm probed with size=2048 and score=100
Nov 14, 2023 03:25:24.928 [139874048133888] DEBUG - [FFMPEG] - st:0 removing common factor 1000000 from timebase
Nov 14, 2023 03:25:24.928 [139874048133888] DEBUG - [FFMPEG] - Before avformat_find_stream_info() pos: 3010 bytes read:32768 seeks:0 nb_streams:1
Nov 14, 2023 03:25:24.928 [139874048133888] DEBUG - [FFMPEG] - nal_unit_type: 32(VPS), nuh_layer_id: 0, temporal_id: 0
Nov 14, 2023 03:25:24.928 [139874048133888] DEBUG - [FFMPEG] - Decoding VPS
Nov 14, 2023 03:25:24.928 [139874048133888] DEBUG - [FFMPEG] - Main profile bitstream
Nov 14, 2023 03:25:24.928 [139874048133888] DEBUG - [FFMPEG] - nal_unit_type: 33(SPS), nuh_layer_id: 0, temporal_id: 0
Nov 14, 2023 03:25:24.928 [139874048133888] DEBUG - [FFMPEG] - Decoding SPS
Nov 14, 2023 03:25:24.928 [139874048133888] DEBUG - [FFMPEG] - Main profile bitstream
Nov 14, 2023 03:25:24.928 [139874048133888] DEBUG - [FFMPEG] - Decoding VUI
Nov 14, 2023 03:25:24.928 [139874048133888] DEBUG - [FFMPEG] - nal_unit_type: 34(PPS), nuh_layer_id: 0, temporal_id: 0
Nov 14, 2023 03:25:24.928 [139874048133888] DEBUG - [FFMPEG] - Decoding PPS
Nov 14, 2023 03:25:24.928 [139874048133888] DEBUG - [FFMPEG] - nal_unit_type: 39(SEI_PREFIX), nuh_layer_id: 0, temporal_id: 0
Nov 14, 2023 03:25:24.928 [139874048133888] DEBUG - [FFMPEG] - Decoding SEI
Nov 14, 2023 03:25:24.928 [139874048133888] DEBUG - [FFMPEG] - All info found
Nov 14, 2023 03:25:24.929 [139874048133888] DEBUG - [FFMPEG] - After avformat_find_stream_info() pos: 3122 bytes read:32768 seeks:0 frames:3
Nov 14, 2023 03:25:24.931 [139874048133888] DEBUG - [MI]  * 61c8e2f5ee624da0dbe7143b6aaf400588a20c68 [mkv hevc/] Duration: 462125ms, 256x144 (2.386946) 24.000fps, bitrate=21kbps, audio channels=0, optimizedForStreaming=0 ("/tvshows/Blender Shorts/S01E02.mkv")
Nov 14, 2023 03:25:24.931 [139874048133888] DEBUG - [MI] Chapters had generic titles, clearing.
Nov 14, 2023 03:25:24.931 [139874048133888] DEBUG - [MI] Closing input file: "/tvshows/Blender Shorts/S01E02.mkv"
Nov 14, 2023 03:25:24.932 [139874048133888] DEBUG - Committing media stream changes for part 12
Nov 14, 2023 03:25:24.932 [139874048133888] DEBUG - Updating media item 12, size=1260394, metadata_item_id=22
Nov 14, 2023 03:25:24.932 [139874048133888] DEBUG - Updating part with ID=12 [/tvshows/Blender Shorts/S01E02.mkv]
Nov 14, 2023 03:25:24.932 [139874051365632] DEBUG - [HCl#8] HTTP requesting GET http://127.0.0.1:32400/:/metadata/notify/changeItemState?librarySectionID=2&metadataItemID=22&metadataType=4&state=-1&parentID=-1&rootID=-1&mediaState=analyzing
Nov 14, 2023 03:25:24.932 [139874048133888] DEBUG - [MI] Opening input file: "/tvshows/Blender Shorts/S01E02.mkv"
Nov 14, 2023 03:25:24.932 [139874050841344] DEBUG - [HttpClient/HCl#8] HTTP/1.1 (0.0s) 200 response from GET http://127.0.0.1:32400/:/metadata/notify/changeItemState?librarySectionID=2&metadataItemID=22&metadataType=4&state=-1&parentID=-1&rootID=-1&mediaState=analyzing (reused)
Nov 14, 2023 03:25:24.932 [139874048133888] DEBUG - [FFMPEG] - Opening '/tvshows/Blender Shorts/S01E02.mkv' for reading
Nov 14, 2023 03:25:24.932 [139874048133888] DEBUG - [FFMPEG] - Setting default whitelist 'file,crypto,data'
Nov 14, 2023 03:25:24.932 [139874051365632] DEBUG - [HCl#9] HTTP requesting GET http://127.0.0.1:32400/:/metadata/notify/changeItemState?librarySectionID=2&metadataItemID=22&metadataType=4&state=-1&parentID=-1&rootID=-1&mediaState=thumbnailing
Nov 14, 2023 03:25:24.932 [139874048133888] DEBUG - [FFMPEG] - Format matroska,webm probed with size=2048 and score=100
Nov 14, 2023 03:25:24.932 [139874048133888] DEBUG - [FFMPEG] - st:0 removing common factor 1000000 from timebase
Nov 14, 2023 03:25:24.932 [139874048133888] DEBUG - [FFMPEG] - Before avformat_find_stream_info() pos: 3010 bytes read:32768 seeks:0 nb_streams:1
Nov 14, 2023 03:25:24.932 [139874050841344] DEBUG - [HttpClient/HCl#9] HTTP/1.1 (0.0s) 200 response from GET http://127.0.0.1:32400/:/metadata/notify/changeItemState?librarySectionID=2&metadataItemID=22&metadataType=4&state=-1&parentID=-1&rootID=-1&mediaState=thumbnailing (reused)
Nov 14, 2023 03:25:24.933 [139874048133888] DEBUG - [FFMPEG] - nal_unit_type: 32(VPS), nuh_layer_id: 0, temporal_id: 0
Nov 14, 2023 03:25:24.933 [139874048133888] DEBUG - [FFMPEG] - Decoding VPS
Nov 14, 2023 03:25:24.933 [139874048133888] DEBUG - [FFMPEG] - Main profile bitstream
Nov 14, 2023 03:25:24.933 [139874048133888] DEBUG - [FFMPEG] - nal_unit_type: 33(SPS), nuh_layer_id: 0, temporal_id: 0
Nov 14, 2023 03:25:24.933 [139874048133888] DEBUG - [FFMPEG] - Decoding SPS
Nov 14, 2023 03:25:24.933 [139874048133888] DEBUG - [FFMPEG] - Main profile bitstream
Nov 14, 2023 03:25:24.933 [139874048133888] DEBUG - [FFMPEG] - Decoding VUI
Nov 14, 2023 03:25:24.933 [139874048133888] DEBUG - [FFMPEG] - nal_unit_type: 34(PPS), nuh_layer_id: 0, temporal_id: 0
Nov 14, 2023 03:25:24.933 [139874048133888] DEBUG - [FFMPEG] - Decoding PPS
Nov 14, 2023 03:25:24.933 [139874048133888] DEBUG - [FFMPEG] - nal_unit_type: 39(SEI_PREFIX), nuh_layer_id: 0, temporal_id: 0
Nov 14, 2023 03:25:24.933 [139874048133888] DEBUG - [FFMPEG] - Decoding SEI
Nov 14, 2023 03:25:24.933 [139874048133888] DEBUG - [FFMPEG] - All info found
Nov 14, 2023 03:25:24.933 [139874048133888] DEBUG - [FFMPEG] - After avformat_find_stream_info() pos: 3122 bytes read:32768 seeks:0 frames:3
Nov 14, 2023 03:25:24.933 [139874048133888] DEBUG - Creating /config/Library/Application Support/Plex Media Server/Media/localhost/6/1c8e2f5ee624da0dbe7143b6aaf400588a20c68.bundle/Contents/Thumbnails/thumb1.jpg (25.0%, 720x512).
Nov 14, 2023 03:25:24.933 [139874048133888] DEBUG - [FFMPEG] - nal_unit_type: 32(VPS), nuh_layer_id: 0, temporal_id: 0
Nov 14, 2023 03:25:24.933 [139874048133888] DEBUG - [FFMPEG] - Decoding VPS
Nov 14, 2023 03:25:24.933 [139874048133888] DEBUG - [FFMPEG] - Main profile bitstream
Nov 14, 2023 03:25:24.933 [139874048133888] DEBUG - [FFMPEG] - nal_unit_type: 33(SPS), nuh_layer_id: 0, temporal_id: 0
Nov 14, 2023 03:25:24.933 [139874048133888] DEBUG - [FFMPEG] - Decoding SPS
Nov 14, 2023 03:25:24.933 [139874048133888] DEBUG - [FFMPEG] - Main profile bitstream
Nov 14, 2023 03:25:24.933 [139874048133888] DEBUG - [FFMPEG] - Decoding VUI
Nov 14, 2023 03:25:24.933 [139874048133888] DEBUG - [FFMPEG] - nal_unit_type: 34(PPS), nuh_layer_id: 0, temporal_id: 0
Nov 14, 2023 03:25:24.933 [139874048133888] DEBUG - [FFMPEG] - Decoding PPS
Nov 14, 2023 03:25:24.933 [139874048133888] DEBUG - [FFMPEG] - nal_unit_type: 39(SEI_PREFIX), nuh_layer_id: 0, temporal_id: 0
Nov 14, 2023 03:25:24.933 [139874048133888] DEBUG - [FFMPEG] - Decoding SEI
Nov 14, 2023 03:25:24.933 [139874048133888] DEBUG - [FFMPEG] - nal_unit_type: 21(CRA_NUT), nuh_layer_id: 0, temporal_id: 0
Nov 14, 2023 03:25:24.933 [139874048133888] DEBUG - [FFMPEG] - Format yuv420p chosen by get_format().
Nov 14, 2023 03:25:24.934 [139874048133888] DEBUG - [FFMPEG] - Decoded frame with POC 103.
Nov 14, 2023 03:25:24.934 [139874048133888] DEBUG - [FFMPEG] - nal_unit_type: 1(TRAIL_R), nuh_layer_id: 0, temporal_id: 0
Nov 14, 2023 03:25:24.934 [139874048133888] DEBUG - [FFMPEG] - Decoded frame with POC 104.
Nov 14, 2023 03:25:24.934 [139874048133888] DEBUG - [FFMPEG] - nal_unit_type: 1(TRAIL_R), nuh_layer_id: 0, temporal_id: 0
Nov 14, 2023 03:25:24.934 [139874048133888] DEBUG - [FFMPEG] - Output frame with POC 103.
Nov 14, 2023 03:25:24.934 [139874048133888] DEBUG - [FFMPEG] - Decoded frame with POC 105.
Nov 14, 2023 03:25:24.935 [139874048133888] DEBUG - [FFMPEG] - Forcing full internal H chroma due to odd output size
Nov 14, 2023 03:25:24.937 [139874048133888] DEBUG - Loaded memory image of size 343x144.
Nov 14, 2023 03:25:24.938 [139874048133888] DEBUG - [FFMPEG] - nal_unit_type: 32(VPS), nuh_layer_id: 0, temporal_id: 0
Nov 14, 2023 03:25:24.938 [139874048133888] DEBUG - [FFMPEG] - Decoding VPS
Nov 14, 2023 03:25:24.938 [139874048133888] DEBUG - [FFMPEG] - Main profile bitstream
Nov 14, 2023 03:25:24.938 [139874048133888] DEBUG - [FFMPEG] - nal_unit_type: 33(SPS), nuh_layer_id: 0, temporal_id: 0
Nov 14, 2023 03:25:24.938 [139874048133888] DEBUG - [FFMPEG] - Decoding SPS
Nov 14, 2023 03:25:24.938 [139874048133888] DEBUG - [FFMPEG] - Main profile bitstream
Nov 14, 2023 03:25:24.938 [139874048133888] DEBUG - [FFMPEG] - Decoding VUI
Nov 14, 2023 03:25:24.938 [139874048133888] DEBUG - [FFMPEG] - nal_unit_type: 34(PPS), nuh_layer_id: 0, temporal_id: 0
Nov 14, 2023 03:25:24.938 [139874048133888] DEBUG - [FFMPEG] - Decoding PPS
Nov 14, 2023 03:25:24.938 [139874048133888] DEBUG - [FFMPEG] - nal_unit_type: 39(SEI_PREFIX), nuh_layer_id: 0, temporal_id: 0
Nov 14, 2023 03:25:24.938 [139874048133888] DEBUG - [FFMPEG] - Decoding SEI
Nov 14, 2023 03:25:24.938 [139874048133888] DEBUG - [FFMPEG] - nal_unit_type: 21(CRA_NUT), nuh_layer_id: 0, temporal_id: 0
Nov 14, 2023 03:25:24.938 [139874048133888] DEBUG - [FFMPEG] - Format yuv420p chosen by get_format().
Nov 14, 2023 03:25:24.939 [139874048133888] DEBUG - [FFMPEG] - Decoded frame with POC 103.
Nov 14, 2023 03:25:24.939 [139874048133888] DEBUG - [FFMPEG] - nal_unit_type: 1(TRAIL_R), nuh_layer_id: 0, temporal_id: 0
Nov 14, 2023 03:25:24.939 [139874048133888] DEBUG - [FFMPEG] - Decoded frame with POC 104.
Nov 14, 2023 03:25:24.939 [139874048133888] DEBUG - [FFMPEG] - nal_unit_type: 1(TRAIL_R), nuh_layer_id: 0, temporal_id: 0
Nov 14, 2023 03:25:24.939 [139874048133888] DEBUG - [FFMPEG] - Output frame with POC 103.
Nov 14, 2023 03:25:24.939 [139874048133888] DEBUG - [FFMPEG] - Decoded frame with POC 105.
Nov 14, 2023 03:25:24.940 [139874048133888] DEBUG - [FFMPEG] - Forcing full internal H chroma due to odd output size
Nov 14, 2023 03:25:24.942 [139874048133888] DEBUG - Loaded memory image of size 343x144.
Nov 14, 2023 03:25:24.943 [139874048133888] DEBUG - [FFMPEG] - nal_unit_type: 32(VPS), nuh_layer_id: 0, temporal_id: 0
Nov 14, 2023 03:25:24.943 [139874048133888] DEBUG - [FFMPEG] - Decoding VPS
Nov 14, 2023 03:25:24.943 [139874048133888] DEBUG - [FFMPEG] - Main profile bitstream
Nov 14, 2023 03:25:24.943 [139874048133888] DEBUG - [FFMPEG] - nal_unit_type: 33(SPS), nuh_layer_id: 0, temporal_id: 0
Nov 14, 2023 03:25:24.943 [139874048133888] DEBUG - [FFMPEG] - Decoding SPS
Nov 14, 2023 03:25:24.943 [139874048133888] DEBUG - [FFMPEG] - Main profile bitstream
Nov 14, 2023 03:25:24.943 [139874048133888] DEBUG - [FFMPEG] - Decoding VUI
Nov 14, 2023 03:25:24.943 [139874048133888] DEBUG - [FFMPEG] - nal_unit_type: 34(PPS), nuh_layer_id: 0, temporal_id: 0
Nov 14, 2023 03:25:24.943 [139874048133888] DEBUG - [FFMPEG] - Decoding PPS
Nov 14, 2023 03:25:24.943 [139874048133888] DEBUG - [FFMPEG] - nal_unit_type: 39(SEI_PREFIX), nuh_layer_id: 0, temporal_id: 0
Nov 14, 2023 03:25:24.943 [139874048133888] DEBUG - [FFMPEG] - Decoding SEI
Nov 14, 2023 03:25:24.943 [139874048133888] DEBUG - [FFMPEG] - nal_unit_type: 21(CRA_NUT), nuh_layer_id: 0, temporal_id: 0
Nov 14, 2023 03:25:24.943 [139874048133888] DEBUG - [FFMPEG] - Format yuv420p chosen by get_format().
Nov 14, 2023 03:25:24.944 [139874048133888] DEBUG - [FFMPEG] - Decoded frame with POC -83.
Nov 14, 2023 03:25:24.944 [139874048133888] DEBUG - [FFMPEG] - nal_unit_type: 1(TRAIL_R), nuh_layer_id: 0, temporal_id: 0
Nov 14, 2023 03:25:24.944 [139874048133888] DEBUG - [FFMPEG] - Decoded frame with POC -79.
Nov 14, 2023 03:25:24.944 [139874048133888] DEBUG - [FFMPEG] - nal_unit_type: 1(TRAIL_R), nuh_layer_id: 0, temporal_id: 0
Nov 14, 2023 03:25:24.944 [139874048133888] DEBUG - [FFMPEG] - Output frame with POC -83.
Nov 14, 2023 03:25:24.944 [139874048133888] DEBUG - [FFMPEG] - Decoded frame with POC -81.
Nov 14, 2023 03:25:24.945 [139874048133888] DEBUG - [FFMPEG] - Forcing full internal H chroma due to odd output size
Nov 14, 2023 03:25:24.947 [139874048133888] DEBUG - Loaded memory image of size 343x144.
Nov 14, 2023 03:25:24.948 [139874048133888] DEBUG - [MI] Closing input file: "/tvshows/Blender Shorts/S01E02.mkv"
Nov 14, 2023 03:25:24.948 [139874048133888] DEBUG - [MI] Opening input file: "/tvshows/Blender Shorts/S01E02.mkv"
Nov 14, 2023 03:25:24.948 [139874048133888] DEBUG - [FFMPEG] - Opening '/tvshows/Blender Shorts/S01E02.mkv' for reading
Nov 14, 2023 03:25:24.948 [139874048133888] DEBUG - [FFMPEG] - Setting default whitelist 'file,crypto,data'
Nov 14, 2023 03:25:24.948 [139874048133888] DEBUG - [FFMPEG] - Format matroska,webm probed with size=2048 and score=100
Nov 14, 2023 03:25:24.948 [139874048133888] DEBUG - [FFMPEG] - st:0 removing common factor 1000000 from timebase
Nov 14, 2023 03:25:24.948 [139874048133888] DEBUG - [FFMPEG] - Before avformat_find_stream_info() pos: 3010 bytes read:32768 seeks:0 nb_streams:1
Nov 14, 2023 03:25:24.948 [139874048133888] DEBUG - [FFMPEG] - nal_unit_type: 32(VPS), nuh_layer_id: 0, temporal_id: 0
Nov 14, 2023 03:25:24.948 [139874048133888] DEBUG - [FFMPEG] - Decoding VPS
Nov 14, 2023 03:25:24.948 [139874048133888] DEBUG - [FFMPEG] - Main profile bitstream
Nov 14, 2023 03:25:24.948 [139874048133888] DEBUG - [FFMPEG] - nal_unit_type: 33(SPS), nuh_layer_id: 0, temporal_id: 0
Nov 14, 2023 03:25:24.948 [139874048133888] DEBUG - [FFMPEG] - Decoding SPS
Nov 14, 2023 03:25:24.948 [139874048133888] DEBUG - [FFMPEG] - Main profile bitstream
Nov 14, 2023 03:25:24.948 [139874048133888] DEBUG - [FFMPEG] - Decoding VUI
Nov 14, 2023 03:25:24.948 [139874048133888] DEBUG - [FFMPEG] - nal_unit_type: 34(PPS), nuh_layer_id: 0, temporal_id: 0
Nov 14, 2023 03:25:24.948 [139874048133888] DEBUG - [FFMPEG] - Decoding PPS
Nov 14, 2023 03:25:24.948 [139874048133888] DEBUG - [FFMPEG] - nal_unit_type: 39(SEI_PREFIX), nuh_layer_id: 0, temporal_id: 0
Nov 14, 2023 03:25:24.948 [139874048133888] DEBUG - [FFMPEG] - Decoding SEI
Nov 14, 2023 03:25:24.948 [139874048133888] DEBUG - [FFMPEG] - All info found
Nov 14, 2023 03:25:24.949 [139874048133888] DEBUG - [FFMPEG] - After avformat_find_stream_info() pos: 3122 bytes read:32768 seeks:0 frames:3
Nov 14, 2023 03:25:24.949 [139874048133888] DEBUG - Creating /config/Library/Application Support/Plex Media Server/Media/localhost/6/1c8e2f5ee624da0dbe7143b6aaf400588a20c68.bundle/Contents/Thumbnails/thumb2.jpg (50.0%, 720x512).
Nov 14, 2023 03:25:24.949 [139874048133888] DEBUG - [FFMPEG] - nal_unit_type: 32(VPS), nuh_layer_id: 0, temporal_id: 0
Nov 14, 2023 03:25:24.949 [139874048133888] DEBUG - [FFMPEG] - Decoding VPS
Nov 14, 2023 03:25:24.949 [139874048133888] DEBUG - [FFMPEG] - Main profile bitstream
Nov 14, 2023 03:25:24.949 [139874048133888] DEBUG - [FFMPEG] - nal_unit_type: 33(SPS), nuh_layer_id: 0, temporal_id: 0
Nov 14, 2023 03:25:24.949 [139874048133888] DEBUG - [FFMPEG] - Decoding SPS
Nov 14, 2023 03:25:24.949 [139874048133888] DEBUG - [FFMPEG] - Main profile bitstream
Nov 14, 2023 03:25:24.949 [139874048133888] DEBUG - [FFMPEG] - Decoding VUI
Nov 14, 2023 03:25:24.949 [139874048133888] DEBUG - [FFMPEG] - nal_unit_type: 34(PPS), nuh_layer_id: 0, temporal_id: 0
Nov 14, 2023 03:25:24.949 [139874048133888] DEBUG - [FFMPEG] - Decoding PPS
Nov 14, 2023 03:25:24.949 [139874048133888] DEBUG - [FFMPEG] - nal_unit_type: 39(SEI_PREFIX), nuh_layer_id: 0, temporal_id: 0
Nov 14, 2023 03:25:24.949 [139874048133888] DEBUG - [FFMPEG] - Decoding SEI
Nov 14, 2023 03:25:24.949 [139874048133888] DEBUG - [FFMPEG] - nal_unit_type: 21(CRA_NUT), nuh_layer_id: 0, temporal_id: 0
Nov 14, 2023 03:25:24.949 [139874048133888] DEBUG - [FFMPEG] - Format yuv420p chosen by get_format().
Nov 14, 2023 03:25:24.949 [139874048133888] DEBUG - [FFMPEG] - Decoded frame with POC -26.
Nov 14, 2023 03:25:24.949 [139874048133888] DEBUG - [FFMPEG] - nal_unit_type: 1(TRAIL_R), nuh_layer_id: 0, temporal_id: 0
Nov 14, 2023 03:25:24.949 [139874048133888] DEBUG - [FFMPEG] - Decoded frame with POC -22.
Nov 14, 2023 03:25:24.949 [139874048133888] DEBUG - [FFMPEG] - nal_unit_type: 1(TRAIL_R), nuh_layer_id: 0, temporal_id: 0
Nov 14, 2023 03:25:24.949 [139874048133888] DEBUG - [FFMPEG] - Output frame with POC -26.
Nov 14, 2023 03:25:24.950 [139874048133888] DEBUG - [FFMPEG] - Decoded frame with POC -24.
Nov 14, 2023 03:25:24.950 [139874048133888] DEBUG - [FFMPEG] - Forcing full internal H chroma due to odd output size
Nov 14, 2023 03:25:24.952 [139874048133888] DEBUG - Loaded memory image of size 343x144.
Nov 14, 2023 03:25:24.953 [139874048133888] DEBUG - [MI] Closing input file: "/tvshows/Blender Shorts/S01E02.mkv"
Nov 14, 2023 03:25:24.953 [139874048133888] DEBUG - [MI] Opening input file: "/tvshows/Blender Shorts/S01E02.mkv"
Nov 14, 2023 03:25:24.953 [139874048133888] DEBUG - [FFMPEG] - Opening '/tvshows/Blender Shorts/S01E02.mkv' for reading
Nov 14, 2023 03:25:24.953 [139874048133888] DEBUG - [FFMPEG] - Setting default whitelist 'file,crypto,data'
Nov 14, 2023 03:25:24.953 [139874048133888] DEBUG - [FFMPEG] - Format matroska,webm probed with size=2048 and score=100
Nov 14, 2023 03:25:24.953 [139874048133888] DEBUG - [FFMPEG] - st:0 removing common factor 1000000 from timebase
Nov 14, 2023 03:25:24.953 [139874048133888] DEBUG - [FFMPEG] - Before avformat_find_stream_info() pos: 3010 bytes read:32768 seeks:0 nb_streams:1
Nov 14, 2023 03:25:24.954 [139874048133888] DEBUG - [FFMPEG] - nal_unit_type: 32(VPS), nuh_layer_id: 0, temporal_id: 0
Nov 14, 2023 03:25:24.954 [139874048133888] DEBUG - [FFMPEG] - Decoding VPS
Nov 14, 2023 03:25:24.954 [139874048133888] DEBUG - [FFMPEG] - Main profile bitstream
Nov 14, 2023 03:25:24.954 [139874048133888] DEBUG - [FFMPEG] - nal_unit_type: 33(SPS), nuh_layer_id: 0, temporal_id: 0
Nov 14, 2023 03:25:24.954 [139874048133888] DEBUG - [FFMPEG] - Decoding SPS
Nov 14, 2023 03:25:24.954 [139874048133888] DEBUG - [FFMPEG] - Main profile bitstream
Nov 14, 2023 03:25:24.954 [139874048133888] DEBUG - [FFMPEG] - Decoding VUI
Nov 14, 2023 03:25:24.954 [139874048133888] DEBUG - [FFMPEG] - nal_unit_type: 34(PPS), nuh_layer_id: 0, temporal_id: 0
Nov 14, 2023 03:25:24.954 [139874048133888] DEBUG - [FFMPEG] - Decoding PPS
Nov 14, 2023 03:25:24.954 [139874048133888] DEBUG - [FFMPEG] - nal_unit_type: 39(SEI_PREFIX), nuh_layer_id: 0, temporal_id: 0
Nov 14, 2023 03:25:24.954 [139874048133888] DEBUG - [FFMPEG] - Decoding SEI
Nov 14, 2023 03:25:24.954 [139874048133888] DEBUG - [FFMPEG] - All info found
Nov 14, 2023 03:25:24.954 [139874048133888] DEBUG - [FFMPEG] - After avformat_find_stream_info() pos: 3122 bytes read:32768 seeks:0 frames:3
Nov 14, 2023 03:25:24.954 [139874048133888] DEBUG - Creating /config/Library/Application Support/Plex Media Server/Media/localhost/6/1c8e2f5ee624da0dbe7143b6aaf400588a20c68.bundle/Contents/Thumbnails/thumb3.jpg (75.0%, 720x512).
Nov 14, 2023 03:25:24.954 [139874048133888] DEBUG - [FFMPEG] - nal_unit_type: 32(VPS), nuh_layer_id: 0, temporal_id: 0
Nov 14, 2023 03:25:24.954 [139874048133888] DEBUG - [FFMPEG] - Decoding VPS
Nov 14, 2023 03:25:24.954 [139874048133888] DEBUG - [FFMPEG] - Main profile bitstream
Nov 14, 2023 03:25:24.954 [139874048133888] DEBUG - [FFMPEG] - nal_unit_type: 33(SPS), nuh_layer_id: 0, temporal_id: 0
Nov 14, 2023 03:25:24.954 [139874048133888] DEBUG - [FFMPEG] - Decoding SPS
Nov 14, 2023 03:25:24.954 [139874048133888] DEBUG - [FFMPEG] - Main profile bitstream
Nov 14, 2023 03:25:24.954 [139874048133888] DEBUG - [FFMPEG] - Decoding VUI
Nov 14, 2023 03:25:24.954 [139874048133888] DEBUG - [FFMPEG] - nal_unit_type: 34(PPS), nuh_layer_id: 0, temporal_id: 0
Nov 14, 2023 03:25:24.954 [139874048133888] DEBUG - [FFMPEG] - Decoding PPS
Nov 14, 2023 03:25:24.954 [139874048133888] DEBUG - [FFMPEG] - nal_unit_type: 39(SEI_PREFIX), nuh_layer_id: 0, temporal_id: 0
Nov 14, 2023 03:25:24.954 [139874048133888] DEBUG - [FFMPEG] - Decoding SEI
Nov 14, 2023 03:25:24.954 [139874048133888] DEBUG - [FFMPEG] - nal_unit_type: 21(CRA_NUT), nuh_layer_id: 0, temporal_id: 0
Nov 14, 2023 03:25:24.954 [139874048133888] DEBUG - [FFMPEG] - Format yuv420p chosen by get_format().
Nov 14, 2023 03:25:24.955 [139874048133888] DEBUG - [FFMPEG] - Decoded frame with POC 107.
Nov 14, 2023 03:25:24.955 [139874048133888] DEBUG - [FFMPEG] - nal_unit_type: 1(TRAIL_R), nuh_layer_id: 0, temporal_id: 0
Nov 14, 2023 03:25:24.955 [139874048133888] DEBUG - [FFMPEG] - Decoded frame with POC 111.
Nov 14, 2023 03:25:24.955 [139874048133888] DEBUG - [FFMPEG] - nal_unit_type: 1(TRAIL_R), nuh_layer_id: 0, temporal_id: 0
Nov 14, 2023 03:25:24.955 [139874048133888] DEBUG - [FFMPEG] - Output frame with POC 107.
Nov 14, 2023 03:25:24.955 [139874048133888] DEBUG - [FFMPEG] - Decoded frame with POC 109.
Nov 14, 2023 03:25:24.955 [139874048133888] DEBUG - [FFMPEG] - Forcing full internal H chroma due to odd output size
Nov 14, 2023 03:25:24.957 [139874048133888] DEBUG - Loaded memory image of size 343x144.
Nov 14, 2023 03:25:24.958 [139874048133888] DEBUG - [MI] Closing input file: "/tvshows/Blender Shorts/S01E02.mkv"
Nov 14, 2023 03:25:24.959 [139874048133888] DEBUG - Downloading document http://127.0.0.1:32400/library/changestamp
Nov 14, 2023 03:25:24.959 [139874048133888] DEBUG - [HCl#a] HTTP requesting GET http://127.0.0.1:32400/library/changestamp
Nov 14, 2023 03:25:24.959 [139874050841344] DEBUG - [HttpClient/HCl#a] HTTP/1.1 (0.0s) 200 response from GET http://127.0.0.1:32400/library/changestamp (reused)
Nov 14, 2023 03:25:24.959 [139874048133888] DEBUG - Updating metadata item (save) () with ID 22
Nov 14, 2023 03:25:24.960 [139874051365632] DEBUG - [HCl#b] HTTP requesting GET http://127.0.0.1:32400/:/metadata/flushMetadataCounterCache?metadataItemID=19
Nov 14, 2023 03:25:24.960 [139874050841344] DEBUG - [HttpClient/HCl#b] HTTP/1.1 (0.0s) 200 response from GET http://127.0.0.1:32400/:/metadata/flushMetadataCounterCache?metadataItemID=19 (reused)
Nov 14, 2023 03:25:24.960 [139874051365632] DEBUG - [HCl#c] HTTP requesting GET http://127.0.0.1:32400/:/metadata/notify/changeItemState?librarySectionID=2&metadataItemID=22&metadataType=4&state=-1&parentID=-1&rootID=-1&mediaState=idle
Nov 14, 2023 03:25:24.960 [139874050841344] DEBUG - [HttpClient/HCl#c] HTTP/1.1 (0.0s) 200 response from GET http://127.0.0.1:32400/:/metadata/notify/changeItemState?librarySectionID=2&metadataItemID=22&metadataType=4&state=-1&parentID=-1&rootID=-1&mediaState=idle (reused)
Nov 14, 2023 03:25:24.961 [139874048133888] DEBUG - Downloading document http://127.0.0.1:32400/library/changestamp
Nov 14, 2023 03:25:24.961 [139874048133888] DEBUG - [HCl#d] HTTP requesting GET http://127.0.0.1:32400/library/changestamp
Nov 14, 2023 03:25:24.962 [139874050841344] DEBUG - [HttpClient/HCl#d] HTTP/1.1 (0.0s) 200 response from GET http://127.0.0.1:32400/library/changestamp (reused)
Nov 14, 2023 03:25:24.962 [139874048133888] DEBUG - Updating metadata item (save) () with ID 22
Nov 14, 2023 03:25:24.962 [139874051365632] DEBUG - [HCl#e] HTTP requesting GET http://127.0.0.1:32400/:/metadata/flushMetadataCounterCache?metadataItemID=19
Nov 14, 2023 03:25:24.962 [139874050841344] DEBUG - [HttpClient/HCl#e] HTTP/1.1 (0.0s) 200 response from GET http://127.0.0.1:32400/:/metadata/flushMetadataCounterCache?metadataItemID=19 (reused)
Nov 14, 2023 03:25:24.962 [139874048133888] DEBUG - [HCl#f] HTTP requesting PUT http://127.0.0.1:32400/library/metadata/20/intro
Nov 14, 2023 03:25:24.964 [139874050841344] DEBUG - [HttpClient/HCl#f] HTTP/1.1 (0.0s) 404 response from PUT http://127.0.0.1:32400/library/metadata/20/intro (reused)
Nov 14, 2023 03:25:24.964 [139874048133888] DEBUG - [HCl#10] HTTP requesting PUT http://127.0.0.1:32400/library/metadata/22/credits
Nov 14, 2023 03:25:24.965 [139874050841344] DEBUG - [HttpClient/HCl#10] HTTP/1.1 (0.0s) 403 response from PUT http://127.0.0.1:32400/library/metadata/22/credits (reused)
Nov 14, 2023 03:25:24.965 [139874051365632] DEBUG - [HCl#11] HTTP requesting GET http://127.0.0.1:32400/:/metadata/notify/changeItemState?librarySectionID=2&metadataItemID=22&metadataType=4&state=1&parentID=-1&rootID=-1
Nov 14, 2023 03:25:24.965 [139874050841344] DEBUG - [HttpClient/HCl#11] HTTP/1.1 (0.0s) 200 response from GET http://127.0.0.1:32400/:/metadata/notify/changeItemState?librarySectionID=2&metadataItemID=22&metadataType=4&state=1&parentID=-1&rootID=-1 (reused)
