May 28, 2026 17:23:41.101 [0x7f9f8a27fb38] INFO - Plex Tuner Service v1.43.2.10687-563d026ea - Docker Docker Container (LinuxServer.io) x86_64 - build: 
May 28, 2026 17:23:41.101 [0x7f9f8a27fb38] INFO - Linux version: 6.17.0-1015-azure (#15~24.04.1-Ubuntu SMP Wed May  6 22:37:49 UTC 2026), language: en-US
May 28, 2026 17:23:41.101 [0x7f9f8a27fb38] INFO - Processor Intel(R) Xeon(R) Platinum 8370C CPU @ 2.80GHz
May 28, 2026 17:23:41.101 [0x7f9f8a27fb38] INFO - /usr/lib/plexmediaserver/Plex Tuner Service /usr/lib/plexmediaserver/Resources/Tuner/Private /usr/lib/plexmediaserver/Resources/Tuner/Shared 1.43.2.10687-563d026ea 32600
May 28, 2026 17:23:41.099 [0x7f9f8bdf1808] INFO - [I] broker_t::start...
May 28, 2026 17:23:41.103 [0x7f9f8bdf1808] INFO - [I] device_manager_t::init.
May 28, 2026 17:23:41.103 [0x7f9f8bdf1808] INFO - [I] device_manager_t::init. Initialize provider manager
May 28, 2026 17:23:41.103 [0x7f9f8bdf1808] INFO - [I] device_manager_t::init. Initialize all device auxes
May 28, 2026 17:23:41.103 [0x7f9f8bdf1808] INFO - [I] dvb_device_factory_t::get_aux_list
May 28, 2026 17:23:41.103 [0x7f9f8bdf1808] INFO - [I] tvbutler_aux_t::init
May 28, 2026 17:23:41.106 [0x7f9f8bdf1808] INFO - [I] web_server_t::start. Starting web server on port 32600
May 28, 2026 17:23:49.563 [0x7f9f89ff5b38] INFO - [I] web_service_t::process_device_discovery
May 28, 2026 17:23:49.563 [0x7f9f89ff5b38] INFO - [I] device_reactor_t::get_device_list ()
May 28, 2026 17:23:51.567 [0x7f9f89ff5b38] INFO - [I] SAT2IP - discover_satip_servers(): no servers found
May 28, 2026 17:23:51.986 [0x7f9f89ff5b38] INFO - [I] v4l::DeviceGetList_impl. getting v4l device list
May 28, 2026 17:23:51.988 [0x7f9f89ff5b38] INFO - [I] onetv_factory::DeviceGetListEx >>
May 28, 2026 17:23:51.988 [0x7f9f89ff5b38] WARN - [W] onetv_factory::DeviceGetListEx. libusb_init returned an error -99
May 28, 2026 17:24:09.886 [0x7f9f8bdf1808] INFO - Received SIGINT: Interrupt from keyboard.
May 28, 2026 17:24:09.916 [0x7f9f8bdf1808] INFO - [I] device_manager_t::term
May 28, 2026 17:24:09.916 [0x7f9f8bdf1808] INFO - [I] device_manager_t::term. Stop all devices
May 28, 2026 17:24:09.916 [0x7f9f8bdf1808] INFO - [I] device_manager_t::term. Shut down all device auxes
May 28, 2026 17:24:09.916 [0x7f9f8bdf1808] INFO - [I] tvbutler_aux_t::term
May 28, 2026 17:24:09.917 [0x7f9f8bdf1808] INFO - [I] web_server_t::stop. Web server is stopped
May 28, 2026 17:24:09.917 [0x7f9f8bdf1808] INFO - [I] device_manager_t::term
May 28, 2026 17:24:09.917 [0x7f9f8bdf1808] INFO - [I] device_manager_t::term. Stop all devices
May 28, 2026 17:24:09.917 [0x7f9f8bdf1808] INFO - [I] device_manager_t::term. Shut down all device auxes
May 28, 2026 17:24:09.917 [0x7f9f8bdf1808] INFO - [I] broker_t::shutdown. Shutdown is completed.
