May 28, 2026 17:17:34.583 [125917181819648] INFO - Plex Media Scanner v1.43.2.10687-563d026ea - Docker Docker Container (LinuxServer.io) x86_64 - build: linux-x86_64 - GMT 00:00
May 28, 2026 17:17:34.583 [125917181819648] INFO - Linux version: 6.12.85, language: en-US
May 28, 2026 17:17:34.583 [125917181819648] INFO - Processor: 8-core Intel(R) Core(TM) i5-9300H CPU @ 2.40GHz
May 28, 2026 17:17:34.583 [125917181819648] INFO - /usr/lib/plexmediaserver/Plex Media Scanner --analyze --log-file-suffix  Analysis --no-thumbs --item 98
May 28, 2026 17:17:34.585 [125917182320384] DEBUG - Opening 20 database sessions to library (com.plexapp.plugins.library), SQLite 3.39.4, threadsafe=1
May 28, 2026 17:17:34.721 [125917182320384] DEBUG - Analyzing media parts for item 98 (The Way Out): 160
May 28, 2026 17:17:34.722 [125917182320384] DEBUG - Computing hash for a tiny file, only using first block.
May 28, 2026 17:17:34.724 [125917182320384] DEBUG - [ID 160] Media part analysis: /tvshows/Monarch - Legacy of Monsters {tvdb-422598} {imdb-tt17220216}/Season 1/S01E05.mkv
May 28, 2026 17:17:34.724 [125917182320384] DEBUG - [MI] Opening input file: "/tvshows/Monarch - Legacy of Monsters {tvdb-422598} {imdb-tt17220216}/Season 1/S01E05.mkv"
May 28, 2026 17:17:34.724 [125917182320384] DEBUG - [FFMPEG] - Opening '/tvshows/Monarch - Legacy of Monsters {tvdb-422598} {imdb-tt17220216}/Season 1/S01E05.mkv' for reading
May 28, 2026 17:17:34.724 [125917182320384] DEBUG - [FFMPEG] - Setting default whitelist 'file,crypto,data'
May 28, 2026 17:17:34.724 [125917182320384] DEBUG - [FFMPEG] - Format matroska,webm probed with size=2048 and score=100
May 28, 2026 17:17:34.725 [125917182320384] DEBUG - [FFMPEG] - st:0 removing common factor 1000000 from timebase
May 28, 2026 17:17:34.725 [125917182320384] DEBUG - [FFMPEG] - Before avformat_find_stream_info() pos: 570 bytes read:16803 seeks:0 nb_streams:1
May 28, 2026 17:17:34.726 [125917182320384] DEBUG - [FFMPEG] - nal_unit_type: 7(SPS), nal_ref_idc: 3
May 28, 2026 17:17:34.727 [125917182320384] DEBUG - [FFMPEG] - Decoding VUI
May 28, 2026 17:17:34.727 [125917182320384] DEBUG - [FFMPEG] - nal_unit_type: 8(PPS), nal_ref_idc: 3
May 28, 2026 17:17:34.727 [125917182320384] DEBUG - [FFMPEG] - nal_unit_type: 7(SPS), nal_ref_idc: 3
May 28, 2026 17:17:34.727 [125917182320384] DEBUG - [FFMPEG] - Decoding VUI
May 28, 2026 17:17:34.727 [125917182320384] DEBUG - [FFMPEG] - nal_unit_type: 8(PPS), nal_ref_idc: 3
May 28, 2026 17:17:34.727 [125917182320384] DEBUG - [FFMPEG] - nal_unit_type: 6(SEI), nal_ref_idc: 0
May 28, 2026 17:17:34.727 [125917182320384] DEBUG - [FFMPEG] - nal_unit_type: 5(IDR), nal_ref_idc: 3
May 28, 2026 17:17:34.727 [125917182320384] DEBUG - [FFMPEG] - Format yuv420p chosen by get_format().
May 28, 2026 17:17:34.727 [125917182320384] DEBUG - [FFMPEG] - no picture 
May 28, 2026 17:17:34.727 [125917182320384] DEBUG - [FFMPEG] - nal_unit_type: 1(Coded slice of a non-IDR picture), nal_ref_idc: 2
May 28, 2026 17:17:34.727 [125917182320384] DEBUG - [FFMPEG] - no picture 
May 28, 2026 17:17:34.727 [125917182320384] DEBUG - [FFMPEG] - nal_unit_type: 1(Coded slice of a non-IDR picture), nal_ref_idc: 2
May 28, 2026 17:17:34.728 [125917182320384] DEBUG - [FFMPEG] - nal_unit_type: 1(Coded slice of a non-IDR picture), nal_ref_idc: 0
May 28, 2026 17:17:34.728 [125917182320384] DEBUG - [FFMPEG] - nal_unit_type: 1(Coded slice of a non-IDR picture), nal_ref_idc: 0
May 28, 2026 17:17:34.728 [125917182320384] DEBUG - [FFMPEG] - nal_unit_type: 1(Coded slice of a non-IDR picture), nal_ref_idc: 2
May 28, 2026 17:17:34.728 [125917182320384] DEBUG - [FFMPEG] - nal_unit_type: 1(Coded slice of a non-IDR picture), nal_ref_idc: 2
May 28, 2026 17:17:34.728 [125917182320384] DEBUG - [FFMPEG] - nal_unit_type: 1(Coded slice of a non-IDR picture), nal_ref_idc: 0
May 28, 2026 17:17:34.728 [125917182320384] DEBUG - [FFMPEG] - nal_unit_type: 1(Coded slice of a non-IDR picture), nal_ref_idc: 0
May 28, 2026 17:17:34.728 [125917182320384] DEBUG - [FFMPEG] - first_dts 7000 not matching first dts NOPTS (pts 0, duration 1000) in the queue
May 28, 2026 17:17:34.728 [125917182320384] DEBUG - [FFMPEG] - rfps: 1.000000 0.000000
May 28, 2026 17:17:34.728 [125917182320384] DEBUG - [FFMPEG] - rfps: 2.000000 0.000000
May 28, 2026 17:17:34.728 [125917182320384] DEBUG - [FFMPEG] - rfps: 2.000000 0.000000
May 28, 2026 17:17:34.728 [125917182320384] DEBUG - [FFMPEG] - rfps: 3.000000 0.000000
May 28, 2026 17:17:34.728 [125917182320384] DEBUG - [FFMPEG] - rfps: 4.000000 0.000000
May 28, 2026 17:17:34.728 [125917182320384] DEBUG - [FFMPEG] - rfps: 4.000000 0.000000
May 28, 2026 17:17:34.728 [125917182320384] DEBUG - [FFMPEG] - rfps: 5.000000 0.000000
May 28, 2026 17:17:34.728 [125917182320384] DEBUG - [FFMPEG] - rfps: 6.000000 0.000000
May 28, 2026 17:17:34.728 [125917182320384] DEBUG - [FFMPEG] - rfps: 6.000000 0.000000
May 28, 2026 17:17:34.728 [125917182320384] DEBUG - [FFMPEG] - rfps: 7.000000 0.000000
May 28, 2026 17:17:34.728 [125917182320384] DEBUG - [FFMPEG] - rfps: 8.000000 0.000000
May 28, 2026 17:17:34.728 [125917182320384] DEBUG - [FFMPEG] - rfps: 8.000000 0.000000
May 28, 2026 17:17:34.728 [125917182320384] DEBUG - [FFMPEG] - rfps: 9.000000 0.000000
May 28, 2026 17:17:34.728 [125917182320384] DEBUG - [FFMPEG] - rfps: 10.000000 0.000000
May 28, 2026 17:17:34.728 [125917182320384] DEBUG - [FFMPEG] - rfps: 10.000000 0.000000
May 28, 2026 17:17:34.728 [125917182320384] DEBUG - [FFMPEG] - rfps: 11.000000 0.000000
May 28, 2026 17:17:34.728 [125917182320384] DEBUG - [FFMPEG] - rfps: 12.000000 0.000000
May 28, 2026 17:17:34.728 [125917182320384] DEBUG - [FFMPEG] - rfps: 12.000000 0.000000
May 28, 2026 17:17:34.728 [125917182320384] DEBUG - [FFMPEG] - rfps: 13.000000 0.000000
May 28, 2026 17:17:34.728 [125917182320384] DEBUG - [FFMPEG] - rfps: 14.000000 0.000000
May 28, 2026 17:17:34.728 [125917182320384] DEBUG - [FFMPEG] - rfps: 14.000000 0.000000
May 28, 2026 17:17:34.728 [125917182320384] DEBUG - [FFMPEG] - rfps: 15.000000 0.000000
May 28, 2026 17:17:34.728 [125917182320384] DEBUG - [FFMPEG] - rfps: 16.000000 0.000000
May 28, 2026 17:17:34.728 [125917182320384] DEBUG - [FFMPEG] - rfps: 16.000000 0.000000
May 28, 2026 17:17:34.728 [125917182320384] DEBUG - [FFMPEG] - rfps: 17.000000 0.000000
May 28, 2026 17:17:34.728 [125917182320384] DEBUG - [FFMPEG] - rfps: 18.000000 0.000000
May 28, 2026 17:17:34.728 [125917182320384] DEBUG - [FFMPEG] - rfps: 18.000000 0.000000
May 28, 2026 17:17:34.728 [125917182320384] DEBUG - [FFMPEG] - rfps: 19.000000 0.000000
May 28, 2026 17:17:34.728 [125917182320384] DEBUG - [FFMPEG] - rfps: 20.000000 0.000000
May 28, 2026 17:17:34.728 [125917182320384] DEBUG - [FFMPEG] - rfps: 20.000000 0.000000
May 28, 2026 17:17:34.728 [125917182320384] DEBUG - [FFMPEG] - rfps: 21.000000 0.000000
May 28, 2026 17:17:34.728 [125917182320384] DEBUG - [FFMPEG] - rfps: 22.000000 0.000000
May 28, 2026 17:17:34.728 [125917182320384] DEBUG - [FFMPEG] - rfps: 22.000000 0.000000
May 28, 2026 17:17:34.728 [125917182320384] DEBUG - [FFMPEG] - rfps: 23.000000 0.000000
May 28, 2026 17:17:34.728 [125917182320384] DEBUG - [FFMPEG] - rfps: 24.000000 0.000000
May 28, 2026 17:17:34.728 [125917182320384] DEBUG - [FFMPEG] - rfps: 24.000000 0.000000
May 28, 2026 17:17:34.728 [125917182320384] DEBUG - [FFMPEG] - rfps: 25.000000 0.000000
May 28, 2026 17:17:34.728 [125917182320384] DEBUG - [FFMPEG] - rfps: 26.000000 0.000000
May 28, 2026 17:17:34.728 [125917182320384] DEBUG - [FFMPEG] - rfps: 26.000000 0.000000
May 28, 2026 17:17:34.728 [125917182320384] DEBUG - [FFMPEG] - rfps: 27.000000 0.000000
May 28, 2026 17:17:34.728 [125917182320384] DEBUG - [FFMPEG] - rfps: 28.000000 0.000000
May 28, 2026 17:17:34.728 [125917182320384] DEBUG - [FFMPEG] - rfps: 28.000000 0.000000
May 28, 2026 17:17:34.728 [125917182320384] DEBUG - [FFMPEG] - rfps: 29.000000 0.000000
May 28, 2026 17:17:34.728 [125917182320384] DEBUG - [FFMPEG] - rfps: 30.000000 0.000000
May 28, 2026 17:17:34.728 [125917182320384] DEBUG - [FFMPEG] - rfps: 30.000000 0.000000
May 28, 2026 17:17:34.728 [125917182320384] DEBUG - [FFMPEG] - rfps: 31.000000 0.000000
May 28, 2026 17:17:34.728 [125917182320384] DEBUG - [FFMPEG] - rfps: 32.000000 0.000000
May 28, 2026 17:17:34.728 [125917182320384] DEBUG - [FFMPEG] - rfps: 32.000000 0.000000
May 28, 2026 17:17:34.728 [125917182320384] DEBUG - [FFMPEG] - rfps: 33.000000 0.000000
May 28, 2026 17:17:34.728 [125917182320384] DEBUG - [FFMPEG] - rfps: 34.000000 0.000000
May 28, 2026 17:17:34.728 [125917182320384] DEBUG - [FFMPEG] - rfps: 34.000000 0.000000
May 28, 2026 17:17:34.728 [125917182320384] DEBUG - [FFMPEG] - rfps: 35.000000 0.000000
May 28, 2026 17:17:34.728 [125917182320384] DEBUG - [FFMPEG] - rfps: 36.000000 0.000000
May 28, 2026 17:17:34.728 [125917182320384] DEBUG - [FFMPEG] - rfps: 36.000000 0.000000
May 28, 2026 17:17:34.728 [125917182320384] DEBUG - [FFMPEG] - rfps: 37.000000 0.000000
May 28, 2026 17:17:34.728 [125917182320384] DEBUG - [FFMPEG] - rfps: 38.000000 0.000000
May 28, 2026 17:17:34.728 [125917182320384] DEBUG - [FFMPEG] - rfps: 38.000000 0.000000
May 28, 2026 17:17:34.728 [125917182320384] DEBUG - [FFMPEG] - rfps: 39.000000 0.000000
May 28, 2026 17:17:34.728 [125917182320384] DEBUG - [FFMPEG] - rfps: 40.000000 0.000000
May 28, 2026 17:17:34.728 [125917182320384] DEBUG - [FFMPEG] - rfps: 40.000000 0.000000
May 28, 2026 17:17:34.728 [125917182320384] DEBUG - [FFMPEG] - rfps: 41.000000 0.000000
May 28, 2026 17:17:34.728 [125917182320384] DEBUG - [FFMPEG] - rfps: 42.000000 0.000000
May 28, 2026 17:17:34.728 [125917182320384] DEBUG - [FFMPEG] - rfps: 42.000000 0.000000
May 28, 2026 17:17:34.728 [125917182320384] DEBUG - [FFMPEG] - rfps: 43.000000 0.000000
May 28, 2026 17:17:34.728 [125917182320384] DEBUG - [FFMPEG] - rfps: 44.000000 0.000000
May 28, 2026 17:17:34.728 [125917182320384] DEBUG - [FFMPEG] - rfps: 44.000000 0.000000
May 28, 2026 17:17:34.728 [125917182320384] DEBUG - [FFMPEG] - rfps: 45.000000 0.000000
May 28, 2026 17:17:34.728 [125917182320384] DEBUG - [FFMPEG] - rfps: 46.000000 0.000000
May 28, 2026 17:17:34.728 [125917182320384] DEBUG - [FFMPEG] - rfps: 46.000000 0.000000
May 28, 2026 17:17:34.728 [125917182320384] DEBUG - [FFMPEG] - rfps: 47.000000 0.000000
May 28, 2026 17:17:34.728 [125917182320384] DEBUG - [FFMPEG] - rfps: 48.000000 0.000000
May 28, 2026 17:17:34.728 [125917182320384] DEBUG - [FFMPEG] - rfps: 48.000000 0.000000
May 28, 2026 17:17:34.728 [125917182320384] DEBUG - [FFMPEG] - rfps: 49.000000 0.000000
May 28, 2026 17:17:34.728 [125917182320384] DEBUG - [FFMPEG] - rfps: 50.000000 0.000000
May 28, 2026 17:17:34.728 [125917182320384] DEBUG - [FFMPEG] - rfps: 50.000000 0.000000
May 28, 2026 17:17:34.728 [125917182320384] DEBUG - [FFMPEG] - rfps: 51.000000 0.000000
May 28, 2026 17:17:34.728 [125917182320384] DEBUG - [FFMPEG] - rfps: 52.000000 0.000000
May 28, 2026 17:17:34.728 [125917182320384] DEBUG - [FFMPEG] - rfps: 52.000000 0.000000
May 28, 2026 17:17:34.728 [125917182320384] DEBUG - [FFMPEG] - rfps: 53.000000 0.000000
May 28, 2026 17:17:34.728 [125917182320384] DEBUG - [FFMPEG] - rfps: 54.000000 0.000000
May 28, 2026 17:17:34.728 [125917182320384] DEBUG - [FFMPEG] - rfps: 54.000000 0.000000
May 28, 2026 17:17:34.728 [125917182320384] DEBUG - [FFMPEG] - rfps: 55.000000 0.000000
May 28, 2026 17:17:34.728 [125917182320384] DEBUG - [FFMPEG] - rfps: 56.000000 0.000000
May 28, 2026 17:17:34.728 [125917182320384] DEBUG - [FFMPEG] - rfps: 56.000000 0.000000
May 28, 2026 17:17:34.728 [125917182320384] DEBUG - [FFMPEG] - rfps: 57.000000 0.000000
May 28, 2026 17:17:34.728 [125917182320384] DEBUG - [FFMPEG] - rfps: 58.000000 0.000000
May 28, 2026 17:17:34.728 [125917182320384] DEBUG - [FFMPEG] - rfps: 58.000000 0.000000
May 28, 2026 17:17:34.728 [125917182320384] DEBUG - [FFMPEG] - rfps: 59.000000 0.000000
May 28, 2026 17:17:34.728 [125917182320384] DEBUG - [FFMPEG] - rfps: 60.000000 0.000000
May 28, 2026 17:17:34.728 [125917182320384] DEBUG - [FFMPEG] - rfps: 60.000000 0.000000
May 28, 2026 17:17:34.728 [125917182320384] DEBUG - [FFMPEG] - rfps: 80.000000 0.000000
May 28, 2026 17:17:34.728 [125917182320384] DEBUG - [FFMPEG] - rfps: 80.000000 0.000000
May 28, 2026 17:17:34.728 [125917182320384] DEBUG - [FFMPEG] - rfps: 120.000000 0.000000
May 28, 2026 17:17:34.728 [125917182320384] DEBUG - [FFMPEG] - rfps: 120.000000 0.000000
May 28, 2026 17:17:34.728 [125917182320384] DEBUG - [FFMPEG] - rfps: 240.000000 0.000000
May 28, 2026 17:17:34.728 [125917182320384] DEBUG - [FFMPEG] - rfps: 240.000000 0.000000
May 28, 2026 17:17:34.728 [125917182320384] DEBUG - [FFMPEG] - rfps: 23.976024 0.004743
May 28, 2026 17:17:34.728 [125917182320384] DEBUG - [FFMPEG] - rfps: 23.976024 0.004743
May 28, 2026 17:17:34.728 [125917182320384] DEBUG - [FFMPEG] - rfps: 29.970030 0.007410
May 28, 2026 17:17:34.728 [125917182320384] DEBUG - [FFMPEG] - rfps: 11.988012 0.001186
May 28, 2026 17:17:34.728 [125917182320384] DEBUG - [FFMPEG] - rfps: 11.988012 0.001186
May 28, 2026 17:17:34.728 [125917182320384] DEBUG - [FFMPEG] - rfps: 14.985015 0.001853
May 28, 2026 17:17:34.728 [125917182320384] DEBUG - [FFMPEG] - rfps: 14.985015 0.001853
May 28, 2026 17:17:34.728 [125917182320384] DEBUG - [FFMPEG] - rfps: 47.952048 0.018970
May 28, 2026 17:17:34.729 [125917182320384] DEBUG - [FFMPEG] - After avformat_find_stream_info() pos: 1810 bytes read:16803 seeks:0 frames:20
May 28, 2026 17:17:34.738 [125917182320384] DEBUG - [MI]  * 16803ebbe8f906d0ad5e6c8a6f01ae6fe2211b4b476a5 [mkv h264/] Duration: 601000ms, 128x96 (1.333333) 1.000fps, bitrate=0kbps, audio channels=0, optimizedForStreaming=0 ("/tvshows/Monarch - Legacy of Monsters {tvdb-422598} {imdb-tt17220216}/Season 1/S01E05.mkv")
May 28, 2026 17:17:34.738 [125917182320384] DEBUG - [MI] Chapters had generic titles, clearing.
May 28, 2026 17:17:34.740 [125917182320384] DEBUG - [MI] Closing input file: "/tvshows/Monarch - Legacy of Monsters {tvdb-422598} {imdb-tt17220216}/Season 1/S01E05.mkv"
May 28, 2026 17:17:34.741 [125917182320384] DEBUG - Committing media stream changes for part 160
May 28, 2026 17:17:34.742 [125917182320384] DEBUG - Updating media item 160, size=16803, metadata_item_id=98
May 28, 2026 17:17:34.742 [125917182320384] DEBUG - Updating part with ID=160 [/tvshows/Monarch - Legacy of Monsters {tvdb-422598} {imdb-tt17220216}/Season 1/S01E05.mkv]
May 28, 2026 17:17:34.743 [125917129612032] DEBUG - [HCl#1] HTTP requesting GET http://127.0.0.1:32400/:/metadata/notify/changeItemState?librarySectionID=3&metadataItemID=98&metadataType=4&state=-1&parentID=-1&rootID=-1&mediaState=analyzing
May 28, 2026 17:17:34.746 [125917129431808] DEBUG - [HttpClient/HCl#1] HTTP/1.1 (0.0s) 200 response from GET http://127.0.0.1:32400/:/metadata/notify/changeItemState?librarySectionID=3&metadataItemID=98&metadataType=4&state=-1&parentID=-1&rootID=-1&mediaState=analyzing
May 28, 2026 17:17:34.746 [125917129612032] DEBUG - [HCl#2] HTTP requesting GET http://127.0.0.1:32400/:/metadata/notify/changeItemState?librarySectionID=3&metadataItemID=98&metadataType=4&state=-1&parentID=-1&rootID=-1&mediaState=idle
May 28, 2026 17:17:34.747 [125917129431808] DEBUG - [HttpClient/HCl#2] HTTP/1.1 (0.0s) 200 response from GET http://127.0.0.1:32400/:/metadata/notify/changeItemState?librarySectionID=3&metadataItemID=98&metadataType=4&state=-1&parentID=-1&rootID=-1&mediaState=idle (reused)
May 28, 2026 17:17:34.749 [125917182320384] DEBUG - Downloading document http://127.0.0.1:32400/library/changestamp
May 28, 2026 17:17:34.749 [125917182320384] DEBUG - [HCl#3] HTTP requesting GET http://127.0.0.1:32400/library/changestamp
May 28, 2026 17:17:34.750 [125917129431808] DEBUG - [HttpClient/HCl#3] HTTP/1.1 (0.0s) 200 response from GET http://127.0.0.1:32400/library/changestamp (reused)
May 28, 2026 17:17:34.751 [125917182320384] DEBUG - Updating metadata item (save) (The Way Out) with ID 98
May 28, 2026 17:17:34.753 [125917129612032] DEBUG - [HCl#4] HTTP requesting GET http://127.0.0.1:32400/:/metadata/flushMetadataCounterCache?metadataItemID=92
May 28, 2026 17:17:34.753 [125917129431808] DEBUG - [HttpClient/HCl#4] HTTP/1.1 (0.0s) 200 response from GET http://127.0.0.1:32400/:/metadata/flushMetadataCounterCache?metadataItemID=92 (reused)
