Jan 03, 2024 02:26:39.586 [139983287450368] INFO - Plex Media Scanner v1.32.7.7621-871adbd44 - Docker Docker Container (LinuxServer.io) x86_64 - build: linux-x86_64 - GMT 00:00
Jan 03, 2024 02:26:39.586 [139983287450368] INFO - Linux version: 6.7.0-rc5, language: en-US
Jan 03, 2024 02:26:39.586 [139983287450368] INFO - Processor: 32-core AMD Ryzen 9 5950X 16-Core Processor            
Jan 03, 2024 02:26:39.586 [139983287450368] INFO - /usr/lib/plexmediaserver/Plex Media Scanner --scan --refresh --section 2 --activity ba891d28-282d-48e5-99e2-fcd8d88a7e87
Jan 03, 2024 02:26:39.587 [139983287954240] DEBUG - Opening 20 database sessions to library (com.plexapp.plugins.library), SQLite 3.39.4, threadsafe=1
Jan 03, 2024 02:26:39.638 [139983287954240] DEBUG - [HCl#1] HTTP requesting PUT http://127.0.0.1:32400/activities/ba891d28-282d-48e5-99e2-fcd8d88a7e87?percentComplete=0
Jan 03, 2024 02:26:39.638 [139983270218496] DEBUG - [HCl#2] HTTP requesting GET http://127.0.0.1:32400/:/metadata/notify/cullTimeline?librarySectionID=2&sinceTime=1704247599
Jan 03, 2024 02:26:39.638 [139983269739264] DEBUG - [HttpClient/HCl#1] HTTP/1.1 (0.0s) 200 response from PUT http://127.0.0.1:32400/activities/ba891d28-282d-48e5-99e2-fcd8d88a7e87?percentComplete=0
Jan 03, 2024 02:26:39.638 [139983269739264] DEBUG - [HttpClient/HCl#2] HTTP/1.1 (0.0s) 200 response from GET http://127.0.0.1:32400/:/metadata/notify/cullTimeline?librarySectionID=2&sinceTime=1704247599
Jan 03, 2024 02:26:39.638 [139983287954240] DEBUG - Scanning TV Shows using xn(Plex Series Scanner) with 2 current media items and 1 section locations in the database.
Jan 03, 2024 02:26:39.684 [139983287954240] DEBUG - Performing a scan with 'Plex Series Scanner' (language: xn virtual: 0).
Jan 03, 2024 02:26:39.684 [139983287954240] DEBUG -   * Scanning /tvshows
Jan 03, 2024 02:26:39.684 [139983287954240] DEBUG - Scanner: Processing directory /tvshows (parent: no)
Jan 03, 2024 02:26:39.685 [139983287954240] DEBUG - Skipping over directory '', as nothing has changed; removing 0 media items from map.
Jan 03, 2024 02:26:39.685 [139983287954240] DEBUG - Scanner: Processing directory /tvshows/Blender Shorts (parent: yes)
Jan 03, 2024 02:26:39.686 [139983287954240] DEBUG - File '/tvshows/Blender Shorts/S01E01.mkv' changed size, can't skip.
Jan 03, 2024 02:26:39.688 [139983287954240] DEBUG - Looking for path match for [/tvshows/Blender Shorts/S01E01.mkv]
Jan 03, 2024 02:26:39.688 [139983287954240] DEBUG - Path matched, we're reusing media item 11
Jan 03, 2024 02:26:39.688 [139983287954240] DEBUG - Noting item as needing media analysis, scanning=0, streams=0, missing channels=0, streamability=0, size=1, time=1.
Jan 03, 2024 02:26:39.688 [139983287954240] DEBUG - Turbo analysis on modified item 11 [/tvshows/Blender Shorts/S01E01.mkv]
Jan 03, 2024 02:26:39.688 [139983287954240] DEBUG - Updating media item 11, size=7477, metadata_item_id=21
Jan 03, 2024 02:26:39.688 [139983287954240] DEBUG - Updating part with ID=11 [/tvshows/Blender Shorts/S01E01.mkv]
Jan 03, 2024 02:26:39.688 [139983287954240] DEBUG - Looking for path match for [/tvshows/Blender Shorts/S01E02.mkv]
Jan 03, 2024 02:26:39.689 [139983287954240] DEBUG - Path matched, we're reusing media item 12
Jan 03, 2024 02:26:39.689 [139983287954240] DEBUG - Noting item as needing media analysis, scanning=0, streams=0, missing channels=0, streamability=0, size=1, time=1.
Jan 03, 2024 02:26:39.689 [139983287954240] DEBUG - Turbo analysis on modified item 12 [/tvshows/Blender Shorts/S01E02.mkv]
Jan 03, 2024 02:26:39.689 [139983287954240] DEBUG - Updating media item 12, size=7477, metadata_item_id=22
Jan 03, 2024 02:26:39.689 [139983287954240] DEBUG - Updating part with ID=12 [/tvshows/Blender Shorts/S01E02.mkv]
Jan 03, 2024 02:26:39.689 [139983287954240] DEBUG - [HCl#3] HTTP requesting PUT http://127.0.0.1:32400/activities/ba891d28-282d-48e5-99e2-fcd8d88a7e87?percentComplete=%2B99&subtitle=Blender%20Shorts
Jan 03, 2024 02:26:39.690 [139983269739264] DEBUG - [HttpClient/HCl#3] HTTP/1.1 (0.0s) 200 response from PUT http://127.0.0.1:32400/activities/ba891d28-282d-48e5-99e2-fcd8d88a7e87?percentComplete=%2B99&subtitle=Blender%20Shorts (reused)
Jan 03, 2024 02:26:39.690 [139983287954240] DEBUG - [HCl#4] HTTP requesting PUT http://127.0.0.1:32400/activities/ba891d28-282d-48e5-99e2-fcd8d88a7e87?percentComplete=99.000000
Jan 03, 2024 02:26:39.690 [139983269739264] DEBUG - [HttpClient/HCl#4] HTTP/1.1 (0.0s) 200 response from PUT http://127.0.0.1:32400/activities/ba891d28-282d-48e5-99e2-fcd8d88a7e87?percentComplete=99.000000 (reused)
Jan 03, 2024 02:26:39.690 [139983287954240] DEBUG - Removing 0 media items that were left.
Jan 03, 2024 02:26:39.690 [139983287954240] DEBUG - Removing 0 directories that were left.
Jan 03, 2024 02:26:39.690 [139983287954240] DEBUG - Updating directory 'Blender Shorts' (ID 6) to time 2024-01-03 02:25:23.
Jan 03, 2024 02:26:39.690 [139983287954240] DEBUG - [HCl#5] HTTP requesting PUT http://127.0.0.1:32400/activities/ba891d28-282d-48e5-99e2-fcd8d88a7e87?percentComplete=100
Jan 03, 2024 02:26:39.691 [139983269739264] DEBUG - [HttpClient/HCl#5] HTTP/1.1 (0.0s) 200 response from PUT http://127.0.0.1:32400/activities/ba891d28-282d-48e5-99e2-fcd8d88a7e87?percentComplete=100 (reused)
Jan 03, 2024 02:26:39.691 [139983287954240] DEBUG - Refreshing section 2 of type: 2
Jan 03, 2024 02:26:39.692 [139983268739840] DEBUG - Refreshing 0 IDs.
Jan 03, 2024 02:26:39.692 [139983267105536] DEBUG - MediaItem::PerformBackgroundAnalysis on 11
Jan 03, 2024 02:26:39.693 [139983267105536] DEBUG - Downloading document http://127.0.0.1:32400/library/changestamp
Jan 03, 2024 02:26:39.693 [139983267105536] DEBUG - [HCl#6] HTTP requesting GET http://127.0.0.1:32400/library/changestamp
Jan 03, 2024 02:26:39.693 [139983269739264] DEBUG - [HttpClient/HCl#6] HTTP/1.1 (0.0s) 200 response from GET http://127.0.0.1:32400/library/changestamp (reused)
Jan 03, 2024 02:26:39.693 [139983267105536] DEBUG - Updating metadata item (save) (2023-11-14) with ID 21
Jan 03, 2024 02:26:39.694 [139983270218496] DEBUG - [HCl#7] HTTP requesting GET http://127.0.0.1:32400/:/metadata/flushMetadataCounterCache?metadataItemID=19
Jan 03, 2024 02:26:39.694 [139983269739264] DEBUG - [HttpClient/HCl#7] HTTP/1.1 (0.0s) 200 response from GET http://127.0.0.1:32400/:/metadata/flushMetadataCounterCache?metadataItemID=19 (reused)
Jan 03, 2024 02:26:39.695 [139983267105536] DEBUG - Computing hash for a tiny file, only using first block.
Jan 03, 2024 02:26:39.695 [139983267105536] DEBUG - Updating part with ID=11 [/tvshows/Blender Shorts/S01E01.mkv]
Jan 03, 2024 02:26:39.695 [139983267105536] DEBUG - Part hashes for media item 11 have changed.
Jan 03, 2024 02:26:39.695 [139983267105536] DEBUG - [ID 11] Media part analysis: /tvshows/Blender Shorts/S01E01.mkv
Jan 03, 2024 02:26:39.695 [139983267105536] DEBUG - [MI] Opening input file: "/tvshows/Blender Shorts/S01E01.mkv"
Jan 03, 2024 02:26:39.695 [139983267105536] DEBUG - [FFMPEG] - Opening '/tvshows/Blender Shorts/S01E01.mkv' for reading
Jan 03, 2024 02:26:39.695 [139983267105536] DEBUG - [FFMPEG] - Setting default whitelist 'file,crypto,data'
Jan 03, 2024 02:26:39.695 [139983267105536] DEBUG - [FFMPEG] - Format matroska,webm probed with size=2048 and score=100
Jan 03, 2024 02:26:39.695 [139983267105536] DEBUG - [FFMPEG] - st:0 removing common factor 1000000 from timebase
Jan 03, 2024 02:26:39.695 [139983267105536] DEBUG - [FFMPEG] - Before avformat_find_stream_info() pos: 570 bytes read:7477 seeks:0 nb_streams:1
Jan 03, 2024 02:26:39.696 [139983267105536] DEBUG - [FFMPEG] - nal_unit_type: 7(SPS), nal_ref_idc: 3
Jan 03, 2024 02:26:39.696 [139983267105536] DEBUG - [FFMPEG] - nal_unit_type: 8(PPS), nal_ref_idc: 3
Jan 03, 2024 02:26:39.696 [139983267105536] DEBUG - [FFMPEG] - nal_unit_type: 7(SPS), nal_ref_idc: 3
Jan 03, 2024 02:26:39.696 [139983267105536] DEBUG - [FFMPEG] - nal_unit_type: 8(PPS), nal_ref_idc: 3
Jan 03, 2024 02:26:39.696 [139983267105536] DEBUG - [FFMPEG] - nal_unit_type: 6(SEI), nal_ref_idc: 0
Jan 03, 2024 02:26:39.696 [139983267105536] DEBUG - [FFMPEG] - nal_unit_type: 5(IDR), nal_ref_idc: 3
Jan 03, 2024 02:26:39.696 [139983267105536] DEBUG - [FFMPEG] - Format yuv420p chosen by get_format().
Jan 03, 2024 02:26:39.696 [139983267105536] DEBUG - [FFMPEG] - no picture 
Jan 03, 2024 02:26:39.696 [139983267105536] DEBUG - [FFMPEG] - nal_unit_type: 1(Coded slice of a non-IDR picture), nal_ref_idc: 2
Jan 03, 2024 02:26:39.696 [139983267105536] DEBUG - [FFMPEG] - no picture 
Jan 03, 2024 02:26:39.696 [139983267105536] DEBUG - [FFMPEG] - nal_unit_type: 1(Coded slice of a non-IDR picture), nal_ref_idc: 2
Jan 03, 2024 02:26:39.696 [139983267105536] DEBUG - [FFMPEG] - nal_unit_type: 1(Coded slice of a non-IDR picture), nal_ref_idc: 0
Jan 03, 2024 02:26:39.696 [139983267105536] DEBUG - [FFMPEG] - nal_unit_type: 1(Coded slice of a non-IDR picture), nal_ref_idc: 0
Jan 03, 2024 02:26:39.696 [139983267105536] DEBUG - [FFMPEG] - nal_unit_type: 1(Coded slice of a non-IDR picture), nal_ref_idc: 2
Jan 03, 2024 02:26:39.696 [139983267105536] DEBUG - [FFMPEG] - nal_unit_type: 1(Coded slice of a non-IDR picture), nal_ref_idc: 2
Jan 03, 2024 02:26:39.696 [139983267105536] DEBUG - [FFMPEG] - nal_unit_type: 1(Coded slice of a non-IDR picture), nal_ref_idc: 0
Jan 03, 2024 02:26:39.696 [139983267105536] DEBUG - [FFMPEG] - nal_unit_type: 1(Coded slice of a non-IDR picture), nal_ref_idc: 0
Jan 03, 2024 02:26:39.696 [139983267105536] DEBUG - [FFMPEG] - first_dts 7000 not matching first dts NOPTS (pts 0, duration 1000) in the queue
Jan 03, 2024 02:26:39.696 [139983267105536] DEBUG - [FFMPEG] - rfps: 1.000000 0.000000
Jan 03, 2024 02:26:39.696 [139983267105536] DEBUG - [FFMPEG] - rfps: 2.000000 0.000000
Jan 03, 2024 02:26:39.696 [139983267105536] DEBUG - [FFMPEG] - rfps: 2.000000 0.000000
Jan 03, 2024 02:26:39.696 [139983267105536] DEBUG - [FFMPEG] - rfps: 3.000000 0.000000
Jan 03, 2024 02:26:39.696 [139983267105536] DEBUG - [FFMPEG] - rfps: 4.000000 0.000000
Jan 03, 2024 02:26:39.696 [139983267105536] DEBUG - [FFMPEG] - rfps: 4.000000 0.000000
Jan 03, 2024 02:26:39.696 [139983267105536] DEBUG - [FFMPEG] - rfps: 5.000000 0.000000
Jan 03, 2024 02:26:39.696 [139983267105536] DEBUG - [FFMPEG] - rfps: 6.000000 0.000000
Jan 03, 2024 02:26:39.696 [139983267105536] DEBUG - [FFMPEG] - rfps: 6.000000 0.000000
Jan 03, 2024 02:26:39.696 [139983267105536] DEBUG - [FFMPEG] - rfps: 7.000000 0.000000
Jan 03, 2024 02:26:39.696 [139983267105536] DEBUG - [FFMPEG] - rfps: 8.000000 0.000000
Jan 03, 2024 02:26:39.696 [139983267105536] DEBUG - [FFMPEG] - rfps: 8.000000 0.000000
Jan 03, 2024 02:26:39.696 [139983267105536] DEBUG - [FFMPEG] - rfps: 9.000000 0.000000
Jan 03, 2024 02:26:39.696 [139983267105536] DEBUG - [FFMPEG] - rfps: 10.000000 0.000000
Jan 03, 2024 02:26:39.696 [139983267105536] DEBUG - [FFMPEG] - rfps: 10.000000 0.000000
Jan 03, 2024 02:26:39.696 [139983267105536] DEBUG - [FFMPEG] - rfps: 11.000000 0.000000
Jan 03, 2024 02:26:39.696 [139983267105536] DEBUG - [FFMPEG] - rfps: 12.000000 0.000000
Jan 03, 2024 02:26:39.696 [139983267105536] DEBUG - [FFMPEG] - rfps: 12.000000 0.000000
Jan 03, 2024 02:26:39.696 [139983267105536] DEBUG - [FFMPEG] - rfps: 13.000000 0.000000
Jan 03, 2024 02:26:39.696 [139983267105536] DEBUG - [FFMPEG] - rfps: 14.000000 0.000000
Jan 03, 2024 02:26:39.696 [139983267105536] DEBUG - [FFMPEG] - rfps: 14.000000 0.000000
Jan 03, 2024 02:26:39.696 [139983267105536] DEBUG - [FFMPEG] - rfps: 15.000000 0.000000
Jan 03, 2024 02:26:39.696 [139983267105536] DEBUG - [FFMPEG] - rfps: 16.000000 0.000000
Jan 03, 2024 02:26:39.696 [139983267105536] DEBUG - [FFMPEG] - rfps: 16.000000 0.000000
Jan 03, 2024 02:26:39.696 [139983267105536] DEBUG - [FFMPEG] - rfps: 17.000000 0.000000
Jan 03, 2024 02:26:39.696 [139983267105536] DEBUG - [FFMPEG] - rfps: 18.000000 0.000000
Jan 03, 2024 02:26:39.696 [139983267105536] DEBUG - [FFMPEG] - rfps: 18.000000 0.000000
Jan 03, 2024 02:26:39.696 [139983267105536] DEBUG - [FFMPEG] - rfps: 19.000000 0.000000
Jan 03, 2024 02:26:39.696 [139983267105536] DEBUG - [FFMPEG] - rfps: 20.000000 0.000000
Jan 03, 2024 02:26:39.696 [139983267105536] DEBUG - [FFMPEG] - rfps: 20.000000 0.000000
Jan 03, 2024 02:26:39.696 [139983267105536] DEBUG - [FFMPEG] - rfps: 21.000000 0.000000
Jan 03, 2024 02:26:39.696 [139983267105536] DEBUG - [FFMPEG] - rfps: 22.000000 0.000000
Jan 03, 2024 02:26:39.696 [139983267105536] DEBUG - [FFMPEG] - rfps: 22.000000 0.000000
Jan 03, 2024 02:26:39.696 [139983267105536] DEBUG - [FFMPEG] - rfps: 23.000000 0.000000
Jan 03, 2024 02:26:39.696 [139983267105536] DEBUG - [FFMPEG] - rfps: 24.000000 0.000000
Jan 03, 2024 02:26:39.696 [139983267105536] DEBUG - [FFMPEG] - rfps: 24.000000 0.000000
Jan 03, 2024 02:26:39.696 [139983267105536] DEBUG - [FFMPEG] - rfps: 25.000000 0.000000
Jan 03, 2024 02:26:39.696 [139983267105536] DEBUG - [FFMPEG] - rfps: 26.000000 0.000000
Jan 03, 2024 02:26:39.696 [139983267105536] DEBUG - [FFMPEG] - rfps: 26.000000 0.000000
Jan 03, 2024 02:26:39.696 [139983267105536] DEBUG - [FFMPEG] - rfps: 27.000000 0.000000
Jan 03, 2024 02:26:39.696 [139983267105536] DEBUG - [FFMPEG] - rfps: 28.000000 0.000000
Jan 03, 2024 02:26:39.696 [139983267105536] DEBUG - [FFMPEG] - rfps: 28.000000 0.000000
Jan 03, 2024 02:26:39.696 [139983267105536] DEBUG - [FFMPEG] - rfps: 29.000000 0.000000
Jan 03, 2024 02:26:39.696 [139983267105536] DEBUG - [FFMPEG] - rfps: 30.000000 0.000000
Jan 03, 2024 02:26:39.696 [139983267105536] DEBUG - [FFMPEG] - rfps: 30.000000 0.000000
Jan 03, 2024 02:26:39.696 [139983267105536] DEBUG - [FFMPEG] - rfps: 31.000000 0.000000
Jan 03, 2024 02:26:39.696 [139983267105536] DEBUG - [FFMPEG] - rfps: 32.000000 0.000000
Jan 03, 2024 02:26:39.696 [139983267105536] DEBUG - [FFMPEG] - rfps: 32.000000 0.000000
Jan 03, 2024 02:26:39.696 [139983267105536] DEBUG - [FFMPEG] - rfps: 33.000000 0.000000
Jan 03, 2024 02:26:39.696 [139983267105536] DEBUG - [FFMPEG] - rfps: 34.000000 0.000000
Jan 03, 2024 02:26:39.696 [139983267105536] DEBUG - [FFMPEG] - rfps: 34.000000 0.000000
Jan 03, 2024 02:26:39.696 [139983267105536] DEBUG - [FFMPEG] - rfps: 35.000000 0.000000
Jan 03, 2024 02:26:39.696 [139983267105536] DEBUG - [FFMPEG] - rfps: 36.000000 0.000000
Jan 03, 2024 02:26:39.696 [139983267105536] DEBUG - [FFMPEG] - rfps: 36.000000 0.000000
Jan 03, 2024 02:26:39.696 [139983267105536] DEBUG - [FFMPEG] - rfps: 37.000000 0.000000
Jan 03, 2024 02:26:39.696 [139983267105536] DEBUG - [FFMPEG] - rfps: 38.000000 0.000000
Jan 03, 2024 02:26:39.696 [139983267105536] DEBUG - [FFMPEG] - rfps: 38.000000 0.000000
Jan 03, 2024 02:26:39.696 [139983267105536] DEBUG - [FFMPEG] - rfps: 39.000000 0.000000
Jan 03, 2024 02:26:39.696 [139983267105536] DEBUG - [FFMPEG] - rfps: 40.000000 0.000000
Jan 03, 2024 02:26:39.696 [139983267105536] DEBUG - [FFMPEG] - rfps: 40.000000 0.000000
Jan 03, 2024 02:26:39.696 [139983267105536] DEBUG - [FFMPEG] - rfps: 41.000000 0.000000
Jan 03, 2024 02:26:39.696 [139983267105536] DEBUG - [FFMPEG] - rfps: 42.000000 0.000000
Jan 03, 2024 02:26:39.696 [139983267105536] DEBUG - [FFMPEG] - rfps: 42.000000 0.000000
Jan 03, 2024 02:26:39.696 [139983267105536] DEBUG - [FFMPEG] - rfps: 43.000000 0.000000
Jan 03, 2024 02:26:39.696 [139983267105536] DEBUG - [FFMPEG] - rfps: 44.000000 0.000000
Jan 03, 2024 02:26:39.696 [139983267105536] DEBUG - [FFMPEG] - rfps: 44.000000 0.000000
Jan 03, 2024 02:26:39.696 [139983267105536] DEBUG - [FFMPEG] - rfps: 45.000000 0.000000
Jan 03, 2024 02:26:39.696 [139983267105536] DEBUG - [FFMPEG] - rfps: 46.000000 0.000000
Jan 03, 2024 02:26:39.696 [139983267105536] DEBUG - [FFMPEG] - rfps: 46.000000 0.000000
Jan 03, 2024 02:26:39.696 [139983267105536] DEBUG - [FFMPEG] - rfps: 47.000000 0.000000
Jan 03, 2024 02:26:39.696 [139983267105536] DEBUG - [FFMPEG] - rfps: 48.000000 0.000000
Jan 03, 2024 02:26:39.696 [139983267105536] DEBUG - [FFMPEG] - rfps: 48.000000 0.000000
Jan 03, 2024 02:26:39.696 [139983267105536] DEBUG - [FFMPEG] - rfps: 49.000000 0.000000
Jan 03, 2024 02:26:39.696 [139983267105536] DEBUG - [FFMPEG] - rfps: 50.000000 0.000000
Jan 03, 2024 02:26:39.696 [139983267105536] DEBUG - [FFMPEG] - rfps: 50.000000 0.000000
Jan 03, 2024 02:26:39.696 [139983267105536] DEBUG - [FFMPEG] - rfps: 51.000000 0.000000
Jan 03, 2024 02:26:39.696 [139983267105536] DEBUG - [FFMPEG] - rfps: 52.000000 0.000000
Jan 03, 2024 02:26:39.696 [139983267105536] DEBUG - [FFMPEG] - rfps: 52.000000 0.000000
Jan 03, 2024 02:26:39.696 [139983267105536] DEBUG - [FFMPEG] - rfps: 53.000000 0.000000
Jan 03, 2024 02:26:39.696 [139983267105536] DEBUG - [FFMPEG] - rfps: 54.000000 0.000000
Jan 03, 2024 02:26:39.696 [139983267105536] DEBUG - [FFMPEG] - rfps: 54.000000 0.000000
Jan 03, 2024 02:26:39.696 [139983267105536] DEBUG - [FFMPEG] - rfps: 55.000000 0.000000
Jan 03, 2024 02:26:39.696 [139983267105536] DEBUG - [FFMPEG] - rfps: 56.000000 0.000000
Jan 03, 2024 02:26:39.696 [139983267105536] DEBUG - [FFMPEG] - rfps: 56.000000 0.000000
Jan 03, 2024 02:26:39.696 [139983267105536] DEBUG - [FFMPEG] - rfps: 57.000000 0.000000
Jan 03, 2024 02:26:39.696 [139983267105536] DEBUG - [FFMPEG] - rfps: 58.000000 0.000000
Jan 03, 2024 02:26:39.696 [139983267105536] DEBUG - [FFMPEG] - rfps: 58.000000 0.000000
Jan 03, 2024 02:26:39.696 [139983267105536] DEBUG - [FFMPEG] - rfps: 59.000000 0.000000
Jan 03, 2024 02:26:39.696 [139983267105536] DEBUG - [FFMPEG] - rfps: 60.000000 0.000000
Jan 03, 2024 02:26:39.696 [139983267105536] DEBUG - [FFMPEG] - rfps: 60.000000 0.000000
Jan 03, 2024 02:26:39.696 [139983267105536] DEBUG - [FFMPEG] - rfps: 80.000000 0.000000
Jan 03, 2024 02:26:39.696 [139983267105536] DEBUG - [FFMPEG] - rfps: 80.000000 0.000000
Jan 03, 2024 02:26:39.696 [139983267105536] DEBUG - [FFMPEG] - rfps: 120.000000 0.000000
Jan 03, 2024 02:26:39.696 [139983267105536] DEBUG - [FFMPEG] - rfps: 120.000000 0.000000
Jan 03, 2024 02:26:39.696 [139983267105536] DEBUG - [FFMPEG] - rfps: 240.000000 0.000000
Jan 03, 2024 02:26:39.696 [139983267105536] DEBUG - [FFMPEG] - rfps: 240.000000 0.000000
Jan 03, 2024 02:26:39.696 [139983267105536] DEBUG - [FFMPEG] - rfps: 23.976024 0.004743
Jan 03, 2024 02:26:39.696 [139983267105536] DEBUG - [FFMPEG] - rfps: 23.976024 0.004743
Jan 03, 2024 02:26:39.696 [139983267105536] DEBUG - [FFMPEG] - rfps: 29.970030 0.007410
Jan 03, 2024 02:26:39.696 [139983267105536] DEBUG - [FFMPEG] - rfps: 11.988012 0.001186
Jan 03, 2024 02:26:39.696 [139983267105536] DEBUG - [FFMPEG] - rfps: 11.988012 0.001186
Jan 03, 2024 02:26:39.696 [139983267105536] DEBUG - [FFMPEG] - rfps: 14.985015 0.001853
Jan 03, 2024 02:26:39.696 [139983267105536] DEBUG - [FFMPEG] - rfps: 14.985015 0.001853
Jan 03, 2024 02:26:39.696 [139983267105536] DEBUG - [FFMPEG] - rfps: 47.952048 0.018970
Jan 03, 2024 02:26:39.696 [139983267105536] DEBUG - [FFMPEG] - After avformat_find_stream_info() pos: 1810 bytes read:7477 seeks:0 frames:20
Jan 03, 2024 02:26:39.697 [139983267105536] DEBUG - [MI]  * 74779304a07ffbdcd64213f5f40871efbe749a366528 [mkv h264/] Duration: 241000ms, 128x96 (1.333333) 1.000fps, bitrate=0kbps, audio channels=0, optimizedForStreaming=0 ("/tvshows/Blender Shorts/S01E01.mkv")
Jan 03, 2024 02:26:39.697 [139983267105536] DEBUG - [MI] Chapters had generic titles, clearing.
Jan 03, 2024 02:26:39.697 [139983267105536] DEBUG - [MI] Closing input file: "/tvshows/Blender Shorts/S01E01.mkv"
Jan 03, 2024 02:26:39.697 [139983267105536] DEBUG - Committing media stream changes for part 11
Jan 03, 2024 02:26:39.697 [139983267105536] DEBUG - Updating media item 11, size=7477, metadata_item_id=21
Jan 03, 2024 02:26:39.697 [139983267105536] DEBUG - Updating part with ID=11 [/tvshows/Blender Shorts/S01E01.mkv]
Jan 03, 2024 02:26:39.697 [139983270218496] DEBUG - [HCl#8] HTTP requesting GET http://127.0.0.1:32400/:/metadata/notify/changeItemState?librarySectionID=2&metadataItemID=21&metadataType=4&state=-1&parentID=-1&rootID=-1&mediaState=analyzing
Jan 03, 2024 02:26:39.698 [139983269739264] DEBUG - [HttpClient/HCl#8] HTTP/1.1 (0.0s) 200 response from GET http://127.0.0.1:32400/:/metadata/notify/changeItemState?librarySectionID=2&metadataItemID=21&metadataType=4&state=-1&parentID=-1&rootID=-1&mediaState=analyzing (reused)
Jan 03, 2024 02:26:39.698 [139983267105536] DEBUG - [MI] Opening input file: "/tvshows/Blender Shorts/S01E01.mkv"
Jan 03, 2024 02:26:39.698 [139983267105536] DEBUG - [FFMPEG] - Opening '/tvshows/Blender Shorts/S01E01.mkv' for reading
Jan 03, 2024 02:26:39.698 [139983267105536] DEBUG - [FFMPEG] - Setting default whitelist 'file,crypto,data'
Jan 03, 2024 02:26:39.698 [139983270218496] DEBUG - [HCl#9] HTTP requesting GET http://127.0.0.1:32400/:/metadata/notify/changeItemState?librarySectionID=2&metadataItemID=21&metadataType=4&state=-1&parentID=-1&rootID=-1&mediaState=thumbnailing
Jan 03, 2024 02:26:39.698 [139983267105536] DEBUG - [FFMPEG] - Format matroska,webm probed with size=2048 and score=100
Jan 03, 2024 02:26:39.698 [139983267105536] DEBUG - [FFMPEG] - st:0 removing common factor 1000000 from timebase
Jan 03, 2024 02:26:39.698 [139983267105536] DEBUG - [FFMPEG] - Before avformat_find_stream_info() pos: 570 bytes read:7477 seeks:0 nb_streams:1
Jan 03, 2024 02:26:39.698 [139983269739264] DEBUG - [HttpClient/HCl#9] HTTP/1.1 (0.0s) 200 response from GET http://127.0.0.1:32400/:/metadata/notify/changeItemState?librarySectionID=2&metadataItemID=21&metadataType=4&state=-1&parentID=-1&rootID=-1&mediaState=thumbnailing (reused)
Jan 03, 2024 02:26:39.698 [139983267105536] DEBUG - [FFMPEG] - nal_unit_type: 7(SPS), nal_ref_idc: 3
Jan 03, 2024 02:26:39.698 [139983267105536] DEBUG - [FFMPEG] - nal_unit_type: 8(PPS), nal_ref_idc: 3
Jan 03, 2024 02:26:39.698 [139983267105536] DEBUG - [FFMPEG] - nal_unit_type: 7(SPS), nal_ref_idc: 3
Jan 03, 2024 02:26:39.698 [139983267105536] DEBUG - [FFMPEG] - nal_unit_type: 8(PPS), nal_ref_idc: 3
Jan 03, 2024 02:26:39.698 [139983267105536] DEBUG - [FFMPEG] - nal_unit_type: 6(SEI), nal_ref_idc: 0
Jan 03, 2024 02:26:39.698 [139983267105536] DEBUG - [FFMPEG] - nal_unit_type: 5(IDR), nal_ref_idc: 3
Jan 03, 2024 02:26:39.698 [139983267105536] DEBUG - [FFMPEG] - Format yuv420p chosen by get_format().
Jan 03, 2024 02:26:39.698 [139983267105536] DEBUG - [FFMPEG] - no picture 
Jan 03, 2024 02:26:39.698 [139983267105536] DEBUG - [FFMPEG] - nal_unit_type: 1(Coded slice of a non-IDR picture), nal_ref_idc: 2
Jan 03, 2024 02:26:39.698 [139983267105536] DEBUG - [FFMPEG] - no picture 
Jan 03, 2024 02:26:39.698 [139983267105536] DEBUG - [FFMPEG] - nal_unit_type: 1(Coded slice of a non-IDR picture), nal_ref_idc: 2
Jan 03, 2024 02:26:39.698 [139983267105536] DEBUG - [FFMPEG] - nal_unit_type: 1(Coded slice of a non-IDR picture), nal_ref_idc: 0
Jan 03, 2024 02:26:39.698 [139983267105536] DEBUG - [FFMPEG] - nal_unit_type: 1(Coded slice of a non-IDR picture), nal_ref_idc: 0
Jan 03, 2024 02:26:39.698 [139983267105536] DEBUG - [FFMPEG] - nal_unit_type: 1(Coded slice of a non-IDR picture), nal_ref_idc: 2
Jan 03, 2024 02:26:39.699 [139983267105536] DEBUG - [FFMPEG] - nal_unit_type: 1(Coded slice of a non-IDR picture), nal_ref_idc: 2
Jan 03, 2024 02:26:39.699 [139983267105536] DEBUG - [FFMPEG] - nal_unit_type: 1(Coded slice of a non-IDR picture), nal_ref_idc: 0
Jan 03, 2024 02:26:39.699 [139983267105536] DEBUG - [FFMPEG] - nal_unit_type: 1(Coded slice of a non-IDR picture), nal_ref_idc: 0
Jan 03, 2024 02:26:39.699 [139983267105536] DEBUG - [FFMPEG] - first_dts 7000 not matching first dts NOPTS (pts 0, duration 1000) in the queue
Jan 03, 2024 02:26:39.699 [139983267105536] DEBUG - [FFMPEG] - rfps: 1.000000 0.000000
Jan 03, 2024 02:26:39.699 [139983267105536] DEBUG - [FFMPEG] - rfps: 2.000000 0.000000
Jan 03, 2024 02:26:39.699 [139983267105536] DEBUG - [FFMPEG] - rfps: 2.000000 0.000000
Jan 03, 2024 02:26:39.699 [139983267105536] DEBUG - [FFMPEG] - rfps: 3.000000 0.000000
Jan 03, 2024 02:26:39.699 [139983267105536] DEBUG - [FFMPEG] - rfps: 4.000000 0.000000
Jan 03, 2024 02:26:39.699 [139983267105536] DEBUG - [FFMPEG] - rfps: 4.000000 0.000000
Jan 03, 2024 02:26:39.699 [139983267105536] DEBUG - [FFMPEG] - rfps: 5.000000 0.000000
Jan 03, 2024 02:26:39.699 [139983267105536] DEBUG - [FFMPEG] - rfps: 6.000000 0.000000
Jan 03, 2024 02:26:39.699 [139983267105536] DEBUG - [FFMPEG] - rfps: 6.000000 0.000000
Jan 03, 2024 02:26:39.699 [139983267105536] DEBUG - [FFMPEG] - rfps: 7.000000 0.000000
Jan 03, 2024 02:26:39.699 [139983267105536] DEBUG - [FFMPEG] - rfps: 8.000000 0.000000
Jan 03, 2024 02:26:39.699 [139983267105536] DEBUG - [FFMPEG] - rfps: 8.000000 0.000000
Jan 03, 2024 02:26:39.699 [139983267105536] DEBUG - [FFMPEG] - rfps: 9.000000 0.000000
Jan 03, 2024 02:26:39.699 [139983267105536] DEBUG - [FFMPEG] - rfps: 10.000000 0.000000
Jan 03, 2024 02:26:39.699 [139983267105536] DEBUG - [FFMPEG] - rfps: 10.000000 0.000000
Jan 03, 2024 02:26:39.699 [139983267105536] DEBUG - [FFMPEG] - rfps: 11.000000 0.000000
Jan 03, 2024 02:26:39.699 [139983267105536] DEBUG - [FFMPEG] - rfps: 12.000000 0.000000
Jan 03, 2024 02:26:39.699 [139983267105536] DEBUG - [FFMPEG] - rfps: 12.000000 0.000000
Jan 03, 2024 02:26:39.699 [139983267105536] DEBUG - [FFMPEG] - rfps: 13.000000 0.000000
Jan 03, 2024 02:26:39.699 [139983267105536] DEBUG - [FFMPEG] - rfps: 14.000000 0.000000
Jan 03, 2024 02:26:39.699 [139983267105536] DEBUG - [FFMPEG] - rfps: 14.000000 0.000000
Jan 03, 2024 02:26:39.699 [139983267105536] DEBUG - [FFMPEG] - rfps: 15.000000 0.000000
Jan 03, 2024 02:26:39.699 [139983267105536] DEBUG - [FFMPEG] - rfps: 16.000000 0.000000
Jan 03, 2024 02:26:39.699 [139983267105536] DEBUG - [FFMPEG] - rfps: 16.000000 0.000000
Jan 03, 2024 02:26:39.699 [139983267105536] DEBUG - [FFMPEG] - rfps: 17.000000 0.000000
Jan 03, 2024 02:26:39.699 [139983267105536] DEBUG - [FFMPEG] - rfps: 18.000000 0.000000
Jan 03, 2024 02:26:39.699 [139983267105536] DEBUG - [FFMPEG] - rfps: 18.000000 0.000000
Jan 03, 2024 02:26:39.699 [139983267105536] DEBUG - [FFMPEG] - rfps: 19.000000 0.000000
Jan 03, 2024 02:26:39.699 [139983267105536] DEBUG - [FFMPEG] - rfps: 20.000000 0.000000
Jan 03, 2024 02:26:39.699 [139983267105536] DEBUG - [FFMPEG] - rfps: 20.000000 0.000000
Jan 03, 2024 02:26:39.699 [139983267105536] DEBUG - [FFMPEG] - rfps: 21.000000 0.000000
Jan 03, 2024 02:26:39.699 [139983267105536] DEBUG - [FFMPEG] - rfps: 22.000000 0.000000
Jan 03, 2024 02:26:39.699 [139983267105536] DEBUG - [FFMPEG] - rfps: 22.000000 0.000000
Jan 03, 2024 02:26:39.699 [139983267105536] DEBUG - [FFMPEG] - rfps: 23.000000 0.000000
Jan 03, 2024 02:26:39.699 [139983267105536] DEBUG - [FFMPEG] - rfps: 24.000000 0.000000
Jan 03, 2024 02:26:39.699 [139983267105536] DEBUG - [FFMPEG] - rfps: 24.000000 0.000000
Jan 03, 2024 02:26:39.699 [139983267105536] DEBUG - [FFMPEG] - rfps: 25.000000 0.000000
Jan 03, 2024 02:26:39.699 [139983267105536] DEBUG - [FFMPEG] - rfps: 26.000000 0.000000
Jan 03, 2024 02:26:39.699 [139983267105536] DEBUG - [FFMPEG] - rfps: 26.000000 0.000000
Jan 03, 2024 02:26:39.699 [139983267105536] DEBUG - [FFMPEG] - rfps: 27.000000 0.000000
Jan 03, 2024 02:26:39.699 [139983267105536] DEBUG - [FFMPEG] - rfps: 28.000000 0.000000
Jan 03, 2024 02:26:39.699 [139983267105536] DEBUG - [FFMPEG] - rfps: 28.000000 0.000000
Jan 03, 2024 02:26:39.699 [139983267105536] DEBUG - [FFMPEG] - rfps: 29.000000 0.000000
Jan 03, 2024 02:26:39.699 [139983267105536] DEBUG - [FFMPEG] - rfps: 30.000000 0.000000
Jan 03, 2024 02:26:39.699 [139983267105536] DEBUG - [FFMPEG] - rfps: 30.000000 0.000000
Jan 03, 2024 02:26:39.699 [139983267105536] DEBUG - [FFMPEG] - rfps: 31.000000 0.000000
Jan 03, 2024 02:26:39.699 [139983267105536] DEBUG - [FFMPEG] - rfps: 32.000000 0.000000
Jan 03, 2024 02:26:39.699 [139983267105536] DEBUG - [FFMPEG] - rfps: 32.000000 0.000000
Jan 03, 2024 02:26:39.699 [139983267105536] DEBUG - [FFMPEG] - rfps: 33.000000 0.000000
Jan 03, 2024 02:26:39.699 [139983267105536] DEBUG - [FFMPEG] - rfps: 34.000000 0.000000
Jan 03, 2024 02:26:39.699 [139983267105536] DEBUG - [FFMPEG] - rfps: 34.000000 0.000000
Jan 03, 2024 02:26:39.699 [139983267105536] DEBUG - [FFMPEG] - rfps: 35.000000 0.000000
Jan 03, 2024 02:26:39.699 [139983267105536] DEBUG - [FFMPEG] - rfps: 36.000000 0.000000
Jan 03, 2024 02:26:39.699 [139983267105536] DEBUG - [FFMPEG] - rfps: 36.000000 0.000000
Jan 03, 2024 02:26:39.699 [139983267105536] DEBUG - [FFMPEG] - rfps: 37.000000 0.000000
Jan 03, 2024 02:26:39.699 [139983267105536] DEBUG - [FFMPEG] - rfps: 38.000000 0.000000
Jan 03, 2024 02:26:39.699 [139983267105536] DEBUG - [FFMPEG] - rfps: 38.000000 0.000000
Jan 03, 2024 02:26:39.699 [139983267105536] DEBUG - [FFMPEG] - rfps: 39.000000 0.000000
Jan 03, 2024 02:26:39.699 [139983267105536] DEBUG - [FFMPEG] - rfps: 40.000000 0.000000
Jan 03, 2024 02:26:39.699 [139983267105536] DEBUG - [FFMPEG] - rfps: 40.000000 0.000000
Jan 03, 2024 02:26:39.699 [139983267105536] DEBUG - [FFMPEG] - rfps: 41.000000 0.000000
Jan 03, 2024 02:26:39.699 [139983267105536] DEBUG - [FFMPEG] - rfps: 42.000000 0.000000
Jan 03, 2024 02:26:39.699 [139983267105536] DEBUG - [FFMPEG] - rfps: 42.000000 0.000000
Jan 03, 2024 02:26:39.699 [139983267105536] DEBUG - [FFMPEG] - rfps: 43.000000 0.000000
Jan 03, 2024 02:26:39.699 [139983267105536] DEBUG - [FFMPEG] - rfps: 44.000000 0.000000
Jan 03, 2024 02:26:39.699 [139983267105536] DEBUG - [FFMPEG] - rfps: 44.000000 0.000000
Jan 03, 2024 02:26:39.699 [139983267105536] DEBUG - [FFMPEG] - rfps: 45.000000 0.000000
Jan 03, 2024 02:26:39.699 [139983267105536] DEBUG - [FFMPEG] - rfps: 46.000000 0.000000
Jan 03, 2024 02:26:39.699 [139983267105536] DEBUG - [FFMPEG] - rfps: 46.000000 0.000000
Jan 03, 2024 02:26:39.699 [139983267105536] DEBUG - [FFMPEG] - rfps: 47.000000 0.000000
Jan 03, 2024 02:26:39.699 [139983267105536] DEBUG - [FFMPEG] - rfps: 48.000000 0.000000
Jan 03, 2024 02:26:39.699 [139983267105536] DEBUG - [FFMPEG] - rfps: 48.000000 0.000000
Jan 03, 2024 02:26:39.699 [139983267105536] DEBUG - [FFMPEG] - rfps: 49.000000 0.000000
Jan 03, 2024 02:26:39.699 [139983267105536] DEBUG - [FFMPEG] - rfps: 50.000000 0.000000
Jan 03, 2024 02:26:39.699 [139983267105536] DEBUG - [FFMPEG] - rfps: 50.000000 0.000000
Jan 03, 2024 02:26:39.699 [139983267105536] DEBUG - [FFMPEG] - rfps: 51.000000 0.000000
Jan 03, 2024 02:26:39.699 [139983267105536] DEBUG - [FFMPEG] - rfps: 52.000000 0.000000
Jan 03, 2024 02:26:39.699 [139983267105536] DEBUG - [FFMPEG] - rfps: 52.000000 0.000000
Jan 03, 2024 02:26:39.699 [139983267105536] DEBUG - [FFMPEG] - rfps: 53.000000 0.000000
Jan 03, 2024 02:26:39.699 [139983267105536] DEBUG - [FFMPEG] - rfps: 54.000000 0.000000
Jan 03, 2024 02:26:39.699 [139983267105536] DEBUG - [FFMPEG] - rfps: 54.000000 0.000000
Jan 03, 2024 02:26:39.699 [139983267105536] DEBUG - [FFMPEG] - rfps: 55.000000 0.000000
Jan 03, 2024 02:26:39.699 [139983267105536] DEBUG - [FFMPEG] - rfps: 56.000000 0.000000
Jan 03, 2024 02:26:39.699 [139983267105536] DEBUG - [FFMPEG] - rfps: 56.000000 0.000000
Jan 03, 2024 02:26:39.699 [139983267105536] DEBUG - [FFMPEG] - rfps: 57.000000 0.000000
Jan 03, 2024 02:26:39.699 [139983267105536] DEBUG - [FFMPEG] - rfps: 58.000000 0.000000
Jan 03, 2024 02:26:39.699 [139983267105536] DEBUG - [FFMPEG] - rfps: 58.000000 0.000000
Jan 03, 2024 02:26:39.699 [139983267105536] DEBUG - [FFMPEG] - rfps: 59.000000 0.000000
Jan 03, 2024 02:26:39.699 [139983267105536] DEBUG - [FFMPEG] - rfps: 60.000000 0.000000
Jan 03, 2024 02:26:39.699 [139983267105536] DEBUG - [FFMPEG] - rfps: 60.000000 0.000000
Jan 03, 2024 02:26:39.699 [139983267105536] DEBUG - [FFMPEG] - rfps: 80.000000 0.000000
Jan 03, 2024 02:26:39.699 [139983267105536] DEBUG - [FFMPEG] - rfps: 80.000000 0.000000
Jan 03, 2024 02:26:39.699 [139983267105536] DEBUG - [FFMPEG] - rfps: 120.000000 0.000000
Jan 03, 2024 02:26:39.699 [139983267105536] DEBUG - [FFMPEG] - rfps: 120.000000 0.000000
Jan 03, 2024 02:26:39.699 [139983267105536] DEBUG - [FFMPEG] - rfps: 240.000000 0.000000
Jan 03, 2024 02:26:39.699 [139983267105536] DEBUG - [FFMPEG] - rfps: 240.000000 0.000000
Jan 03, 2024 02:26:39.699 [139983267105536] DEBUG - [FFMPEG] - rfps: 23.976024 0.004743
Jan 03, 2024 02:26:39.699 [139983267105536] DEBUG - [FFMPEG] - rfps: 23.976024 0.004743
Jan 03, 2024 02:26:39.699 [139983267105536] DEBUG - [FFMPEG] - rfps: 29.970030 0.007410
Jan 03, 2024 02:26:39.699 [139983267105536] DEBUG - [FFMPEG] - rfps: 11.988012 0.001186
Jan 03, 2024 02:26:39.699 [139983267105536] DEBUG - [FFMPEG] - rfps: 11.988012 0.001186
Jan 03, 2024 02:26:39.699 [139983267105536] DEBUG - [FFMPEG] - rfps: 14.985015 0.001853
Jan 03, 2024 02:26:39.699 [139983267105536] DEBUG - [FFMPEG] - rfps: 14.985015 0.001853
Jan 03, 2024 02:26:39.699 [139983267105536] DEBUG - [FFMPEG] - rfps: 47.952048 0.018970
Jan 03, 2024 02:26:39.699 [139983267105536] DEBUG - [FFMPEG] - After avformat_find_stream_info() pos: 1810 bytes read:7477 seeks:0 frames:20
Jan 03, 2024 02:26:39.699 [139983267105536] DEBUG - Creating /config/Library/Application Support/Plex Media Server/Media/localhost/7/4779304a07ffbdcd64213f5f40871efbe749a366528.bundle/Contents/Thumbnails/thumb1.jpg (25.0%, 720x512).
Jan 03, 2024 02:26:39.699 [139983267105536] DEBUG - [FFMPEG] - nal_unit_type: 7(SPS), nal_ref_idc: 3
Jan 03, 2024 02:26:39.699 [139983267105536] DEBUG - [FFMPEG] - nal_unit_type: 8(PPS), nal_ref_idc: 3
Jan 03, 2024 02:26:39.699 [139983267105536] DEBUG - [FFMPEG] - nal_unit_type: 7(SPS), nal_ref_idc: 3
Jan 03, 2024 02:26:39.699 [139983267105536] DEBUG - [FFMPEG] - nal_unit_type: 8(PPS), nal_ref_idc: 3
Jan 03, 2024 02:26:39.700 [139983267105536] DEBUG - [FFMPEG] - nal_unit_type: 6(SEI), nal_ref_idc: 0
Jan 03, 2024 02:26:39.700 [139983267105536] DEBUG - [FFMPEG] - nal_unit_type: 5(IDR), nal_ref_idc: 3
Jan 03, 2024 02:26:39.700 [139983267105536] DEBUG - [FFMPEG] - Format yuv420p chosen by get_format().
Jan 03, 2024 02:26:39.700 [139983267105536] DEBUG - [FFMPEG] - no picture 
Jan 03, 2024 02:26:39.700 [139983267105536] DEBUG - [FFMPEG] - nal_unit_type: 1(Coded slice of a non-IDR picture), nal_ref_idc: 2
Jan 03, 2024 02:26:39.700 [139983267105536] DEBUG - [FFMPEG] - no picture 
Jan 03, 2024 02:26:39.700 [139983267105536] DEBUG - [FFMPEG] - nal_unit_type: 1(Coded slice of a non-IDR picture), nal_ref_idc: 2
Jan 03, 2024 02:26:39.701 [139983267105536] DEBUG - Loaded memory image of size 128x96.
Jan 03, 2024 02:26:39.702 [139983267105536] DEBUG - [FFMPEG] - nal_unit_type: 7(SPS), nal_ref_idc: 3
Jan 03, 2024 02:26:39.702 [139983267105536] DEBUG - [FFMPEG] - nal_unit_type: 8(PPS), nal_ref_idc: 3
Jan 03, 2024 02:26:39.702 [139983267105536] DEBUG - [FFMPEG] - nal_unit_type: 7(SPS), nal_ref_idc: 3
Jan 03, 2024 02:26:39.702 [139983267105536] DEBUG - [FFMPEG] - nal_unit_type: 8(PPS), nal_ref_idc: 3
Jan 03, 2024 02:26:39.702 [139983267105536] DEBUG - [FFMPEG] - nal_unit_type: 6(SEI), nal_ref_idc: 0
Jan 03, 2024 02:26:39.702 [139983267105536] DEBUG - [FFMPEG] - nal_unit_type: 5(IDR), nal_ref_idc: 3
Jan 03, 2024 02:26:39.702 [139983267105536] DEBUG - [FFMPEG] - Format yuv420p chosen by get_format().
Jan 03, 2024 02:26:39.702 [139983267105536] DEBUG - [FFMPEG] - no picture 
Jan 03, 2024 02:26:39.702 [139983267105536] DEBUG - [FFMPEG] - nal_unit_type: 1(Coded slice of a non-IDR picture), nal_ref_idc: 2
Jan 03, 2024 02:26:39.702 [139983267105536] DEBUG - [FFMPEG] - no picture 
Jan 03, 2024 02:26:39.702 [139983267105536] DEBUG - [FFMPEG] - nal_unit_type: 1(Coded slice of a non-IDR picture), nal_ref_idc: 2
Jan 03, 2024 02:26:39.703 [139983267105536] DEBUG - Loaded memory image of size 128x96.
Jan 03, 2024 02:26:39.704 [139983267105536] DEBUG - [FFMPEG] - nal_unit_type: 7(SPS), nal_ref_idc: 3
Jan 03, 2024 02:26:39.704 [139983267105536] DEBUG - [FFMPEG] - nal_unit_type: 8(PPS), nal_ref_idc: 3
Jan 03, 2024 02:26:39.704 [139983267105536] DEBUG - [FFMPEG] - nal_unit_type: 7(SPS), nal_ref_idc: 3
Jan 03, 2024 02:26:39.704 [139983267105536] DEBUG - [FFMPEG] - nal_unit_type: 8(PPS), nal_ref_idc: 3
Jan 03, 2024 02:26:39.704 [139983267105536] DEBUG - [FFMPEG] - nal_unit_type: 6(SEI), nal_ref_idc: 0
Jan 03, 2024 02:26:39.704 [139983267105536] DEBUG - [FFMPEG] - nal_unit_type: 5(IDR), nal_ref_idc: 3
Jan 03, 2024 02:26:39.704 [139983267105536] DEBUG - [FFMPEG] - Format yuv420p chosen by get_format().
Jan 03, 2024 02:26:39.704 [139983267105536] DEBUG - [FFMPEG] - no picture 
Jan 03, 2024 02:26:39.704 [139983267105536] DEBUG - [FFMPEG] - nal_unit_type: 1(Coded slice of a non-IDR picture), nal_ref_idc: 2
Jan 03, 2024 02:26:39.704 [139983267105536] DEBUG - [FFMPEG] - no picture 
Jan 03, 2024 02:26:39.704 [139983267105536] DEBUG - [FFMPEG] - nal_unit_type: 1(Coded slice of a non-IDR picture), nal_ref_idc: 2
Jan 03, 2024 02:26:39.705 [139983267105536] DEBUG - Loaded memory image of size 128x96.
Jan 03, 2024 02:26:39.706 [139983267105536] DEBUG - [MI] Closing input file: "/tvshows/Blender Shorts/S01E01.mkv"
Jan 03, 2024 02:26:39.706 [139983267105536] DEBUG - [MI] Opening input file: "/tvshows/Blender Shorts/S01E01.mkv"
Jan 03, 2024 02:26:39.706 [139983267105536] DEBUG - [FFMPEG] - Opening '/tvshows/Blender Shorts/S01E01.mkv' for reading
Jan 03, 2024 02:26:39.706 [139983267105536] DEBUG - [FFMPEG] - Setting default whitelist 'file,crypto,data'
Jan 03, 2024 02:26:39.706 [139983267105536] DEBUG - [FFMPEG] - Format matroska,webm probed with size=2048 and score=100
Jan 03, 2024 02:26:39.706 [139983267105536] DEBUG - [FFMPEG] - st:0 removing common factor 1000000 from timebase
Jan 03, 2024 02:26:39.706 [139983267105536] DEBUG - [FFMPEG] - Before avformat_find_stream_info() pos: 570 bytes read:7477 seeks:0 nb_streams:1
Jan 03, 2024 02:26:39.706 [139983267105536] DEBUG - [FFMPEG] - nal_unit_type: 7(SPS), nal_ref_idc: 3
Jan 03, 2024 02:26:39.706 [139983267105536] DEBUG - [FFMPEG] - nal_unit_type: 8(PPS), nal_ref_idc: 3
Jan 03, 2024 02:26:39.706 [139983267105536] DEBUG - [FFMPEG] - nal_unit_type: 7(SPS), nal_ref_idc: 3
Jan 03, 2024 02:26:39.706 [139983267105536] DEBUG - [FFMPEG] - nal_unit_type: 8(PPS), nal_ref_idc: 3
Jan 03, 2024 02:26:39.707 [139983267105536] DEBUG - [FFMPEG] - nal_unit_type: 6(SEI), nal_ref_idc: 0
Jan 03, 2024 02:26:39.707 [139983267105536] DEBUG - [FFMPEG] - nal_unit_type: 5(IDR), nal_ref_idc: 3
Jan 03, 2024 02:26:39.707 [139983267105536] DEBUG - [FFMPEG] - Format yuv420p chosen by get_format().
Jan 03, 2024 02:26:39.707 [139983267105536] DEBUG - [FFMPEG] - no picture 
Jan 03, 2024 02:26:39.707 [139983267105536] DEBUG - [FFMPEG] - nal_unit_type: 1(Coded slice of a non-IDR picture), nal_ref_idc: 2
Jan 03, 2024 02:26:39.707 [139983267105536] DEBUG - [FFMPEG] - no picture 
Jan 03, 2024 02:26:39.707 [139983267105536] DEBUG - [FFMPEG] - nal_unit_type: 1(Coded slice of a non-IDR picture), nal_ref_idc: 2
Jan 03, 2024 02:26:39.707 [139983267105536] DEBUG - [FFMPEG] - nal_unit_type: 1(Coded slice of a non-IDR picture), nal_ref_idc: 0
Jan 03, 2024 02:26:39.707 [139983267105536] DEBUG - [FFMPEG] - nal_unit_type: 1(Coded slice of a non-IDR picture), nal_ref_idc: 0
Jan 03, 2024 02:26:39.707 [139983267105536] DEBUG - [FFMPEG] - nal_unit_type: 1(Coded slice of a non-IDR picture), nal_ref_idc: 2
Jan 03, 2024 02:26:39.707 [139983267105536] DEBUG - [FFMPEG] - nal_unit_type: 1(Coded slice of a non-IDR picture), nal_ref_idc: 2
Jan 03, 2024 02:26:39.707 [139983267105536] DEBUG - [FFMPEG] - nal_unit_type: 1(Coded slice of a non-IDR picture), nal_ref_idc: 0
Jan 03, 2024 02:26:39.707 [139983267105536] DEBUG - [FFMPEG] - nal_unit_type: 1(Coded slice of a non-IDR picture), nal_ref_idc: 0
Jan 03, 2024 02:26:39.707 [139983267105536] DEBUG - [FFMPEG] - first_dts 7000 not matching first dts NOPTS (pts 0, duration 1000) in the queue
Jan 03, 2024 02:26:39.707 [139983267105536] DEBUG - [FFMPEG] - rfps: 1.000000 0.000000
Jan 03, 2024 02:26:39.707 [139983267105536] DEBUG - [FFMPEG] - rfps: 2.000000 0.000000
Jan 03, 2024 02:26:39.707 [139983267105536] DEBUG - [FFMPEG] - rfps: 2.000000 0.000000
Jan 03, 2024 02:26:39.707 [139983267105536] DEBUG - [FFMPEG] - rfps: 3.000000 0.000000
Jan 03, 2024 02:26:39.707 [139983267105536] DEBUG - [FFMPEG] - rfps: 4.000000 0.000000
Jan 03, 2024 02:26:39.707 [139983267105536] DEBUG - [FFMPEG] - rfps: 4.000000 0.000000
Jan 03, 2024 02:26:39.707 [139983267105536] DEBUG - [FFMPEG] - rfps: 5.000000 0.000000
Jan 03, 2024 02:26:39.707 [139983267105536] DEBUG - [FFMPEG] - rfps: 6.000000 0.000000
Jan 03, 2024 02:26:39.707 [139983267105536] DEBUG - [FFMPEG] - rfps: 6.000000 0.000000
Jan 03, 2024 02:26:39.707 [139983267105536] DEBUG - [FFMPEG] - rfps: 7.000000 0.000000
Jan 03, 2024 02:26:39.707 [139983267105536] DEBUG - [FFMPEG] - rfps: 8.000000 0.000000
Jan 03, 2024 02:26:39.707 [139983267105536] DEBUG - [FFMPEG] - rfps: 8.000000 0.000000
Jan 03, 2024 02:26:39.707 [139983267105536] DEBUG - [FFMPEG] - rfps: 9.000000 0.000000
Jan 03, 2024 02:26:39.707 [139983267105536] DEBUG - [FFMPEG] - rfps: 10.000000 0.000000
Jan 03, 2024 02:26:39.707 [139983267105536] DEBUG - [FFMPEG] - rfps: 10.000000 0.000000
Jan 03, 2024 02:26:39.707 [139983267105536] DEBUG - [FFMPEG] - rfps: 11.000000 0.000000
Jan 03, 2024 02:26:39.707 [139983267105536] DEBUG - [FFMPEG] - rfps: 12.000000 0.000000
Jan 03, 2024 02:26:39.707 [139983267105536] DEBUG - [FFMPEG] - rfps: 12.000000 0.000000
Jan 03, 2024 02:26:39.707 [139983267105536] DEBUG - [FFMPEG] - rfps: 13.000000 0.000000
Jan 03, 2024 02:26:39.707 [139983267105536] DEBUG - [FFMPEG] - rfps: 14.000000 0.000000
Jan 03, 2024 02:26:39.707 [139983267105536] DEBUG - [FFMPEG] - rfps: 14.000000 0.000000
Jan 03, 2024 02:26:39.707 [139983267105536] DEBUG - [FFMPEG] - rfps: 15.000000 0.000000
Jan 03, 2024 02:26:39.707 [139983267105536] DEBUG - [FFMPEG] - rfps: 16.000000 0.000000
Jan 03, 2024 02:26:39.707 [139983267105536] DEBUG - [FFMPEG] - rfps: 16.000000 0.000000
Jan 03, 2024 02:26:39.707 [139983267105536] DEBUG - [FFMPEG] - rfps: 17.000000 0.000000
Jan 03, 2024 02:26:39.707 [139983267105536] DEBUG - [FFMPEG] - rfps: 18.000000 0.000000
Jan 03, 2024 02:26:39.707 [139983267105536] DEBUG - [FFMPEG] - rfps: 18.000000 0.000000
Jan 03, 2024 02:26:39.707 [139983267105536] DEBUG - [FFMPEG] - rfps: 19.000000 0.000000
Jan 03, 2024 02:26:39.707 [139983267105536] DEBUG - [FFMPEG] - rfps: 20.000000 0.000000
Jan 03, 2024 02:26:39.707 [139983267105536] DEBUG - [FFMPEG] - rfps: 20.000000 0.000000
Jan 03, 2024 02:26:39.707 [139983267105536] DEBUG - [FFMPEG] - rfps: 21.000000 0.000000
Jan 03, 2024 02:26:39.707 [139983267105536] DEBUG - [FFMPEG] - rfps: 22.000000 0.000000
Jan 03, 2024 02:26:39.707 [139983267105536] DEBUG - [FFMPEG] - rfps: 22.000000 0.000000
Jan 03, 2024 02:26:39.707 [139983267105536] DEBUG - [FFMPEG] - rfps: 23.000000 0.000000
Jan 03, 2024 02:26:39.707 [139983267105536] DEBUG - [FFMPEG] - rfps: 24.000000 0.000000
Jan 03, 2024 02:26:39.707 [139983267105536] DEBUG - [FFMPEG] - rfps: 24.000000 0.000000
Jan 03, 2024 02:26:39.707 [139983267105536] DEBUG - [FFMPEG] - rfps: 25.000000 0.000000
Jan 03, 2024 02:26:39.707 [139983267105536] DEBUG - [FFMPEG] - rfps: 26.000000 0.000000
Jan 03, 2024 02:26:39.707 [139983267105536] DEBUG - [FFMPEG] - rfps: 26.000000 0.000000
Jan 03, 2024 02:26:39.707 [139983267105536] DEBUG - [FFMPEG] - rfps: 27.000000 0.000000
Jan 03, 2024 02:26:39.707 [139983267105536] DEBUG - [FFMPEG] - rfps: 28.000000 0.000000
Jan 03, 2024 02:26:39.707 [139983267105536] DEBUG - [FFMPEG] - rfps: 28.000000 0.000000
Jan 03, 2024 02:26:39.707 [139983267105536] DEBUG - [FFMPEG] - rfps: 29.000000 0.000000
Jan 03, 2024 02:26:39.707 [139983267105536] DEBUG - [FFMPEG] - rfps: 30.000000 0.000000
Jan 03, 2024 02:26:39.707 [139983267105536] DEBUG - [FFMPEG] - rfps: 30.000000 0.000000
Jan 03, 2024 02:26:39.707 [139983267105536] DEBUG - [FFMPEG] - rfps: 31.000000 0.000000
Jan 03, 2024 02:26:39.707 [139983267105536] DEBUG - [FFMPEG] - rfps: 32.000000 0.000000
Jan 03, 2024 02:26:39.707 [139983267105536] DEBUG - [FFMPEG] - rfps: 32.000000 0.000000
Jan 03, 2024 02:26:39.707 [139983267105536] DEBUG - [FFMPEG] - rfps: 33.000000 0.000000
Jan 03, 2024 02:26:39.707 [139983267105536] DEBUG - [FFMPEG] - rfps: 34.000000 0.000000
Jan 03, 2024 02:26:39.707 [139983267105536] DEBUG - [FFMPEG] - rfps: 34.000000 0.000000
Jan 03, 2024 02:26:39.707 [139983267105536] DEBUG - [FFMPEG] - rfps: 35.000000 0.000000
Jan 03, 2024 02:26:39.707 [139983267105536] DEBUG - [FFMPEG] - rfps: 36.000000 0.000000
Jan 03, 2024 02:26:39.707 [139983267105536] DEBUG - [FFMPEG] - rfps: 36.000000 0.000000
Jan 03, 2024 02:26:39.707 [139983267105536] DEBUG - [FFMPEG] - rfps: 37.000000 0.000000
Jan 03, 2024 02:26:39.707 [139983267105536] DEBUG - [FFMPEG] - rfps: 38.000000 0.000000
Jan 03, 2024 02:26:39.707 [139983267105536] DEBUG - [FFMPEG] - rfps: 38.000000 0.000000
Jan 03, 2024 02:26:39.707 [139983267105536] DEBUG - [FFMPEG] - rfps: 39.000000 0.000000
Jan 03, 2024 02:26:39.707 [139983267105536] DEBUG - [FFMPEG] - rfps: 40.000000 0.000000
Jan 03, 2024 02:26:39.707 [139983267105536] DEBUG - [FFMPEG] - rfps: 40.000000 0.000000
Jan 03, 2024 02:26:39.707 [139983267105536] DEBUG - [FFMPEG] - rfps: 41.000000 0.000000
Jan 03, 2024 02:26:39.707 [139983267105536] DEBUG - [FFMPEG] - rfps: 42.000000 0.000000
Jan 03, 2024 02:26:39.707 [139983267105536] DEBUG - [FFMPEG] - rfps: 42.000000 0.000000
Jan 03, 2024 02:26:39.707 [139983267105536] DEBUG - [FFMPEG] - rfps: 43.000000 0.000000
Jan 03, 2024 02:26:39.707 [139983267105536] DEBUG - [FFMPEG] - rfps: 44.000000 0.000000
Jan 03, 2024 02:26:39.707 [139983267105536] DEBUG - [FFMPEG] - rfps: 44.000000 0.000000
Jan 03, 2024 02:26:39.707 [139983267105536] DEBUG - [FFMPEG] - rfps: 45.000000 0.000000
Jan 03, 2024 02:26:39.707 [139983267105536] DEBUG - [FFMPEG] - rfps: 46.000000 0.000000
Jan 03, 2024 02:26:39.707 [139983267105536] DEBUG - [FFMPEG] - rfps: 46.000000 0.000000
Jan 03, 2024 02:26:39.707 [139983267105536] DEBUG - [FFMPEG] - rfps: 47.000000 0.000000
Jan 03, 2024 02:26:39.707 [139983267105536] DEBUG - [FFMPEG] - rfps: 48.000000 0.000000
Jan 03, 2024 02:26:39.707 [139983267105536] DEBUG - [FFMPEG] - rfps: 48.000000 0.000000
Jan 03, 2024 02:26:39.707 [139983267105536] DEBUG - [FFMPEG] - rfps: 49.000000 0.000000
Jan 03, 2024 02:26:39.707 [139983267105536] DEBUG - [FFMPEG] - rfps: 50.000000 0.000000
Jan 03, 2024 02:26:39.707 [139983267105536] DEBUG - [FFMPEG] - rfps: 50.000000 0.000000
Jan 03, 2024 02:26:39.707 [139983267105536] DEBUG - [FFMPEG] - rfps: 51.000000 0.000000
Jan 03, 2024 02:26:39.707 [139983267105536] DEBUG - [FFMPEG] - rfps: 52.000000 0.000000
Jan 03, 2024 02:26:39.707 [139983267105536] DEBUG - [FFMPEG] - rfps: 52.000000 0.000000
Jan 03, 2024 02:26:39.707 [139983267105536] DEBUG - [FFMPEG] - rfps: 53.000000 0.000000
Jan 03, 2024 02:26:39.707 [139983267105536] DEBUG - [FFMPEG] - rfps: 54.000000 0.000000
Jan 03, 2024 02:26:39.707 [139983267105536] DEBUG - [FFMPEG] - rfps: 54.000000 0.000000
Jan 03, 2024 02:26:39.707 [139983267105536] DEBUG - [FFMPEG] - rfps: 55.000000 0.000000
Jan 03, 2024 02:26:39.707 [139983267105536] DEBUG - [FFMPEG] - rfps: 56.000000 0.000000
Jan 03, 2024 02:26:39.707 [139983267105536] DEBUG - [FFMPEG] - rfps: 56.000000 0.000000
Jan 03, 2024 02:26:39.707 [139983267105536] DEBUG - [FFMPEG] - rfps: 57.000000 0.000000
Jan 03, 2024 02:26:39.707 [139983267105536] DEBUG - [FFMPEG] - rfps: 58.000000 0.000000
Jan 03, 2024 02:26:39.707 [139983267105536] DEBUG - [FFMPEG] - rfps: 58.000000 0.000000
Jan 03, 2024 02:26:39.707 [139983267105536] DEBUG - [FFMPEG] - rfps: 59.000000 0.000000
Jan 03, 2024 02:26:39.707 [139983267105536] DEBUG - [FFMPEG] - rfps: 60.000000 0.000000
Jan 03, 2024 02:26:39.707 [139983267105536] DEBUG - [FFMPEG] - rfps: 60.000000 0.000000
Jan 03, 2024 02:26:39.707 [139983267105536] DEBUG - [FFMPEG] - rfps: 80.000000 0.000000
Jan 03, 2024 02:26:39.707 [139983267105536] DEBUG - [FFMPEG] - rfps: 80.000000 0.000000
Jan 03, 2024 02:26:39.707 [139983267105536] DEBUG - [FFMPEG] - rfps: 120.000000 0.000000
Jan 03, 2024 02:26:39.707 [139983267105536] DEBUG - [FFMPEG] - rfps: 120.000000 0.000000
Jan 03, 2024 02:26:39.707 [139983267105536] DEBUG - [FFMPEG] - rfps: 240.000000 0.000000
Jan 03, 2024 02:26:39.707 [139983267105536] DEBUG - [FFMPEG] - rfps: 240.000000 0.000000
Jan 03, 2024 02:26:39.707 [139983267105536] DEBUG - [FFMPEG] - rfps: 23.976024 0.004743
Jan 03, 2024 02:26:39.707 [139983267105536] DEBUG - [FFMPEG] - rfps: 23.976024 0.004743
Jan 03, 2024 02:26:39.707 [139983267105536] DEBUG - [FFMPEG] - rfps: 29.970030 0.007410
Jan 03, 2024 02:26:39.707 [139983267105536] DEBUG - [FFMPEG] - rfps: 11.988012 0.001186
Jan 03, 2024 02:26:39.707 [139983267105536] DEBUG - [FFMPEG] - rfps: 11.988012 0.001186
Jan 03, 2024 02:26:39.707 [139983267105536] DEBUG - [FFMPEG] - rfps: 14.985015 0.001853
Jan 03, 2024 02:26:39.707 [139983267105536] DEBUG - [FFMPEG] - rfps: 14.985015 0.001853
Jan 03, 2024 02:26:39.707 [139983267105536] DEBUG - [FFMPEG] - rfps: 47.952048 0.018970
Jan 03, 2024 02:26:39.707 [139983267105536] DEBUG - [FFMPEG] - After avformat_find_stream_info() pos: 1810 bytes read:7477 seeks:0 frames:20
Jan 03, 2024 02:26:39.707 [139983267105536] DEBUG - Creating /config/Library/Application Support/Plex Media Server/Media/localhost/7/4779304a07ffbdcd64213f5f40871efbe749a366528.bundle/Contents/Thumbnails/thumb2.jpg (50.0%, 720x512).
Jan 03, 2024 02:26:39.707 [139983267105536] DEBUG - [FFMPEG] - nal_unit_type: 7(SPS), nal_ref_idc: 3
Jan 03, 2024 02:26:39.707 [139983267105536] DEBUG - [FFMPEG] - nal_unit_type: 8(PPS), nal_ref_idc: 3
Jan 03, 2024 02:26:39.708 [139983267105536] DEBUG - [FFMPEG] - nal_unit_type: 7(SPS), nal_ref_idc: 3
Jan 03, 2024 02:26:39.708 [139983267105536] DEBUG - [FFMPEG] - nal_unit_type: 8(PPS), nal_ref_idc: 3
Jan 03, 2024 02:26:39.708 [139983267105536] DEBUG - [FFMPEG] - nal_unit_type: 6(SEI), nal_ref_idc: 0
Jan 03, 2024 02:26:39.708 [139983267105536] DEBUG - [FFMPEG] - nal_unit_type: 5(IDR), nal_ref_idc: 3
Jan 03, 2024 02:26:39.708 [139983267105536] DEBUG - [FFMPEG] - Format yuv420p chosen by get_format().
Jan 03, 2024 02:26:39.708 [139983267105536] DEBUG - [FFMPEG] - no picture 
Jan 03, 2024 02:26:39.708 [139983267105536] DEBUG - [FFMPEG] - nal_unit_type: 1(Coded slice of a non-IDR picture), nal_ref_idc: 2
Jan 03, 2024 02:26:39.708 [139983267105536] DEBUG - [FFMPEG] - no picture 
Jan 03, 2024 02:26:39.708 [139983267105536] DEBUG - [FFMPEG] - nal_unit_type: 1(Coded slice of a non-IDR picture), nal_ref_idc: 2
Jan 03, 2024 02:26:39.709 [139983267105536] DEBUG - Loaded memory image of size 128x96.
Jan 03, 2024 02:26:39.710 [139983267105536] DEBUG - [FFMPEG] - nal_unit_type: 7(SPS), nal_ref_idc: 3
Jan 03, 2024 02:26:39.710 [139983267105536] DEBUG - [FFMPEG] - nal_unit_type: 8(PPS), nal_ref_idc: 3
Jan 03, 2024 02:26:39.710 [139983267105536] DEBUG - [FFMPEG] - nal_unit_type: 7(SPS), nal_ref_idc: 3
Jan 03, 2024 02:26:39.710 [139983267105536] DEBUG - [FFMPEG] - nal_unit_type: 8(PPS), nal_ref_idc: 3
Jan 03, 2024 02:26:39.710 [139983267105536] DEBUG - [FFMPEG] - nal_unit_type: 6(SEI), nal_ref_idc: 0
Jan 03, 2024 02:26:39.710 [139983267105536] DEBUG - [FFMPEG] - nal_unit_type: 5(IDR), nal_ref_idc: 3
Jan 03, 2024 02:26:39.710 [139983267105536] DEBUG - [FFMPEG] - Format yuv420p chosen by get_format().
Jan 03, 2024 02:26:39.710 [139983267105536] DEBUG - [FFMPEG] - no picture 
Jan 03, 2024 02:26:39.710 [139983267105536] DEBUG - [FFMPEG] - nal_unit_type: 1(Coded slice of a non-IDR picture), nal_ref_idc: 2
Jan 03, 2024 02:26:39.710 [139983267105536] DEBUG - [FFMPEG] - no picture 
Jan 03, 2024 02:26:39.710 [139983267105536] DEBUG - [FFMPEG] - nal_unit_type: 1(Coded slice of a non-IDR picture), nal_ref_idc: 2
Jan 03, 2024 02:26:39.711 [139983267105536] DEBUG - Loaded memory image of size 128x96.
Jan 03, 2024 02:26:39.712 [139983267105536] DEBUG - [FFMPEG] - nal_unit_type: 7(SPS), nal_ref_idc: 3
Jan 03, 2024 02:26:39.712 [139983267105536] DEBUG - [FFMPEG] - nal_unit_type: 8(PPS), nal_ref_idc: 3
Jan 03, 2024 02:26:39.712 [139983267105536] DEBUG - [FFMPEG] - nal_unit_type: 7(SPS), nal_ref_idc: 3
Jan 03, 2024 02:26:39.712 [139983267105536] DEBUG - [FFMPEG] - nal_unit_type: 8(PPS), nal_ref_idc: 3
Jan 03, 2024 02:26:39.712 [139983267105536] DEBUG - [FFMPEG] - nal_unit_type: 6(SEI), nal_ref_idc: 0
Jan 03, 2024 02:26:39.712 [139983267105536] DEBUG - [FFMPEG] - nal_unit_type: 5(IDR), nal_ref_idc: 3
Jan 03, 2024 02:26:39.712 [139983267105536] DEBUG - [FFMPEG] - Format yuv420p chosen by get_format().
Jan 03, 2024 02:26:39.712 [139983267105536] DEBUG - [FFMPEG] - no picture 
Jan 03, 2024 02:26:39.712 [139983267105536] DEBUG - [FFMPEG] - nal_unit_type: 1(Coded slice of a non-IDR picture), nal_ref_idc: 2
Jan 03, 2024 02:26:39.712 [139983267105536] DEBUG - [FFMPEG] - no picture 
Jan 03, 2024 02:26:39.712 [139983267105536] DEBUG - [FFMPEG] - nal_unit_type: 1(Coded slice of a non-IDR picture), nal_ref_idc: 2
Jan 03, 2024 02:26:39.713 [139983267105536] DEBUG - Loaded memory image of size 128x96.
Jan 03, 2024 02:26:39.714 [139983267105536] DEBUG - [MI] Closing input file: "/tvshows/Blender Shorts/S01E01.mkv"
Jan 03, 2024 02:26:39.714 [139983267105536] DEBUG - [MI] Opening input file: "/tvshows/Blender Shorts/S01E01.mkv"
Jan 03, 2024 02:26:39.714 [139983267105536] DEBUG - [FFMPEG] - Opening '/tvshows/Blender Shorts/S01E01.mkv' for reading
Jan 03, 2024 02:26:39.714 [139983267105536] DEBUG - [FFMPEG] - Setting default whitelist 'file,crypto,data'
Jan 03, 2024 02:26:39.714 [139983267105536] DEBUG - [FFMPEG] - Format matroska,webm probed with size=2048 and score=100
Jan 03, 2024 02:26:39.714 [139983267105536] DEBUG - [FFMPEG] - st:0 removing common factor 1000000 from timebase
Jan 03, 2024 02:26:39.714 [139983267105536] DEBUG - [FFMPEG] - Before avformat_find_stream_info() pos: 570 bytes read:7477 seeks:0 nb_streams:1
Jan 03, 2024 02:26:39.714 [139983267105536] DEBUG - [FFMPEG] - nal_unit_type: 7(SPS), nal_ref_idc: 3
Jan 03, 2024 02:26:39.714 [139983267105536] DEBUG - [FFMPEG] - nal_unit_type: 8(PPS), nal_ref_idc: 3
Jan 03, 2024 02:26:39.714 [139983267105536] DEBUG - [FFMPEG] - nal_unit_type: 7(SPS), nal_ref_idc: 3
Jan 03, 2024 02:26:39.714 [139983267105536] DEBUG - [FFMPEG] - nal_unit_type: 8(PPS), nal_ref_idc: 3
Jan 03, 2024 02:26:39.714 [139983267105536] DEBUG - [FFMPEG] - nal_unit_type: 6(SEI), nal_ref_idc: 0
Jan 03, 2024 02:26:39.714 [139983267105536] DEBUG - [FFMPEG] - nal_unit_type: 5(IDR), nal_ref_idc: 3
Jan 03, 2024 02:26:39.714 [139983267105536] DEBUG - [FFMPEG] - Format yuv420p chosen by get_format().
Jan 03, 2024 02:26:39.714 [139983267105536] DEBUG - [FFMPEG] - no picture 
Jan 03, 2024 02:26:39.714 [139983267105536] DEBUG - [FFMPEG] - nal_unit_type: 1(Coded slice of a non-IDR picture), nal_ref_idc: 2
Jan 03, 2024 02:26:39.714 [139983267105536] DEBUG - [FFMPEG] - no picture 
Jan 03, 2024 02:26:39.714 [139983267105536] DEBUG - [FFMPEG] - nal_unit_type: 1(Coded slice of a non-IDR picture), nal_ref_idc: 2
Jan 03, 2024 02:26:39.715 [139983267105536] DEBUG - [FFMPEG] - nal_unit_type: 1(Coded slice of a non-IDR picture), nal_ref_idc: 0
Jan 03, 2024 02:26:39.715 [139983267105536] DEBUG - [FFMPEG] - nal_unit_type: 1(Coded slice of a non-IDR picture), nal_ref_idc: 0
Jan 03, 2024 02:26:39.715 [139983267105536] DEBUG - [FFMPEG] - nal_unit_type: 1(Coded slice of a non-IDR picture), nal_ref_idc: 2
Jan 03, 2024 02:26:39.715 [139983267105536] DEBUG - [FFMPEG] - nal_unit_type: 1(Coded slice of a non-IDR picture), nal_ref_idc: 2
Jan 03, 2024 02:26:39.715 [139983267105536] DEBUG - [FFMPEG] - nal_unit_type: 1(Coded slice of a non-IDR picture), nal_ref_idc: 0
Jan 03, 2024 02:26:39.715 [139983267105536] DEBUG - [FFMPEG] - nal_unit_type: 1(Coded slice of a non-IDR picture), nal_ref_idc: 0
Jan 03, 2024 02:26:39.715 [139983267105536] DEBUG - [FFMPEG] - first_dts 7000 not matching first dts NOPTS (pts 0, duration 1000) in the queue
Jan 03, 2024 02:26:39.715 [139983267105536] DEBUG - [FFMPEG] - rfps: 1.000000 0.000000
Jan 03, 2024 02:26:39.715 [139983267105536] DEBUG - [FFMPEG] - rfps: 2.000000 0.000000
Jan 03, 2024 02:26:39.715 [139983267105536] DEBUG - [FFMPEG] - rfps: 2.000000 0.000000
Jan 03, 2024 02:26:39.715 [139983267105536] DEBUG - [FFMPEG] - rfps: 3.000000 0.000000
Jan 03, 2024 02:26:39.715 [139983267105536] DEBUG - [FFMPEG] - rfps: 4.000000 0.000000
Jan 03, 2024 02:26:39.715 [139983267105536] DEBUG - [FFMPEG] - rfps: 4.000000 0.000000
Jan 03, 2024 02:26:39.715 [139983267105536] DEBUG - [FFMPEG] - rfps: 5.000000 0.000000
Jan 03, 2024 02:26:39.715 [139983267105536] DEBUG - [FFMPEG] - rfps: 6.000000 0.000000
Jan 03, 2024 02:26:39.715 [139983267105536] DEBUG - [FFMPEG] - rfps: 6.000000 0.000000
Jan 03, 2024 02:26:39.715 [139983267105536] DEBUG - [FFMPEG] - rfps: 7.000000 0.000000
Jan 03, 2024 02:26:39.715 [139983267105536] DEBUG - [FFMPEG] - rfps: 8.000000 0.000000
Jan 03, 2024 02:26:39.715 [139983267105536] DEBUG - [FFMPEG] - rfps: 8.000000 0.000000
Jan 03, 2024 02:26:39.715 [139983267105536] DEBUG - [FFMPEG] - rfps: 9.000000 0.000000
Jan 03, 2024 02:26:39.715 [139983267105536] DEBUG - [FFMPEG] - rfps: 10.000000 0.000000
Jan 03, 2024 02:26:39.715 [139983267105536] DEBUG - [FFMPEG] - rfps: 10.000000 0.000000
Jan 03, 2024 02:26:39.715 [139983267105536] DEBUG - [FFMPEG] - rfps: 11.000000 0.000000
Jan 03, 2024 02:26:39.715 [139983267105536] DEBUG - [FFMPEG] - rfps: 12.000000 0.000000
Jan 03, 2024 02:26:39.715 [139983267105536] DEBUG - [FFMPEG] - rfps: 12.000000 0.000000
Jan 03, 2024 02:26:39.715 [139983267105536] DEBUG - [FFMPEG] - rfps: 13.000000 0.000000
Jan 03, 2024 02:26:39.715 [139983267105536] DEBUG - [FFMPEG] - rfps: 14.000000 0.000000
Jan 03, 2024 02:26:39.715 [139983267105536] DEBUG - [FFMPEG] - rfps: 14.000000 0.000000
Jan 03, 2024 02:26:39.715 [139983267105536] DEBUG - [FFMPEG] - rfps: 15.000000 0.000000
Jan 03, 2024 02:26:39.715 [139983267105536] DEBUG - [FFMPEG] - rfps: 16.000000 0.000000
Jan 03, 2024 02:26:39.715 [139983267105536] DEBUG - [FFMPEG] - rfps: 16.000000 0.000000
Jan 03, 2024 02:26:39.715 [139983267105536] DEBUG - [FFMPEG] - rfps: 17.000000 0.000000
Jan 03, 2024 02:26:39.715 [139983267105536] DEBUG - [FFMPEG] - rfps: 18.000000 0.000000
Jan 03, 2024 02:26:39.715 [139983267105536] DEBUG - [FFMPEG] - rfps: 18.000000 0.000000
Jan 03, 2024 02:26:39.715 [139983267105536] DEBUG - [FFMPEG] - rfps: 19.000000 0.000000
Jan 03, 2024 02:26:39.715 [139983267105536] DEBUG - [FFMPEG] - rfps: 20.000000 0.000000
Jan 03, 2024 02:26:39.715 [139983267105536] DEBUG - [FFMPEG] - rfps: 20.000000 0.000000
Jan 03, 2024 02:26:39.715 [139983267105536] DEBUG - [FFMPEG] - rfps: 21.000000 0.000000
Jan 03, 2024 02:26:39.715 [139983267105536] DEBUG - [FFMPEG] - rfps: 22.000000 0.000000
Jan 03, 2024 02:26:39.715 [139983267105536] DEBUG - [FFMPEG] - rfps: 22.000000 0.000000
Jan 03, 2024 02:26:39.715 [139983267105536] DEBUG - [FFMPEG] - rfps: 23.000000 0.000000
Jan 03, 2024 02:26:39.715 [139983267105536] DEBUG - [FFMPEG] - rfps: 24.000000 0.000000
Jan 03, 2024 02:26:39.715 [139983267105536] DEBUG - [FFMPEG] - rfps: 24.000000 0.000000
Jan 03, 2024 02:26:39.715 [139983267105536] DEBUG - [FFMPEG] - rfps: 25.000000 0.000000
Jan 03, 2024 02:26:39.715 [139983267105536] DEBUG - [FFMPEG] - rfps: 26.000000 0.000000
Jan 03, 2024 02:26:39.715 [139983267105536] DEBUG - [FFMPEG] - rfps: 26.000000 0.000000
Jan 03, 2024 02:26:39.715 [139983267105536] DEBUG - [FFMPEG] - rfps: 27.000000 0.000000
Jan 03, 2024 02:26:39.715 [139983267105536] DEBUG - [FFMPEG] - rfps: 28.000000 0.000000
Jan 03, 2024 02:26:39.715 [139983267105536] DEBUG - [FFMPEG] - rfps: 28.000000 0.000000
Jan 03, 2024 02:26:39.715 [139983267105536] DEBUG - [FFMPEG] - rfps: 29.000000 0.000000
Jan 03, 2024 02:26:39.715 [139983267105536] DEBUG - [FFMPEG] - rfps: 30.000000 0.000000
Jan 03, 2024 02:26:39.715 [139983267105536] DEBUG - [FFMPEG] - rfps: 30.000000 0.000000
Jan 03, 2024 02:26:39.715 [139983267105536] DEBUG - [FFMPEG] - rfps: 31.000000 0.000000
Jan 03, 2024 02:26:39.715 [139983267105536] DEBUG - [FFMPEG] - rfps: 32.000000 0.000000
Jan 03, 2024 02:26:39.715 [139983267105536] DEBUG - [FFMPEG] - rfps: 32.000000 0.000000
Jan 03, 2024 02:26:39.715 [139983267105536] DEBUG - [FFMPEG] - rfps: 33.000000 0.000000
Jan 03, 2024 02:26:39.715 [139983267105536] DEBUG - [FFMPEG] - rfps: 34.000000 0.000000
Jan 03, 2024 02:26:39.715 [139983267105536] DEBUG - [FFMPEG] - rfps: 34.000000 0.000000
Jan 03, 2024 02:26:39.715 [139983267105536] DEBUG - [FFMPEG] - rfps: 35.000000 0.000000
Jan 03, 2024 02:26:39.715 [139983267105536] DEBUG - [FFMPEG] - rfps: 36.000000 0.000000
Jan 03, 2024 02:26:39.715 [139983267105536] DEBUG - [FFMPEG] - rfps: 36.000000 0.000000
Jan 03, 2024 02:26:39.715 [139983267105536] DEBUG - [FFMPEG] - rfps: 37.000000 0.000000
Jan 03, 2024 02:26:39.715 [139983267105536] DEBUG - [FFMPEG] - rfps: 38.000000 0.000000
Jan 03, 2024 02:26:39.715 [139983267105536] DEBUG - [FFMPEG] - rfps: 38.000000 0.000000
Jan 03, 2024 02:26:39.715 [139983267105536] DEBUG - [FFMPEG] - rfps: 39.000000 0.000000
Jan 03, 2024 02:26:39.715 [139983267105536] DEBUG - [FFMPEG] - rfps: 40.000000 0.000000
Jan 03, 2024 02:26:39.715 [139983267105536] DEBUG - [FFMPEG] - rfps: 40.000000 0.000000
Jan 03, 2024 02:26:39.715 [139983267105536] DEBUG - [FFMPEG] - rfps: 41.000000 0.000000
Jan 03, 2024 02:26:39.715 [139983267105536] DEBUG - [FFMPEG] - rfps: 42.000000 0.000000
Jan 03, 2024 02:26:39.715 [139983267105536] DEBUG - [FFMPEG] - rfps: 42.000000 0.000000
Jan 03, 2024 02:26:39.715 [139983267105536] DEBUG - [FFMPEG] - rfps: 43.000000 0.000000
Jan 03, 2024 02:26:39.715 [139983267105536] DEBUG - [FFMPEG] - rfps: 44.000000 0.000000
Jan 03, 2024 02:26:39.715 [139983267105536] DEBUG - [FFMPEG] - rfps: 44.000000 0.000000
Jan 03, 2024 02:26:39.715 [139983267105536] DEBUG - [FFMPEG] - rfps: 45.000000 0.000000
Jan 03, 2024 02:26:39.715 [139983267105536] DEBUG - [FFMPEG] - rfps: 46.000000 0.000000
Jan 03, 2024 02:26:39.715 [139983267105536] DEBUG - [FFMPEG] - rfps: 46.000000 0.000000
Jan 03, 2024 02:26:39.715 [139983267105536] DEBUG - [FFMPEG] - rfps: 47.000000 0.000000
Jan 03, 2024 02:26:39.715 [139983267105536] DEBUG - [FFMPEG] - rfps: 48.000000 0.000000
Jan 03, 2024 02:26:39.715 [139983267105536] DEBUG - [FFMPEG] - rfps: 48.000000 0.000000
Jan 03, 2024 02:26:39.715 [139983267105536] DEBUG - [FFMPEG] - rfps: 49.000000 0.000000
Jan 03, 2024 02:26:39.715 [139983267105536] DEBUG - [FFMPEG] - rfps: 50.000000 0.000000
Jan 03, 2024 02:26:39.715 [139983267105536] DEBUG - [FFMPEG] - rfps: 50.000000 0.000000
Jan 03, 2024 02:26:39.715 [139983267105536] DEBUG - [FFMPEG] - rfps: 51.000000 0.000000
Jan 03, 2024 02:26:39.715 [139983267105536] DEBUG - [FFMPEG] - rfps: 52.000000 0.000000
Jan 03, 2024 02:26:39.715 [139983267105536] DEBUG - [FFMPEG] - rfps: 52.000000 0.000000
Jan 03, 2024 02:26:39.715 [139983267105536] DEBUG - [FFMPEG] - rfps: 53.000000 0.000000
Jan 03, 2024 02:26:39.715 [139983267105536] DEBUG - [FFMPEG] - rfps: 54.000000 0.000000
Jan 03, 2024 02:26:39.715 [139983267105536] DEBUG - [FFMPEG] - rfps: 54.000000 0.000000
Jan 03, 2024 02:26:39.715 [139983267105536] DEBUG - [FFMPEG] - rfps: 55.000000 0.000000
Jan 03, 2024 02:26:39.715 [139983267105536] DEBUG - [FFMPEG] - rfps: 56.000000 0.000000
Jan 03, 2024 02:26:39.715 [139983267105536] DEBUG - [FFMPEG] - rfps: 56.000000 0.000000
Jan 03, 2024 02:26:39.715 [139983267105536] DEBUG - [FFMPEG] - rfps: 57.000000 0.000000
Jan 03, 2024 02:26:39.715 [139983267105536] DEBUG - [FFMPEG] - rfps: 58.000000 0.000000
Jan 03, 2024 02:26:39.715 [139983267105536] DEBUG - [FFMPEG] - rfps: 58.000000 0.000000
Jan 03, 2024 02:26:39.715 [139983267105536] DEBUG - [FFMPEG] - rfps: 59.000000 0.000000
Jan 03, 2024 02:26:39.715 [139983267105536] DEBUG - [FFMPEG] - rfps: 60.000000 0.000000
Jan 03, 2024 02:26:39.715 [139983267105536] DEBUG - [FFMPEG] - rfps: 60.000000 0.000000
Jan 03, 2024 02:26:39.715 [139983267105536] DEBUG - [FFMPEG] - rfps: 80.000000 0.000000
Jan 03, 2024 02:26:39.715 [139983267105536] DEBUG - [FFMPEG] - rfps: 80.000000 0.000000
Jan 03, 2024 02:26:39.715 [139983267105536] DEBUG - [FFMPEG] - rfps: 120.000000 0.000000
Jan 03, 2024 02:26:39.715 [139983267105536] DEBUG - [FFMPEG] - rfps: 120.000000 0.000000
Jan 03, 2024 02:26:39.715 [139983267105536] DEBUG - [FFMPEG] - rfps: 240.000000 0.000000
Jan 03, 2024 02:26:39.715 [139983267105536] DEBUG - [FFMPEG] - rfps: 240.000000 0.000000
Jan 03, 2024 02:26:39.715 [139983267105536] DEBUG - [FFMPEG] - rfps: 23.976024 0.004743
Jan 03, 2024 02:26:39.715 [139983267105536] DEBUG - [FFMPEG] - rfps: 23.976024 0.004743
Jan 03, 2024 02:26:39.715 [139983267105536] DEBUG - [FFMPEG] - rfps: 29.970030 0.007410
Jan 03, 2024 02:26:39.715 [139983267105536] DEBUG - [FFMPEG] - rfps: 11.988012 0.001186
Jan 03, 2024 02:26:39.715 [139983267105536] DEBUG - [FFMPEG] - rfps: 11.988012 0.001186
Jan 03, 2024 02:26:39.715 [139983267105536] DEBUG - [FFMPEG] - rfps: 14.985015 0.001853
Jan 03, 2024 02:26:39.715 [139983267105536] DEBUG - [FFMPEG] - rfps: 14.985015 0.001853
Jan 03, 2024 02:26:39.715 [139983267105536] DEBUG - [FFMPEG] - rfps: 47.952048 0.018970
Jan 03, 2024 02:26:39.715 [139983267105536] DEBUG - [FFMPEG] - After avformat_find_stream_info() pos: 1810 bytes read:7477 seeks:0 frames:20
Jan 03, 2024 02:26:39.715 [139983267105536] DEBUG - Creating /config/Library/Application Support/Plex Media Server/Media/localhost/7/4779304a07ffbdcd64213f5f40871efbe749a366528.bundle/Contents/Thumbnails/thumb3.jpg (75.0%, 720x512).
Jan 03, 2024 02:26:39.715 [139983267105536] DEBUG - [FFMPEG] - nal_unit_type: 7(SPS), nal_ref_idc: 3
Jan 03, 2024 02:26:39.715 [139983267105536] DEBUG - [FFMPEG] - nal_unit_type: 8(PPS), nal_ref_idc: 3
Jan 03, 2024 02:26:39.716 [139983267105536] DEBUG - [FFMPEG] - nal_unit_type: 7(SPS), nal_ref_idc: 3
Jan 03, 2024 02:26:39.716 [139983267105536] DEBUG - [FFMPEG] - nal_unit_type: 8(PPS), nal_ref_idc: 3
Jan 03, 2024 02:26:39.716 [139983267105536] DEBUG - [FFMPEG] - nal_unit_type: 6(SEI), nal_ref_idc: 0
Jan 03, 2024 02:26:39.716 [139983267105536] DEBUG - [FFMPEG] - nal_unit_type: 5(IDR), nal_ref_idc: 3
Jan 03, 2024 02:26:39.716 [139983267105536] DEBUG - [FFMPEG] - Format yuv420p chosen by get_format().
Jan 03, 2024 02:26:39.716 [139983267105536] DEBUG - [FFMPEG] - no picture 
Jan 03, 2024 02:26:39.716 [139983267105536] DEBUG - [FFMPEG] - nal_unit_type: 1(Coded slice of a non-IDR picture), nal_ref_idc: 2
Jan 03, 2024 02:26:39.716 [139983267105536] DEBUG - [FFMPEG] - no picture 
Jan 03, 2024 02:26:39.716 [139983267105536] DEBUG - [FFMPEG] - nal_unit_type: 1(Coded slice of a non-IDR picture), nal_ref_idc: 2
Jan 03, 2024 02:26:39.717 [139983267105536] DEBUG - Loaded memory image of size 128x96.
Jan 03, 2024 02:26:39.718 [139983267105536] DEBUG - [FFMPEG] - nal_unit_type: 7(SPS), nal_ref_idc: 3
Jan 03, 2024 02:26:39.718 [139983267105536] DEBUG - [FFMPEG] - nal_unit_type: 8(PPS), nal_ref_idc: 3
Jan 03, 2024 02:26:39.718 [139983267105536] DEBUG - [FFMPEG] - nal_unit_type: 7(SPS), nal_ref_idc: 3
Jan 03, 2024 02:26:39.718 [139983267105536] DEBUG - [FFMPEG] - nal_unit_type: 8(PPS), nal_ref_idc: 3
Jan 03, 2024 02:26:39.718 [139983267105536] DEBUG - [FFMPEG] - nal_unit_type: 6(SEI), nal_ref_idc: 0
Jan 03, 2024 02:26:39.718 [139983267105536] DEBUG - [FFMPEG] - nal_unit_type: 5(IDR), nal_ref_idc: 3
Jan 03, 2024 02:26:39.718 [139983267105536] DEBUG - [FFMPEG] - Format yuv420p chosen by get_format().
Jan 03, 2024 02:26:39.718 [139983267105536] DEBUG - [FFMPEG] - no picture 
Jan 03, 2024 02:26:39.718 [139983267105536] DEBUG - [FFMPEG] - nal_unit_type: 1(Coded slice of a non-IDR picture), nal_ref_idc: 2
Jan 03, 2024 02:26:39.718 [139983267105536] DEBUG - [FFMPEG] - no picture 
Jan 03, 2024 02:26:39.718 [139983267105536] DEBUG - [FFMPEG] - nal_unit_type: 1(Coded slice of a non-IDR picture), nal_ref_idc: 2
Jan 03, 2024 02:26:39.719 [139983267105536] DEBUG - Loaded memory image of size 128x96.
Jan 03, 2024 02:26:39.720 [139983267105536] DEBUG - [FFMPEG] - nal_unit_type: 7(SPS), nal_ref_idc: 3
Jan 03, 2024 02:26:39.720 [139983267105536] DEBUG - [FFMPEG] - nal_unit_type: 8(PPS), nal_ref_idc: 3
Jan 03, 2024 02:26:39.720 [139983267105536] DEBUG - [FFMPEG] - nal_unit_type: 7(SPS), nal_ref_idc: 3
Jan 03, 2024 02:26:39.720 [139983267105536] DEBUG - [FFMPEG] - nal_unit_type: 8(PPS), nal_ref_idc: 3
Jan 03, 2024 02:26:39.720 [139983267105536] DEBUG - [FFMPEG] - nal_unit_type: 6(SEI), nal_ref_idc: 0
Jan 03, 2024 02:26:39.720 [139983267105536] DEBUG - [FFMPEG] - nal_unit_type: 5(IDR), nal_ref_idc: 3
Jan 03, 2024 02:26:39.720 [139983267105536] DEBUG - [FFMPEG] - Format yuv420p chosen by get_format().
Jan 03, 2024 02:26:39.720 [139983267105536] DEBUG - [FFMPEG] - no picture 
Jan 03, 2024 02:26:39.720 [139983267105536] DEBUG - [FFMPEG] - nal_unit_type: 1(Coded slice of a non-IDR picture), nal_ref_idc: 2
Jan 03, 2024 02:26:39.720 [139983267105536] DEBUG - [FFMPEG] - no picture 
Jan 03, 2024 02:26:39.720 [139983267105536] DEBUG - [FFMPEG] - nal_unit_type: 1(Coded slice of a non-IDR picture), nal_ref_idc: 2
Jan 03, 2024 02:26:39.721 [139983267105536] DEBUG - Loaded memory image of size 128x96.
Jan 03, 2024 02:26:39.722 [139983267105536] DEBUG - [MI] Closing input file: "/tvshows/Blender Shorts/S01E01.mkv"
Jan 03, 2024 02:26:39.722 [139983267105536] DEBUG - Downloading document http://127.0.0.1:32400/library/changestamp
Jan 03, 2024 02:26:39.722 [139983267105536] DEBUG - [HCl#a] HTTP requesting GET http://127.0.0.1:32400/library/changestamp
Jan 03, 2024 02:26:39.723 [139983269739264] DEBUG - [HttpClient/HCl#a] HTTP/1.1 (0.0s) 200 response from GET http://127.0.0.1:32400/library/changestamp (reused)
Jan 03, 2024 02:26:39.723 [139983267105536] DEBUG - Updating metadata item (save) (2023-11-14) with ID 21
Jan 03, 2024 02:26:39.723 [139983270218496] DEBUG - [HCl#b] HTTP requesting GET http://127.0.0.1:32400/:/metadata/flushMetadataCounterCache?metadataItemID=19
Jan 03, 2024 02:26:39.723 [139983269739264] DEBUG - [HttpClient/HCl#b] HTTP/1.1 (0.0s) 200 response from GET http://127.0.0.1:32400/:/metadata/flushMetadataCounterCache?metadataItemID=19 (reused)
Jan 03, 2024 02:26:39.723 [139983270218496] DEBUG - [HCl#c] HTTP requesting GET http://127.0.0.1:32400/:/metadata/notify/changeItemState?librarySectionID=2&metadataItemID=21&metadataType=4&state=-1&parentID=-1&rootID=-1&mediaState=idle
Jan 03, 2024 02:26:39.724 [139983269739264] DEBUG - [HttpClient/HCl#c] HTTP/1.1 (0.0s) 200 response from GET http://127.0.0.1:32400/:/metadata/notify/changeItemState?librarySectionID=2&metadataItemID=21&metadataType=4&state=-1&parentID=-1&rootID=-1&mediaState=idle (reused)
Jan 03, 2024 02:26:39.725 [139983267105536] DEBUG - Downloading document http://127.0.0.1:32400/library/changestamp
Jan 03, 2024 02:26:39.725 [139983267105536] DEBUG - [HCl#d] HTTP requesting GET http://127.0.0.1:32400/library/changestamp
Jan 03, 2024 02:26:39.725 [139983269739264] DEBUG - [HttpClient/HCl#d] HTTP/1.1 (0.0s) 200 response from GET http://127.0.0.1:32400/library/changestamp (reused)
Jan 03, 2024 02:26:39.725 [139983267105536] DEBUG - Updating metadata item (save) (2023-11-14) with ID 21
Jan 03, 2024 02:26:39.726 [139983270218496] DEBUG - [HCl#e] HTTP requesting GET http://127.0.0.1:32400/:/metadata/flushMetadataCounterCache?metadataItemID=19
Jan 03, 2024 02:26:39.726 [139983269739264] DEBUG - [HttpClient/HCl#e] HTTP/1.1 (0.0s) 200 response from GET http://127.0.0.1:32400/:/metadata/flushMetadataCounterCache?metadataItemID=19 (reused)
Jan 03, 2024 02:26:39.726 [139983267105536] DEBUG - [HCl#f] HTTP requesting PUT http://127.0.0.1:32400/library/metadata/20/intro
Jan 03, 2024 02:26:39.727 [139983269739264] DEBUG - [HttpClient/HCl#f] HTTP/1.1 (0.0s) 404 response from PUT http://127.0.0.1:32400/library/metadata/20/intro (reused)
Jan 03, 2024 02:26:39.727 [139983267105536] DEBUG - [HCl#10] HTTP requesting PUT http://127.0.0.1:32400/library/metadata/21/credits
Jan 03, 2024 02:26:39.729 [139983269739264] DEBUG - [HttpClient/HCl#10] HTTP/1.1 (0.0s) 403 response from PUT http://127.0.0.1:32400/library/metadata/21/credits (reused)
Jan 03, 2024 02:26:39.729 [139983267105536] DEBUG - MediaItem::PerformBackgroundAnalysis on 12
Jan 03, 2024 02:26:39.729 [139983270218496] DEBUG - [HCl#11] HTTP requesting GET http://127.0.0.1:32400/:/metadata/notify/changeItemState?librarySectionID=2&metadataItemID=21&metadataType=4&state=1&parentID=-1&rootID=-1
Jan 03, 2024 02:26:39.729 [139983269739264] DEBUG - [HttpClient/HCl#11] HTTP/1.1 (0.0s) 200 response from GET http://127.0.0.1:32400/:/metadata/notify/changeItemState?librarySectionID=2&metadataItemID=21&metadataType=4&state=1&parentID=-1&rootID=-1 (reused)
Jan 03, 2024 02:26:39.729 [139983267105536] DEBUG - Downloading document http://127.0.0.1:32400/library/changestamp
Jan 03, 2024 02:26:39.729 [139983267105536] DEBUG - [HCl#12] HTTP requesting GET http://127.0.0.1:32400/library/changestamp
Jan 03, 2024 02:26:39.730 [139983269739264] DEBUG - [HttpClient/HCl#12] HTTP/1.1 (0.0s) 200 response from GET http://127.0.0.1:32400/library/changestamp (reused)
Jan 03, 2024 02:26:39.730 [139983267105536] DEBUG - Updating metadata item (save) () with ID 22
Jan 03, 2024 02:26:39.730 [139983270218496] DEBUG - [HCl#13] HTTP requesting GET http://127.0.0.1:32400/:/metadata/flushMetadataCounterCache?metadataItemID=19
Jan 03, 2024 02:26:39.730 [139983267105536] DEBUG - Computing hash for a tiny file, only using first block.
Jan 03, 2024 02:26:39.730 [139983267105536] DEBUG - Updating part with ID=12 [/tvshows/Blender Shorts/S01E02.mkv]
Jan 03, 2024 02:26:39.730 [139983267105536] DEBUG - Part hashes for media item 12 have changed.
Jan 03, 2024 02:26:39.730 [139983267105536] DEBUG - [ID 12] Media part analysis: /tvshows/Blender Shorts/S01E02.mkv
Jan 03, 2024 02:26:39.730 [139983269739264] DEBUG - [HttpClient/HCl#13] HTTP/1.1 (0.0s) 200 response from GET http://127.0.0.1:32400/:/metadata/flushMetadataCounterCache?metadataItemID=19 (reused)
Jan 03, 2024 02:26:39.730 [139983267105536] DEBUG - [MI] Opening input file: "/tvshows/Blender Shorts/S01E02.mkv"
Jan 03, 2024 02:26:39.730 [139983267105536] DEBUG - [FFMPEG] - Opening '/tvshows/Blender Shorts/S01E02.mkv' for reading
Jan 03, 2024 02:26:39.730 [139983267105536] DEBUG - [FFMPEG] - Setting default whitelist 'file,crypto,data'
Jan 03, 2024 02:26:39.731 [139983267105536] DEBUG - [FFMPEG] - Format matroska,webm probed with size=2048 and score=100
Jan 03, 2024 02:26:39.731 [139983267105536] DEBUG - [FFMPEG] - st:0 removing common factor 1000000 from timebase
Jan 03, 2024 02:26:39.731 [139983267105536] DEBUG - [FFMPEG] - Before avformat_find_stream_info() pos: 570 bytes read:7477 seeks:0 nb_streams:1
Jan 03, 2024 02:26:39.731 [139983267105536] DEBUG - [FFMPEG] - nal_unit_type: 7(SPS), nal_ref_idc: 3
Jan 03, 2024 02:26:39.731 [139983267105536] DEBUG - [FFMPEG] - nal_unit_type: 8(PPS), nal_ref_idc: 3
Jan 03, 2024 02:26:39.731 [139983267105536] DEBUG - [FFMPEG] - nal_unit_type: 7(SPS), nal_ref_idc: 3
Jan 03, 2024 02:26:39.731 [139983267105536] DEBUG - [FFMPEG] - nal_unit_type: 8(PPS), nal_ref_idc: 3
Jan 03, 2024 02:26:39.731 [139983267105536] DEBUG - [FFMPEG] - nal_unit_type: 6(SEI), nal_ref_idc: 0
Jan 03, 2024 02:26:39.731 [139983267105536] DEBUG - [FFMPEG] - nal_unit_type: 5(IDR), nal_ref_idc: 3
Jan 03, 2024 02:26:39.731 [139983267105536] DEBUG - [FFMPEG] - Format yuv420p chosen by get_format().
Jan 03, 2024 02:26:39.731 [139983267105536] DEBUG - [FFMPEG] - no picture 
Jan 03, 2024 02:26:39.731 [139983267105536] DEBUG - [FFMPEG] - nal_unit_type: 1(Coded slice of a non-IDR picture), nal_ref_idc: 2
Jan 03, 2024 02:26:39.731 [139983267105536] DEBUG - [FFMPEG] - no picture 
Jan 03, 2024 02:26:39.731 [139983267105536] DEBUG - [FFMPEG] - nal_unit_type: 1(Coded slice of a non-IDR picture), nal_ref_idc: 2
Jan 03, 2024 02:26:39.731 [139983267105536] DEBUG - [FFMPEG] - nal_unit_type: 1(Coded slice of a non-IDR picture), nal_ref_idc: 0
Jan 03, 2024 02:26:39.731 [139983267105536] DEBUG - [FFMPEG] - nal_unit_type: 1(Coded slice of a non-IDR picture), nal_ref_idc: 0
Jan 03, 2024 02:26:39.731 [139983267105536] DEBUG - [FFMPEG] - nal_unit_type: 1(Coded slice of a non-IDR picture), nal_ref_idc: 2
Jan 03, 2024 02:26:39.731 [139983267105536] DEBUG - [FFMPEG] - nal_unit_type: 1(Coded slice of a non-IDR picture), nal_ref_idc: 2
Jan 03, 2024 02:26:39.731 [139983267105536] DEBUG - [FFMPEG] - nal_unit_type: 1(Coded slice of a non-IDR picture), nal_ref_idc: 0
Jan 03, 2024 02:26:39.731 [139983267105536] DEBUG - [FFMPEG] - nal_unit_type: 1(Coded slice of a non-IDR picture), nal_ref_idc: 0
Jan 03, 2024 02:26:39.731 [139983267105536] DEBUG - [FFMPEG] - first_dts 7000 not matching first dts NOPTS (pts 0, duration 1000) in the queue
Jan 03, 2024 02:26:39.731 [139983267105536] DEBUG - [FFMPEG] - rfps: 1.000000 0.000000
Jan 03, 2024 02:26:39.731 [139983267105536] DEBUG - [FFMPEG] - rfps: 2.000000 0.000000
Jan 03, 2024 02:26:39.731 [139983267105536] DEBUG - [FFMPEG] - rfps: 2.000000 0.000000
Jan 03, 2024 02:26:39.731 [139983267105536] DEBUG - [FFMPEG] - rfps: 3.000000 0.000000
Jan 03, 2024 02:26:39.731 [139983267105536] DEBUG - [FFMPEG] - rfps: 4.000000 0.000000
Jan 03, 2024 02:26:39.731 [139983267105536] DEBUG - [FFMPEG] - rfps: 4.000000 0.000000
Jan 03, 2024 02:26:39.731 [139983267105536] DEBUG - [FFMPEG] - rfps: 5.000000 0.000000
Jan 03, 2024 02:26:39.731 [139983267105536] DEBUG - [FFMPEG] - rfps: 6.000000 0.000000
Jan 03, 2024 02:26:39.731 [139983267105536] DEBUG - [FFMPEG] - rfps: 6.000000 0.000000
Jan 03, 2024 02:26:39.731 [139983267105536] DEBUG - [FFMPEG] - rfps: 7.000000 0.000000
Jan 03, 2024 02:26:39.731 [139983267105536] DEBUG - [FFMPEG] - rfps: 8.000000 0.000000
Jan 03, 2024 02:26:39.731 [139983267105536] DEBUG - [FFMPEG] - rfps: 8.000000 0.000000
Jan 03, 2024 02:26:39.731 [139983267105536] DEBUG - [FFMPEG] - rfps: 9.000000 0.000000
Jan 03, 2024 02:26:39.731 [139983267105536] DEBUG - [FFMPEG] - rfps: 10.000000 0.000000
Jan 03, 2024 02:26:39.731 [139983267105536] DEBUG - [FFMPEG] - rfps: 10.000000 0.000000
Jan 03, 2024 02:26:39.731 [139983267105536] DEBUG - [FFMPEG] - rfps: 11.000000 0.000000
Jan 03, 2024 02:26:39.731 [139983267105536] DEBUG - [FFMPEG] - rfps: 12.000000 0.000000
Jan 03, 2024 02:26:39.731 [139983267105536] DEBUG - [FFMPEG] - rfps: 12.000000 0.000000
Jan 03, 2024 02:26:39.731 [139983267105536] DEBUG - [FFMPEG] - rfps: 13.000000 0.000000
Jan 03, 2024 02:26:39.731 [139983267105536] DEBUG - [FFMPEG] - rfps: 14.000000 0.000000
Jan 03, 2024 02:26:39.731 [139983267105536] DEBUG - [FFMPEG] - rfps: 14.000000 0.000000
Jan 03, 2024 02:26:39.731 [139983267105536] DEBUG - [FFMPEG] - rfps: 15.000000 0.000000
Jan 03, 2024 02:26:39.731 [139983267105536] DEBUG - [FFMPEG] - rfps: 16.000000 0.000000
Jan 03, 2024 02:26:39.731 [139983267105536] DEBUG - [FFMPEG] - rfps: 16.000000 0.000000
Jan 03, 2024 02:26:39.731 [139983267105536] DEBUG - [FFMPEG] - rfps: 17.000000 0.000000
Jan 03, 2024 02:26:39.731 [139983267105536] DEBUG - [FFMPEG] - rfps: 18.000000 0.000000
Jan 03, 2024 02:26:39.731 [139983267105536] DEBUG - [FFMPEG] - rfps: 18.000000 0.000000
Jan 03, 2024 02:26:39.731 [139983267105536] DEBUG - [FFMPEG] - rfps: 19.000000 0.000000
Jan 03, 2024 02:26:39.731 [139983267105536] DEBUG - [FFMPEG] - rfps: 20.000000 0.000000
Jan 03, 2024 02:26:39.732 [139983267105536] DEBUG - [FFMPEG] - rfps: 20.000000 0.000000
Jan 03, 2024 02:26:39.732 [139983267105536] DEBUG - [FFMPEG] - rfps: 21.000000 0.000000
Jan 03, 2024 02:26:39.732 [139983267105536] DEBUG - [FFMPEG] - rfps: 22.000000 0.000000
Jan 03, 2024 02:26:39.732 [139983267105536] DEBUG - [FFMPEG] - rfps: 22.000000 0.000000
Jan 03, 2024 02:26:39.732 [139983267105536] DEBUG - [FFMPEG] - rfps: 23.000000 0.000000
Jan 03, 2024 02:26:39.732 [139983267105536] DEBUG - [FFMPEG] - rfps: 24.000000 0.000000
Jan 03, 2024 02:26:39.732 [139983267105536] DEBUG - [FFMPEG] - rfps: 24.000000 0.000000
Jan 03, 2024 02:26:39.732 [139983267105536] DEBUG - [FFMPEG] - rfps: 25.000000 0.000000
Jan 03, 2024 02:26:39.732 [139983267105536] DEBUG - [FFMPEG] - rfps: 26.000000 0.000000
Jan 03, 2024 02:26:39.732 [139983267105536] DEBUG - [FFMPEG] - rfps: 26.000000 0.000000
Jan 03, 2024 02:26:39.732 [139983267105536] DEBUG - [FFMPEG] - rfps: 27.000000 0.000000
Jan 03, 2024 02:26:39.732 [139983267105536] DEBUG - [FFMPEG] - rfps: 28.000000 0.000000
Jan 03, 2024 02:26:39.732 [139983267105536] DEBUG - [FFMPEG] - rfps: 28.000000 0.000000
Jan 03, 2024 02:26:39.732 [139983267105536] DEBUG - [FFMPEG] - rfps: 29.000000 0.000000
Jan 03, 2024 02:26:39.732 [139983267105536] DEBUG - [FFMPEG] - rfps: 30.000000 0.000000
Jan 03, 2024 02:26:39.732 [139983267105536] DEBUG - [FFMPEG] - rfps: 30.000000 0.000000
Jan 03, 2024 02:26:39.732 [139983267105536] DEBUG - [FFMPEG] - rfps: 31.000000 0.000000
Jan 03, 2024 02:26:39.732 [139983267105536] DEBUG - [FFMPEG] - rfps: 32.000000 0.000000
Jan 03, 2024 02:26:39.732 [139983267105536] DEBUG - [FFMPEG] - rfps: 32.000000 0.000000
Jan 03, 2024 02:26:39.732 [139983267105536] DEBUG - [FFMPEG] - rfps: 33.000000 0.000000
Jan 03, 2024 02:26:39.732 [139983267105536] DEBUG - [FFMPEG] - rfps: 34.000000 0.000000
Jan 03, 2024 02:26:39.732 [139983267105536] DEBUG - [FFMPEG] - rfps: 34.000000 0.000000
Jan 03, 2024 02:26:39.732 [139983267105536] DEBUG - [FFMPEG] - rfps: 35.000000 0.000000
Jan 03, 2024 02:26:39.732 [139983267105536] DEBUG - [FFMPEG] - rfps: 36.000000 0.000000
Jan 03, 2024 02:26:39.732 [139983267105536] DEBUG - [FFMPEG] - rfps: 36.000000 0.000000
Jan 03, 2024 02:26:39.732 [139983267105536] DEBUG - [FFMPEG] - rfps: 37.000000 0.000000
Jan 03, 2024 02:26:39.732 [139983267105536] DEBUG - [FFMPEG] - rfps: 38.000000 0.000000
Jan 03, 2024 02:26:39.732 [139983267105536] DEBUG - [FFMPEG] - rfps: 38.000000 0.000000
Jan 03, 2024 02:26:39.732 [139983267105536] DEBUG - [FFMPEG] - rfps: 39.000000 0.000000
Jan 03, 2024 02:26:39.732 [139983267105536] DEBUG - [FFMPEG] - rfps: 40.000000 0.000000
Jan 03, 2024 02:26:39.732 [139983267105536] DEBUG - [FFMPEG] - rfps: 40.000000 0.000000
Jan 03, 2024 02:26:39.732 [139983267105536] DEBUG - [FFMPEG] - rfps: 41.000000 0.000000
Jan 03, 2024 02:26:39.732 [139983267105536] DEBUG - [FFMPEG] - rfps: 42.000000 0.000000
Jan 03, 2024 02:26:39.732 [139983267105536] DEBUG - [FFMPEG] - rfps: 42.000000 0.000000
Jan 03, 2024 02:26:39.732 [139983267105536] DEBUG - [FFMPEG] - rfps: 43.000000 0.000000
Jan 03, 2024 02:26:39.732 [139983267105536] DEBUG - [FFMPEG] - rfps: 44.000000 0.000000
Jan 03, 2024 02:26:39.732 [139983267105536] DEBUG - [FFMPEG] - rfps: 44.000000 0.000000
Jan 03, 2024 02:26:39.732 [139983267105536] DEBUG - [FFMPEG] - rfps: 45.000000 0.000000
Jan 03, 2024 02:26:39.732 [139983267105536] DEBUG - [FFMPEG] - rfps: 46.000000 0.000000
Jan 03, 2024 02:26:39.732 [139983267105536] DEBUG - [FFMPEG] - rfps: 46.000000 0.000000
Jan 03, 2024 02:26:39.732 [139983267105536] DEBUG - [FFMPEG] - rfps: 47.000000 0.000000
Jan 03, 2024 02:26:39.732 [139983267105536] DEBUG - [FFMPEG] - rfps: 48.000000 0.000000
Jan 03, 2024 02:26:39.732 [139983267105536] DEBUG - [FFMPEG] - rfps: 48.000000 0.000000
Jan 03, 2024 02:26:39.732 [139983267105536] DEBUG - [FFMPEG] - rfps: 49.000000 0.000000
Jan 03, 2024 02:26:39.732 [139983267105536] DEBUG - [FFMPEG] - rfps: 50.000000 0.000000
Jan 03, 2024 02:26:39.732 [139983267105536] DEBUG - [FFMPEG] - rfps: 50.000000 0.000000
Jan 03, 2024 02:26:39.732 [139983267105536] DEBUG - [FFMPEG] - rfps: 51.000000 0.000000
Jan 03, 2024 02:26:39.732 [139983267105536] DEBUG - [FFMPEG] - rfps: 52.000000 0.000000
Jan 03, 2024 02:26:39.732 [139983267105536] DEBUG - [FFMPEG] - rfps: 52.000000 0.000000
Jan 03, 2024 02:26:39.732 [139983267105536] DEBUG - [FFMPEG] - rfps: 53.000000 0.000000
Jan 03, 2024 02:26:39.732 [139983267105536] DEBUG - [FFMPEG] - rfps: 54.000000 0.000000
Jan 03, 2024 02:26:39.732 [139983267105536] DEBUG - [FFMPEG] - rfps: 54.000000 0.000000
Jan 03, 2024 02:26:39.732 [139983267105536] DEBUG - [FFMPEG] - rfps: 55.000000 0.000000
Jan 03, 2024 02:26:39.732 [139983267105536] DEBUG - [FFMPEG] - rfps: 56.000000 0.000000
Jan 03, 2024 02:26:39.732 [139983267105536] DEBUG - [FFMPEG] - rfps: 56.000000 0.000000
Jan 03, 2024 02:26:39.732 [139983267105536] DEBUG - [FFMPEG] - rfps: 57.000000 0.000000
Jan 03, 2024 02:26:39.732 [139983267105536] DEBUG - [FFMPEG] - rfps: 58.000000 0.000000
Jan 03, 2024 02:26:39.732 [139983267105536] DEBUG - [FFMPEG] - rfps: 58.000000 0.000000
Jan 03, 2024 02:26:39.732 [139983267105536] DEBUG - [FFMPEG] - rfps: 59.000000 0.000000
Jan 03, 2024 02:26:39.732 [139983267105536] DEBUG - [FFMPEG] - rfps: 60.000000 0.000000
Jan 03, 2024 02:26:39.732 [139983267105536] DEBUG - [FFMPEG] - rfps: 60.000000 0.000000
Jan 03, 2024 02:26:39.732 [139983267105536] DEBUG - [FFMPEG] - rfps: 80.000000 0.000000
Jan 03, 2024 02:26:39.732 [139983267105536] DEBUG - [FFMPEG] - rfps: 80.000000 0.000000
Jan 03, 2024 02:26:39.732 [139983267105536] DEBUG - [FFMPEG] - rfps: 120.000000 0.000000
Jan 03, 2024 02:26:39.732 [139983267105536] DEBUG - [FFMPEG] - rfps: 120.000000 0.000000
Jan 03, 2024 02:26:39.732 [139983267105536] DEBUG - [FFMPEG] - rfps: 240.000000 0.000000
Jan 03, 2024 02:26:39.732 [139983267105536] DEBUG - [FFMPEG] - rfps: 240.000000 0.000000
Jan 03, 2024 02:26:39.732 [139983267105536] DEBUG - [FFMPEG] - rfps: 23.976024 0.004743
Jan 03, 2024 02:26:39.732 [139983267105536] DEBUG - [FFMPEG] - rfps: 23.976024 0.004743
Jan 03, 2024 02:26:39.732 [139983267105536] DEBUG - [FFMPEG] - rfps: 29.970030 0.007410
Jan 03, 2024 02:26:39.732 [139983267105536] DEBUG - [FFMPEG] - rfps: 11.988012 0.001186
Jan 03, 2024 02:26:39.732 [139983267105536] DEBUG - [FFMPEG] - rfps: 11.988012 0.001186
Jan 03, 2024 02:26:39.732 [139983267105536] DEBUG - [FFMPEG] - rfps: 14.985015 0.001853
Jan 03, 2024 02:26:39.732 [139983267105536] DEBUG - [FFMPEG] - rfps: 14.985015 0.001853
Jan 03, 2024 02:26:39.732 [139983267105536] DEBUG - [FFMPEG] - rfps: 47.952048 0.018970
Jan 03, 2024 02:26:39.732 [139983267105536] DEBUG - [FFMPEG] - After avformat_find_stream_info() pos: 1810 bytes read:7477 seeks:0 frames:20
Jan 03, 2024 02:26:39.732 [139983267105536] DEBUG - [MI]  * 74779304a07ffbdcd64213f5f40871efbe749a366528 [mkv h264/] Duration: 241000ms, 128x96 (1.333333) 1.000fps, bitrate=0kbps, audio channels=0, optimizedForStreaming=0 ("/tvshows/Blender Shorts/S01E02.mkv")
Jan 03, 2024 02:26:39.732 [139983267105536] DEBUG - [MI] Chapters had generic titles, clearing.
Jan 03, 2024 02:26:39.732 [139983267105536] DEBUG - [MI] Closing input file: "/tvshows/Blender Shorts/S01E02.mkv"
Jan 03, 2024 02:26:39.732 [139983267105536] DEBUG - Committing media stream changes for part 12
Jan 03, 2024 02:26:39.732 [139983267105536] DEBUG - Updating media item 12, size=7477, metadata_item_id=22
Jan 03, 2024 02:26:39.732 [139983267105536] DEBUG - Updating part with ID=12 [/tvshows/Blender Shorts/S01E02.mkv]
Jan 03, 2024 02:26:39.733 [139983270218496] DEBUG - [HCl#14] HTTP requesting GET http://127.0.0.1:32400/:/metadata/notify/changeItemState?librarySectionID=2&metadataItemID=22&metadataType=4&state=-1&parentID=-1&rootID=-1&mediaState=analyzing
Jan 03, 2024 02:26:39.733 [139983269739264] DEBUG - [HttpClient/HCl#14] HTTP/1.1 (0.0s) 200 response from GET http://127.0.0.1:32400/:/metadata/notify/changeItemState?librarySectionID=2&metadataItemID=22&metadataType=4&state=-1&parentID=-1&rootID=-1&mediaState=analyzing (reused)
Jan 03, 2024 02:26:39.733 [139983270218496] DEBUG - [HCl#15] HTTP requesting GET http://127.0.0.1:32400/:/metadata/notify/changeItemState?librarySectionID=2&metadataItemID=22&metadataType=4&state=-1&parentID=-1&rootID=-1&mediaState=thumbnailing
Jan 03, 2024 02:26:39.733 [139983269739264] DEBUG - [HttpClient/HCl#15] HTTP/1.1 (0.0s) 200 response from GET http://127.0.0.1:32400/:/metadata/notify/changeItemState?librarySectionID=2&metadataItemID=22&metadataType=4&state=-1&parentID=-1&rootID=-1&mediaState=thumbnailing (reused)
Jan 03, 2024 02:26:39.733 [139983270218496] DEBUG - [HCl#16] HTTP requesting GET http://127.0.0.1:32400/:/metadata/notify/changeItemState?librarySectionID=2&metadataItemID=22&metadataType=4&state=-1&parentID=-1&rootID=-1&mediaState=idle
Jan 03, 2024 02:26:39.733 [139983269739264] DEBUG - [HttpClient/HCl#16] HTTP/1.1 (0.0s) 200 response from GET http://127.0.0.1:32400/:/metadata/notify/changeItemState?librarySectionID=2&metadataItemID=22&metadataType=4&state=-1&parentID=-1&rootID=-1&mediaState=idle (reused)
Jan 03, 2024 02:26:39.734 [139983267105536] DEBUG - Downloading document http://127.0.0.1:32400/library/changestamp
Jan 03, 2024 02:26:39.734 [139983267105536] DEBUG - [HCl#17] HTTP requesting GET http://127.0.0.1:32400/library/changestamp
Jan 03, 2024 02:26:39.734 [139983269739264] DEBUG - [HttpClient/HCl#17] HTTP/1.1 (0.0s) 200 response from GET http://127.0.0.1:32400/library/changestamp (reused)
Jan 03, 2024 02:26:39.734 [139983267105536] DEBUG - Updating metadata item (save) () with ID 22
Jan 03, 2024 02:26:39.735 [139983270218496] DEBUG - [HCl#18] HTTP requesting GET http://127.0.0.1:32400/:/metadata/flushMetadataCounterCache?metadataItemID=19
Jan 03, 2024 02:26:39.735 [139983269739264] DEBUG - [HttpClient/HCl#18] HTTP/1.1 (0.0s) 200 response from GET http://127.0.0.1:32400/:/metadata/flushMetadataCounterCache?metadataItemID=19 (reused)
Jan 03, 2024 02:26:39.735 [139983267105536] DEBUG - [HCl#19] HTTP requesting PUT http://127.0.0.1:32400/library/metadata/20/intro
Jan 03, 2024 02:26:39.736 [139983269739264] DEBUG - [HttpClient/HCl#19] HTTP/1.1 (0.0s) 404 response from PUT http://127.0.0.1:32400/library/metadata/20/intro (reused)
Jan 03, 2024 02:26:39.736 [139983267105536] DEBUG - [HCl#1a] HTTP requesting PUT http://127.0.0.1:32400/library/metadata/22/credits
Jan 03, 2024 02:26:39.738 [139983269739264] DEBUG - [HttpClient/HCl#1a] HTTP/1.1 (0.0s) 403 response from PUT http://127.0.0.1:32400/library/metadata/22/credits (reused)
Jan 03, 2024 02:26:39.738 [139983270218496] DEBUG - [HCl#1b] HTTP requesting GET http://127.0.0.1:32400/:/metadata/notify/changeItemState?librarySectionID=2&metadataItemID=22&metadataType=4&state=1&parentID=-1&rootID=-1
Jan 03, 2024 02:26:39.738 [139983269739264] DEBUG - [HttpClient/HCl#1b] HTTP/1.1 (0.0s) 200 response from GET http://127.0.0.1:32400/:/metadata/notify/changeItemState?librarySectionID=2&metadataItemID=22&metadataType=4&state=1&parentID=-1&rootID=-1 (reused)
