Jun 28, 2026 01:03:12.616 [139649459964728] INFO - Plex Media Server v1.43.2.10687-563d026ea - Docker Docker Container (LinuxServer.io) x86_64 - build: linux-x86_64 debian - GMT 00:00
Jun 28, 2026 01:03:12.616 [139649459964728] INFO - Linux version: 6.17.0-1018-azure, language: en-US
Jun 28, 2026 01:03:12.616 [139649459964728] INFO - Processor: 4-core AMD EPYC 9V74 80-Core Processor
Jun 28, 2026 01:03:12.617 [139649459964728] INFO - Compiler is - Clang 11.0.1 (https://plex.tv 9b997da8e5b47bdb4a9425b3a3b290be393b4b1f)
Jun 28, 2026 01:03:12.617 [139649459964728] INFO - /usr/lib/plexmediaserver/Plex Media Server
Jun 28, 2026 01:03:12.616 [139649462508176] DEBUG - BPQ: [Idle] -> [Starting]
Jun 28, 2026 01:03:12.617 [139649462508176] DEBUG - FeatureManager: Using cached data for features list
Jun 28, 2026 01:03:12.620 [139649462508176] DEBUG - MyPlex: mapping state set to 'Unknown'.
Jun 28, 2026 01:03:12.621 [139649462508176] DEBUG - Relay: read 11 cached entries from hosts file
Jun 28, 2026 01:03:12.621 [139649462508176] DEBUG - Opening 20 database sessions to library (com.plexapp.plugins.library), SQLite 3.39.4, threadsafe=1
Jun 28, 2026 01:03:12.655 [139649462508176] DEBUG - MyPlex: using cached data for request for https://plex.tv/api/v2/server/users/features?filterFeatures[]=b83c8dc9-5a01-4b7a-a7c9-5870c8a6e21b&filterFeatures[]=926bc176-58ca-47da-b8e3-080ed14ea6ba&filterFeatures[]=ea791163-c28d-4b7c-af88-bcc9553b206d&filterFeatures[]=6ab6677b-ad9b-444f-9ca1-b8027d05b3e1&filterFeatures[]=56cd352b-0d47-436d-aced-f20db3508de5
Jun 28, 2026 01:03:12.674 [139649462508176] DEBUG - [CERT] Subject name is /CN=*.b1eb00e890d84884bd38f2ea180d2679.plex.direct
Jun 28, 2026 01:03:12.674 [139649462508176] DEBUG - [CERT] Installed certificate with fingerprint f5:13:6c:e0:05:75:7d:d4:a4:d5:77:b7:43:61:d5:cd:a8:1e:5e:9d.
Jun 28, 2026 01:03:12.675 [139649462508176] DEBUG - [CERT/OCSP] no URL available
Jun 28, 2026 01:03:12.675 [139649462508176] WARN - [CERT/OCSP] getCertInfo failed; skipping stapling
Jun 28, 2026 01:03:12.675 [139649462508176] DEBUG - HttpServer: Listening on IPv6 as well as IPv4.
Jun 28, 2026 01:03:12.675 [139649462508176] DEBUG - HttpServer: Listening on port 32400.
Jun 28, 2026 01:03:12.675 [139649462508176] DEBUG - HttpServer: Listening on port 32401.
Jun 28, 2026 01:03:12.675 [139649462508176] DEBUG - Running server...
Jun 28, 2026 01:03:12.675 [139649441971000] DEBUG - HttpServer: Set up a thread pool with 2 threads.
Jun 28, 2026 01:03:12.675 [139649462508176] INFO - Running migrations. (EPG 0)
Jun 28, 2026 01:03:12.676 [139649462508176] DEBUG - Captured session 0.
Jun 28, 2026 01:03:12.676 [139649462508176] DEBUG - Captured session 1.
Jun 28, 2026 01:03:12.676 [139649462508176] DEBUG - Captured session 2.
Jun 28, 2026 01:03:12.676 [139649462508176] DEBUG - Captured session 3.
Jun 28, 2026 01:03:12.676 [139649462508176] DEBUG - Captured session 4.
Jun 28, 2026 01:03:12.676 [139649462508176] DEBUG - Captured session 5.
Jun 28, 2026 01:03:12.676 [139649462508176] DEBUG - Captured session 6.
Jun 28, 2026 01:03:12.676 [139649462508176] DEBUG - Captured session 7.
Jun 28, 2026 01:03:12.676 [139649462508176] DEBUG - Captured session 8.
Jun 28, 2026 01:03:12.676 [139649462508176] DEBUG - Captured session 9.
Jun 28, 2026 01:03:12.676 [139649462508176] DEBUG - Captured session 10.
Jun 28, 2026 01:03:12.676 [139649462508176] DEBUG - Captured session 11.
Jun 28, 2026 01:03:12.676 [139649462508176] DEBUG - Captured session 12.
Jun 28, 2026 01:03:12.676 [139649462508176] DEBUG - Captured session 13.
Jun 28, 2026 01:03:12.676 [139649462508176] DEBUG - Captured session 14.
Jun 28, 2026 01:03:12.676 [139649462508176] DEBUG - Captured session 15.
Jun 28, 2026 01:03:12.676 [139649462508176] DEBUG - Captured session 16.
Jun 28, 2026 01:03:12.676 [139649462508176] DEBUG - Captured session 17.
Jun 28, 2026 01:03:12.676 [139649462508176] DEBUG - Captured session 18.
Jun 28, 2026 01:03:12.676 [139649462508176] DEBUG - Captured session 19.
Jun 28, 2026 01:03:12.680 [139649462508176] DEBUG - ChangestampAllocator: initialized to 1046
Jun 28, 2026 01:03:12.680 [139649462508176] DEBUG - Opening 2 database sessions to library (com.plexapp.plugins.library.blobs), SQLite 3.39.4, threadsafe=1
Jun 28, 2026 01:03:12.685 [139649462508176] INFO - Running migrations. (EPG 0)
Jun 28, 2026 01:03:12.686 [139649462508176] DEBUG - Captured session 0.
Jun 28, 2026 01:03:12.686 [139649462508176] DEBUG - Captured session 1.
Jun 28, 2026 01:03:12.706 [139649455209272] DEBUG - Grabber: Cleaning up orphaned grabs.
Jun 28, 2026 01:03:12.707 [139649455209272] DEBUG - Grabber: Cleaned up 0 decrepit directories in 0.0 sec.
Jun 28, 2026 01:03:12.707 [139649462508176] DEBUG - Media Provider: Registering provider com.plexapp.plugins.library
Jun 28, 2026 01:03:12.707 [139649462508176] DEBUG - Auth: Refreshing tokens inside the token-based authentication filter.
Jun 28, 2026 01:03:12.707 [139649462508176] DEBUG - MyPlex: using cached data for request for https://plex.tv/api/v2/server/access_tokens?auth_token=xxxxxxxxxxxxxxxxxxxx
Jun 28, 2026 01:03:12.707 [139649462508176] DEBUG - MyPlex: updating with 1 access tokens
Jun 28, 2026 01:03:12.707 [139649462508176] DEBUG - MyPlex: using cached data for request for https://plex.tv/api/v2/server/users?auth_token=xxxxxxxxxxxxxxxxxxxx
Jun 28, 2026 01:03:12.707 [139649462508176] DEBUG - MyPlex: using cached data for request for https://plex.tv/api/v2/server/users/subscriptions?auth_token=xxxxxxxxxxxxxxxxxxxx
Jun 28, 2026 01:03:12.708 [139649462508176] DEBUG - MyPlex: using cached data for request for https://plex.tv/api/v2/server/users/services?auth_token=xxxxxxxxxxxxxxxxxxxx
Jun 28, 2026 01:03:12.708 [139649462508176] DEBUG - Opening 1 database sessions to library (), SQLite 3.39.4, threadsafe=1
Jun 28, 2026 01:03:12.709 [139649455209272] DEBUG - Auth: Refreshing tokens inside the token-based authentication filter.
Jun 28, 2026 01:03:12.709 [139649455209272] DEBUG - [HCl#1] HTTP requesting GET https://plex.tv/api/v2/server/access_tokens?auth_token=xxxxxxxxxxxxxxxxxxxx
Jun 28, 2026 01:03:12.711 [139649389849400] DEBUG - File "/usr/lib/plexmediaserver/Resources/Plug-ins-563d026ea" changed: -1 => 2026-06-22 14:49:38 (1782139778).
Jun 28, 2026 01:03:12.711 [139649389849400] WARN - Warning: ex: boost::filesystem::last_write_time: No such file or directory [system:2]: "/config/Library/Application Support/Plex Media Server/Plug-ins", couldn't check file: "/config/Library/Application Support/Plex Media Server/Plug-ins"
Jun 28, 2026 01:03:12.711 [139649389849400] DEBUG - Scanning for plug-ins in "/usr/lib/plexmediaserver/Resources/Plug-ins-563d026ea"
Jun 28, 2026 01:03:12.713 [139649389849400] DEBUG - Scanning for plug-ins in "/config/Library/Application Support/Plex Media Server/Plug-ins"
Jun 28, 2026 01:03:12.713 [139649389849400] DEBUG - PluginRepository::setStartState: 1, startingSystem
Jun 28, 2026 01:03:12.713 [139649389849400] DEBUG - Starting plug-in /usr/lib/plexmediaserver/Resources/Plug-ins-563d026ea/System.bundle.
Jun 28, 2026 01:03:12.714 [139649389849400] DEBUG - [com.plexapp.system] Setting plug-in to always running (daemon mode).
Jun 28, 2026 01:03:12.714 [139649389849400] DEBUG - Starting file watcher for com.plexapp.system
Jun 28, 2026 01:03:12.714 [139649389849400] DEBUG - Plugin: setting environment variable: 'PYTHONHOME=/usr/lib/plexmediaserver/Resources/Python'
Jun 28, 2026 01:03:12.714 [139649389849400] DEBUG - Plugin: setting environment variable: 'PYTHONPATH=/usr/lib/plexmediaserver/Resources/Python/python27.zip:/usr/lib/plexmediaserver/Resources/Python/lib/python2.7/site-packages'
Jun 28, 2026 01:03:12.715 [139649389849400] DEBUG - Spawned plug-in com.plexapp.system with PID 247
Jun 28, 2026 01:03:12.715 [139649389849400] DEBUG - [com.plexapp.system] Sending command: GET /:/prefixes
Jun 28, 2026 01:03:12.889 [139649394068280] DEBUG - [HttpClient/HCl#1] HTTP/1.1 (0.2s) 200 response from GET https://plex.tv/api/v2/server/access_tokens?auth_token=xxxxxxxxxxxxxxxxxxxx
Jun 28, 2026 01:03:12.890 [139649455209272] DEBUG - MyPlex: updating with 1 access tokens
Jun 28, 2026 01:03:12.890 [139649455209272] DEBUG - [HCl#2] HTTP requesting GET https://plex.tv/api/v2/server/users?auth_token=xxxxxxxxxxxxxxxxxxxx
Jun 28, 2026 01:03:12.953 [139649394068280] DEBUG - [HttpClient/HCl#2] HTTP/1.1 (0.1s) 200 response from GET https://plex.tv/api/v2/server/users?auth_token=xxxxxxxxxxxxxxxxxxxx (reused)
Jun 28, 2026 01:03:12.954 [139649391958840] DEBUG - [HCl#3] HTTP requesting GET https://plex.tv/api/v2/server/users/subscriptions?auth_token=xxxxxxxxxxxxxxxxxxxx
Jun 28, 2026 01:03:12.998 [139649394068280] DEBUG - [HttpClient/HCl#3] HTTP/1.1 (0.0s) 200 response from GET https://plex.tv/api/v2/server/users/subscriptions?auth_token=xxxxxxxxxxxxxxxxxxxx (reused)
Jun 28, 2026 01:03:12.999 [139649391958840] DEBUG - MyPlex: using cached data for request for https://plex.tv/api/v2/server/users/services?auth_token=xxxxxxxxxxxxxxxxxxxx
Jun 28, 2026 01:03:13.605 [139649447332664] DEBUG - Request: didn't get any data from [::1]:47948: End of file
Jun 28, 2026 01:03:13.837 [139649383521080] DEBUG - Request: [127.0.0.1:48256 (Loopback)] GET /:/plugins/com.plexapp.system/messaging/function/X0J1bmRsZVNlcnZpY2U6QWxsU2VydmljZXM_/Y2VyZWFsMQoxCmxpc3QKMApyMAo_/Y2VyZWFsMQoxCmRpY3QKMApyMAo_ (3 live) #3 GZIP Token ()
Jun 28, 2026 01:03:13.837 [139649447332664] DEBUG - Completed: [127.0.0.1:48256] 503 GET /:/plugins/com.plexapp.system/messaging/function/X0J1bmRsZVNlcnZpY2U6QWxsU2VydmljZXM_/Y2VyZWFsMQoxCmxpc3QKMApyMAo_/Y2VyZWFsMQoxCmRpY3QKMApyMAo_ (3 live) #3 GZIP 0ms 436 bytes
Jun 28, 2026 01:03:13.842 [139649383521080] DEBUG - Request: [127.0.0.1:48268 (Loopback)] GET / (3 live) #4 GZIP Token ()
Jun 28, 2026 01:03:13.843 [139649447332664] DEBUG - Completed: [127.0.0.1:48268] 503 GET / (3 live) #4 GZIP 1ms 436 bytes
Jun 28, 2026 01:03:14.411 [139649383521080] DEBUG - Request: [127.0.0.1:48276 (Loopback)] GET /servers (3 live) #7 GZIP Token ()
Jun 28, 2026 01:03:14.411 [139649447332664] DEBUG - Completed: [127.0.0.1:48276] 503 GET /servers (3 live) #7 GZIP 0ms 436 bytes
Jun 28, 2026 01:03:14.428 [139649389849400] DEBUG - Reading 486 bytes in the body, code is 200
Jun 28, 2026 01:03:14.428 [139649389849400] DEBUG - [com.plexapp.system] Plug-in running on port 33983.
Jun 28, 2026 01:03:14.428 [139649389849400] DEBUG -  * Plug-in handles prefix: /system
Jun 28, 2026 01:03:14.428 [139649389849400] DEBUG -  * Plug-in handles prefix: /player
Jun 28, 2026 01:03:14.428 [139649389849400] DEBUG - Read configuration for [com.plexapp.system], had 2 prefixes
Jun 28, 2026 01:03:14.428 [139649389849400] DEBUG - Done with 1 synchronous plug-in starts, starting the rest in parallel.
Jun 28, 2026 01:03:14.428 [139649389849400] DEBUG - PluginRepository::setStartState: 2, startingPlugins
Jun 28, 2026 01:03:14.428 [139649389849400] DEBUG - Updating the list of agents known by the system.
Jun 28, 2026 01:03:14.428 [139649389849400] DEBUG - [com.plexapp.system] Sending command over HTTP (GET): /system/agents
Jun 28, 2026 01:03:14.428 [139649389849400] DEBUG - [HCl#4] HTTP requesting GET http://127.0.0.1:33983/system/agents
Jun 28, 2026 01:03:14.429 [139649462508176] DEBUG - Image transcode cache directory: "/config/Library/Application Support/Plex Media Server/Cache/PhotoTranscoder"
Jun 28, 2026 01:03:14.430 [139649462508176] DEBUG - Transcoder: Cleaning old transcode directories.
Jun 28, 2026 01:03:14.431 [139649462508176] DEBUG - MyPlex: using cached data for request for https://plex.tv/api/v2/server/access_tokens?auth_token=xxxxxxxxxxxxxxxxxxxx
Jun 28, 2026 01:03:14.431 [139649462508176] DEBUG - MyPlex: updating with 1 access tokens
Jun 28, 2026 01:03:14.431 [139649462508176] DEBUG - MyPlex: using cached data for request for https://plex.tv/api/v2/server/users?auth_token=xxxxxxxxxxxxxxxxxxxx
Jun 28, 2026 01:03:14.431 [139649462508176] DEBUG - MyPlex: using cached data for request for https://plex.tv/api/v2/server/users/subscriptions?auth_token=xxxxxxxxxxxxxxxxxxxx
Jun 28, 2026 01:03:14.431 [139649462508176] DEBUG - MyPlex: using cached data for request for https://plex.tv/api/v2/server/users/services?auth_token=xxxxxxxxxxxxxxxxxxxx
Jun 28, 2026 01:03:14.431 [139649462508176] DEBUG - MyPlex: using cached data for request for https://plex.tv/api/v2/user?includeSubscriptions=1&includeProviders=1
Jun 28, 2026 01:03:14.433 [139649462508176] DEBUG - MyPlex: username is jellyplex_watched, login is jellyplex-watched@luigi311.com, home is 0, no pin
Jun 28, 2026 01:03:14.434 [139649462508176] DEBUG - MyPlex: start public ip check and mapping - current mapped state: 'Unknown'.
Jun 28, 2026 01:03:14.434 [139649462508176] DEBUG - MyPlex: mapping state set to 'Not Mapped'.
Jun 28, 2026 01:03:14.434 [139649462508176] DEBUG - PublicAddressManager: Starting.
Jun 28, 2026 01:03:14.434 [139649462508176] DEBUG - PublicAddressManager: Obtaining public address and mapping port.
Jun 28, 2026 01:03:14.434 [139649455209272] DEBUG - PublicAddressManager: Obtaining public IP.
Jun 28, 2026 01:03:14.434 [139649455209272] DEBUG - [HCl#5] HTTP requesting GET https://v4.plex.tv/pms/:/ip
Jun 28, 2026 01:03:14.434 [139649385630520] DEBUG - NAT: UPnP, attempting port mapping.
Jun 28, 2026 01:03:14.434 [139649379302200] DEBUG - [HCl#6] HTTP requesting GET https://plex.tv/api/v2/user?includeSubscriptions=1&includeProviders=1
Jun 28, 2026 01:03:14.435 [139649462508176] DEBUG - NetworkInterface: Starting watch thread.
Jun 28, 2026 01:03:14.436 [139649375083320] DEBUG - NetworkInterface: Watching for changes on the interfaces.
Jun 28, 2026 01:03:14.436 [139649462508176] DEBUG - Network change.
Jun 28, 2026 01:03:14.436 [139649462508176] DEBUG - NetworkInterface: Notified of network changed (force=0)
Jun 28, 2026 01:03:14.436 [139649462508176] DEBUG - Detected primary interface: 172.17.0.2
Jun 28, 2026 01:03:14.436 [139649462508176] DEBUG - Network interfaces:
Jun 28, 2026 01:03:14.436 [139649462508176] DEBUG -  * 1 lo (127.0.0.1) (00-00-00-00-00-00) (loopback: 1)
Jun 28, 2026 01:03:14.436 [139649462508176] DEBUG -  * 2 eth0 (172.17.0.2) (12-4E-57-24-E6-84) (loopback: 0)
Jun 28, 2026 01:03:14.436 [139649462508176] DEBUG -  * 1 lo (::1) (00-00-00-00-00-00) (loopback: 1)
Jun 28, 2026 01:03:14.436 [139649462508176] DEBUG - Creating NetworkServices singleton.
Jun 28, 2026 01:03:14.436 [139649462508176] DEBUG - NetworkServices: Initializing...
Jun 28, 2026 01:03:14.436 [139649462508176] DEBUG - NetworkService: Creating new service.
Jun 28, 2026 01:03:14.436 [139649462508176] DEBUG - NetworkService: Got notification of changed network (first change: 1)
Jun 28, 2026 01:03:14.436 [139649462508176] DEBUG - NetworkService: Quick dispatch of network change.
Jun 28, 2026 01:03:14.436 [139649462508176] DEBUG - NetworkService: Creating new service.
Jun 28, 2026 01:03:14.436 [139649462508176] DEBUG - NetworkService: Got notification of changed network (first change: 1)
Jun 28, 2026 01:03:14.436 [139649462508176] DEBUG - NetworkService: Quick dispatch of network change.
Jun 28, 2026 01:03:14.436 [139649462508176] DEBUG - NetworkService: Creating new service.
Jun 28, 2026 01:03:14.436 [139649462508176] DEBUG - NetworkService: Got notification of changed network (first change: 1)
Jun 28, 2026 01:03:14.436 [139649462508176] DEBUG - NetworkService: Quick dispatch of network change.
Jun 28, 2026 01:03:14.436 [139649462508176] DEBUG - NetworkService: Creating new service.
Jun 28, 2026 01:03:14.436 [139649372973880] DEBUG - Network change for advertiser.
Jun 28, 2026 01:03:14.436 [139649372973880] DEBUG - NetworkService: Setting up multicast listener on 0.0.0.0:32414
Jun 28, 2026 01:03:14.436 [139649462508176] DEBUG - NetworkService: Got notification of changed network (first change: 1)
Jun 28, 2026 01:03:14.436 [139649462508176] DEBUG - NetworkService: Quick dispatch of network change.
Jun 28, 2026 01:03:14.436 [139649462508176] DEBUG - NetworkService: Creating new service.
Jun 28, 2026 01:03:14.436 [139649462508176] DEBUG - NetworkService: Got notification of changed network (first change: 1)
Jun 28, 2026 01:03:14.436 [139649462508176] DEBUG - NetworkService: Quick dispatch of network change.
Jun 28, 2026 01:03:14.436 [139649462508176] DEBUG - NetworkService: Creating new service.
Jun 28, 2026 01:03:14.436 [139649462508176] DEBUG - NetworkService: Got notification of changed network (first change: 1)
Jun 28, 2026 01:03:14.436 [139649462508176] DEBUG - NetworkService: Quick dispatch of network change.
Jun 28, 2026 01:03:14.440 [139649368755000] DEBUG - [HCl#7] HTTP requesting GET https://plex.tv/api/v2/release_channels?X-Plex-Token=xxxxxxxxxxxxxxxxxxxx
Jun 28, 2026 01:03:14.440 [139649364536120] DEBUG - [ChildProcessMonitor] Plex Tuner Service starting.
Jun 28, 2026 01:03:14.440 [139649366645560] DEBUG - [DatabaseFixups] Running fix-ups.
Jun 28, 2026 01:03:14.440 [139649366645560] DEBUG - [DatabaseFixups/31DatabaseFixupsCleanupRetroGames] Executing fixup
Jun 28, 2026 01:03:14.440 [139649366645560] DEBUG - [DatabaseFixups/31DatabaseFixupsCleanupRetroGames] Fixup completed
Jun 28, 2026 01:03:14.440 [139649366645560] DEBUG - [DatabaseFixups/39DatabaseFixupsEnsureLibrarySectionUuids] Executing fixup
Jun 28, 2026 01:03:14.440 [139649366645560] DEBUG - [DatabaseFixups/39DatabaseFixupsEnsureLibrarySectionUuids] Fixup completed
Jun 28, 2026 01:03:14.440 [139649366645560] DEBUG - [DatabaseFixups/38DatabaseFixupsEnsureMetadataItemHashes] Executing fixup
Jun 28, 2026 01:03:14.440 [139649366645560] DEBUG - [DatabaseFixups/38DatabaseFixupsEnsureMetadataItemHashes] Fixup completed
Jun 28, 2026 01:03:14.440 [139649366645560] DEBUG - [DatabaseFixups/39DatabaseFixupsSetDefaultAccountLanguage] Executing fixup
Jun 28, 2026 01:03:14.440 [139649366645560] DEBUG - [DatabaseFixups/39DatabaseFixupsSetDefaultAccountLanguage] Fixup completed
Jun 28, 2026 01:03:14.441 [139649372973880] DEBUG - Network change for advertiser.
Jun 28, 2026 01:03:14.441 [139649372973880] DEBUG - NetworkService: Setting up multicast listener on 0.0.0.0:32410
Jun 28, 2026 01:03:14.441 [139649366645560] DEBUG - [DatabaseFixups/52DatabaseFixupsCreateDefaultMediaProcessingTargetTags] Executing fixup
Jun 28, 2026 01:03:14.441 [139649372973880] DEBUG - Network change for advertiser.
Jun 28, 2026 01:03:14.441 [139649372973880] DEBUG - NetworkService: Setting up multicast listener on 0.0.0.0:32412
Jun 28, 2026 01:03:14.441 [139649372973880] DEBUG - NetworkService: Network change for browser (polled=0), closing 0 browse sockets.
Jun 28, 2026 01:03:14.441 [139649372973880] DEBUG - NetworkService: Setting up multicast listener on 0.0.0.0:32413
Jun 28, 2026 01:03:14.441 [139649372973880] DEBUG - NetworkService: Browsing on interface 127.0.0.1 on broadcast address 127.255.255.255 (index: 0)
Jun 28, 2026 01:03:14.441 [139649372973880] DEBUG - NetworkService: Browsing on interface 172.17.0.2 on broadcast address 172.17.255.255 (index: 1)
Jun 28, 2026 01:03:14.441 [139649372973880] DEBUG - NetworkService: Network change for browser (polled=1), closing 0 browse sockets.
Jun 28, 2026 01:03:14.441 [139649372973880] DEBUG - NetworkService: Browsing on interface 127.0.0.1 on broadcast address 127.255.255.255 (index: 0)
Jun 28, 2026 01:03:14.441 [139649372973880] DEBUG - NetworkService: Browsing on interface 172.17.0.2 on broadcast address 172.17.255.255 (index: 1)
Jun 28, 2026 01:03:14.441 [139649372973880] DEBUG - NetworkService: Network change for browser (polled=0), closing 0 browse sockets.
Jun 28, 2026 01:03:14.441 [139649372973880] DEBUG - NetworkService: Setting up multicast listener on 0.0.0.0:1901
Jun 28, 2026 01:03:14.441 [139649372973880] DEBUG - NetworkService: Browsing on interface 172.17.0.2 on broadcast address 239.255.255.250 (index: 0)
Jun 28, 2026 01:03:14.441 [139649364536120] DEBUG - [ChildProcessMonitor/JobRunner] Job running: "/usr/lib/plexmediaserver/Plex Tuner Service" /usr/lib/plexmediaserver/Resources/Tuner/Private /usr/lib/plexmediaserver/Resources/Tuner/Shared 1.43.2.10687-563d026ea 32600
Jun 28, 2026 01:03:14.442 [139649370864440] DEBUG - [HCl#8] HTTP requesting GET https://plex.tv/api/v2/features?X-Plex-Token=xxxxxxxxxxxxxxxxxxxx
Jun 28, 2026 01:03:14.442 [139649462508176] DEBUG - Waiting for server condition to be signaled.
Jun 28, 2026 01:03:14.442 [139649364536120] DEBUG - [ChildProcessMonitor/JobRunner] Jobs: Starting child process with pid 311
Jun 28, 2026 01:03:14.442 [139649366645560] DEBUG - [DatabaseFixups/52DatabaseFixupsCreateDefaultMediaProcessingTargetTags] Fixup completed
Jun 28, 2026 01:03:14.443 [139649366645560] DEBUG - [DatabaseFixups/43DatabaseFixupsUpdateAutomaticLibraryFolders] Executing fixup
Jun 28, 2026 01:03:14.443 [139649366645560] DEBUG - [DatabaseFixups/43DatabaseFixupsUpdateAutomaticLibraryFolders] Fixup completed
Jun 28, 2026 01:03:14.443 [139649358207800] DEBUG - DVR: Starting up.
Jun 28, 2026 01:03:14.443 [139649366645560] DEBUG - [DatabaseFixups/29DatabaseFixupsSyncCollections] Executing fixup
Jun 28, 2026 01:03:14.443 [139649362426680] DEBUG - [HCl#9] HTTP requesting GET https://plex.tv/api/v2/user/privacy?X-Plex-Token=xxxxxxxxxxxxxxxxxxxx
Jun 28, 2026 01:03:14.444 [139649366645560] DEBUG - [DatabaseFixups/29DatabaseFixupsSyncCollections] Collections: Found 0 collections tags in section 1.
Jun 28, 2026 01:03:14.444 [139649358207800] DEBUG - Activity: registered new activity 070bd636-98ee-43f4-a49f-090dec6a00d6 - "Processing subscriptions"
Jun 28, 2026 01:03:14.444 [139649366645560] DEBUG - [DatabaseFixups/29DatabaseFixupsSyncCollections] Collections: We had 0 collections in the library already.
Jun 28, 2026 01:03:14.444 [139649366645560] DEBUG - [DatabaseFixups/29DatabaseFixupsSyncCollections] Collections: Synced tags in section 1 in 0ms.
Jun 28, 2026 01:03:14.446 [139649366645560] DEBUG - [DatabaseFixups/29DatabaseFixupsSyncCollections] Collections: Refreshed attributes for 0 collections in section 1 in 1ms.
Jun 28, 2026 01:03:14.446 [139649366645560] DEBUG - [DatabaseFixups/29DatabaseFixupsSyncCollections] Collection: Refreshed visibility in section 1 in 0ms.
Jun 28, 2026 01:03:14.446 [139649366645560] DEBUG - [DatabaseFixups/29DatabaseFixupsSyncCollections] Collections: Found 0 collections tags in section 3.
Jun 28, 2026 01:03:14.446 [139649366645560] DEBUG - [DatabaseFixups/29DatabaseFixupsSyncCollections] Collections: We had 0 collections in the library already.
Jun 28, 2026 01:03:14.446 [139649366645560] DEBUG - [DatabaseFixups/29DatabaseFixupsSyncCollections] Collections: Synced tags in section 3 in 0ms.
Jun 28, 2026 01:03:14.446 [139649366645560] DEBUG - [DatabaseFixups/29DatabaseFixupsSyncCollections] Collections: Found 0 collections tags in section 3.
Jun 28, 2026 01:03:14.446 [139649366645560] DEBUG - [DatabaseFixups/29DatabaseFixupsSyncCollections] Collections: We had 0 collections in the library already.
Jun 28, 2026 01:03:14.446 [139649366645560] DEBUG - [DatabaseFixups/29DatabaseFixupsSyncCollections] Collections: Synced tags in section 3 in 0ms.
Jun 28, 2026 01:03:14.446 [139649366645560] DEBUG - [DatabaseFixups/29DatabaseFixupsSyncCollections] Collections: Found 0 collections tags in section 3.
Jun 28, 2026 01:03:14.446 [139649366645560] DEBUG - [DatabaseFixups/29DatabaseFixupsSyncCollections] Collections: We had 0 collections in the library already.
Jun 28, 2026 01:03:14.446 [139649366645560] DEBUG - [DatabaseFixups/29DatabaseFixupsSyncCollections] Collections: Synced tags in section 3 in 0ms.
Jun 28, 2026 01:03:14.448 [139649366645560] DEBUG - [DatabaseFixups/29DatabaseFixupsSyncCollections] Collections: Refreshed attributes for 0 collections in section 3 in 1ms.
Jun 28, 2026 01:03:14.448 [139649366645560] DEBUG - [DatabaseFixups/29DatabaseFixupsSyncCollections] Collection: Refreshed visibility in section 3 in 0ms.
Jun 28, 2026 01:03:14.448 [139649366645560] DEBUG - [DatabaseFixups/29DatabaseFixupsSyncCollections] Collections: Found 0 collections tags in section 4.
Jun 28, 2026 01:03:14.448 [139649366645560] DEBUG - [DatabaseFixups/29DatabaseFixupsSyncCollections] Collections: We had 0 collections in the library already.
Jun 28, 2026 01:03:14.448 [139649366645560] DEBUG - [DatabaseFixups/29DatabaseFixupsSyncCollections] Collections: Synced tags in section 4 in 0ms.
Jun 28, 2026 01:03:14.450 [139649366645560] DEBUG - [DatabaseFixups/29DatabaseFixupsSyncCollections] Collections: Refreshed attributes for 0 collections in section 4 in 1ms.
Jun 28, 2026 01:03:14.450 [139649366645560] DEBUG - [DatabaseFixups/29DatabaseFixupsSyncCollections] Collection: Refreshed visibility in section 4 in 0ms.
Jun 28, 2026 01:03:14.450 [139649366645560] DEBUG - [DatabaseFixups/29DatabaseFixupsSyncCollections] Collections: Found 0 collections tags in section 5.
Jun 28, 2026 01:03:14.450 [139649366645560] DEBUG - [DatabaseFixups/29DatabaseFixupsSyncCollections] Collections: We had 0 collections in the library already.
Jun 28, 2026 01:03:14.450 [139649366645560] DEBUG - [DatabaseFixups/29DatabaseFixupsSyncCollections] Collections: Synced tags in section 5 in 0ms.
Jun 28, 2026 01:03:14.450 [139649366645560] DEBUG - [DatabaseFixups/29DatabaseFixupsSyncCollections] Collections: Found 0 collections tags in section 5.
Jun 28, 2026 01:03:14.451 [139649366645560] DEBUG - [DatabaseFixups/29DatabaseFixupsSyncCollections] Collections: We had 0 collections in the library already.
Jun 28, 2026 01:03:14.451 [139649366645560] DEBUG - [DatabaseFixups/29DatabaseFixupsSyncCollections] Collections: Synced tags in section 5 in 0ms.
Jun 28, 2026 01:03:14.451 [139649366645560] DEBUG - [DatabaseFixups/29DatabaseFixupsSyncCollections] Collections: Found 0 collections tags in section 5.
Jun 28, 2026 01:03:14.451 [139649366645560] DEBUG - [DatabaseFixups/29DatabaseFixupsSyncCollections] Collections: We had 0 collections in the library already.
Jun 28, 2026 01:03:14.451 [139649366645560] DEBUG - [DatabaseFixups/29DatabaseFixupsSyncCollections] Collections: Synced tags in section 5 in 0ms.
Jun 28, 2026 01:03:14.452 [139649366645560] DEBUG - [DatabaseFixups/29DatabaseFixupsSyncCollections] Collections: Refreshed attributes for 0 collections in section 5 in 1ms.
Jun 28, 2026 01:03:14.452 [139649366645560] DEBUG - [DatabaseFixups/29DatabaseFixupsSyncCollections] Collection: Refreshed visibility in section 5 in 0ms.
Jun 28, 2026 01:03:14.452 [139649366645560] DEBUG - [DatabaseFixups/29DatabaseFixupsSyncCollections] Fixup completed
Jun 28, 2026 01:03:14.452 [139649366645560] DEBUG - [DatabaseFixups/31DatabaseFixupsCleanupActivities] Executing fixup
Jun 28, 2026 01:03:14.453 [139649366645560] DEBUG - [DatabaseFixups/31DatabaseFixupsCleanupActivities] Fixup completed
Jun 28, 2026 01:03:14.453 [139649366645560] DEBUG - [DatabaseFixups/35DatabaseFixupsConsolidatePeopleTags] Executing fixup
Jun 28, 2026 01:03:14.453 [139649366645560] DEBUG - [DatabaseFixups/35DatabaseFixupsConsolidatePeopleTags] Fixup completed
Jun 28, 2026 01:03:14.453 [139649366645560] DEBUG - [DatabaseFixups/54DatabaseFixupsGarbageCollectTransientMetadataRelations] Executing fixup
Jun 28, 2026 01:03:14.454 [139649366645560] DEBUG - [DatabaseFixups/54DatabaseFixupsGarbageCollectTransientMetadataRelations] Fixup completed
Jun 28, 2026 01:03:14.454 [139649366645560] DEBUG - [DatabaseFixups/48DatabaseFixupsResetCorruptedMetadataItemClusters] Executing fixup
Jun 28, 2026 01:03:14.454 [139649366645560] DEBUG - [DatabaseFixups/48DatabaseFixupsResetCorruptedMetadataItemClusters] Fixup completed
Jun 28, 2026 01:03:14.454 [139649366645560] DEBUG - [DatabaseFixups] Running database fix-ups completed in 0.0 seconds.
Jun 28, 2026 01:03:14.520 [139649394068280] DEBUG - [HttpClient/HCl#4] HTTP/1.1 (0.1s) 200 response from GET http://127.0.0.1:33983/system/agents
Jun 28, 2026 01:03:14.520 [139649389849400] DEBUG - [com.plexapp.system] HTTP reply status 200, with 8986 bytes of content.
Jun 28, 2026 01:03:14.524 [139649389849400] DEBUG - The system knows about 12 agents.
Jun 28, 2026 01:03:14.524 [139649347857208] DEBUG - Starting plug-in /usr/lib/plexmediaserver/Resources/Plug-ins-563d026ea/PlexMovie.bundle.
Jun 28, 2026 01:03:14.524 [139649345747768] DEBUG - Starting plug-in /usr/lib/plexmediaserver/Resources/Plug-ins-563d026ea/Media-Flags.bundle.
Jun 28, 2026 01:03:14.524 [139649343638328] DEBUG - Starting plug-in /usr/lib/plexmediaserver/Resources/Plug-ins-563d026ea/LastFM.bundle.
Jun 28, 2026 01:03:14.525 [139649389849400] DEBUG - Waiting for 16 plug-ins to finish starting.
Jun 28, 2026 01:03:14.526 [139649347857208] DEBUG - Perfect cache hit, we don't need to start [com.plexapp.agents.imdb] yet.
Jun 28, 2026 01:03:14.527 [139649343638328] DEBUG - Perfect cache hit, we don't need to start [com.plexapp.agents.lastfm] yet.
Jun 28, 2026 01:03:14.527 [139649347857208] DEBUG - Starting plug-in /usr/lib/plexmediaserver/Resources/Plug-ins-563d026ea/MoviePosterDB.bundle.
Jun 28, 2026 01:03:14.527 [139649345747768] DEBUG - Starting plug-in /usr/lib/plexmediaserver/Resources/Plug-ins-563d026ea/PersonalMedia.bundle.
Jun 28, 2026 01:03:14.527 [139649343638328] DEBUG - Starting plug-in /usr/lib/plexmediaserver/Resources/Plug-ins-563d026ea/Framework.bundle.
Jun 28, 2026 01:03:14.529 [139649347857208] DEBUG - Perfect cache hit, we don't need to start [com.plexapp.agents.movieposterdb] yet.
Jun 28, 2026 01:03:14.529 [139649347857208] DEBUG - Starting plug-in /usr/lib/plexmediaserver/Resources/Plug-ins-563d026ea/Musicbrainz.bundle.
Jun 28, 2026 01:03:14.530 [139649345747768] DEBUG - Perfect cache hit, we don't need to start [com.plexapp.agents.none] yet.
Jun 28, 2026 01:03:14.530 [139649345747768] DEBUG - Starting plug-in /usr/lib/plexmediaserver/Resources/Plug-ins-563d026ea/Scanners.bundle.
Jun 28, 2026 01:03:14.532 [139649343638328] DEBUG - Starting plug-in /usr/lib/plexmediaserver/Resources/Plug-ins-563d026ea/WebClient.bundle.
Jun 28, 2026 01:03:14.533 [139649343638328] DEBUG - Starting plug-in /usr/lib/plexmediaserver/Resources/Plug-ins-563d026ea/HTbackdrops.bundle.
Jun 28, 2026 01:03:14.535 [139649347857208] DEBUG - Perfect cache hit, we don't need to start [org.musicbrainz.agents.music] yet.
Jun 28, 2026 01:03:14.535 [139649347857208] DEBUG - Starting plug-in /usr/lib/plexmediaserver/Resources/Plug-ins-563d026ea/LyricFind.bundle.
Jun 28, 2026 01:03:14.536 [139649345747768] DEBUG - Starting plug-in /usr/lib/plexmediaserver/Resources/Plug-ins-563d026ea/PlexThemeMusic.bundle.
Jun 28, 2026 01:03:14.538 [139649345747768] DEBUG - Perfect cache hit, we don't need to start [com.plexapp.agents.plexthememusic] yet.
Jun 28, 2026 01:03:14.538 [139649345747768] DEBUG - Starting plug-in /usr/lib/plexmediaserver/Resources/Plug-ins-563d026ea/TheMovieDB.bundle.
Jun 28, 2026 01:03:14.539 [139649347857208] DEBUG - Perfect cache hit, we don't need to start [com.plexapp.agents.lyricfind] yet.
Jun 28, 2026 01:03:14.540 [139649347857208] DEBUG - Starting plug-in /usr/lib/plexmediaserver/Resources/Plug-ins-563d026ea/LocalMedia.bundle.
Jun 28, 2026 01:03:14.542 [139649343638328] DEBUG - Perfect cache hit, we don't need to start [com.plexapp.agents.htbackdrops] yet.
Jun 28, 2026 01:03:14.542 [139649343638328] DEBUG - Starting plug-in /usr/lib/plexmediaserver/Resources/Plug-ins-563d026ea/TheTVDBv4.bundle.
Jun 28, 2026 01:03:14.545 [139649345747768] DEBUG - Perfect cache hit, we don't need to start [com.plexapp.agents.themoviedb] yet.
Jun 28, 2026 01:03:14.545 [139649345747768] DEBUG - Starting plug-in /usr/lib/plexmediaserver/Resources/Plug-ins-563d026ea/Fanart-TV.bundle.
Jun 28, 2026 01:03:14.545 [139649347857208] DEBUG - Perfect cache hit, we don't need to start [com.plexapp.agents.localmedia] yet.
Jun 28, 2026 01:03:14.546 [139649343638328] DEBUG - Perfect cache hit, we don't need to start [com.plexapp.agents.thetvdb] yet.
Jun 28, 2026 01:03:14.548 [139649345747768] DEBUG - Perfect cache hit, we don't need to start [com.plexapp.agents.fanarttv] yet.
Jun 28, 2026 01:03:14.549 [139649389849400] DEBUG - Starting scheduled updates, every 3600 seconds
Jun 28, 2026 01:03:14.549 [139649389849400] INFO - Refreshing paths watched by LibraryUpdateManager
Jun 28, 2026 01:03:14.549 [139649389849400] DEBUG - LibraryUpdateManager will start watching /custom_movies
Jun 28, 2026 01:03:14.549 [139649389849400] DEBUG - LibraryUpdateManager will start watching /custom_tvshows
Jun 28, 2026 01:03:14.549 [139649389849400] DEBUG - LibraryUpdateManager will start watching /movies
Jun 28, 2026 01:03:14.549 [139649389849400] DEBUG - LibraryUpdateManager will start watching /tvshows
Jun 28, 2026 01:03:14.549 [139649389849400] DEBUG - [Notify] Initializing.
Jun 28, 2026 01:03:14.549 [139649389849400] DEBUG - Done waiting for all plug-ins to start.
Jun 28, 2026 01:03:14.549 [139649332853560] DEBUG - Downloading document http://127.0.0.1:32400/:/plugins/com.plexapp.agents.imdb/prefs
Jun 28, 2026 01:03:14.549 [139649389849400] DEBUG - PluginRepository::setStartState: 3, complete
Jun 28, 2026 01:03:14.549 [139649328634680] DEBUG - [Notify] Now watching "/custom_movies"
Jun 28, 2026 01:03:14.549 [139649330744120] DEBUG - [Notify] Waiting for inotify notifications...
Jun 28, 2026 01:03:14.549 [139649328634680] DEBUG - [Notify] Now watching "/custom_movies/Movie One (2020)"
Jun 28, 2026 01:03:14.549 [139649328634680] DEBUG - [Notify] Now watching "/custom_movies/Movie Four (2023)"
Jun 28, 2026 01:03:14.549 [139649328634680] DEBUG - [Notify] Now watching "/custom_movies/Movie Three (2022)"
Jun 28, 2026 01:03:14.549 [139649328634680] DEBUG - [Notify] Now watching "/custom_movies/Movie Two (2021)"
Jun 28, 2026 01:03:14.550 [139649328634680] DEBUG - [Notify] Now watching "/custom_tvshows"
Jun 28, 2026 01:03:14.550 [139649328634680] DEBUG - [Notify] Now watching "/custom_tvshows/Greatest Show Ever (3000)"
Jun 28, 2026 01:03:14.550 [139649328634680] DEBUG - [Notify] Now watching "/custom_tvshows/Greatest Show Ever (3000)/Season 1"
Jun 28, 2026 01:03:14.550 [139649332853560] DEBUG - Translator: Found locale he
Jun 28, 2026 01:03:14.550 [139649332853560] DEBUG - Translator: Found locale hr_HR
Jun 28, 2026 01:03:14.550 [139649332853560] DEBUG - Translator: Found locale ko
Jun 28, 2026 01:03:14.550 [139649332853560] DEBUG - Translator: Found locale ar
Jun 28, 2026 01:03:14.550 [139649332853560] DEBUG - Translator: Found locale et_EE
Jun 28, 2026 01:03:14.550 [139649332853560] DEBUG - Translator: Found locale ro
Jun 28, 2026 01:03:14.550 [139649332853560] DEBUG - Translator: Found locale pt
Jun 28, 2026 01:03:14.550 [139649332853560] DEBUG - Translator: Found locale nl_BE
Jun 28, 2026 01:03:14.550 [139649332853560] DEBUG - Translator: Found locale cs_CZ
Jun 28, 2026 01:03:14.550 [139649332853560] DEBUG - Translator: Found locale uk
Jun 28, 2026 01:03:14.550 [139649332853560] DEBUG - Translator: Found locale hu_HU
Jun 28, 2026 01:03:14.550 [139649332853560] DEBUG - Translator: Found locale hu
Jun 28, 2026 01:03:14.550 [139649332853560] DEBUG - Translator: Found locale ru
Jun 28, 2026 01:03:14.550 [139649332853560] DEBUG - Translator: Found locale sk
Jun 28, 2026 01:03:14.550 [139649332853560] DEBUG - Translator: Found locale no
Jun 28, 2026 01:03:14.550 [139649332853560] DEBUG - Translator: Found locale da
Jun 28, 2026 01:03:14.550 [139649332853560] DEBUG - Translator: Found locale lt
Jun 28, 2026 01:03:14.550 [139649332853560] DEBUG - Translator: Found locale it
Jun 28, 2026 01:03:14.550 [139649332853560] DEBUG - Translator: Found locale sv
Jun 28, 2026 01:03:14.550 [139649332853560] DEBUG - Translator: Found locale nl
Jun 28, 2026 01:03:14.550 [139649332853560] DEBUG - Translator: Found locale pl
Jun 28, 2026 01:03:14.550 [139649332853560] DEBUG - Translator: Found locale de
Jun 28, 2026 01:03:14.550 [139649332853560] DEBUG - Translator: Found locale sr
Jun 28, 2026 01:03:14.550 [139649332853560] DEBUG - Translator: Found locale pt_BR
Jun 28, 2026 01:03:14.550 [139649332853560] DEBUG - Translator: Found locale es
Jun 28, 2026 01:03:14.550 [139649332853560] DEBUG - Translator: Found locale af
Jun 28, 2026 01:03:14.550 [139649332853560] DEBUG - Translator: Found locale fi
Jun 28, 2026 01:03:14.550 [139649332853560] DEBUG - Translator: Found locale ja_JP
Jun 28, 2026 01:03:14.550 [139649332853560] DEBUG - Translator: Found locale zh_CN
Jun 28, 2026 01:03:14.550 [139649332853560] DEBUG - Translator: Found locale sl
Jun 28, 2026 01:03:14.550 [139649332853560] DEBUG - Translator: Found locale en
Jun 28, 2026 01:03:14.551 [139649332853560] DEBUG - Translator: Found locale fr
Jun 28, 2026 01:03:14.550 [139649328634680] DEBUG - [Notify] Now watching "/movies"
Jun 28, 2026 01:03:14.551 [139649328634680] DEBUG - [Notify] Now watching "/movies/The Family Plan (2023) {tmdb-1029575} {imdb-tt16431870}"
Jun 28, 2026 01:03:14.551 [139649328634680] DEBUG - [Notify] Now watching "/movies/Killers of the Flower Moon (2023) {tmdb-466420} {imdb-tt5537002}"
Jun 28, 2026 01:03:14.551 [139649328634680] DEBUG - [Notify] Now watching "/movies/Elephant Dream {tvdb-16180} {imdb-tt0807840}"
Jun 28, 2026 01:03:14.551 [139649328634680] DEBUG - [Notify] Now watching "/movies/The Hunger Games The Ballad of Songbirds && Snakes (2023) {tmdb-695721} {imdb-tt10545296}"
Jun 28, 2026 01:03:14.551 [139649328634680] DEBUG - [Notify] Now watching "/movies/Five Nights at Freddy's (2023) {tmdb-507089} {imdb-tt4589218}"
Jun 28, 2026 01:03:14.551 [139649328634680] DEBUG - [Notify] Now watching "/movies/Big Buck Bunny {tvdb-12352} {imdb-tt1254207}"
Jun 28, 2026 01:03:14.551 [139649328634680] DEBUG - [Notify] Now watching "/movies/Tears Of Steel {tvdb-37711} {imdb-tt2285752}"
Jun 28, 2026 01:03:14.551 [139649328634680] DEBUG - [Notify] Now watching "/tvshows"
Jun 28, 2026 01:03:14.551 [139649328634680] DEBUG - [Notify] Now watching "/tvshows/Monarch - Legacy of Monsters {tvdb-422598} {imdb-tt17220216}"
Jun 28, 2026 01:03:14.551 [139649328634680] DEBUG - [Notify] Now watching "/tvshows/Monarch - Legacy of Monsters {tvdb-422598} {imdb-tt17220216}/Season 1"
Jun 28, 2026 01:03:14.551 [139649328634680] DEBUG - [Notify] Now watching "/tvshows/My Adventures with Superman {tvdb-403172} {imdb-tt14681924}"
Jun 28, 2026 01:03:14.551 [139649328634680] DEBUG - [Notify] Now watching "/tvshows/My Adventures with Superman {tvdb-403172} {imdb-tt14681924}/Season 1"
Jun 28, 2026 01:03:14.552 [139649328634680] DEBUG - [Notify] Now watching "/tvshows/Black Mirror {tvdb-253463} {imdb-tt2085059}"
Jun 28, 2026 01:03:14.552 [139649328634680] DEBUG - [Notify] Now watching "/tvshows/Black Mirror {tvdb-253463} {imdb-tt2085059}/Season 1"
Jun 28, 2026 01:03:14.552 [139649328634680] DEBUG - [Notify] Now watching "/tvshows/Doctor Who (2005) {tvdb-78804} {imdb-tt0436992}"
Jun 28, 2026 01:03:14.552 [139649328634680] DEBUG - [Notify] Now watching "/tvshows/Doctor Who (2005) {tvdb-78804} {imdb-tt0436992}/Season 1"
Jun 28, 2026 01:03:14.552 [139649328634680] DEBUG - [Notify] Now watching "/tvshows/ONE PIECE (2023) {tvdb-392276} {imdb-tt11737520}"
Jun 28, 2026 01:03:14.552 [139649328634680] DEBUG - [Notify] Now watching "/tvshows/ONE PIECE (2023) {tvdb-392276} {imdb-tt11737520}/Season 1"
Jun 28, 2026 01:03:14.552 [139649328634680] DEBUG - [Notify] Now watching "/tvshows/Breaking Bad {tvdb-81189} {imdb-tt0903747}"
Jun 28, 2026 01:03:14.552 [139649328634680] DEBUG - [Notify] Now watching "/tvshows/Breaking Bad {tvdb-81189} {imdb-tt0903747}/Season1"
Jun 28, 2026 01:03:14.558 [139649332853560] DEBUG - [Req#b] Starting file watcher for com.plexapp.agents.imdb
Jun 28, 2026 01:03:14.558 [139649332853560] DEBUG - [Req#b] Plugin: setting environment variable: 'PYTHONHOME=/usr/lib/plexmediaserver/Resources/Python'
Jun 28, 2026 01:03:14.558 [139649332853560] DEBUG - [Req#b] Plugin: setting environment variable: 'PYTHONPATH=/usr/lib/plexmediaserver/Resources/Python/python27.zip:/usr/lib/plexmediaserver/Resources/Python/lib/python2.7/site-packages'
Jun 28, 2026 01:03:14.562 [139649332853560] DEBUG - [Req#b] Spawned plug-in com.plexapp.agents.imdb with PID 348
Jun 28, 2026 01:03:14.562 [139649332853560] DEBUG - [Req#b] [com.plexapp.agents.imdb] Sending command: GET /:/prefixes
Jun 28, 2026 01:03:14.568 [139649394068280] DEBUG - [HttpClient/HCl#7] HTTP/1.1 (0.1s) 200 response from GET https://plex.tv/api/v2/release_channels?X-Plex-Token=xxxxxxxxxxxxxxxxxxxx
Jun 28, 2026 01:03:14.603 [139649394068280] DEBUG - [HttpClient/HCl#9] HTTP/1.1 (0.2s) 200 response from GET https://plex.tv/api/v2/user/privacy?X-Plex-Token=xxxxxxxxxxxxxxxxxxxx
Jun 28, 2026 01:03:14.615 [139649328634680] DEBUG - [JobRunner] Job running: /usr/lib/plexmediaserver/CrashUploader "--directory=/config/Library/Application Support/Plex Media Server/Crash Reports/1.43.2.10687-563d026ea" --version=1.43.2.10687-563d026ea --platform=Linux --platformVersion=6.17.0-1018-azure --serverUuid=4aa082f4f7d6dd1a83a571d03b236b07794db03c --userId=jellyplex-watched@luigi311.com --sentryUrl=https://o17675.ingest.sentry.io/api/1233455/ --sentryKey=xxxxxxxxxxxxxxxxxxxxxxxxxxxxxxxx --vendor=Docker --model=x86_64 "--device=Docker Container (LinuxServer.io)"
Jun 28, 2026 01:03:14.615 [139649328634680] DEBUG - [JobRunner] Jobs: Starting child process with pid 349
Jun 28, 2026 01:03:14.626 [139649457765176] DEBUG - Jobs: '/usr/lib/plexmediaserver/CrashUploader' exit code for process 349 is 0 (success)
Jun 28, 2026 01:03:14.659 [139649394068280] DEBUG - [HttpClient/HCl#8] HTTP/1.1 (0.2s) 200 response from GET https://plex.tv/api/v2/features?X-Plex-Token=xxxxxxxxxxxxxxxxxxxx
Jun 28, 2026 01:03:14.660 [139649370864440] DEBUG - [HCl#a] HTTP requesting GET https://plex.tv/api/v2/server/users/features?filterFeatures[]=b83c8dc9-5a01-4b7a-a7c9-5870c8a6e21b&filterFeatures[]=926bc176-58ca-47da-b8e3-080ed14ea6ba&filterFeatures[]=ea791163-c28d-4b7c-af88-bcc9553b206d&filterFeatures[]=6ab6677b-ad9b-444f-9ca1-b8027d05b3e1&filterFeatures[]=56cd352b-0d47-436d-aced-f20db3508de5
Jun 28, 2026 01:03:14.674 [139649394068280] DEBUG - [HttpClient/HCl#5] HTTP/1.1 (0.2s) 200 response from GET https://v4.plex.tv/pms/:/ip
Jun 28, 2026 01:03:14.674 [139649455209272] DEBUG - PublicAddressManager: Got public IP from v4.plex.tv: 52.173.237.211
Jun 28, 2026 01:03:14.708 [139649394068280] DEBUG - [HttpClient/HCl#6] HTTP/1.1 (0.3s) 200 response from GET https://plex.tv/api/v2/user?includeSubscriptions=1&includeProviders=1 (reused)
Jun 28, 2026 01:03:14.709 [139649394068280] DEBUG - [HttpClient/HCl#a] HTTP/1.1 (0.0s) 200 response from GET https://plex.tv/api/v2/server/users/features?filterFeatures[]=b83c8dc9-5a01-4b7a-a7c9-5870c8a6e21b&filterFeatures[]=926bc176-58ca-47da-b8e3-080ed14ea6ba&filterFeatures[]=ea791163-c28d-4b7c-af88-bcc9553b206d&filterFeatures[]=6ab6677b-ad9b-444f-9ca1-b8027d05b3e1&filterFeatures[]=56cd352b-0d47-436d-aced-f20db3508de5 (reused)
Jun 28, 2026 01:03:14.710 [139649391958840] DEBUG - MyPlex: username is jellyplex_watched, login is jellyplex-watched@luigi311.com, home is 0, no pin
Jun 28, 2026 01:03:14.710 [139649379302200] DEBUG - [HCl#b] HTTP requesting GET https://plex.tv/api/v2/geoip
Jun 28, 2026 01:03:14.755 [139649394068280] DEBUG - [HttpClient/HCl#b] HTTP/1.1 (0.0s) 200 response from GET https://plex.tv/api/v2/geoip (reused)
Jun 28, 2026 01:03:14.757 [139649353988920] DEBUG - [HCl#c] HTTP requesting GET https://plex.tv/api/v2/server/webhooks?X-Plex-Token=xxxxxxxxxxxxxxxxxxxx
Jun 28, 2026 01:03:14.758 [139649447332664] DEBUG - [EventSourceClient/pubsub/pubsub01.pop.ewr.plex.bz:443] Resolving pubsub01.pop.ewr.plex.bz port 443
Jun 28, 2026 01:03:14.758 [139649379302200] DEBUG - [HCl#e] HTTP requesting GET https://plex.tv/api/v2/user/privacy?X-Plex-Token=xxxxxxxxxxxxxxxxxxxx
Jun 28, 2026 01:03:14.786 [139649356098360] DEBUG - PublicAddressManager: Obtaining public address and mapping port.
Jun 28, 2026 01:03:14.819 [139649394068280] DEBUG - [HttpClient/HCl#e] HTTP/1.1 (0.1s) 200 response from GET https://plex.tv/api/v2/user/privacy?X-Plex-Token=xxxxxxxxxxxxxxxxxxxx (reused)
Jun 28, 2026 01:03:14.821 [139649379302200] DEBUG - [HCl#f] HTTP requesting GET https://plex.tv/api/v2/release_channels?X-Plex-Token=xxxxxxxxxxxxxxxxxxxx
Jun 28, 2026 01:03:14.840 [139649394068280] DEBUG - [HttpClient/HCl#c] HTTP/1.1 (0.1s) 200 response from GET https://plex.tv/api/v2/server/webhooks?X-Plex-Token=xxxxxxxxxxxxxxxxxxxx (reused)
Jun 28, 2026 01:03:14.851 [139649447332664] DEBUG - [EventSourceClient/pubsub/pubsub01.pop.ewr.plex.bz:443] Resolved pubsub01.pop.ewr.plex.bz to 45.33.73.250:443
Jun 28, 2026 01:03:14.865 [139649394068280] DEBUG - [HttpClient/HCl#f] HTTP/1.1 (0.0s) 200 response from GET https://plex.tv/api/v2/release_channels?X-Plex-Token=xxxxxxxxxxxxxxxxxxxx (reused)
Jun 28, 2026 01:03:14.866 [139649379302200] DEBUG - [HCl#10] HTTP requesting GET https://plex.tv/api/v2/features?X-Plex-Token=xxxxxxxxxxxxxxxxxxxx
Jun 28, 2026 01:03:14.979 [139649445223224] DEBUG - [EventSourceClient/pubsub/pubsub01.pop.ewr.plex.bz:443] Connected in 127 ms.
Jun 28, 2026 01:03:14.980 [139649447332664] DEBUG - [EventSourceClient/pubsub/pubsub01.pop.ewr.plex.bz:443] Wrote data, reading reply.
Jun 28, 2026 01:03:15.066 [139649447332664] DEBUG - [EventSourceClient/pubsub/pubsub01.pop.ewr.plex.bz:443] Read HTTP reply header.
Jun 28, 2026 01:03:15.066 [139649447332664] DEBUG - [EventSourceClient/pubsub/pubsub01.pop.ewr.plex.bz:443] MyPlex: We appear to have regained Internet connectivity.
Jun 28, 2026 01:03:15.067 [139649394068280] DEBUG - [HttpClient/HCl#10] HTTP/1.1 (0.2s) 200 response from GET https://plex.tv/api/v2/features?X-Plex-Token=xxxxxxxxxxxxxxxxxxxx (reused)
Jun 28, 2026 01:03:15.069 [139649379302200] DEBUG - [HCl#11] HTTP requesting GET https://plex.tv/api/v2/server/users/features?filterFeatures[]=b83c8dc9-5a01-4b7a-a7c9-5870c8a6e21b&filterFeatures[]=926bc176-58ca-47da-b8e3-080ed14ea6ba&filterFeatures[]=ea791163-c28d-4b7c-af88-bcc9553b206d&filterFeatures[]=6ab6677b-ad9b-444f-9ca1-b8027d05b3e1&filterFeatures[]=56cd352b-0d47-436d-aced-f20db3508de5
Jun 28, 2026 01:03:15.153 [139649394068280] DEBUG - [HttpClient/HCl#11] HTTP/1.1 (0.1s) 200 response from GET https://plex.tv/api/v2/server/users/features?filterFeatures[]=b83c8dc9-5a01-4b7a-a7c9-5870c8a6e21b&filterFeatures[]=926bc176-58ca-47da-b8e3-080ed14ea6ba&filterFeatures[]=ea791163-c28d-4b7c-af88-bcc9553b206d&filterFeatures[]=6ab6677b-ad9b-444f-9ca1-b8027d05b3e1&filterFeatures[]=56cd352b-0d47-436d-aced-f20db3508de5 (reused)
Jun 28, 2026 01:03:15.157 [139649447332664] DEBUG - [EventSourceClient/pubsub/pubsub01.pop.ewr.plex.bz:443] PublicAddressManager: Obtaining public address and mapping port.
Jun 28, 2026 01:03:15.157 [139649447332664] DEBUG - [EventSourceClient/pubsub/pubsub01.pop.ewr.plex.bz:443] MyPlex: async reachability check - current mapped state: 'Not Mapped'.
Jun 28, 2026 01:03:15.157 [139649447332664] WARN - [EventSourceClient/pubsub/pubsub01.pop.ewr.plex.bz:443] MyPlex: attempted a reachability check but we're not yet mapped.
Jun 28, 2026 01:03:15.157 [139649447332664] DEBUG - [EventSourceClient/pubsub/pubsub01.pop.ewr.plex.bz:443] Successfully connected to pubsub01.pop.ewr.plex.bz.
Jun 28, 2026 01:03:15.159 [139649379302200] DEBUG - CERT: Certificate expires soon, fetching a new one.
Jun 28, 2026 01:03:15.159 [139649379302200] DEBUG - [HCl#12] HTTP requesting GET https://plex.tv/api/v2/devices/4aa082f4f7d6dd1a83a571d03b236b07794db03c/certificate/subject
Jun 28, 2026 01:03:15.215 [139649394068280] DEBUG - [HttpClient/HCl#12] HTTP/1.1 (0.1s) 200 response from GET https://plex.tv/api/v2/devices/4aa082f4f7d6dd1a83a571d03b236b07794db03c/certificate/subject (reused)
Jun 28, 2026 01:03:15.327 [139649379302200] DEBUG - [HCl#13] HTTP requesting PUT https://plex.tv/api/v2/devices/4aa082f4f7d6dd1a83a571d03b236b07794db03c/certificate/csr?reason=expiring&invalidIn=2328448
Jun 28, 2026 01:03:15.377 [139649383521080] DEBUG - Request: [127.0.0.1:51372 (Loopback)] GET /system/messaging/clear_events/com.plexapp.agents.imdb (3 live) #9 GZIP Signed-in Token (jellyplex_watched)
Jun 28, 2026 01:03:15.377 [139649383521080] DEBUG - [Req#9] [com.plexapp.system] Sending command over HTTP (GET): /system/messaging/clear_events/com.plexapp.agents.imdb
Jun 28, 2026 01:03:15.378 [139649383521080] DEBUG - [Req#9/HCl#14] HTTP requesting GET http://127.0.0.1:33983/system/messaging/clear_events/com.plexapp.agents.imdb
Jun 28, 2026 01:03:15.399 [139649394068280] DEBUG - [HttpClient/HCl#13] HTTP/1.1 (0.1s) 204 response from PUT https://plex.tv/api/v2/devices/4aa082f4f7d6dd1a83a571d03b236b07794db03c/certificate/csr?reason=expiring&invalidIn=2328448 (reused)
Jun 28, 2026 01:03:15.399 [139649379302200] DEBUG - [HCl#15] HTTP requesting GET https://plex.tv/api/v2/devices/4aa082f4f7d6dd1a83a571d03b236b07794db03c/certificate/download
Jun 28, 2026 01:03:15.407 [139649394068280] DEBUG - [HttpClient/HCl#14] HTTP/1.1 (0.0s) 200 response from GET http://127.0.0.1:33983/system/messaging/clear_events/com.plexapp.agents.imdb
Jun 28, 2026 01:03:15.407 [139649383521080] DEBUG - [Req#9] [com.plexapp.system] HTTP reply status 200, with 0 bytes of content.
Jun 28, 2026 01:03:15.408 [139649445223224] DEBUG - Completed: [127.0.0.1:51372] 200 GET /system/messaging/clear_events/com.plexapp.agents.imdb (3 live) #9 GZIP 30ms 280 bytes
Jun 28, 2026 01:03:15.457 [139649394068280] DEBUG - [HttpClient/HCl#15] HTTP/1.1 (0.1s) 202 response from GET https://plex.tv/api/v2/devices/4aa082f4f7d6dd1a83a571d03b236b07794db03c/certificate/download (reused)
Jun 28, 2026 01:03:15.522 [139649383521080] DEBUG - Request: [127.0.0.1:51386 (Loopback)] GET /:/plugins/com.plexapp.system/resourceHashes (3 live) #e GZIP Signed-in Token (jellyplex_watched)
Jun 28, 2026 01:03:15.522 [139649383521080] DEBUG - [Req#e] [com.plexapp.system] Sending command over HTTP (GET): /:/plugins/com.plexapp.system/resourceHashes
Jun 28, 2026 01:03:15.523 [139649383521080] DEBUG - [Req#e/HCl#16] HTTP requesting GET http://127.0.0.1:33983/:/plugins/com.plexapp.system/resourceHashes
Jun 28, 2026 01:03:15.550 [139649389849400] DEBUG - File "/config/Library/Application Support/Plex Media Server/Plug-ins" changed: 2026-06-22 14:49:38 (1782139778) => 2026-06-28 01:03:14 (1782608594).
Jun 28, 2026 01:03:15.617 [139649394068280] DEBUG - [HttpClient/HCl#16] HTTP/1.1 (0.1s) 404 response from GET http://127.0.0.1:33983/:/plugins/com.plexapp.system/resourceHashes
Jun 28, 2026 01:03:15.617 [139649383521080] DEBUG - [Req#e] [com.plexapp.system] HTTP reply status 404, with 0 bytes of content.
Jun 28, 2026 01:03:15.618 [139649447332664] DEBUG - Completed: [127.0.0.1:51386] 404 GET /:/plugins/com.plexapp.system/resourceHashes (3 live) #e GZIP 96ms 261 bytes
Jun 28, 2026 01:03:15.627 [139649383521080] DEBUG - Request: [127.0.0.1:51402 (Loopback)] GET /:/plugins/com.plexapp.system/messaging/function/X0J1bmRsZVNlcnZpY2U6QWxsU2VydmljZXM_/Y2VyZWFsMQoxCmxpc3QKMApyMAo_/Y2VyZWFsMQoxCmRpY3QKMApyMAo_ (3 live) #10 GZIP Signed-in Token (jellyplex_watched)
Jun 28, 2026 01:03:15.629 [139649324211000] DEBUG - Request: [127.0.0.1:51406 (Loopback)] GET / (4 live) #12 GZIP Signed-in Token (jellyplex_watched)
Jun 28, 2026 01:03:15.630 [139649447332664] DEBUG - Completed: [127.0.0.1:51406] 200 GET / (4 live) #12 GZIP 1ms 4119 bytes
Jun 28, 2026 01:03:16.141 [139649324211000] DEBUG - Request: [127.0.0.1:51418 (Loopback)] GET /:/plugins/com.plexapp.system/messaging/function/X0FnZW50U2VydmljZTpVcGRhdGVJbmZv/Y2VyZWFsMQoxCmxpc3QKMApyMAo_/Y2VyZWFsMQo3CmRpY3QKbGlzdApkaWN0Cmxpc3QKbGlzdApsaXN0Cmxpc3QKMgpzMjMKY29tLnBsZXhhcHAuYWdlbnRzLmltZGJzMTAKaWRlbnRpZmllcnIxCnMxMAphZ2VudF9pbmZvMQpyMgoxMApyMwpzMTEKbWVkaWFfdHlwZXNyNApzMTIKYWNjZXB0c19mcm9tbnMxNApmYWxsYmFja19hZ2VudHI1CnMxNApjb250cmlidXRlc190b3I2CnM5Cmxhbmd1YWdlc2IxczIwCnBlcnNpc3Rfc3RvcmVkX2ZpbGVzaTAKczcKdmVyc2lvbmIxczE2CnByaW1hcnlfcHJvdmlkZXJiMXM1CnByZWZzczE5ClBsZXggTW92aWUgKExlZ2FjeSlzNApuYW1lMQpzNQpNb3ZpZTEKczI5CmNvbS5wbGV4YXBwLmFnZW50cy5sb2NhbG1lZGlhMQpzMjkKY29tLnBsZXhhcHAuYWdlbnRzLnRoZW1vdmllZGIzMwpzMgplbnMyCnN2czIKZnJzMgplc3MyCm5sczIKZGVzMgppdHMyCmRhczIKYXJzMgpjYXMyCnpoczIKY3NzMgpldHMyCmZpczIKZWxzMgpoZXMyCmhpczIKaHVzMgppZHMyCmphczIKa29zMgpsdnMyCm5vczIKZmFzMgpwbHMyCnB0czIKcm9zMgpydXMyCnNrczIKdGhzMgp0cnMyCnVrczIKdmlyMAo_ (4 live) #13 GZIP Signed-in Token (jellyplex_watched)
Jun 28, 2026 01:03:16.458 [139649379302200] DEBUG - [HCl#17] HTTP requesting GET https://plex.tv/api/v2/devices/4aa082f4f7d6dd1a83a571d03b236b07794db03c/certificate/download
Jun 28, 2026 01:03:16.512 [139649394068280] DEBUG - [HttpClient/HCl#17] HTTP/1.1 (0.1s) 202 response from GET https://plex.tv/api/v2/devices/4aa082f4f7d6dd1a83a571d03b236b07794db03c/certificate/download (reused)
Jun 28, 2026 01:03:16.550 [139649389849400] DEBUG - Scanning for plug-ins in "/usr/lib/plexmediaserver/Resources/Plug-ins-563d026ea"
Jun 28, 2026 01:03:16.551 [139649389849400] DEBUG - Scanning for plug-ins in "/config/Library/Application Support/Plex Media Server/Plug-ins"
Jun 28, 2026 01:03:16.551 [139649389849400] DEBUG - PluginRepository::setStartState: 1, startingSystem
Jun 28, 2026 01:03:16.551 [139649389849400] DEBUG - PluginRepository::setStartState: 2, startingPlugins
Jun 28, 2026 01:03:16.551 [139649389849400] DEBUG - Updating the list of agents known by the system.
Jun 28, 2026 01:03:16.551 [139649389849400] DEBUG - [com.plexapp.system] Sending command over HTTP (GET): /system/agents
Jun 28, 2026 01:03:16.552 [139649389849400] DEBUG - [HCl#18] HTTP requesting GET http://127.0.0.1:33983/system/agents
Jun 28, 2026 01:03:16.552 [139649383521080] DEBUG - [Req#10] [com.plexapp.system] Sending command over HTTP (GET): /:/plugins/com.plexapp.system/messaging/function/X0J1bmRsZVNlcnZpY2U6QWxsU2VydmljZXM_/Y2VyZWFsMQoxCmxpc3QKMApyMAo_/Y2VyZWFsMQoxCmRpY3QKMApyMAo_
Jun 28, 2026 01:03:16.552 [139649383521080] DEBUG - [Req#10/HCl#19] HTTP requesting GET http://127.0.0.1:33983/:/plugins/com.plexapp.system/messaging/function/X0J1bmRsZVNlcnZpY2U6QWxsU2VydmljZXM_/Y2VyZWFsMQoxCmxpc3QKMApyMAo_/Y2VyZWFsMQoxCmRpY3QKMApyMAo_
Jun 28, 2026 01:03:16.552 [139649324211000] DEBUG - [Req#13] [com.plexapp.system] Sending command over HTTP (GET): /:/plugins/com.plexapp.system/messaging/function/X0FnZW50U2VydmljZTpVcGRhdGVJbmZv/Y2VyZWFsMQoxCmxpc3QKMApyMAo_/Y2VyZWFsMQo3CmRpY3QKbGlzdApkaWN0Cmxpc3QKbGlzdApsaXN0Cmxpc3QKMgpzMjMKY29tLnBsZXhhcHAuYWdlbnRzLmltZGJzMTAKaWRlbnRpZmllcnIxCnMxMAphZ2VudF9pbmZvMQpyMgoxMApyMwpzMTEKbWVkaWFfdHlwZXNyNApzMTIKYWNjZXB0c19mcm9tbnMxNApmYWxsYmFja19hZ2VudHI1CnMxNApjb250cmlidXRlc190b3I2CnM5Cmxhbmd1YWdlc2IxczIwCnBlcnNpc3Rfc3RvcmVkX2ZpbGVzaTAKczcKdmVyc2lvbmIxczE2CnByaW1hcnlfcHJvdmlkZXJiMXM1CnByZWZzczE5ClBsZXggTW92aWUgKExlZ2FjeSlzNApuYW1lMQpzNQpNb3ZpZTEKczI5CmNvbS5wbGV4YXBwLmFnZW50cy5sb2NhbG1lZGlhMQpzMjkKY29tLnBsZXhhcHAuYWdlbnRzLnRoZW1vdmllZGIzMwpzMgplbnMyCnN2czIKZnJzMgplc3MyCm5sczIKZGVzMgppdHMyCmRhczIKYXJzMgpjYXMyCnpoczIKY3NzMgpldHMyCmZpczIKZWxzMgpoZXMyCmhpczIKaHVzMgppZHMyCmphczIKa29zMgpsdnMyCm5vczIKZmFzMgpwbHMyCnB0czIKcm9zMgpydXMyCnNrczIKdGhzMgp0cnMyCnVrczIKdmlyMAo_
Jun 28, 2026 01:03:16.552 [139649324211000] DEBUG - [Req#13/HCl#1a] HTTP requesting GET http://127.0.0.1:33983/:/plugins/com.plexapp.system/messaging/function/X0FnZW50U2VydmljZTpVcGRhdGVJbmZv/Y2VyZWFsMQoxCmxpc3QKMApyMAo_/Y2VyZWFsMQo3CmRpY3QKbGlzdApkaWN0Cmxpc3QKbGlzdApsaXN0Cmxpc3QKMgpzMjMKY29tLnBsZXhhcHAuYWdlbnRzLmltZGJzMTAKaWRlbnRpZmllcnIxCnMxMAphZ2VudF9pbmZvMQpyMgoxMApyMwpzMTEKbWVkaWFfdHlwZXNyNApzMTIKYWNjZXB0c19mcm9tbnMxNApmYWxsYmFja19hZ2VudHI1CnMxNApjb250cmlidXRlc190b3I2CnM5Cmxhbmd1YWdlc2IxczIwCnBlcnNpc3Rfc3RvcmVkX2ZpbGVzaTAKczcKdmVyc2lvbmIxczE2CnByaW1hcnlfcHJvdmlkZXJiMXM1CnByZWZzczE5ClBsZXggTW92aWUgKExlZ2FjeSlzNApuYW1lMQpzNQpNb3ZpZTEKczI5CmNvbS5wbGV4YXBwLmFnZW50cy5sb2NhbG1lZGlhMQpzMjkKY29tLnBsZXhhcHAuYWdlbnRzLnRoZW1vdmllZGIzMwpzMgplbnMyCnN2czIKZnJzMgplc3MyCm5sczIKZGVzMgppdHMyCmRhczIKYXJzMgpjYXMyCnpoczIKY3NzMgpldHMyCmZpczIKZWxzMgpoZXMyCmhpczIKaHVzMgppZHMyCmphczIKa29zMgpsdnMyCm5vczIKZmFzMgpwbHMyCnB0czIKcm9zMgpydXMyCnNrczIKdGhzMgp0cnMyCnVrczIKdmlyMAo_
Jun 28, 2026 01:03:16.565 [139649394068280] DEBUG - [HttpClient/HCl#1a] HTTP/1.1 (0.0s) 200 response from GET http://127.0.0.1:33983/:/plugins/com.plexapp.system/messaging/function/X0FnZW50U2VydmljZTpVcGRhdGVJbmZv/Y2VyZWFsMQoxCmxpc3QKMApyMAo_/Y2VyZWFsMQo3CmRpY3QKbGlzdApkaWN0Cmxpc3QKbGlzdApsaXN0Cmxpc3QKMgpzMjMKY29tLnBsZXhhcHAuYWdlbnRzLmltZGJzMTAKaWRlbnRpZmllcnIxCnMxMAphZ2VudF9pbmZvMQpyMgoxMApyMwpzMTEKbWVkaWFfdHlwZXNyNApzMTIKYWNjZXB0c19mcm9tbnMxNApmYWxsYmFja19hZ2VudHI1CnMxNApjb250cmlidXRlc190b3I2CnM5Cmxhbmd1YWdlc2IxczIwCnBlcnNpc3Rfc3RvcmVkX2ZpbGVzaTAKczcKdmVyc2lvbmIxczE2CnByaW1hcnlfcHJvdmlkZXJiMXM1CnByZWZzczE5ClBsZXggTW92aWUgKExlZ2FjeSlzNApuYW1lMQpzNQpNb3ZpZTEKczI5CmNvbS5wbGV4YXBwLmFnZW50cy5sb2NhbG1lZGlhMQpzMjkKY29tLnBsZXhhcHAuYWdlbnRzLnRoZW1vdmllZGIzMwpzMgplbnMyCnN2czIKZnJzMgplc3MyCm5sczIKZGVzMgppdHMyCmRhczIKYXJzMgpjYXMyCnpoczIKY3NzMgpldHMyCmZpczIKZWxzMgpoZXMyCmhpczIKaHVzMgppZHMyCmphczIKa29zMgpsdnMyCm5vczIKZmFzMgpwbHMyCnB0czIKcm9zMgpydXMyCnNrczIKdGhzMgp0cnMyCnVrczIKdmlyMAo_
Jun 28, 2026 01:03:16.565 [139649324211000] DEBUG - [Req#13] [com.plexapp.system] HTTP reply status 200, with 16 bytes of content.
Jun 28, 2026 01:03:16.565 [139649445223224] DEBUG - Completed: [127.0.0.1:51418] 200 GET /:/plugins/com.plexapp.system/messaging/function/X0FnZW50U2VydmljZTpVcGRhdGVJbmZv/Y2VyZWFsMQoxCmxpc3QKMApyMAo_/Y2VyZWFsMQo3CmRpY3QKbGlzdApkaWN0Cmxpc3QKbGlzdApsaXN0Cmxpc3QKMgpzMjMKY29tLnBsZXhhcHAuYWdlbnRzLmltZGJzMTAKaWRlbnRpZmllcnIxCnMxMAphZ2VudF9pbmZvMQpyMgoxMApyMwpzMTEKbWVkaWFfdHlwZXNyNApzMTIKYWNjZXB0c19mcm9tbnMxNApmYWxsYmFja19hZ2VudHI1CnMxNApjb250cmlidXRlc190b3I2CnM5Cmxhbmd1YWdlc2IxczIwCnBlcnNpc3Rfc3RvcmVkX2ZpbGVzaTAKczcKdmVyc2lvbmIxczE2CnByaW1hcnlfcHJvdmlkZXJiMXM1CnByZWZzczE5ClBsZXggTW92aWUgKExlZ2FjeSlzNApuYW1lMQpzNQpNb3ZpZTEKczI5CmNvbS5wbGV4YXBwLmFnZW50cy5sb2NhbG1lZGlhMQpzMjkKY29tLnBsZXhhcHAuYWdlbnRzLnRoZW1vdmllZGIzMwpzMgplbnMyCnN2czIKZnJzMgplc3MyCm5sczIKZGVzMgppdHMyCmRhczIKYXJzMgpjYXMyCnpoczIKY3NzMgpldHMyCmZpczIKZWxzMgpoZXMyCmhpczIKaHVzMgppZHMyCmphczIKa29zMgpsdnMyCm5vczIKZmFzMgpwbHMyCnB0czIKcm9zMgpydXMyCnNrczIKdGhzMgp0cnMyCnVrczIKdmlyMAo_ (4 live) #13 GZIP 424ms 415 bytes
Jun 28, 2026 01:03:16.565 [139649394068280] DEBUG - [HttpClient/HCl#19] HTTP/1.1 (0.0s) 200 response from GET http://127.0.0.1:33983/:/plugins/com.plexapp.system/messaging/function/X0J1bmRsZVNlcnZpY2U6QWxsU2VydmljZXM_/Y2VyZWFsMQoxCmxpc3QKMApyMAo_/Y2VyZWFsMQoxCmRpY3QKMApyMAo_
Jun 28, 2026 01:03:16.565 [139649383521080] DEBUG - [Req#10] [com.plexapp.system] HTTP reply status 200, with 516 bytes of content.
Jun 28, 2026 01:03:16.566 [139649445223224] DEBUG - Completed: [127.0.0.1:51402] 200 GET /:/plugins/com.plexapp.system/messaging/function/X0J1bmRsZVNlcnZpY2U6QWxsU2VydmljZXM_/Y2VyZWFsMQoxCmxpc3QKMApyMAo_/Y2VyZWFsMQoxCmRpY3QKMApyMAo_ (4 live) #10 GZIP 938ms 746 bytes
Jun 28, 2026 01:03:16.576 [139649332853560] DEBUG - [Req#b] Reading 148 bytes in the body, code is 200
Jun 28, 2026 01:03:16.577 [139649332853560] DEBUG - [Req#b] [com.plexapp.agents.imdb] Plug-in running on port 43159.
Jun 28, 2026 01:03:16.577 [139649332853560] DEBUG - [Req#b] Read configuration for [com.plexapp.agents.imdb], had 0 prefixes
Jun 28, 2026 01:03:16.577 [139649332853560] DEBUG - [Req#b] [com.plexapp.agents.imdb] Sending command over HTTP (GET): /:/plugins/com.plexapp.agents.imdb/prefs
Jun 28, 2026 01:03:16.577 [139649332853560] DEBUG - [Req#b/HCl#1b] HTTP requesting GET http://127.0.0.1:43159/:/plugins/com.plexapp.agents.imdb/prefs
Jun 28, 2026 01:03:16.578 [139649394068280] DEBUG - [HttpClient/HCl#18] HTTP/1.1 (0.0s) 200 response from GET http://127.0.0.1:33983/system/agents
Jun 28, 2026 01:03:16.578 [139649389849400] DEBUG - [com.plexapp.system] HTTP reply status 200, with 8986 bytes of content.
Jun 28, 2026 01:03:16.583 [139649389849400] DEBUG - The system knows about 12 agents.
Jun 28, 2026 01:03:16.583 [139649389849400] DEBUG - Waiting for 0 plug-ins to finish starting.
Jun 28, 2026 01:03:16.583 [139649389849400] DEBUG - Done waiting for all plug-ins to start.
Jun 28, 2026 01:03:16.584 [139649389849400] DEBUG - PluginRepository::setStartState: 3, complete
Jun 28, 2026 01:03:16.583 [139649328634680] DEBUG - Downloading document http://127.0.0.1:32400/:/plugins/com.plexapp.agents.imdb/prefs
Jun 28, 2026 01:03:16.584 [139649328634680] DEBUG - [Req#17] [com.plexapp.agents.imdb] Sending command over HTTP (GET): /:/plugins/com.plexapp.agents.imdb/prefs
Jun 28, 2026 01:03:16.584 [139649328634680] DEBUG - [Req#17/HCl#1c] HTTP requesting GET http://127.0.0.1:43159/:/plugins/com.plexapp.agents.imdb/prefs
Jun 28, 2026 01:03:16.605 [139649394068280] DEBUG - [HttpClient/HCl#1c] HTTP/1.1 (0.0s) 200 response from GET http://127.0.0.1:43159/:/plugins/com.plexapp.agents.imdb/prefs
Jun 28, 2026 01:03:16.606 [139649328634680] DEBUG - [Req#17] [com.plexapp.agents.imdb] HTTP reply status 200, with 2224 bytes of content.
Jun 28, 2026 01:03:16.606 [139649328634680] DEBUG - Caching document http://127.0.0.1:32400/:/plugins/com.plexapp.agents.imdb/prefs as 20c272fc1415daf53361011f9ec283394a7a0c0a
Jun 28, 2026 01:03:16.607 [139649328634680] DEBUG - IVA: Downloading trailer lists.
Jun 28, 2026 01:03:16.609 [139649394068280] DEBUG - [HttpClient/HCl#1b] HTTP/1.1 (0.0s) 200 response from GET http://127.0.0.1:43159/:/plugins/com.plexapp.agents.imdb/prefs
Jun 28, 2026 01:03:16.609 [139649332853560] DEBUG - [Req#b] [com.plexapp.agents.imdb] HTTP reply status 200, with 2224 bytes of content.
Jun 28, 2026 01:03:16.610 [139649332853560] DEBUG - Caching document http://127.0.0.1:32400/:/plugins/com.plexapp.agents.imdb/prefs as 20c272fc1415daf53361011f9ec283394a7a0c0a
Jun 28, 2026 01:03:16.610 [139649332853560] DEBUG - IVA: Downloading trailer lists.
Jun 28, 2026 01:03:16.720 [139649328634680] DEBUG - IVA: Downloaded 5 trailers for source 1.
Jun 28, 2026 01:03:16.744 [139649328634680] DEBUG - IVA: Downloaded 30 trailers for source 2.
Jun 28, 2026 01:03:16.752 [139649332853560] DEBUG - IVA: Downloaded 5 trailers for source 1.
Jun 28, 2026 01:03:16.774 [139649332853560] DEBUG - IVA: Downloaded 30 trailers for source 2.
Jun 28, 2026 01:03:17.512 [139649379302200] DEBUG - [HCl#21] HTTP requesting GET https://plex.tv/api/v2/devices/4aa082f4f7d6dd1a83a571d03b236b07794db03c/certificate/download
Jun 28, 2026 01:03:17.756 [139649337072440] DEBUG - [MediaProviderManager] Refreshing media providers
Jun 28, 2026 01:03:17.756 [139649337072440] DEBUG - [MediaProviderManager/Response::fetch/HCl#24] HTTP requesting GET https://plex.tv/media/providers
Jun 28, 2026 01:03:17.758 [139649394068280] DEBUG - [HttpClient/HCl#21] HTTP/1.1 (0.2s) 202 response from GET https://plex.tv/api/v2/devices/4aa082f4f7d6dd1a83a571d03b236b07794db03c/certificate/download
Jun 28, 2026 01:03:17.898 [139649394068280] DEBUG - [HttpClient/HCl#24] HTTP/1.1 (0.1s) 200 response from GET https://plex.tv/media/providers
Jun 28, 2026 01:03:17.899 [139649337072440] DEBUG - [MediaProviderManager] discovered cloud provider (Movies & Shows)
Jun 28, 2026 01:03:17.899 [139649337072440] DEBUG - [MediaProviderManager] discovered cloud provider (Metadata)
Jun 28, 2026 01:03:17.899 [139649337072440] DEBUG - [MediaProviderManager] loading cloud provider details (Metadata) (alive: 0)
Jun 28, 2026 01:03:17.899 [139649339214648] DEBUG - [MediaProviderManager/HCl#26] HTTP requesting GET https://vod.provider.plex.tv?includePreferences=1
Jun 28, 2026 01:03:18.024 [139649337072440] DEBUG - [MediaProviderManager] loading cloud provider details (Movies & Shows) (alive: 0)
Jun 28, 2026 01:03:18.024 [139649337072440] DEBUG - [MediaProviderManager/HCl#28] HTTP requesting GET https://vod.provider.plex.tv?includePreferences=1
Jun 28, 2026 01:03:18.087 [139649394068280] DEBUG - [HttpClient/HCl#26] HTTP/2.0 (0.2s) 200 response from GET https://vod.provider.plex.tv?includePreferences=1
Jun 28, 2026 01:03:18.115 [139649394068280] DEBUG - [HttpClient/HCl#28] HTTP/2.0 (0.1s) 200 response from GET https://vod.provider.plex.tv?includePreferences=1
Jun 28, 2026 01:03:18.115 [139649337072440] DEBUG - [MediaProviderManager] we had 0 cloud providers online, we now have 2
Jun 28, 2026 01:03:18.115 [139649337072440] DEBUG - [MediaProviderManager] cloud provider (Metadata) is online and available
Jun 28, 2026 01:03:18.115 [139649337072440] DEBUG - [MediaProviderManager] cloud provider (Movies & Shows) is online and available
Jun 28, 2026 01:03:18.116 [139649337072440] DEBUG - [MediaProviderManager/MetadataAgentManager] Found media provider for agent provider 'tv.plex.agents.movie' with source URI 'provider://tv.plex.provider.metadata'
Jun 28, 2026 01:03:18.116 [139649337072440] DEBUG - [MediaProviderManager/MetadataAgentManager] Found media provider for agent provider 'tv.plex.agents.series' with source URI 'provider://tv.plex.provider.metadata'
Jun 28, 2026 01:03:18.116 [139649337072440] DEBUG - [MediaProviderManager/MetadataAgentManager] Found media provider for agent provider 'tv.plex.agents.music' with source URI 'provider://tv.plex.provider.metadata'
Jun 28, 2026 01:03:18.116 [139649337072440] DEBUG - [MediaProviderManager/MetadataAgentManager] Found media provider for agent provider 'org.musicbrainz.agents.music' with source URI 'provider://tv.plex.provider.metadata'
Jun 28, 2026 01:03:18.116 [139649337072440] DEBUG - [MediaProviderManager/MetadataAgentManager] Found media provider for agent provider 'tv.plex.agents.nfo.movie' with source URI 'provider://tv.plex.provider.metadata'
Jun 28, 2026 01:03:18.116 [139649337072440] DEBUG - [MediaProviderManager/MetadataAgentManager] Found media provider for agent provider 'tv.plex.agents.nfo.series' with source URI 'provider://tv.plex.provider.metadata'
Jun 28, 2026 01:03:18.116 [139649337072440] DEBUG - [MediaProviderManager] Media provider refresh complete
Jun 28, 2026 01:03:18.759 [139649379302200] DEBUG - [HCl#29] HTTP requesting GET https://plex.tv/api/v2/devices/4aa082f4f7d6dd1a83a571d03b236b07794db03c/certificate/download
Jun 28, 2026 01:03:18.814 [139649394068280] DEBUG - [HttpClient/HCl#29] HTTP/1.1 (0.1s) 202 response from GET https://plex.tv/api/v2/devices/4aa082f4f7d6dd1a83a571d03b236b07794db03c/certificate/download (reused)
Jun 28, 2026 01:03:19.439 [139649372973880] DEBUG - [NSB] NetworkServiceBrowser: SERVER arrived: 127.0.0.1 (JellyPlex-CI)
Jun 28, 2026 01:03:19.439 [139649372973880] DEBUG - [NSB] Notifying the system bundle an update to server /system/notify/serverUpdated?host=127.0.0.1
Jun 28, 2026 01:03:19.439 [139649372973880] DEBUG - [NSB] [com.plexapp.system] Sending command over HTTP (GET): /system/notify/serverUpdated?host=127.0.0.1
Jun 28, 2026 01:03:19.439 [139649372973880] DEBUG - [NSB/HCl#2a] HTTP requesting GET http://127.0.0.1:33983/system/notify/serverUpdated?host=127.0.0.1
Jun 28, 2026 01:03:19.443 [139649324211000] DEBUG - Request: [127.0.0.1:51428 (Loopback)] GET /servers (4 live) #15 GZIP Signed-in Token (jellyplex_watched)
Jun 28, 2026 01:03:19.443 [139649447332664] DEBUG - Completed: [127.0.0.1:51428] 200 GET /servers (4 live) #15 GZIP 0ms 495 bytes
Jun 28, 2026 01:03:19.448 [139649394068280] DEBUG - [HttpClient/HCl#2a] HTTP/1.1 (0.0s) 200 response from GET http://127.0.0.1:33983/system/notify/serverUpdated?host=127.0.0.1
Jun 28, 2026 01:03:19.449 [139649372973880] DEBUG - [NSB] [com.plexapp.system] HTTP reply status 200, with 0 bytes of content.
Jun 28, 2026 01:03:19.756 [139649366645560] DEBUG - [PubsubServerManager/process/HCl#2b] HTTP requesting GET https://plex.tv/services/pubsub/servers
Jun 28, 2026 01:03:19.801 [139649394068280] DEBUG - [HttpClient/HCl#2b] HTTP/1.1 (0.0s) 200 response from GET https://plex.tv/services/pubsub/servers (reused)
Jun 28, 2026 01:03:19.814 [139649379302200] DEBUG - [HCl#2c] HTTP requesting GET https://plex.tv/api/v2/devices/4aa082f4f7d6dd1a83a571d03b236b07794db03c/certificate/download
Jun 28, 2026 01:03:19.866 [139649394068280] DEBUG - [HttpClient/HCl#2c] HTTP/1.1 (0.1s) 202 response from GET https://plex.tv/api/v2/devices/4aa082f4f7d6dd1a83a571d03b236b07794db03c/certificate/download (reused)
Jun 28, 2026 01:03:20.846 [139649366645560] DEBUG - [PubsubServerManager/process] Time to connect to pubsub03.pop.dfw.plex.bz was 46 ms.
Jun 28, 2026 01:03:20.846 [139649366645560] DEBUG - [PubsubServerManager/process] Time to connect to pubsub06.pop.atl.plex.bz was 94 ms.
Jun 28, 2026 01:03:20.846 [139649366645560] DEBUG - [PubsubServerManager/process] Time to connect to pubsub10.pop.ewr.plex.bz was 106 ms.
Jun 28, 2026 01:03:20.846 [139649366645560] DEBUG - [PubsubServerManager/process] Time to connect to pubsub01.pop.yyz.plex.bz was 107 ms.
Jun 28, 2026 01:03:20.846 [139649366645560] DEBUG - [PubsubServerManager/process] Time to connect to pubsub01.pop.ewr.plex.bz was 137 ms.
Jun 28, 2026 01:03:20.846 [139649366645560] DEBUG - [PubsubServerManager/process] Time to connect to pubsub05.pop.fmt.plex.bz was 142 ms.
Jun 28, 2026 01:03:20.846 [139649366645560] DEBUG - [PubsubServerManager/process] Time to connect to pubsub04.pop.lhr.plex.bz was 325 ms.
Jun 28, 2026 01:03:20.846 [139649366645560] DEBUG - [PubsubServerManager/process] Time to connect to pubsub01.pop.fra.plex.bz was 353 ms.
Jun 28, 2026 01:03:20.846 [139649366645560] DEBUG - [PubsubServerManager/process] Time to connect to pubsub02.pop.hnd.plex.bz was 399 ms.
Jun 28, 2026 01:03:20.846 [139649366645560] DEBUG - [PubsubServerManager/process] Time to connect to pubsub06.pop.sin.plex.bz was 589 ms.
Jun 28, 2026 01:03:20.846 [139649366645560] DEBUG - [PubsubServerManager/process] Updating best ping time for pubsub01.pop.ewr.plex.bz to 137 ms.
Jun 28, 2026 01:03:20.867 [139649379302200] DEBUG - [HCl#2d] HTTP requesting GET https://plex.tv/api/v2/devices/4aa082f4f7d6dd1a83a571d03b236b07794db03c/certificate/download
Jun 28, 2026 01:03:20.919 [139649394068280] DEBUG - [HttpClient/HCl#2d] HTTP/1.1 (0.1s) 202 response from GET https://plex.tv/api/v2/devices/4aa082f4f7d6dd1a83a571d03b236b07794db03c/certificate/download (reused)
Jun 28, 2026 01:03:21.920 [139649379302200] DEBUG - [HCl#2e] HTTP requesting GET https://plex.tv/api/v2/devices/4aa082f4f7d6dd1a83a571d03b236b07794db03c/certificate/download
Jun 28, 2026 01:03:22.041 [139649394068280] DEBUG - [HttpClient/HCl#2e] HTTP/1.1 (0.1s) 202 response from GET https://plex.tv/api/v2/devices/4aa082f4f7d6dd1a83a571d03b236b07794db03c/certificate/download (reused)
Jun 28, 2026 01:03:22.707 [139649358207800] DEBUG - DVR:Device: Discovering and refreshing all devices.
Jun 28, 2026 01:03:22.707 [139649358207800] DEBUG - Grabber: HDHomerun discovered 0 compatible devices.
Jun 28, 2026 01:03:22.707 [139649358207800] DEBUG - [HCl#2f] HTTP requesting POST http://127.0.0.1:32600/devices/discover
Jun 28, 2026 01:03:23.041 [139649379302200] DEBUG - [HCl#30] HTTP requesting GET https://plex.tv/api/v2/devices/4aa082f4f7d6dd1a83a571d03b236b07794db03c/certificate/download
Jun 28, 2026 01:03:23.131 [139649394068280] DEBUG - [HttpClient/HCl#30] HTTP/1.1 (0.1s) 202 response from GET https://plex.tv/api/v2/devices/4aa082f4f7d6dd1a83a571d03b236b07794db03c/certificate/download (reused)
Jun 28, 2026 01:03:24.131 [139649379302200] DEBUG - [HCl#31] HTTP requesting GET https://plex.tv/api/v2/devices/4aa082f4f7d6dd1a83a571d03b236b07794db03c/certificate/download
Jun 28, 2026 01:03:24.194 [139649394068280] DEBUG - [HttpClient/HCl#31] HTTP/1.1 (0.1s) 200 response from GET https://plex.tv/api/v2/devices/4aa082f4f7d6dd1a83a571d03b236b07794db03c/certificate/download (reused)
Jun 28, 2026 01:03:24.194 [139649379302200] DEBUG - CERT: Downloaded new cert from plex.tv; took 9 tries.
Jun 28, 2026 01:03:24.197 [139649317088056] DEBUG - MyPlex: sendMapping resetting state - previous mapping state: 'Not Mapped'.
Jun 28, 2026 01:03:24.197 [139649317088056] DEBUG - MyPlex: mapping state set to 'Unknown'.
Jun 28, 2026 01:03:24.198 [139649379302200] DEBUG - MyPlex: Updating device connections (from timer: 0)
Jun 28, 2026 01:03:24.198 [139649379302200] DEBUG - [HCl#32] HTTP requesting PUT https://plex.tv/devices/4aa082f4f7d6dd1a83a571d03b236b07794db03c?Connection[][uri]=http://172.17.0.2:32400&httpsEnabled=1&httpsRequired=0&dnsRebindingProtection=0&X-Plex-Token=xxxxxxxxxxxxxxxxxxxx
Jun 28, 2026 01:03:24.198 [139649317088056] DEBUG - MyPlex: Sending Server Info to myPlex (user=jellyplex-watched@luigi311.com, ip=, port=0)
Jun 28, 2026 01:03:24.198 [139649317088056] DEBUG - [HCl#33] HTTP requesting POST https://plex.tv/servers.xml?auth_token=xxxxxxxxxxxxxxxxxxxx
Jun 28, 2026 01:03:24.200 [139649447332664] DEBUG - [CERT] Subject name is /CN=*.b1eb00e890d84884bd38f2ea180d2679.plex.direct
Jun 28, 2026 01:03:24.200 [139649447332664] DEBUG - [CERT] Installed certificate with fingerprint 6f:f6:44:12:44:8e:59:85:b5:36:83:ee:0e:f4:5c:22:aa:a1:5f:e2.
Jun 28, 2026 01:03:24.200 [139649447332664] DEBUG - [CERT/OCSP] no URL available
Jun 28, 2026 01:03:24.200 [139649447332664] WARN - [CERT/OCSP] getCertInfo failed; skipping stapling
Jun 28, 2026 01:03:24.253 [139649394068280] DEBUG - [HttpClient/HCl#32] HTTP/1.1 (0.1s) 200 response from PUT https://plex.tv/devices/4aa082f4f7d6dd1a83a571d03b236b07794db03c?Connection[][uri]=http://172.17.0.2:32400&httpsEnabled=1&httpsRequired=0&dnsRebindingProtection=0&X-Plex-Token=xxxxxxxxxxxxxxxxxxxx (reused)
Jun 28, 2026 01:03:24.253 [139649447332664] DEBUG - [CERT] MyPlex: Last published value didn't change, we're done.
Jun 28, 2026 01:03:24.332 [139649394068280] DEBUG - [HttpClient/HCl#33] HTTP/1.1 (0.1s) 422 response from POST https://plex.tv/servers.xml?auth_token=xxxxxxxxxxxxxxxxxxxx
Jun 28, 2026 01:03:24.332 [139649317088056] DEBUG - MyPlex: Published Mapping State response was 422
Jun 28, 2026 01:03:24.332 [139649317088056] DEBUG - MyPlex: Got response for 4aa082f4f7d6dd1a83a571d03b236b07794db03c ~ registered :0
Jun 28, 2026 01:03:24.332 [139649317088056] DEBUG - MyPlex: updating mapped state - current state: 'Not Mapped'
Jun 28, 2026 01:03:24.332 [139649317088056] DEBUG - MyPlex: mapping state set to 'Not Mapped'.
Jun 28, 2026 01:03:24.445 [139649356098360] DEBUG - Grabber: Cleaning up orphaned grabs.
Jun 28, 2026 01:03:24.445 [139649356098360] DEBUG - Grabber: Cleaned up 0 decrepit directories in 0.0 sec.
Jun 28, 2026 01:03:24.445 [139649356098360] DEBUG - Activity: registered new activity 9cedeb43-d857-4469-a54c-873841d8d49e - "Processing subscriptions"
Jun 28, 2026 01:03:24.445 [139649356098360] DEBUG - Subscription: Scheduling subscriptions.
Jun 28, 2026 01:03:24.445 [139649356098360] DEBUG - Subscription: Initialized 0 schedulers.
Jun 28, 2026 01:03:24.445 [139649356098360] DEBUG - Subscription: Starting with 0 grabs, scheduled 0 active ones preemptively.
Jun 28, 2026 01:03:24.445 [139649356098360] DEBUG - Subscription: Scheduled all subscriptions in 0 ms.
Jun 28, 2026 01:03:24.445 [139649356098360] DEBUG - Activity: Ended activity 9cedeb43-d857-4469-a54c-873841d8d49e.
Jun 28, 2026 01:03:24.445 [139649356098360] DEBUG - Subscription: There are 0 active grabs at the end.
Jun 28, 2026 01:03:24.445 [139649356098360] DEBUG - Activity: Ended activity 070bd636-98ee-43f4-a49f-090dec6a00d6.
Jun 28, 2026 01:03:24.445 [139649356098360] DEBUG - Subscription: Refreshed all content in 0 ms.
Jun 28, 2026 01:03:24.756 [139649353988920] DEBUG - [HCl#34] HTTP requesting GET https://plex.tv/api/resources.xml?includeHttps=1&includeRelay=1&auth_token=xxxxxxxxxxxxxxxxxxxx
Jun 28, 2026 01:03:24.846 [139649394068280] DEBUG - [HttpClient/HCl#34] HTTP/1.1 (0.1s) 200 response from GET https://plex.tv/api/resources.xml?includeHttps=1&includeRelay=1&auth_token=xxxxxxxxxxxxxxxxxxxx (reused)
Jun 28, 2026 01:03:24.846 [139649353988920] DEBUG - Media Server: Tested all servers in 0.0 seconds.
Jun 28, 2026 01:03:25.134 [139649394068280] DEBUG - [HttpClient/HCl#2f] HTTP/1.1 (2.4s) 200 response from POST http://127.0.0.1:32600/devices/discover
Jun 28, 2026 01:03:26.446 [139649385630520] DEBUG - NAT: UPnP, didn't find usable IGD.
Jun 28, 2026 01:03:26.446 [139649385630520] DEBUG - NAT: PMP, attempting mapping.
Jun 28, 2026 01:03:26.685 [139649455209272] DEBUG - NAT: UPnP, getPublicIP didn't find usable IGD.
Jun 28, 2026 01:03:26.696 [139649385630520] WARN - NAT: PMP, got an error: Not Supported by gateway.
Jun 28, 2026 01:03:26.696 [139649385630520] DEBUG - NAT: UPnP, attempting port mapping.
Jun 28, 2026 01:03:26.935 [139649455209272] WARN - NAT: PMP, got an error: Not Supported by gateway.
Jun 28, 2026 01:03:26.936 [139649455209272] DEBUG - MyPlex: sendMapping resetting state - previous mapping state: 'Not Mapped'.
Jun 28, 2026 01:03:26.936 [139649455209272] DEBUG - MyPlex: mapping state set to 'Unknown'.
Jun 28, 2026 01:03:26.936 [139649455209272] DEBUG - MyPlex: Sending Server Info to myPlex (user=jellyplex-watched@luigi311.com, ip=52.173.237.211, port=0)
Jun 28, 2026 01:03:26.937 [139649455209272] DEBUG - [HCl#35] HTTP requesting POST https://plex.tv/servers.xml?auth_token=xxxxxxxxxxxxxxxxxxxx
Jun 28, 2026 01:03:27.015 [139649394068280] DEBUG - [HttpClient/HCl#35] HTTP/1.1 (0.1s) 422 response from POST https://plex.tv/servers.xml?auth_token=xxxxxxxxxxxxxxxxxxxx (reused)
Jun 28, 2026 01:03:27.015 [139649455209272] DEBUG - MyPlex: Published Mapping State response was 422
Jun 28, 2026 01:03:27.015 [139649455209272] DEBUG - MyPlex: Got response for 4aa082f4f7d6dd1a83a571d03b236b07794db03c ~ registered :0
Jun 28, 2026 01:03:27.015 [139649455209272] DEBUG - MyPlex: updating mapped state - current state: 'Not Mapped'
Jun 28, 2026 01:03:27.015 [139649455209272] DEBUG - MyPlex: mapping state set to 'Not Mapped'.
Jun 28, 2026 01:03:27.015 [139649455209272] DEBUG - MyPlex: Updating device connections (from timer: 0)
Jun 28, 2026 01:03:27.015 [139649455209272] DEBUG - [HCl#36] HTTP requesting PUT https://plex.tv/devices/4aa082f4f7d6dd1a83a571d03b236b07794db03c?Connection[][uri]=http://172.17.0.2:32400&httpsEnabled=1&httpsRequired=0&dnsRebindingProtection=0&natLoopbackSupported=0&X-Plex-Token=xxxxxxxxxxxxxxxxxxxx
Jun 28, 2026 01:03:27.075 [139649394068280] DEBUG - [HttpClient/HCl#36] HTTP/1.1 (0.1s) 200 response from PUT https://plex.tv/devices/4aa082f4f7d6dd1a83a571d03b236b07794db03c?Connection[][uri]=http://172.17.0.2:32400&httpsEnabled=1&httpsRequired=0&dnsRebindingProtection=0&natLoopbackSupported=0&X-Plex-Token=xxxxxxxxxxxxxxxxxxxx (reused)
Jun 28, 2026 01:03:38.709 [139649385630520] DEBUG - NAT: UPnP, didn't find usable IGD.
Jun 28, 2026 01:03:38.709 [139649385630520] DEBUG - PublicAddressManager: Mapping failed.
Jun 28, 2026 01:03:38.709 [139649385630520] DEBUG - MyPlex: mapping state set to 'Mapped - Not Published'.
Jun 28, 2026 01:03:38.709 [139649385630520] DEBUG - MyPlex: sendMapping resetting state - previous mapping state: 'Mapped - Not Published'.
Jun 28, 2026 01:03:38.709 [139649385630520] DEBUG - MyPlex: mapping state set to 'Unknown'.
Jun 28, 2026 01:03:38.710 [139649385630520] DEBUG - MyPlex: Sending Server Info to myPlex (user=jellyplex-watched@luigi311.com, ip=52.173.237.211, port=0)
Jun 28, 2026 01:03:38.710 [139649385630520] DEBUG - [HCl#37] HTTP requesting POST https://plex.tv/servers.xml?auth_token=xxxxxxxxxxxxxxxxxxxx
Jun 28, 2026 01:03:38.866 [139649394068280] DEBUG - [HttpClient/HCl#37] HTTP/1.1 (0.2s) 422 response from POST https://plex.tv/servers.xml?auth_token=xxxxxxxxxxxxxxxxxxxx
Jun 28, 2026 01:03:38.866 [139649385630520] DEBUG - MyPlex: Published Mapping State response was 422
Jun 28, 2026 01:03:38.866 [139649385630520] DEBUG - MyPlex: Got response for 4aa082f4f7d6dd1a83a571d03b236b07794db03c ~ registered :0
Jun 28, 2026 01:03:38.866 [139649385630520] DEBUG - MyPlex: updating mapped state - current state: 'Mapped - Not Published'
Jun 28, 2026 01:03:38.866 [139649385630520] DEBUG - MyPlex: mapping state set to 'Mapped - Publishing'.
Jun 28, 2026 01:03:38.866 [139649385630520] DEBUG - MyPlex: async reachability check - current mapped state: 'Mapped - Publishing'.
Jun 28, 2026 01:03:38.866 [139649385630520] DEBUG - MyPlex: Requesting reachability check.
Jun 28, 2026 01:03:38.866 [139649385630520] DEBUG - [HCl#38] HTTP requesting PUT https://plex.tv/api/servers/4aa082f4f7d6dd1a83a571d03b236b07794db03c/connectivity?X-Plex-Token=xxxxxxxxxxxxxxxxxxxx&asyncIdentifier=7c62949c-e381-488b-994c-67c0323605c7
Jun 28, 2026 01:03:38.911 [139649394068280] DEBUG - [HttpClient/HCl#38] HTTP/1.1 (0.0s) 200 response from PUT https://plex.tv/api/servers/4aa082f4f7d6dd1a83a571d03b236b07794db03c/connectivity?X-Plex-Token=xxxxxxxxxxxxxxxxxxxx&asyncIdentifier=7c62949c-e381-488b-994c-67c0323605c7 (reused)
Jun 28, 2026 01:03:38.912 [139649385630520] DEBUG - MyPlex: Last published value didn't change, we're done.
Jun 28, 2026 01:03:38.937 [139649447332664] DEBUG - [EventSourceClient/pubsub/pubsub01.pop.ewr.plex.bz:443] EventSource: Got event [data] '<Message address="" port="0" asyncIdentifier="7c62949c-e381-488b-994c-67c0323605c7" connectivity="0" command="notifyConnectivity"/>'
Jun 28, 2026 01:03:38.937 [139649447332664] DEBUG - [EventSourceClient/pubsub/pubsub01.pop.ewr.plex.bz:443] PubSub: Got notified of reachability for async identifier 7c62949c-e381-488b-994c-67c0323605c7: 0 for :0 (responded in 25 ms)
Jun 28, 2026 01:03:38.937 [139649447332664] DEBUG - [EventSourceClient/pubsub/pubsub01.pop.ewr.plex.bz:443] MyPlex: reachability check - current mapping state: 'Mapped - Publishing'.
Jun 28, 2026 01:03:38.937 [139649447332664] DEBUG - [EventSourceClient/pubsub/pubsub01.pop.ewr.plex.bz:443] MyPlex: mapping state set to 'Mapped - Not Published (Not Reachable)'.
Jun 28, 2026 01:03:42.690 [139649385630520] DEBUG - [HCl#39] HTTP requesting GET https://plex.tv/api/v2/shared_sources/owned?machineIdentifier=4aa082f4f7d6dd1a83a571d03b236b07794db03c
Jun 28, 2026 01:03:42.734 [139649394068280] DEBUG - [HttpClient/HCl#39] HTTP/1.1 (0.0s) 200 response from GET https://plex.tv/api/v2/shared_sources/owned?machineIdentifier=4aa082f4f7d6dd1a83a571d03b236b07794db03c (reused)
Jun 28, 2026 01:03:42.734 [139649385630520] DEBUG - [HCl#3a] HTTP requesting GET https://plex.tv/api/v2/server/access_tokens?auth_token=xxxxxxxxxxxxxxxxxxxx
Jun 28, 2026 01:03:42.805 [139649394068280] DEBUG - [HttpClient/HCl#3a] HTTP/1.1 (0.1s) 200 response from GET https://plex.tv/api/v2/server/access_tokens?auth_token=xxxxxxxxxxxxxxxxxxxx (reused)
Jun 28, 2026 01:03:42.806 [139649385630520] DEBUG - MyPlex: updating with 1 access tokens
Jun 28, 2026 01:03:42.806 [139649385630520] DEBUG - [HCl#3b] HTTP requesting GET https://plex.tv/api/v2/server/users?auth_token=xxxxxxxxxxxxxxxxxxxx
Jun 28, 2026 01:03:42.851 [139649394068280] DEBUG - [HttpClient/HCl#3b] HTTP/1.1 (0.0s) 200 response from GET https://plex.tv/api/v2/server/users?auth_token=xxxxxxxxxxxxxxxxxxxx (reused)
Jun 28, 2026 01:03:42.852 [139649455209272] DEBUG - [HCl#3c] HTTP requesting GET https://plex.tv/api/v2/server/users/subscriptions?auth_token=xxxxxxxxxxxxxxxxxxxx
Jun 28, 2026 01:03:42.895 [139649394068280] DEBUG - [HttpClient/HCl#3c] HTTP/1.1 (0.0s) 200 response from GET https://plex.tv/api/v2/server/users/subscriptions?auth_token=xxxxxxxxxxxxxxxxxxxx (reused)
Jun 28, 2026 01:03:42.895 [139649455209272] DEBUG - MyPlex: using cached data for request for https://plex.tv/api/v2/server/users/services?auth_token=xxxxxxxxxxxxxxxxxxxx
Jun 28, 2026 01:03:43.066 [139649457765176] DEBUG - Shutting down with signal 15 (Terminated)
Jun 28, 2026 01:03:43.066 [139649457765176] DEBUG - Ordered to stop server.
Jun 28, 2026 01:03:43.066 [139649457765176] DEBUG - [JobRunner] Job running: /usr/lib/plexmediaserver/CrashUploader --sessionStatus=exited --sessionStart=1782608592 --sessionDuration=31 --version=1.43.2.10687-563d026ea --userId=jellyplex-watched@luigi311.com --sentryUrl=https://o17675.ingest.sentry.io/api/1233455/ --sentryKey=xxxxxxxxxxxxxxxxxxxxxxxxxxxxxxxx
Jun 28, 2026 01:03:43.067 [139649457765176] DEBUG - [JobRunner] Jobs: Starting child process with pid 409
Jun 28, 2026 01:03:43.067 [139649462508176] DEBUG - Stopping server...
Jun 28, 2026 01:03:43.067 [139649462508176] DEBUG - HttpServer: Stopping server.
Jun 28, 2026 01:03:43.068 [139649447332664] DEBUG - TranscodeJobManager: [Running] onServerShutdown
Jun 28, 2026 01:03:43.068 [139649447332664] DEBUG - TranscodeJobManager: [Running] -> [Shutdown]
Jun 28, 2026 01:03:43.068 [139649447332664] DEBUG - MetadataItemClusterRequestHandler: a shutdown event has been received
Jun 28, 2026 01:03:43.068 [139649462508176] DEBUG - Server stopped.
Jun 28, 2026 01:03:43.068 [139649462508176] DEBUG - NetworkService: Stopping advertisement.
Jun 28, 2026 01:03:43.068 [139649462508176] DEBUG - Killing plug-ins.
Jun 28, 2026 01:03:43.080 [139649462508176] DEBUG - [com.plexapp.agents.imdb] Killing.
Jun 28, 2026 01:03:43.085 [139649462508176] DEBUG - [com.plexapp.system] Killing.
Jun 28, 2026 01:03:43.085 [139649457765176] WARN - JobManager: Could not find job for handle 348
Jun 28, 2026 01:03:43.089 [139649457765176] WARN - JobManager: Could not find job for handle 247
Jun 28, 2026 01:03:43.091 [139649462508176] DEBUG - ChildProcessMonitor: Waiting for Plex Tuner Service to exit.
Jun 28, 2026 01:03:43.091 [139649462508176] DEBUG - [JobRunner] Signalling job ID 311 with 2
Jun 28, 2026 01:03:43.140 [139649457765176] DEBUG - Jobs: '/usr/lib/plexmediaserver/Plex Tuner Service' exit code for process 311 is 0 (success)
Jun 28, 2026 01:03:43.140 [139649364536120] DEBUG - [ChildProcessMonitor] Plex Tuner Service exited.
Jun 28, 2026 01:03:43.140 [139649462508176] DEBUG - Database: Shutting down.
Jun 28, 2026 01:03:43.148 [139649462508176] DEBUG - Database: Shutting down.
