May 10, 2026 00:56:03.769 [140106902244152] INFO - Plex Media Server v1.43.1.10611-1e34174b1 - Docker Docker Container (LinuxServer.io) x86_64 - build: linux-x86_64 debian - GMT 00:00
May 10, 2026 00:56:03.769 [140106902244152] INFO - Linux version: 6.17.0-1010-azure, language: en-US
May 10, 2026 00:56:03.770 [140106902244152] INFO - Processor: 4-core AMD EPYC 9V74 80-Core Processor
May 10, 2026 00:56:03.770 [140106902244152] INFO - Compiler is - Clang 11.0.1 (https://plex.tv 9b997da8e5b47bdb4a9425b3a3b290be393b4b1f)
May 10, 2026 00:56:03.770 [140106902244152] INFO - /usr/lib/plexmediaserver/Plex Media Server
May 10, 2026 00:56:03.769 [140106904787600] DEBUG - BPQ: [Idle] -> [Starting]
May 10, 2026 00:56:03.770 [140106904787600] DEBUG - FeatureManager: Using cached data for features list
May 10, 2026 00:56:03.774 [140106904787600] DEBUG - MyPlex: mapping state set to 'Unknown'.
May 10, 2026 00:56:03.774 [140106904787600] DEBUG - Relay: read 10 cached entries from hosts file
May 10, 2026 00:56:03.774 [140106904787600] DEBUG - Opening 20 database sessions to library (com.plexapp.plugins.library), SQLite 3.39.4, threadsafe=1
May 10, 2026 00:56:03.812 [140106904787600] DEBUG - MyPlex: using cached data for request for https://plex.tv/api/v2/server/users/features?filterFeatures[]=b83c8dc9-5a01-4b7a-a7c9-5870c8a6e21b&filterFeatures[]=926bc176-58ca-47da-b8e3-080ed14ea6ba&filterFeatures[]=ea791163-c28d-4b7c-af88-bcc9553b206d&filterFeatures[]=6ab6677b-ad9b-444f-9ca1-b8027d05b3e1&filterFeatures[]=56cd352b-0d47-436d-aced-f20db3508de5
May 10, 2026 00:56:03.843 [140106904787600] DEBUG - [CERT] Subject name is /CN=*.b1eb00e890d84884bd38f2ea180d2679.plex.direct
May 10, 2026 00:56:03.843 [140106904787600] DEBUG - [CERT] Installed certificate with fingerprint f5:13:6c:e0:05:75:7d:d4:a4:d5:77:b7:43:61:d5:cd:a8:1e:5e:9d.
May 10, 2026 00:56:03.843 [140106904787600] DEBUG - [CERT/OCSP] no URL available
May 10, 2026 00:56:03.843 [140106904787600] WARN - [CERT/OCSP] getCertInfo failed; skipping stapling
May 10, 2026 00:56:03.844 [140106904787600] DEBUG - HttpServer: Listening on IPv6 as well as IPv4.
May 10, 2026 00:56:03.844 [140106904787600] DEBUG - HttpServer: Listening on port 32400.
May 10, 2026 00:56:03.844 [140106904787600] DEBUG - HttpServer: Listening on port 32401.
May 10, 2026 00:56:03.844 [140106904787600] DEBUG - Running server...
May 10, 2026 00:56:03.844 [140106884258616] DEBUG - HttpServer: Set up a thread pool with 2 threads.
May 10, 2026 00:56:03.844 [140106904787600] INFO - Running migrations. (EPG 0)
May 10, 2026 00:56:03.845 [140106904787600] DEBUG - Captured session 0.
May 10, 2026 00:56:03.845 [140106904787600] DEBUG - Captured session 1.
May 10, 2026 00:56:03.845 [140106904787600] DEBUG - Captured session 2.
May 10, 2026 00:56:03.845 [140106904787600] DEBUG - Captured session 3.
May 10, 2026 00:56:03.845 [140106904787600] DEBUG - Captured session 4.
May 10, 2026 00:56:03.845 [140106904787600] DEBUG - Captured session 5.
May 10, 2026 00:56:03.845 [140106904787600] DEBUG - Captured session 6.
May 10, 2026 00:56:03.845 [140106904787600] DEBUG - Captured session 7.
May 10, 2026 00:56:03.845 [140106904787600] DEBUG - Captured session 8.
May 10, 2026 00:56:03.845 [140106904787600] DEBUG - Captured session 9.
May 10, 2026 00:56:03.845 [140106904787600] DEBUG - Captured session 10.
May 10, 2026 00:56:03.845 [140106904787600] DEBUG - Captured session 11.
May 10, 2026 00:56:03.845 [140106904787600] DEBUG - Captured session 12.
May 10, 2026 00:56:03.845 [140106904787600] DEBUG - Captured session 13.
May 10, 2026 00:56:03.845 [140106904787600] DEBUG - Captured session 14.
May 10, 2026 00:56:03.845 [140106904787600] DEBUG - Captured session 15.
May 10, 2026 00:56:03.845 [140106904787600] DEBUG - Captured session 16.
May 10, 2026 00:56:03.845 [140106904787600] DEBUG - Captured session 17.
May 10, 2026 00:56:03.845 [140106904787600] DEBUG - Captured session 18.
May 10, 2026 00:56:03.845 [140106904787600] DEBUG - Captured session 19.
May 10, 2026 00:56:03.847 [140106904787600] DEBUG - ChangestampAllocator: initialized to 964
May 10, 2026 00:56:03.847 [140106904787600] DEBUG - Opening 2 database sessions to library (com.plexapp.plugins.library.blobs), SQLite 3.39.4, threadsafe=1
May 10, 2026 00:56:03.852 [140106904787600] INFO - Running migrations. (EPG 0)
May 10, 2026 00:56:03.852 [140106904787600] DEBUG - Captured session 0.
May 10, 2026 00:56:03.852 [140106904787600] DEBUG - Captured session 1.
May 10, 2026 00:56:03.877 [140106904787600] DEBUG - Media Provider: Registering provider com.plexapp.plugins.library
May 10, 2026 00:56:03.877 [140106904787600] DEBUG - Auth: Refreshing tokens inside the token-based authentication filter.
May 10, 2026 00:56:03.877 [140106904787600] DEBUG - MyPlex: using cached data for request for https://plex.tv/api/v2/server/access_tokens?auth_token=xxxxxxxxxxxxxxxxxxxx
May 10, 2026 00:56:03.877 [140106904787600] DEBUG - MyPlex: updating with 2 access tokens
May 10, 2026 00:56:03.877 [140106904787600] DEBUG - MyPlex: using cached data for request for https://plex.tv/api/v2/server/users?auth_token=xxxxxxxxxxxxxxxxxxxx
May 10, 2026 00:56:03.877 [140106837543736] DEBUG - Grabber: Cleaning up orphaned grabs.
May 10, 2026 00:56:03.878 [140106837543736] DEBUG - Grabber: Cleaned up 0 decrepit directories in 0.0 sec.
May 10, 2026 00:56:03.878 [140106904787600] DEBUG - MyPlex: using cached data for request for https://plex.tv/api/v2/server/users/subscriptions?auth_token=xxxxxxxxxxxxxxxxxxxx
May 10, 2026 00:56:03.878 [140106904787600] DEBUG - MyPlex: using cached data for request for https://plex.tv/api/v2/server/users/services?auth_token=xxxxxxxxxxxxxxxxxxxx
May 10, 2026 00:56:03.879 [140106897488696] DEBUG - Auth: Refreshing tokens inside the token-based authentication filter.
May 10, 2026 00:56:03.879 [140106897488696] DEBUG - [HCl#1] HTTP requesting GET https://plex.tv/api/v2/server/access_tokens?auth_token=xxxxxxxxxxxxxxxxxxxx
May 10, 2026 00:56:03.879 [140106904787600] DEBUG - Opening 1 database sessions to library (), SQLite 3.39.4, threadsafe=1
May 10, 2026 00:56:03.881 [140106831215416] DEBUG - File "/usr/lib/plexmediaserver/Resources/Plug-ins-1e34174b1" changed: -1 => 2026-05-04 11:13:05 (1777893185).
May 10, 2026 00:56:03.881 [140106831215416] WARN - Warning: ex: boost::filesystem::last_write_time: No such file or directory [system:2]: "/config/Library/Application Support/Plex Media Server/Plug-ins", couldn't check file: "/config/Library/Application Support/Plex Media Server/Plug-ins"
May 10, 2026 00:56:03.881 [140106831215416] DEBUG - Scanning for plug-ins in "/usr/lib/plexmediaserver/Resources/Plug-ins-1e34174b1"
May 10, 2026 00:56:03.883 [140106831215416] DEBUG - Scanning for plug-ins in "/config/Library/Application Support/Plex Media Server/Plug-ins"
May 10, 2026 00:56:03.883 [140106831215416] DEBUG - PluginRepository::setStartState: 1, startingSystem
May 10, 2026 00:56:03.884 [140106831215416] DEBUG - Starting plug-in /usr/lib/plexmediaserver/Resources/Plug-ins-1e34174b1/System.bundle.
May 10, 2026 00:56:03.884 [140106831215416] DEBUG - [com.plexapp.system] Setting plug-in to always running (daemon mode).
May 10, 2026 00:56:03.885 [140106831215416] DEBUG - Starting file watcher for com.plexapp.system
May 10, 2026 00:56:03.885 [140106831215416] DEBUG - Plugin: setting environment variable: 'PYTHONHOME=/usr/lib/plexmediaserver/Resources/Python'
May 10, 2026 00:56:03.885 [140106831215416] DEBUG - Plugin: setting environment variable: 'PYTHONPATH=/usr/lib/plexmediaserver/Resources/Python/python27.zip:/usr/lib/plexmediaserver/Resources/Python/lib/python2.7/site-packages'
May 10, 2026 00:56:03.887 [140106831215416] DEBUG - Spawned plug-in com.plexapp.system with PID 248
May 10, 2026 00:56:03.887 [140106831215416] DEBUG - [com.plexapp.system] Sending command: GET /:/prefixes
May 10, 2026 00:56:03.988 [140106835434296] DEBUG - [HttpClient/HCl#1] HTTP/1.1 (0.1s) 200 response from GET https://plex.tv/api/v2/server/access_tokens?auth_token=xxxxxxxxxxxxxxxxxxxx
May 10, 2026 00:56:03.991 [140106897488696] DEBUG - MyPlex: updating with 1 access tokens
May 10, 2026 00:56:03.991 [140106897488696] DEBUG - [HCl#2] HTTP requesting GET https://plex.tv/api/v2/server/users?auth_token=xxxxxxxxxxxxxxxxxxxx
May 10, 2026 00:56:04.015 [140106835434296] DEBUG - [HttpClient/HCl#2] HTTP/1.1 (0.0s) 200 response from GET https://plex.tv/api/v2/server/users?auth_token=xxxxxxxxxxxxxxxxxxxx (reused)
May 10, 2026 00:56:04.017 [140106833324856] DEBUG - [HCl#3] HTTP requesting GET https://plex.tv/api/v2/server/users/subscriptions?auth_token=xxxxxxxxxxxxxxxxxxxx
May 10, 2026 00:56:04.048 [140106835434296] DEBUG - [HttpClient/HCl#3] HTTP/1.1 (0.0s) 200 response from GET https://plex.tv/api/v2/server/users/subscriptions?auth_token=xxxxxxxxxxxxxxxxxxxx (reused)
May 10, 2026 00:56:04.048 [140106833324856] DEBUG - MyPlex: using cached data for request for https://plex.tv/api/v2/server/users/services?auth_token=xxxxxxxxxxxxxxxxxxxx
May 10, 2026 00:56:04.762 [140106889616184] DEBUG - Request: didn't get any data from [::1]:45014: End of file
May 10, 2026 00:56:05.021 [140106826996536] DEBUG - Request: [127.0.0.1:47396 (Loopback)] GET /:/plugins/com.plexapp.system/messaging/function/X0J1bmRsZVNlcnZpY2U6QWxsU2VydmljZXM_/Y2VyZWFsMQoxCmxpc3QKMApyMAo_/Y2VyZWFsMQoxCmRpY3QKMApyMAo_ (3 live) #3 GZIP Token ()
May 10, 2026 00:56:05.023 [140106889616184] DEBUG - Completed: [127.0.0.1:47396] 503 GET /:/plugins/com.plexapp.system/messaging/function/X0J1bmRsZVNlcnZpY2U6QWxsU2VydmljZXM_/Y2VyZWFsMQoxCmxpc3QKMApyMAo_/Y2VyZWFsMQoxCmRpY3QKMApyMAo_ (4 live) #3 GZIP 1ms 436 bytes
May 10, 2026 00:56:05.024 [140106826996536] DEBUG - Request: [127.0.0.1:47410 (Loopback)] GET / (3 live) #4 GZIP Token ()
May 10, 2026 00:56:05.024 [140106887506744] DEBUG - Completed: [127.0.0.1:47410] 503 GET / (3 live) #4 GZIP 0ms 436 bytes
May 10, 2026 00:56:05.566 [140106826996536] DEBUG - Request: [127.0.0.1:47422 (Loopback)] GET /servers (4 live) #5 GZIP Token ()
May 10, 2026 00:56:05.566 [140106889616184] DEBUG - Completed: [127.0.0.1:47422] 503 GET /servers (4 live) #5 GZIP 0ms 436 bytes
May 10, 2026 00:56:05.578 [140106831215416] DEBUG - Reading 486 bytes in the body, code is 200
May 10, 2026 00:56:05.578 [140106831215416] DEBUG - [com.plexapp.system] Plug-in running on port 35643.
May 10, 2026 00:56:05.579 [140106831215416] DEBUG -  * Plug-in handles prefix: /system
May 10, 2026 00:56:05.579 [140106831215416] DEBUG -  * Plug-in handles prefix: /player
May 10, 2026 00:56:05.579 [140106831215416] DEBUG - Read configuration for [com.plexapp.system], had 2 prefixes
May 10, 2026 00:56:05.579 [140106831215416] DEBUG - Done with 1 synchronous plug-in starts, starting the rest in parallel.
May 10, 2026 00:56:05.579 [140106831215416] DEBUG - PluginRepository::setStartState: 2, startingPlugins
May 10, 2026 00:56:05.579 [140106831215416] DEBUG - Updating the list of agents known by the system.
May 10, 2026 00:56:05.579 [140106831215416] DEBUG - [com.plexapp.system] Sending command over HTTP (GET): /system/agents
May 10, 2026 00:56:05.579 [140106831215416] DEBUG - [HCl#4] HTTP requesting GET http://127.0.0.1:35643/system/agents
May 10, 2026 00:56:05.579 [140106904787600] DEBUG - Image transcode cache directory: "/config/Library/Application Support/Plex Media Server/Cache/PhotoTranscoder"
May 10, 2026 00:56:05.580 [140106904787600] DEBUG - Transcoder: Cleaning old transcode directories.
May 10, 2026 00:56:05.580 [140106904787600] DEBUG - MyPlex: using cached data for request for https://plex.tv/api/v2/server/access_tokens?auth_token=xxxxxxxxxxxxxxxxxxxx
May 10, 2026 00:56:05.580 [140106904787600] DEBUG - MyPlex: updating with 1 access tokens
May 10, 2026 00:56:05.580 [140106904787600] DEBUG - MyPlex: using cached data for request for https://plex.tv/api/v2/server/users?auth_token=xxxxxxxxxxxxxxxxxxxx
May 10, 2026 00:56:05.580 [140106904787600] DEBUG - MyPlex: using cached data for request for https://plex.tv/api/v2/server/users/subscriptions?auth_token=xxxxxxxxxxxxxxxxxxxx
May 10, 2026 00:56:05.581 [140106904787600] DEBUG - MyPlex: using cached data for request for https://plex.tv/api/v2/server/users/services?auth_token=xxxxxxxxxxxxxxxxxxxx
May 10, 2026 00:56:05.581 [140106904787600] DEBUG - MyPlex: using cached data for request for https://plex.tv/api/v2/user?includeSubscriptions=1&includeProviders=1
May 10, 2026 00:56:05.583 [140106904787600] DEBUG - MyPlex: username is jellyplex_watched, login is jellyplex-watched@luigi311.com, home is 0, no pin
May 10, 2026 00:56:05.583 [140106904787600] DEBUG - MyPlex: start public ip check and mapping - current mapped state: 'Unknown'.
May 10, 2026 00:56:05.583 [140106904787600] DEBUG - MyPlex: mapping state set to 'Not Mapped'.
May 10, 2026 00:56:05.584 [140106904787600] DEBUG - PublicAddressManager: Starting.
May 10, 2026 00:56:05.584 [140106904787600] DEBUG - PublicAddressManager: Obtaining public address and mapping port.
May 10, 2026 00:56:05.584 [140106897488696] DEBUG - PublicAddressManager: Obtaining public IP.
May 10, 2026 00:56:05.584 [140106897488696] DEBUG - [HCl#5] HTTP requesting GET https://v4.plex.tv/pms/:/ip
May 10, 2026 00:56:05.584 [140106822564664] DEBUG - [HCl#6] HTTP requesting GET https://plex.tv/api/v2/user?includeSubscriptions=1&includeProviders=1
May 10, 2026 00:56:05.584 [140106837543736] DEBUG - NAT: UPnP, attempting port mapping.
May 10, 2026 00:56:05.585 [140106904787600] DEBUG - NetworkInterface: Starting watch thread.
May 10, 2026 00:56:05.585 [140106904787600] DEBUG - Network change.
May 10, 2026 00:56:05.585 [140106904787600] DEBUG - NetworkInterface: Notified of network changed (force=0)
May 10, 2026 00:56:05.585 [140106904787600] DEBUG - Detected primary interface: 172.17.0.2
May 10, 2026 00:56:05.585 [140106904787600] DEBUG - Network interfaces:
May 10, 2026 00:56:05.585 [140106904787600] DEBUG -  * 1 lo (127.0.0.1) (00-00-00-00-00-00) (loopback: 1)
May 10, 2026 00:56:05.585 [140106904787600] DEBUG -  * 2 eth0 (172.17.0.2) (92-78-7E-EB-F5-F9) (loopback: 0)
May 10, 2026 00:56:05.585 [140106904787600] DEBUG -  * 1 lo (::1) (00-00-00-00-00-00) (loopback: 1)
May 10, 2026 00:56:05.585 [140106904787600] DEBUG - Creating NetworkServices singleton.
May 10, 2026 00:56:05.585 [140106904787600] DEBUG - NetworkServices: Initializing...
May 10, 2026 00:56:05.586 [140106904787600] DEBUG - NetworkService: Creating new service.
May 10, 2026 00:56:05.586 [140106904787600] DEBUG - NetworkService: Got notification of changed network (first change: 1)
May 10, 2026 00:56:05.586 [140106904787600] DEBUG - NetworkService: Quick dispatch of network change.
May 10, 2026 00:56:05.586 [140106904787600] DEBUG - NetworkService: Creating new service.
May 10, 2026 00:56:05.586 [140106904787600] DEBUG - NetworkService: Got notification of changed network (first change: 1)
May 10, 2026 00:56:05.586 [140106904787600] DEBUG - NetworkService: Quick dispatch of network change.
May 10, 2026 00:56:05.586 [140106904787600] DEBUG - NetworkService: Creating new service.
May 10, 2026 00:56:05.586 [140106904787600] DEBUG - NetworkService: Got notification of changed network (first change: 1)
May 10, 2026 00:56:05.586 [140106904787600] DEBUG - NetworkService: Quick dispatch of network change.
May 10, 2026 00:56:05.586 [140106816109368] DEBUG - Network change for advertiser.
May 10, 2026 00:56:05.586 [140106816109368] DEBUG - NetworkService: Setting up multicast listener on 0.0.0.0:32414
May 10, 2026 00:56:05.586 [140106904787600] DEBUG - NetworkService: Creating new service.
May 10, 2026 00:56:05.586 [140106904787600] DEBUG - NetworkService: Got notification of changed network (first change: 1)
May 10, 2026 00:56:05.586 [140106904787600] DEBUG - NetworkService: Quick dispatch of network change.
May 10, 2026 00:56:05.586 [140106818218808] DEBUG - NetworkInterface: Watching for changes on the interfaces.
May 10, 2026 00:56:05.586 [140106904787600] DEBUG - NetworkService: Creating new service.
May 10, 2026 00:56:05.586 [140106904787600] DEBUG - NetworkService: Got notification of changed network (first change: 1)
May 10, 2026 00:56:05.586 [140106904787600] DEBUG - NetworkService: Quick dispatch of network change.
May 10, 2026 00:56:05.586 [140106904787600] DEBUG - NetworkService: Creating new service.
May 10, 2026 00:56:05.586 [140106816109368] DEBUG - Network change for advertiser.
May 10, 2026 00:56:05.586 [140106816109368] DEBUG - NetworkService: Setting up multicast listener on 0.0.0.0:32410
May 10, 2026 00:56:05.586 [140106904787600] DEBUG - NetworkService: Got notification of changed network (first change: 1)
May 10, 2026 00:56:05.586 [140106904787600] DEBUG - NetworkService: Quick dispatch of network change.
May 10, 2026 00:56:05.586 [140106816109368] DEBUG - Network change for advertiser.
May 10, 2026 00:56:05.586 [140106816109368] DEBUG - NetworkService: Setting up multicast listener on 0.0.0.0:32412
May 10, 2026 00:56:05.586 [140106816109368] DEBUG - NetworkService: Network change for browser (polled=0), closing 0 browse sockets.
May 10, 2026 00:56:05.587 [140106816109368] DEBUG - NetworkService: Setting up multicast listener on 0.0.0.0:32413
May 10, 2026 00:56:05.587 [140106816109368] DEBUG - NetworkService: Browsing on interface 127.0.0.1 on broadcast address 127.255.255.255 (index: 0)
May 10, 2026 00:56:05.587 [140106816109368] DEBUG - NetworkService: Browsing on interface 172.17.0.2 on broadcast address 172.17.255.255 (index: 1)
May 10, 2026 00:56:05.587 [140106816109368] DEBUG - NetworkService: Network change for browser (polled=1), closing 0 browse sockets.
May 10, 2026 00:56:05.587 [140106816109368] DEBUG - NetworkService: Browsing on interface 127.0.0.1 on broadcast address 127.255.255.255 (index: 0)
May 10, 2026 00:56:05.587 [140106816109368] DEBUG - NetworkService: Browsing on interface 172.17.0.2 on broadcast address 172.17.255.255 (index: 1)
May 10, 2026 00:56:05.587 [140106816109368] DEBUG - NetworkService: Network change for browser (polled=0), closing 0 browse sockets.
May 10, 2026 00:56:05.587 [140106816109368] DEBUG - NetworkService: Setting up multicast listener on 0.0.0.0:1901
May 10, 2026 00:56:05.587 [140106816109368] DEBUG - NetworkService: Browsing on interface 172.17.0.2 on broadcast address 239.255.255.250 (index: 0)
May 10, 2026 00:56:05.589 [140106809690936] DEBUG - [ChildProcessMonitor] Plex Tuner Service starting.
May 10, 2026 00:56:05.589 [140106809690936] DEBUG - [ChildProcessMonitor/JobRunner] Job running: "/usr/lib/plexmediaserver/Plex Tuner Service" /usr/lib/plexmediaserver/Resources/Tuner/Private /usr/lib/plexmediaserver/Resources/Tuner/Shared 1.43.1.10611-1e34174b1 32600
May 10, 2026 00:56:05.589 [140106811890488] DEBUG - [HCl#7] HTTP requesting GET https://plex.tv/api/v2/release_channels?X-Plex-Token=xxxxxxxxxxxxxxxxxxxx
May 10, 2026 00:56:05.589 [140106805463864] DEBUG - [DatabaseFixups] Running fix-ups.
May 10, 2026 00:56:05.589 [140106805463864] DEBUG - [DatabaseFixups/31DatabaseFixupsCleanupRetroGames] Executing fixup
May 10, 2026 00:56:05.589 [140106805463864] DEBUG - [DatabaseFixups/31DatabaseFixupsCleanupRetroGames] Fixup completed
May 10, 2026 00:56:05.589 [140106805463864] DEBUG - [DatabaseFixups/39DatabaseFixupsEnsureLibrarySectionUuids] Executing fixup
May 10, 2026 00:56:05.590 [140106801244984] DEBUG - [HCl#8] HTTP requesting GET https://plex.tv/api/v2/user/privacy?X-Plex-Token=xxxxxxxxxxxxxxxxxxxx
May 10, 2026 00:56:05.590 [140106904787600] DEBUG - Waiting for server condition to be signaled.
May 10, 2026 00:56:05.590 [140106799135544] DEBUG - DVR: Starting up.
May 10, 2026 00:56:05.591 [140106796997432] DEBUG - [HCl#9] HTTP requesting GET https://plex.tv/api/v2/features?X-Plex-Token=xxxxxxxxxxxxxxxxxxxx
May 10, 2026 00:56:05.593 [140106799135544] DEBUG - Activity: registered new activity c182cda1-0c79-44c4-9f34-737faff2dc13 - "Processing subscriptions"
May 10, 2026 00:56:05.594 [140106805463864] DEBUG - [DatabaseFixups/39DatabaseFixupsEnsureLibrarySectionUuids] Fixup completed
May 10, 2026 00:56:05.599 [140106805463864] DEBUG - [DatabaseFixups/38DatabaseFixupsEnsureMetadataItemHashes] Executing fixup
May 10, 2026 00:56:05.599 [140106805463864] DEBUG - [DatabaseFixups/38DatabaseFixupsEnsureMetadataItemHashes] Fixup completed
May 10, 2026 00:56:05.599 [140106805463864] DEBUG - [DatabaseFixups/39DatabaseFixupsSetDefaultAccountLanguage] Executing fixup
May 10, 2026 00:56:05.599 [140106805463864] DEBUG - [DatabaseFixups/39DatabaseFixupsSetDefaultAccountLanguage] Fixup completed
May 10, 2026 00:56:05.599 [140106805463864] DEBUG - [DatabaseFixups/52DatabaseFixupsCreateDefaultMediaProcessingTargetTags] Executing fixup
May 10, 2026 00:56:05.600 [140106805463864] DEBUG - [DatabaseFixups/52DatabaseFixupsCreateDefaultMediaProcessingTargetTags] Fixup completed
May 10, 2026 00:56:05.600 [140106805463864] DEBUG - [DatabaseFixups/43DatabaseFixupsUpdateAutomaticLibraryFolders] Executing fixup
May 10, 2026 00:56:05.600 [140106805463864] DEBUG - [DatabaseFixups/43DatabaseFixupsUpdateAutomaticLibraryFolders] Fixup completed
May 10, 2026 00:56:05.600 [140106805463864] DEBUG - [DatabaseFixups/29DatabaseFixupsSyncCollections] Executing fixup
May 10, 2026 00:56:05.600 [140106805463864] DEBUG - [DatabaseFixups/29DatabaseFixupsSyncCollections] Collections: Found 0 collections tags in section 1.
May 10, 2026 00:56:05.600 [140106805463864] DEBUG - [DatabaseFixups/29DatabaseFixupsSyncCollections] Collections: We had 0 collections in the library already.
May 10, 2026 00:56:05.600 [140106805463864] DEBUG - [DatabaseFixups/29DatabaseFixupsSyncCollections] Collections: Synced tags in section 1 in 0ms.
May 10, 2026 00:56:05.594 [140106809690936] DEBUG - [ChildProcessMonitor/JobRunner] Jobs: Starting child process with pid 312
May 10, 2026 00:56:05.603 [140106805463864] DEBUG - [DatabaseFixups/29DatabaseFixupsSyncCollections] Collections: Refreshed attributes for 0 collections in section 1 in 2ms.
May 10, 2026 00:56:05.604 [140106805463864] DEBUG - [DatabaseFixups/29DatabaseFixupsSyncCollections] Collection: Refreshed visibility in section 1 in 0ms.
May 10, 2026 00:56:05.604 [140106805463864] DEBUG - [DatabaseFixups/29DatabaseFixupsSyncCollections] Collections: Found 0 collections tags in section 3.
May 10, 2026 00:56:05.604 [140106805463864] DEBUG - [DatabaseFixups/29DatabaseFixupsSyncCollections] Collections: We had 0 collections in the library already.
May 10, 2026 00:56:05.604 [140106805463864] DEBUG - [DatabaseFixups/29DatabaseFixupsSyncCollections] Collections: Synced tags in section 3 in 0ms.
May 10, 2026 00:56:05.604 [140106805463864] DEBUG - [DatabaseFixups/29DatabaseFixupsSyncCollections] Collections: Found 0 collections tags in section 3.
May 10, 2026 00:56:05.605 [140106805463864] DEBUG - [DatabaseFixups/29DatabaseFixupsSyncCollections] Collections: We had 0 collections in the library already.
May 10, 2026 00:56:05.605 [140106805463864] DEBUG - [DatabaseFixups/29DatabaseFixupsSyncCollections] Collections: Synced tags in section 3 in 0ms.
May 10, 2026 00:56:05.605 [140106805463864] DEBUG - [DatabaseFixups/29DatabaseFixupsSyncCollections] Collections: Found 0 collections tags in section 3.
May 10, 2026 00:56:05.605 [140106805463864] DEBUG - [DatabaseFixups/29DatabaseFixupsSyncCollections] Collections: We had 0 collections in the library already.
May 10, 2026 00:56:05.605 [140106805463864] DEBUG - [DatabaseFixups/29DatabaseFixupsSyncCollections] Collections: Synced tags in section 3 in 0ms.
May 10, 2026 00:56:05.608 [140106805463864] DEBUG - [DatabaseFixups/29DatabaseFixupsSyncCollections] Collections: Refreshed attributes for 0 collections in section 3 in 3ms.
May 10, 2026 00:56:05.609 [140106805463864] DEBUG - [DatabaseFixups/29DatabaseFixupsSyncCollections] Collection: Refreshed visibility in section 3 in 0ms.
May 10, 2026 00:56:05.609 [140106805463864] DEBUG - [DatabaseFixups/29DatabaseFixupsSyncCollections] Collections: Found 0 collections tags in section 4.
May 10, 2026 00:56:05.609 [140106805463864] DEBUG - [DatabaseFixups/29DatabaseFixupsSyncCollections] Collections: We had 0 collections in the library already.
May 10, 2026 00:56:05.610 [140106805463864] DEBUG - [DatabaseFixups/29DatabaseFixupsSyncCollections] Collections: Synced tags in section 4 in 0ms.
May 10, 2026 00:56:05.613 [140106805463864] DEBUG - [DatabaseFixups/29DatabaseFixupsSyncCollections] Collections: Refreshed attributes for 0 collections in section 4 in 3ms.
May 10, 2026 00:56:05.614 [140106805463864] DEBUG - [DatabaseFixups/29DatabaseFixupsSyncCollections] Collection: Refreshed visibility in section 4 in 0ms.
May 10, 2026 00:56:05.614 [140106805463864] DEBUG - [DatabaseFixups/29DatabaseFixupsSyncCollections] Collections: Found 0 collections tags in section 5.
May 10, 2026 00:56:05.615 [140106805463864] DEBUG - [DatabaseFixups/29DatabaseFixupsSyncCollections] Collections: We had 0 collections in the library already.
May 10, 2026 00:56:05.617 [140106805463864] DEBUG - [DatabaseFixups/29DatabaseFixupsSyncCollections] Collections: Synced tags in section 5 in 3ms.
May 10, 2026 00:56:05.617 [140106805463864] DEBUG - [DatabaseFixups/29DatabaseFixupsSyncCollections] Collections: Found 0 collections tags in section 5.
May 10, 2026 00:56:05.617 [140106805463864] DEBUG - [DatabaseFixups/29DatabaseFixupsSyncCollections] Collections: We had 0 collections in the library already.
May 10, 2026 00:56:05.617 [140106805463864] DEBUG - [DatabaseFixups/29DatabaseFixupsSyncCollections] Collections: Synced tags in section 5 in 3ms.
May 10, 2026 00:56:05.617 [140106805463864] DEBUG - [DatabaseFixups/29DatabaseFixupsSyncCollections] Collections: Found 0 collections tags in section 5.
May 10, 2026 00:56:05.617 [140106805463864] DEBUG - [DatabaseFixups/29DatabaseFixupsSyncCollections] Collections: We had 0 collections in the library already.
May 10, 2026 00:56:05.617 [140106805463864] DEBUG - [DatabaseFixups/29DatabaseFixupsSyncCollections] Collections: Synced tags in section 5 in 3ms.
May 10, 2026 00:56:05.620 [140106805463864] DEBUG - [DatabaseFixups/29DatabaseFixupsSyncCollections] Collections: Refreshed attributes for 0 collections in section 5 in 3ms.
May 10, 2026 00:56:05.621 [140106805463864] DEBUG - [DatabaseFixups/29DatabaseFixupsSyncCollections] Collection: Refreshed visibility in section 5 in 0ms.
May 10, 2026 00:56:05.622 [140106805463864] DEBUG - [DatabaseFixups/29DatabaseFixupsSyncCollections] Fixup completed
May 10, 2026 00:56:05.622 [140106805463864] DEBUG - [DatabaseFixups/31DatabaseFixupsCleanupActivities] Executing fixup
May 10, 2026 00:56:05.622 [140106805463864] DEBUG - [DatabaseFixups/31DatabaseFixupsCleanupActivities] Fixup completed
May 10, 2026 00:56:05.622 [140106805463864] DEBUG - [DatabaseFixups/35DatabaseFixupsConsolidatePeopleTags] Executing fixup
May 10, 2026 00:56:05.624 [140106805463864] DEBUG - [DatabaseFixups/35DatabaseFixupsConsolidatePeopleTags] Fixup completed
May 10, 2026 00:56:05.625 [140106805463864] DEBUG - [DatabaseFixups/54DatabaseFixupsGarbageCollectTransientMetadataRelations] Executing fixup
May 10, 2026 00:56:05.625 [140106805463864] DEBUG - [DatabaseFixups/54DatabaseFixupsGarbageCollectTransientMetadataRelations] Fixup completed
May 10, 2026 00:56:05.625 [140106805463864] DEBUG - [DatabaseFixups/48DatabaseFixupsResetCorruptedMetadataItemClusters] Executing fixup
May 10, 2026 00:56:05.626 [140106805463864] DEBUG - [DatabaseFixups/48DatabaseFixupsResetCorruptedMetadataItemClusters] Fixup completed
May 10, 2026 00:56:05.626 [140106805463864] DEBUG - [DatabaseFixups] Running database fix-ups completed in 0.0 seconds.
May 10, 2026 00:56:05.626 [140106794887992] DEBUG - PublicAddressManager: Obtaining public address and mapping port.
May 10, 2026 00:56:05.674 [140106835434296] DEBUG - [HttpClient/HCl#4] HTTP/1.1 (0.1s) 200 response from GET http://127.0.0.1:35643/system/agents
May 10, 2026 00:56:05.674 [140106831215416] DEBUG - [com.plexapp.system] HTTP reply status 200, with 8986 bytes of content.
May 10, 2026 00:56:05.676 [140106831215416] DEBUG - The system knows about 12 agents.
May 10, 2026 00:56:05.676 [140106789878584] DEBUG - Starting plug-in /usr/lib/plexmediaserver/Resources/Plug-ins-1e34174b1/LocalMedia.bundle.
May 10, 2026 00:56:05.676 [140106787769144] DEBUG - Starting plug-in /usr/lib/plexmediaserver/Resources/Plug-ins-1e34174b1/PlexMovie.bundle.
May 10, 2026 00:56:05.676 [140106785659704] DEBUG - Starting plug-in /usr/lib/plexmediaserver/Resources/Plug-ins-1e34174b1/Framework.bundle.
May 10, 2026 00:56:05.677 [140106831215416] DEBUG - Waiting for 16 plug-ins to finish starting.
May 10, 2026 00:56:05.679 [140106787769144] DEBUG - Perfect cache hit, we don't need to start [com.plexapp.agents.imdb] yet.
May 10, 2026 00:56:05.679 [140106787769144] DEBUG - Starting plug-in /usr/lib/plexmediaserver/Resources/Plug-ins-1e34174b1/LastFM.bundle.
May 10, 2026 00:56:05.680 [140106789878584] DEBUG - Perfect cache hit, we don't need to start [com.plexapp.agents.localmedia] yet.
May 10, 2026 00:56:05.680 [140106789878584] DEBUG - Starting plug-in /usr/lib/plexmediaserver/Resources/Plug-ins-1e34174b1/Scanners.bundle.
May 10, 2026 00:56:05.681 [140106785659704] DEBUG - Starting plug-in /usr/lib/plexmediaserver/Resources/Plug-ins-1e34174b1/HTbackdrops.bundle.
May 10, 2026 00:56:05.682 [140106789878584] DEBUG - Starting plug-in /usr/lib/plexmediaserver/Resources/Plug-ins-1e34174b1/PlexThemeMusic.bundle.
May 10, 2026 00:56:05.684 [140106785659704] DEBUG - Perfect cache hit, we don't need to start [com.plexapp.agents.htbackdrops] yet.
May 10, 2026 00:56:05.684 [140106787769144] DEBUG - Perfect cache hit, we don't need to start [com.plexapp.agents.lastfm] yet.
May 10, 2026 00:56:05.684 [140106789878584] DEBUG - Perfect cache hit, we don't need to start [com.plexapp.agents.plexthememusic] yet.
May 10, 2026 00:56:05.685 [140106785659704] DEBUG - Starting plug-in /usr/lib/plexmediaserver/Resources/Plug-ins-1e34174b1/PersonalMedia.bundle.
May 10, 2026 00:56:05.685 [140106787769144] DEBUG - Starting plug-in /usr/lib/plexmediaserver/Resources/Plug-ins-1e34174b1/LyricFind.bundle.
May 10, 2026 00:56:05.685 [140106789878584] DEBUG - Starting plug-in /usr/lib/plexmediaserver/Resources/Plug-ins-1e34174b1/Media-Flags.bundle.
May 10, 2026 00:56:05.688 [140106787769144] DEBUG - Perfect cache hit, we don't need to start [com.plexapp.agents.lyricfind] yet.
May 10, 2026 00:56:05.688 [140106787769144] DEBUG - Starting plug-in /usr/lib/plexmediaserver/Resources/Plug-ins-1e34174b1/Musicbrainz.bundle.
May 10, 2026 00:56:05.688 [140106785659704] DEBUG - Perfect cache hit, we don't need to start [com.plexapp.agents.none] yet.
May 10, 2026 00:56:05.688 [140106785659704] DEBUG - Starting plug-in /usr/lib/plexmediaserver/Resources/Plug-ins-1e34174b1/TheMovieDB.bundle.
May 10, 2026 00:56:05.689 [140106789878584] DEBUG - Starting plug-in /usr/lib/plexmediaserver/Resources/Plug-ins-1e34174b1/WebClient.bundle.
May 10, 2026 00:56:05.690 [140106787769144] DEBUG - Perfect cache hit, we don't need to start [org.musicbrainz.agents.music] yet.
May 10, 2026 00:56:05.691 [140106789878584] DEBUG - Starting plug-in /usr/lib/plexmediaserver/Resources/Plug-ins-1e34174b1/Fanart-TV.bundle.
May 10, 2026 00:56:05.691 [140106785659704] DEBUG - Perfect cache hit, we don't need to start [com.plexapp.agents.themoviedb] yet.
May 10, 2026 00:56:05.691 [140106785659704] DEBUG - Starting plug-in /usr/lib/plexmediaserver/Resources/Plug-ins-1e34174b1/MoviePosterDB.bundle.
May 10, 2026 00:56:05.691 [140106787769144] DEBUG - Starting plug-in /usr/lib/plexmediaserver/Resources/Plug-ins-1e34174b1/TheTVDBv4.bundle.
May 10, 2026 00:56:05.694 [140106789878584] DEBUG - Perfect cache hit, we don't need to start [com.plexapp.agents.fanarttv] yet.
May 10, 2026 00:56:05.695 [140106785659704] DEBUG - Perfect cache hit, we don't need to start [com.plexapp.agents.movieposterdb] yet.
May 10, 2026 00:56:05.696 [140106787769144] DEBUG - Perfect cache hit, we don't need to start [com.plexapp.agents.thetvdb] yet.
May 10, 2026 00:56:05.697 [140106831215416] DEBUG - Starting scheduled updates, every 3600 seconds
May 10, 2026 00:56:05.697 [140106831215416] INFO - Refreshing paths watched by LibraryUpdateManager
May 10, 2026 00:56:05.697 [140106772679480] DEBUG - Downloading document http://127.0.0.1:32400/:/plugins/com.plexapp.agents.imdb/prefs
May 10, 2026 00:56:05.697 [140106831215416] DEBUG - LibraryUpdateManager will start watching /custom_movies
May 10, 2026 00:56:05.697 [140106831215416] DEBUG - LibraryUpdateManager will start watching /custom_tvshows
May 10, 2026 00:56:05.697 [140106831215416] DEBUG - LibraryUpdateManager will start watching /movies
May 10, 2026 00:56:05.697 [140106772679480] DEBUG - Translator: Found locale he
May 10, 2026 00:56:05.697 [140106772679480] DEBUG - Translator: Found locale pl
May 10, 2026 00:56:05.697 [140106772679480] DEBUG - Translator: Found locale hr_HR
May 10, 2026 00:56:05.697 [140106772679480] DEBUG - Translator: Found locale en
May 10, 2026 00:56:05.697 [140106772679480] DEBUG - Translator: Found locale fr
May 10, 2026 00:56:05.697 [140106772679480] DEBUG - Translator: Found locale ar
May 10, 2026 00:56:05.697 [140106772679480] DEBUG - Translator: Found locale ja_JP
May 10, 2026 00:56:05.697 [140106772679480] DEBUG - Translator: Found locale ru
May 10, 2026 00:56:05.697 [140106772679480] DEBUG - Translator: Found locale it
May 10, 2026 00:56:05.697 [140106772679480] DEBUG - Translator: Found locale pt
May 10, 2026 00:56:05.697 [140106772679480] DEBUG - Translator: Found locale no
May 10, 2026 00:56:05.697 [140106772679480] DEBUG - Translator: Found locale et_EE
May 10, 2026 00:56:05.697 [140106772679480] DEBUG - Translator: Found locale nl_BE
May 10, 2026 00:56:05.697 [140106772679480] DEBUG - Translator: Found locale fi
May 10, 2026 00:56:05.697 [140106772679480] DEBUG - Translator: Found locale ro
May 10, 2026 00:56:05.697 [140106772679480] DEBUG - Translator: Found locale de
May 10, 2026 00:56:05.697 [140106772679480] DEBUG - Translator: Found locale sr
May 10, 2026 00:56:05.697 [140106772679480] DEBUG - Translator: Found locale ko
May 10, 2026 00:56:05.697 [140106772679480] DEBUG - Translator: Found locale pt_BR
May 10, 2026 00:56:05.697 [140106772679480] DEBUG - Translator: Found locale cs_CZ
May 10, 2026 00:56:05.697 [140106772679480] DEBUG - Translator: Found locale da
May 10, 2026 00:56:05.697 [140106772679480] DEBUG - Translator: Found locale uk
May 10, 2026 00:56:05.697 [140106772679480] DEBUG - Translator: Found locale nl
May 10, 2026 00:56:05.697 [140106772679480] DEBUG - Translator: Found locale sl
May 10, 2026 00:56:05.697 [140106772679480] DEBUG - Translator: Found locale af
May 10, 2026 00:56:05.697 [140106772679480] DEBUG - Translator: Found locale lt
May 10, 2026 00:56:05.697 [140106772679480] DEBUG - Translator: Found locale zh_CN
May 10, 2026 00:56:05.697 [140106772679480] DEBUG - Translator: Found locale hu_HU
May 10, 2026 00:56:05.697 [140106772679480] DEBUG - Translator: Found locale sk
May 10, 2026 00:56:05.697 [140106772679480] DEBUG - Translator: Found locale es
May 10, 2026 00:56:05.697 [140106772679480] DEBUG - Translator: Found locale hu
May 10, 2026 00:56:05.697 [140106772679480] DEBUG - Translator: Found locale sv
May 10, 2026 00:56:05.698 [140106831215416] DEBUG - LibraryUpdateManager will start watching /tvshows
May 10, 2026 00:56:05.698 [140106831215416] DEBUG - [Notify] Initializing.
May 10, 2026 00:56:05.698 [140106770570040] DEBUG - [Notify] Waiting for inotify notifications...
May 10, 2026 00:56:05.698 [140106831215416] DEBUG - Done waiting for all plug-ins to start.
May 10, 2026 00:56:05.698 [140106831215416] DEBUG - PluginRepository::setStartState: 3, complete
May 10, 2026 00:56:05.699 [140106768386872] DEBUG - [Notify] Now watching "/custom_movies"
May 10, 2026 00:56:05.699 [140106768386872] DEBUG - [Notify] Now watching "/custom_movies/Movie Two (2021)"
May 10, 2026 00:56:05.699 [140106768386872] DEBUG - [Notify] Now watching "/custom_movies/Movie Four (2023)"
May 10, 2026 00:56:05.699 [140106768386872] DEBUG - [Notify] Now watching "/custom_movies/Movie Three (2022)"
May 10, 2026 00:56:05.699 [140106768386872] DEBUG - [Notify] Now watching "/custom_movies/Movie One (2020)"
May 10, 2026 00:56:05.699 [140106768386872] DEBUG - [Notify] Now watching "/custom_tvshows"
May 10, 2026 00:56:05.699 [140106768386872] DEBUG - [Notify] Now watching "/custom_tvshows/Greatest Show Ever (3000)"
May 10, 2026 00:56:05.699 [140106768386872] DEBUG - [Notify] Now watching "/custom_tvshows/Greatest Show Ever (3000)/Season 1"
May 10, 2026 00:56:05.699 [140106768386872] DEBUG - [Notify] Now watching "/movies"
May 10, 2026 00:56:05.699 [140106768386872] DEBUG - [Notify] Now watching "/movies/Elephant Dream {tvdb-16180} {imdb-tt0807840}"
May 10, 2026 00:56:05.699 [140106768386872] DEBUG - [Notify] Now watching "/movies/The Family Plan (2023) {tmdb-1029575} {imdb-tt16431870}"
May 10, 2026 00:56:05.699 [140106768386872] DEBUG - [Notify] Now watching "/movies/Tears Of Steel {tvdb-37711} {imdb-tt2285752}"
May 10, 2026 00:56:05.699 [140106768386872] DEBUG - [Notify] Now watching "/movies/Five Nights at Freddy's (2023) {tmdb-507089} {imdb-tt4589218}"
May 10, 2026 00:56:05.700 [140106768386872] DEBUG - [Notify] Now watching "/movies/Killers of the Flower Moon (2023) {tmdb-466420} {imdb-tt5537002}"
May 10, 2026 00:56:05.700 [140106768386872] DEBUG - [Notify] Now watching "/movies/Big Buck Bunny {tvdb-12352} {imdb-tt1254207}"
May 10, 2026 00:56:05.700 [140106768386872] DEBUG - [Notify] Now watching "/movies/The Hunger Games The Ballad of Songbirds && Snakes (2023) {tmdb-695721} {imdb-tt10545296}"
May 10, 2026 00:56:05.700 [140106768386872] DEBUG - [Notify] Now watching "/tvshows"
May 10, 2026 00:56:05.700 [140106768386872] DEBUG - [Notify] Now watching "/tvshows/Doctor Who (2005) {tvdb-78804} {imdb-tt0436992}"
May 10, 2026 00:56:05.701 [140106768386872] DEBUG - [Notify] Now watching "/tvshows/Doctor Who (2005) {tvdb-78804} {imdb-tt0436992}/Season 1"
May 10, 2026 00:56:05.701 [140106768386872] DEBUG - [Notify] Now watching "/tvshows/My Adventures with Superman {tvdb-403172} {imdb-tt14681924}"
May 10, 2026 00:56:05.701 [140106768386872] DEBUG - [Notify] Now watching "/tvshows/My Adventures with Superman {tvdb-403172} {imdb-tt14681924}/Season 1"
May 10, 2026 00:56:05.701 [140106768386872] DEBUG - [Notify] Now watching "/tvshows/Monarch - Legacy of Monsters {tvdb-422598} {imdb-tt17220216}"
May 10, 2026 00:56:05.702 [140106768386872] DEBUG - [Notify] Now watching "/tvshows/Monarch - Legacy of Monsters {tvdb-422598} {imdb-tt17220216}/Season 1"
May 10, 2026 00:56:05.702 [140106768386872] DEBUG - [Notify] Now watching "/tvshows/ONE PIECE (2023) {tvdb-392276} {imdb-tt11737520}"
May 10, 2026 00:56:05.702 [140106768386872] DEBUG - [Notify] Now watching "/tvshows/ONE PIECE (2023) {tvdb-392276} {imdb-tt11737520}/Season 1"
May 10, 2026 00:56:05.707 [140106772679480] DEBUG - [Req#9] Starting file watcher for com.plexapp.agents.imdb
May 10, 2026 00:56:05.707 [140106772679480] DEBUG - [Req#9] Plugin: setting environment variable: 'PYTHONHOME=/usr/lib/plexmediaserver/Resources/Python'
May 10, 2026 00:56:05.707 [140106772679480] DEBUG - [Req#9] Plugin: setting environment variable: 'PYTHONPATH=/usr/lib/plexmediaserver/Resources/Python/python27.zip:/usr/lib/plexmediaserver/Resources/Python/lib/python2.7/site-packages'
May 10, 2026 00:56:05.708 [140106772679480] DEBUG - [Req#9] Spawned plug-in com.plexapp.agents.imdb with PID 347
May 10, 2026 00:56:05.709 [140106772679480] DEBUG - [Req#9] [com.plexapp.agents.imdb] Sending command: GET /:/prefixes
May 10, 2026 00:56:05.745 [140106835434296] DEBUG - [HttpClient/HCl#7] HTTP/1.1 (0.2s) 200 response from GET https://plex.tv/api/v2/release_channels?X-Plex-Token=xxxxxxxxxxxxxxxxxxxx
May 10, 2026 00:56:05.745 [140106835434296] DEBUG - [HttpClient/HCl#8] HTTP/1.1 (0.2s) 200 response from GET https://plex.tv/api/v2/user/privacy?X-Plex-Token=xxxxxxxxxxxxxxxxxxxx
May 10, 2026 00:56:05.751 [140106835434296] DEBUG - [HttpClient/HCl#6] HTTP/1.1 (0.2s) 200 response from GET https://plex.tv/api/v2/user?includeSubscriptions=1&includeProviders=1 (reused)
May 10, 2026 00:56:05.753 [140106833324856] DEBUG - MyPlex: username is jellyplex_watched, login is jellyplex-watched@luigi311.com, home is 0, no pin
May 10, 2026 00:56:05.753 [140106822564664] DEBUG - [HCl#a] HTTP requesting GET https://plex.tv/api/v2/geoip
May 10, 2026 00:56:05.756 [140106835434296] DEBUG - [HttpClient/HCl#5] HTTP/1.1 (0.2s) 200 response from GET https://v4.plex.tv/pms/:/ip
May 10, 2026 00:56:05.756 [140106897488696] DEBUG - PublicAddressManager: Got public IP from v4.plex.tv: 74.235.142.19
May 10, 2026 00:56:05.760 [140106835434296] DEBUG - [HttpClient/HCl#9] HTTP/1.1 (0.2s) 200 response from GET https://plex.tv/api/v2/features?X-Plex-Token=xxxxxxxxxxxxxxxxxxxx
May 10, 2026 00:56:05.762 [140106796997432] DEBUG - [HCl#b] HTTP requesting GET https://plex.tv/api/v2/server/users/features?filterFeatures[]=b83c8dc9-5a01-4b7a-a7c9-5870c8a6e21b&filterFeatures[]=926bc176-58ca-47da-b8e3-080ed14ea6ba&filterFeatures[]=ea791163-c28d-4b7c-af88-bcc9553b206d&filterFeatures[]=6ab6677b-ad9b-444f-9ca1-b8027d05b3e1&filterFeatures[]=56cd352b-0d47-436d-aced-f20db3508de5
May 10, 2026 00:56:05.768 [140106807573304] DEBUG - [JobRunner] Job running: /usr/lib/plexmediaserver/CrashUploader "--directory=/config/Library/Application Support/Plex Media Server/Crash Reports/1.43.1.10611-1e34174b1" --version=1.43.1.10611-1e34174b1 --platform=Linux --platformVersion=6.17.0-1010-azure --serverUuid=4aa082f4f7d6dd1a83a571d03b236b07794db03c --userId=jellyplex-watched@luigi311.com --sentryUrl=https://o17675.ingest.sentry.io/api/1233455/ --sentryKey=xxxxxxxxxxxxxxxxxxxxxxxxxxxxxxxx --vendor=Docker --model=x86_64 "--device=Docker Container (LinuxServer.io)"
May 10, 2026 00:56:05.770 [140106807573304] DEBUG - [JobRunner] Jobs: Starting child process with pid 348
May 10, 2026 00:56:05.779 [140106900044600] DEBUG - Jobs: '/usr/lib/plexmediaserver/CrashUploader' exit code for process 348 is 0 (success)
May 10, 2026 00:56:05.800 [140106835434296] DEBUG - [HttpClient/HCl#b] HTTP/1.1 (0.0s) 200 response from GET https://plex.tv/api/v2/server/users/features?filterFeatures[]=b83c8dc9-5a01-4b7a-a7c9-5870c8a6e21b&filterFeatures[]=926bc176-58ca-47da-b8e3-080ed14ea6ba&filterFeatures[]=ea791163-c28d-4b7c-af88-bcc9553b206d&filterFeatures[]=6ab6677b-ad9b-444f-9ca1-b8027d05b3e1&filterFeatures[]=56cd352b-0d47-436d-aced-f20db3508de5 (reused)
May 10, 2026 00:56:05.907 [140106835434296] DEBUG - [HttpClient/HCl#a] HTTP/1.1 (0.2s) 200 response from GET https://plex.tv/api/v2/geoip (reused)
May 10, 2026 00:56:05.907 [140106889616184] DEBUG - [EventSourceClient/pubsub/pubsub12.pop.ewr.plex.bz:443] Resolving pubsub12.pop.ewr.plex.bz port 443
May 10, 2026 00:56:05.908 [140106805463864] DEBUG - [HCl#c] HTTP requesting GET https://plex.tv/api/v2/server/webhooks?X-Plex-Token=xxxxxxxxxxxxxxxxxxxx
May 10, 2026 00:56:05.910 [140106822564664] DEBUG - [HCl#e] HTTP requesting GET https://plex.tv/api/v2/user/privacy?X-Plex-Token=xxxxxxxxxxxxxxxxxxxx
May 10, 2026 00:56:05.944 [140106889616184] DEBUG - [EventSourceClient/pubsub/pubsub12.pop.ewr.plex.bz:443] Resolved pubsub12.pop.ewr.plex.bz to 172.104.218.101:443
May 10, 2026 00:56:05.946 [140106835434296] DEBUG - [HttpClient/HCl#e] HTTP/1.1 (0.0s) 200 response from GET https://plex.tv/api/v2/user/privacy?X-Plex-Token=xxxxxxxxxxxxxxxxxxxx (reused)
May 10, 2026 00:56:05.948 [140106822564664] DEBUG - [HCl#f] HTTP requesting GET https://plex.tv/api/v2/release_channels?X-Plex-Token=xxxxxxxxxxxxxxxxxxxx
May 10, 2026 00:56:05.967 [140106835434296] DEBUG - [HttpClient/HCl#f] HTTP/1.1 (0.0s) 200 response from GET https://plex.tv/api/v2/release_channels?X-Plex-Token=xxxxxxxxxxxxxxxxxxxx (reused)
May 10, 2026 00:56:05.968 [140106822564664] DEBUG - [HCl#10] HTTP requesting GET https://plex.tv/api/v2/features?X-Plex-Token=xxxxxxxxxxxxxxxxxxxx
May 10, 2026 00:56:05.971 [140106887506744] DEBUG - [EventSourceClient/pubsub/pubsub12.pop.ewr.plex.bz:443] Connected in 26 ms.
May 10, 2026 00:56:05.971 [140106889616184] DEBUG - [EventSourceClient/pubsub/pubsub12.pop.ewr.plex.bz:443] Wrote data, reading reply.
May 10, 2026 00:56:06.023 [140106889616184] DEBUG - [EventSourceClient/pubsub/pubsub12.pop.ewr.plex.bz:443] Read HTTP reply header.
May 10, 2026 00:56:06.023 [140106889616184] DEBUG - [EventSourceClient/pubsub/pubsub12.pop.ewr.plex.bz:443] MyPlex: We appear to have regained Internet connectivity.
May 10, 2026 00:56:06.083 [140106835434296] DEBUG - [HttpClient/HCl#10] HTTP/1.1 (0.1s) 200 response from GET https://plex.tv/api/v2/features?X-Plex-Token=xxxxxxxxxxxxxxxxxxxx (reused)
May 10, 2026 00:56:06.087 [140106822564664] DEBUG - [HCl#11] HTTP requesting GET https://plex.tv/api/v2/server/users/features?filterFeatures[]=b83c8dc9-5a01-4b7a-a7c9-5870c8a6e21b&filterFeatures[]=926bc176-58ca-47da-b8e3-080ed14ea6ba&filterFeatures[]=ea791163-c28d-4b7c-af88-bcc9553b206d&filterFeatures[]=6ab6677b-ad9b-444f-9ca1-b8027d05b3e1&filterFeatures[]=56cd352b-0d47-436d-aced-f20db3508de5
May 10, 2026 00:56:06.108 [140106889616184] DEBUG - [EventSourceClient/pubsub/pubsub12.pop.ewr.plex.bz:443] PublicAddressManager: Obtaining public address and mapping port.
May 10, 2026 00:56:06.108 [140106889616184] DEBUG - [EventSourceClient/pubsub/pubsub12.pop.ewr.plex.bz:443] MyPlex: async reachability check - current mapped state: 'Not Mapped'.
May 10, 2026 00:56:06.108 [140106889616184] WARN - [EventSourceClient/pubsub/pubsub12.pop.ewr.plex.bz:443] MyPlex: attempted a reachability check but we're not yet mapped.
May 10, 2026 00:56:06.108 [140106889616184] DEBUG - [EventSourceClient/pubsub/pubsub12.pop.ewr.plex.bz:443] Successfully connected to pubsub12.pop.ewr.plex.bz.
May 10, 2026 00:56:06.176 [140106835434296] DEBUG - [HttpClient/HCl#c] HTTP/1.1 (0.3s) 200 response from GET https://plex.tv/api/v2/server/webhooks?X-Plex-Token=xxxxxxxxxxxxxxxxxxxx (reused)
May 10, 2026 00:56:06.179 [140106835434296] DEBUG - [HttpClient/HCl#11] HTTP/1.1 (0.1s) 200 response from GET https://plex.tv/api/v2/server/users/features?filterFeatures[]=b83c8dc9-5a01-4b7a-a7c9-5870c8a6e21b&filterFeatures[]=926bc176-58ca-47da-b8e3-080ed14ea6ba&filterFeatures[]=ea791163-c28d-4b7c-af88-bcc9553b206d&filterFeatures[]=6ab6677b-ad9b-444f-9ca1-b8027d05b3e1&filterFeatures[]=56cd352b-0d47-436d-aced-f20db3508de5 (reused)
May 10, 2026 00:56:06.188 [140106822564664] DEBUG - CERT: Certificate will not expire soon; we'll check again in a week.
May 10, 2026 00:56:06.188 [140106766187320] DEBUG - MyPlex: sendMapping resetting state - previous mapping state: 'Not Mapped'.
May 10, 2026 00:56:06.188 [140106766187320] DEBUG - MyPlex: mapping state set to 'Unknown'.
May 10, 2026 00:56:06.189 [140106822564664] DEBUG - MyPlex: Updating device connections (from timer: 0)
May 10, 2026 00:56:06.189 [140106822564664] DEBUG - [HCl#12] HTTP requesting PUT https://plex.tv/devices/4aa082f4f7d6dd1a83a571d03b236b07794db03c?Connection[][uri]=http://172.17.0.2:32400&httpsEnabled=1&httpsRequired=0&dnsRebindingProtection=0&X-Plex-Token=xxxxxxxxxxxxxxxxxxxx
May 10, 2026 00:56:06.190 [140106766187320] DEBUG - MyPlex: Sending Server Info to myPlex (user=jellyplex-watched@luigi311.com, ip=, port=0)
May 10, 2026 00:56:06.190 [140106766187320] DEBUG - [HCl#13] HTTP requesting POST https://plex.tv/servers.xml?auth_token=xxxxxxxxxxxxxxxxxxxx
May 10, 2026 00:56:06.224 [140106835434296] DEBUG - [HttpClient/HCl#12] HTTP/1.1 (0.0s) 200 response from PUT https://plex.tv/devices/4aa082f4f7d6dd1a83a571d03b236b07794db03c?Connection[][uri]=http://172.17.0.2:32400&httpsEnabled=1&httpsRequired=0&dnsRebindingProtection=0&X-Plex-Token=xxxxxxxxxxxxxxxxxxxx (reused)
May 10, 2026 00:56:06.292 [140106835434296] DEBUG - [HttpClient/HCl#13] HTTP/1.1 (0.1s) 422 response from POST https://plex.tv/servers.xml?auth_token=xxxxxxxxxxxxxxxxxxxx (reused)
May 10, 2026 00:56:06.292 [140106766187320] DEBUG - MyPlex: Published Mapping State response was 422
May 10, 2026 00:56:06.292 [140106766187320] DEBUG - MyPlex: Got response for 4aa082f4f7d6dd1a83a571d03b236b07794db03c ~ registered :0
May 10, 2026 00:56:06.292 [140106766187320] DEBUG - MyPlex: updating mapped state - current state: 'Not Mapped'
May 10, 2026 00:56:06.292 [140106766187320] DEBUG - MyPlex: mapping state set to 'Not Mapped'.
May 10, 2026 00:56:06.506 [140106826996536] DEBUG - Request: [127.0.0.1:55276 (Loopback)] GET /system/messaging/clear_events/com.plexapp.agents.imdb (5 live) #8 GZIP Signed-in Token (jellyplex_watched)
May 10, 2026 00:56:06.506 [140106826996536] DEBUG - [Req#8] [com.plexapp.system] Sending command over HTTP (GET): /system/messaging/clear_events/com.plexapp.agents.imdb
May 10, 2026 00:56:06.506 [140106826996536] DEBUG - [Req#8/HCl#14] HTTP requesting GET http://127.0.0.1:35643/system/messaging/clear_events/com.plexapp.agents.imdb
May 10, 2026 00:56:06.553 [140106835434296] DEBUG - [HttpClient/HCl#14] HTTP/1.1 (0.0s) 200 response from GET http://127.0.0.1:35643/system/messaging/clear_events/com.plexapp.agents.imdb
May 10, 2026 00:56:06.553 [140106826996536] DEBUG - [Req#8] [com.plexapp.system] HTTP reply status 200, with 0 bytes of content.
May 10, 2026 00:56:06.553 [140106887506744] DEBUG - Completed: [127.0.0.1:55276] 200 GET /system/messaging/clear_events/com.plexapp.agents.imdb (5 live) #8 GZIP 47ms 280 bytes
May 10, 2026 00:56:06.638 [140106826996536] DEBUG - Request: [127.0.0.1:55292 (Loopback)] GET /:/plugins/com.plexapp.system/resourceHashes (5 live) #12 GZIP Signed-in Token (jellyplex_watched)
May 10, 2026 00:56:06.638 [140106826996536] DEBUG - [Req#12] [com.plexapp.system] Sending command over HTTP (GET): /:/plugins/com.plexapp.system/resourceHashes
May 10, 2026 00:56:06.638 [140106826996536] DEBUG - [Req#12/HCl#15] HTTP requesting GET http://127.0.0.1:35643/:/plugins/com.plexapp.system/resourceHashes
May 10, 2026 00:56:06.699 [140106831215416] DEBUG - File "/config/Library/Application Support/Plex Media Server/Plug-ins" changed: 2026-05-04 11:13:05 (1777893185) => 2026-05-10 00:56:05 (1778374565).
May 10, 2026 00:56:06.759 [140106835434296] DEBUG - [HttpClient/HCl#15] HTTP/1.1 (0.1s) 404 response from GET http://127.0.0.1:35643/:/plugins/com.plexapp.system/resourceHashes
May 10, 2026 00:56:06.759 [140106826996536] DEBUG - [Req#12] [com.plexapp.system] HTTP reply status 404, with 0 bytes of content.
May 10, 2026 00:56:06.759 [140106887506744] DEBUG - Completed: [127.0.0.1:55292] 404 GET /:/plugins/com.plexapp.system/resourceHashes (5 live) #12 GZIP 121ms 261 bytes
May 10, 2026 00:56:06.771 [140106826996536] DEBUG - Request: [127.0.0.1:55300 (Loopback)] GET /:/plugins/com.plexapp.system/messaging/function/X0J1bmRsZVNlcnZpY2U6QWxsU2VydmljZXM_/Y2VyZWFsMQoxCmxpc3QKMApyMAo_/Y2VyZWFsMQoxCmRpY3QKMApyMAo_ (5 live) #14 GZIP Signed-in Token (jellyplex_watched)
May 10, 2026 00:56:06.796 [140106766187320] DEBUG - Request: [127.0.0.1:55304 (Loopback)] GET / (6 live) #16 GZIP Signed-in Token (jellyplex_watched)
May 10, 2026 00:56:06.798 [140106889616184] DEBUG - Completed: [127.0.0.1:55304] 200 GET / (6 live) #16 GZIP 2ms 4141 bytes
May 10, 2026 00:56:07.286 [140106766187320] DEBUG - Request: [127.0.0.1:55310 (Loopback)] GET /:/plugins/com.plexapp.system/messaging/function/X0FnZW50U2VydmljZTpVcGRhdGVJbmZv/Y2VyZWFsMQoxCmxpc3QKMApyMAo_/Y2VyZWFsMQo3CmRpY3QKbGlzdApkaWN0Cmxpc3QKbGlzdApsaXN0Cmxpc3QKMgpzMjMKY29tLnBsZXhhcHAuYWdlbnRzLmltZGJzMTAKaWRlbnRpZmllcnIxCnMxMAphZ2VudF9pbmZvMQpyMgoxMApyMwpzMTEKbWVkaWFfdHlwZXNyNApzMTIKYWNjZXB0c19mcm9tbnMxNApmYWxsYmFja19hZ2VudHI1CnMxNApjb250cmlidXRlc190b3I2CnM5Cmxhbmd1YWdlc2IxczIwCnBlcnNpc3Rfc3RvcmVkX2ZpbGVzaTAKczcKdmVyc2lvbmIxczE2CnByaW1hcnlfcHJvdmlkZXJiMXM1CnByZWZzczE5ClBsZXggTW92aWUgKExlZ2FjeSlzNApuYW1lMQpzNQpNb3ZpZTEKczI5CmNvbS5wbGV4YXBwLmFnZW50cy5sb2NhbG1lZGlhMQpzMjkKY29tLnBsZXhhcHAuYWdlbnRzLnRoZW1vdmllZGIzMwpzMgplbnMyCnN2czIKZnJzMgplc3MyCm5sczIKZGVzMgppdHMyCmRhczIKYXJzMgpjYXMyCnpoczIKY3NzMgpldHMyCmZpczIKZWxzMgpoZXMyCmhpczIKaHVzMgppZHMyCmphczIKa29zMgpsdnMyCm5vczIKZmFzMgpwbHMyCnB0czIKcm9zMgpydXMyCnNrczIKdGhzMgp0cnMyCnVrczIKdmlyMAo_ (5 live) #17 GZIP Signed-in Token (jellyplex_watched)
May 10, 2026 00:56:07.699 [140106831215416] DEBUG - Scanning for plug-ins in "/usr/lib/plexmediaserver/Resources/Plug-ins-1e34174b1"
May 10, 2026 00:56:07.700 [140106831215416] DEBUG - Scanning for plug-ins in "/config/Library/Application Support/Plex Media Server/Plug-ins"
May 10, 2026 00:56:07.700 [140106831215416] DEBUG - PluginRepository::setStartState: 1, startingSystem
May 10, 2026 00:56:07.700 [140106831215416] DEBUG - PluginRepository::setStartState: 2, startingPlugins
May 10, 2026 00:56:07.700 [140106831215416] DEBUG - Updating the list of agents known by the system.
May 10, 2026 00:56:07.700 [140106831215416] DEBUG - [com.plexapp.system] Sending command over HTTP (GET): /system/agents
May 10, 2026 00:56:07.700 [140106766187320] DEBUG - [Req#17] [com.plexapp.system] Sending command over HTTP (GET): /:/plugins/com.plexapp.system/messaging/function/X0FnZW50U2VydmljZTpVcGRhdGVJbmZv/Y2VyZWFsMQoxCmxpc3QKMApyMAo_/Y2VyZWFsMQo3CmRpY3QKbGlzdApkaWN0Cmxpc3QKbGlzdApsaXN0Cmxpc3QKMgpzMjMKY29tLnBsZXhhcHAuYWdlbnRzLmltZGJzMTAKaWRlbnRpZmllcnIxCnMxMAphZ2VudF9pbmZvMQpyMgoxMApyMwpzMTEKbWVkaWFfdHlwZXNyNApzMTIKYWNjZXB0c19mcm9tbnMxNApmYWxsYmFja19hZ2VudHI1CnMxNApjb250cmlidXRlc190b3I2CnM5Cmxhbmd1YWdlc2IxczIwCnBlcnNpc3Rfc3RvcmVkX2ZpbGVzaTAKczcKdmVyc2lvbmIxczE2CnByaW1hcnlfcHJvdmlkZXJiMXM1CnByZWZzczE5ClBsZXggTW92aWUgKExlZ2FjeSlzNApuYW1lMQpzNQpNb3ZpZTEKczI5CmNvbS5wbGV4YXBwLmFnZW50cy5sb2NhbG1lZGlhMQpzMjkKY29tLnBsZXhhcHAuYWdlbnRzLnRoZW1vdmllZGIzMwpzMgplbnMyCnN2czIKZnJzMgplc3MyCm5sczIKZGVzMgppdHMyCmRhczIKYXJzMgpjYXMyCnpoczIKY3NzMgpldHMyCmZpczIKZWxzMgpoZXMyCmhpczIKaHVzMgppZHMyCmphczIKa29zMgpsdnMyCm5vczIKZmFzMgpwbHMyCnB0czIKcm9zMgpydXMyCnNrczIKdGhzMgp0cnMyCnVrczIKdmlyMAo_
May 10, 2026 00:56:07.701 [140106831215416] DEBUG - [HCl#16] HTTP requesting GET http://127.0.0.1:35643/system/agents
May 10, 2026 00:56:07.701 [140106766187320] DEBUG - [Req#17/HCl#17] HTTP requesting GET http://127.0.0.1:35643/:/plugins/com.plexapp.system/messaging/function/X0FnZW50U2VydmljZTpVcGRhdGVJbmZv/Y2VyZWFsMQoxCmxpc3QKMApyMAo_/Y2VyZWFsMQo3CmRpY3QKbGlzdApkaWN0Cmxpc3QKbGlzdApsaXN0Cmxpc3QKMgpzMjMKY29tLnBsZXhhcHAuYWdlbnRzLmltZGJzMTAKaWRlbnRpZmllcnIxCnMxMAphZ2VudF9pbmZvMQpyMgoxMApyMwpzMTEKbWVkaWFfdHlwZXNyNApzMTIKYWNjZXB0c19mcm9tbnMxNApmYWxsYmFja19hZ2VudHI1CnMxNApjb250cmlidXRlc190b3I2CnM5Cmxhbmd1YWdlc2IxczIwCnBlcnNpc3Rfc3RvcmVkX2ZpbGVzaTAKczcKdmVyc2lvbmIxczE2CnByaW1hcnlfcHJvdmlkZXJiMXM1CnByZWZzczE5ClBsZXggTW92aWUgKExlZ2FjeSlzNApuYW1lMQpzNQpNb3ZpZTEKczI5CmNvbS5wbGV4YXBwLmFnZW50cy5sb2NhbG1lZGlhMQpzMjkKY29tLnBsZXhhcHAuYWdlbnRzLnRoZW1vdmllZGIzMwpzMgplbnMyCnN2czIKZnJzMgplc3MyCm5sczIKZGVzMgppdHMyCmRhczIKYXJzMgpjYXMyCnpoczIKY3NzMgpldHMyCmZpczIKZWxzMgpoZXMyCmhpczIKaHVzMgppZHMyCmphczIKa29zMgpsdnMyCm5vczIKZmFzMgpwbHMyCnB0czIKcm9zMgpydXMyCnNrczIKdGhzMgp0cnMyCnVrczIKdmlyMAo_
May 10, 2026 00:56:07.701 [140106826996536] DEBUG - [Req#14] [com.plexapp.system] Sending command over HTTP (GET): /:/plugins/com.plexapp.system/messaging/function/X0J1bmRsZVNlcnZpY2U6QWxsU2VydmljZXM_/Y2VyZWFsMQoxCmxpc3QKMApyMAo_/Y2VyZWFsMQoxCmRpY3QKMApyMAo_
May 10, 2026 00:56:07.701 [140106826996536] DEBUG - [Req#14/HCl#18] HTTP requesting GET http://127.0.0.1:35643/:/plugins/com.plexapp.system/messaging/function/X0J1bmRsZVNlcnZpY2U6QWxsU2VydmljZXM_/Y2VyZWFsMQoxCmxpc3QKMApyMAo_/Y2VyZWFsMQoxCmRpY3QKMApyMAo_
May 10, 2026 00:56:07.714 [140106835434296] DEBUG - [HttpClient/HCl#18] HTTP/1.1 (0.0s) 200 response from GET http://127.0.0.1:35643/:/plugins/com.plexapp.system/messaging/function/X0J1bmRsZVNlcnZpY2U6QWxsU2VydmljZXM_/Y2VyZWFsMQoxCmxpc3QKMApyMAo_/Y2VyZWFsMQoxCmRpY3QKMApyMAo_
May 10, 2026 00:56:07.714 [140106826996536] DEBUG - [Req#14] [com.plexapp.system] HTTP reply status 200, with 516 bytes of content.
May 10, 2026 00:56:07.715 [140106889616184] DEBUG - Completed: [127.0.0.1:55300] 200 GET /:/plugins/com.plexapp.system/messaging/function/X0J1bmRsZVNlcnZpY2U6QWxsU2VydmljZXM_/Y2VyZWFsMQoxCmxpc3QKMApyMAo_/Y2VyZWFsMQoxCmRpY3QKMApyMAo_ (6 live) #14 GZIP 945ms 746 bytes
May 10, 2026 00:56:07.721 [140106835434296] DEBUG - [HttpClient/HCl#17] HTTP/1.1 (0.0s) 200 response from GET http://127.0.0.1:35643/:/plugins/com.plexapp.system/messaging/function/X0FnZW50U2VydmljZTpVcGRhdGVJbmZv/Y2VyZWFsMQoxCmxpc3QKMApyMAo_/Y2VyZWFsMQo3CmRpY3QKbGlzdApkaWN0Cmxpc3QKbGlzdApsaXN0Cmxpc3QKMgpzMjMKY29tLnBsZXhhcHAuYWdlbnRzLmltZGJzMTAKaWRlbnRpZmllcnIxCnMxMAphZ2VudF9pbmZvMQpyMgoxMApyMwpzMTEKbWVkaWFfdHlwZXNyNApzMTIKYWNjZXB0c19mcm9tbnMxNApmYWxsYmFja19hZ2VudHI1CnMxNApjb250cmlidXRlc190b3I2CnM5Cmxhbmd1YWdlc2IxczIwCnBlcnNpc3Rfc3RvcmVkX2ZpbGVzaTAKczcKdmVyc2lvbmIxczE2CnByaW1hcnlfcHJvdmlkZXJiMXM1CnByZWZzczE5ClBsZXggTW92aWUgKExlZ2FjeSlzNApuYW1lMQpzNQpNb3ZpZTEKczI5CmNvbS5wbGV4YXBwLmFnZW50cy5sb2NhbG1lZGlhMQpzMjkKY29tLnBsZXhhcHAuYWdlbnRzLnRoZW1vdmllZGIzMwpzMgplbnMyCnN2czIKZnJzMgplc3MyCm5sczIKZGVzMgppdHMyCmRhczIKYXJzMgpjYXMyCnpoczIKY3NzMgpldHMyCmZpczIKZWxzMgpoZXMyCmhpczIKaHVzMgppZHMyCmphczIKa29zMgpsdnMyCm5vczIKZmFzMgpwbHMyCnB0czIKcm9zMgpydXMyCnNrczIKdGhzMgp0cnMyCnVrczIKdmlyMAo_
May 10, 2026 00:56:07.721 [140106766187320] DEBUG - [Req#17] [com.plexapp.system] HTTP reply status 200, with 16 bytes of content.
May 10, 2026 00:56:07.721 [140106887506744] DEBUG - Completed: [127.0.0.1:55310] 200 GET /:/plugins/com.plexapp.system/messaging/function/X0FnZW50U2VydmljZTpVcGRhdGVJbmZv/Y2VyZWFsMQoxCmxpc3QKMApyMAo_/Y2VyZWFsMQo3CmRpY3QKbGlzdApkaWN0Cmxpc3QKbGlzdApsaXN0Cmxpc3QKMgpzMjMKY29tLnBsZXhhcHAuYWdlbnRzLmltZGJzMTAKaWRlbnRpZmllcnIxCnMxMAphZ2VudF9pbmZvMQpyMgoxMApyMwpzMTEKbWVkaWFfdHlwZXNyNApzMTIKYWNjZXB0c19mcm9tbnMxNApmYWxsYmFja19hZ2VudHI1CnMxNApjb250cmlidXRlc190b3I2CnM5Cmxhbmd1YWdlc2IxczIwCnBlcnNpc3Rfc3RvcmVkX2ZpbGVzaTAKczcKdmVyc2lvbmIxczE2CnByaW1hcnlfcHJvdmlkZXJiMXM1CnByZWZzczE5ClBsZXggTW92aWUgKExlZ2FjeSlzNApuYW1lMQpzNQpNb3ZpZTEKczI5CmNvbS5wbGV4YXBwLmFnZW50cy5sb2NhbG1lZGlhMQpzMjkKY29tLnBsZXhhcHAuYWdlbnRzLnRoZW1vdmllZGIzMwpzMgplbnMyCnN2czIKZnJzMgplc3MyCm5sczIKZGVzMgppdHMyCmRhczIKYXJzMgpjYXMyCnpoczIKY3NzMgpldHMyCmZpczIKZWxzMgpoZXMyCmhpczIKaHVzMgppZHMyCmphczIKa29zMgpsdnMyCm5vczIKZmFzMgpwbHMyCnB0czIKcm9zMgpydXMyCnNrczIKdGhzMgp0cnMyCnVrczIKdmlyMAo_ (5 live) #17 GZIP 435ms 415 bytes
May 10, 2026 00:56:07.727 [140106772679480] DEBUG - [Req#9] Reading 148 bytes in the body, code is 200
May 10, 2026 00:56:07.727 [140106772679480] DEBUG - [Req#9] [com.plexapp.agents.imdb] Plug-in running on port 46711.
May 10, 2026 00:56:07.728 [140106772679480] DEBUG - [Req#9] Read configuration for [com.plexapp.agents.imdb], had 0 prefixes
May 10, 2026 00:56:07.728 [140106835434296] DEBUG - [HttpClient/HCl#16] HTTP/1.1 (0.0s) 200 response from GET http://127.0.0.1:35643/system/agents
May 10, 2026 00:56:07.728 [140106831215416] DEBUG - [com.plexapp.system] HTTP reply status 200, with 8986 bytes of content.
May 10, 2026 00:56:07.728 [140106772679480] DEBUG - [Req#9] [com.plexapp.agents.imdb] Sending command over HTTP (GET): /:/plugins/com.plexapp.agents.imdb/prefs
May 10, 2026 00:56:07.728 [140106772679480] DEBUG - [Req#9/HCl#19] HTTP requesting GET http://127.0.0.1:46711/:/plugins/com.plexapp.agents.imdb/prefs
May 10, 2026 00:56:07.734 [140106831215416] DEBUG - The system knows about 12 agents.
May 10, 2026 00:56:07.734 [140106831215416] DEBUG - Waiting for 0 plug-ins to finish starting.
May 10, 2026 00:56:07.734 [140106831215416] DEBUG - Done waiting for all plug-ins to start.
May 10, 2026 00:56:07.734 [140106774788920] DEBUG - Downloading document http://127.0.0.1:32400/:/plugins/com.plexapp.agents.imdb/prefs
May 10, 2026 00:56:07.734 [140106831215416] DEBUG - PluginRepository::setStartState: 3, complete
May 10, 2026 00:56:07.734 [140106774788920] DEBUG - [Req#1c] [com.plexapp.agents.imdb] Sending command over HTTP (GET): /:/plugins/com.plexapp.agents.imdb/prefs
May 10, 2026 00:56:07.735 [140106774788920] DEBUG - [Req#1c/HCl#1a] HTTP requesting GET http://127.0.0.1:46711/:/plugins/com.plexapp.agents.imdb/prefs
May 10, 2026 00:56:07.757 [140106835434296] DEBUG - [HttpClient/HCl#19] HTTP/1.1 (0.0s) 200 response from GET http://127.0.0.1:46711/:/plugins/com.plexapp.agents.imdb/prefs
May 10, 2026 00:56:07.757 [140106772679480] DEBUG - [Req#9] [com.plexapp.agents.imdb] HTTP reply status 200, with 2224 bytes of content.
May 10, 2026 00:56:07.758 [140106772679480] DEBUG - Caching document http://127.0.0.1:32400/:/plugins/com.plexapp.agents.imdb/prefs as 6922ae10f8b91723d2a6843c3b95478bdcb03d80
May 10, 2026 00:56:07.758 [140106772679480] DEBUG - IVA: Downloading trailer lists.
May 10, 2026 00:56:07.760 [140106835434296] DEBUG - [HttpClient/HCl#1a] HTTP/1.1 (0.0s) 200 response from GET http://127.0.0.1:46711/:/plugins/com.plexapp.agents.imdb/prefs
May 10, 2026 00:56:07.760 [140106774788920] DEBUG - [Req#1c] [com.plexapp.agents.imdb] HTTP reply status 200, with 2224 bytes of content.
May 10, 2026 00:56:07.760 [140106774788920] DEBUG - Caching document http://127.0.0.1:32400/:/plugins/com.plexapp.agents.imdb/prefs as 6922ae10f8b91723d2a6843c3b95478bdcb03d80
May 10, 2026 00:56:07.761 [140106774788920] DEBUG - IVA: Downloading trailer lists.
May 10, 2026 00:56:07.812 [140106772679480] DEBUG - IVA: Downloaded 33 trailers for source 1.
May 10, 2026 00:56:07.828 [140106774788920] DEBUG - IVA: Downloaded 33 trailers for source 1.
May 10, 2026 00:56:07.834 [140106772679480] DEBUG - IVA: Downloaded 28 trailers for source 2.
May 10, 2026 00:56:07.848 [140106774788920] DEBUG - IVA: Downloaded 28 trailers for source 2.
May 10, 2026 00:56:08.907 [140106768386872] DEBUG - [MediaProviderManager] Refreshing media providers
May 10, 2026 00:56:08.907 [140106768386872] DEBUG - [MediaProviderManager/Response::fetch/HCl#21] HTTP requesting GET https://plex.tv/media/providers
May 10, 2026 00:56:08.963 [140106835434296] DEBUG - [HttpClient/HCl#21] HTTP/1.1 (0.1s) 200 response from GET https://plex.tv/media/providers
May 10, 2026 00:56:08.963 [140106768386872] DEBUG - [MediaProviderManager] discovered cloud provider (Movies & Shows)
May 10, 2026 00:56:08.963 [140106768386872] DEBUG - [MediaProviderManager] discovered cloud provider (Metadata)
May 10, 2026 00:56:08.963 [140106768386872] DEBUG - [MediaProviderManager] loading cloud provider details (Metadata) (alive: 0)
May 10, 2026 00:56:08.963 [140106805463864] DEBUG - [MediaProviderManager/HCl#23] HTTP requesting GET https://vod.provider.plex.tv?includePreferences=1
May 10, 2026 00:56:09.050 [140106835434296] DEBUG - [HttpClient/HCl#23] HTTP/2.0 (0.1s) 200 response from GET https://vod.provider.plex.tv?includePreferences=1
May 10, 2026 00:56:09.051 [140106768386872] DEBUG - [MediaProviderManager] loading cloud provider details (Movies & Shows) (alive: 0)
May 10, 2026 00:56:09.051 [140106768386872] DEBUG - [MediaProviderManager/HCl#25] HTTP requesting GET https://vod.provider.plex.tv?includePreferences=1
May 10, 2026 00:56:09.061 [140106835434296] DEBUG - [HttpClient/HCl#25] HTTP/2.0 (0.0s) 200 response from GET https://vod.provider.plex.tv?includePreferences=1 (reused)
May 10, 2026 00:56:09.062 [140106768386872] DEBUG - [MediaProviderManager] we had 0 cloud providers online, we now have 2
May 10, 2026 00:56:09.062 [140106768386872] DEBUG - [MediaProviderManager] cloud provider (Metadata) is online and available
May 10, 2026 00:56:09.062 [140106768386872] DEBUG - [MediaProviderManager] cloud provider (Movies & Shows) is online and available
May 10, 2026 00:56:09.062 [140106768386872] DEBUG - [MediaProviderManager/MetadataAgentManager] Found media provider for agent provider 'tv.plex.agents.movie' with source URI 'provider://tv.plex.provider.metadata'
May 10, 2026 00:56:09.062 [140106768386872] DEBUG - [MediaProviderManager/MetadataAgentManager] Found media provider for agent provider 'tv.plex.agents.series' with source URI 'provider://tv.plex.provider.metadata'
May 10, 2026 00:56:09.062 [140106768386872] DEBUG - [MediaProviderManager/MetadataAgentManager] Found media provider for agent provider 'tv.plex.agents.music' with source URI 'provider://tv.plex.provider.metadata'
May 10, 2026 00:56:09.062 [140106768386872] DEBUG - [MediaProviderManager/MetadataAgentManager] Found media provider for agent provider 'org.musicbrainz.agents.music' with source URI 'provider://tv.plex.provider.metadata'
May 10, 2026 00:56:09.062 [140106768386872] DEBUG - [MediaProviderManager/MetadataAgentManager] Found media provider for agent provider 'tv.plex.agents.nfo.movie' with source URI 'provider://tv.plex.provider.metadata'
May 10, 2026 00:56:09.062 [140106768386872] DEBUG - [MediaProviderManager/MetadataAgentManager] Found media provider for agent provider 'tv.plex.agents.nfo.series' with source URI 'provider://tv.plex.provider.metadata'
May 10, 2026 00:56:09.063 [140106768386872] DEBUG - [MediaProviderManager] Media provider refresh complete
May 10, 2026 00:56:10.587 [140106816109368] DEBUG - [NSB] NetworkServiceBrowser: SERVER arrived: 127.0.0.1 (JellyPlex-CI)
May 10, 2026 00:56:10.587 [140106816109368] DEBUG - [NSB] Notifying the system bundle an update to server /system/notify/serverUpdated?host=127.0.0.1
May 10, 2026 00:56:10.587 [140106816109368] DEBUG - [NSB] [com.plexapp.system] Sending command over HTTP (GET): /system/notify/serverUpdated?host=127.0.0.1
May 10, 2026 00:56:10.587 [140106816109368] DEBUG - [NSB/HCl#26] HTTP requesting GET http://127.0.0.1:35643/system/notify/serverUpdated?host=127.0.0.1
May 10, 2026 00:56:10.591 [140106826996536] DEBUG - Request: [127.0.0.1:55324 (Loopback)] GET /servers (3 live) #19 GZIP Signed-in Token (jellyplex_watched)
May 10, 2026 00:56:10.591 [140106887506744] DEBUG - Completed: [127.0.0.1:55324] 200 GET /servers (3 live) #19 GZIP 0ms 495 bytes
May 10, 2026 00:56:10.595 [140106835434296] DEBUG - [HttpClient/HCl#26] HTTP/1.1 (0.0s) 200 response from GET http://127.0.0.1:35643/system/notify/serverUpdated?host=127.0.0.1
May 10, 2026 00:56:10.596 [140106816109368] DEBUG - [NSB] [com.plexapp.system] HTTP reply status 200, with 0 bytes of content.
May 10, 2026 00:56:10.908 [140106799135544] DEBUG - [PubsubServerManager/process/HCl#27] HTTP requesting GET https://plex.tv/services/pubsub/servers
May 10, 2026 00:56:10.927 [140106835434296] DEBUG - [HttpClient/HCl#27] HTTP/1.1 (0.0s) 200 response from GET https://plex.tv/services/pubsub/servers (reused)
May 10, 2026 00:56:12.049 [140106799135544] DEBUG - [PubsubServerManager/process] Time to connect to pubsub12.pop.ewr.plex.bz was 22 ms.
May 10, 2026 00:56:12.049 [140106799135544] DEBUG - [PubsubServerManager/process] Time to connect to pubsub03.pop.ewr.plex.bz was 24 ms.
May 10, 2026 00:56:12.049 [140106799135544] DEBUG - [PubsubServerManager/process] Time to connect to pubsub09.pop.atl.plex.bz was 46 ms.
May 10, 2026 00:56:12.049 [140106799135544] DEBUG - [PubsubServerManager/process] Time to connect to pubsub03.pop.yyz.plex.bz was 56 ms.
May 10, 2026 00:56:12.049 [140106799135544] DEBUG - [PubsubServerManager/process] Time to connect to pubsub00.pop.dfw.plex.bz was 99 ms.
May 10, 2026 00:56:12.049 [140106799135544] DEBUG - [PubsubServerManager/process] Time to connect to pubsub03.pop.fmt.plex.bz was 210 ms.
May 10, 2026 00:56:12.049 [140106799135544] DEBUG - [PubsubServerManager/process] Time to connect to pubsub10.pop.lhr.plex.bz was 235 ms.
May 10, 2026 00:56:12.049 [140106799135544] DEBUG - [PubsubServerManager/process] Time to connect to pubsub06.pop.fra.plex.bz was 272 ms.
May 10, 2026 00:56:12.049 [140106799135544] DEBUG - [PubsubServerManager/process] Time to connect to pubsub01.pop.hnd.plex.bz was 469 ms.
May 10, 2026 00:56:12.049 [140106799135544] DEBUG - [PubsubServerManager/process] Time to connect to pubsub05.pop.sin.plex.bz was 663 ms.
May 10, 2026 00:56:12.050 [140106799135544] DEBUG - [PubsubServerManager/process] Updating best ping time for pubsub12.pop.ewr.plex.bz to 22 ms.
May 10, 2026 00:56:13.877 [140106803354424] DEBUG - DVR:Device: Discovering and refreshing all devices.
May 10, 2026 00:56:13.878 [140106803354424] DEBUG - Grabber: HDHomerun discovered 0 compatible devices.
May 10, 2026 00:56:13.878 [140106803354424] DEBUG - [HCl#28] HTTP requesting POST http://127.0.0.1:32600/devices/discover
May 10, 2026 00:56:15.598 [140106772679480] DEBUG - Grabber: Cleaning up orphaned grabs.
May 10, 2026 00:56:15.598 [140106772679480] DEBUG - Grabber: Cleaned up 0 decrepit directories in 0.0 sec.
May 10, 2026 00:56:15.598 [140106772679480] DEBUG - Activity: registered new activity f73d9d66-751f-451d-9fd1-1f53a78ff932 - "Processing subscriptions"
May 10, 2026 00:56:15.598 [140106772679480] DEBUG - Subscription: Scheduling subscriptions.
May 10, 2026 00:56:15.599 [140106772679480] DEBUG - Subscription: Initialized 0 schedulers.
May 10, 2026 00:56:15.599 [140106772679480] DEBUG - Subscription: Starting with 0 grabs, scheduled 0 active ones preemptively.
May 10, 2026 00:56:15.599 [140106772679480] DEBUG - Subscription: Scheduled all subscriptions in 0 ms.
May 10, 2026 00:56:15.599 [140106772679480] DEBUG - Activity: Ended activity f73d9d66-751f-451d-9fd1-1f53a78ff932.
May 10, 2026 00:56:15.599 [140106772679480] DEBUG - Subscription: There are 0 active grabs at the end.
May 10, 2026 00:56:15.599 [140106772679480] DEBUG - Activity: Ended activity c182cda1-0c79-44c4-9f34-737faff2dc13.
May 10, 2026 00:56:15.599 [140106772679480] DEBUG - Subscription: Refreshed all content in 0 ms.
May 10, 2026 00:56:15.908 [140106799135544] DEBUG - [HCl#29] HTTP requesting GET https://plex.tv/api/resources.xml?includeHttps=1&includeRelay=1&auth_token=xxxxxxxxxxxxxxxxxxxx
May 10, 2026 00:56:16.010 [140106835434296] DEBUG - [HttpClient/HCl#29] HTTP/1.1 (0.1s) 200 response from GET https://plex.tv/api/resources.xml?includeHttps=1&includeRelay=1&auth_token=xxxxxxxxxxxxxxxxxxxx (reused)
May 10, 2026 00:56:16.011 [140106799135544] DEBUG - Media Server: Tested all servers in 0.0 seconds.
May 10, 2026 00:56:16.305 [140106835434296] DEBUG - [HttpClient/HCl#28] HTTP/1.1 (2.4s) 200 response from POST http://127.0.0.1:32600/devices/discover
May 10, 2026 00:56:17.593 [140106837543736] DEBUG - NAT: UPnP, didn't find usable IGD.
May 10, 2026 00:56:17.593 [140106837543736] DEBUG - NAT: PMP, attempting mapping.
May 10, 2026 00:56:17.768 [140106897488696] DEBUG - NAT: UPnP, getPublicIP didn't find usable IGD.
May 10, 2026 00:56:17.843 [140106837543736] WARN - NAT: PMP, got an error: Not Supported by gateway.
May 10, 2026 00:56:17.843 [140106837543736] DEBUG - NAT: UPnP, attempting port mapping.
May 10, 2026 00:56:18.018 [140106897488696] WARN - NAT: PMP, got an error: Not Supported by gateway.
May 10, 2026 00:56:18.019 [140106897488696] DEBUG - MyPlex: sendMapping resetting state - previous mapping state: 'Not Mapped'.
May 10, 2026 00:56:18.019 [140106897488696] DEBUG - MyPlex: mapping state set to 'Unknown'.
May 10, 2026 00:56:18.019 [140106897488696] DEBUG - MyPlex: Sending Server Info to myPlex (user=jellyplex-watched@luigi311.com, ip=74.235.142.19, port=0)
May 10, 2026 00:56:18.020 [140106897488696] DEBUG - [HCl#2a] HTTP requesting POST https://plex.tv/servers.xml?auth_token=xxxxxxxxxxxxxxxxxxxx
May 10, 2026 00:56:18.077 [140106835434296] DEBUG - [HttpClient/HCl#2a] HTTP/1.1 (0.1s) 422 response from POST https://plex.tv/servers.xml?auth_token=xxxxxxxxxxxxxxxxxxxx (reused)
May 10, 2026 00:56:18.077 [140106897488696] DEBUG - MyPlex: Published Mapping State response was 422
May 10, 2026 00:56:18.077 [140106897488696] DEBUG - MyPlex: Got response for 4aa082f4f7d6dd1a83a571d03b236b07794db03c ~ registered :0
May 10, 2026 00:56:18.077 [140106897488696] DEBUG - MyPlex: updating mapped state - current state: 'Not Mapped'
May 10, 2026 00:56:18.077 [140106897488696] DEBUG - MyPlex: mapping state set to 'Not Mapped'.
May 10, 2026 00:56:18.077 [140106897488696] DEBUG - MyPlex: Updating device connections (from timer: 0)
May 10, 2026 00:56:18.077 [140106897488696] DEBUG - [HCl#2b] HTTP requesting PUT https://plex.tv/devices/4aa082f4f7d6dd1a83a571d03b236b07794db03c?Connection[][uri]=http://172.17.0.2:32400&httpsEnabled=1&httpsRequired=0&dnsRebindingProtection=0&natLoopbackSupported=0&X-Plex-Token=xxxxxxxxxxxxxxxxxxxx
May 10, 2026 00:56:18.109 [140106835434296] DEBUG - [HttpClient/HCl#2b] HTTP/1.1 (0.0s) 200 response from PUT https://plex.tv/devices/4aa082f4f7d6dd1a83a571d03b236b07794db03c?Connection[][uri]=http://172.17.0.2:32400&httpsEnabled=1&httpsRequired=0&dnsRebindingProtection=0&natLoopbackSupported=0&X-Plex-Token=xxxxxxxxxxxxxxxxxxxx (reused)
May 10, 2026 00:56:29.855 [140106837543736] DEBUG - NAT: UPnP, didn't find usable IGD.
May 10, 2026 00:56:29.855 [140106837543736] DEBUG - PublicAddressManager: Mapping failed.
May 10, 2026 00:56:29.855 [140106837543736] DEBUG - MyPlex: mapping state set to 'Mapped - Not Published'.
May 10, 2026 00:56:29.855 [140106837543736] DEBUG - MyPlex: sendMapping resetting state - previous mapping state: 'Mapped - Not Published'.
May 10, 2026 00:56:29.855 [140106837543736] DEBUG - MyPlex: mapping state set to 'Unknown'.
May 10, 2026 00:56:29.856 [140106837543736] DEBUG - MyPlex: Sending Server Info to myPlex (user=jellyplex-watched@luigi311.com, ip=74.235.142.19, port=0)
May 10, 2026 00:56:29.856 [140106837543736] DEBUG - [HCl#2c] HTTP requesting POST https://plex.tv/servers.xml?auth_token=xxxxxxxxxxxxxxxxxxxx
May 10, 2026 00:56:29.952 [140106835434296] DEBUG - [HttpClient/HCl#2c] HTTP/1.1 (0.1s) 422 response from POST https://plex.tv/servers.xml?auth_token=xxxxxxxxxxxxxxxxxxxx
May 10, 2026 00:56:29.952 [140106837543736] DEBUG - MyPlex: Published Mapping State response was 422
May 10, 2026 00:56:29.952 [140106837543736] DEBUG - MyPlex: Got response for 4aa082f4f7d6dd1a83a571d03b236b07794db03c ~ registered :0
May 10, 2026 00:56:29.952 [140106837543736] DEBUG - MyPlex: updating mapped state - current state: 'Mapped - Not Published'
May 10, 2026 00:56:29.952 [140106837543736] DEBUG - MyPlex: mapping state set to 'Mapped - Publishing'.
May 10, 2026 00:56:29.952 [140106837543736] DEBUG - MyPlex: async reachability check - current mapped state: 'Mapped - Publishing'.
May 10, 2026 00:56:29.952 [140106837543736] DEBUG - MyPlex: Requesting reachability check.
May 10, 2026 00:56:29.952 [140106837543736] DEBUG - [HCl#2d] HTTP requesting PUT https://plex.tv/api/servers/4aa082f4f7d6dd1a83a571d03b236b07794db03c/connectivity?X-Plex-Token=xxxxxxxxxxxxxxxxxxxx&asyncIdentifier=0e754516-fc3a-4e08-afb0-d7b8d301a2ee
May 10, 2026 00:56:29.973 [140106835434296] DEBUG - [HttpClient/HCl#2d] HTTP/1.1 (0.0s) 200 response from PUT https://plex.tv/api/servers/4aa082f4f7d6dd1a83a571d03b236b07794db03c/connectivity?X-Plex-Token=xxxxxxxxxxxxxxxxxxxx&asyncIdentifier=0e754516-fc3a-4e08-afb0-d7b8d301a2ee (reused)
May 10, 2026 00:56:29.974 [140106837543736] DEBUG - MyPlex: Last published value didn't change, we're done.
May 10, 2026 00:56:29.997 [140106887506744] DEBUG - [EventSourceClient/pubsub/pubsub12.pop.ewr.plex.bz:443] EventSource: Got event [data] '<Message address="" port="0" asyncIdentifier="0e754516-fc3a-4e08-afb0-d7b8d301a2ee" connectivity="0" command="notifyConnectivity"/>'
May 10, 2026 00:56:29.997 [140106887506744] DEBUG - [EventSourceClient/pubsub/pubsub12.pop.ewr.plex.bz:443] PubSub: Got notified of reachability for async identifier 0e754516-fc3a-4e08-afb0-d7b8d301a2ee: 0 for :0 (responded in 23 ms)
May 10, 2026 00:56:29.997 [140106887506744] DEBUG - [EventSourceClient/pubsub/pubsub12.pop.ewr.plex.bz:443] MyPlex: reachability check - current mapping state: 'Mapped - Publishing'.
May 10, 2026 00:56:29.997 [140106887506744] DEBUG - [EventSourceClient/pubsub/pubsub12.pop.ewr.plex.bz:443] MyPlex: mapping state set to 'Mapped - Not Published (Not Reachable)'.
May 10, 2026 00:56:33.856 [140106837543736] DEBUG - [HCl#2e] HTTP requesting GET https://plex.tv/api/v2/shared_sources/owned?machineIdentifier=4aa082f4f7d6dd1a83a571d03b236b07794db03c
May 10, 2026 00:56:33.905 [140106835434296] DEBUG - [HttpClient/HCl#2e] HTTP/1.1 (0.0s) 200 response from GET https://plex.tv/api/v2/shared_sources/owned?machineIdentifier=4aa082f4f7d6dd1a83a571d03b236b07794db03c (reused)
May 10, 2026 00:56:33.905 [140106837543736] DEBUG - [HCl#2f] HTTP requesting GET https://plex.tv/api/v2/server/access_tokens?auth_token=xxxxxxxxxxxxxxxxxxxx
May 10, 2026 00:56:33.934 [140106835434296] DEBUG - [HttpClient/HCl#2f] HTTP/1.1 (0.0s) 200 response from GET https://plex.tv/api/v2/server/access_tokens?auth_token=xxxxxxxxxxxxxxxxxxxx (reused)
May 10, 2026 00:56:33.934 [140106837543736] DEBUG - MyPlex: updating with 1 access tokens
May 10, 2026 00:56:33.934 [140106837543736] DEBUG - [HCl#30] HTTP requesting GET https://plex.tv/api/v2/server/users?auth_token=xxxxxxxxxxxxxxxxxxxx
May 10, 2026 00:56:33.982 [140106835434296] DEBUG - [HttpClient/HCl#30] HTTP/1.1 (0.0s) 200 response from GET https://plex.tv/api/v2/server/users?auth_token=xxxxxxxxxxxxxxxxxxxx (reused)
May 10, 2026 00:56:33.982 [140106897488696] DEBUG - [HCl#31] HTTP requesting GET https://plex.tv/api/v2/server/users/subscriptions?auth_token=xxxxxxxxxxxxxxxxxxxx
May 10, 2026 00:56:34.001 [140106835434296] DEBUG - [HttpClient/HCl#31] HTTP/1.1 (0.0s) 200 response from GET https://plex.tv/api/v2/server/users/subscriptions?auth_token=xxxxxxxxxxxxxxxxxxxx (reused)
May 10, 2026 00:56:34.002 [140106897488696] DEBUG - MyPlex: using cached data for request for https://plex.tv/api/v2/server/users/services?auth_token=xxxxxxxxxxxxxxxxxxxx
May 10, 2026 00:56:34.176 [140106900044600] DEBUG - Shutting down with signal 15 (Terminated)
May 10, 2026 00:56:34.176 [140106900044600] DEBUG - Ordered to stop server.
May 10, 2026 00:56:34.176 [140106900044600] DEBUG - [JobRunner] Job running: /usr/lib/plexmediaserver/CrashUploader --sessionStatus=exited --sessionStart=1778374563 --sessionDuration=31 --version=1.43.1.10611-1e34174b1 --userId=jellyplex-watched@luigi311.com --sentryUrl=https://o17675.ingest.sentry.io/api/1233455/ --sentryKey=xxxxxxxxxxxxxxxxxxxxxxxxxxxxxxxx
May 10, 2026 00:56:34.176 [140106900044600] DEBUG - [JobRunner] Jobs: Starting child process with pid 407
May 10, 2026 00:56:34.177 [140106904787600] DEBUG - Stopping server...
May 10, 2026 00:56:34.177 [140106904787600] DEBUG - HttpServer: Stopping server.
May 10, 2026 00:56:34.178 [140106803354424] DEBUG - TranscodeJobManager: [Running] onServerShutdown
May 10, 2026 00:56:34.178 [140106803354424] DEBUG - TranscodeJobManager: [Running] -> [Shutdown]
May 10, 2026 00:56:34.178 [140106799135544] DEBUG - MetadataItemClusterRequestHandler: a shutdown event has been received
May 10, 2026 00:56:34.178 [140106904787600] DEBUG - Server stopped.
May 10, 2026 00:56:34.178 [140106904787600] DEBUG - NetworkService: Stopping advertisement.
May 10, 2026 00:56:34.178 [140106904787600] DEBUG - Killing plug-ins.
May 10, 2026 00:56:34.193 [140106904787600] DEBUG - [com.plexapp.agents.imdb] Killing.
May 10, 2026 00:56:34.196 [140106900044600] WARN - JobManager: Could not find job for handle 347
May 10, 2026 00:56:34.198 [140106904787600] DEBUG - [com.plexapp.system] Killing.
May 10, 2026 00:56:34.201 [140106900044600] WARN - JobManager: Could not find job for handle 248
May 10, 2026 00:56:34.202 [140106904787600] DEBUG - ChildProcessMonitor: Waiting for Plex Tuner Service to exit.
May 10, 2026 00:56:34.202 [140106904787600] DEBUG - [JobRunner] Signalling job ID 312 with 2
May 10, 2026 00:56:34.205 [140106900044600] DEBUG - Jobs: '/usr/lib/plexmediaserver/Plex Tuner Service' exit code for process 312 is 0 (success)
May 10, 2026 00:56:34.205 [140106809690936] DEBUG - [ChildProcessMonitor] Plex Tuner Service exited.
May 10, 2026 00:56:34.205 [140106904787600] DEBUG - Database: Shutting down.
May 10, 2026 00:56:34.212 [140106904787600] DEBUG - Database: Shutting down.
