<SessionReport version="2" startTime="0" startTimestamp="May 28, 2026 17:19:37.425" key="/library/metadata/135" session="81jdezsirpd40cgoplh6xwpy" transcode="55rdxfwl6yrmyr472vcy4aif">
<User id="1" thumb="https://plex.tv/users/9529775b381eead0/avatar?c=1779988165" title="jellyplex_watched" />
<Player address="172.17.0.1" device="Linux" machineIdentifier="hrw6m8bnw0tvu7ly4ueapjl8" model="bundled" platform="Firefox" platformVersion="150.0" playbackId="441d9f9e-b2c7-49b8-8125-fd86835b6172" playbackSessionId="a6fc0b64-08b8-46c3-8d35-29d545323209" product="Plex Web" remotePublicAddress="73.242.236.148" title="Firefox" version="4.159.0" local="1" relayed="0" secure="0" userID="1" />
<Variants>
<Variant id="a213e185-6c1b-4fd6-b666-edebe47ef3ad" targetBitrate="10000000" context="streaming" sourceVideoCodec="h264" videoDecision="copy" protocol="dash" container="mp4" videoCodec="h264" transcodeHwRequested="0" transcodeHwFullPipeline="0">
<Media id="209" videoProfile="high" container="mp4" duration="602000" height="96" optimizedForStreaming="1" protocol="dash" videoCodec="h264" videoResolution="SD" width="128" selected="1">
<Part id="209" videoProfile="high" container="mp4" duration="602000" height="96" optimizedForStreaming="1" protocol="dash" width="128" decision="transcode" selected="1">
<Stream bitDepth="8" bitrate="0" chromaLocation="left" chromaSubsampling="4:2:0" codec="h264" codedHeight="96" codedWidth="128" colorRange="tv" displayTitle="SD" extendedDisplayTitle="SD (H.264)" frameRate="1" hasScalingMatrix="0" height="96" id="365" language="English" languageCode="eng" languageTag="en" level="10" profile="high" refFrames="4" scanType="progressive" selected="1" streamType="1" width="128" decision="copy" location="segments-video" />
</Part>
</Media>
</Variant>
</Variants>
<SegmentList>
<Segment duration="250000" startOffset="0" endOffset="250000">
<File name="chunk-stream0-00001.m4s" type="video">
<FileVariant size="7271" variant="a213e185-6c1b-4fd6-b666-edebe47ef3ad" />
</File>
<Timelines>
<Transcode startTime="13" endTime="20" complete="1" fileType="video" variant="a213e185-6c1b-4fd6-b666-edebe47ef3ad" />
<Download startTime="102" endTime="102" complete="1" fileType="video" variant="a213e185-6c1b-4fd6-b666-edebe47ef3ad" />
</Timelines>
</Segment>
<Segment duration="250000" startOffset="250000" endOffset="500000">
<File name="chunk-stream0-00002.m4s" type="video">
<FileVariant size="6594" variant="a213e185-6c1b-4fd6-b666-edebe47ef3ad" />
</File>
<Timelines>
<Transcode startTime="20" endTime="25" complete="1" fileType="video" variant="a213e185-6c1b-4fd6-b666-edebe47ef3ad" />
<Download startTime="2115" endTime="2116" complete="1" fileType="video" variant="a213e185-6c1b-4fd6-b666-edebe47ef3ad" />
</Timelines>
</Segment>
<Segment duration="102000" startOffset="500000" endOffset="602000">
<File name="chunk-stream0-00003.m4s" type="video">
<FileVariant size="2820" variant="a213e185-6c1b-4fd6-b666-edebe47ef3ad" />
</File>
<Timelines>
<Transcode startTime="25" endTime="28" complete="1" fileType="video" variant="a213e185-6c1b-4fd6-b666-edebe47ef3ad" />
</Timelines>
</Segment>
</SegmentList>
<PlaybackReports>
<Playback startTime="1213" endTime="10151" state="playing" progress="1000" />
<Playback startTime="10151" endTime="20161" state="playing" progress="405000" />
<Playback startTime="20161" endTime="24924" state="playing" progress="415000" />
<Playback startTime="24924" endTime="26371" state="paused" progress="420000" />
<Playback startTime="26371" state="stopped" progress="420000" />
</PlaybackReports>
<StateReports />
<StateReports />
</SessionReport>
