<SessionReport version="2" startTime="0" startTimestamp="Jan 03, 2024 03:15:55.666" key="/library/metadata/26" session="x6mlvvf0j1g6pmggbfgiw3lh" transcode="m396n41uvxw5vzm7ynxpbh25">
<User id="1" thumb="https://plex.tv/users/9529775b381eead0/avatar?c=1704251423" title="jellyplex_watched" />
<Player address="172.17.0.1" device="Linux" machineIdentifier="upurcdbxa4neyp5i22yscl4w" model="bundled" platform="Firefox" platformVersion="120.0" product="Plex Web" remotePublicAddress="174.56.16.213" title="Firefox" version="4.108.0" local="1" relayed="0" secure="0" userID="1" />
<Variants>
<Variant id="8823f356-2910-45a3-902a-41b03de94093" targetBitrate="3" context="streaming" sourceVideoCodec="h264" videoDecision="copy" protocol="dash" container="mp4" videoCodec="h264" transcodeHwRequested="0" transcodeHwFullPipeline="0">
<Media id="16" videoProfile="high" container="mp4" duration="601000" height="96" optimizedForStreaming="1" protocol="dash" videoCodec="h264" videoResolution="SD" width="128" selected="1">
<Part deepAnalysisVersion="6" id="16" requiredBandwidths="2,2,2,2,2,2,2,2" videoProfile="high" container="mp4" duration="601000" height="96" optimizedForStreaming="1" protocol="dash" width="128" decision="transcode" selected="1">
<Stream bitDepth="8" bitrate="0" chromaLocation="left" chromaSubsampling="4:2:0" codec="h264" codedHeight="96" codedWidth="128" displayTitle="SD (H.264)" extendedDisplayTitle="SD (H.264)" frameRate="1" hasScalingMatrix="0" height="96" id="21" level="10" profile="high" refFrames="4" requiredBandwidths="2,2,2,2,2,2,2,2" scanType="progressive" selected="1" streamType="1" width="128" decision="copy" location="segments-video" />
</Part>
</Media>
</Variant>
</Variants>
<SegmentList>
<Segment duration="250000" startOffset="0" endOffset="250000">
<File name="chunk-stream0-00001.m4s" type="video">
<FileVariant size="7271" variant="8823f356-2910-45a3-902a-41b03de94093" />
</File>
<Timelines>
<Transcode startTime="7" endTime="8" complete="1" fileType="video" variant="8823f356-2910-45a3-902a-41b03de94093" />
<Download startTime="45" endTime="46" complete="1" fileType="video" variant="8823f356-2910-45a3-902a-41b03de94093">
<Pause type="segmentWait" startTime="45" endTime="46" />
</Download>
</Timelines>
</Segment>
<Segment duration="250000" startOffset="250000" endOffset="500000">
<File name="chunk-stream0-00002.m4s" type="video">
<FileVariant size="6594" variant="8823f356-2910-45a3-902a-41b03de94093" />
</File>
<Timelines>
<Transcode startTime="8" endTime="9" complete="1" fileType="video" variant="8823f356-2910-45a3-902a-41b03de94093" />
<Download startTime="3054" endTime="3054" complete="1" fileType="video" variant="8823f356-2910-45a3-902a-41b03de94093" />
</Timelines>
</Segment>
<Segment duration="101000" startOffset="500000" endOffset="601000">
<File name="chunk-stream0-00003.m4s" type="video">
<FileVariant size="2789" variant="8823f356-2910-45a3-902a-41b03de94093" />
</File>
<Timelines>
<Transcode startTime="9" endTime="10" complete="1" fileType="video" variant="8823f356-2910-45a3-902a-41b03de94093" />
</Timelines>
</Segment>
</SegmentList>
<PlaybackReports>
<Playback startTime="1117" endTime="4241" state="playing" progress="1000" />
<Playback startTime="4241" state="stopped" progress="251000" />
</PlaybackReports>
<StateReports />
<StateReports />
</SessionReport>
